[0.037s] Invoking command in '/home/ri-one/ri_one_master_ws/build/ecl_converters_lite': AMENT_PREFIX_PATH=/home/ri-one/ri_one_master_ws/install/ecl_config:${AMENT_PREFIX_PATH} CMAKE_PREFIX_PATH=/home/ri-one/ri_one_master_ws/install/ecl_config:/opt/ros/humble PATH=/home/ri-one/ri_one_master_ws/install/ecl_config/bin:${PATH} /usr/bin/cmake --build /home/ri-one/ri_one_master_ws/build/ecl_converters_lite -- -j4 -l4
[0.250s] [ 33%] Built target gtest_main
[0.255s] [ 66%] Built target gtest
[0.381s] [100%] Built target test_byte_array
[0.421s] Invoked command in '/home/ri-one/ri_one_master_ws/build/ecl_converters_lite' returned '0': AMENT_PREFIX_PATH=/home/ri-one/ri_one_master_ws/install/ecl_config:${AMENT_PREFIX_PATH} CMAKE_PREFIX_PATH=/home/ri-one/ri_one_master_ws/install/ecl_config:/opt/ros/humble PATH=/home/ri-one/ri_one_master_ws/install/ecl_config/bin:${PATH} /usr/bin/cmake --build /home/ri-one/ri_one_master_ws/build/ecl_converters_lite -- -j4 -l4
[0.431s] Invoking command in '/home/ri-one/ri_one_master_ws/build/ecl_converters_lite': AMENT_PREFIX_PATH=/home/ri-one/ri_one_master_ws/install/ecl_config:${AMENT_PREFIX_PATH} CMAKE_PREFIX_PATH=/home/ri-one/ri_one_master_ws/install/ecl_config:/opt/ros/humble PATH=/home/ri-one/ri_one_master_ws/install/ecl_config/bin:${PATH} /usr/bin/cmake --install /home/ri-one/ri_one_master_ws/build/ecl_converters_lite
[0.458s] -- Install configuration: ""
[0.459s] -- Execute custom install script
[0.460s] -- Up-to-date symlink: /home/ri-one/ri_one_master_ws/install/ecl_converters_lite/include/ecl/converters_lite/byte_array.hpp
[0.461s] -- Up-to-date symlink: /home/ri-one/ri_one_master_ws/install/ecl_converters_lite/include/ecl/converters_lite.hpp
[0.462s] -- Up-to-date symlink: /home/ri-one/ri_one_master_ws/install/ecl_converters_lite/share/ament_index/resource_index/package_run_dependencies/ecl_converters_lite
[0.467s] -- Up-to-date symlink: /home/ri-one/ri_one_master_ws/install/ecl_converters_lite/share/ament_index/resource_index/parent_prefix_path/ecl_converters_lite
[0.468s] -- Up-to-date symlink: /home/ri-one/ri_one_master_ws/install/ecl_converters_lite/share/ecl_converters_lite/environment/ament_prefix_path.sh
[0.470s] -- Up-to-date symlink: /home/ri-one/ri_one_master_ws/install/ecl_converters_lite/share/ecl_converters_lite/environment/ament_prefix_path.dsv
[0.472s] -- Up-to-date symlink: /home/ri-one/ri_one_master_ws/install/ecl_converters_lite/share/ecl_converters_lite/environment/path.sh
[0.475s] -- Up-to-date symlink: /home/ri-one/ri_one_master_ws/install/ecl_converters_lite/share/ecl_converters_lite/environment/path.dsv
[0.477s] -- Up-to-date symlink: /home/ri-one/ri_one_master_ws/install/ecl_converters_lite/share/ecl_converters_lite/local_setup.bash
[0.478s] -- Up-to-date symlink: /home/ri-one/ri_one_master_ws/install/ecl_converters_lite/share/ecl_converters_lite/local_setup.sh
[0.479s] -- Up-to-date symlink: /home/ri-one/ri_one_master_ws/install/ecl_converters_lite/share/ecl_converters_lite/local_setup.zsh
[0.480s] -- Up-to-date symlink: /home/ri-one/ri_one_master_ws/install/ecl_converters_lite/share/ecl_converters_lite/local_setup.dsv
[0.480s] -- Symlinking: /home/ri-one/ri_one_master_ws/install/ecl_converters_lite/share/ecl_converters_lite/package.dsv
[0.522s] -- Up-to-date symlink: /home/ri-one/ri_one_master_ws/install/ecl_converters_lite/share/ament_index/resource_index/packages/ecl_converters_lite
[0.525s] -- Up-to-date symlink: /home/ri-one/ri_one_master_ws/install/ecl_converters_lite/share/ecl_converters_lite/cmake/ament_cmake_export_targets-extras.cmake
[0.526s] -- Up-to-date symlink: /home/ri-one/ri_one_master_ws/install/ecl_converters_lite/share/ecl_converters_lite/cmake/ament_cmake_export_include_directories-extras.cmake
[0.531s] -- Up-to-date symlink: /home/ri-one/ri_one_master_ws/install/ecl_converters_lite/share/ecl_converters_lite/cmake/ament_cmake_export_dependencies-extras.cmake
[0.535s] -- Up-to-date symlink: /home/ri-one/ri_one_master_ws/install/ecl_converters_lite/share/ecl_converters_lite/cmake/ecl_converters_liteConfig.cmake
[0.535s] -- Up-to-date symlink: /home/ri-one/ri_one_master_ws/install/ecl_converters_lite/share/ecl_converters_lite/cmake/ecl_converters_liteConfig-version.cmake
[0.541s] -- Up-to-date symlink: /home/ri-one/ri_one_master_ws/install/ecl_converters_lite/share/ecl_converters_lite/package.xml
[0.541s] -- Up-to-date: /home/ri-one/ri_one_master_ws/install/ecl_converters_lite/share/ecl_converters_lite/cmake/ecl_converters_liteExport.cmake
[0.551s] Invoked command in '/home/ri-one/ri_one_master_ws/build/ecl_converters_lite' returned '0': AMENT_PREFIX_PATH=/home/ri-one/ri_one_master_ws/install/ecl_config:${AMENT_PREFIX_PATH} CMAKE_PREFIX_PATH=/home/ri-one/ri_one_master_ws/install/ecl_config:/opt/ros/humble PATH=/home/ri-one/ri_one_master_ws/install/ecl_config/bin:${PATH} /usr/bin/cmake --install /home/ri-one/ri_one_master_ws/build/ecl_converters_lite
