[0.031s] Invoking command in '/home/ri-one/ri_one_master_ws/build/ros2_kinect_led': CMAKE_PREFIX_PATH=${CMAKE_PREFIX_PATH}:/home/ri-one/ri_one_master_ws/install/ros2_tests:/home/ri-one/ri_one_master_ws/install/realsense_vision:/home/ri-one/ri_one_master_ws/install/realsense2_ros_mqtt_bridge:/home/ri-one/ri_one_master_ws/install/gesture_to_motion:/home/ri-one/ri_one_master_ws/install/gesture_detection:/home/ri-one/ri_one_master_ws/install/ecl_filesystem:/opt/ros/humble /usr/bin/cmake --build /home/ri-one/ri_one_master_ws/build/ros2_kinect_led -- -j4 -l4
[0.191s] [100%] Built target ros2_kinect_led_node
[0.229s] Invoked command in '/home/ri-one/ri_one_master_ws/build/ros2_kinect_led' returned '0': CMAKE_PREFIX_PATH=${CMAKE_PREFIX_PATH}:/home/ri-one/ri_one_master_ws/install/ros2_tests:/home/ri-one/ri_one_master_ws/install/realsense_vision:/home/ri-one/ri_one_master_ws/install/realsense2_ros_mqtt_bridge:/home/ri-one/ri_one_master_ws/install/gesture_to_motion:/home/ri-one/ri_one_master_ws/install/gesture_detection:/home/ri-one/ri_one_master_ws/install/ecl_filesystem:/opt/ros/humble /usr/bin/cmake --build /home/ri-one/ri_one_master_ws/build/ros2_kinect_led -- -j4 -l4
[0.230s] Invoking command in '/home/ri-one/ri_one_master_ws/build/ros2_kinect_led': CMAKE_PREFIX_PATH=${CMAKE_PREFIX_PATH}:/home/ri-one/ri_one_master_ws/install/ros2_tests:/home/ri-one/ri_one_master_ws/install/realsense_vision:/home/ri-one/ri_one_master_ws/install/realsense2_ros_mqtt_bridge:/home/ri-one/ri_one_master_ws/install/gesture_to_motion:/home/ri-one/ri_one_master_ws/install/gesture_detection:/home/ri-one/ri_one_master_ws/install/ecl_filesystem:/opt/ros/humble /usr/bin/cmake --install /home/ri-one/ri_one_master_ws/build/ros2_kinect_led
[0.263s] -- Install configuration: ""
[0.263s] -- Execute custom install script
[0.263s] -- Up-to-date symlink: /home/ri-one/ri_one_master_ws/install/ros2_kinect_led/lib/ros2_kinect_led/ros2_kinect_led_node
[0.265s] -- Up-to-date symlink: /home/ri-one/ri_one_master_ws/install/ros2_kinect_led/share/ament_index/resource_index/package_run_dependencies/ros2_kinect_led
[0.267s] -- Up-to-date symlink: /home/ri-one/ri_one_master_ws/install/ros2_kinect_led/share/ament_index/resource_index/parent_prefix_path/ros2_kinect_led
[0.270s] -- Up-to-date symlink: /home/ri-one/ri_one_master_ws/install/ros2_kinect_led/share/ros2_kinect_led/environment/ament_prefix_path.sh
[0.271s] -- Up-to-date symlink: /home/ri-one/ri_one_master_ws/install/ros2_kinect_led/share/ros2_kinect_led/environment/ament_prefix_path.dsv
[0.271s] -- Up-to-date symlink: /home/ri-one/ri_one_master_ws/install/ros2_kinect_led/share/ros2_kinect_led/environment/path.sh
[0.271s] -- Up-to-date symlink: /home/ri-one/ri_one_master_ws/install/ros2_kinect_led/share/ros2_kinect_led/environment/path.dsv
[0.271s] -- Up-to-date symlink: /home/ri-one/ri_one_master_ws/install/ros2_kinect_led/share/ros2_kinect_led/local_setup.bash
[0.271s] -- Up-to-date symlink: /home/ri-one/ri_one_master_ws/install/ros2_kinect_led/share/ros2_kinect_led/local_setup.sh
[0.273s] -- Up-to-date symlink: /home/ri-one/ri_one_master_ws/install/ros2_kinect_led/share/ros2_kinect_led/local_setup.zsh
[0.275s] -- Up-to-date symlink: /home/ri-one/ri_one_master_ws/install/ros2_kinect_led/share/ros2_kinect_led/local_setup.dsv
[0.275s] -- Symlinking: /home/ri-one/ri_one_master_ws/install/ros2_kinect_led/share/ros2_kinect_led/package.dsv
[0.302s] -- Up-to-date symlink: /home/ri-one/ri_one_master_ws/install/ros2_kinect_led/share/ament_index/resource_index/packages/ros2_kinect_led
[0.304s] -- Up-to-date symlink: /home/ri-one/ri_one_master_ws/install/ros2_kinect_led/share/ros2_kinect_led/cmake/ros2_kinect_ledConfig.cmake
[0.305s] -- Up-to-date symlink: /home/ri-one/ri_one_master_ws/install/ros2_kinect_led/share/ros2_kinect_led/cmake/ros2_kinect_ledConfig-version.cmake
[0.308s] -- Up-to-date symlink: /home/ri-one/ri_one_master_ws/install/ros2_kinect_led/share/ros2_kinect_led/package.xml
[0.314s] Invoked command in '/home/ri-one/ri_one_master_ws/build/ros2_kinect_led' returned '0': CMAKE_PREFIX_PATH=${CMAKE_PREFIX_PATH}:/home/ri-one/ri_one_master_ws/install/ros2_tests:/home/ri-one/ri_one_master_ws/install/realsense_vision:/home/ri-one/ri_one_master_ws/install/realsense2_ros_mqtt_bridge:/home/ri-one/ri_one_master_ws/install/gesture_to_motion:/home/ri-one/ri_one_master_ws/install/gesture_detection:/home/ri-one/ri_one_master_ws/install/ecl_filesystem:/opt/ros/humble /usr/bin/cmake --install /home/ri-one/ri_one_master_ws/build/ros2_kinect_led
