[0.153s] Invoking command in '/home/ri-one/ri_one_master_ws/build/ecl_threads': AMENT_PREFIX_PATH=/home/ri-one/ri_one_master_ws/install/ecl_utilities:/home/ri-one/ri_one_master_ws/install/ecl_time:/home/ri-one/ri_one_master_ws/install/ecl_time_lite:/home/ri-one/ri_one_master_ws/install/ecl_exceptions:/home/ri-one/ri_one_master_ws/install/ecl_concepts:/home/ri-one/ri_one_master_ws/install/ecl_type_traits:/home/ri-one/ri_one_master_ws/install/ecl_errors:/home/ri-one/ri_one_master_ws/install/ecl_mpl:/home/ri-one/ri_one_master_ws/install/ecl_config:${AMENT_PREFIX_PATH} CMAKE_PREFIX_PATH=/home/ri-one/ri_one_master_ws/install/ecl_utilities:/home/ri-one/ri_one_master_ws/install/ecl_time:/home/ri-one/ri_one_master_ws/install/ecl_time_lite:/home/ri-one/ri_one_master_ws/install/ecl_exceptions:/home/ri-one/ri_one_master_ws/install/ecl_concepts:/home/ri-one/ri_one_master_ws/install/ecl_type_traits:/home/ri-one/ri_one_master_ws/install/ecl_errors:/home/ri-one/ri_one_master_ws/install/ecl_mpl:/home/ri-one/ri_one_master_ws/install/ecl_config:/opt/ros/humble LD_LIBRARY_PATH=/home/ri-one/ri_one_master_ws/install/ecl_time/lib:/home/ri-one/ri_one_master_ws/install/ecl_time_lite/lib:/home/ri-one/ri_one_master_ws/install/ecl_exceptions/lib:/home/ri-one/ri_one_master_ws/install/ecl_type_traits/lib:/home/ri-one/ri_one_master_ws/install/ecl_errors/lib:${LD_LIBRARY_PATH} PATH=/home/ri-one/ri_one_master_ws/install/ecl_type_traits/bin:/home/ri-one/ri_one_master_ws/install/ecl_config/bin:${PATH} /usr/bin/cmake --build /home/ri-one/ri_one_master_ws/build/ecl_threads -- -j4 -l4
[0.431s] [ 30%] Built target ecl_threads
[0.431s] [ 39%] Built target gtest
[0.437s] [ 47%] Built target gtest_main
[0.573s] [ 56%] Built target ecl_test_mutex
[0.577s] [ 65%] Built target ecl_demo_mutex
[0.590s] [ 73%] Built target ecl_demo_thread
[0.601s] [ 82%] Built target ecl_test_priorities
[0.686s] [ 91%] Built target ecl_test_threadable
[0.728s] [100%] Built target ecl_test_threads
[0.773s] Invoked command in '/home/ri-one/ri_one_master_ws/build/ecl_threads' returned '0': AMENT_PREFIX_PATH=/home/ri-one/ri_one_master_ws/install/ecl_utilities:/home/ri-one/ri_one_master_ws/install/ecl_time:/home/ri-one/ri_one_master_ws/install/ecl_time_lite:/home/ri-one/ri_one_master_ws/install/ecl_exceptions:/home/ri-one/ri_one_master_ws/install/ecl_concepts:/home/ri-one/ri_one_master_ws/install/ecl_type_traits:/home/ri-one/ri_one_master_ws/install/ecl_errors:/home/ri-one/ri_one_master_ws/install/ecl_mpl:/home/ri-one/ri_one_master_ws/install/ecl_config:${AMENT_PREFIX_PATH} CMAKE_PREFIX_PATH=/home/ri-one/ri_one_master_ws/install/ecl_utilities:/home/ri-one/ri_one_master_ws/install/ecl_time:/home/ri-one/ri_one_master_ws/install/ecl_time_lite:/home/ri-one/ri_one_master_ws/install/ecl_exceptions:/home/ri-one/ri_one_master_ws/install/ecl_concepts:/home/ri-one/ri_one_master_ws/install/ecl_type_traits:/home/ri-one/ri_one_master_ws/install/ecl_errors:/home/ri-one/ri_one_master_ws/install/ecl_mpl:/home/ri-one/ri_one_master_ws/install/ecl_config:/opt/ros/humble LD_LIBRARY_PATH=/home/ri-one/ri_one_master_ws/install/ecl_time/lib:/home/ri-one/ri_one_master_ws/install/ecl_time_lite/lib:/home/ri-one/ri_one_master_ws/install/ecl_exceptions/lib:/home/ri-one/ri_one_master_ws/install/ecl_type_traits/lib:/home/ri-one/ri_one_master_ws/install/ecl_errors/lib:${LD_LIBRARY_PATH} PATH=/home/ri-one/ri_one_master_ws/install/ecl_type_traits/bin:/home/ri-one/ri_one_master_ws/install/ecl_config/bin:${PATH} /usr/bin/cmake --build /home/ri-one/ri_one_master_ws/build/ecl_threads -- -j4 -l4
[0.782s] Invoking command in '/home/ri-one/ri_one_master_ws/build/ecl_threads': AMENT_PREFIX_PATH=/home/ri-one/ri_one_master_ws/install/ecl_utilities:/home/ri-one/ri_one_master_ws/install/ecl_time:/home/ri-one/ri_one_master_ws/install/ecl_time_lite:/home/ri-one/ri_one_master_ws/install/ecl_exceptions:/home/ri-one/ri_one_master_ws/install/ecl_concepts:/home/ri-one/ri_one_master_ws/install/ecl_type_traits:/home/ri-one/ri_one_master_ws/install/ecl_errors:/home/ri-one/ri_one_master_ws/install/ecl_mpl:/home/ri-one/ri_one_master_ws/install/ecl_config:${AMENT_PREFIX_PATH} CMAKE_PREFIX_PATH=/home/ri-one/ri_one_master_ws/install/ecl_utilities:/home/ri-one/ri_one_master_ws/install/ecl_time:/home/ri-one/ri_one_master_ws/install/ecl_time_lite:/home/ri-one/ri_one_master_ws/install/ecl_exceptions:/home/ri-one/ri_one_master_ws/install/ecl_concepts:/home/ri-one/ri_one_master_ws/install/ecl_type_traits:/home/ri-one/ri_one_master_ws/install/ecl_errors:/home/ri-one/ri_one_master_ws/install/ecl_mpl:/home/ri-one/ri_one_master_ws/install/ecl_config:/opt/ros/humble LD_LIBRARY_PATH=/home/ri-one/ri_one_master_ws/install/ecl_time/lib:/home/ri-one/ri_one_master_ws/install/ecl_time_lite/lib:/home/ri-one/ri_one_master_ws/install/ecl_exceptions/lib:/home/ri-one/ri_one_master_ws/install/ecl_type_traits/lib:/home/ri-one/ri_one_master_ws/install/ecl_errors/lib:${LD_LIBRARY_PATH} PATH=/home/ri-one/ri_one_master_ws/install/ecl_type_traits/bin:/home/ri-one/ri_one_master_ws/install/ecl_config/bin:${PATH} /usr/bin/cmake --install /home/ri-one/ri_one_master_ws/build/ecl_threads
[0.829s] -- Install configuration: ""
[0.829s] -- Execute custom install script
[0.829s] -- Up-to-date symlink: /home/ri-one/ri_one_master_ws/install/ecl_threads/include/ecl/threads/macros.hpp
[0.829s] -- Up-to-date symlink: /home/ri-one/ri_one_master_ws/install/ecl_threads/include/ecl/threads/mutex.hpp
[0.829s] -- Up-to-date symlink: /home/ri-one/ri_one_master_ws/install/ecl_threads/include/ecl/threads/mutex_pos.hpp
[0.829s] -- Up-to-date symlink: /home/ri-one/ri_one_master_ws/install/ecl_threads/include/ecl/threads/mutex_w32.hpp
[0.836s] -- Up-to-date symlink: /home/ri-one/ri_one_master_ws/install/ecl_threads/include/ecl/threads/priority.hpp
[0.836s] -- Up-to-date symlink: /home/ri-one/ri_one_master_ws/install/ecl_threads/include/ecl/threads/priority_common.hpp
[0.836s] -- Up-to-date symlink: /home/ri-one/ri_one_master_ws/install/ecl_threads/include/ecl/threads/priority_pos.hpp
[0.842s] -- Up-to-date symlink: /home/ri-one/ri_one_master_ws/install/ecl_threads/include/ecl/threads/priority_win.hpp
[0.842s] -- Up-to-date symlink: /home/ri-one/ri_one_master_ws/install/ecl_threads/include/ecl/threads/thread.hpp
[0.842s] -- Up-to-date symlink: /home/ri-one/ri_one_master_ws/install/ecl_threads/include/ecl/threads/thread_exceptions_pos.hpp
[0.845s] -- Up-to-date symlink: /home/ri-one/ri_one_master_ws/install/ecl_threads/include/ecl/threads/thread_pos.hpp
[0.845s] -- Up-to-date symlink: /home/ri-one/ri_one_master_ws/install/ecl_threads/include/ecl/threads/thread_win.hpp
[0.845s] -- Up-to-date symlink: /home/ri-one/ri_one_master_ws/install/ecl_threads/include/ecl/threads/threadable.hpp
[0.845s] -- Up-to-date symlink: /home/ri-one/ri_one_master_ws/install/ecl_threads/include/ecl/threads.hpp
[0.848s] -- Up-to-date symlink: /home/ri-one/ri_one_master_ws/install/ecl_threads/lib/ecl_threads/demo_thread
[0.850s] -- Up-to-date symlink: /home/ri-one/ri_one_master_ws/install/ecl_threads/lib/ecl_threads/demo_mutex
[0.850s] -- Up-to-date symlink: /home/ri-one/ri_one_master_ws/install/ecl_threads/share/ecl_threads/environment/library_path.sh
[0.857s] -- Up-to-date symlink: /home/ri-one/ri_one_master_ws/install/ecl_threads/share/ecl_threads/environment/library_path.dsv
[0.858s] -- Up-to-date symlink: /home/ri-one/ri_one_master_ws/install/ecl_threads/share/ament_index/resource_index/package_run_dependencies/ecl_threads
[0.861s] -- Up-to-date symlink: /home/ri-one/ri_one_master_ws/install/ecl_threads/share/ament_index/resource_index/parent_prefix_path/ecl_threads
[0.861s] -- Up-to-date symlink: /home/ri-one/ri_one_master_ws/install/ecl_threads/share/ecl_threads/environment/ament_prefix_path.sh
[0.864s] -- Up-to-date symlink: /home/ri-one/ri_one_master_ws/install/ecl_threads/share/ecl_threads/environment/ament_prefix_path.dsv
[0.864s] -- Up-to-date symlink: /home/ri-one/ri_one_master_ws/install/ecl_threads/share/ecl_threads/environment/path.sh
[0.864s] -- Up-to-date symlink: /home/ri-one/ri_one_master_ws/install/ecl_threads/share/ecl_threads/environment/path.dsv
[0.865s] -- Up-to-date symlink: /home/ri-one/ri_one_master_ws/install/ecl_threads/share/ecl_threads/local_setup.bash
[0.865s] -- Up-to-date symlink: /home/ri-one/ri_one_master_ws/install/ecl_threads/share/ecl_threads/local_setup.sh
[0.865s] -- Up-to-date symlink: /home/ri-one/ri_one_master_ws/install/ecl_threads/share/ecl_threads/local_setup.zsh
[0.865s] -- Up-to-date symlink: /home/ri-one/ri_one_master_ws/install/ecl_threads/share/ecl_threads/local_setup.dsv
[0.865s] -- Symlinking: /home/ri-one/ri_one_master_ws/install/ecl_threads/share/ecl_threads/package.dsv
[0.887s] -- Up-to-date symlink: /home/ri-one/ri_one_master_ws/install/ecl_threads/share/ament_index/resource_index/packages/ecl_threads
[0.889s] -- Up-to-date symlink: /home/ri-one/ri_one_master_ws/install/ecl_threads/share/ecl_threads/cmake/ecl_threads-extras.cmake
[0.891s] -- Up-to-date symlink: /home/ri-one/ri_one_master_ws/install/ecl_threads/share/ecl_threads/cmake/ament_cmake_export_targets-extras.cmake
[0.891s] -- Up-to-date symlink: /home/ri-one/ri_one_master_ws/install/ecl_threads/share/ecl_threads/cmake/ament_cmake_export_include_directories-extras.cmake
[0.891s] -- Up-to-date symlink: /home/ri-one/ri_one_master_ws/install/ecl_threads/share/ecl_threads/cmake/ament_cmake_export_libraries-extras.cmake
[0.891s] -- Up-to-date symlink: /home/ri-one/ri_one_master_ws/install/ecl_threads/share/ecl_threads/cmake/ament_cmake_export_dependencies-extras.cmake
[0.892s] -- Up-to-date symlink: /home/ri-one/ri_one_master_ws/install/ecl_threads/share/ecl_threads/cmake/ecl_threadsConfig.cmake
[0.893s] -- Up-to-date symlink: /home/ri-one/ri_one_master_ws/install/ecl_threads/share/ecl_threads/cmake/ecl_threadsConfig-version.cmake
[0.893s] -- Up-to-date symlink: /home/ri-one/ri_one_master_ws/install/ecl_threads/share/ecl_threads/package.xml
[0.893s] -- Up-to-date: /home/ri-one/ri_one_master_ws/install/ecl_threads/share/ecl_threads/cmake/ecl_threadsExport.cmake
[0.893s] -- Up-to-date: /home/ri-one/ri_one_master_ws/install/ecl_threads/share/ecl_threads/cmake/ecl_threadsExport-noconfig.cmake
[0.898s] -- Up-to-date: /home/ri-one/ri_one_master_ws/install/ecl_threads/lib/libecl_threads.so.1.2.1
[0.898s] -- Up-to-date: /home/ri-one/ri_one_master_ws/install/ecl_threads/lib/libecl_threads.so
[0.910s] Invoked command in '/home/ri-one/ri_one_master_ws/build/ecl_threads' returned '0': AMENT_PREFIX_PATH=/home/ri-one/ri_one_master_ws/install/ecl_utilities:/home/ri-one/ri_one_master_ws/install/ecl_time:/home/ri-one/ri_one_master_ws/install/ecl_time_lite:/home/ri-one/ri_one_master_ws/install/ecl_exceptions:/home/ri-one/ri_one_master_ws/install/ecl_concepts:/home/ri-one/ri_one_master_ws/install/ecl_type_traits:/home/ri-one/ri_one_master_ws/install/ecl_errors:/home/ri-one/ri_one_master_ws/install/ecl_mpl:/home/ri-one/ri_one_master_ws/install/ecl_config:${AMENT_PREFIX_PATH} CMAKE_PREFIX_PATH=/home/ri-one/ri_one_master_ws/install/ecl_utilities:/home/ri-one/ri_one_master_ws/install/ecl_time:/home/ri-one/ri_one_master_ws/install/ecl_time_lite:/home/ri-one/ri_one_master_ws/install/ecl_exceptions:/home/ri-one/ri_one_master_ws/install/ecl_concepts:/home/ri-one/ri_one_master_ws/install/ecl_type_traits:/home/ri-one/ri_one_master_ws/install/ecl_errors:/home/ri-one/ri_one_master_ws/install/ecl_mpl:/home/ri-one/ri_one_master_ws/install/ecl_config:/opt/ros/humble LD_LIBRARY_PATH=/home/ri-one/ri_one_master_ws/install/ecl_time/lib:/home/ri-one/ri_one_master_ws/install/ecl_time_lite/lib:/home/ri-one/ri_one_master_ws/install/ecl_exceptions/lib:/home/ri-one/ri_one_master_ws/install/ecl_type_traits/lib:/home/ri-one/ri_one_master_ws/install/ecl_errors/lib:${LD_LIBRARY_PATH} PATH=/home/ri-one/ri_one_master_ws/install/ecl_type_traits/bin:/home/ri-one/ri_one_master_ws/install/ecl_config/bin:${PATH} /usr/bin/cmake --install /home/ri-one/ri_one_master_ws/build/ecl_threads
