[0.045s] Invoking command in '/home/ri-one/ros2_ws/src/build/ecl_linear_algebra': AMENT_PREFIX_PATH=/home/ri-one/ros2_ws/src/install/ecl_formatters:/home/ri-one/ros2_ws/src/install/ecl_converters:/home/ri-one/ros2_ws/src/install/ecl_math:/home/ri-one/ros2_ws/src/install/ecl_exceptions:/home/ri-one/ros2_ws/src/install/ecl_concepts:/home/ri-one/ros2_ws/src/install/ecl_type_traits:/home/ri-one/ros2_ws/src/install/ecl_errors:/home/ri-one/ros2_ws/src/install/ecl_mpl:/home/ri-one/ros2_ws/src/install/ecl_eigen:/home/ri-one/ros2_ws/src/install/ecl_config:${AMENT_PREFIX_PATH} CMAKE_PREFIX_PATH=/home/ri-one/ros2_ws/src/install/ecl_formatters:/home/ri-one/ros2_ws/src/install/ecl_converters:/home/ri-one/ros2_ws/src/install/ecl_math:/home/ri-one/ros2_ws/src/install/ecl_exceptions:/home/ri-one/ros2_ws/src/install/ecl_concepts:/home/ri-one/ros2_ws/src/install/ecl_type_traits:/home/ri-one/ros2_ws/src/install/ecl_errors:/home/ri-one/ros2_ws/src/install/ecl_mpl:/home/ri-one/ros2_ws/src/install/ecl_eigen:/home/ri-one/ros2_ws/src/install/ecl_config:/opt/ros/humble LD_LIBRARY_PATH=/home/ri-one/ros2_ws/src/install/ecl_formatters/lib:/home/ri-one/ros2_ws/src/install/ecl_exceptions/lib:/home/ri-one/ros2_ws/src/install/ecl_type_traits/lib:/home/ri-one/ros2_ws/src/install/ecl_errors/lib:${LD_LIBRARY_PATH} PATH=/home/ri-one/ros2_ws/src/install/ecl_type_traits/bin:/home/ri-one/ros2_ws/src/install/ecl_config/bin:${PATH} /usr/bin/cmake /home/ri-one/ros2_ws/src/turtlebot2_ros2/ecl_core/ecl_linear_algebra -DCMAKE_INSTALL_PREFIX=/home/ri-one/ros2_ws/src/install/ecl_linear_algebra
[0.178s] -- The C compiler identification is GNU 11.4.0
[0.329s] -- The CXX compiler identification is GNU 11.4.0
[0.346s] -- Detecting C compiler ABI info
[0.501s] -- Detecting C compiler ABI info - done
[0.522s] -- Check for working C compiler: /usr/bin/cc - skipped
[0.525s] -- Detecting C compile features
[0.527s] -- Detecting C compile features - done
[0.533s] -- Detecting CXX compiler ABI info
[0.810s] -- Detecting CXX compiler ABI info - done
[0.849s] -- Check for working CXX compiler: /usr/bin/c++ - skipped
[0.855s] -- Detecting CXX compile features
[0.855s] -- Detecting CXX compile features - done
[0.865s] -- Found ament_cmake_ros: 0.10.0 (/opt/ros/humble/share/ament_cmake_ros/cmake)
[1.295s] -- Found Python3: /usr/bin/python3 (found version "3.10.12") found components: Interpreter 
[1.543s] -- Found ecl_build: 1.0.3 (/opt/ros/humble/share/ecl_build/cmake)
[1.557s] -- Found ecl_eigen: 1.2.1 (/home/ri-one/ros2_ws/src/install/ecl_eigen/share/ecl_eigen/cmake)
[1.580s] -- Found ecl_exceptions: 1.2.1 (/home/ri-one/ros2_ws/src/install/ecl_exceptions/share/ecl_exceptions/cmake)
[1.598s] -- Found ecl_formatters: 1.2.1 (/home/ri-one/ros2_ws/src/install/ecl_formatters/share/ecl_formatters/cmake)
[1.633s] -- Found ecl_math: 1.2.1 (/home/ri-one/ros2_ws/src/install/ecl_math/share/ecl_math/cmake)
[1.665s] -- Looking for pthread.h
[1.829s] -- Looking for pthread.h - found
[1.830s] -- Performing Test CMAKE_HAVE_LIBC_PTHREAD
[2.001s] -- Performing Test CMAKE_HAVE_LIBC_PTHREAD - Success
[2.006s] -- Found Threads: TRUE  
[2.010s] -- Found required Ceres dependency: Eigen version 3.4.0 in /usr/include/eigen3
[2.035s] -- Found required Ceres dependency: glog
[2.035s] -- Found required Ceres dependency: gflags
[2.036s] -- Found Ceres version: 2.0.0 installed in: /usr with components: [EigenSparse, SparseLinearAlgebraLibrary, LAPACK, SuiteSparse, CXSparse, SchurSpecializations, Multithreading]
[2.211s] -- Found ament_lint_auto: 0.12.14 (/opt/ros/humble/share/ament_lint_auto/cmake)
[2.275s] -- Found gtest sources under '/opt/ros/humble/src/gtest_vendor': C++ tests using 'Google Test' will be built
[2.307s] -- Configuring done
[2.365s] -- Generating done
[2.390s] -- Build files have been written to: /home/ri-one/ros2_ws/src/build/ecl_linear_algebra
[2.402s] Invoked command in '/home/ri-one/ros2_ws/src/build/ecl_linear_algebra' returned '0': AMENT_PREFIX_PATH=/home/ri-one/ros2_ws/src/install/ecl_formatters:/home/ri-one/ros2_ws/src/install/ecl_converters:/home/ri-one/ros2_ws/src/install/ecl_math:/home/ri-one/ros2_ws/src/install/ecl_exceptions:/home/ri-one/ros2_ws/src/install/ecl_concepts:/home/ri-one/ros2_ws/src/install/ecl_type_traits:/home/ri-one/ros2_ws/src/install/ecl_errors:/home/ri-one/ros2_ws/src/install/ecl_mpl:/home/ri-one/ros2_ws/src/install/ecl_eigen:/home/ri-one/ros2_ws/src/install/ecl_config:${AMENT_PREFIX_PATH} CMAKE_PREFIX_PATH=/home/ri-one/ros2_ws/src/install/ecl_formatters:/home/ri-one/ros2_ws/src/install/ecl_converters:/home/ri-one/ros2_ws/src/install/ecl_math:/home/ri-one/ros2_ws/src/install/ecl_exceptions:/home/ri-one/ros2_ws/src/install/ecl_concepts:/home/ri-one/ros2_ws/src/install/ecl_type_traits:/home/ri-one/ros2_ws/src/install/ecl_errors:/home/ri-one/ros2_ws/src/install/ecl_mpl:/home/ri-one/ros2_ws/src/install/ecl_eigen:/home/ri-one/ros2_ws/src/install/ecl_config:/opt/ros/humble LD_LIBRARY_PATH=/home/ri-one/ros2_ws/src/install/ecl_formatters/lib:/home/ri-one/ros2_ws/src/install/ecl_exceptions/lib:/home/ri-one/ros2_ws/src/install/ecl_type_traits/lib:/home/ri-one/ros2_ws/src/install/ecl_errors/lib:${LD_LIBRARY_PATH} PATH=/home/ri-one/ros2_ws/src/install/ecl_type_traits/bin:/home/ri-one/ros2_ws/src/install/ecl_config/bin:${PATH} /usr/bin/cmake /home/ri-one/ros2_ws/src/turtlebot2_ros2/ecl_core/ecl_linear_algebra -DCMAKE_INSTALL_PREFIX=/home/ri-one/ros2_ws/src/install/ecl_linear_algebra
[2.403s] Invoking command in '/home/ri-one/ros2_ws/src/build/ecl_linear_algebra': AMENT_PREFIX_PATH=/home/ri-one/ros2_ws/src/install/ecl_formatters:/home/ri-one/ros2_ws/src/install/ecl_converters:/home/ri-one/ros2_ws/src/install/ecl_math:/home/ri-one/ros2_ws/src/install/ecl_exceptions:/home/ri-one/ros2_ws/src/install/ecl_concepts:/home/ri-one/ros2_ws/src/install/ecl_type_traits:/home/ri-one/ros2_ws/src/install/ecl_errors:/home/ri-one/ros2_ws/src/install/ecl_mpl:/home/ri-one/ros2_ws/src/install/ecl_eigen:/home/ri-one/ros2_ws/src/install/ecl_config:${AMENT_PREFIX_PATH} CMAKE_PREFIX_PATH=/home/ri-one/ros2_ws/src/install/ecl_formatters:/home/ri-one/ros2_ws/src/install/ecl_converters:/home/ri-one/ros2_ws/src/install/ecl_math:/home/ri-one/ros2_ws/src/install/ecl_exceptions:/home/ri-one/ros2_ws/src/install/ecl_concepts:/home/ri-one/ros2_ws/src/install/ecl_type_traits:/home/ri-one/ros2_ws/src/install/ecl_errors:/home/ri-one/ros2_ws/src/install/ecl_mpl:/home/ri-one/ros2_ws/src/install/ecl_eigen:/home/ri-one/ros2_ws/src/install/ecl_config:/opt/ros/humble LD_LIBRARY_PATH=/home/ri-one/ros2_ws/src/install/ecl_formatters/lib:/home/ri-one/ros2_ws/src/install/ecl_exceptions/lib:/home/ri-one/ros2_ws/src/install/ecl_type_traits/lib:/home/ri-one/ros2_ws/src/install/ecl_errors/lib:${LD_LIBRARY_PATH} PATH=/home/ri-one/ros2_ws/src/install/ecl_type_traits/bin:/home/ri-one/ros2_ws/src/install/ecl_config/bin:${PATH} /usr/bin/cmake --build /home/ri-one/ros2_ws/src/build/ecl_linear_algebra -- -j4 -l4
[2.567s] [  7%] [32mBuilding CXX object src/lib/CMakeFiles/ecl_linear_algebra.dir/sophus_helpers.cpp.o[0m
[7.997s] [ 15%] [32mBuilding CXX object src/lib/CMakeFiles/ecl_linear_algebra.dir/sophus_interpolators.cpp.o[0m
[17.653s] [ 23%] [32m[1mLinking CXX shared library libecl_linear_algebra.so[0m
[18.220s] [ 23%] Built target ecl_linear_algebra
[18.261s] [ 30%] [32mBuilding CXX object gtest/CMakeFiles/gtest.dir/src/gtest-all.cc.o[0m
[24.911s] [ 38%] [32m[1mLinking CXX static library libgtest.a[0m
[25.036s] [ 38%] Built target gtest
[25.075s] [ 46%] [32mBuilding CXX object gtest/CMakeFiles/gtest_main.dir/src/gtest_main.cc.o[0m
[26.462s] [ 53%] [32m[1mLinking CXX static library libgtest_main.a[0m
[26.526s] [ 53%] Built target gtest_main
[26.568s] [ 61%] [32mBuilding CXX object src/test/CMakeFiles/ecl_test_linear_algebra_plugin.dir/plugin.cpp.o[0m
[31.229s] [ 69%] [32m[1mLinking CXX executable ecl_test_linear_algebra_plugin[0m
[31.602s] [ 69%] Built target ecl_test_linear_algebra_plugin
[31.647s] [ 76%] [32mBuilding CXX object src/test/CMakeFiles/ecl_test_linear_algebra_interpolators.dir/interpolators.cpp.o[0m
[38.766s] [ 84%] [32m[1mLinking CXX executable ecl_test_linear_algebra_interpolators[0m
[39.297s] [ 84%] Built target ecl_test_linear_algebra_interpolators
[39.345s] [ 92%] [32mBuilding CXX object src/test/CMakeFiles/ecl_test_linear_algebra_formatters.dir/formatters.cpp.o[0m
[43.884s] [100%] [32m[1mLinking CXX executable ecl_test_linear_algebra_formatters[0m
[44.272s] [100%] Built target ecl_test_linear_algebra_formatters
[44.301s] Invoked command in '/home/ri-one/ros2_ws/src/build/ecl_linear_algebra' returned '0': AMENT_PREFIX_PATH=/home/ri-one/ros2_ws/src/install/ecl_formatters:/home/ri-one/ros2_ws/src/install/ecl_converters:/home/ri-one/ros2_ws/src/install/ecl_math:/home/ri-one/ros2_ws/src/install/ecl_exceptions:/home/ri-one/ros2_ws/src/install/ecl_concepts:/home/ri-one/ros2_ws/src/install/ecl_type_traits:/home/ri-one/ros2_ws/src/install/ecl_errors:/home/ri-one/ros2_ws/src/install/ecl_mpl:/home/ri-one/ros2_ws/src/install/ecl_eigen:/home/ri-one/ros2_ws/src/install/ecl_config:${AMENT_PREFIX_PATH} CMAKE_PREFIX_PATH=/home/ri-one/ros2_ws/src/install/ecl_formatters:/home/ri-one/ros2_ws/src/install/ecl_converters:/home/ri-one/ros2_ws/src/install/ecl_math:/home/ri-one/ros2_ws/src/install/ecl_exceptions:/home/ri-one/ros2_ws/src/install/ecl_concepts:/home/ri-one/ros2_ws/src/install/ecl_type_traits:/home/ri-one/ros2_ws/src/install/ecl_errors:/home/ri-one/ros2_ws/src/install/ecl_mpl:/home/ri-one/ros2_ws/src/install/ecl_eigen:/home/ri-one/ros2_ws/src/install/ecl_config:/opt/ros/humble LD_LIBRARY_PATH=/home/ri-one/ros2_ws/src/install/ecl_formatters/lib:/home/ri-one/ros2_ws/src/install/ecl_exceptions/lib:/home/ri-one/ros2_ws/src/install/ecl_type_traits/lib:/home/ri-one/ros2_ws/src/install/ecl_errors/lib:${LD_LIBRARY_PATH} PATH=/home/ri-one/ros2_ws/src/install/ecl_type_traits/bin:/home/ri-one/ros2_ws/src/install/ecl_config/bin:${PATH} /usr/bin/cmake --build /home/ri-one/ros2_ws/src/build/ecl_linear_algebra -- -j4 -l4
[44.302s] Invoking command in '/home/ri-one/ros2_ws/src/build/ecl_linear_algebra': AMENT_PREFIX_PATH=/home/ri-one/ros2_ws/src/install/ecl_formatters:/home/ri-one/ros2_ws/src/install/ecl_converters:/home/ri-one/ros2_ws/src/install/ecl_math:/home/ri-one/ros2_ws/src/install/ecl_exceptions:/home/ri-one/ros2_ws/src/install/ecl_concepts:/home/ri-one/ros2_ws/src/install/ecl_type_traits:/home/ri-one/ros2_ws/src/install/ecl_errors:/home/ri-one/ros2_ws/src/install/ecl_mpl:/home/ri-one/ros2_ws/src/install/ecl_eigen:/home/ri-one/ros2_ws/src/install/ecl_config:${AMENT_PREFIX_PATH} CMAKE_PREFIX_PATH=/home/ri-one/ros2_ws/src/install/ecl_formatters:/home/ri-one/ros2_ws/src/install/ecl_converters:/home/ri-one/ros2_ws/src/install/ecl_math:/home/ri-one/ros2_ws/src/install/ecl_exceptions:/home/ri-one/ros2_ws/src/install/ecl_concepts:/home/ri-one/ros2_ws/src/install/ecl_type_traits:/home/ri-one/ros2_ws/src/install/ecl_errors:/home/ri-one/ros2_ws/src/install/ecl_mpl:/home/ri-one/ros2_ws/src/install/ecl_eigen:/home/ri-one/ros2_ws/src/install/ecl_config:/opt/ros/humble LD_LIBRARY_PATH=/home/ri-one/ros2_ws/src/install/ecl_formatters/lib:/home/ri-one/ros2_ws/src/install/ecl_exceptions/lib:/home/ri-one/ros2_ws/src/install/ecl_type_traits/lib:/home/ri-one/ros2_ws/src/install/ecl_errors/lib:${LD_LIBRARY_PATH} PATH=/home/ri-one/ros2_ws/src/install/ecl_type_traits/bin:/home/ri-one/ros2_ws/src/install/ecl_config/bin:${PATH} /usr/bin/cmake --install /home/ri-one/ros2_ws/src/build/ecl_linear_algebra
[44.317s] -- Install configuration: ""
[44.317s] -- Installing: /home/ri-one/ros2_ws/src/install/ecl_linear_algebra/share/ecl_linear_algebra/environment/library_path.sh
[44.318s] -- Installing: /home/ri-one/ros2_ws/src/install/ecl_linear_algebra/share/ecl_linear_algebra/environment/library_path.dsv
[44.318s] -- Installing: /home/ri-one/ros2_ws/src/install/ecl_linear_algebra/share/ament_index/resource_index/package_run_dependencies/ecl_linear_algebra
[44.318s] -- Installing: /home/ri-one/ros2_ws/src/install/ecl_linear_algebra/share/ament_index/resource_index/parent_prefix_path/ecl_linear_algebra
[44.319s] -- Installing: /home/ri-one/ros2_ws/src/install/ecl_linear_algebra/share/ecl_linear_algebra/environment/ament_prefix_path.sh
[44.320s] -- Installing: /home/ri-one/ros2_ws/src/install/ecl_linear_algebra/share/ecl_linear_algebra/environment/ament_prefix_path.dsv
[44.320s] -- Installing: /home/ri-one/ros2_ws/src/install/ecl_linear_algebra/share/ecl_linear_algebra/environment/path.sh
[44.321s] -- Installing: /home/ri-one/ros2_ws/src/install/ecl_linear_algebra/share/ecl_linear_algebra/environment/path.dsv
[44.322s] -- Installing: /home/ri-one/ros2_ws/src/install/ecl_linear_algebra/share/ecl_linear_algebra/local_setup.bash
[44.323s] -- Installing: /home/ri-one/ros2_ws/src/install/ecl_linear_algebra/share/ecl_linear_algebra/local_setup.sh
[44.324s] -- Installing: /home/ri-one/ros2_ws/src/install/ecl_linear_algebra/share/ecl_linear_algebra/local_setup.zsh
[44.325s] -- Installing: /home/ri-one/ros2_ws/src/install/ecl_linear_algebra/share/ecl_linear_algebra/local_setup.dsv
[44.325s] -- Installing: /home/ri-one/ros2_ws/src/install/ecl_linear_algebra/share/ecl_linear_algebra/package.dsv
[44.327s] -- Installing: /home/ri-one/ros2_ws/src/install/ecl_linear_algebra/share/ament_index/resource_index/packages/ecl_linear_algebra
[44.327s] -- Installing: /home/ri-one/ros2_ws/src/install/ecl_linear_algebra/share/ecl_linear_algebra/cmake/ecl_linear_algebraExport.cmake
[44.328s] -- Installing: /home/ri-one/ros2_ws/src/install/ecl_linear_algebra/share/ecl_linear_algebra/cmake/ecl_linear_algebraExport-noconfig.cmake
[44.329s] -- Installing: /home/ri-one/ros2_ws/src/install/ecl_linear_algebra/share/ecl_linear_algebra/cmake/ament_cmake_export_targets-extras.cmake
[44.329s] -- Installing: /home/ri-one/ros2_ws/src/install/ecl_linear_algebra/share/ecl_linear_algebra/cmake/ament_cmake_export_include_directories-extras.cmake
[44.330s] -- Installing: /home/ri-one/ros2_ws/src/install/ecl_linear_algebra/share/ecl_linear_algebra/cmake/ament_cmake_export_libraries-extras.cmake
[44.331s] -- Installing: /home/ri-one/ros2_ws/src/install/ecl_linear_algebra/share/ecl_linear_algebra/cmake/ament_cmake_export_dependencies-extras.cmake
[44.332s] -- Installing: /home/ri-one/ros2_ws/src/install/ecl_linear_algebra/share/ecl_linear_algebra/cmake/ecl_linear_algebraConfig.cmake
[44.332s] -- Installing: /home/ri-one/ros2_ws/src/install/ecl_linear_algebra/share/ecl_linear_algebra/cmake/ecl_linear_algebraConfig-version.cmake
[44.334s] -- Installing: /home/ri-one/ros2_ws/src/install/ecl_linear_algebra/share/ecl_linear_algebra/package.xml
[44.335s] -- Installing: /home/ri-one/ros2_ws/src/install/ecl_linear_algebra/include/ecl/linear_algebra.hpp
[44.336s] -- Installing: /home/ri-one/ros2_ws/src/install/ecl_linear_algebra/include/ecl/linear_algebra/eigen.hpp
[44.337s] -- Installing: /home/ri-one/ros2_ws/src/install/ecl_linear_algebra/include/ecl/linear_algebra/sophus.hpp
[44.338s] -- Installing: /home/ri-one/ros2_ws/src/install/ecl_linear_algebra/include/ecl/linear_algebra/eigen/formatters.hpp
[44.338s] -- Installing: /home/ri-one/ros2_ws/src/install/ecl_linear_algebra/include/ecl/linear_algebra/eigen/plugin.hpp
[44.339s] -- Installing: /home/ri-one/ros2_ws/src/install/ecl_linear_algebra/include/ecl/linear_algebra/eigen/unsupported/nonlinear_optimization.hpp
[44.340s] -- Installing: /home/ri-one/ros2_ws/src/install/ecl_linear_algebra/include/ecl/linear_algebra/eigen/unsupported/numerical_diff.hpp
[44.342s] -- Installing: /home/ri-one/ros2_ws/src/install/ecl_linear_algebra/include/ecl/linear_algebra/sophus/formatters.hpp
[44.343s] -- Installing: /home/ri-one/ros2_ws/src/install/ecl_linear_algebra/include/ecl/linear_algebra/sophus/helpers.hpp
[44.343s] -- Installing: /home/ri-one/ros2_ws/src/install/ecl_linear_algebra/include/ecl/linear_algebra/sophus/interpolators.hpp
[44.348s] -- Installing: /home/ri-one/ros2_ws/src/install/ecl_linear_algebra/lib/libecl_linear_algebra.so.1.2.1
[44.351s] -- Set runtime path of "/home/ri-one/ros2_ws/src/install/ecl_linear_algebra/lib/libecl_linear_algebra.so.1.2.1" to ""
[44.352s] -- Installing: /home/ri-one/ros2_ws/src/install/ecl_linear_algebra/lib/libecl_linear_algebra.so
[44.357s] Invoked command in '/home/ri-one/ros2_ws/src/build/ecl_linear_algebra' returned '0': AMENT_PREFIX_PATH=/home/ri-one/ros2_ws/src/install/ecl_formatters:/home/ri-one/ros2_ws/src/install/ecl_converters:/home/ri-one/ros2_ws/src/install/ecl_math:/home/ri-one/ros2_ws/src/install/ecl_exceptions:/home/ri-one/ros2_ws/src/install/ecl_concepts:/home/ri-one/ros2_ws/src/install/ecl_type_traits:/home/ri-one/ros2_ws/src/install/ecl_errors:/home/ri-one/ros2_ws/src/install/ecl_mpl:/home/ri-one/ros2_ws/src/install/ecl_eigen:/home/ri-one/ros2_ws/src/install/ecl_config:${AMENT_PREFIX_PATH} CMAKE_PREFIX_PATH=/home/ri-one/ros2_ws/src/install/ecl_formatters:/home/ri-one/ros2_ws/src/install/ecl_converters:/home/ri-one/ros2_ws/src/install/ecl_math:/home/ri-one/ros2_ws/src/install/ecl_exceptions:/home/ri-one/ros2_ws/src/install/ecl_concepts:/home/ri-one/ros2_ws/src/install/ecl_type_traits:/home/ri-one/ros2_ws/src/install/ecl_errors:/home/ri-one/ros2_ws/src/install/ecl_mpl:/home/ri-one/ros2_ws/src/install/ecl_eigen:/home/ri-one/ros2_ws/src/install/ecl_config:/opt/ros/humble LD_LIBRARY_PATH=/home/ri-one/ros2_ws/src/install/ecl_formatters/lib:/home/ri-one/ros2_ws/src/install/ecl_exceptions/lib:/home/ri-one/ros2_ws/src/install/ecl_type_traits/lib:/home/ri-one/ros2_ws/src/install/ecl_errors/lib:${LD_LIBRARY_PATH} PATH=/home/ri-one/ros2_ws/src/install/ecl_type_traits/bin:/home/ri-one/ros2_ws/src/install/ecl_config/bin:${PATH} /usr/bin/cmake --install /home/ri-one/ros2_ws/src/build/ecl_linear_algebra
