[0.083s] Invoking command in '/home/ri-one/ri_one_master_ws/build/audio_common_msgs': CMAKE_PREFIX_PATH=/opt/ros/humble /usr/bin/cmake --build /home/ri-one/ri_one_master_ws/build/audio_common_msgs -- -j4 -l4
[0.276s] [  2%] Built target audio_common_msgs__cpp
[0.281s] [ 12%] Built target audio_common_msgs__rosidl_generator_c
[0.333s] [ 12%] Built target ament_cmake_python_symlink_audio_common_msgs
[0.369s] [ 23%] Built target audio_common_msgs__rosidl_typesupport_introspection_cpp
[0.414s] [ 34%] Built target audio_common_msgs__rosidl_typesupport_cpp
[0.433s] [ 44%] Built target audio_common_msgs__rosidl_typesupport_fastrtps_cpp
[0.448s] [ 55%] Built target audio_common_msgs__rosidl_typesupport_fastrtps_c
[0.489s] [ 65%] Built target audio_common_msgs__rosidl_typesupport_introspection_c
[0.529s] [ 76%] Built target audio_common_msgs__rosidl_typesupport_c
[0.590s] [ 76%] Built target audio_common_msgs
[0.697s] [ 78%] Built target audio_common_msgs__py
[0.866s] [ 87%] Built target audio_common_msgs__rosidl_generator_py
[0.981s] [ 91%] Built target audio_common_msgs__rosidl_typesupport_introspection_c__pyext
[0.982s] [ 95%] Built target audio_common_msgs__rosidl_typesupport_fastrtps_c__pyext
[1.002s] [100%] Built target audio_common_msgs__rosidl_typesupport_c__pyext
[1.451s] running egg_info
[1.451s] writing audio_common_msgs.egg-info/PKG-INFO
[1.452s] writing dependency_links to audio_common_msgs.egg-info/dependency_links.txt
[1.453s] writing top-level names to audio_common_msgs.egg-info/top_level.txt
[1.463s] reading manifest file 'audio_common_msgs.egg-info/SOURCES.txt'
[1.468s] writing manifest file 'audio_common_msgs.egg-info/SOURCES.txt'
[1.569s] [100%] Built target ament_cmake_python_build_audio_common_msgs_egg
[1.730s] Invoked command in '/home/ri-one/ri_one_master_ws/build/audio_common_msgs' returned '0': CMAKE_PREFIX_PATH=/opt/ros/humble /usr/bin/cmake --build /home/ri-one/ri_one_master_ws/build/audio_common_msgs -- -j4 -l4
[1.739s] Invoking command in '/home/ri-one/ri_one_master_ws/build/audio_common_msgs': CMAKE_PREFIX_PATH=/opt/ros/humble /usr/bin/cmake --install /home/ri-one/ri_one_master_ws/build/audio_common_msgs
[1.789s] -- Install configuration: ""
[1.793s] -- Execute custom install script
[1.799s] -- Up-to-date symlink: /home/ri-one/ri_one_master_ws/install/audio_common_msgs/share/ament_index/resource_index/rosidl_interfaces/audio_common_msgs
[1.801s] -- Up-to-date symlink: /home/ri-one/ri_one_master_ws/install/audio_common_msgs/include/audio_common_msgs/audio_common_msgs/msg/audio_data.h
[1.801s] -- Up-to-date symlink: /home/ri-one/ri_one_master_ws/install/audio_common_msgs/include/audio_common_msgs/audio_common_msgs/msg/audio_data_stamped.h
[1.801s] -- Up-to-date symlink: /home/ri-one/ri_one_master_ws/install/audio_common_msgs/include/audio_common_msgs/audio_common_msgs/msg/audio_info.h
[1.802s] -- Up-to-date symlink: /home/ri-one/ri_one_master_ws/install/audio_common_msgs/include/audio_common_msgs/audio_common_msgs/msg/detail/audio_data__functions.h
[1.802s] -- Up-to-date symlink: /home/ri-one/ri_one_master_ws/install/audio_common_msgs/include/audio_common_msgs/audio_common_msgs/msg/detail/audio_data__struct.h
[1.805s] -- Up-to-date symlink: /home/ri-one/ri_one_master_ws/install/audio_common_msgs/include/audio_common_msgs/audio_common_msgs/msg/detail/audio_data__type_support.h
[1.805s] -- Up-to-date symlink: /home/ri-one/ri_one_master_ws/install/audio_common_msgs/include/audio_common_msgs/audio_common_msgs/msg/detail/audio_data_stamped__functions.h
[1.806s] -- Up-to-date symlink: /home/ri-one/ri_one_master_ws/install/audio_common_msgs/include/audio_common_msgs/audio_common_msgs/msg/detail/audio_data_stamped__struct.h
[1.806s] -- Up-to-date symlink: /home/ri-one/ri_one_master_ws/install/audio_common_msgs/include/audio_common_msgs/audio_common_msgs/msg/detail/audio_data_stamped__type_support.h
[1.806s] -- Up-to-date symlink: /home/ri-one/ri_one_master_ws/install/audio_common_msgs/include/audio_common_msgs/audio_common_msgs/msg/detail/audio_info__functions.h
[1.807s] -- Up-to-date symlink: /home/ri-one/ri_one_master_ws/install/audio_common_msgs/include/audio_common_msgs/audio_common_msgs/msg/detail/audio_info__struct.h
[1.808s] -- Up-to-date symlink: /home/ri-one/ri_one_master_ws/install/audio_common_msgs/include/audio_common_msgs/audio_common_msgs/msg/detail/audio_info__type_support.h
[1.808s] -- Up-to-date symlink: /home/ri-one/ri_one_master_ws/install/audio_common_msgs/include/audio_common_msgs/audio_common_msgs/msg/rosidl_generator_c__visibility_control.h
[1.808s] -- Up-to-date symlink: /home/ri-one/ri_one_master_ws/install/audio_common_msgs/share/audio_common_msgs/environment/library_path.sh
[1.809s] -- Up-to-date symlink: /home/ri-one/ri_one_master_ws/install/audio_common_msgs/share/audio_common_msgs/environment/library_path.dsv
[1.813s] -- Up-to-date symlink: /home/ri-one/ri_one_master_ws/install/audio_common_msgs/include/audio_common_msgs/audio_common_msgs/msg/detail/audio_data__rosidl_typesupport_fastrtps_c.h
[1.821s] -- Up-to-date symlink: /home/ri-one/ri_one_master_ws/install/audio_common_msgs/include/audio_common_msgs/audio_common_msgs/msg/detail/audio_data_stamped__rosidl_typesupport_fastrtps_c.h
[1.821s] -- Up-to-date symlink: /home/ri-one/ri_one_master_ws/install/audio_common_msgs/include/audio_common_msgs/audio_common_msgs/msg/detail/audio_info__rosidl_typesupport_fastrtps_c.h
[1.821s] -- Up-to-date symlink: /home/ri-one/ri_one_master_ws/install/audio_common_msgs/include/audio_common_msgs/audio_common_msgs/msg/rosidl_typesupport_fastrtps_c__visibility_control.h
[1.822s] -- Up-to-date symlink: /home/ri-one/ri_one_master_ws/install/audio_common_msgs/include/audio_common_msgs/audio_common_msgs/msg/detail/audio_data__rosidl_typesupport_introspection_c.h
[1.823s] -- Up-to-date symlink: /home/ri-one/ri_one_master_ws/install/audio_common_msgs/include/audio_common_msgs/audio_common_msgs/msg/detail/audio_data_stamped__rosidl_typesupport_introspection_c.h
[1.824s] -- Up-to-date symlink: /home/ri-one/ri_one_master_ws/install/audio_common_msgs/include/audio_common_msgs/audio_common_msgs/msg/detail/audio_info__rosidl_typesupport_introspection_c.h
[1.826s] -- Up-to-date symlink: /home/ri-one/ri_one_master_ws/install/audio_common_msgs/include/audio_common_msgs/audio_common_msgs/msg/rosidl_typesupport_introspection_c__visibility_control.h
[1.827s] -- Up-to-date symlink: /home/ri-one/ri_one_master_ws/install/audio_common_msgs/include/audio_common_msgs/audio_common_msgs/msg/audio_data.hpp
[1.827s] -- Up-to-date symlink: /home/ri-one/ri_one_master_ws/install/audio_common_msgs/include/audio_common_msgs/audio_common_msgs/msg/audio_data_stamped.hpp
[1.827s] -- Up-to-date symlink: /home/ri-one/ri_one_master_ws/install/audio_common_msgs/include/audio_common_msgs/audio_common_msgs/msg/audio_info.hpp
[1.829s] -- Up-to-date symlink: /home/ri-one/ri_one_master_ws/install/audio_common_msgs/include/audio_common_msgs/audio_common_msgs/msg/detail/audio_data__builder.hpp
[1.831s] -- Up-to-date symlink: /home/ri-one/ri_one_master_ws/install/audio_common_msgs/include/audio_common_msgs/audio_common_msgs/msg/detail/audio_data__struct.hpp
[1.837s] -- Up-to-date symlink: /home/ri-one/ri_one_master_ws/install/audio_common_msgs/include/audio_common_msgs/audio_common_msgs/msg/detail/audio_data__traits.hpp
[1.838s] -- Up-to-date symlink: /home/ri-one/ri_one_master_ws/install/audio_common_msgs/include/audio_common_msgs/audio_common_msgs/msg/detail/audio_data__type_support.hpp
[1.839s] -- Up-to-date symlink: /home/ri-one/ri_one_master_ws/install/audio_common_msgs/include/audio_common_msgs/audio_common_msgs/msg/detail/audio_data_stamped__builder.hpp
[1.839s] -- Up-to-date symlink: /home/ri-one/ri_one_master_ws/install/audio_common_msgs/include/audio_common_msgs/audio_common_msgs/msg/detail/audio_data_stamped__struct.hpp
[1.840s] -- Up-to-date symlink: /home/ri-one/ri_one_master_ws/install/audio_common_msgs/include/audio_common_msgs/audio_common_msgs/msg/detail/audio_data_stamped__traits.hpp
[1.840s] -- Up-to-date symlink: /home/ri-one/ri_one_master_ws/install/audio_common_msgs/include/audio_common_msgs/audio_common_msgs/msg/detail/audio_data_stamped__type_support.hpp
[1.840s] -- Up-to-date symlink: /home/ri-one/ri_one_master_ws/install/audio_common_msgs/include/audio_common_msgs/audio_common_msgs/msg/detail/audio_info__builder.hpp
[1.840s] -- Up-to-date symlink: /home/ri-one/ri_one_master_ws/install/audio_common_msgs/include/audio_common_msgs/audio_common_msgs/msg/detail/audio_info__struct.hpp
[1.840s] -- Up-to-date symlink: /home/ri-one/ri_one_master_ws/install/audio_common_msgs/include/audio_common_msgs/audio_common_msgs/msg/detail/audio_info__traits.hpp
[1.840s] -- Up-to-date symlink: /home/ri-one/ri_one_master_ws/install/audio_common_msgs/include/audio_common_msgs/audio_common_msgs/msg/detail/audio_info__type_support.hpp
[1.844s] -- Up-to-date symlink: /home/ri-one/ri_one_master_ws/install/audio_common_msgs/include/audio_common_msgs/audio_common_msgs/msg/rosidl_generator_cpp__visibility_control.hpp
[1.846s] -- Up-to-date symlink: /home/ri-one/ri_one_master_ws/install/audio_common_msgs/include/audio_common_msgs/audio_common_msgs/msg/detail/audio_data__rosidl_typesupport_fastrtps_cpp.hpp
[1.846s] -- Up-to-date symlink: /home/ri-one/ri_one_master_ws/install/audio_common_msgs/include/audio_common_msgs/audio_common_msgs/msg/detail/audio_data_stamped__rosidl_typesupport_fastrtps_cpp.hpp
[1.846s] -- Up-to-date symlink: /home/ri-one/ri_one_master_ws/install/audio_common_msgs/include/audio_common_msgs/audio_common_msgs/msg/detail/audio_info__rosidl_typesupport_fastrtps_cpp.hpp
[1.846s] -- Up-to-date symlink: /home/ri-one/ri_one_master_ws/install/audio_common_msgs/include/audio_common_msgs/audio_common_msgs/msg/rosidl_typesupport_fastrtps_cpp__visibility_control.h
[1.857s] -- Up-to-date symlink: /home/ri-one/ri_one_master_ws/install/audio_common_msgs/include/audio_common_msgs/audio_common_msgs/msg/detail/audio_data__rosidl_typesupport_introspection_cpp.hpp
[1.858s] -- Up-to-date symlink: /home/ri-one/ri_one_master_ws/install/audio_common_msgs/include/audio_common_msgs/audio_common_msgs/msg/detail/audio_data_stamped__rosidl_typesupport_introspection_cpp.hpp
[1.859s] -- Up-to-date symlink: /home/ri-one/ri_one_master_ws/install/audio_common_msgs/include/audio_common_msgs/audio_common_msgs/msg/detail/audio_info__rosidl_typesupport_introspection_cpp.hpp
[1.859s] -- Up-to-date symlink: /home/ri-one/ri_one_master_ws/install/audio_common_msgs/share/audio_common_msgs/environment/pythonpath.sh
[1.860s] -- Up-to-date symlink: /home/ri-one/ri_one_master_ws/install/audio_common_msgs/share/audio_common_msgs/environment/pythonpath.dsv
[1.860s] -- Up-to-date symlink: /home/ri-one/ri_one_master_ws/install/audio_common_msgs/local/lib/python3.10/dist-packages/audio_common_msgs-0.3.12-py3.10.egg-info/PKG-INFO
[1.860s] -- Up-to-date symlink: /home/ri-one/ri_one_master_ws/install/audio_common_msgs/local/lib/python3.10/dist-packages/audio_common_msgs-0.3.12-py3.10.egg-info/SOURCES.txt
[1.860s] -- Up-to-date symlink: /home/ri-one/ri_one_master_ws/install/audio_common_msgs/local/lib/python3.10/dist-packages/audio_common_msgs-0.3.12-py3.10.egg-info/dependency_links.txt
[1.861s] -- Up-to-date symlink: /home/ri-one/ri_one_master_ws/install/audio_common_msgs/local/lib/python3.10/dist-packages/audio_common_msgs-0.3.12-py3.10.egg-info/top_level.txt
[1.861s] -- Up-to-date symlink: /home/ri-one/ri_one_master_ws/install/audio_common_msgs/local/lib/python3.10/dist-packages/audio_common_msgs/__init__.py
[1.862s] -- Up-to-date symlink: /home/ri-one/ri_one_master_ws/install/audio_common_msgs/local/lib/python3.10/dist-packages/audio_common_msgs/_audio_common_msgs_s.ep.rosidl_typesupport_c.c
[1.862s] -- Up-to-date symlink: /home/ri-one/ri_one_master_ws/install/audio_common_msgs/local/lib/python3.10/dist-packages/audio_common_msgs/_audio_common_msgs_s.ep.rosidl_typesupport_fastrtps_c.c
[1.862s] -- Up-to-date symlink: /home/ri-one/ri_one_master_ws/install/audio_common_msgs/local/lib/python3.10/dist-packages/audio_common_msgs/_audio_common_msgs_s.ep.rosidl_typesupport_introspection_c.c
[1.862s] -- Up-to-date symlink: /home/ri-one/ri_one_master_ws/install/audio_common_msgs/local/lib/python3.10/dist-packages/audio_common_msgs/audio_common_msgs_s__rosidl_typesupport_c.cpython-310-x86_64-linux-gnu.so
[1.865s] -- Up-to-date symlink: /home/ri-one/ri_one_master_ws/install/audio_common_msgs/local/lib/python3.10/dist-packages/audio_common_msgs/audio_common_msgs_s__rosidl_typesupport_fastrtps_c.cpython-310-x86_64-linux-gnu.so
[1.865s] -- Up-to-date symlink: /home/ri-one/ri_one_master_ws/install/audio_common_msgs/local/lib/python3.10/dist-packages/audio_common_msgs/audio_common_msgs_s__rosidl_typesupport_introspection_c.cpython-310-x86_64-linux-gnu.so
[1.865s] -- Up-to-date symlink: /home/ri-one/ri_one_master_ws/install/audio_common_msgs/local/lib/python3.10/dist-packages/audio_common_msgs/libaudio_common_msgs__rosidl_generator_py.so
[1.865s] -- Up-to-date symlink: /home/ri-one/ri_one_master_ws/install/audio_common_msgs/local/lib/python3.10/dist-packages/audio_common_msgs/msg/__init__.py
[1.866s] -- Up-to-date symlink: /home/ri-one/ri_one_master_ws/install/audio_common_msgs/local/lib/python3.10/dist-packages/audio_common_msgs/msg/_audio_data.py
[1.866s] -- Up-to-date symlink: /home/ri-one/ri_one_master_ws/install/audio_common_msgs/local/lib/python3.10/dist-packages/audio_common_msgs/msg/_audio_data_s.c
[1.866s] -- Up-to-date symlink: /home/ri-one/ri_one_master_ws/install/audio_common_msgs/local/lib/python3.10/dist-packages/audio_common_msgs/msg/_audio_data_stamped.py
[1.866s] -- Up-to-date symlink: /home/ri-one/ri_one_master_ws/install/audio_common_msgs/local/lib/python3.10/dist-packages/audio_common_msgs/msg/_audio_data_stamped_s.c
[1.866s] -- Up-to-date symlink: /home/ri-one/ri_one_master_ws/install/audio_common_msgs/local/lib/python3.10/dist-packages/audio_common_msgs/msg/_audio_info.py
[1.866s] -- Up-to-date symlink: /home/ri-one/ri_one_master_ws/install/audio_common_msgs/local/lib/python3.10/dist-packages/audio_common_msgs/msg/_audio_info_s.c
[1.868s] -- Up-to-date symlink: /home/ri-one/ri_one_master_ws/install/audio_common_msgs/local/lib/python3.10/dist-packages/audio_common_msgs/audio_common_msgs_s__rosidl_typesupport_fastrtps_c.cpython-310-x86_64-linux-gnu.so
[1.868s] -- Up-to-date symlink: /home/ri-one/ri_one_master_ws/install/audio_common_msgs/local/lib/python3.10/dist-packages/audio_common_msgs/audio_common_msgs_s__rosidl_typesupport_introspection_c.cpython-310-x86_64-linux-gnu.so
[1.868s] -- Up-to-date symlink: /home/ri-one/ri_one_master_ws/install/audio_common_msgs/local/lib/python3.10/dist-packages/audio_common_msgs/audio_common_msgs_s__rosidl_typesupport_c.cpython-310-x86_64-linux-gnu.so
[1.870s] -- Up-to-date symlink: /home/ri-one/ri_one_master_ws/install/audio_common_msgs/share/audio_common_msgs/msg/AudioData.idl
[1.870s] -- Up-to-date symlink: /home/ri-one/ri_one_master_ws/install/audio_common_msgs/share/audio_common_msgs/msg/AudioDataStamped.idl
[1.870s] -- Up-to-date symlink: /home/ri-one/ri_one_master_ws/install/audio_common_msgs/share/audio_common_msgs/msg/AudioInfo.idl
[1.876s] -- Up-to-date symlink: /home/ri-one/ri_one_master_ws/install/audio_common_msgs/share/audio_common_msgs/msg/AudioData.msg
[1.876s] -- Up-to-date symlink: /home/ri-one/ri_one_master_ws/install/audio_common_msgs/share/audio_common_msgs/msg/AudioDataStamped.msg
[1.877s] -- Up-to-date symlink: /home/ri-one/ri_one_master_ws/install/audio_common_msgs/share/audio_common_msgs/msg/AudioInfo.msg
[1.877s] -- Up-to-date symlink: /home/ri-one/ri_one_master_ws/install/audio_common_msgs/share/ament_index/resource_index/package_run_dependencies/audio_common_msgs
[1.877s] -- Up-to-date symlink: /home/ri-one/ri_one_master_ws/install/audio_common_msgs/share/ament_index/resource_index/parent_prefix_path/audio_common_msgs
[1.877s] -- Up-to-date symlink: /home/ri-one/ri_one_master_ws/install/audio_common_msgs/share/audio_common_msgs/environment/ament_prefix_path.sh
[1.877s] -- Up-to-date symlink: /home/ri-one/ri_one_master_ws/install/audio_common_msgs/share/audio_common_msgs/environment/ament_prefix_path.dsv
[1.877s] -- Up-to-date symlink: /home/ri-one/ri_one_master_ws/install/audio_common_msgs/share/audio_common_msgs/environment/path.sh
[1.878s] -- Up-to-date symlink: /home/ri-one/ri_one_master_ws/install/audio_common_msgs/share/audio_common_msgs/environment/path.dsv
[1.878s] -- Up-to-date symlink: /home/ri-one/ri_one_master_ws/install/audio_common_msgs/share/audio_common_msgs/local_setup.bash
[1.878s] -- Up-to-date symlink: /home/ri-one/ri_one_master_ws/install/audio_common_msgs/share/audio_common_msgs/local_setup.sh
[1.878s] -- Up-to-date symlink: /home/ri-one/ri_one_master_ws/install/audio_common_msgs/share/audio_common_msgs/local_setup.zsh
[1.878s] -- Up-to-date symlink: /home/ri-one/ri_one_master_ws/install/audio_common_msgs/share/audio_common_msgs/local_setup.dsv
[1.878s] -- Symlinking: /home/ri-one/ri_one_master_ws/install/audio_common_msgs/share/audio_common_msgs/package.dsv
[1.898s] -- Up-to-date symlink: /home/ri-one/ri_one_master_ws/install/audio_common_msgs/share/ament_index/resource_index/packages/audio_common_msgs
[1.899s] -- Up-to-date symlink: /home/ri-one/ri_one_master_ws/install/audio_common_msgs/share/audio_common_msgs/cmake/rosidl_cmake-extras.cmake
[1.900s] -- Up-to-date symlink: /home/ri-one/ri_one_master_ws/install/audio_common_msgs/share/audio_common_msgs/cmake/ament_cmake_export_dependencies-extras.cmake
[1.901s] -- Up-to-date symlink: /home/ri-one/ri_one_master_ws/install/audio_common_msgs/share/audio_common_msgs/cmake/ament_cmake_export_include_directories-extras.cmake
[1.902s] -- Up-to-date symlink: /home/ri-one/ri_one_master_ws/install/audio_common_msgs/share/audio_common_msgs/cmake/ament_cmake_export_libraries-extras.cmake
[1.902s] -- Up-to-date symlink: /home/ri-one/ri_one_master_ws/install/audio_common_msgs/share/audio_common_msgs/cmake/ament_cmake_export_targets-extras.cmake
[1.902s] -- Up-to-date symlink: /home/ri-one/ri_one_master_ws/install/audio_common_msgs/share/audio_common_msgs/cmake/rosidl_cmake_export_typesupport_targets-extras.cmake
[1.902s] -- Up-to-date symlink: /home/ri-one/ri_one_master_ws/install/audio_common_msgs/share/audio_common_msgs/cmake/rosidl_cmake_export_typesupport_libraries-extras.cmake
[1.905s] -- Up-to-date symlink: /home/ri-one/ri_one_master_ws/install/audio_common_msgs/share/audio_common_msgs/cmake/audio_common_msgsConfig.cmake
[1.905s] -- Up-to-date symlink: /home/ri-one/ri_one_master_ws/install/audio_common_msgs/share/audio_common_msgs/cmake/audio_common_msgsConfig-version.cmake
[1.908s] -- Up-to-date symlink: /home/ri-one/ri_one_master_ws/install/audio_common_msgs/share/audio_common_msgs/package.xml
[1.909s] -- Up-to-date: /home/ri-one/ri_one_master_ws/install/audio_common_msgs/lib/libaudio_common_msgs__rosidl_generator_c.so
[1.909s] -- Up-to-date: /home/ri-one/ri_one_master_ws/install/audio_common_msgs/lib/libaudio_common_msgs__rosidl_typesupport_fastrtps_c.so
[1.909s] -- Up-to-date: /home/ri-one/ri_one_master_ws/install/audio_common_msgs/lib/libaudio_common_msgs__rosidl_typesupport_introspection_c.so
[1.910s] -- Up-to-date: /home/ri-one/ri_one_master_ws/install/audio_common_msgs/lib/libaudio_common_msgs__rosidl_typesupport_c.so
[1.910s] -- Up-to-date: /home/ri-one/ri_one_master_ws/install/audio_common_msgs/lib/libaudio_common_msgs__rosidl_typesupport_fastrtps_cpp.so
[1.910s] -- Up-to-date: /home/ri-one/ri_one_master_ws/install/audio_common_msgs/lib/libaudio_common_msgs__rosidl_typesupport_introspection_cpp.so
[1.910s] -- Up-to-date: /home/ri-one/ri_one_master_ws/install/audio_common_msgs/lib/libaudio_common_msgs__rosidl_typesupport_cpp.so
[2.005s] Listing '/home/ri-one/ri_one_master_ws/install/audio_common_msgs/local/lib/python3.10/dist-packages/audio_common_msgs'...
[2.005s] Listing '/home/ri-one/ri_one_master_ws/install/audio_common_msgs/local/lib/python3.10/dist-packages/audio_common_msgs/msg'...
[2.025s] -- Up-to-date: /home/ri-one/ri_one_master_ws/install/audio_common_msgs/lib/libaudio_common_msgs__rosidl_generator_py.so
[2.026s] -- Up-to-date: /home/ri-one/ri_one_master_ws/install/audio_common_msgs/share/audio_common_msgs/cmake/export_audio_common_msgs__rosidl_generator_cExport.cmake
[2.026s] -- Up-to-date: /home/ri-one/ri_one_master_ws/install/audio_common_msgs/share/audio_common_msgs/cmake/export_audio_common_msgs__rosidl_generator_cExport-noconfig.cmake
[2.026s] -- Up-to-date: /home/ri-one/ri_one_master_ws/install/audio_common_msgs/share/audio_common_msgs/cmake/export_audio_common_msgs__rosidl_typesupport_fastrtps_cExport.cmake
[2.027s] -- Up-to-date: /home/ri-one/ri_one_master_ws/install/audio_common_msgs/share/audio_common_msgs/cmake/export_audio_common_msgs__rosidl_typesupport_fastrtps_cExport-noconfig.cmake
[2.027s] -- Up-to-date: /home/ri-one/ri_one_master_ws/install/audio_common_msgs/share/audio_common_msgs/cmake/audio_common_msgs__rosidl_typesupport_introspection_cExport.cmake
[2.027s] -- Up-to-date: /home/ri-one/ri_one_master_ws/install/audio_common_msgs/share/audio_common_msgs/cmake/audio_common_msgs__rosidl_typesupport_introspection_cExport-noconfig.cmake
[2.028s] -- Up-to-date: /home/ri-one/ri_one_master_ws/install/audio_common_msgs/share/audio_common_msgs/cmake/audio_common_msgs__rosidl_typesupport_cExport.cmake
[2.029s] -- Up-to-date: /home/ri-one/ri_one_master_ws/install/audio_common_msgs/share/audio_common_msgs/cmake/audio_common_msgs__rosidl_typesupport_cExport-noconfig.cmake
[2.029s] -- Up-to-date: /home/ri-one/ri_one_master_ws/install/audio_common_msgs/share/audio_common_msgs/cmake/export_audio_common_msgs__rosidl_generator_cppExport.cmake
[2.030s] -- Up-to-date: /home/ri-one/ri_one_master_ws/install/audio_common_msgs/share/audio_common_msgs/cmake/export_audio_common_msgs__rosidl_typesupport_fastrtps_cppExport.cmake
[2.030s] -- Up-to-date: /home/ri-one/ri_one_master_ws/install/audio_common_msgs/share/audio_common_msgs/cmake/export_audio_common_msgs__rosidl_typesupport_fastrtps_cppExport-noconfig.cmake
[2.030s] -- Up-to-date: /home/ri-one/ri_one_master_ws/install/audio_common_msgs/share/audio_common_msgs/cmake/audio_common_msgs__rosidl_typesupport_introspection_cppExport.cmake
[2.031s] -- Up-to-date: /home/ri-one/ri_one_master_ws/install/audio_common_msgs/share/audio_common_msgs/cmake/audio_common_msgs__rosidl_typesupport_introspection_cppExport-noconfig.cmake
[2.031s] -- Up-to-date: /home/ri-one/ri_one_master_ws/install/audio_common_msgs/share/audio_common_msgs/cmake/audio_common_msgs__rosidl_typesupport_cppExport.cmake
[2.032s] -- Up-to-date: /home/ri-one/ri_one_master_ws/install/audio_common_msgs/share/audio_common_msgs/cmake/audio_common_msgs__rosidl_typesupport_cppExport-noconfig.cmake
[2.032s] -- Up-to-date: /home/ri-one/ri_one_master_ws/install/audio_common_msgs/share/audio_common_msgs/cmake/export_audio_common_msgs__rosidl_generator_pyExport.cmake
[2.032s] -- Up-to-date: /home/ri-one/ri_one_master_ws/install/audio_common_msgs/share/audio_common_msgs/cmake/export_audio_common_msgs__rosidl_generator_pyExport-noconfig.cmake
[2.040s] Invoked command in '/home/ri-one/ri_one_master_ws/build/audio_common_msgs' returned '0': CMAKE_PREFIX_PATH=/opt/ros/humble /usr/bin/cmake --install /home/ri-one/ri_one_master_ws/build/audio_common_msgs
