[0.030s] Invoking command in '/home/ri-one/ri_one_master_ws/build/kobuki_safety_controller': AMENT_PREFIX_PATH=/home/ri-one/ri_one_master_ws/install/kobuki_ros_interfaces:${AMENT_PREFIX_PATH} CMAKE_PREFIX_PATH=/home/ri-one/ri_one_master_ws/install/kobuki_ros_interfaces:/opt/ros/humble LD_LIBRARY_PATH=/home/ri-one/ri_one_master_ws/install/kobuki_ros_interfaces/lib:${LD_LIBRARY_PATH} PYTHONPATH=/home/ri-one/ri_one_master_ws/install/kobuki_ros_interfaces/local/lib/python3.10/dist-packages:${PYTHONPATH} /usr/bin/cmake --build /home/ri-one/ri_one_master_ws/build/kobuki_safety_controller -- -j4 -l4
[0.172s] [ 50%] Built target kobuki_safety_controller_node
[0.179s] [100%] Built target kobuki_safety_controller
[0.214s] Invoked command in '/home/ri-one/ri_one_master_ws/build/kobuki_safety_controller' returned '0': AMENT_PREFIX_PATH=/home/ri-one/ri_one_master_ws/install/kobuki_ros_interfaces:${AMENT_PREFIX_PATH} CMAKE_PREFIX_PATH=/home/ri-one/ri_one_master_ws/install/kobuki_ros_interfaces:/opt/ros/humble LD_LIBRARY_PATH=/home/ri-one/ri_one_master_ws/install/kobuki_ros_interfaces/lib:${LD_LIBRARY_PATH} PYTHONPATH=/home/ri-one/ri_one_master_ws/install/kobuki_ros_interfaces/local/lib/python3.10/dist-packages:${PYTHONPATH} /usr/bin/cmake --build /home/ri-one/ri_one_master_ws/build/kobuki_safety_controller -- -j4 -l4
[0.217s] Invoking command in '/home/ri-one/ri_one_master_ws/build/kobuki_safety_controller': AMENT_PREFIX_PATH=/home/ri-one/ri_one_master_ws/install/kobuki_ros_interfaces:${AMENT_PREFIX_PATH} CMAKE_PREFIX_PATH=/home/ri-one/ri_one_master_ws/install/kobuki_ros_interfaces:/opt/ros/humble LD_LIBRARY_PATH=/home/ri-one/ri_one_master_ws/install/kobuki_ros_interfaces/lib:${LD_LIBRARY_PATH} PYTHONPATH=/home/ri-one/ri_one_master_ws/install/kobuki_ros_interfaces/local/lib/python3.10/dist-packages:${PYTHONPATH} /usr/bin/cmake --install /home/ri-one/ri_one_master_ws/build/kobuki_safety_controller
[0.236s] -- Install configuration: ""
[0.236s] -- Execute custom install script
[0.237s] -- Up-to-date symlink: /home/ri-one/ri_one_master_ws/install/kobuki_safety_controller/lib/kobuki_safety_controller/kobuki_safety_controller_node
[0.237s] -- Up-to-date symlink: /home/ri-one/ri_one_master_ws/install/kobuki_safety_controller/lib/libkobuki_safety_controller.so
[0.237s] -- Up-to-date symlink: /home/ri-one/ri_one_master_ws/install/kobuki_safety_controller/include/kobuki_safety_controller/safety_controller.hpp
[0.237s] -- Up-to-date symlink: /home/ri-one/ri_one_master_ws/install/kobuki_safety_controller/share/kobuki_safety_controller/config/safety_controller_params.yaml
[0.237s] -- Up-to-date symlink: /home/ri-one/ri_one_master_ws/install/kobuki_safety_controller/share/kobuki_safety_controller/launch/safety_controller-composed-launch.py
[0.237s] -- Up-to-date symlink: /home/ri-one/ri_one_master_ws/install/kobuki_safety_controller/share/kobuki_safety_controller/launch/safety_controller-launch.py
[0.238s] -- Up-to-date symlink: /home/ri-one/ri_one_master_ws/install/kobuki_safety_controller/share/ament_index/resource_index/package_run_dependencies/kobuki_safety_controller
[0.238s] -- Up-to-date symlink: /home/ri-one/ri_one_master_ws/install/kobuki_safety_controller/share/ament_index/resource_index/parent_prefix_path/kobuki_safety_controller
[0.238s] -- Up-to-date symlink: /home/ri-one/ri_one_master_ws/install/kobuki_safety_controller/share/kobuki_safety_controller/environment/ament_prefix_path.sh
[0.240s] -- Up-to-date symlink: /home/ri-one/ri_one_master_ws/install/kobuki_safety_controller/share/kobuki_safety_controller/environment/ament_prefix_path.dsv
[0.240s] -- Up-to-date symlink: /home/ri-one/ri_one_master_ws/install/kobuki_safety_controller/share/kobuki_safety_controller/environment/path.sh
[0.241s] -- Up-to-date symlink: /home/ri-one/ri_one_master_ws/install/kobuki_safety_controller/share/kobuki_safety_controller/environment/path.dsv
[0.243s] -- Up-to-date symlink: /home/ri-one/ri_one_master_ws/install/kobuki_safety_controller/share/kobuki_safety_controller/local_setup.bash
[0.243s] -- Up-to-date symlink: /home/ri-one/ri_one_master_ws/install/kobuki_safety_controller/share/kobuki_safety_controller/local_setup.sh
[0.244s] -- Up-to-date symlink: /home/ri-one/ri_one_master_ws/install/kobuki_safety_controller/share/kobuki_safety_controller/local_setup.zsh
[0.244s] -- Up-to-date symlink: /home/ri-one/ri_one_master_ws/install/kobuki_safety_controller/share/kobuki_safety_controller/local_setup.dsv
[0.244s] -- Symlinking: /home/ri-one/ri_one_master_ws/install/kobuki_safety_controller/share/kobuki_safety_controller/package.dsv
[0.261s] -- Up-to-date symlink: /home/ri-one/ri_one_master_ws/install/kobuki_safety_controller/share/ament_index/resource_index/packages/kobuki_safety_controller
[0.261s] -- Up-to-date symlink: /home/ri-one/ri_one_master_ws/install/kobuki_safety_controller/share/ament_index/resource_index/rclcpp_components/kobuki_safety_controller
[0.262s] -- Up-to-date symlink: /home/ri-one/ri_one_master_ws/install/kobuki_safety_controller/share/kobuki_safety_controller/cmake/kobuki_safety_controllerConfig.cmake
[0.262s] -- Up-to-date symlink: /home/ri-one/ri_one_master_ws/install/kobuki_safety_controller/share/kobuki_safety_controller/cmake/kobuki_safety_controllerConfig-version.cmake
[0.262s] -- Up-to-date symlink: /home/ri-one/ri_one_master_ws/install/kobuki_safety_controller/share/kobuki_safety_controller/package.xml
[0.269s] Invoked command in '/home/ri-one/ri_one_master_ws/build/kobuki_safety_controller' returned '0': AMENT_PREFIX_PATH=/home/ri-one/ri_one_master_ws/install/kobuki_ros_interfaces:${AMENT_PREFIX_PATH} CMAKE_PREFIX_PATH=/home/ri-one/ri_one_master_ws/install/kobuki_ros_interfaces:/opt/ros/humble LD_LIBRARY_PATH=/home/ri-one/ri_one_master_ws/install/kobuki_ros_interfaces/lib:${LD_LIBRARY_PATH} PYTHONPATH=/home/ri-one/ri_one_master_ws/install/kobuki_ros_interfaces/local/lib/python3.10/dist-packages:${PYTHONPATH} /usr/bin/cmake --install /home/ri-one/ri_one_master_ws/build/kobuki_safety_controller
