[0.022s] Invoking command in '/home/ri-one/ri_one_master_ws/build/audio_common': AMENT_PREFIX_PATH=/home/ri-one/ri_one_master_ws/install/audio_common_msgs:${AMENT_PREFIX_PATH} CMAKE_PREFIX_PATH=/home/ri-one/ri_one_master_ws/install/audio_common_msgs:/opt/ros/humble LD_LIBRARY_PATH=/home/ri-one/ri_one_master_ws/install/audio_common_msgs/lib:${LD_LIBRARY_PATH} PYTHONPATH=/home/ri-one/ri_one_master_ws/install/audio_common_msgs/local/lib/python3.10/dist-packages:${PYTHONPATH} /usr/bin/cmake /home/ri-one/ri_one_master_ws/src/audio_common/audio_common -DAMENT_CMAKE_SYMLINK_INSTALL=1 -DCMAKE_INSTALL_PREFIX=/home/ri-one/ri_one_master_ws/install/audio_common
[0.148s] -- The C compiler identification is GNU 11.4.0
[0.288s] -- The CXX compiler identification is GNU 11.4.0
[0.306s] -- Detecting C compiler ABI info
[0.503s] -- Detecting C compiler ABI info - done
[0.551s] -- Check for working C compiler: /usr/bin/cc - skipped
[0.552s] -- Detecting C compile features
[0.556s] -- Detecting C compile features - done
[0.569s] -- Detecting CXX compiler ABI info
[0.782s] -- Detecting CXX compiler ABI info - done
[0.826s] -- Check for working CXX compiler: /usr/bin/c++ - skipped
[0.829s] -- Detecting CXX compile features
[0.830s] -- Detecting CXX compile features - done
[0.836s] -- Found ament_cmake: 1.3.12 (/opt/ros/humble/share/ament_cmake/cmake)
[1.235s] -- Found Python3: /usr/bin/python3 (found version "3.10.12") found components: Interpreter 
[1.401s] -- Override CMake install command with custom implementation using symlinks instead of copying resources
[1.640s] -- Configuring done
[1.651s] -- Generating done
[1.656s] -- Build files have been written to: /home/ri-one/ri_one_master_ws/build/audio_common
[1.672s] Invoked command in '/home/ri-one/ri_one_master_ws/build/audio_common' returned '0': AMENT_PREFIX_PATH=/home/ri-one/ri_one_master_ws/install/audio_common_msgs:${AMENT_PREFIX_PATH} CMAKE_PREFIX_PATH=/home/ri-one/ri_one_master_ws/install/audio_common_msgs:/opt/ros/humble LD_LIBRARY_PATH=/home/ri-one/ri_one_master_ws/install/audio_common_msgs/lib:${LD_LIBRARY_PATH} PYTHONPATH=/home/ri-one/ri_one_master_ws/install/audio_common_msgs/local/lib/python3.10/dist-packages:${PYTHONPATH} /usr/bin/cmake /home/ri-one/ri_one_master_ws/src/audio_common/audio_common -DAMENT_CMAKE_SYMLINK_INSTALL=1 -DCMAKE_INSTALL_PREFIX=/home/ri-one/ri_one_master_ws/install/audio_common
[1.673s] Invoking command in '/home/ri-one/ri_one_master_ws/build/audio_common': AMENT_PREFIX_PATH=/home/ri-one/ri_one_master_ws/install/audio_common_msgs:${AMENT_PREFIX_PATH} CMAKE_PREFIX_PATH=/home/ri-one/ri_one_master_ws/install/audio_common_msgs:/opt/ros/humble LD_LIBRARY_PATH=/home/ri-one/ri_one_master_ws/install/audio_common_msgs/lib:${LD_LIBRARY_PATH} PYTHONPATH=/home/ri-one/ri_one_master_ws/install/audio_common_msgs/local/lib/python3.10/dist-packages:${PYTHONPATH} /usr/bin/cmake --build /home/ri-one/ri_one_master_ws/build/audio_common -- -j4 -l4
[1.746s] Invoked command in '/home/ri-one/ri_one_master_ws/build/audio_common' returned '0': AMENT_PREFIX_PATH=/home/ri-one/ri_one_master_ws/install/audio_common_msgs:${AMENT_PREFIX_PATH} CMAKE_PREFIX_PATH=/home/ri-one/ri_one_master_ws/install/audio_common_msgs:/opt/ros/humble LD_LIBRARY_PATH=/home/ri-one/ri_one_master_ws/install/audio_common_msgs/lib:${LD_LIBRARY_PATH} PYTHONPATH=/home/ri-one/ri_one_master_ws/install/audio_common_msgs/local/lib/python3.10/dist-packages:${PYTHONPATH} /usr/bin/cmake --build /home/ri-one/ri_one_master_ws/build/audio_common -- -j4 -l4
[1.748s] Invoking command in '/home/ri-one/ri_one_master_ws/build/audio_common': AMENT_PREFIX_PATH=/home/ri-one/ri_one_master_ws/install/audio_common_msgs:${AMENT_PREFIX_PATH} CMAKE_PREFIX_PATH=/home/ri-one/ri_one_master_ws/install/audio_common_msgs:/opt/ros/humble LD_LIBRARY_PATH=/home/ri-one/ri_one_master_ws/install/audio_common_msgs/lib:${LD_LIBRARY_PATH} PYTHONPATH=/home/ri-one/ri_one_master_ws/install/audio_common_msgs/local/lib/python3.10/dist-packages:${PYTHONPATH} /usr/bin/cmake --install /home/ri-one/ri_one_master_ws/build/audio_common
[1.761s] -- Install configuration: ""
[1.761s] -- Execute custom install script
[1.762s] -- Symlinking: /home/ri-one/ri_one_master_ws/install/audio_common/share/ament_index/resource_index/package_run_dependencies/audio_common
[1.781s] -- Symlinking: /home/ri-one/ri_one_master_ws/install/audio_common/share/ament_index/resource_index/parent_prefix_path/audio_common
[1.802s] -- Symlinking: /home/ri-one/ri_one_master_ws/install/audio_common/share/audio_common/environment/ament_prefix_path.sh
[1.824s] -- Symlinking: /home/ri-one/ri_one_master_ws/install/audio_common/share/audio_common/environment/ament_prefix_path.dsv
[1.843s] -- Symlinking: /home/ri-one/ri_one_master_ws/install/audio_common/share/audio_common/environment/path.sh
[1.863s] -- Symlinking: /home/ri-one/ri_one_master_ws/install/audio_common/share/audio_common/environment/path.dsv
[1.884s] -- Symlinking: /home/ri-one/ri_one_master_ws/install/audio_common/share/audio_common/local_setup.bash
[1.903s] -- Symlinking: /home/ri-one/ri_one_master_ws/install/audio_common/share/audio_common/local_setup.sh
[1.922s] -- Symlinking: /home/ri-one/ri_one_master_ws/install/audio_common/share/audio_common/local_setup.zsh
[1.942s] -- Symlinking: /home/ri-one/ri_one_master_ws/install/audio_common/share/audio_common/local_setup.dsv
[1.960s] -- Symlinking: /home/ri-one/ri_one_master_ws/install/audio_common/share/audio_common/package.dsv
[1.979s] -- Symlinking: /home/ri-one/ri_one_master_ws/install/audio_common/share/ament_index/resource_index/packages/audio_common
[1.999s] -- Symlinking: /home/ri-one/ri_one_master_ws/install/audio_common/share/audio_common/cmake/audio_commonConfig.cmake
[2.020s] -- Symlinking: /home/ri-one/ri_one_master_ws/install/audio_common/share/audio_common/cmake/audio_commonConfig-version.cmake
[2.041s] -- Symlinking: /home/ri-one/ri_one_master_ws/install/audio_common/share/audio_common/package.xml
[2.065s] Invoked command in '/home/ri-one/ri_one_master_ws/build/audio_common' returned '0': AMENT_PREFIX_PATH=/home/ri-one/ri_one_master_ws/install/audio_common_msgs:${AMENT_PREFIX_PATH} CMAKE_PREFIX_PATH=/home/ri-one/ri_one_master_ws/install/audio_common_msgs:/opt/ros/humble LD_LIBRARY_PATH=/home/ri-one/ri_one_master_ws/install/audio_common_msgs/lib:${LD_LIBRARY_PATH} PYTHONPATH=/home/ri-one/ri_one_master_ws/install/audio_common_msgs/local/lib/python3.10/dist-packages:${PYTHONPATH} /usr/bin/cmake --install /home/ri-one/ri_one_master_ws/build/audio_common
