[0.066s] Invoking command in '/home/ri-one/ri_one_master_ws/build/ecl_ipc': AMENT_PREFIX_PATH=/home/ri-one/ri_one_master_ws/install/ecl_threads:/home/ri-one/ri_one_master_ws/install/ecl_utilities:/home/ri-one/ri_one_master_ws/install/ecl_time:/home/ri-one/ri_one_master_ws/install/ecl_time_lite:/home/ri-one/ri_one_master_ws/install/ecl_exceptions:/home/ri-one/ri_one_master_ws/install/ecl_concepts:/home/ri-one/ri_one_master_ws/install/ecl_type_traits:/home/ri-one/ri_one_master_ws/install/ecl_errors:/home/ri-one/ri_one_master_ws/install/ecl_mpl:/home/ri-one/ri_one_master_ws/install/ecl_config:${AMENT_PREFIX_PATH} CMAKE_PREFIX_PATH=/home/ri-one/ri_one_master_ws/install/ecl_threads:/home/ri-one/ri_one_master_ws/install/ecl_utilities:/home/ri-one/ri_one_master_ws/install/ecl_time:/home/ri-one/ri_one_master_ws/install/ecl_time_lite:/home/ri-one/ri_one_master_ws/install/ecl_exceptions:/home/ri-one/ri_one_master_ws/install/ecl_concepts:/home/ri-one/ri_one_master_ws/install/ecl_type_traits:/home/ri-one/ri_one_master_ws/install/ecl_errors:/home/ri-one/ri_one_master_ws/install/ecl_mpl:/home/ri-one/ri_one_master_ws/install/ecl_config:/opt/ros/humble LD_LIBRARY_PATH=/home/ri-one/ri_one_master_ws/install/ecl_threads/lib:/home/ri-one/ri_one_master_ws/install/ecl_time/lib:/home/ri-one/ri_one_master_ws/install/ecl_time_lite/lib:/home/ri-one/ri_one_master_ws/install/ecl_exceptions/lib:/home/ri-one/ri_one_master_ws/install/ecl_type_traits/lib:/home/ri-one/ri_one_master_ws/install/ecl_errors/lib:${LD_LIBRARY_PATH} PATH=/home/ri-one/ri_one_master_ws/install/ecl_type_traits/bin:/home/ri-one/ri_one_master_ws/install/ecl_config/bin:${PATH} /usr/bin/cmake /home/ri-one/ri_one_master_ws/src/turtlebot2_ros2/ecl_core/ecl_ipc -DAMENT_CMAKE_SYMLINK_INSTALL=1 -DCMAKE_INSTALL_PREFIX=/home/ri-one/ri_one_master_ws/install/ecl_ipc
[0.358s] -- The C compiler identification is GNU 11.4.0
[0.635s] -- The CXX compiler identification is GNU 11.4.0
[0.673s] -- Detecting C compiler ABI info
[0.933s] -- Detecting C compiler ABI info - done
[0.954s] -- Check for working C compiler: /usr/bin/cc - skipped
[0.955s] -- Detecting C compile features
[0.956s] -- Detecting C compile features - done
[0.964s] -- Detecting CXX compiler ABI info
[1.210s] -- Detecting CXX compiler ABI info - done
[1.265s] -- Check for working CXX compiler: /usr/bin/c++ - skipped
[1.265s] -- Detecting CXX compile features
[1.269s] -- Detecting CXX compile features - done
[1.284s] -- Found ament_cmake_ros: 0.10.0 (/opt/ros/humble/share/ament_cmake_ros/cmake)
[1.721s] -- Found Python3: /usr/bin/python3 (found version "3.10.12") found components: Interpreter 
[1.898s] -- Override CMake install command with custom implementation using symlinks instead of copying resources
[1.999s] -- Found ecl_build: 1.0.3 (/opt/ros/humble/share/ecl_build/cmake)
[2.014s] -- Found ecl_config: 1.2.0 (/home/ri-one/ri_one_master_ws/install/ecl_config/share/ecl_config/cmake)
[2.020s] -- Found ecl_errors: 1.2.0 (/home/ri-one/ri_one_master_ws/install/ecl_errors/share/ecl_errors/cmake)
[2.027s] -- Found ecl_time_lite: 1.2.0 (/home/ri-one/ri_one_master_ws/install/ecl_time_lite/share/ecl_time_lite/cmake)
[2.036s] -- Found ecl_exceptions: 1.2.1 (/home/ri-one/ri_one_master_ws/install/ecl_exceptions/share/ecl_exceptions/cmake)
[2.044s] -- Found ecl_threads: 1.2.1 (/home/ri-one/ri_one_master_ws/install/ecl_threads/share/ecl_threads/cmake)
[2.048s] -- Looking for pthread.h
[2.240s] -- Looking for pthread.h - found
[2.243s] -- Performing Test CMAKE_HAVE_LIBC_PTHREAD
[2.452s] -- Performing Test CMAKE_HAVE_LIBC_PTHREAD - Success
[2.459s] -- Found Threads: TRUE  
[2.459s] [33mCMake Warning (dev) at /usr/share/cmake-3.22/Modules/FindPackageHandleStandardArgs.cmake:438 (message):
[2.459s]   The package name passed to `find_package_handle_standard_args` (Threads)
[2.459s]   does not match the name of the calling package (ecl_threads).  This can
[2.459s]   lead to problems in calling code that expects `find_package` result
[2.460s]   variables (e.g., `_FOUND`) to follow a certain pattern.
[2.460s] Call Stack (most recent call first):
[2.460s]   /usr/share/cmake-3.22/Modules/FindThreads.cmake:238 (FIND_PACKAGE_HANDLE_STANDARD_ARGS)
[2.464s]   /opt/ros/humble/share/ecl_build/cmake/ecl_platform_detection.cmake:225 (include)
[2.464s]   /home/ri-one/ri_one_master_ws/install/ecl_threads/share/ecl_threads/cmake/ecl_threads-extras.cmake:4 (ecl_detect_threads)
[2.464s]   /home/ri-one/ri_one_master_ws/install/ecl_threads/share/ecl_threads/cmake/ecl_threadsConfig.cmake:41 (include)
[2.464s]   CMakeLists.txt:22 (find_package)
[2.464s] This warning is for project developers.  Use -Wno-dev to suppress it.
[2.464s] [0m
[2.691s] -- Found ament_lint_auto: 0.12.14 (/opt/ros/humble/share/ament_lint_auto/cmake)
[2.757s] -- Found gtest sources under '/opt/ros/humble/src/gtest_vendor': C++ tests using 'Google Test' will be built
[2.810s] -- Configuring done
[2.889s] -- Generating done
[2.909s] -- Build files have been written to: /home/ri-one/ri_one_master_ws/build/ecl_ipc
[2.932s] Invoked command in '/home/ri-one/ri_one_master_ws/build/ecl_ipc' returned '0': AMENT_PREFIX_PATH=/home/ri-one/ri_one_master_ws/install/ecl_threads:/home/ri-one/ri_one_master_ws/install/ecl_utilities:/home/ri-one/ri_one_master_ws/install/ecl_time:/home/ri-one/ri_one_master_ws/install/ecl_time_lite:/home/ri-one/ri_one_master_ws/install/ecl_exceptions:/home/ri-one/ri_one_master_ws/install/ecl_concepts:/home/ri-one/ri_one_master_ws/install/ecl_type_traits:/home/ri-one/ri_one_master_ws/install/ecl_errors:/home/ri-one/ri_one_master_ws/install/ecl_mpl:/home/ri-one/ri_one_master_ws/install/ecl_config:${AMENT_PREFIX_PATH} CMAKE_PREFIX_PATH=/home/ri-one/ri_one_master_ws/install/ecl_threads:/home/ri-one/ri_one_master_ws/install/ecl_utilities:/home/ri-one/ri_one_master_ws/install/ecl_time:/home/ri-one/ri_one_master_ws/install/ecl_time_lite:/home/ri-one/ri_one_master_ws/install/ecl_exceptions:/home/ri-one/ri_one_master_ws/install/ecl_concepts:/home/ri-one/ri_one_master_ws/install/ecl_type_traits:/home/ri-one/ri_one_master_ws/install/ecl_errors:/home/ri-one/ri_one_master_ws/install/ecl_mpl:/home/ri-one/ri_one_master_ws/install/ecl_config:/opt/ros/humble LD_LIBRARY_PATH=/home/ri-one/ri_one_master_ws/install/ecl_threads/lib:/home/ri-one/ri_one_master_ws/install/ecl_time/lib:/home/ri-one/ri_one_master_ws/install/ecl_time_lite/lib:/home/ri-one/ri_one_master_ws/install/ecl_exceptions/lib:/home/ri-one/ri_one_master_ws/install/ecl_type_traits/lib:/home/ri-one/ri_one_master_ws/install/ecl_errors/lib:${LD_LIBRARY_PATH} PATH=/home/ri-one/ri_one_master_ws/install/ecl_type_traits/bin:/home/ri-one/ri_one_master_ws/install/ecl_config/bin:${PATH} /usr/bin/cmake /home/ri-one/ri_one_master_ws/src/turtlebot2_ros2/ecl_core/ecl_ipc -DAMENT_CMAKE_SYMLINK_INSTALL=1 -DCMAKE_INSTALL_PREFIX=/home/ri-one/ri_one_master_ws/install/ecl_ipc
[2.939s] Invoking command in '/home/ri-one/ri_one_master_ws/build/ecl_ipc': AMENT_PREFIX_PATH=/home/ri-one/ri_one_master_ws/install/ecl_threads:/home/ri-one/ri_one_master_ws/install/ecl_utilities:/home/ri-one/ri_one_master_ws/install/ecl_time:/home/ri-one/ri_one_master_ws/install/ecl_time_lite:/home/ri-one/ri_one_master_ws/install/ecl_exceptions:/home/ri-one/ri_one_master_ws/install/ecl_concepts:/home/ri-one/ri_one_master_ws/install/ecl_type_traits:/home/ri-one/ri_one_master_ws/install/ecl_errors:/home/ri-one/ri_one_master_ws/install/ecl_mpl:/home/ri-one/ri_one_master_ws/install/ecl_config:${AMENT_PREFIX_PATH} CMAKE_PREFIX_PATH=/home/ri-one/ri_one_master_ws/install/ecl_threads:/home/ri-one/ri_one_master_ws/install/ecl_utilities:/home/ri-one/ri_one_master_ws/install/ecl_time:/home/ri-one/ri_one_master_ws/install/ecl_time_lite:/home/ri-one/ri_one_master_ws/install/ecl_exceptions:/home/ri-one/ri_one_master_ws/install/ecl_concepts:/home/ri-one/ri_one_master_ws/install/ecl_type_traits:/home/ri-one/ri_one_master_ws/install/ecl_errors:/home/ri-one/ri_one_master_ws/install/ecl_mpl:/home/ri-one/ri_one_master_ws/install/ecl_config:/opt/ros/humble LD_LIBRARY_PATH=/home/ri-one/ri_one_master_ws/install/ecl_threads/lib:/home/ri-one/ri_one_master_ws/install/ecl_time/lib:/home/ri-one/ri_one_master_ws/install/ecl_time_lite/lib:/home/ri-one/ri_one_master_ws/install/ecl_exceptions/lib:/home/ri-one/ri_one_master_ws/install/ecl_type_traits/lib:/home/ri-one/ri_one_master_ws/install/ecl_errors/lib:${LD_LIBRARY_PATH} PATH=/home/ri-one/ri_one_master_ws/install/ecl_type_traits/bin:/home/ri-one/ri_one_master_ws/install/ecl_config/bin:${PATH} /usr/bin/cmake --build /home/ri-one/ri_one_master_ws/build/ecl_ipc -- -j4 -l4
[3.056s] [  7%] [32mBuilding CXX object src/lib/CMakeFiles/ecl_ipc.dir/semaphore_pos.cpp.o[0m
[3.693s] [ 15%] [32mBuilding CXX object src/lib/CMakeFiles/ecl_ipc.dir/shared_memory_pos.cpp.o[0m
[4.290s] [ 23%] [32m[1mLinking CXX shared library libecl_ipc.so[0m
[4.515s] [ 23%] Built target ecl_ipc
[4.564s] [ 30%] [32mBuilding CXX object gtest/CMakeFiles/gtest.dir/src/gtest-all.cc.o[0m
[11.690s] [ 38%] [32m[1mLinking CXX static library libgtest.a[0m
[11.893s] [ 38%] Built target gtest
[11.936s] [ 46%] [32mBuilding CXX object gtest/CMakeFiles/gtest_main.dir/src/gtest_main.cc.o[0m
[13.289s] [ 53%] [32m[1mLinking CXX static library libgtest_main.a[0m
[13.422s] [ 53%] Built target gtest_main
[13.471s] [ 61%] [32mBuilding CXX object src/test/CMakeFiles/ecl_test_shared_memory.dir/shared_memory.cpp.o[0m
[15.000s] [ 69%] [32m[1mLinking CXX executable ecl_test_shared_memory[0m
[15.377s] [ 69%] Built target ecl_test_shared_memory
[15.434s] [ 76%] [32mBuilding CXX object src/test/CMakeFiles/ecl_test_semaphores_timed.dir/semaphores_timed.cpp.o[0m
[17.094s] [ 84%] [32m[1mLinking CXX executable ecl_test_semaphores_timed[0m
[17.458s] [ 84%] Built target ecl_test_semaphores_timed
[17.504s] [ 92%] [32mBuilding CXX object src/test/CMakeFiles/ecl_test_semaphores.dir/semaphores.cpp.o[0m
[19.126s] [100%] [32m[1mLinking CXX executable ecl_test_semaphores[0m
[19.498s] [100%] Built target ecl_test_semaphores
[19.524s] Invoked command in '/home/ri-one/ri_one_master_ws/build/ecl_ipc' returned '0': AMENT_PREFIX_PATH=/home/ri-one/ri_one_master_ws/install/ecl_threads:/home/ri-one/ri_one_master_ws/install/ecl_utilities:/home/ri-one/ri_one_master_ws/install/ecl_time:/home/ri-one/ri_one_master_ws/install/ecl_time_lite:/home/ri-one/ri_one_master_ws/install/ecl_exceptions:/home/ri-one/ri_one_master_ws/install/ecl_concepts:/home/ri-one/ri_one_master_ws/install/ecl_type_traits:/home/ri-one/ri_one_master_ws/install/ecl_errors:/home/ri-one/ri_one_master_ws/install/ecl_mpl:/home/ri-one/ri_one_master_ws/install/ecl_config:${AMENT_PREFIX_PATH} CMAKE_PREFIX_PATH=/home/ri-one/ri_one_master_ws/install/ecl_threads:/home/ri-one/ri_one_master_ws/install/ecl_utilities:/home/ri-one/ri_one_master_ws/install/ecl_time:/home/ri-one/ri_one_master_ws/install/ecl_time_lite:/home/ri-one/ri_one_master_ws/install/ecl_exceptions:/home/ri-one/ri_one_master_ws/install/ecl_concepts:/home/ri-one/ri_one_master_ws/install/ecl_type_traits:/home/ri-one/ri_one_master_ws/install/ecl_errors:/home/ri-one/ri_one_master_ws/install/ecl_mpl:/home/ri-one/ri_one_master_ws/install/ecl_config:/opt/ros/humble LD_LIBRARY_PATH=/home/ri-one/ri_one_master_ws/install/ecl_threads/lib:/home/ri-one/ri_one_master_ws/install/ecl_time/lib:/home/ri-one/ri_one_master_ws/install/ecl_time_lite/lib:/home/ri-one/ri_one_master_ws/install/ecl_exceptions/lib:/home/ri-one/ri_one_master_ws/install/ecl_type_traits/lib:/home/ri-one/ri_one_master_ws/install/ecl_errors/lib:${LD_LIBRARY_PATH} PATH=/home/ri-one/ri_one_master_ws/install/ecl_type_traits/bin:/home/ri-one/ri_one_master_ws/install/ecl_config/bin:${PATH} /usr/bin/cmake --build /home/ri-one/ri_one_master_ws/build/ecl_ipc -- -j4 -l4
[19.528s] Invoking command in '/home/ri-one/ri_one_master_ws/build/ecl_ipc': AMENT_PREFIX_PATH=/home/ri-one/ri_one_master_ws/install/ecl_threads:/home/ri-one/ri_one_master_ws/install/ecl_utilities:/home/ri-one/ri_one_master_ws/install/ecl_time:/home/ri-one/ri_one_master_ws/install/ecl_time_lite:/home/ri-one/ri_one_master_ws/install/ecl_exceptions:/home/ri-one/ri_one_master_ws/install/ecl_concepts:/home/ri-one/ri_one_master_ws/install/ecl_type_traits:/home/ri-one/ri_one_master_ws/install/ecl_errors:/home/ri-one/ri_one_master_ws/install/ecl_mpl:/home/ri-one/ri_one_master_ws/install/ecl_config:${AMENT_PREFIX_PATH} CMAKE_PREFIX_PATH=/home/ri-one/ri_one_master_ws/install/ecl_threads:/home/ri-one/ri_one_master_ws/install/ecl_utilities:/home/ri-one/ri_one_master_ws/install/ecl_time:/home/ri-one/ri_one_master_ws/install/ecl_time_lite:/home/ri-one/ri_one_master_ws/install/ecl_exceptions:/home/ri-one/ri_one_master_ws/install/ecl_concepts:/home/ri-one/ri_one_master_ws/install/ecl_type_traits:/home/ri-one/ri_one_master_ws/install/ecl_errors:/home/ri-one/ri_one_master_ws/install/ecl_mpl:/home/ri-one/ri_one_master_ws/install/ecl_config:/opt/ros/humble LD_LIBRARY_PATH=/home/ri-one/ri_one_master_ws/install/ecl_threads/lib:/home/ri-one/ri_one_master_ws/install/ecl_time/lib:/home/ri-one/ri_one_master_ws/install/ecl_time_lite/lib:/home/ri-one/ri_one_master_ws/install/ecl_exceptions/lib:/home/ri-one/ri_one_master_ws/install/ecl_type_traits/lib:/home/ri-one/ri_one_master_ws/install/ecl_errors/lib:${LD_LIBRARY_PATH} PATH=/home/ri-one/ri_one_master_ws/install/ecl_type_traits/bin:/home/ri-one/ri_one_master_ws/install/ecl_config/bin:${PATH} /usr/bin/cmake --install /home/ri-one/ri_one_master_ws/build/ecl_ipc
[19.549s] -- Install configuration: ""
[19.549s] -- Execute custom install script
[19.549s] -- Symlinking: /home/ri-one/ri_one_master_ws/install/ecl_ipc/include/ecl/ipc/semaphore.hpp
[19.569s] -- Symlinking: /home/ri-one/ri_one_master_ws/install/ecl_ipc/include/ecl/ipc/semaphore_pos.hpp
[19.591s] -- Symlinking: /home/ri-one/ri_one_master_ws/install/ecl_ipc/include/ecl/ipc/shared_memory.hpp
[19.609s] -- Symlinking: /home/ri-one/ri_one_master_ws/install/ecl_ipc/include/ecl/ipc/shared_memory_pos.hpp
[19.630s] -- Symlinking: /home/ri-one/ri_one_master_ws/install/ecl_ipc/include/ecl/ipc.hpp
[19.649s] -- Symlinking: /home/ri-one/ri_one_master_ws/install/ecl_ipc/share/ecl_ipc/environment/library_path.sh
[19.670s] -- Symlinking: /home/ri-one/ri_one_master_ws/install/ecl_ipc/share/ecl_ipc/environment/library_path.dsv
[19.691s] -- Symlinking: /home/ri-one/ri_one_master_ws/install/ecl_ipc/share/ament_index/resource_index/package_run_dependencies/ecl_ipc
[19.713s] -- Symlinking: /home/ri-one/ri_one_master_ws/install/ecl_ipc/share/ament_index/resource_index/parent_prefix_path/ecl_ipc
[19.734s] -- Symlinking: /home/ri-one/ri_one_master_ws/install/ecl_ipc/share/ecl_ipc/environment/ament_prefix_path.sh
[19.755s] -- Symlinking: /home/ri-one/ri_one_master_ws/install/ecl_ipc/share/ecl_ipc/environment/ament_prefix_path.dsv
[19.777s] -- Symlinking: /home/ri-one/ri_one_master_ws/install/ecl_ipc/share/ecl_ipc/environment/path.sh
[19.798s] -- Symlinking: /home/ri-one/ri_one_master_ws/install/ecl_ipc/share/ecl_ipc/environment/path.dsv
[19.817s] -- Symlinking: /home/ri-one/ri_one_master_ws/install/ecl_ipc/share/ecl_ipc/local_setup.bash
[19.837s] -- Symlinking: /home/ri-one/ri_one_master_ws/install/ecl_ipc/share/ecl_ipc/local_setup.sh
[19.856s] -- Symlinking: /home/ri-one/ri_one_master_ws/install/ecl_ipc/share/ecl_ipc/local_setup.zsh
[19.878s] -- Symlinking: /home/ri-one/ri_one_master_ws/install/ecl_ipc/share/ecl_ipc/local_setup.dsv
[19.900s] -- Symlinking: /home/ri-one/ri_one_master_ws/install/ecl_ipc/share/ecl_ipc/package.dsv
[19.923s] -- Symlinking: /home/ri-one/ri_one_master_ws/install/ecl_ipc/share/ament_index/resource_index/packages/ecl_ipc
[19.943s] -- Symlinking: /home/ri-one/ri_one_master_ws/install/ecl_ipc/share/ecl_ipc/cmake/ament_cmake_export_targets-extras.cmake
[19.965s] -- Symlinking: /home/ri-one/ri_one_master_ws/install/ecl_ipc/share/ecl_ipc/cmake/ament_cmake_export_include_directories-extras.cmake
[19.989s] -- Symlinking: /home/ri-one/ri_one_master_ws/install/ecl_ipc/share/ecl_ipc/cmake/ament_cmake_export_libraries-extras.cmake
[20.011s] -- Symlinking: /home/ri-one/ri_one_master_ws/install/ecl_ipc/share/ecl_ipc/cmake/ament_cmake_export_dependencies-extras.cmake
[20.034s] -- Symlinking: /home/ri-one/ri_one_master_ws/install/ecl_ipc/share/ecl_ipc/cmake/ecl_ipcConfig.cmake
[20.055s] -- Symlinking: /home/ri-one/ri_one_master_ws/install/ecl_ipc/share/ecl_ipc/cmake/ecl_ipcConfig-version.cmake
[20.076s] -- Symlinking: /home/ri-one/ri_one_master_ws/install/ecl_ipc/share/ecl_ipc/package.xml
[20.099s] -- Installing: /home/ri-one/ri_one_master_ws/install/ecl_ipc/share/ecl_ipc/cmake/ecl_ipcExport.cmake
[20.101s] -- Installing: /home/ri-one/ri_one_master_ws/install/ecl_ipc/share/ecl_ipc/cmake/ecl_ipcExport-noconfig.cmake
[20.104s] -- Installing: /home/ri-one/ri_one_master_ws/install/ecl_ipc/lib/libecl_ipc.so.1.2.1
[20.105s] -- Set runtime path of "/home/ri-one/ri_one_master_ws/install/ecl_ipc/lib/libecl_ipc.so.1.2.1" to ""
[20.108s] -- Installing: /home/ri-one/ri_one_master_ws/install/ecl_ipc/lib/libecl_ipc.so
[20.113s] Invoked command in '/home/ri-one/ri_one_master_ws/build/ecl_ipc' returned '0': AMENT_PREFIX_PATH=/home/ri-one/ri_one_master_ws/install/ecl_threads:/home/ri-one/ri_one_master_ws/install/ecl_utilities:/home/ri-one/ri_one_master_ws/install/ecl_time:/home/ri-one/ri_one_master_ws/install/ecl_time_lite:/home/ri-one/ri_one_master_ws/install/ecl_exceptions:/home/ri-one/ri_one_master_ws/install/ecl_concepts:/home/ri-one/ri_one_master_ws/install/ecl_type_traits:/home/ri-one/ri_one_master_ws/install/ecl_errors:/home/ri-one/ri_one_master_ws/install/ecl_mpl:/home/ri-one/ri_one_master_ws/install/ecl_config:${AMENT_PREFIX_PATH} CMAKE_PREFIX_PATH=/home/ri-one/ri_one_master_ws/install/ecl_threads:/home/ri-one/ri_one_master_ws/install/ecl_utilities:/home/ri-one/ri_one_master_ws/install/ecl_time:/home/ri-one/ri_one_master_ws/install/ecl_time_lite:/home/ri-one/ri_one_master_ws/install/ecl_exceptions:/home/ri-one/ri_one_master_ws/install/ecl_concepts:/home/ri-one/ri_one_master_ws/install/ecl_type_traits:/home/ri-one/ri_one_master_ws/install/ecl_errors:/home/ri-one/ri_one_master_ws/install/ecl_mpl:/home/ri-one/ri_one_master_ws/install/ecl_config:/opt/ros/humble LD_LIBRARY_PATH=/home/ri-one/ri_one_master_ws/install/ecl_threads/lib:/home/ri-one/ri_one_master_ws/install/ecl_time/lib:/home/ri-one/ri_one_master_ws/install/ecl_time_lite/lib:/home/ri-one/ri_one_master_ws/install/ecl_exceptions/lib:/home/ri-one/ri_one_master_ws/install/ecl_type_traits/lib:/home/ri-one/ri_one_master_ws/install/ecl_errors/lib:${LD_LIBRARY_PATH} PATH=/home/ri-one/ri_one_master_ws/install/ecl_type_traits/bin:/home/ri-one/ri_one_master_ws/install/ecl_config/bin:${PATH} /usr/bin/cmake --install /home/ri-one/ri_one_master_ws/build/ecl_ipc
