[0.058s] Invoking command in '/home/ri-one/ri_one_master_ws/build/audio_common_msgs': CMAKE_PREFIX_PATH=${CMAKE_PREFIX_PATH}:/home/ri-one/ri_one_master_ws/install/kinect2_calibration:/home/ri-one/ri_one_master_ws/install/ros2_tests:/home/ri-one/ri_one_master_ws/install/realsense_vision:/home/ri-one/ri_one_master_ws/install/realsense2_ros_mqtt_bridge:/home/ri-one/ri_one_master_ws/install/gesture_to_motion:/home/ri-one/ri_one_master_ws/install/gesture_detection:/home/ri-one/ri_one_master_ws/install/ecl_filesystem:/opt/ros/humble /usr/bin/cmake --build /home/ri-one/ri_one_master_ws/build/audio_common_msgs -- -j4 -l4
[0.276s] [  2%] Built target audio_common_msgs__cpp
[0.285s] [ 12%] Built target audio_common_msgs__rosidl_generator_c
[0.399s] [ 23%] Built target audio_common_msgs__rosidl_typesupport_fastrtps_cpp
[0.420s] [ 23%] Built target ament_cmake_python_symlink_audio_common_msgs
[0.509s] [ 34%] Built target audio_common_msgs__rosidl_typesupport_introspection_cpp
[0.576s] [ 44%] Built target audio_common_msgs__rosidl_typesupport_fastrtps_c
[0.628s] [ 55%] Built target audio_common_msgs__rosidl_typesupport_introspection_c
[0.741s] [ 65%] Built target audio_common_msgs__rosidl_typesupport_c
[0.826s] [ 76%] Built target audio_common_msgs__rosidl_typesupport_cpp
[0.946s] [ 76%] Built target audio_common_msgs
[1.035s] [ 78%] Built target audio_common_msgs__py
[1.134s] [ 87%] Built target audio_common_msgs__rosidl_generator_py
[1.247s] [ 91%] Built target audio_common_msgs__rosidl_typesupport_fastrtps_c__pyext
[1.363s] [ 95%] Built target audio_common_msgs__rosidl_typesupport_c__pyext
[1.507s] [100%] Built target audio_common_msgs__rosidl_typesupport_introspection_c__pyext
[1.609s] running egg_info
[1.613s] writing audio_common_msgs.egg-info/PKG-INFO
[1.615s] writing dependency_links to audio_common_msgs.egg-info/dependency_links.txt
[1.616s] writing top-level names to audio_common_msgs.egg-info/top_level.txt
[1.620s] reading manifest file 'audio_common_msgs.egg-info/SOURCES.txt'
[1.622s] writing manifest file 'audio_common_msgs.egg-info/SOURCES.txt'
[1.671s] [100%] Built target ament_cmake_python_build_audio_common_msgs_egg
[1.729s] Invoked command in '/home/ri-one/ri_one_master_ws/build/audio_common_msgs' returned '0': CMAKE_PREFIX_PATH=${CMAKE_PREFIX_PATH}:/home/ri-one/ri_one_master_ws/install/kinect2_calibration:/home/ri-one/ri_one_master_ws/install/ros2_tests:/home/ri-one/ri_one_master_ws/install/realsense_vision:/home/ri-one/ri_one_master_ws/install/realsense2_ros_mqtt_bridge:/home/ri-one/ri_one_master_ws/install/gesture_to_motion:/home/ri-one/ri_one_master_ws/install/gesture_detection:/home/ri-one/ri_one_master_ws/install/ecl_filesystem:/opt/ros/humble /usr/bin/cmake --build /home/ri-one/ri_one_master_ws/build/audio_common_msgs -- -j4 -l4
[1.730s] Invoking command in '/home/ri-one/ri_one_master_ws/build/audio_common_msgs': CMAKE_PREFIX_PATH=${CMAKE_PREFIX_PATH}:/home/ri-one/ri_one_master_ws/install/kinect2_calibration:/home/ri-one/ri_one_master_ws/install/ros2_tests:/home/ri-one/ri_one_master_ws/install/realsense_vision:/home/ri-one/ri_one_master_ws/install/realsense2_ros_mqtt_bridge:/home/ri-one/ri_one_master_ws/install/gesture_to_motion:/home/ri-one/ri_one_master_ws/install/gesture_detection:/home/ri-one/ri_one_master_ws/install/ecl_filesystem:/opt/ros/humble /usr/bin/cmake --install /home/ri-one/ri_one_master_ws/build/audio_common_msgs
[1.754s] -- Install configuration: ""
[1.754s] -- Execute custom install script
[1.754s] -- Up-to-date symlink: /home/ri-one/ri_one_master_ws/install/audio_common_msgs/share/ament_index/resource_index/rosidl_interfaces/audio_common_msgs
[1.755s] -- Up-to-date symlink: /home/ri-one/ri_one_master_ws/install/audio_common_msgs/include/audio_common_msgs/audio_common_msgs/msg/audio_data.h
[1.755s] -- Up-to-date symlink: /home/ri-one/ri_one_master_ws/install/audio_common_msgs/include/audio_common_msgs/audio_common_msgs/msg/audio_data_stamped.h
[1.755s] -- Up-to-date symlink: /home/ri-one/ri_one_master_ws/install/audio_common_msgs/include/audio_common_msgs/audio_common_msgs/msg/audio_info.h
[1.755s] -- Up-to-date symlink: /home/ri-one/ri_one_master_ws/install/audio_common_msgs/include/audio_common_msgs/audio_common_msgs/msg/detail/audio_data__functions.h
[1.756s] -- Up-to-date symlink: /home/ri-one/ri_one_master_ws/install/audio_common_msgs/include/audio_common_msgs/audio_common_msgs/msg/detail/audio_data__struct.h
[1.757s] -- Up-to-date symlink: /home/ri-one/ri_one_master_ws/install/audio_common_msgs/include/audio_common_msgs/audio_common_msgs/msg/detail/audio_data__type_support.h
[1.757s] -- Up-to-date symlink: /home/ri-one/ri_one_master_ws/install/audio_common_msgs/include/audio_common_msgs/audio_common_msgs/msg/detail/audio_data_stamped__functions.h
[1.758s] -- Up-to-date symlink: /home/ri-one/ri_one_master_ws/install/audio_common_msgs/include/audio_common_msgs/audio_common_msgs/msg/detail/audio_data_stamped__struct.h
[1.758s] -- Up-to-date symlink: /home/ri-one/ri_one_master_ws/install/audio_common_msgs/include/audio_common_msgs/audio_common_msgs/msg/detail/audio_data_stamped__type_support.h
[1.758s] -- Up-to-date symlink: /home/ri-one/ri_one_master_ws/install/audio_common_msgs/include/audio_common_msgs/audio_common_msgs/msg/detail/audio_info__functions.h
[1.760s] -- Up-to-date symlink: /home/ri-one/ri_one_master_ws/install/audio_common_msgs/include/audio_common_msgs/audio_common_msgs/msg/detail/audio_info__struct.h
[1.760s] -- Up-to-date symlink: /home/ri-one/ri_one_master_ws/install/audio_common_msgs/include/audio_common_msgs/audio_common_msgs/msg/detail/audio_info__type_support.h
[1.760s] -- Up-to-date symlink: /home/ri-one/ri_one_master_ws/install/audio_common_msgs/include/audio_common_msgs/audio_common_msgs/msg/rosidl_generator_c__visibility_control.h
[1.761s] -- Up-to-date symlink: /home/ri-one/ri_one_master_ws/install/audio_common_msgs/share/audio_common_msgs/environment/library_path.sh
[1.761s] -- Up-to-date symlink: /home/ri-one/ri_one_master_ws/install/audio_common_msgs/share/audio_common_msgs/environment/library_path.dsv
[1.761s] -- Up-to-date symlink: /home/ri-one/ri_one_master_ws/install/audio_common_msgs/include/audio_common_msgs/audio_common_msgs/msg/detail/audio_data__rosidl_typesupport_fastrtps_c.h
[1.761s] -- Up-to-date symlink: /home/ri-one/ri_one_master_ws/install/audio_common_msgs/include/audio_common_msgs/audio_common_msgs/msg/detail/audio_data_stamped__rosidl_typesupport_fastrtps_c.h
[1.761s] -- Up-to-date symlink: /home/ri-one/ri_one_master_ws/install/audio_common_msgs/include/audio_common_msgs/audio_common_msgs/msg/detail/audio_info__rosidl_typesupport_fastrtps_c.h
[1.763s] -- Up-to-date symlink: /home/ri-one/ri_one_master_ws/install/audio_common_msgs/include/audio_common_msgs/audio_common_msgs/msg/rosidl_typesupport_fastrtps_c__visibility_control.h
[1.764s] -- Up-to-date symlink: /home/ri-one/ri_one_master_ws/install/audio_common_msgs/include/audio_common_msgs/audio_common_msgs/msg/detail/audio_data__rosidl_typesupport_introspection_c.h
[1.768s] -- Up-to-date symlink: /home/ri-one/ri_one_master_ws/install/audio_common_msgs/include/audio_common_msgs/audio_common_msgs/msg/detail/audio_data_stamped__rosidl_typesupport_introspection_c.h
[1.769s] -- Up-to-date symlink: /home/ri-one/ri_one_master_ws/install/audio_common_msgs/include/audio_common_msgs/audio_common_msgs/msg/detail/audio_info__rosidl_typesupport_introspection_c.h
[1.769s] -- Up-to-date symlink: /home/ri-one/ri_one_master_ws/install/audio_common_msgs/include/audio_common_msgs/audio_common_msgs/msg/rosidl_typesupport_introspection_c__visibility_control.h
[1.769s] -- Up-to-date symlink: /home/ri-one/ri_one_master_ws/install/audio_common_msgs/include/audio_common_msgs/audio_common_msgs/msg/audio_data.hpp
[1.769s] -- Up-to-date symlink: /home/ri-one/ri_one_master_ws/install/audio_common_msgs/include/audio_common_msgs/audio_common_msgs/msg/audio_data_stamped.hpp
[1.769s] -- Up-to-date symlink: /home/ri-one/ri_one_master_ws/install/audio_common_msgs/include/audio_common_msgs/audio_common_msgs/msg/audio_info.hpp
[1.775s] -- Up-to-date symlink: /home/ri-one/ri_one_master_ws/install/audio_common_msgs/include/audio_common_msgs/audio_common_msgs/msg/detail/audio_data__builder.hpp
[1.776s] -- Up-to-date symlink: /home/ri-one/ri_one_master_ws/install/audio_common_msgs/include/audio_common_msgs/audio_common_msgs/msg/detail/audio_data__struct.hpp
[1.776s] -- Up-to-date symlink: /home/ri-one/ri_one_master_ws/install/audio_common_msgs/include/audio_common_msgs/audio_common_msgs/msg/detail/audio_data__traits.hpp
[1.776s] -- Up-to-date symlink: /home/ri-one/ri_one_master_ws/install/audio_common_msgs/include/audio_common_msgs/audio_common_msgs/msg/detail/audio_data__type_support.hpp
[1.779s] -- Up-to-date symlink: /home/ri-one/ri_one_master_ws/install/audio_common_msgs/include/audio_common_msgs/audio_common_msgs/msg/detail/audio_data_stamped__builder.hpp
[1.780s] -- Up-to-date symlink: /home/ri-one/ri_one_master_ws/install/audio_common_msgs/include/audio_common_msgs/audio_common_msgs/msg/detail/audio_data_stamped__struct.hpp
[1.780s] -- Up-to-date symlink: /home/ri-one/ri_one_master_ws/install/audio_common_msgs/include/audio_common_msgs/audio_common_msgs/msg/detail/audio_data_stamped__traits.hpp
[1.780s] -- Up-to-date symlink: /home/ri-one/ri_one_master_ws/install/audio_common_msgs/include/audio_common_msgs/audio_common_msgs/msg/detail/audio_data_stamped__type_support.hpp
[1.780s] -- Up-to-date symlink: /home/ri-one/ri_one_master_ws/install/audio_common_msgs/include/audio_common_msgs/audio_common_msgs/msg/detail/audio_info__builder.hpp
[1.780s] -- Up-to-date symlink: /home/ri-one/ri_one_master_ws/install/audio_common_msgs/include/audio_common_msgs/audio_common_msgs/msg/detail/audio_info__struct.hpp
[1.784s] -- Up-to-date symlink: /home/ri-one/ri_one_master_ws/install/audio_common_msgs/include/audio_common_msgs/audio_common_msgs/msg/detail/audio_info__traits.hpp
[1.785s] -- Up-to-date symlink: /home/ri-one/ri_one_master_ws/install/audio_common_msgs/include/audio_common_msgs/audio_common_msgs/msg/detail/audio_info__type_support.hpp
[1.787s] -- Up-to-date symlink: /home/ri-one/ri_one_master_ws/install/audio_common_msgs/include/audio_common_msgs/audio_common_msgs/msg/rosidl_generator_cpp__visibility_control.hpp
[1.791s] -- Up-to-date symlink: /home/ri-one/ri_one_master_ws/install/audio_common_msgs/include/audio_common_msgs/audio_common_msgs/msg/detail/audio_data__rosidl_typesupport_fastrtps_cpp.hpp
[1.792s] -- Up-to-date symlink: /home/ri-one/ri_one_master_ws/install/audio_common_msgs/include/audio_common_msgs/audio_common_msgs/msg/detail/audio_data_stamped__rosidl_typesupport_fastrtps_cpp.hpp
[1.793s] -- Up-to-date symlink: /home/ri-one/ri_one_master_ws/install/audio_common_msgs/include/audio_common_msgs/audio_common_msgs/msg/detail/audio_info__rosidl_typesupport_fastrtps_cpp.hpp
[1.793s] -- Up-to-date symlink: /home/ri-one/ri_one_master_ws/install/audio_common_msgs/include/audio_common_msgs/audio_common_msgs/msg/rosidl_typesupport_fastrtps_cpp__visibility_control.h
[1.793s] -- Up-to-date symlink: /home/ri-one/ri_one_master_ws/install/audio_common_msgs/include/audio_common_msgs/audio_common_msgs/msg/detail/audio_data__rosidl_typesupport_introspection_cpp.hpp
[1.794s] -- Up-to-date symlink: /home/ri-one/ri_one_master_ws/install/audio_common_msgs/include/audio_common_msgs/audio_common_msgs/msg/detail/audio_data_stamped__rosidl_typesupport_introspection_cpp.hpp
[1.794s] -- Up-to-date symlink: /home/ri-one/ri_one_master_ws/install/audio_common_msgs/include/audio_common_msgs/audio_common_msgs/msg/detail/audio_info__rosidl_typesupport_introspection_cpp.hpp
[1.794s] -- Up-to-date symlink: /home/ri-one/ri_one_master_ws/install/audio_common_msgs/share/audio_common_msgs/environment/pythonpath.sh
[1.794s] -- Up-to-date symlink: /home/ri-one/ri_one_master_ws/install/audio_common_msgs/share/audio_common_msgs/environment/pythonpath.dsv
[1.794s] -- Up-to-date symlink: /home/ri-one/ri_one_master_ws/install/audio_common_msgs/local/lib/python3.10/dist-packages/audio_common_msgs-0.3.12-py3.10.egg-info/PKG-INFO
[1.794s] -- Up-to-date symlink: /home/ri-one/ri_one_master_ws/install/audio_common_msgs/local/lib/python3.10/dist-packages/audio_common_msgs-0.3.12-py3.10.egg-info/SOURCES.txt
[1.799s] -- Up-to-date symlink: /home/ri-one/ri_one_master_ws/install/audio_common_msgs/local/lib/python3.10/dist-packages/audio_common_msgs-0.3.12-py3.10.egg-info/dependency_links.txt
[1.799s] -- Up-to-date symlink: /home/ri-one/ri_one_master_ws/install/audio_common_msgs/local/lib/python3.10/dist-packages/audio_common_msgs-0.3.12-py3.10.egg-info/top_level.txt
[1.800s] -- Up-to-date symlink: /home/ri-one/ri_one_master_ws/install/audio_common_msgs/local/lib/python3.10/dist-packages/audio_common_msgs/__init__.py
[1.800s] -- Up-to-date symlink: /home/ri-one/ri_one_master_ws/install/audio_common_msgs/local/lib/python3.10/dist-packages/audio_common_msgs/_audio_common_msgs_s.ep.rosidl_typesupport_c.c
[1.800s] -- Up-to-date symlink: /home/ri-one/ri_one_master_ws/install/audio_common_msgs/local/lib/python3.10/dist-packages/audio_common_msgs/_audio_common_msgs_s.ep.rosidl_typesupport_fastrtps_c.c
[1.801s] -- Up-to-date symlink: /home/ri-one/ri_one_master_ws/install/audio_common_msgs/local/lib/python3.10/dist-packages/audio_common_msgs/_audio_common_msgs_s.ep.rosidl_typesupport_introspection_c.c
[1.801s] -- Up-to-date symlink: /home/ri-one/ri_one_master_ws/install/audio_common_msgs/local/lib/python3.10/dist-packages/audio_common_msgs/audio_common_msgs_s__rosidl_typesupport_c.cpython-310-x86_64-linux-gnu.so
[1.801s] -- Up-to-date symlink: /home/ri-one/ri_one_master_ws/install/audio_common_msgs/local/lib/python3.10/dist-packages/audio_common_msgs/audio_common_msgs_s__rosidl_typesupport_fastrtps_c.cpython-310-x86_64-linux-gnu.so
[1.801s] -- Up-to-date symlink: /home/ri-one/ri_one_master_ws/install/audio_common_msgs/local/lib/python3.10/dist-packages/audio_common_msgs/audio_common_msgs_s__rosidl_typesupport_introspection_c.cpython-310-x86_64-linux-gnu.so
[1.801s] -- Up-to-date symlink: /home/ri-one/ri_one_master_ws/install/audio_common_msgs/local/lib/python3.10/dist-packages/audio_common_msgs/libaudio_common_msgs__rosidl_generator_py.so
[1.801s] -- Up-to-date symlink: /home/ri-one/ri_one_master_ws/install/audio_common_msgs/local/lib/python3.10/dist-packages/audio_common_msgs/msg/__init__.py
[1.801s] -- Up-to-date symlink: /home/ri-one/ri_one_master_ws/install/audio_common_msgs/local/lib/python3.10/dist-packages/audio_common_msgs/msg/_audio_data.py
[1.802s] -- Up-to-date symlink: /home/ri-one/ri_one_master_ws/install/audio_common_msgs/local/lib/python3.10/dist-packages/audio_common_msgs/msg/_audio_data_s.c
[1.802s] -- Up-to-date symlink: /home/ri-one/ri_one_master_ws/install/audio_common_msgs/local/lib/python3.10/dist-packages/audio_common_msgs/msg/_audio_data_stamped.py
[1.802s] -- Up-to-date symlink: /home/ri-one/ri_one_master_ws/install/audio_common_msgs/local/lib/python3.10/dist-packages/audio_common_msgs/msg/_audio_data_stamped_s.c
[1.802s] -- Up-to-date symlink: /home/ri-one/ri_one_master_ws/install/audio_common_msgs/local/lib/python3.10/dist-packages/audio_common_msgs/msg/_audio_info.py
[1.802s] -- Up-to-date symlink: /home/ri-one/ri_one_master_ws/install/audio_common_msgs/local/lib/python3.10/dist-packages/audio_common_msgs/msg/_audio_info_s.c
[1.808s] -- Up-to-date symlink: /home/ri-one/ri_one_master_ws/install/audio_common_msgs/local/lib/python3.10/dist-packages/audio_common_msgs/audio_common_msgs_s__rosidl_typesupport_fastrtps_c.cpython-310-x86_64-linux-gnu.so
[1.811s] -- Up-to-date symlink: /home/ri-one/ri_one_master_ws/install/audio_common_msgs/local/lib/python3.10/dist-packages/audio_common_msgs/audio_common_msgs_s__rosidl_typesupport_introspection_c.cpython-310-x86_64-linux-gnu.so
[1.811s] -- Up-to-date symlink: /home/ri-one/ri_one_master_ws/install/audio_common_msgs/local/lib/python3.10/dist-packages/audio_common_msgs/audio_common_msgs_s__rosidl_typesupport_c.cpython-310-x86_64-linux-gnu.so
[1.811s] -- Up-to-date symlink: /home/ri-one/ri_one_master_ws/install/audio_common_msgs/share/audio_common_msgs/msg/AudioData.idl
[1.811s] -- Up-to-date symlink: /home/ri-one/ri_one_master_ws/install/audio_common_msgs/share/audio_common_msgs/msg/AudioDataStamped.idl
[1.812s] -- Up-to-date symlink: /home/ri-one/ri_one_master_ws/install/audio_common_msgs/share/audio_common_msgs/msg/AudioInfo.idl
[1.812s] -- Up-to-date symlink: /home/ri-one/ri_one_master_ws/install/audio_common_msgs/share/audio_common_msgs/msg/AudioData.msg
[1.812s] -- Up-to-date symlink: /home/ri-one/ri_one_master_ws/install/audio_common_msgs/share/audio_common_msgs/msg/AudioDataStamped.msg
[1.812s] -- Up-to-date symlink: /home/ri-one/ri_one_master_ws/install/audio_common_msgs/share/audio_common_msgs/msg/AudioInfo.msg
[1.812s] -- Up-to-date symlink: /home/ri-one/ri_one_master_ws/install/audio_common_msgs/share/ament_index/resource_index/package_run_dependencies/audio_common_msgs
[1.812s] -- Up-to-date symlink: /home/ri-one/ri_one_master_ws/install/audio_common_msgs/share/ament_index/resource_index/parent_prefix_path/audio_common_msgs
[1.812s] -- Up-to-date symlink: /home/ri-one/ri_one_master_ws/install/audio_common_msgs/share/audio_common_msgs/environment/ament_prefix_path.sh
[1.813s] -- Up-to-date symlink: /home/ri-one/ri_one_master_ws/install/audio_common_msgs/share/audio_common_msgs/environment/ament_prefix_path.dsv
[1.813s] -- Up-to-date symlink: /home/ri-one/ri_one_master_ws/install/audio_common_msgs/share/audio_common_msgs/environment/path.sh
[1.813s] -- Up-to-date symlink: /home/ri-one/ri_one_master_ws/install/audio_common_msgs/share/audio_common_msgs/environment/path.dsv
[1.813s] -- Up-to-date symlink: /home/ri-one/ri_one_master_ws/install/audio_common_msgs/share/audio_common_msgs/local_setup.bash
[1.813s] -- Up-to-date symlink: /home/ri-one/ri_one_master_ws/install/audio_common_msgs/share/audio_common_msgs/local_setup.sh
[1.815s] -- Up-to-date symlink: /home/ri-one/ri_one_master_ws/install/audio_common_msgs/share/audio_common_msgs/local_setup.zsh
[1.816s] -- Up-to-date symlink: /home/ri-one/ri_one_master_ws/install/audio_common_msgs/share/audio_common_msgs/local_setup.dsv
[1.816s] -- Symlinking: /home/ri-one/ri_one_master_ws/install/audio_common_msgs/share/audio_common_msgs/package.dsv
[1.864s] -- Up-to-date symlink: /home/ri-one/ri_one_master_ws/install/audio_common_msgs/share/ament_index/resource_index/packages/audio_common_msgs
[1.865s] -- Up-to-date symlink: /home/ri-one/ri_one_master_ws/install/audio_common_msgs/share/audio_common_msgs/cmake/rosidl_cmake-extras.cmake
[1.865s] -- Up-to-date symlink: /home/ri-one/ri_one_master_ws/install/audio_common_msgs/share/audio_common_msgs/cmake/ament_cmake_export_dependencies-extras.cmake
[1.866s] -- Up-to-date symlink: /home/ri-one/ri_one_master_ws/install/audio_common_msgs/share/audio_common_msgs/cmake/ament_cmake_export_include_directories-extras.cmake
[1.867s] -- Up-to-date symlink: /home/ri-one/ri_one_master_ws/install/audio_common_msgs/share/audio_common_msgs/cmake/ament_cmake_export_libraries-extras.cmake
[1.871s] -- Up-to-date symlink: /home/ri-one/ri_one_master_ws/install/audio_common_msgs/share/audio_common_msgs/cmake/ament_cmake_export_targets-extras.cmake
[1.871s] -- Up-to-date symlink: /home/ri-one/ri_one_master_ws/install/audio_common_msgs/share/audio_common_msgs/cmake/rosidl_cmake_export_typesupport_targets-extras.cmake
[1.872s] -- Up-to-date symlink: /home/ri-one/ri_one_master_ws/install/audio_common_msgs/share/audio_common_msgs/cmake/rosidl_cmake_export_typesupport_libraries-extras.cmake
[1.872s] -- Up-to-date symlink: /home/ri-one/ri_one_master_ws/install/audio_common_msgs/share/audio_common_msgs/cmake/audio_common_msgsConfig.cmake
[1.872s] -- Up-to-date symlink: /home/ri-one/ri_one_master_ws/install/audio_common_msgs/share/audio_common_msgs/cmake/audio_common_msgsConfig-version.cmake
[1.872s] -- Up-to-date symlink: /home/ri-one/ri_one_master_ws/install/audio_common_msgs/share/audio_common_msgs/package.xml
[1.875s] -- Up-to-date: /home/ri-one/ri_one_master_ws/install/audio_common_msgs/lib/libaudio_common_msgs__rosidl_generator_c.so
[1.876s] -- Up-to-date: /home/ri-one/ri_one_master_ws/install/audio_common_msgs/lib/libaudio_common_msgs__rosidl_typesupport_fastrtps_c.so
[1.877s] -- Up-to-date: /home/ri-one/ri_one_master_ws/install/audio_common_msgs/lib/libaudio_common_msgs__rosidl_typesupport_introspection_c.so
[1.877s] -- Up-to-date: /home/ri-one/ri_one_master_ws/install/audio_common_msgs/lib/libaudio_common_msgs__rosidl_typesupport_c.so
[1.877s] -- Up-to-date: /home/ri-one/ri_one_master_ws/install/audio_common_msgs/lib/libaudio_common_msgs__rosidl_typesupport_fastrtps_cpp.so
[1.878s] -- Up-to-date: /home/ri-one/ri_one_master_ws/install/audio_common_msgs/lib/libaudio_common_msgs__rosidl_typesupport_introspection_cpp.so
[1.878s] -- Up-to-date: /home/ri-one/ri_one_master_ws/install/audio_common_msgs/lib/libaudio_common_msgs__rosidl_typesupport_cpp.so
[1.990s] Listing '/home/ri-one/ri_one_master_ws/install/audio_common_msgs/local/lib/python3.10/dist-packages/audio_common_msgs'...
[1.990s] Listing '/home/ri-one/ri_one_master_ws/install/audio_common_msgs/local/lib/python3.10/dist-packages/audio_common_msgs/msg'...
[2.017s] -- Up-to-date: /home/ri-one/ri_one_master_ws/install/audio_common_msgs/lib/libaudio_common_msgs__rosidl_generator_py.so
[2.018s] -- Up-to-date: /home/ri-one/ri_one_master_ws/install/audio_common_msgs/share/audio_common_msgs/cmake/export_audio_common_msgs__rosidl_generator_cExport.cmake
[2.018s] -- Up-to-date: /home/ri-one/ri_one_master_ws/install/audio_common_msgs/share/audio_common_msgs/cmake/export_audio_common_msgs__rosidl_generator_cExport-noconfig.cmake
[2.018s] -- Up-to-date: /home/ri-one/ri_one_master_ws/install/audio_common_msgs/share/audio_common_msgs/cmake/export_audio_common_msgs__rosidl_typesupport_fastrtps_cExport.cmake
[2.018s] -- Up-to-date: /home/ri-one/ri_one_master_ws/install/audio_common_msgs/share/audio_common_msgs/cmake/export_audio_common_msgs__rosidl_typesupport_fastrtps_cExport-noconfig.cmake
[2.018s] -- Up-to-date: /home/ri-one/ri_one_master_ws/install/audio_common_msgs/share/audio_common_msgs/cmake/audio_common_msgs__rosidl_typesupport_introspection_cExport.cmake
[2.022s] -- Up-to-date: /home/ri-one/ri_one_master_ws/install/audio_common_msgs/share/audio_common_msgs/cmake/audio_common_msgs__rosidl_typesupport_introspection_cExport-noconfig.cmake
[2.022s] -- Up-to-date: /home/ri-one/ri_one_master_ws/install/audio_common_msgs/share/audio_common_msgs/cmake/audio_common_msgs__rosidl_typesupport_cExport.cmake
[2.022s] -- Up-to-date: /home/ri-one/ri_one_master_ws/install/audio_common_msgs/share/audio_common_msgs/cmake/audio_common_msgs__rosidl_typesupport_cExport-noconfig.cmake
[2.022s] -- Up-to-date: /home/ri-one/ri_one_master_ws/install/audio_common_msgs/share/audio_common_msgs/cmake/export_audio_common_msgs__rosidl_generator_cppExport.cmake
[2.026s] -- Up-to-date: /home/ri-one/ri_one_master_ws/install/audio_common_msgs/share/audio_common_msgs/cmake/export_audio_common_msgs__rosidl_typesupport_fastrtps_cppExport.cmake
[2.027s] -- Up-to-date: /home/ri-one/ri_one_master_ws/install/audio_common_msgs/share/audio_common_msgs/cmake/export_audio_common_msgs__rosidl_typesupport_fastrtps_cppExport-noconfig.cmake
[2.027s] -- Up-to-date: /home/ri-one/ri_one_master_ws/install/audio_common_msgs/share/audio_common_msgs/cmake/audio_common_msgs__rosidl_typesupport_introspection_cppExport.cmake
[2.027s] -- Up-to-date: /home/ri-one/ri_one_master_ws/install/audio_common_msgs/share/audio_common_msgs/cmake/audio_common_msgs__rosidl_typesupport_introspection_cppExport-noconfig.cmake
[2.027s] -- Up-to-date: /home/ri-one/ri_one_master_ws/install/audio_common_msgs/share/audio_common_msgs/cmake/audio_common_msgs__rosidl_typesupport_cppExport.cmake
[2.027s] -- Up-to-date: /home/ri-one/ri_one_master_ws/install/audio_common_msgs/share/audio_common_msgs/cmake/audio_common_msgs__rosidl_typesupport_cppExport-noconfig.cmake
[2.027s] -- Up-to-date: /home/ri-one/ri_one_master_ws/install/audio_common_msgs/share/audio_common_msgs/cmake/export_audio_common_msgs__rosidl_generator_pyExport.cmake
[2.027s] -- Up-to-date: /home/ri-one/ri_one_master_ws/install/audio_common_msgs/share/audio_common_msgs/cmake/export_audio_common_msgs__rosidl_generator_pyExport-noconfig.cmake
[2.028s] Invoked command in '/home/ri-one/ri_one_master_ws/build/audio_common_msgs' returned '0': CMAKE_PREFIX_PATH=${CMAKE_PREFIX_PATH}:/home/ri-one/ri_one_master_ws/install/kinect2_calibration:/home/ri-one/ri_one_master_ws/install/ros2_tests:/home/ri-one/ri_one_master_ws/install/realsense_vision:/home/ri-one/ri_one_master_ws/install/realsense2_ros_mqtt_bridge:/home/ri-one/ri_one_master_ws/install/gesture_to_motion:/home/ri-one/ri_one_master_ws/install/gesture_detection:/home/ri-one/ri_one_master_ws/install/ecl_filesystem:/opt/ros/humble /usr/bin/cmake --install /home/ri-one/ri_one_master_ws/build/audio_common_msgs
