[0.076s] Invoking command in '/home/ri-one/ros2_ws/src/build/kobuki_node': AMENT_PREFIX_PATH=/home/ri-one/ros2_ws/src/install/kobuki_core:/home/ri-one/ros2_ws/src/install/ecl_mobile_robot:/home/ri-one/ros2_ws/src/install/ecl_geometry:/home/ri-one/ros2_ws/src/install/ecl_devices:/home/ri-one/ros2_ws/src/install/ecl_sigslots:/home/ri-one/ros2_ws/src/install/ecl_linear_algebra:/home/ri-one/ros2_ws/src/install/ecl_containers:/home/ri-one/ros2_ws/src/install/ecl_threads:/home/ri-one/ros2_ws/src/install/ecl_formatters:/home/ri-one/ros2_ws/src/install/ecl_utilities:/home/ri-one/ros2_ws/src/install/ecl_time:/home/ri-one/ros2_ws/src/install/ecl_converters:/home/ri-one/ros2_ws/src/install/ecl_time_lite:/home/ri-one/ros2_ws/src/install/ecl_math:/home/ri-one/ros2_ws/src/install/ecl_exceptions:/home/ri-one/ros2_ws/src/install/ecl_concepts:/home/ri-one/ros2_ws/src/install/ecl_type_traits:/home/ri-one/ros2_ws/src/install/ecl_errors:/home/ri-one/ros2_ws/src/install/ecl_console:/home/ri-one/ros2_ws/src/install/kobuki_ros_interfaces:/home/ri-one/ros2_ws/src/install/ecl_mpl:/home/ri-one/ros2_ws/src/install/ecl_eigen:/home/ri-one/ros2_ws/src/install/ecl_config:/home/ri-one/ros2_ws/src/install/ecl_command_line:${AMENT_PREFIX_PATH} CMAKE_PREFIX_PATH=/home/ri-one/ros2_ws/src/install/kobuki_core:/home/ri-one/ros2_ws/src/install/ecl_mobile_robot:/home/ri-one/ros2_ws/src/install/ecl_geometry:/home/ri-one/ros2_ws/src/install/ecl_devices:/home/ri-one/ros2_ws/src/install/ecl_sigslots:/home/ri-one/ros2_ws/src/install/ecl_linear_algebra:/home/ri-one/ros2_ws/src/install/ecl_containers:/home/ri-one/ros2_ws/src/install/ecl_threads:/home/ri-one/ros2_ws/src/install/ecl_formatters:/home/ri-one/ros2_ws/src/install/ecl_utilities:/home/ri-one/ros2_ws/src/install/ecl_time:/home/ri-one/ros2_ws/src/install/ecl_converters:/home/ri-one/ros2_ws/src/install/ecl_time_lite:/home/ri-one/ros2_ws/src/install/ecl_math:/home/ri-one/ros2_ws/src/install/ecl_exceptions:/home/ri-one/ros2_ws/src/install/ecl_concepts:/home/ri-one/ros2_ws/src/install/ecl_type_traits:/home/ri-one/ros2_ws/src/install/ecl_errors:/home/ri-one/ros2_ws/src/install/ecl_console:/home/ri-one/ros2_ws/src/install/kobuki_ros_interfaces:/home/ri-one/ros2_ws/src/install/ecl_mpl:/home/ri-one/ros2_ws/src/install/ecl_eigen:/home/ri-one/ros2_ws/src/install/ecl_config:/home/ri-one/ros2_ws/src/install/ecl_command_line:/opt/ros/humble LD_LIBRARY_PATH=/home/ri-one/ros2_ws/src/install/kobuki_core/lib:/home/ri-one/ros2_ws/src/install/ecl_mobile_robot/lib:/home/ri-one/ros2_ws/src/install/ecl_geometry/lib:/home/ri-one/ros2_ws/src/install/ecl_devices/lib:/home/ri-one/ros2_ws/src/install/ecl_linear_algebra/lib:/home/ri-one/ros2_ws/src/install/ecl_threads/lib:/home/ri-one/ros2_ws/src/install/ecl_formatters/lib:/home/ri-one/ros2_ws/src/install/ecl_time/lib:/home/ri-one/ros2_ws/src/install/ecl_time_lite/lib:/home/ri-one/ros2_ws/src/install/ecl_exceptions/lib:/home/ri-one/ros2_ws/src/install/ecl_type_traits/lib:/home/ri-one/ros2_ws/src/install/ecl_errors/lib:/home/ri-one/ros2_ws/src/install/kobuki_ros_interfaces/lib:${LD_LIBRARY_PATH} PATH=/home/ri-one/ros2_ws/src/install/kobuki_core/bin:/home/ri-one/ros2_ws/src/install/ecl_type_traits/bin:/home/ri-one/ros2_ws/src/install/ecl_config/bin:${PATH} PYTHONPATH=/home/ri-one/ros2_ws/src/install/kobuki_ros_interfaces/local/lib/python3.10/dist-packages:${PYTHONPATH} /usr/bin/cmake /home/ri-one/ros2_ws/src/turtlebot2_ros2/kobuki_ros/kobuki_node -DCMAKE_INSTALL_PREFIX=/home/ri-one/ros2_ws/src/install/kobuki_node
[0.167s] -- The C compiler identification is GNU 11.4.0
[0.252s] -- The CXX compiler identification is GNU 11.4.0
[0.263s] -- Detecting C compiler ABI info
[0.373s] -- Detecting C compiler ABI info - done
[0.383s] -- Check for working C compiler: /usr/bin/cc - skipped
[0.383s] -- Detecting C compile features
[0.384s] -- Detecting C compile features - done
[0.388s] -- Detecting CXX compiler ABI info
[0.514s] -- Detecting CXX compiler ABI info - done
[0.525s] -- Check for working CXX compiler: /usr/bin/c++ - skipped
[0.526s] -- Detecting CXX compile features
[0.527s] -- Detecting CXX compile features - done
[0.534s] -- Found ament_cmake_ros: 0.10.0 (/opt/ros/humble/share/ament_cmake_ros/cmake)
[0.778s] -- Found Python3: /usr/bin/python3 (found version "3.10.12") found components: Interpreter 
[1.005s] -- Found angles: 1.15.0 (/opt/ros/humble/share/angles/cmake)
[1.019s] -- Found diagnostic_msgs: 4.9.0 (/opt/ros/humble/share/diagnostic_msgs/cmake)
[1.146s] -- Found rosidl_generator_c: 3.1.7 (/opt/ros/humble/share/rosidl_generator_c/cmake)
[1.161s] -- Found rosidl_adapter: 3.1.7 (/opt/ros/humble/share/rosidl_adapter/cmake)
[1.180s] -- Found rosidl_generator_cpp: 3.1.7 (/opt/ros/humble/share/rosidl_generator_cpp/cmake)
[1.206s] -- Using all available rosidl_typesupport_c: rosidl_typesupport_fastrtps_c;rosidl_typesupport_introspection_c
[1.242s] -- Using all available rosidl_typesupport_cpp: rosidl_typesupport_fastrtps_cpp;rosidl_typesupport_introspection_cpp
[1.320s] -- Found diagnostic_updater: 4.0.6 (/opt/ros/humble/share/diagnostic_updater/cmake)
[1.441s] -- Found rmw_implementation_cmake: 6.1.2 (/opt/ros/humble/share/rmw_implementation_cmake/cmake)
[1.450s] -- Found rmw_fastrtps_cpp: 6.2.9 (/opt/ros/humble/share/rmw_fastrtps_cpp/cmake)
[1.609s] -- Found OpenSSL: /usr/lib/x86_64-linux-gnu/libcrypto.so (found version "3.0.2")  
[1.654s] -- Found FastRTPS: /opt/ros/humble/include  
[1.719s] -- Using RMW implementation 'rmw_fastrtps_cpp' as default
[1.743s] -- Looking for pthread.h
[1.853s] -- Looking for pthread.h - found
[1.854s] -- Performing Test CMAKE_HAVE_LIBC_PTHREAD
[1.964s] -- Performing Test CMAKE_HAVE_LIBC_PTHREAD - Success
[1.966s] -- Found Threads: TRUE  
[2.050s] -- Found ecl_build: 1.0.3 (/opt/ros/humble/share/ecl_build/cmake)
[2.064s] -- Found ecl_errors: 1.2.0 (/home/ri-one/ros2_ws/src/install/ecl_errors/share/ecl_errors/cmake)
[2.075s] -- Found ecl_exceptions: 1.2.1 (/home/ri-one/ros2_ws/src/install/ecl_exceptions/share/ecl_exceptions/cmake)
[2.079s] -- Found ecl_geometry: 1.2.1 (/home/ri-one/ros2_ws/src/install/ecl_geometry/share/ecl_geometry/cmake)
[2.182s] -- Found ecl_sigslots: 1.2.1 (/home/ri-one/ros2_ws/src/install/ecl_sigslots/share/ecl_sigslots/cmake)
[2.188s] [33mCMake Warning (dev) at /usr/share/cmake-3.22/Modules/FindPackageHandleStandardArgs.cmake:438 (message):
[2.189s]   The package name passed to `find_package_handle_standard_args` (Threads)
[2.189s]   does not match the name of the calling package (ecl_threads).  This can
[2.189s]   lead to problems in calling code that expects `find_package` result
[2.189s]   variables (e.g., `_FOUND`) to follow a certain pattern.
[2.189s] Call Stack (most recent call first):
[2.189s]   /usr/share/cmake-3.22/Modules/FindThreads.cmake:238 (FIND_PACKAGE_HANDLE_STANDARD_ARGS)
[2.189s]   /opt/ros/humble/share/ecl_build/cmake/ecl_platform_detection.cmake:225 (include)
[2.190s]   /home/ri-one/ros2_ws/src/install/ecl_threads/share/ecl_threads/cmake/ecl_threads-extras.cmake:4 (ecl_detect_threads)
[2.190s]   /home/ri-one/ros2_ws/src/install/ecl_threads/share/ecl_threads/cmake/ecl_threadsConfig.cmake:41 (include)
[2.190s]   /home/ri-one/ros2_ws/src/install/ecl_sigslots/share/ecl_sigslots/cmake/ament_cmake_export_dependencies-extras.cmake:21 (find_package)
[2.190s]   /home/ri-one/ros2_ws/src/install/ecl_sigslots/share/ecl_sigslots/cmake/ecl_sigslotsConfig.cmake:41 (include)
[2.190s]   CMakeLists.txt:13 (find_package)
[2.190s] This warning is for project developers.  Use -Wno-dev to suppress it.
[2.190s] [0m
[2.210s] -- Found geometry_msgs: 4.9.0 (/opt/ros/humble/share/geometry_msgs/cmake)
[2.227s] -- Found kobuki_core: 1.4.0 (/home/ri-one/ros2_ws/src/install/kobuki_core/share/kobuki_core/cmake)
[2.251s] -- Found kobuki_ros_interfaces: 1.0.0 (/home/ri-one/ros2_ws/src/install/kobuki_ros_interfaces/share/kobuki_ros_interfaces/cmake)
[2.319s] -- Found nav_msgs: 4.9.0 (/opt/ros/humble/share/nav_msgs/cmake)
[2.347s] -- Found rclcpp_components: 16.0.15 (/opt/ros/humble/share/rclcpp_components/cmake)
[2.399s] -- Found sensor_msgs: 4.9.0 (/opt/ros/humble/share/sensor_msgs/cmake)
[2.426s] -- Found tf2: 0.25.16 (/opt/ros/humble/share/tf2/cmake)
[2.436s] -- Found tf2_ros: 0.25.16 (/opt/ros/humble/share/tf2_ros/cmake)
[2.656s] -- Configuring done
[2.710s] -- Generating done
[2.725s] -- Build files have been written to: /home/ri-one/ros2_ws/src/build/kobuki_node
[2.758s] Invoked command in '/home/ri-one/ros2_ws/src/build/kobuki_node' returned '0': AMENT_PREFIX_PATH=/home/ri-one/ros2_ws/src/install/kobuki_core:/home/ri-one/ros2_ws/src/install/ecl_mobile_robot:/home/ri-one/ros2_ws/src/install/ecl_geometry:/home/ri-one/ros2_ws/src/install/ecl_devices:/home/ri-one/ros2_ws/src/install/ecl_sigslots:/home/ri-one/ros2_ws/src/install/ecl_linear_algebra:/home/ri-one/ros2_ws/src/install/ecl_containers:/home/ri-one/ros2_ws/src/install/ecl_threads:/home/ri-one/ros2_ws/src/install/ecl_formatters:/home/ri-one/ros2_ws/src/install/ecl_utilities:/home/ri-one/ros2_ws/src/install/ecl_time:/home/ri-one/ros2_ws/src/install/ecl_converters:/home/ri-one/ros2_ws/src/install/ecl_time_lite:/home/ri-one/ros2_ws/src/install/ecl_math:/home/ri-one/ros2_ws/src/install/ecl_exceptions:/home/ri-one/ros2_ws/src/install/ecl_concepts:/home/ri-one/ros2_ws/src/install/ecl_type_traits:/home/ri-one/ros2_ws/src/install/ecl_errors:/home/ri-one/ros2_ws/src/install/ecl_console:/home/ri-one/ros2_ws/src/install/kobuki_ros_interfaces:/home/ri-one/ros2_ws/src/install/ecl_mpl:/home/ri-one/ros2_ws/src/install/ecl_eigen:/home/ri-one/ros2_ws/src/install/ecl_config:/home/ri-one/ros2_ws/src/install/ecl_command_line:${AMENT_PREFIX_PATH} CMAKE_PREFIX_PATH=/home/ri-one/ros2_ws/src/install/kobuki_core:/home/ri-one/ros2_ws/src/install/ecl_mobile_robot:/home/ri-one/ros2_ws/src/install/ecl_geometry:/home/ri-one/ros2_ws/src/install/ecl_devices:/home/ri-one/ros2_ws/src/install/ecl_sigslots:/home/ri-one/ros2_ws/src/install/ecl_linear_algebra:/home/ri-one/ros2_ws/src/install/ecl_containers:/home/ri-one/ros2_ws/src/install/ecl_threads:/home/ri-one/ros2_ws/src/install/ecl_formatters:/home/ri-one/ros2_ws/src/install/ecl_utilities:/home/ri-one/ros2_ws/src/install/ecl_time:/home/ri-one/ros2_ws/src/install/ecl_converters:/home/ri-one/ros2_ws/src/install/ecl_time_lite:/home/ri-one/ros2_ws/src/install/ecl_math:/home/ri-one/ros2_ws/src/install/ecl_exceptions:/home/ri-one/ros2_ws/src/install/ecl_concepts:/home/ri-one/ros2_ws/src/install/ecl_type_traits:/home/ri-one/ros2_ws/src/install/ecl_errors:/home/ri-one/ros2_ws/src/install/ecl_console:/home/ri-one/ros2_ws/src/install/kobuki_ros_interfaces:/home/ri-one/ros2_ws/src/install/ecl_mpl:/home/ri-one/ros2_ws/src/install/ecl_eigen:/home/ri-one/ros2_ws/src/install/ecl_config:/home/ri-one/ros2_ws/src/install/ecl_command_line:/opt/ros/humble LD_LIBRARY_PATH=/home/ri-one/ros2_ws/src/install/kobuki_core/lib:/home/ri-one/ros2_ws/src/install/ecl_mobile_robot/lib:/home/ri-one/ros2_ws/src/install/ecl_geometry/lib:/home/ri-one/ros2_ws/src/install/ecl_devices/lib:/home/ri-one/ros2_ws/src/install/ecl_linear_algebra/lib:/home/ri-one/ros2_ws/src/install/ecl_threads/lib:/home/ri-one/ros2_ws/src/install/ecl_formatters/lib:/home/ri-one/ros2_ws/src/install/ecl_time/lib:/home/ri-one/ros2_ws/src/install/ecl_time_lite/lib:/home/ri-one/ros2_ws/src/install/ecl_exceptions/lib:/home/ri-one/ros2_ws/src/install/ecl_type_traits/lib:/home/ri-one/ros2_ws/src/install/ecl_errors/lib:/home/ri-one/ros2_ws/src/install/kobuki_ros_interfaces/lib:${LD_LIBRARY_PATH} PATH=/home/ri-one/ros2_ws/src/install/kobuki_core/bin:/home/ri-one/ros2_ws/src/install/ecl_type_traits/bin:/home/ri-one/ros2_ws/src/install/ecl_config/bin:${PATH} PYTHONPATH=/home/ri-one/ros2_ws/src/install/kobuki_ros_interfaces/local/lib/python3.10/dist-packages:${PYTHONPATH} /usr/bin/cmake /home/ri-one/ros2_ws/src/turtlebot2_ros2/kobuki_ros/kobuki_node -DCMAKE_INSTALL_PREFIX=/home/ri-one/ros2_ws/src/install/kobuki_node
[2.759s] Invoking command in '/home/ri-one/ros2_ws/src/build/kobuki_node': AMENT_PREFIX_PATH=/home/ri-one/ros2_ws/src/install/kobuki_core:/home/ri-one/ros2_ws/src/install/ecl_mobile_robot:/home/ri-one/ros2_ws/src/install/ecl_geometry:/home/ri-one/ros2_ws/src/install/ecl_devices:/home/ri-one/ros2_ws/src/install/ecl_sigslots:/home/ri-one/ros2_ws/src/install/ecl_linear_algebra:/home/ri-one/ros2_ws/src/install/ecl_containers:/home/ri-one/ros2_ws/src/install/ecl_threads:/home/ri-one/ros2_ws/src/install/ecl_formatters:/home/ri-one/ros2_ws/src/install/ecl_utilities:/home/ri-one/ros2_ws/src/install/ecl_time:/home/ri-one/ros2_ws/src/install/ecl_converters:/home/ri-one/ros2_ws/src/install/ecl_time_lite:/home/ri-one/ros2_ws/src/install/ecl_math:/home/ri-one/ros2_ws/src/install/ecl_exceptions:/home/ri-one/ros2_ws/src/install/ecl_concepts:/home/ri-one/ros2_ws/src/install/ecl_type_traits:/home/ri-one/ros2_ws/src/install/ecl_errors:/home/ri-one/ros2_ws/src/install/ecl_console:/home/ri-one/ros2_ws/src/install/kobuki_ros_interfaces:/home/ri-one/ros2_ws/src/install/ecl_mpl:/home/ri-one/ros2_ws/src/install/ecl_eigen:/home/ri-one/ros2_ws/src/install/ecl_config:/home/ri-one/ros2_ws/src/install/ecl_command_line:${AMENT_PREFIX_PATH} CMAKE_PREFIX_PATH=/home/ri-one/ros2_ws/src/install/kobuki_core:/home/ri-one/ros2_ws/src/install/ecl_mobile_robot:/home/ri-one/ros2_ws/src/install/ecl_geometry:/home/ri-one/ros2_ws/src/install/ecl_devices:/home/ri-one/ros2_ws/src/install/ecl_sigslots:/home/ri-one/ros2_ws/src/install/ecl_linear_algebra:/home/ri-one/ros2_ws/src/install/ecl_containers:/home/ri-one/ros2_ws/src/install/ecl_threads:/home/ri-one/ros2_ws/src/install/ecl_formatters:/home/ri-one/ros2_ws/src/install/ecl_utilities:/home/ri-one/ros2_ws/src/install/ecl_time:/home/ri-one/ros2_ws/src/install/ecl_converters:/home/ri-one/ros2_ws/src/install/ecl_time_lite:/home/ri-one/ros2_ws/src/install/ecl_math:/home/ri-one/ros2_ws/src/install/ecl_exceptions:/home/ri-one/ros2_ws/src/install/ecl_concepts:/home/ri-one/ros2_ws/src/install/ecl_type_traits:/home/ri-one/ros2_ws/src/install/ecl_errors:/home/ri-one/ros2_ws/src/install/ecl_console:/home/ri-one/ros2_ws/src/install/kobuki_ros_interfaces:/home/ri-one/ros2_ws/src/install/ecl_mpl:/home/ri-one/ros2_ws/src/install/ecl_eigen:/home/ri-one/ros2_ws/src/install/ecl_config:/home/ri-one/ros2_ws/src/install/ecl_command_line:/opt/ros/humble LD_LIBRARY_PATH=/home/ri-one/ros2_ws/src/install/kobuki_core/lib:/home/ri-one/ros2_ws/src/install/ecl_mobile_robot/lib:/home/ri-one/ros2_ws/src/install/ecl_geometry/lib:/home/ri-one/ros2_ws/src/install/ecl_devices/lib:/home/ri-one/ros2_ws/src/install/ecl_linear_algebra/lib:/home/ri-one/ros2_ws/src/install/ecl_threads/lib:/home/ri-one/ros2_ws/src/install/ecl_formatters/lib:/home/ri-one/ros2_ws/src/install/ecl_time/lib:/home/ri-one/ros2_ws/src/install/ecl_time_lite/lib:/home/ri-one/ros2_ws/src/install/ecl_exceptions/lib:/home/ri-one/ros2_ws/src/install/ecl_type_traits/lib:/home/ri-one/ros2_ws/src/install/ecl_errors/lib:/home/ri-one/ros2_ws/src/install/kobuki_ros_interfaces/lib:${LD_LIBRARY_PATH} PATH=/home/ri-one/ros2_ws/src/install/kobuki_core/bin:/home/ri-one/ros2_ws/src/install/ecl_type_traits/bin:/home/ri-one/ros2_ws/src/install/ecl_config/bin:${PATH} PYTHONPATH=/home/ri-one/ros2_ws/src/install/kobuki_ros_interfaces/local/lib/python3.10/dist-packages:${PYTHONPATH} /usr/bin/cmake --build /home/ri-one/ros2_ws/src/build/kobuki_node -- -j4 -l4
[2.895s] [ 16%] [32mBuilding CXX object CMakeFiles/kobuki_ros.dir/src/odometry.cpp.o[0m
[2.898s] [ 33%] [32mBuilding CXX object CMakeFiles/kobuki_ros.dir/src/diagnostics.cpp.o[0m
[2.898s] [ 50%] [32mBuilding CXX object CMakeFiles/kobuki_ros.dir/src/kobuki_ros.cpp.o[0m
[2.907s] [ 66%] [32mBuilding CXX object CMakeFiles/kobuki_ros_node.dir/rclcpp_components/node_main_kobuki_ros_node.cpp.o[0m
[12.559s] [ 83%] [32m[1mLinking CXX executable kobuki_ros_node[0m
[13.196s] [ 83%] Built target kobuki_ros_node
[67.475s] [100%] [32m[1mLinking CXX shared library libkobuki_ros.so[0m
[72.303s] [100%] Built target kobuki_ros
[72.321s] Invoked command in '/home/ri-one/ros2_ws/src/build/kobuki_node' returned '0': AMENT_PREFIX_PATH=/home/ri-one/ros2_ws/src/install/kobuki_core:/home/ri-one/ros2_ws/src/install/ecl_mobile_robot:/home/ri-one/ros2_ws/src/install/ecl_geometry:/home/ri-one/ros2_ws/src/install/ecl_devices:/home/ri-one/ros2_ws/src/install/ecl_sigslots:/home/ri-one/ros2_ws/src/install/ecl_linear_algebra:/home/ri-one/ros2_ws/src/install/ecl_containers:/home/ri-one/ros2_ws/src/install/ecl_threads:/home/ri-one/ros2_ws/src/install/ecl_formatters:/home/ri-one/ros2_ws/src/install/ecl_utilities:/home/ri-one/ros2_ws/src/install/ecl_time:/home/ri-one/ros2_ws/src/install/ecl_converters:/home/ri-one/ros2_ws/src/install/ecl_time_lite:/home/ri-one/ros2_ws/src/install/ecl_math:/home/ri-one/ros2_ws/src/install/ecl_exceptions:/home/ri-one/ros2_ws/src/install/ecl_concepts:/home/ri-one/ros2_ws/src/install/ecl_type_traits:/home/ri-one/ros2_ws/src/install/ecl_errors:/home/ri-one/ros2_ws/src/install/ecl_console:/home/ri-one/ros2_ws/src/install/kobuki_ros_interfaces:/home/ri-one/ros2_ws/src/install/ecl_mpl:/home/ri-one/ros2_ws/src/install/ecl_eigen:/home/ri-one/ros2_ws/src/install/ecl_config:/home/ri-one/ros2_ws/src/install/ecl_command_line:${AMENT_PREFIX_PATH} CMAKE_PREFIX_PATH=/home/ri-one/ros2_ws/src/install/kobuki_core:/home/ri-one/ros2_ws/src/install/ecl_mobile_robot:/home/ri-one/ros2_ws/src/install/ecl_geometry:/home/ri-one/ros2_ws/src/install/ecl_devices:/home/ri-one/ros2_ws/src/install/ecl_sigslots:/home/ri-one/ros2_ws/src/install/ecl_linear_algebra:/home/ri-one/ros2_ws/src/install/ecl_containers:/home/ri-one/ros2_ws/src/install/ecl_threads:/home/ri-one/ros2_ws/src/install/ecl_formatters:/home/ri-one/ros2_ws/src/install/ecl_utilities:/home/ri-one/ros2_ws/src/install/ecl_time:/home/ri-one/ros2_ws/src/install/ecl_converters:/home/ri-one/ros2_ws/src/install/ecl_time_lite:/home/ri-one/ros2_ws/src/install/ecl_math:/home/ri-one/ros2_ws/src/install/ecl_exceptions:/home/ri-one/ros2_ws/src/install/ecl_concepts:/home/ri-one/ros2_ws/src/install/ecl_type_traits:/home/ri-one/ros2_ws/src/install/ecl_errors:/home/ri-one/ros2_ws/src/install/ecl_console:/home/ri-one/ros2_ws/src/install/kobuki_ros_interfaces:/home/ri-one/ros2_ws/src/install/ecl_mpl:/home/ri-one/ros2_ws/src/install/ecl_eigen:/home/ri-one/ros2_ws/src/install/ecl_config:/home/ri-one/ros2_ws/src/install/ecl_command_line:/opt/ros/humble LD_LIBRARY_PATH=/home/ri-one/ros2_ws/src/install/kobuki_core/lib:/home/ri-one/ros2_ws/src/install/ecl_mobile_robot/lib:/home/ri-one/ros2_ws/src/install/ecl_geometry/lib:/home/ri-one/ros2_ws/src/install/ecl_devices/lib:/home/ri-one/ros2_ws/src/install/ecl_linear_algebra/lib:/home/ri-one/ros2_ws/src/install/ecl_threads/lib:/home/ri-one/ros2_ws/src/install/ecl_formatters/lib:/home/ri-one/ros2_ws/src/install/ecl_time/lib:/home/ri-one/ros2_ws/src/install/ecl_time_lite/lib:/home/ri-one/ros2_ws/src/install/ecl_exceptions/lib:/home/ri-one/ros2_ws/src/install/ecl_type_traits/lib:/home/ri-one/ros2_ws/src/install/ecl_errors/lib:/home/ri-one/ros2_ws/src/install/kobuki_ros_interfaces/lib:${LD_LIBRARY_PATH} PATH=/home/ri-one/ros2_ws/src/install/kobuki_core/bin:/home/ri-one/ros2_ws/src/install/ecl_type_traits/bin:/home/ri-one/ros2_ws/src/install/ecl_config/bin:${PATH} PYTHONPATH=/home/ri-one/ros2_ws/src/install/kobuki_ros_interfaces/local/lib/python3.10/dist-packages:${PYTHONPATH} /usr/bin/cmake --build /home/ri-one/ros2_ws/src/build/kobuki_node -- -j4 -l4
[72.323s] Invoking command in '/home/ri-one/ros2_ws/src/build/kobuki_node': AMENT_PREFIX_PATH=/home/ri-one/ros2_ws/src/install/kobuki_core:/home/ri-one/ros2_ws/src/install/ecl_mobile_robot:/home/ri-one/ros2_ws/src/install/ecl_geometry:/home/ri-one/ros2_ws/src/install/ecl_devices:/home/ri-one/ros2_ws/src/install/ecl_sigslots:/home/ri-one/ros2_ws/src/install/ecl_linear_algebra:/home/ri-one/ros2_ws/src/install/ecl_containers:/home/ri-one/ros2_ws/src/install/ecl_threads:/home/ri-one/ros2_ws/src/install/ecl_formatters:/home/ri-one/ros2_ws/src/install/ecl_utilities:/home/ri-one/ros2_ws/src/install/ecl_time:/home/ri-one/ros2_ws/src/install/ecl_converters:/home/ri-one/ros2_ws/src/install/ecl_time_lite:/home/ri-one/ros2_ws/src/install/ecl_math:/home/ri-one/ros2_ws/src/install/ecl_exceptions:/home/ri-one/ros2_ws/src/install/ecl_concepts:/home/ri-one/ros2_ws/src/install/ecl_type_traits:/home/ri-one/ros2_ws/src/install/ecl_errors:/home/ri-one/ros2_ws/src/install/ecl_console:/home/ri-one/ros2_ws/src/install/kobuki_ros_interfaces:/home/ri-one/ros2_ws/src/install/ecl_mpl:/home/ri-one/ros2_ws/src/install/ecl_eigen:/home/ri-one/ros2_ws/src/install/ecl_config:/home/ri-one/ros2_ws/src/install/ecl_command_line:${AMENT_PREFIX_PATH} CMAKE_PREFIX_PATH=/home/ri-one/ros2_ws/src/install/kobuki_core:/home/ri-one/ros2_ws/src/install/ecl_mobile_robot:/home/ri-one/ros2_ws/src/install/ecl_geometry:/home/ri-one/ros2_ws/src/install/ecl_devices:/home/ri-one/ros2_ws/src/install/ecl_sigslots:/home/ri-one/ros2_ws/src/install/ecl_linear_algebra:/home/ri-one/ros2_ws/src/install/ecl_containers:/home/ri-one/ros2_ws/src/install/ecl_threads:/home/ri-one/ros2_ws/src/install/ecl_formatters:/home/ri-one/ros2_ws/src/install/ecl_utilities:/home/ri-one/ros2_ws/src/install/ecl_time:/home/ri-one/ros2_ws/src/install/ecl_converters:/home/ri-one/ros2_ws/src/install/ecl_time_lite:/home/ri-one/ros2_ws/src/install/ecl_math:/home/ri-one/ros2_ws/src/install/ecl_exceptions:/home/ri-one/ros2_ws/src/install/ecl_concepts:/home/ri-one/ros2_ws/src/install/ecl_type_traits:/home/ri-one/ros2_ws/src/install/ecl_errors:/home/ri-one/ros2_ws/src/install/ecl_console:/home/ri-one/ros2_ws/src/install/kobuki_ros_interfaces:/home/ri-one/ros2_ws/src/install/ecl_mpl:/home/ri-one/ros2_ws/src/install/ecl_eigen:/home/ri-one/ros2_ws/src/install/ecl_config:/home/ri-one/ros2_ws/src/install/ecl_command_line:/opt/ros/humble LD_LIBRARY_PATH=/home/ri-one/ros2_ws/src/install/kobuki_core/lib:/home/ri-one/ros2_ws/src/install/ecl_mobile_robot/lib:/home/ri-one/ros2_ws/src/install/ecl_geometry/lib:/home/ri-one/ros2_ws/src/install/ecl_devices/lib:/home/ri-one/ros2_ws/src/install/ecl_linear_algebra/lib:/home/ri-one/ros2_ws/src/install/ecl_threads/lib:/home/ri-one/ros2_ws/src/install/ecl_formatters/lib:/home/ri-one/ros2_ws/src/install/ecl_time/lib:/home/ri-one/ros2_ws/src/install/ecl_time_lite/lib:/home/ri-one/ros2_ws/src/install/ecl_exceptions/lib:/home/ri-one/ros2_ws/src/install/ecl_type_traits/lib:/home/ri-one/ros2_ws/src/install/ecl_errors/lib:/home/ri-one/ros2_ws/src/install/kobuki_ros_interfaces/lib:${LD_LIBRARY_PATH} PATH=/home/ri-one/ros2_ws/src/install/kobuki_core/bin:/home/ri-one/ros2_ws/src/install/ecl_type_traits/bin:/home/ri-one/ros2_ws/src/install/ecl_config/bin:${PATH} PYTHONPATH=/home/ri-one/ros2_ws/src/install/kobuki_ros_interfaces/local/lib/python3.10/dist-packages:${PYTHONPATH} /usr/bin/cmake --install /home/ri-one/ros2_ws/src/build/kobuki_node
[72.335s] -- Install configuration: ""
[72.335s] -- Installing: /home/ri-one/ros2_ws/src/install/kobuki_node/lib/kobuki_node/kobuki_ros_node
[72.336s] -- Set runtime path of "/home/ri-one/ros2_ws/src/install/kobuki_node/lib/kobuki_node/kobuki_ros_node" to ""
[72.336s] -- Installing: /home/ri-one/ros2_ws/src/install/kobuki_node/lib/libkobuki_ros.so
[72.382s] -- Set runtime path of "/home/ri-one/ros2_ws/src/install/kobuki_node/lib/libkobuki_ros.so" to ""
[72.382s] -- Installing: /home/ri-one/ros2_ws/src/install/kobuki_node/include/kobuki_node
[72.386s] -- Installing: /home/ri-one/ros2_ws/src/install/kobuki_node/include/kobuki_node/kobuki_ros.hpp
[72.386s] -- Installing: /home/ri-one/ros2_ws/src/install/kobuki_node/include/kobuki_node/diagnostics.hpp
[72.386s] -- Installing: /home/ri-one/ros2_ws/src/install/kobuki_node/include/kobuki_node/odometry.hpp
[72.386s] -- Installing: /home/ri-one/ros2_ws/src/install/kobuki_node/share/kobuki_node/config
[72.387s] -- Installing: /home/ri-one/ros2_ws/src/install/kobuki_node/share/kobuki_node/config/kobuki_node_params.yaml
[72.387s] -- Installing: /home/ri-one/ros2_ws/src/install/kobuki_node/share/kobuki_node/launch
[72.387s] -- Installing: /home/ri-one/ros2_ws/src/install/kobuki_node/share/kobuki_node/launch/kobuki_node-composed-launch.py
[72.388s] -- Installing: /home/ri-one/ros2_ws/src/install/kobuki_node/share/kobuki_node/launch/kobuki_node-launch.py
[72.388s] -- Installing: /home/ri-one/ros2_ws/src/install/kobuki_node/share/ament_index/resource_index/package_run_dependencies/kobuki_node
[72.388s] -- Installing: /home/ri-one/ros2_ws/src/install/kobuki_node/share/ament_index/resource_index/parent_prefix_path/kobuki_node
[72.389s] -- Installing: /home/ri-one/ros2_ws/src/install/kobuki_node/share/kobuki_node/environment/ament_prefix_path.sh
[72.389s] -- Installing: /home/ri-one/ros2_ws/src/install/kobuki_node/share/kobuki_node/environment/ament_prefix_path.dsv
[72.389s] -- Installing: /home/ri-one/ros2_ws/src/install/kobuki_node/share/kobuki_node/environment/path.sh
[72.389s] -- Installing: /home/ri-one/ros2_ws/src/install/kobuki_node/share/kobuki_node/environment/path.dsv
[72.390s] -- Installing: /home/ri-one/ros2_ws/src/install/kobuki_node/share/kobuki_node/local_setup.bash
[72.390s] -- Installing: /home/ri-one/ros2_ws/src/install/kobuki_node/share/kobuki_node/local_setup.sh
[72.390s] -- Installing: /home/ri-one/ros2_ws/src/install/kobuki_node/share/kobuki_node/local_setup.zsh
[72.390s] -- Installing: /home/ri-one/ros2_ws/src/install/kobuki_node/share/kobuki_node/local_setup.dsv
[72.391s] -- Installing: /home/ri-one/ros2_ws/src/install/kobuki_node/share/kobuki_node/package.dsv
[72.391s] -- Installing: /home/ri-one/ros2_ws/src/install/kobuki_node/share/ament_index/resource_index/packages/kobuki_node
[72.391s] -- Installing: /home/ri-one/ros2_ws/src/install/kobuki_node/share/ament_index/resource_index/rclcpp_components/kobuki_node
[72.391s] -- Installing: /home/ri-one/ros2_ws/src/install/kobuki_node/share/kobuki_node/cmake/kobuki_nodeConfig.cmake
[72.392s] -- Installing: /home/ri-one/ros2_ws/src/install/kobuki_node/share/kobuki_node/cmake/kobuki_nodeConfig-version.cmake
[72.392s] -- Installing: /home/ri-one/ros2_ws/src/install/kobuki_node/share/kobuki_node/package.xml
[72.395s] Invoked command in '/home/ri-one/ros2_ws/src/build/kobuki_node' returned '0': AMENT_PREFIX_PATH=/home/ri-one/ros2_ws/src/install/kobuki_core:/home/ri-one/ros2_ws/src/install/ecl_mobile_robot:/home/ri-one/ros2_ws/src/install/ecl_geometry:/home/ri-one/ros2_ws/src/install/ecl_devices:/home/ri-one/ros2_ws/src/install/ecl_sigslots:/home/ri-one/ros2_ws/src/install/ecl_linear_algebra:/home/ri-one/ros2_ws/src/install/ecl_containers:/home/ri-one/ros2_ws/src/install/ecl_threads:/home/ri-one/ros2_ws/src/install/ecl_formatters:/home/ri-one/ros2_ws/src/install/ecl_utilities:/home/ri-one/ros2_ws/src/install/ecl_time:/home/ri-one/ros2_ws/src/install/ecl_converters:/home/ri-one/ros2_ws/src/install/ecl_time_lite:/home/ri-one/ros2_ws/src/install/ecl_math:/home/ri-one/ros2_ws/src/install/ecl_exceptions:/home/ri-one/ros2_ws/src/install/ecl_concepts:/home/ri-one/ros2_ws/src/install/ecl_type_traits:/home/ri-one/ros2_ws/src/install/ecl_errors:/home/ri-one/ros2_ws/src/install/ecl_console:/home/ri-one/ros2_ws/src/install/kobuki_ros_interfaces:/home/ri-one/ros2_ws/src/install/ecl_mpl:/home/ri-one/ros2_ws/src/install/ecl_eigen:/home/ri-one/ros2_ws/src/install/ecl_config:/home/ri-one/ros2_ws/src/install/ecl_command_line:${AMENT_PREFIX_PATH} CMAKE_PREFIX_PATH=/home/ri-one/ros2_ws/src/install/kobuki_core:/home/ri-one/ros2_ws/src/install/ecl_mobile_robot:/home/ri-one/ros2_ws/src/install/ecl_geometry:/home/ri-one/ros2_ws/src/install/ecl_devices:/home/ri-one/ros2_ws/src/install/ecl_sigslots:/home/ri-one/ros2_ws/src/install/ecl_linear_algebra:/home/ri-one/ros2_ws/src/install/ecl_containers:/home/ri-one/ros2_ws/src/install/ecl_threads:/home/ri-one/ros2_ws/src/install/ecl_formatters:/home/ri-one/ros2_ws/src/install/ecl_utilities:/home/ri-one/ros2_ws/src/install/ecl_time:/home/ri-one/ros2_ws/src/install/ecl_converters:/home/ri-one/ros2_ws/src/install/ecl_time_lite:/home/ri-one/ros2_ws/src/install/ecl_math:/home/ri-one/ros2_ws/src/install/ecl_exceptions:/home/ri-one/ros2_ws/src/install/ecl_concepts:/home/ri-one/ros2_ws/src/install/ecl_type_traits:/home/ri-one/ros2_ws/src/install/ecl_errors:/home/ri-one/ros2_ws/src/install/ecl_console:/home/ri-one/ros2_ws/src/install/kobuki_ros_interfaces:/home/ri-one/ros2_ws/src/install/ecl_mpl:/home/ri-one/ros2_ws/src/install/ecl_eigen:/home/ri-one/ros2_ws/src/install/ecl_config:/home/ri-one/ros2_ws/src/install/ecl_command_line:/opt/ros/humble LD_LIBRARY_PATH=/home/ri-one/ros2_ws/src/install/kobuki_core/lib:/home/ri-one/ros2_ws/src/install/ecl_mobile_robot/lib:/home/ri-one/ros2_ws/src/install/ecl_geometry/lib:/home/ri-one/ros2_ws/src/install/ecl_devices/lib:/home/ri-one/ros2_ws/src/install/ecl_linear_algebra/lib:/home/ri-one/ros2_ws/src/install/ecl_threads/lib:/home/ri-one/ros2_ws/src/install/ecl_formatters/lib:/home/ri-one/ros2_ws/src/install/ecl_time/lib:/home/ri-one/ros2_ws/src/install/ecl_time_lite/lib:/home/ri-one/ros2_ws/src/install/ecl_exceptions/lib:/home/ri-one/ros2_ws/src/install/ecl_type_traits/lib:/home/ri-one/ros2_ws/src/install/ecl_errors/lib:/home/ri-one/ros2_ws/src/install/kobuki_ros_interfaces/lib:${LD_LIBRARY_PATH} PATH=/home/ri-one/ros2_ws/src/install/kobuki_core/bin:/home/ri-one/ros2_ws/src/install/ecl_type_traits/bin:/home/ri-one/ros2_ws/src/install/ecl_config/bin:${PATH} PYTHONPATH=/home/ri-one/ros2_ws/src/install/kobuki_ros_interfaces/local/lib/python3.10/dist-packages:${PYTHONPATH} /usr/bin/cmake --install /home/ri-one/ros2_ws/src/build/kobuki_node
