[0.099s] Invoking command in '/home/ri-one/ri_one_master_ws/build/ecl_geometry': AMENT_PREFIX_PATH=/home/ri-one/ri_one_master_ws/install/ecl_linear_algebra:/home/ri-one/ri_one_master_ws/install/ecl_containers:/home/ri-one/ri_one_master_ws/install/ecl_formatters:/home/ri-one/ri_one_master_ws/install/ecl_utilities:/home/ri-one/ri_one_master_ws/install/ecl_converters:/home/ri-one/ri_one_master_ws/install/ecl_math:/home/ri-one/ri_one_master_ws/install/ecl_exceptions:/home/ri-one/ri_one_master_ws/install/ecl_concepts:/home/ri-one/ri_one_master_ws/install/ecl_type_traits:/home/ri-one/ri_one_master_ws/install/ecl_errors:/home/ri-one/ri_one_master_ws/install/ecl_mpl:/home/ri-one/ri_one_master_ws/install/ecl_eigen:/home/ri-one/ri_one_master_ws/install/ecl_config:${AMENT_PREFIX_PATH} CMAKE_PREFIX_PATH=/home/ri-one/ri_one_master_ws/install/ecl_linear_algebra:/home/ri-one/ri_one_master_ws/install/ecl_containers:/home/ri-one/ri_one_master_ws/install/ecl_formatters:/home/ri-one/ri_one_master_ws/install/ecl_utilities:/home/ri-one/ri_one_master_ws/install/ecl_converters:/home/ri-one/ri_one_master_ws/install/ecl_math:/home/ri-one/ri_one_master_ws/install/ecl_exceptions:/home/ri-one/ri_one_master_ws/install/ecl_concepts:/home/ri-one/ri_one_master_ws/install/ecl_type_traits:/home/ri-one/ri_one_master_ws/install/ecl_errors:/home/ri-one/ri_one_master_ws/install/ecl_mpl:/home/ri-one/ri_one_master_ws/install/ecl_eigen:/home/ri-one/ri_one_master_ws/install/ecl_config:/opt/ros/humble LD_LIBRARY_PATH=/home/ri-one/ri_one_master_ws/install/ecl_linear_algebra/lib:/home/ri-one/ri_one_master_ws/install/ecl_formatters/lib:/home/ri-one/ri_one_master_ws/install/ecl_exceptions/lib:/home/ri-one/ri_one_master_ws/install/ecl_type_traits/lib:/home/ri-one/ri_one_master_ws/install/ecl_errors/lib:${LD_LIBRARY_PATH} PATH=/home/ri-one/ri_one_master_ws/install/ecl_type_traits/bin:/home/ri-one/ri_one_master_ws/install/ecl_config/bin:${PATH} /usr/bin/cmake /home/ri-one/ri_one_master_ws/src/turtlebot2_ros2/ecl_core/ecl_geometry -DAMENT_CMAKE_SYMLINK_INSTALL=1 -DCMAKE_INSTALL_PREFIX=/home/ri-one/ri_one_master_ws/install/ecl_geometry
[0.224s] -- The C compiler identification is GNU 11.4.0
[0.354s] -- The CXX compiler identification is GNU 11.4.0
[0.396s] -- Detecting C compiler ABI info
[0.633s] -- Detecting C compiler ABI info - done
[0.674s] -- Check for working C compiler: /usr/bin/cc - skipped
[0.674s] -- Detecting C compile features
[0.675s] -- Detecting C compile features - done
[0.692s] -- Detecting CXX compiler ABI info
[0.938s] -- Detecting CXX compiler ABI info - done
[0.969s] -- Check for working CXX compiler: /usr/bin/c++ - skipped
[0.971s] -- Detecting CXX compile features
[0.972s] -- Detecting CXX compile features - done
[0.981s] -- Found ament_cmake_ros: 0.10.0 (/opt/ros/humble/share/ament_cmake_ros/cmake)
[1.348s] -- Found Python3: /usr/bin/python3 (found version "3.10.12") found components: Interpreter 
[1.490s] -- Override CMake install command with custom implementation using symlinks instead of copying resources
[1.591s] -- Found ecl_build: 1.0.3 (/opt/ros/humble/share/ecl_build/cmake)
[1.606s] -- Found ecl_config: 1.2.0 (/home/ri-one/ri_one_master_ws/install/ecl_config/share/ecl_config/cmake)
[1.611s] -- Found ecl_containers: 1.2.1 (/home/ri-one/ri_one_master_ws/install/ecl_containers/share/ecl_containers/cmake)
[1.683s] -- Found ecl_linear_algebra: 1.2.1 (/home/ri-one/ri_one_master_ws/install/ecl_linear_algebra/share/ecl_linear_algebra/cmake)
[2.360s] -- Found ament_lint_auto: 0.12.14 (/opt/ros/humble/share/ament_lint_auto/cmake)
[2.429s] -- Found gtest sources under '/opt/ros/humble/src/gtest_vendor': C++ tests using 'Google Test' will be built
[2.438s] -- Found Threads: TRUE  
[2.520s] -- Configuring done
[2.640s] -- Generating done
[2.681s] -- Build files have been written to: /home/ri-one/ri_one_master_ws/build/ecl_geometry
[2.699s] Invoked command in '/home/ri-one/ri_one_master_ws/build/ecl_geometry' returned '0': AMENT_PREFIX_PATH=/home/ri-one/ri_one_master_ws/install/ecl_linear_algebra:/home/ri-one/ri_one_master_ws/install/ecl_containers:/home/ri-one/ri_one_master_ws/install/ecl_formatters:/home/ri-one/ri_one_master_ws/install/ecl_utilities:/home/ri-one/ri_one_master_ws/install/ecl_converters:/home/ri-one/ri_one_master_ws/install/ecl_math:/home/ri-one/ri_one_master_ws/install/ecl_exceptions:/home/ri-one/ri_one_master_ws/install/ecl_concepts:/home/ri-one/ri_one_master_ws/install/ecl_type_traits:/home/ri-one/ri_one_master_ws/install/ecl_errors:/home/ri-one/ri_one_master_ws/install/ecl_mpl:/home/ri-one/ri_one_master_ws/install/ecl_eigen:/home/ri-one/ri_one_master_ws/install/ecl_config:${AMENT_PREFIX_PATH} CMAKE_PREFIX_PATH=/home/ri-one/ri_one_master_ws/install/ecl_linear_algebra:/home/ri-one/ri_one_master_ws/install/ecl_containers:/home/ri-one/ri_one_master_ws/install/ecl_formatters:/home/ri-one/ri_one_master_ws/install/ecl_utilities:/home/ri-one/ri_one_master_ws/install/ecl_converters:/home/ri-one/ri_one_master_ws/install/ecl_math:/home/ri-one/ri_one_master_ws/install/ecl_exceptions:/home/ri-one/ri_one_master_ws/install/ecl_concepts:/home/ri-one/ri_one_master_ws/install/ecl_type_traits:/home/ri-one/ri_one_master_ws/install/ecl_errors:/home/ri-one/ri_one_master_ws/install/ecl_mpl:/home/ri-one/ri_one_master_ws/install/ecl_eigen:/home/ri-one/ri_one_master_ws/install/ecl_config:/opt/ros/humble LD_LIBRARY_PATH=/home/ri-one/ri_one_master_ws/install/ecl_linear_algebra/lib:/home/ri-one/ri_one_master_ws/install/ecl_formatters/lib:/home/ri-one/ri_one_master_ws/install/ecl_exceptions/lib:/home/ri-one/ri_one_master_ws/install/ecl_type_traits/lib:/home/ri-one/ri_one_master_ws/install/ecl_errors/lib:${LD_LIBRARY_PATH} PATH=/home/ri-one/ri_one_master_ws/install/ecl_type_traits/bin:/home/ri-one/ri_one_master_ws/install/ecl_config/bin:${PATH} /usr/bin/cmake /home/ri-one/ri_one_master_ws/src/turtlebot2_ros2/ecl_core/ecl_geometry -DAMENT_CMAKE_SYMLINK_INSTALL=1 -DCMAKE_INSTALL_PREFIX=/home/ri-one/ri_one_master_ws/install/ecl_geometry
[2.704s] Invoking command in '/home/ri-one/ri_one_master_ws/build/ecl_geometry': AMENT_PREFIX_PATH=/home/ri-one/ri_one_master_ws/install/ecl_linear_algebra:/home/ri-one/ri_one_master_ws/install/ecl_containers:/home/ri-one/ri_one_master_ws/install/ecl_formatters:/home/ri-one/ri_one_master_ws/install/ecl_utilities:/home/ri-one/ri_one_master_ws/install/ecl_converters:/home/ri-one/ri_one_master_ws/install/ecl_math:/home/ri-one/ri_one_master_ws/install/ecl_exceptions:/home/ri-one/ri_one_master_ws/install/ecl_concepts:/home/ri-one/ri_one_master_ws/install/ecl_type_traits:/home/ri-one/ri_one_master_ws/install/ecl_errors:/home/ri-one/ri_one_master_ws/install/ecl_mpl:/home/ri-one/ri_one_master_ws/install/ecl_eigen:/home/ri-one/ri_one_master_ws/install/ecl_config:${AMENT_PREFIX_PATH} CMAKE_PREFIX_PATH=/home/ri-one/ri_one_master_ws/install/ecl_linear_algebra:/home/ri-one/ri_one_master_ws/install/ecl_containers:/home/ri-one/ri_one_master_ws/install/ecl_formatters:/home/ri-one/ri_one_master_ws/install/ecl_utilities:/home/ri-one/ri_one_master_ws/install/ecl_converters:/home/ri-one/ri_one_master_ws/install/ecl_math:/home/ri-one/ri_one_master_ws/install/ecl_exceptions:/home/ri-one/ri_one_master_ws/install/ecl_concepts:/home/ri-one/ri_one_master_ws/install/ecl_type_traits:/home/ri-one/ri_one_master_ws/install/ecl_errors:/home/ri-one/ri_one_master_ws/install/ecl_mpl:/home/ri-one/ri_one_master_ws/install/ecl_eigen:/home/ri-one/ri_one_master_ws/install/ecl_config:/opt/ros/humble LD_LIBRARY_PATH=/home/ri-one/ri_one_master_ws/install/ecl_linear_algebra/lib:/home/ri-one/ri_one_master_ws/install/ecl_formatters/lib:/home/ri-one/ri_one_master_ws/install/ecl_exceptions/lib:/home/ri-one/ri_one_master_ws/install/ecl_type_traits/lib:/home/ri-one/ri_one_master_ws/install/ecl_errors/lib:${LD_LIBRARY_PATH} PATH=/home/ri-one/ri_one_master_ws/install/ecl_type_traits/bin:/home/ri-one/ri_one_master_ws/install/ecl_config/bin:${PATH} /usr/bin/cmake --build /home/ri-one/ri_one_master_ws/build/ecl_geometry -- -j4 -l4
[2.831s] [  2%] [32mBuilding CXX object src/lib/CMakeFiles/ecl_geometry.dir/angle.cpp.o[0m
[6.862s] [  4%] [32mBuilding CXX object src/lib/CMakeFiles/ecl_geometry.dir/cubic_spline.cpp.o[0m
[10.746s] [  6%] [32mBuilding CXX object src/lib/CMakeFiles/ecl_geometry.dir/cubic_spline_blueprints.cpp.o[0m
[14.929s] [  9%] [32mBuilding CXX object src/lib/CMakeFiles/ecl_geometry.dir/linear_segment.cpp.o[0m
[15.003s] [ 11%] [32mBuilding CXX object src/lib/CMakeFiles/ecl_geometry.dir/odometry_helper.cpp.o[0m
[20.858s] [ 13%] [32mBuilding CXX object src/lib/CMakeFiles/ecl_geometry.dir/pascals_triangle.cpp.o[0m
[21.869s] [ 15%] [32mBuilding CXX object src/lib/CMakeFiles/ecl_geometry.dir/polynomial.cpp.o[0m
[26.063s] [ 18%] [32mBuilding CXX object src/lib/CMakeFiles/ecl_geometry.dir/polynomial_blueprints.cpp.o[0m
[30.410s] [ 20%] [32mBuilding CXX object src/lib/CMakeFiles/ecl_geometry.dir/pose2d.cpp.o[0m
[34.193s] [ 22%] [32mBuilding CXX object src/lib/CMakeFiles/ecl_geometry.dir/smooth_linear_spline.cpp.o[0m
[38.884s] [ 25%] [32mBuilding CXX object src/lib/CMakeFiles/ecl_geometry.dir/tension_function.cpp.o[0m
[40.042s] [ 27%] [32mBuilding CXX object src/lib/CMakeFiles/ecl_geometry.dir/tension_spline.cpp.o[0m
[41.029s] [ 29%] [32mBuilding CXX object src/lib/CMakeFiles/ecl_geometry.dir/tension_spline_blueprints.cpp.o[0m
[42.140s] [ 31%] [32m[1mLinking CXX shared library libecl_geometry.so[0m
[42.587s] [ 31%] Built target ecl_geometry
[42.638s] [ 34%] [32mBuilding CXX object gtest/CMakeFiles/gtest.dir/src/gtest-all.cc.o[0m
[49.688s] [ 36%] [32m[1mLinking CXX static library libgtest.a[0m
[49.899s] [ 36%] Built target gtest
[49.947s] [ 38%] [32mBuilding CXX object gtest/CMakeFiles/gtest_main.dir/src/gtest_main.cc.o[0m
[51.311s] [ 40%] [32m[1mLinking CXX static library libgtest_main.a[0m
[51.441s] [ 40%] Built target gtest_main
[51.488s] [ 43%] [32mBuilding CXX object src/test/CMakeFiles/ecl_test_angles.dir/angles.cpp.o[0m
[56.017s] [ 45%] [32m[1mLinking CXX executable ecl_test_angles[0m
[56.426s] [ 45%] Built target ecl_test_angles
[56.472s] [ 47%] [32mBuilding CXX object src/test/CMakeFiles/ecl_test_homogeneous_points.dir/homogeneous_points.cpp.o[0m
[61.958s] [ 50%] [32m[1mLinking CXX executable ecl_test_homogeneous_points[0m
[62.382s] [ 50%] Built target ecl_test_homogeneous_points
[62.430s] [ 52%] [32mBuilding CXX object src/test/CMakeFiles/ecl_test_legacy_pose2d.dir/legacy_pose2d.cpp.o[0m
[69.290s] [ 54%] [32m[1mLinking CXX executable ecl_test_legacy_pose2d[0m
[69.796s] [ 54%] Built target ecl_test_legacy_pose2d
[69.848s] [ 56%] [32mBuilding CXX object src/test/CMakeFiles/ecl_test_legacy_pose3d.dir/legacy_pose3d.cpp.o[0m
[79.272s] [ 59%] [32m[1mLinking CXX executable ecl_test_legacy_pose3d[0m
[79.860s] [ 59%] Built target ecl_test_legacy_pose3d
[79.913s] [ 61%] [32mBuilding CXX object src/test/CMakeFiles/ecl_test_linear_segment.dir/linear_segment.cpp.o[0m
[82.004s] [ 63%] [32m[1mLinking CXX executable ecl_test_linear_segment[0m
[82.401s] [ 63%] Built target ecl_test_linear_segment
[82.444s] [ 65%] [32mBuilding CXX object src/test/CMakeFiles/ecl_test_polynomials.dir/polynomials.cpp.o[0m
[88.032s] [ 68%] [32m[1mLinking CXX executable ecl_test_polynomials[0m
[88.503s] [ 68%] Built target ecl_test_polynomials
[88.550s] [ 70%] [32mBuilding CXX object src/test/CMakeFiles/ecl_test_pose2d.dir/pose2d.cpp.o[0m
[93.554s] [ 72%] [32m[1mLinking CXX executable ecl_test_pose2d[0m
[94.081s] [ 72%] Built target ecl_test_pose2d
[94.141s] [ 75%] [32mBuilding CXX object src/test/CMakeFiles/ecl_test_smooth_linear_splines.dir/smooth_linear_splines.cpp.o[0m
[99.354s] [ 77%] [32m[1mLinking CXX executable ecl_test_smooth_linear_splines[0m
[99.741s] [ 77%] Built target ecl_test_smooth_linear_splines
[99.783s] [ 79%] [32mBuilding CXX object src/test/CMakeFiles/ecl_test_tension_function.dir/tension_function.cpp.o[0m
[101.659s] [ 81%] [32m[1mLinking CXX executable ecl_test_tension_function[0m
[102.069s] [ 81%] Built target ecl_test_tension_function
[102.120s] [ 84%] [32mBuilding CXX object src/test/CMakeFiles/ecl_test_tension_splines.dir/tension_splines.cpp.o[0m
[104.267s] [ 86%] [32m[1mLinking CXX executable ecl_test_tension_splines[0m
[104.677s] [ 86%] Built target ecl_test_tension_splines
[104.724s] [ 88%] [32mBuilding CXX object src/test/CMakeFiles/ecl_test_odometry_helper.dir/odometry_helper.cpp.o[0m
[110.025s] [ 90%] [32m[1mLinking CXX executable ecl_test_odometry_helper[0m
[110.529s] [ 90%] Built target ecl_test_odometry_helper
[110.607s] [ 93%] [32mBuilding CXX object src/test/CMakeFiles/ecl_test_cubic_splines.dir/cubic_splines.cpp.o[0m
[115.631s] [ 95%] [32m[1mLinking CXX executable ecl_test_cubic_splines[0m
[116.138s] [ 95%] Built target ecl_test_cubic_splines
[116.194s] [ 97%] [32mBuilding CXX object src/test/CMakeFiles/ecl_test_cartesian_points.dir/cartesian_points.cpp.o[0m
[121.222s] [100%] [32m[1mLinking CXX executable ecl_test_cartesian_points[0m
[121.625s] [100%] Built target ecl_test_cartesian_points
[121.657s] Invoked command in '/home/ri-one/ri_one_master_ws/build/ecl_geometry' returned '0': AMENT_PREFIX_PATH=/home/ri-one/ri_one_master_ws/install/ecl_linear_algebra:/home/ri-one/ri_one_master_ws/install/ecl_containers:/home/ri-one/ri_one_master_ws/install/ecl_formatters:/home/ri-one/ri_one_master_ws/install/ecl_utilities:/home/ri-one/ri_one_master_ws/install/ecl_converters:/home/ri-one/ri_one_master_ws/install/ecl_math:/home/ri-one/ri_one_master_ws/install/ecl_exceptions:/home/ri-one/ri_one_master_ws/install/ecl_concepts:/home/ri-one/ri_one_master_ws/install/ecl_type_traits:/home/ri-one/ri_one_master_ws/install/ecl_errors:/home/ri-one/ri_one_master_ws/install/ecl_mpl:/home/ri-one/ri_one_master_ws/install/ecl_eigen:/home/ri-one/ri_one_master_ws/install/ecl_config:${AMENT_PREFIX_PATH} CMAKE_PREFIX_PATH=/home/ri-one/ri_one_master_ws/install/ecl_linear_algebra:/home/ri-one/ri_one_master_ws/install/ecl_containers:/home/ri-one/ri_one_master_ws/install/ecl_formatters:/home/ri-one/ri_one_master_ws/install/ecl_utilities:/home/ri-one/ri_one_master_ws/install/ecl_converters:/home/ri-one/ri_one_master_ws/install/ecl_math:/home/ri-one/ri_one_master_ws/install/ecl_exceptions:/home/ri-one/ri_one_master_ws/install/ecl_concepts:/home/ri-one/ri_one_master_ws/install/ecl_type_traits:/home/ri-one/ri_one_master_ws/install/ecl_errors:/home/ri-one/ri_one_master_ws/install/ecl_mpl:/home/ri-one/ri_one_master_ws/install/ecl_eigen:/home/ri-one/ri_one_master_ws/install/ecl_config:/opt/ros/humble LD_LIBRARY_PATH=/home/ri-one/ri_one_master_ws/install/ecl_linear_algebra/lib:/home/ri-one/ri_one_master_ws/install/ecl_formatters/lib:/home/ri-one/ri_one_master_ws/install/ecl_exceptions/lib:/home/ri-one/ri_one_master_ws/install/ecl_type_traits/lib:/home/ri-one/ri_one_master_ws/install/ecl_errors/lib:${LD_LIBRARY_PATH} PATH=/home/ri-one/ri_one_master_ws/install/ecl_type_traits/bin:/home/ri-one/ri_one_master_ws/install/ecl_config/bin:${PATH} /usr/bin/cmake --build /home/ri-one/ri_one_master_ws/build/ecl_geometry -- -j4 -l4
[121.664s] Invoking command in '/home/ri-one/ri_one_master_ws/build/ecl_geometry': AMENT_PREFIX_PATH=/home/ri-one/ri_one_master_ws/install/ecl_linear_algebra:/home/ri-one/ri_one_master_ws/install/ecl_containers:/home/ri-one/ri_one_master_ws/install/ecl_formatters:/home/ri-one/ri_one_master_ws/install/ecl_utilities:/home/ri-one/ri_one_master_ws/install/ecl_converters:/home/ri-one/ri_one_master_ws/install/ecl_math:/home/ri-one/ri_one_master_ws/install/ecl_exceptions:/home/ri-one/ri_one_master_ws/install/ecl_concepts:/home/ri-one/ri_one_master_ws/install/ecl_type_traits:/home/ri-one/ri_one_master_ws/install/ecl_errors:/home/ri-one/ri_one_master_ws/install/ecl_mpl:/home/ri-one/ri_one_master_ws/install/ecl_eigen:/home/ri-one/ri_one_master_ws/install/ecl_config:${AMENT_PREFIX_PATH} CMAKE_PREFIX_PATH=/home/ri-one/ri_one_master_ws/install/ecl_linear_algebra:/home/ri-one/ri_one_master_ws/install/ecl_containers:/home/ri-one/ri_one_master_ws/install/ecl_formatters:/home/ri-one/ri_one_master_ws/install/ecl_utilities:/home/ri-one/ri_one_master_ws/install/ecl_converters:/home/ri-one/ri_one_master_ws/install/ecl_math:/home/ri-one/ri_one_master_ws/install/ecl_exceptions:/home/ri-one/ri_one_master_ws/install/ecl_concepts:/home/ri-one/ri_one_master_ws/install/ecl_type_traits:/home/ri-one/ri_one_master_ws/install/ecl_errors:/home/ri-one/ri_one_master_ws/install/ecl_mpl:/home/ri-one/ri_one_master_ws/install/ecl_eigen:/home/ri-one/ri_one_master_ws/install/ecl_config:/opt/ros/humble LD_LIBRARY_PATH=/home/ri-one/ri_one_master_ws/install/ecl_linear_algebra/lib:/home/ri-one/ri_one_master_ws/install/ecl_formatters/lib:/home/ri-one/ri_one_master_ws/install/ecl_exceptions/lib:/home/ri-one/ri_one_master_ws/install/ecl_type_traits/lib:/home/ri-one/ri_one_master_ws/install/ecl_errors/lib:${LD_LIBRARY_PATH} PATH=/home/ri-one/ri_one_master_ws/install/ecl_type_traits/bin:/home/ri-one/ri_one_master_ws/install/ecl_config/bin:${PATH} /usr/bin/cmake --install /home/ri-one/ri_one_master_ws/build/ecl_geometry
[121.683s] -- Install configuration: ""
[121.686s] -- Execute custom install script
[121.686s] -- Symlinking: /home/ri-one/ri_one_master_ws/install/ecl_geometry/include/ecl/geometry/angle.hpp
[121.712s] -- Symlinking: /home/ri-one/ri_one_master_ws/install/ecl_geometry/include/ecl/geometry/cartesian_point.hpp
[121.748s] -- Symlinking: /home/ri-one/ri_one_master_ws/install/ecl_geometry/include/ecl/geometry/cubic_spline.hpp
[121.768s] -- Symlinking: /home/ri-one/ri_one_master_ws/install/ecl_geometry/include/ecl/geometry/function_math.hpp
[121.789s] -- Symlinking: /home/ri-one/ri_one_master_ws/install/ecl_geometry/include/ecl/geometry/homogeneous_point.hpp
[121.808s] -- Symlinking: /home/ri-one/ri_one_master_ws/install/ecl_geometry/include/ecl/geometry/legacy_pose2d.hpp
[121.829s] -- Symlinking: /home/ri-one/ri_one_master_ws/install/ecl_geometry/include/ecl/geometry/legacy_pose3d.hpp
[121.851s] -- Symlinking: /home/ri-one/ri_one_master_ws/install/ecl_geometry/include/ecl/geometry/linear_segment.hpp
[121.873s] -- Symlinking: /home/ri-one/ri_one_master_ws/install/ecl_geometry/include/ecl/geometry/macros.hpp
[121.896s] -- Symlinking: /home/ri-one/ri_one_master_ws/install/ecl_geometry/include/ecl/geometry/odometry.hpp
[121.916s] -- Symlinking: /home/ri-one/ri_one_master_ws/install/ecl_geometry/include/ecl/geometry/odometry_helper.hpp
[121.944s] -- Symlinking: /home/ri-one/ri_one_master_ws/install/ecl_geometry/include/ecl/geometry/odometry_typedefs.hpp
[121.967s] -- Symlinking: /home/ri-one/ri_one_master_ws/install/ecl_geometry/include/ecl/geometry/pascals_triangle.hpp
[121.984s] -- Symlinking: /home/ri-one/ri_one_master_ws/install/ecl_geometry/include/ecl/geometry/polynomial.hpp
[122.003s] -- Symlinking: /home/ri-one/ri_one_master_ws/install/ecl_geometry/include/ecl/geometry/pose2d.hpp
[122.023s] -- Symlinking: /home/ri-one/ri_one_master_ws/install/ecl_geometry/include/ecl/geometry/smooth_linear_spline.hpp
[122.043s] -- Symlinking: /home/ri-one/ri_one_master_ws/install/ecl_geometry/include/ecl/geometry/spline_function.hpp
[122.064s] -- Symlinking: /home/ri-one/ri_one_master_ws/install/ecl_geometry/include/ecl/geometry/tension_function.hpp
[122.090s] -- Symlinking: /home/ri-one/ri_one_master_ws/install/ecl_geometry/include/ecl/geometry/tension_spline.hpp
[122.103s] -- Symlinking: /home/ri-one/ri_one_master_ws/install/ecl_geometry/include/ecl/geometry.hpp
[122.122s] -- Symlinking: /home/ri-one/ri_one_master_ws/install/ecl_geometry/share/ecl_geometry/environment/library_path.sh
[122.141s] -- Symlinking: /home/ri-one/ri_one_master_ws/install/ecl_geometry/share/ecl_geometry/environment/library_path.dsv
[122.162s] -- Symlinking: /home/ri-one/ri_one_master_ws/install/ecl_geometry/share/ament_index/resource_index/package_run_dependencies/ecl_geometry
[122.183s] -- Symlinking: /home/ri-one/ri_one_master_ws/install/ecl_geometry/share/ament_index/resource_index/parent_prefix_path/ecl_geometry
[122.204s] -- Symlinking: /home/ri-one/ri_one_master_ws/install/ecl_geometry/share/ecl_geometry/environment/ament_prefix_path.sh
[122.220s] -- Symlinking: /home/ri-one/ri_one_master_ws/install/ecl_geometry/share/ecl_geometry/environment/ament_prefix_path.dsv
[122.240s] -- Symlinking: /home/ri-one/ri_one_master_ws/install/ecl_geometry/share/ecl_geometry/environment/path.sh
[122.263s] -- Symlinking: /home/ri-one/ri_one_master_ws/install/ecl_geometry/share/ecl_geometry/environment/path.dsv
[122.286s] -- Symlinking: /home/ri-one/ri_one_master_ws/install/ecl_geometry/share/ecl_geometry/local_setup.bash
[122.304s] -- Symlinking: /home/ri-one/ri_one_master_ws/install/ecl_geometry/share/ecl_geometry/local_setup.sh
[122.324s] -- Symlinking: /home/ri-one/ri_one_master_ws/install/ecl_geometry/share/ecl_geometry/local_setup.zsh
[122.344s] -- Symlinking: /home/ri-one/ri_one_master_ws/install/ecl_geometry/share/ecl_geometry/local_setup.dsv
[122.365s] -- Symlinking: /home/ri-one/ri_one_master_ws/install/ecl_geometry/share/ecl_geometry/package.dsv
[122.385s] -- Symlinking: /home/ri-one/ri_one_master_ws/install/ecl_geometry/share/ament_index/resource_index/packages/ecl_geometry
[122.407s] -- Symlinking: /home/ri-one/ri_one_master_ws/install/ecl_geometry/share/ecl_geometry/cmake/ament_cmake_export_targets-extras.cmake
[122.427s] -- Symlinking: /home/ri-one/ri_one_master_ws/install/ecl_geometry/share/ecl_geometry/cmake/ament_cmake_export_include_directories-extras.cmake
[122.452s] -- Symlinking: /home/ri-one/ri_one_master_ws/install/ecl_geometry/share/ecl_geometry/cmake/ament_cmake_export_libraries-extras.cmake
[122.479s] -- Symlinking: /home/ri-one/ri_one_master_ws/install/ecl_geometry/share/ecl_geometry/cmake/ament_cmake_export_dependencies-extras.cmake
[122.508s] -- Symlinking: /home/ri-one/ri_one_master_ws/install/ecl_geometry/share/ecl_geometry/cmake/ecl_geometryConfig.cmake
[122.532s] -- Symlinking: /home/ri-one/ri_one_master_ws/install/ecl_geometry/share/ecl_geometry/cmake/ecl_geometryConfig-version.cmake
[122.567s] -- Symlinking: /home/ri-one/ri_one_master_ws/install/ecl_geometry/share/ecl_geometry/package.xml
[122.596s] -- Installing: /home/ri-one/ri_one_master_ws/install/ecl_geometry/share/ecl_geometry/cmake/ecl_geometryExport.cmake
[122.601s] -- Installing: /home/ri-one/ri_one_master_ws/install/ecl_geometry/share/ecl_geometry/cmake/ecl_geometryExport-noconfig.cmake
[122.604s] -- Installing: /home/ri-one/ri_one_master_ws/install/ecl_geometry/lib/libecl_geometry.so.1.2.1
[122.617s] -- Set runtime path of "/home/ri-one/ri_one_master_ws/install/ecl_geometry/lib/libecl_geometry.so.1.2.1" to ""
[122.618s] -- Installing: /home/ri-one/ri_one_master_ws/install/ecl_geometry/lib/libecl_geometry.so
[122.625s] Invoked command in '/home/ri-one/ri_one_master_ws/build/ecl_geometry' returned '0': AMENT_PREFIX_PATH=/home/ri-one/ri_one_master_ws/install/ecl_linear_algebra:/home/ri-one/ri_one_master_ws/install/ecl_containers:/home/ri-one/ri_one_master_ws/install/ecl_formatters:/home/ri-one/ri_one_master_ws/install/ecl_utilities:/home/ri-one/ri_one_master_ws/install/ecl_converters:/home/ri-one/ri_one_master_ws/install/ecl_math:/home/ri-one/ri_one_master_ws/install/ecl_exceptions:/home/ri-one/ri_one_master_ws/install/ecl_concepts:/home/ri-one/ri_one_master_ws/install/ecl_type_traits:/home/ri-one/ri_one_master_ws/install/ecl_errors:/home/ri-one/ri_one_master_ws/install/ecl_mpl:/home/ri-one/ri_one_master_ws/install/ecl_eigen:/home/ri-one/ri_one_master_ws/install/ecl_config:${AMENT_PREFIX_PATH} CMAKE_PREFIX_PATH=/home/ri-one/ri_one_master_ws/install/ecl_linear_algebra:/home/ri-one/ri_one_master_ws/install/ecl_containers:/home/ri-one/ri_one_master_ws/install/ecl_formatters:/home/ri-one/ri_one_master_ws/install/ecl_utilities:/home/ri-one/ri_one_master_ws/install/ecl_converters:/home/ri-one/ri_one_master_ws/install/ecl_math:/home/ri-one/ri_one_master_ws/install/ecl_exceptions:/home/ri-one/ri_one_master_ws/install/ecl_concepts:/home/ri-one/ri_one_master_ws/install/ecl_type_traits:/home/ri-one/ri_one_master_ws/install/ecl_errors:/home/ri-one/ri_one_master_ws/install/ecl_mpl:/home/ri-one/ri_one_master_ws/install/ecl_eigen:/home/ri-one/ri_one_master_ws/install/ecl_config:/opt/ros/humble LD_LIBRARY_PATH=/home/ri-one/ri_one_master_ws/install/ecl_linear_algebra/lib:/home/ri-one/ri_one_master_ws/install/ecl_formatters/lib:/home/ri-one/ri_one_master_ws/install/ecl_exceptions/lib:/home/ri-one/ri_one_master_ws/install/ecl_type_traits/lib:/home/ri-one/ri_one_master_ws/install/ecl_errors/lib:${LD_LIBRARY_PATH} PATH=/home/ri-one/ri_one_master_ws/install/ecl_type_traits/bin:/home/ri-one/ri_one_master_ws/install/ecl_config/bin:${PATH} /usr/bin/cmake --install /home/ri-one/ri_one_master_ws/build/ecl_geometry
