[1.217s] Invoking command in '/home/ri-one/ri_one_master_ws/build/kobuki_core': CMAKE_PREFIX_PATH=/home/ri-one/ri_one_master_ws/install/ecl_mobile_robot:/home/ri-one/ri_one_master_ws/install/ecl_geometry:/home/ri-one/ri_one_master_ws/install/ecl_devices:/home/ri-one/ri_one_master_ws/install/ecl_sigslots:/home/ri-one/ri_one_master_ws/install/ecl_linear_algebra:/home/ri-one/ri_one_master_ws/install/ecl_containers:/home/ri-one/ri_one_master_ws/install/ecl_threads:/home/ri-one/ri_one_master_ws/install/ecl_formatters:/home/ri-one/ri_one_master_ws/install/ecl_utilities:/home/ri-one/ri_one_master_ws/install/ecl_time:/home/ri-one/ri_one_master_ws/install/ecl_converters:/home/ri-one/ri_one_master_ws/install/ecl_time_lite:/home/ri-one/ri_one_master_ws/install/ecl_math:/home/ri-one/ri_one_master_ws/install/ecl_exceptions:/home/ri-one/ri_one_master_ws/install/ecl_concepts:/home/ri-one/ri_one_master_ws/install/ecl_type_traits:/home/ri-one/ri_one_master_ws/install/ecl_errors:/home/ri-one/ri_one_master_ws/install/ecl_console:/home/ri-one/ri_one_master_ws/install/ecl_mpl:/home/ri-one/ri_one_master_ws/install/ecl_eigen:/home/ri-one/ri_one_master_ws/install/ecl_config:/home/ri-one/ri_one_master_ws/install/ecl_command_line:/home/ri-one/ri_one_master_ws/install/ros2_kinect_tilt:/home/ri-one/ri_one_master_ws/install/ros2_kinect_rgb:/home/ri-one/ri_one_master_ws/install/ros2_kinect_mic_node:/home/ri-one/ri_one_master_ws/install/ros2_kinect_led:/home/ri-one/ri_one_master_ws/install/ros2_kinect_depth:/home/ri-one/ri_one_master_ws/install/kobuki_ros:/home/ri-one/ri_one_master_ws/install/kobuki_safety_controller:/home/ri-one/ri_one_master_ws/install/kobuki_random_walker:/home/ri-one/ri_one_master_ws/install/kobuki_node:/home/ri-one/ri_one_master_ws/install/kobuki_keyop:/home/ri-one/ri_one_master_ws/install/kobuki_bumper2pc:/home/ri-one/ri_one_master_ws/install/kobuki_auto_docking:/home/ri-one/ri_one_master_ws/install/kobuki_ros_interfaces:/home/ri-one/ri_one_master_ws/install/kobuki_description:/home/ri-one/ri_one_master_ws/install/kobuki_core:/home/ri-one/ri_one_master_ws/install/kinect_ros2:/home/ri-one/ri_one_master_ws/install/kinect2_calibration:/home/ri-one/ri_one_master_ws/install/kinect2_bridge:/home/ri-one/ri_one_master_ws/install/kinect2_registration:/home/ri-one/ri_one_master_ws/install/ecl_core:/home/ri-one/ri_one_master_ws/install/ecl_core_apps:/home/ri-one/ri_one_master_ws/install/ecl_streams:/home/ri-one/ri_one_master_ws/install/ecl_ipc:/home/ri-one/ri_one_master_ws/install/ecl_manipulators:/home/ri-one/ri_one_master_ws/install/ecl_statistics:/home/ri-one/ri_one_master_ws/install/ecl_lite:/home/ri-one/ri_one_master_ws/install/ecl_sigslots_lite:/home/ri-one/ri_one_master_ws/install/ecl_io:/home/ri-one/ri_one_master_ws/install/ecl_filesystem:/home/ri-one/ri_one_master_ws/install/ecl_converters_lite:/home/ri-one/ri_one_master_ws/install/cmd_vel_mux:/home/ri-one/ri_one_master_ws/install/audio_common:/home/ri-one/ri_one_master_ws/install/audio_common_msgs:/home/ri-one/ri_one_master_ws/install/ros2_tests:/home/ri-one/ri_one_master_ws/install/gesture_to_motion:/home/ri-one/ri_one_master_ws/install/gesture_detection:/opt/ros/humble LD_LIBRARY_PATH=/home/ri-one/ri_one_master_ws/install/ecl_mobile_robot/lib:/home/ri-one/ri_one_master_ws/install/ecl_geometry/lib:/home/ri-one/ri_one_master_ws/install/ecl_devices/lib:/home/ri-one/ri_one_master_ws/install/ecl_linear_algebra/lib:/home/ri-one/ri_one_master_ws/install/ecl_threads/lib:/home/ri-one/ri_one_master_ws/install/ecl_formatters/lib:/home/ri-one/ri_one_master_ws/install/ecl_time/lib:/home/ri-one/ri_one_master_ws/install/ecl_time_lite/lib:/home/ri-one/ri_one_master_ws/install/ecl_exceptions/lib:/home/ri-one/ri_one_master_ws/install/ecl_type_traits/lib:/home/ri-one/ri_one_master_ws/install/ecl_errors/lib:/home/ri-one/ri_one_master_ws/install/kobuki_safety_controller/lib:/home/ri-one/ri_one_master_ws/install/kobuki_random_walker/lib:/home/ri-one/ri_one_master_ws/install/kobuki_node/lib:/home/ri-one/ri_one_master_ws/install/kobuki_keyop/lib:/home/ri-one/ri_one_master_ws/install/kobuki_bumper2pc/lib:/home/ri-one/ri_one_master_ws/install/kobuki_auto_docking/lib:/home/ri-one/ri_one_master_ws/install/kobuki_ros_interfaces/lib:/home/ri-one/ri_one_master_ws/install/kobuki_core/lib:/home/ri-one/ri_one_master_ws/install/kinect2_registration/lib:/home/ri-one/ri_one_master_ws/install/ecl_streams/lib:/home/ri-one/ri_one_master_ws/install/ecl_ipc/lib:/home/ri-one/ri_one_master_ws/install/ecl_manipulators/lib:/home/ri-one/ri_one_master_ws/install/ecl_statistics/lib:/home/ri-one/ri_one_master_ws/install/ecl_io/lib:/home/ri-one/ri_one_master_ws/install/ecl_filesystem/lib:/home/ri-one/ri_one_master_ws/install/cmd_vel_mux/lib:/home/ri-one/ri_one_master_ws/install/audio_common_msgs/lib:/opt/ros/humble/opt/rviz_ogre_vendor/lib:/opt/ros/humble/lib/x86_64-linux-gnu:/opt/ros/humble/lib PATH=/home/ri-one/ri_one_master_ws/install/ecl_type_traits/bin:/home/ri-one/ri_one_master_ws/install/ecl_config/bin:/home/ri-one/ri_one_master_ws/install/kobuki_core/bin:/home/ri-one/ri_one_master_ws/install/ecl_core_apps/bin:/home/ri-one/.nvm/versions/node/v22.12.0/bin:/opt/ros/humble/bin:/usr/local/sbin:/usr/local/bin:/usr/sbin:/usr/bin:/sbin:/bin:/usr/games:/usr/local/games:/snap/bin:/snap/bin /usr/bin/cmake --build /home/ri-one/ri_one_master_ws/build/kobuki_core -- -j4 -l4
[1.628s] [ 41%] Built target kobuki_core
[1.827s] [ 47%] Built target kobuki_core_demo_buttons
[2.000s] [ 52%] Built target kobuki_core_demo_data_stream
[2.098s] [ 58%] Built target kobuki_core_demo_log_levels
[2.244s] [ 64%] Built target kobuki_core_demo_raw_data_stream
[2.405s] [ 70%] Built target kobuki_core_demo_simple_loop
[2.510s] [ 76%] Built target kobuki_core_demo_velocity_commands
[2.666s] [ 82%] Built target kobuki_core_tool_version_info
[2.873s] [ 88%] Built target kobuki_core_tool_simple_keyop
[3.003s] [ 94%] Built target kobuki_core_demo_custom_logging
[3.169s] [100%] Built target kobuki_core_demo_chirp
[3.344s] Invoked command in '/home/ri-one/ri_one_master_ws/build/kobuki_core' returned '0': CMAKE_PREFIX_PATH=/home/ri-one/ri_one_master_ws/install/ecl_mobile_robot:/home/ri-one/ri_one_master_ws/install/ecl_geometry:/home/ri-one/ri_one_master_ws/install/ecl_devices:/home/ri-one/ri_one_master_ws/install/ecl_sigslots:/home/ri-one/ri_one_master_ws/install/ecl_linear_algebra:/home/ri-one/ri_one_master_ws/install/ecl_containers:/home/ri-one/ri_one_master_ws/install/ecl_threads:/home/ri-one/ri_one_master_ws/install/ecl_formatters:/home/ri-one/ri_one_master_ws/install/ecl_utilities:/home/ri-one/ri_one_master_ws/install/ecl_time:/home/ri-one/ri_one_master_ws/install/ecl_converters:/home/ri-one/ri_one_master_ws/install/ecl_time_lite:/home/ri-one/ri_one_master_ws/install/ecl_math:/home/ri-one/ri_one_master_ws/install/ecl_exceptions:/home/ri-one/ri_one_master_ws/install/ecl_concepts:/home/ri-one/ri_one_master_ws/install/ecl_type_traits:/home/ri-one/ri_one_master_ws/install/ecl_errors:/home/ri-one/ri_one_master_ws/install/ecl_console:/home/ri-one/ri_one_master_ws/install/ecl_mpl:/home/ri-one/ri_one_master_ws/install/ecl_eigen:/home/ri-one/ri_one_master_ws/install/ecl_config:/home/ri-one/ri_one_master_ws/install/ecl_command_line:/home/ri-one/ri_one_master_ws/install/ros2_kinect_tilt:/home/ri-one/ri_one_master_ws/install/ros2_kinect_rgb:/home/ri-one/ri_one_master_ws/install/ros2_kinect_mic_node:/home/ri-one/ri_one_master_ws/install/ros2_kinect_led:/home/ri-one/ri_one_master_ws/install/ros2_kinect_depth:/home/ri-one/ri_one_master_ws/install/kobuki_ros:/home/ri-one/ri_one_master_ws/install/kobuki_safety_controller:/home/ri-one/ri_one_master_ws/install/kobuki_random_walker:/home/ri-one/ri_one_master_ws/install/kobuki_node:/home/ri-one/ri_one_master_ws/install/kobuki_keyop:/home/ri-one/ri_one_master_ws/install/kobuki_bumper2pc:/home/ri-one/ri_one_master_ws/install/kobuki_auto_docking:/home/ri-one/ri_one_master_ws/install/kobuki_ros_interfaces:/home/ri-one/ri_one_master_ws/install/kobuki_description:/home/ri-one/ri_one_master_ws/install/kobuki_core:/home/ri-one/ri_one_master_ws/install/kinect_ros2:/home/ri-one/ri_one_master_ws/install/kinect2_calibration:/home/ri-one/ri_one_master_ws/install/kinect2_bridge:/home/ri-one/ri_one_master_ws/install/kinect2_registration:/home/ri-one/ri_one_master_ws/install/ecl_core:/home/ri-one/ri_one_master_ws/install/ecl_core_apps:/home/ri-one/ri_one_master_ws/install/ecl_streams:/home/ri-one/ri_one_master_ws/install/ecl_ipc:/home/ri-one/ri_one_master_ws/install/ecl_manipulators:/home/ri-one/ri_one_master_ws/install/ecl_statistics:/home/ri-one/ri_one_master_ws/install/ecl_lite:/home/ri-one/ri_one_master_ws/install/ecl_sigslots_lite:/home/ri-one/ri_one_master_ws/install/ecl_io:/home/ri-one/ri_one_master_ws/install/ecl_filesystem:/home/ri-one/ri_one_master_ws/install/ecl_converters_lite:/home/ri-one/ri_one_master_ws/install/cmd_vel_mux:/home/ri-one/ri_one_master_ws/install/audio_common:/home/ri-one/ri_one_master_ws/install/audio_common_msgs:/home/ri-one/ri_one_master_ws/install/ros2_tests:/home/ri-one/ri_one_master_ws/install/gesture_to_motion:/home/ri-one/ri_one_master_ws/install/gesture_detection:/opt/ros/humble LD_LIBRARY_PATH=/home/ri-one/ri_one_master_ws/install/ecl_mobile_robot/lib:/home/ri-one/ri_one_master_ws/install/ecl_geometry/lib:/home/ri-one/ri_one_master_ws/install/ecl_devices/lib:/home/ri-one/ri_one_master_ws/install/ecl_linear_algebra/lib:/home/ri-one/ri_one_master_ws/install/ecl_threads/lib:/home/ri-one/ri_one_master_ws/install/ecl_formatters/lib:/home/ri-one/ri_one_master_ws/install/ecl_time/lib:/home/ri-one/ri_one_master_ws/install/ecl_time_lite/lib:/home/ri-one/ri_one_master_ws/install/ecl_exceptions/lib:/home/ri-one/ri_one_master_ws/install/ecl_type_traits/lib:/home/ri-one/ri_one_master_ws/install/ecl_errors/lib:/home/ri-one/ri_one_master_ws/install/kobuki_safety_controller/lib:/home/ri-one/ri_one_master_ws/install/kobuki_random_walker/lib:/home/ri-one/ri_one_master_ws/install/kobuki_node/lib:/home/ri-one/ri_one_master_ws/install/kobuki_keyop/lib:/home/ri-one/ri_one_master_ws/install/kobuki_bumper2pc/lib:/home/ri-one/ri_one_master_ws/install/kobuki_auto_docking/lib:/home/ri-one/ri_one_master_ws/install/kobuki_ros_interfaces/lib:/home/ri-one/ri_one_master_ws/install/kobuki_core/lib:/home/ri-one/ri_one_master_ws/install/kinect2_registration/lib:/home/ri-one/ri_one_master_ws/install/ecl_streams/lib:/home/ri-one/ri_one_master_ws/install/ecl_ipc/lib:/home/ri-one/ri_one_master_ws/install/ecl_manipulators/lib:/home/ri-one/ri_one_master_ws/install/ecl_statistics/lib:/home/ri-one/ri_one_master_ws/install/ecl_io/lib:/home/ri-one/ri_one_master_ws/install/ecl_filesystem/lib:/home/ri-one/ri_one_master_ws/install/cmd_vel_mux/lib:/home/ri-one/ri_one_master_ws/install/audio_common_msgs/lib:/opt/ros/humble/opt/rviz_ogre_vendor/lib:/opt/ros/humble/lib/x86_64-linux-gnu:/opt/ros/humble/lib PATH=/home/ri-one/ri_one_master_ws/install/ecl_type_traits/bin:/home/ri-one/ri_one_master_ws/install/ecl_config/bin:/home/ri-one/ri_one_master_ws/install/kobuki_core/bin:/home/ri-one/ri_one_master_ws/install/ecl_core_apps/bin:/home/ri-one/.nvm/versions/node/v22.12.0/bin:/opt/ros/humble/bin:/usr/local/sbin:/usr/local/bin:/usr/sbin:/usr/bin:/sbin:/bin:/usr/games:/usr/local/games:/snap/bin:/snap/bin /usr/bin/cmake --build /home/ri-one/ri_one_master_ws/build/kobuki_core -- -j4 -l4
[3.345s] Invoking command in '/home/ri-one/ri_one_master_ws/build/kobuki_core': CMAKE_PREFIX_PATH=/home/ri-one/ri_one_master_ws/install/ecl_mobile_robot:/home/ri-one/ri_one_master_ws/install/ecl_geometry:/home/ri-one/ri_one_master_ws/install/ecl_devices:/home/ri-one/ri_one_master_ws/install/ecl_sigslots:/home/ri-one/ri_one_master_ws/install/ecl_linear_algebra:/home/ri-one/ri_one_master_ws/install/ecl_containers:/home/ri-one/ri_one_master_ws/install/ecl_threads:/home/ri-one/ri_one_master_ws/install/ecl_formatters:/home/ri-one/ri_one_master_ws/install/ecl_utilities:/home/ri-one/ri_one_master_ws/install/ecl_time:/home/ri-one/ri_one_master_ws/install/ecl_converters:/home/ri-one/ri_one_master_ws/install/ecl_time_lite:/home/ri-one/ri_one_master_ws/install/ecl_math:/home/ri-one/ri_one_master_ws/install/ecl_exceptions:/home/ri-one/ri_one_master_ws/install/ecl_concepts:/home/ri-one/ri_one_master_ws/install/ecl_type_traits:/home/ri-one/ri_one_master_ws/install/ecl_errors:/home/ri-one/ri_one_master_ws/install/ecl_console:/home/ri-one/ri_one_master_ws/install/ecl_mpl:/home/ri-one/ri_one_master_ws/install/ecl_eigen:/home/ri-one/ri_one_master_ws/install/ecl_config:/home/ri-one/ri_one_master_ws/install/ecl_command_line:/home/ri-one/ri_one_master_ws/install/ros2_kinect_tilt:/home/ri-one/ri_one_master_ws/install/ros2_kinect_rgb:/home/ri-one/ri_one_master_ws/install/ros2_kinect_mic_node:/home/ri-one/ri_one_master_ws/install/ros2_kinect_led:/home/ri-one/ri_one_master_ws/install/ros2_kinect_depth:/home/ri-one/ri_one_master_ws/install/kobuki_ros:/home/ri-one/ri_one_master_ws/install/kobuki_safety_controller:/home/ri-one/ri_one_master_ws/install/kobuki_random_walker:/home/ri-one/ri_one_master_ws/install/kobuki_node:/home/ri-one/ri_one_master_ws/install/kobuki_keyop:/home/ri-one/ri_one_master_ws/install/kobuki_bumper2pc:/home/ri-one/ri_one_master_ws/install/kobuki_auto_docking:/home/ri-one/ri_one_master_ws/install/kobuki_ros_interfaces:/home/ri-one/ri_one_master_ws/install/kobuki_description:/home/ri-one/ri_one_master_ws/install/kobuki_core:/home/ri-one/ri_one_master_ws/install/kinect_ros2:/home/ri-one/ri_one_master_ws/install/kinect2_calibration:/home/ri-one/ri_one_master_ws/install/kinect2_bridge:/home/ri-one/ri_one_master_ws/install/kinect2_registration:/home/ri-one/ri_one_master_ws/install/ecl_core:/home/ri-one/ri_one_master_ws/install/ecl_core_apps:/home/ri-one/ri_one_master_ws/install/ecl_streams:/home/ri-one/ri_one_master_ws/install/ecl_ipc:/home/ri-one/ri_one_master_ws/install/ecl_manipulators:/home/ri-one/ri_one_master_ws/install/ecl_statistics:/home/ri-one/ri_one_master_ws/install/ecl_lite:/home/ri-one/ri_one_master_ws/install/ecl_sigslots_lite:/home/ri-one/ri_one_master_ws/install/ecl_io:/home/ri-one/ri_one_master_ws/install/ecl_filesystem:/home/ri-one/ri_one_master_ws/install/ecl_converters_lite:/home/ri-one/ri_one_master_ws/install/cmd_vel_mux:/home/ri-one/ri_one_master_ws/install/audio_common:/home/ri-one/ri_one_master_ws/install/audio_common_msgs:/home/ri-one/ri_one_master_ws/install/ros2_tests:/home/ri-one/ri_one_master_ws/install/gesture_to_motion:/home/ri-one/ri_one_master_ws/install/gesture_detection:/opt/ros/humble LD_LIBRARY_PATH=/home/ri-one/ri_one_master_ws/install/ecl_mobile_robot/lib:/home/ri-one/ri_one_master_ws/install/ecl_geometry/lib:/home/ri-one/ri_one_master_ws/install/ecl_devices/lib:/home/ri-one/ri_one_master_ws/install/ecl_linear_algebra/lib:/home/ri-one/ri_one_master_ws/install/ecl_threads/lib:/home/ri-one/ri_one_master_ws/install/ecl_formatters/lib:/home/ri-one/ri_one_master_ws/install/ecl_time/lib:/home/ri-one/ri_one_master_ws/install/ecl_time_lite/lib:/home/ri-one/ri_one_master_ws/install/ecl_exceptions/lib:/home/ri-one/ri_one_master_ws/install/ecl_type_traits/lib:/home/ri-one/ri_one_master_ws/install/ecl_errors/lib:/home/ri-one/ri_one_master_ws/install/kobuki_safety_controller/lib:/home/ri-one/ri_one_master_ws/install/kobuki_random_walker/lib:/home/ri-one/ri_one_master_ws/install/kobuki_node/lib:/home/ri-one/ri_one_master_ws/install/kobuki_keyop/lib:/home/ri-one/ri_one_master_ws/install/kobuki_bumper2pc/lib:/home/ri-one/ri_one_master_ws/install/kobuki_auto_docking/lib:/home/ri-one/ri_one_master_ws/install/kobuki_ros_interfaces/lib:/home/ri-one/ri_one_master_ws/install/kobuki_core/lib:/home/ri-one/ri_one_master_ws/install/kinect2_registration/lib:/home/ri-one/ri_one_master_ws/install/ecl_streams/lib:/home/ri-one/ri_one_master_ws/install/ecl_ipc/lib:/home/ri-one/ri_one_master_ws/install/ecl_manipulators/lib:/home/ri-one/ri_one_master_ws/install/ecl_statistics/lib:/home/ri-one/ri_one_master_ws/install/ecl_io/lib:/home/ri-one/ri_one_master_ws/install/ecl_filesystem/lib:/home/ri-one/ri_one_master_ws/install/cmd_vel_mux/lib:/home/ri-one/ri_one_master_ws/install/audio_common_msgs/lib:/opt/ros/humble/opt/rviz_ogre_vendor/lib:/opt/ros/humble/lib/x86_64-linux-gnu:/opt/ros/humble/lib PATH=/home/ri-one/ri_one_master_ws/install/ecl_type_traits/bin:/home/ri-one/ri_one_master_ws/install/ecl_config/bin:/home/ri-one/ri_one_master_ws/install/kobuki_core/bin:/home/ri-one/ri_one_master_ws/install/ecl_core_apps/bin:/home/ri-one/.nvm/versions/node/v22.12.0/bin:/opt/ros/humble/bin:/usr/local/sbin:/usr/local/bin:/usr/sbin:/usr/bin:/sbin:/bin:/usr/games:/usr/local/games:/snap/bin:/snap/bin /usr/bin/cmake --install /home/ri-one/ri_one_master_ws/build/kobuki_core
[3.423s] -- Install configuration: ""
[3.424s] -- Execute custom install script
[3.430s] -- Up-to-date symlink: /home/ri-one/ri_one_master_ws/install/kobuki_core/include/kobuki_core/command.hpp
[3.431s] -- Up-to-date symlink: /home/ri-one/ri_one_master_ws/install/kobuki_core/include/kobuki_core/dock_drive.hpp
[3.432s] -- Up-to-date symlink: /home/ri-one/ri_one_master_ws/install/kobuki_core/include/kobuki_core/event_manager.hpp
[3.434s] -- Up-to-date symlink: /home/ri-one/ri_one_master_ws/install/kobuki_core/include/kobuki_core/kobuki.hpp
[3.434s] -- Up-to-date symlink: /home/ri-one/ri_one_master_ws/install/kobuki_core/include/kobuki_core/logging.hpp
[3.437s] -- Up-to-date symlink: /home/ri-one/ri_one_master_ws/install/kobuki_core/include/kobuki_core/macros.hpp
[3.438s] -- Up-to-date symlink: /home/ri-one/ri_one_master_ws/install/kobuki_core/include/kobuki_core/modules.hpp
[3.438s] -- Up-to-date symlink: /home/ri-one/ri_one_master_ws/install/kobuki_core/include/kobuki_core/modules/acceleration_limiter.hpp
[3.439s] -- Up-to-date symlink: /home/ri-one/ri_one_master_ws/install/kobuki_core/include/kobuki_core/modules/battery.hpp
[3.442s] -- Up-to-date symlink: /home/ri-one/ri_one_master_ws/install/kobuki_core/include/kobuki_core/modules/diff_drive.hpp
[3.443s] -- Up-to-date symlink: /home/ri-one/ri_one_master_ws/install/kobuki_core/include/kobuki_core/modules/digital_output.hpp
[3.446s] -- Up-to-date symlink: /home/ri-one/ri_one_master_ws/install/kobuki_core/include/kobuki_core/modules/led_array.hpp
[3.447s] -- Up-to-date symlink: /home/ri-one/ri_one_master_ws/install/kobuki_core/include/kobuki_core/modules/sound.hpp
[3.447s] -- Up-to-date symlink: /home/ri-one/ri_one_master_ws/install/kobuki_core/include/kobuki_core/packet_handler/packet_finder.hpp
[3.447s] -- Up-to-date symlink: /home/ri-one/ri_one_master_ws/install/kobuki_core/include/kobuki_core/packet_handler/payload_base.hpp
[3.449s] -- Up-to-date symlink: /home/ri-one/ri_one_master_ws/install/kobuki_core/include/kobuki_core/packet_handler/payload_headers.hpp
[3.451s] -- Up-to-date symlink: /home/ri-one/ri_one_master_ws/install/kobuki_core/include/kobuki_core/packets.hpp
[3.451s] -- Up-to-date symlink: /home/ri-one/ri_one_master_ws/install/kobuki_core/include/kobuki_core/packets/cliff.hpp
[3.455s] -- Up-to-date symlink: /home/ri-one/ri_one_master_ws/install/kobuki_core/include/kobuki_core/packets/controller_info.hpp
[3.455s] -- Up-to-date symlink: /home/ri-one/ri_one_master_ws/install/kobuki_core/include/kobuki_core/packets/core_sensors.hpp
[3.458s] -- Up-to-date symlink: /home/ri-one/ri_one_master_ws/install/kobuki_core/include/kobuki_core/packets/current.hpp
[3.458s] -- Up-to-date symlink: /home/ri-one/ri_one_master_ws/install/kobuki_core/include/kobuki_core/packets/dock_ir.hpp
[3.465s] -- Up-to-date symlink: /home/ri-one/ri_one_master_ws/install/kobuki_core/include/kobuki_core/packets/eeprom.hpp
[3.465s] -- Up-to-date symlink: /home/ri-one/ri_one_master_ws/install/kobuki_core/include/kobuki_core/packets/firmware.hpp
[3.466s] -- Up-to-date symlink: /home/ri-one/ri_one_master_ws/install/kobuki_core/include/kobuki_core/packets/gp_input.hpp
[3.467s] -- Up-to-date symlink: /home/ri-one/ri_one_master_ws/install/kobuki_core/include/kobuki_core/packets/hardware.hpp
[3.467s] -- Up-to-date symlink: /home/ri-one/ri_one_master_ws/install/kobuki_core/include/kobuki_core/packets/inertia.hpp
[3.468s] -- Up-to-date symlink: /home/ri-one/ri_one_master_ws/install/kobuki_core/include/kobuki_core/packets/three_axis_gyro.hpp
[3.468s] -- Up-to-date symlink: /home/ri-one/ri_one_master_ws/install/kobuki_core/include/kobuki_core/packets/unique_device_id.hpp
[3.468s] -- Up-to-date symlink: /home/ri-one/ri_one_master_ws/install/kobuki_core/include/kobuki_core/parameters.hpp
[3.468s] -- Up-to-date symlink: /home/ri-one/ri_one_master_ws/install/kobuki_core/include/kobuki_core/version_info.hpp
[3.474s] -- Up-to-date symlink: /home/ri-one/ri_one_master_ws/install/kobuki_core/lib/kobuki_core/demo_buttons
[3.474s] -- Up-to-date symlink: /home/ri-one/ri_one_master_ws/install/kobuki_core/lib/kobuki_core/demo_chirp
[3.486s] -- Up-to-date symlink: /home/ri-one/ri_one_master_ws/install/kobuki_core/lib/kobuki_core/demo_custom_logging
[3.490s] -- Up-to-date symlink: /home/ri-one/ri_one_master_ws/install/kobuki_core/lib/kobuki_core/demo_data_stream
[3.490s] -- Up-to-date symlink: /home/ri-one/ri_one_master_ws/install/kobuki_core/lib/kobuki_core/demo_log_levels
[3.490s] -- Up-to-date symlink: /home/ri-one/ri_one_master_ws/install/kobuki_core/lib/kobuki_core/demo_raw_data_stream
[3.490s] -- Up-to-date symlink: /home/ri-one/ri_one_master_ws/install/kobuki_core/lib/kobuki_core/demo_simple_loop
[3.490s] -- Up-to-date symlink: /home/ri-one/ri_one_master_ws/install/kobuki_core/lib/kobuki_core/demo_velocity_commands
[3.491s] -- Up-to-date symlink: /home/ri-one/ri_one_master_ws/install/kobuki_core/bin/kobuki-version-info
[3.491s] -- Up-to-date symlink: /home/ri-one/ri_one_master_ws/install/kobuki_core/bin/kobuki-simple-keyop
[3.494s] -- Up-to-date symlink: /home/ri-one/ri_one_master_ws/install/kobuki_core/include/CMakeLists.txt
[3.495s] -- Up-to-date symlink: /home/ri-one/ri_one_master_ws/install/kobuki_core/include/kobuki_core/command.hpp
[3.495s] -- Up-to-date symlink: /home/ri-one/ri_one_master_ws/install/kobuki_core/include/kobuki_core/dock_drive.hpp
[3.495s] -- Up-to-date symlink: /home/ri-one/ri_one_master_ws/install/kobuki_core/include/kobuki_core/event_manager.hpp
[3.496s] -- Up-to-date symlink: /home/ri-one/ri_one_master_ws/install/kobuki_core/include/kobuki_core/kobuki.hpp
[3.497s] -- Up-to-date symlink: /home/ri-one/ri_one_master_ws/install/kobuki_core/include/kobuki_core/logging.hpp
[3.499s] -- Up-to-date symlink: /home/ri-one/ri_one_master_ws/install/kobuki_core/include/kobuki_core/macros.hpp
[3.501s] -- Up-to-date symlink: /home/ri-one/ri_one_master_ws/install/kobuki_core/include/kobuki_core/modules.hpp
[3.501s] -- Up-to-date symlink: /home/ri-one/ri_one_master_ws/install/kobuki_core/include/kobuki_core/modules/acceleration_limiter.hpp
[3.501s] -- Up-to-date symlink: /home/ri-one/ri_one_master_ws/install/kobuki_core/include/kobuki_core/modules/battery.hpp
[3.501s] -- Up-to-date symlink: /home/ri-one/ri_one_master_ws/install/kobuki_core/include/kobuki_core/modules/diff_drive.hpp
[3.501s] -- Up-to-date symlink: /home/ri-one/ri_one_master_ws/install/kobuki_core/include/kobuki_core/modules/digital_output.hpp
[3.504s] -- Up-to-date symlink: /home/ri-one/ri_one_master_ws/install/kobuki_core/include/kobuki_core/modules/led_array.hpp
[3.505s] -- Up-to-date symlink: /home/ri-one/ri_one_master_ws/install/kobuki_core/include/kobuki_core/modules/sound.hpp
[3.505s] -- Up-to-date symlink: /home/ri-one/ri_one_master_ws/install/kobuki_core/include/kobuki_core/packet_handler/packet_finder.hpp
[3.506s] -- Up-to-date symlink: /home/ri-one/ri_one_master_ws/install/kobuki_core/include/kobuki_core/packet_handler/payload_base.hpp
[3.506s] -- Up-to-date symlink: /home/ri-one/ri_one_master_ws/install/kobuki_core/include/kobuki_core/packet_handler/payload_headers.hpp
[3.506s] -- Up-to-date symlink: /home/ri-one/ri_one_master_ws/install/kobuki_core/include/kobuki_core/packets.hpp
[3.508s] -- Up-to-date symlink: /home/ri-one/ri_one_master_ws/install/kobuki_core/include/kobuki_core/packets/cliff.hpp
[3.508s] -- Up-to-date symlink: /home/ri-one/ri_one_master_ws/install/kobuki_core/include/kobuki_core/packets/controller_info.hpp
[3.511s] -- Up-to-date symlink: /home/ri-one/ri_one_master_ws/install/kobuki_core/include/kobuki_core/packets/core_sensors.hpp
[3.512s] -- Up-to-date symlink: /home/ri-one/ri_one_master_ws/install/kobuki_core/include/kobuki_core/packets/current.hpp
[3.515s] -- Up-to-date symlink: /home/ri-one/ri_one_master_ws/install/kobuki_core/include/kobuki_core/packets/dock_ir.hpp
[3.516s] -- Up-to-date symlink: /home/ri-one/ri_one_master_ws/install/kobuki_core/include/kobuki_core/packets/eeprom.hpp
[3.516s] -- Up-to-date symlink: /home/ri-one/ri_one_master_ws/install/kobuki_core/include/kobuki_core/packets/firmware.hpp
[3.517s] -- Up-to-date symlink: /home/ri-one/ri_one_master_ws/install/kobuki_core/include/kobuki_core/packets/gp_input.hpp
[3.523s] -- Up-to-date symlink: /home/ri-one/ri_one_master_ws/install/kobuki_core/include/kobuki_core/packets/hardware.hpp
[3.523s] -- Up-to-date symlink: /home/ri-one/ri_one_master_ws/install/kobuki_core/include/kobuki_core/packets/inertia.hpp
[3.523s] -- Up-to-date symlink: /home/ri-one/ri_one_master_ws/install/kobuki_core/include/kobuki_core/packets/three_axis_gyro.hpp
[3.523s] -- Up-to-date symlink: /home/ri-one/ri_one_master_ws/install/kobuki_core/include/kobuki_core/packets/unique_device_id.hpp
[3.524s] -- Up-to-date symlink: /home/ri-one/ri_one_master_ws/install/kobuki_core/include/kobuki_core/parameters.hpp
[3.525s] -- Up-to-date symlink: /home/ri-one/ri_one_master_ws/install/kobuki_core/include/kobuki_core/version_info.hpp
[3.525s] -- Up-to-date symlink: /home/ri-one/ri_one_master_ws/install/kobuki_core/share/kobuki_core/environment/library_path.sh
[3.526s] -- Up-to-date symlink: /home/ri-one/ri_one_master_ws/install/kobuki_core/share/kobuki_core/environment/library_path.dsv
[3.526s] -- Up-to-date symlink: /home/ri-one/ri_one_master_ws/install/kobuki_core/share/ament_index/resource_index/package_run_dependencies/kobuki_core
[3.526s] -- Up-to-date symlink: /home/ri-one/ri_one_master_ws/install/kobuki_core/share/ament_index/resource_index/parent_prefix_path/kobuki_core
[3.529s] -- Up-to-date symlink: /home/ri-one/ri_one_master_ws/install/kobuki_core/share/kobuki_core/environment/ament_prefix_path.sh
[3.531s] -- Up-to-date symlink: /home/ri-one/ri_one_master_ws/install/kobuki_core/share/kobuki_core/environment/ament_prefix_path.dsv
[3.535s] -- Up-to-date symlink: /home/ri-one/ri_one_master_ws/install/kobuki_core/share/kobuki_core/environment/path.sh
[3.535s] -- Up-to-date symlink: /home/ri-one/ri_one_master_ws/install/kobuki_core/share/kobuki_core/environment/path.dsv
[3.535s] -- Up-to-date symlink: /home/ri-one/ri_one_master_ws/install/kobuki_core/share/kobuki_core/local_setup.bash
[3.540s] -- Up-to-date symlink: /home/ri-one/ri_one_master_ws/install/kobuki_core/share/kobuki_core/local_setup.sh
[3.540s] -- Up-to-date symlink: /home/ri-one/ri_one_master_ws/install/kobuki_core/share/kobuki_core/local_setup.zsh
[3.541s] -- Up-to-date symlink: /home/ri-one/ri_one_master_ws/install/kobuki_core/share/kobuki_core/local_setup.dsv
[3.541s] -- Symlinking: /home/ri-one/ri_one_master_ws/install/kobuki_core/share/kobuki_core/package.dsv
[3.580s] -- Up-to-date symlink: /home/ri-one/ri_one_master_ws/install/kobuki_core/share/ament_index/resource_index/packages/kobuki_core
[3.580s] -- Up-to-date symlink: /home/ri-one/ri_one_master_ws/install/kobuki_core/share/kobuki_core/cmake/ament_cmake_export_targets-extras.cmake
[3.585s] -- Up-to-date symlink: /home/ri-one/ri_one_master_ws/install/kobuki_core/share/kobuki_core/cmake/ament_cmake_export_dependencies-extras.cmake
[3.588s] -- Up-to-date symlink: /home/ri-one/ri_one_master_ws/install/kobuki_core/share/kobuki_core/cmake/ament_cmake_export_include_directories-extras.cmake
[3.591s] -- Up-to-date symlink: /home/ri-one/ri_one_master_ws/install/kobuki_core/share/kobuki_core/cmake/ament_cmake_export_libraries-extras.cmake
[3.591s] -- Up-to-date symlink: /home/ri-one/ri_one_master_ws/install/kobuki_core/share/kobuki_core/cmake/kobuki_coreConfig.cmake
[3.591s] -- Up-to-date symlink: /home/ri-one/ri_one_master_ws/install/kobuki_core/share/kobuki_core/cmake/kobuki_coreConfig-version.cmake
[3.593s] -- Up-to-date symlink: /home/ri-one/ri_one_master_ws/install/kobuki_core/share/kobuki_core/package.xml
[3.594s] -- Up-to-date: /home/ri-one/ri_one_master_ws/install/kobuki_core/share/kobuki_core/cmake/kobuki_coreExport.cmake
[3.594s] -- Up-to-date: /home/ri-one/ri_one_master_ws/install/kobuki_core/share/kobuki_core/cmake/kobuki_coreExport-noconfig.cmake
[3.600s] -- Up-to-date: /home/ri-one/ri_one_master_ws/install/kobuki_core/lib/libkobuki_core.so.1.4.0
[3.601s] -- Up-to-date: /home/ri-one/ri_one_master_ws/install/kobuki_core/lib/libkobuki_core.so
[3.631s] Invoked command in '/home/ri-one/ri_one_master_ws/build/kobuki_core' returned '0': CMAKE_PREFIX_PATH=/home/ri-one/ri_one_master_ws/install/ecl_mobile_robot:/home/ri-one/ri_one_master_ws/install/ecl_geometry:/home/ri-one/ri_one_master_ws/install/ecl_devices:/home/ri-one/ri_one_master_ws/install/ecl_sigslots:/home/ri-one/ri_one_master_ws/install/ecl_linear_algebra:/home/ri-one/ri_one_master_ws/install/ecl_containers:/home/ri-one/ri_one_master_ws/install/ecl_threads:/home/ri-one/ri_one_master_ws/install/ecl_formatters:/home/ri-one/ri_one_master_ws/install/ecl_utilities:/home/ri-one/ri_one_master_ws/install/ecl_time:/home/ri-one/ri_one_master_ws/install/ecl_converters:/home/ri-one/ri_one_master_ws/install/ecl_time_lite:/home/ri-one/ri_one_master_ws/install/ecl_math:/home/ri-one/ri_one_master_ws/install/ecl_exceptions:/home/ri-one/ri_one_master_ws/install/ecl_concepts:/home/ri-one/ri_one_master_ws/install/ecl_type_traits:/home/ri-one/ri_one_master_ws/install/ecl_errors:/home/ri-one/ri_one_master_ws/install/ecl_console:/home/ri-one/ri_one_master_ws/install/ecl_mpl:/home/ri-one/ri_one_master_ws/install/ecl_eigen:/home/ri-one/ri_one_master_ws/install/ecl_config:/home/ri-one/ri_one_master_ws/install/ecl_command_line:/home/ri-one/ri_one_master_ws/install/ros2_kinect_tilt:/home/ri-one/ri_one_master_ws/install/ros2_kinect_rgb:/home/ri-one/ri_one_master_ws/install/ros2_kinect_mic_node:/home/ri-one/ri_one_master_ws/install/ros2_kinect_led:/home/ri-one/ri_one_master_ws/install/ros2_kinect_depth:/home/ri-one/ri_one_master_ws/install/kobuki_ros:/home/ri-one/ri_one_master_ws/install/kobuki_safety_controller:/home/ri-one/ri_one_master_ws/install/kobuki_random_walker:/home/ri-one/ri_one_master_ws/install/kobuki_node:/home/ri-one/ri_one_master_ws/install/kobuki_keyop:/home/ri-one/ri_one_master_ws/install/kobuki_bumper2pc:/home/ri-one/ri_one_master_ws/install/kobuki_auto_docking:/home/ri-one/ri_one_master_ws/install/kobuki_ros_interfaces:/home/ri-one/ri_one_master_ws/install/kobuki_description:/home/ri-one/ri_one_master_ws/install/kobuki_core:/home/ri-one/ri_one_master_ws/install/kinect_ros2:/home/ri-one/ri_one_master_ws/install/kinect2_calibration:/home/ri-one/ri_one_master_ws/install/kinect2_bridge:/home/ri-one/ri_one_master_ws/install/kinect2_registration:/home/ri-one/ri_one_master_ws/install/ecl_core:/home/ri-one/ri_one_master_ws/install/ecl_core_apps:/home/ri-one/ri_one_master_ws/install/ecl_streams:/home/ri-one/ri_one_master_ws/install/ecl_ipc:/home/ri-one/ri_one_master_ws/install/ecl_manipulators:/home/ri-one/ri_one_master_ws/install/ecl_statistics:/home/ri-one/ri_one_master_ws/install/ecl_lite:/home/ri-one/ri_one_master_ws/install/ecl_sigslots_lite:/home/ri-one/ri_one_master_ws/install/ecl_io:/home/ri-one/ri_one_master_ws/install/ecl_filesystem:/home/ri-one/ri_one_master_ws/install/ecl_converters_lite:/home/ri-one/ri_one_master_ws/install/cmd_vel_mux:/home/ri-one/ri_one_master_ws/install/audio_common:/home/ri-one/ri_one_master_ws/install/audio_common_msgs:/home/ri-one/ri_one_master_ws/install/ros2_tests:/home/ri-one/ri_one_master_ws/install/gesture_to_motion:/home/ri-one/ri_one_master_ws/install/gesture_detection:/opt/ros/humble LD_LIBRARY_PATH=/home/ri-one/ri_one_master_ws/install/ecl_mobile_robot/lib:/home/ri-one/ri_one_master_ws/install/ecl_geometry/lib:/home/ri-one/ri_one_master_ws/install/ecl_devices/lib:/home/ri-one/ri_one_master_ws/install/ecl_linear_algebra/lib:/home/ri-one/ri_one_master_ws/install/ecl_threads/lib:/home/ri-one/ri_one_master_ws/install/ecl_formatters/lib:/home/ri-one/ri_one_master_ws/install/ecl_time/lib:/home/ri-one/ri_one_master_ws/install/ecl_time_lite/lib:/home/ri-one/ri_one_master_ws/install/ecl_exceptions/lib:/home/ri-one/ri_one_master_ws/install/ecl_type_traits/lib:/home/ri-one/ri_one_master_ws/install/ecl_errors/lib:/home/ri-one/ri_one_master_ws/install/kobuki_safety_controller/lib:/home/ri-one/ri_one_master_ws/install/kobuki_random_walker/lib:/home/ri-one/ri_one_master_ws/install/kobuki_node/lib:/home/ri-one/ri_one_master_ws/install/kobuki_keyop/lib:/home/ri-one/ri_one_master_ws/install/kobuki_bumper2pc/lib:/home/ri-one/ri_one_master_ws/install/kobuki_auto_docking/lib:/home/ri-one/ri_one_master_ws/install/kobuki_ros_interfaces/lib:/home/ri-one/ri_one_master_ws/install/kobuki_core/lib:/home/ri-one/ri_one_master_ws/install/kinect2_registration/lib:/home/ri-one/ri_one_master_ws/install/ecl_streams/lib:/home/ri-one/ri_one_master_ws/install/ecl_ipc/lib:/home/ri-one/ri_one_master_ws/install/ecl_manipulators/lib:/home/ri-one/ri_one_master_ws/install/ecl_statistics/lib:/home/ri-one/ri_one_master_ws/install/ecl_io/lib:/home/ri-one/ri_one_master_ws/install/ecl_filesystem/lib:/home/ri-one/ri_one_master_ws/install/cmd_vel_mux/lib:/home/ri-one/ri_one_master_ws/install/audio_common_msgs/lib:/opt/ros/humble/opt/rviz_ogre_vendor/lib:/opt/ros/humble/lib/x86_64-linux-gnu:/opt/ros/humble/lib PATH=/home/ri-one/ri_one_master_ws/install/ecl_type_traits/bin:/home/ri-one/ri_one_master_ws/install/ecl_config/bin:/home/ri-one/ri_one_master_ws/install/kobuki_core/bin:/home/ri-one/ri_one_master_ws/install/ecl_core_apps/bin:/home/ri-one/.nvm/versions/node/v22.12.0/bin:/opt/ros/humble/bin:/usr/local/sbin:/usr/local/bin:/usr/sbin:/usr/bin:/sbin:/bin:/usr/games:/usr/local/games:/snap/bin:/snap/bin /usr/bin/cmake --install /home/ri-one/ri_one_master_ws/build/kobuki_core
