[0.075s] Invoking command in '/home/ri-one/ros2_ws/src/build/ecl_streams': AMENT_PREFIX_PATH=/home/ri-one/ros2_ws/src/install/ecl_devices:/home/ri-one/ros2_ws/src/install/ecl_containers:/home/ri-one/ros2_ws/src/install/ecl_threads:/home/ri-one/ros2_ws/src/install/ecl_formatters:/home/ri-one/ros2_ws/src/install/ecl_utilities:/home/ri-one/ros2_ws/src/install/ecl_time:/home/ri-one/ros2_ws/src/install/ecl_converters:/home/ri-one/ros2_ws/src/install/ecl_time_lite:/home/ri-one/ros2_ws/src/install/ecl_exceptions:/home/ri-one/ros2_ws/src/install/ecl_concepts:/home/ri-one/ros2_ws/src/install/ecl_type_traits:/home/ri-one/ros2_ws/src/install/ecl_errors:/home/ri-one/ros2_ws/src/install/ecl_mpl:/home/ri-one/ros2_ws/src/install/ecl_config:${AMENT_PREFIX_PATH} CMAKE_PREFIX_PATH=/home/ri-one/ros2_ws/src/install/ecl_devices:/home/ri-one/ros2_ws/src/install/ecl_containers:/home/ri-one/ros2_ws/src/install/ecl_threads:/home/ri-one/ros2_ws/src/install/ecl_formatters:/home/ri-one/ros2_ws/src/install/ecl_utilities:/home/ri-one/ros2_ws/src/install/ecl_time:/home/ri-one/ros2_ws/src/install/ecl_converters:/home/ri-one/ros2_ws/src/install/ecl_time_lite:/home/ri-one/ros2_ws/src/install/ecl_exceptions:/home/ri-one/ros2_ws/src/install/ecl_concepts:/home/ri-one/ros2_ws/src/install/ecl_type_traits:/home/ri-one/ros2_ws/src/install/ecl_errors:/home/ri-one/ros2_ws/src/install/ecl_mpl:/home/ri-one/ros2_ws/src/install/ecl_config:/opt/ros/humble LD_LIBRARY_PATH=/home/ri-one/ros2_ws/src/install/ecl_devices/lib:/home/ri-one/ros2_ws/src/install/ecl_threads/lib:/home/ri-one/ros2_ws/src/install/ecl_formatters/lib:/home/ri-one/ros2_ws/src/install/ecl_time/lib:/home/ri-one/ros2_ws/src/install/ecl_time_lite/lib:/home/ri-one/ros2_ws/src/install/ecl_exceptions/lib:/home/ri-one/ros2_ws/src/install/ecl_type_traits/lib:/home/ri-one/ros2_ws/src/install/ecl_errors/lib:${LD_LIBRARY_PATH} PATH=/home/ri-one/ros2_ws/src/install/ecl_type_traits/bin:/home/ri-one/ros2_ws/src/install/ecl_config/bin:${PATH} /usr/bin/cmake /home/ri-one/ros2_ws/src/turtlebot2_ros2/ecl_core/ecl_streams -DCMAKE_INSTALL_PREFIX=/home/ri-one/ros2_ws/src/install/ecl_streams
[0.207s] -- The C compiler identification is GNU 11.4.0
[0.353s] -- The CXX compiler identification is GNU 11.4.0
[0.373s] -- Detecting C compiler ABI info
[0.534s] -- Detecting C compiler ABI info - done
[0.550s] -- Check for working C compiler: /usr/bin/cc - skipped
[0.552s] -- Detecting C compile features
[0.553s] -- Detecting C compile features - done
[0.560s] -- Detecting CXX compiler ABI info
[0.752s] -- Detecting CXX compiler ABI info - done
[0.771s] -- Check for working CXX compiler: /usr/bin/c++ - skipped
[0.773s] -- Detecting CXX compile features
[0.773s] -- Detecting CXX compile features - done
[0.781s] -- Found ament_cmake_ros: 0.10.0 (/opt/ros/humble/share/ament_cmake_ros/cmake)
[1.164s] -- Found Python3: /usr/bin/python3 (found version "3.10.12") found components: Interpreter 
[1.418s] -- Found ecl_build: 1.0.3 (/opt/ros/humble/share/ecl_build/cmake)
[1.432s] -- Found ecl_concepts: 1.2.1 (/home/ri-one/ros2_ws/src/install/ecl_concepts/share/ecl_concepts/cmake)
[1.462s] -- Found ecl_converters: 1.2.1 (/home/ri-one/ros2_ws/src/install/ecl_converters/share/ecl_converters/cmake)
[1.484s] -- Found ecl_devices: 1.2.1 (/home/ri-one/ros2_ws/src/install/ecl_devices/share/ecl_devices/cmake)
[1.515s] -- Looking for pthread.h
[1.684s] -- Looking for pthread.h - found
[1.685s] -- Performing Test CMAKE_HAVE_LIBC_PTHREAD
[1.854s] -- Performing Test CMAKE_HAVE_LIBC_PTHREAD - Success
[1.856s] [33mCMake Warning (dev) at /usr/share/cmake-3.22/Modules/FindPackageHandleStandardArgs.cmake:438 (message):
[1.856s]   The package name passed to `find_package_handle_standard_args` (Threads)
[1.856s]   does not match the name of the calling package (ecl_threads).  This can
[1.857s]   lead to problems in calling code that expects `find_package` result
[1.857s]   variables (e.g., `_FOUND`) to follow a certain pattern.
[1.858s] Call Stack (most recent call first):
[1.858s]   /usr/share/cmake-3.22/Modules/FindThreads.cmake:238 (FIND_PACKAGE_HANDLE_STANDARD_ARGS)
[1.859s]   /opt/ros/humble/share/ecl_build/cmake/ecl_platform_detection.cmake:225 (include)
[1.859s]   /home/ri-one/ros2_ws/src/install/ecl_threads/share/ecl_threads/cmake/ecl_threads-extras.cmake:4 (ecl_detect_threads)
[1.859s]   /home/ri-one/ros2_ws/src/install/ecl_threads/share/ecl_threads/cmake/ecl_threadsConfig.cmake:41 (include)
[1.859s]   /home/ri-one/ros2_ws/src/install/ecl_devices/share/ecl_devices/cmake/ament_cmake_export_dependencies-extras.cmake:21 (find_package)
[1.859s]   /home/ri-one/ros2_ws/src/install/ecl_devices/share/ecl_devices/cmake/ecl_devicesConfig.cmake:41 (include)
[1.859s]   CMakeLists.txt:20 (find_package)
[1.859s] This warning is for project developers.  Use -Wno-dev to suppress it.
[1.859s] [0m
[1.860s] -- Found Threads: TRUE  
[2.054s] -- Found ament_lint_auto: 0.12.14 (/opt/ros/humble/share/ament_lint_auto/cmake)
[2.128s] -- Found gtest sources under '/opt/ros/humble/src/gtest_vendor': C++ tests using 'Google Test' will be built
[2.159s] -- Configuring done
[2.205s] -- Generating done
[2.221s] -- Build files have been written to: /home/ri-one/ros2_ws/src/build/ecl_streams
[2.237s] Invoked command in '/home/ri-one/ros2_ws/src/build/ecl_streams' returned '0': AMENT_PREFIX_PATH=/home/ri-one/ros2_ws/src/install/ecl_devices:/home/ri-one/ros2_ws/src/install/ecl_containers:/home/ri-one/ros2_ws/src/install/ecl_threads:/home/ri-one/ros2_ws/src/install/ecl_formatters:/home/ri-one/ros2_ws/src/install/ecl_utilities:/home/ri-one/ros2_ws/src/install/ecl_time:/home/ri-one/ros2_ws/src/install/ecl_converters:/home/ri-one/ros2_ws/src/install/ecl_time_lite:/home/ri-one/ros2_ws/src/install/ecl_exceptions:/home/ri-one/ros2_ws/src/install/ecl_concepts:/home/ri-one/ros2_ws/src/install/ecl_type_traits:/home/ri-one/ros2_ws/src/install/ecl_errors:/home/ri-one/ros2_ws/src/install/ecl_mpl:/home/ri-one/ros2_ws/src/install/ecl_config:${AMENT_PREFIX_PATH} CMAKE_PREFIX_PATH=/home/ri-one/ros2_ws/src/install/ecl_devices:/home/ri-one/ros2_ws/src/install/ecl_containers:/home/ri-one/ros2_ws/src/install/ecl_threads:/home/ri-one/ros2_ws/src/install/ecl_formatters:/home/ri-one/ros2_ws/src/install/ecl_utilities:/home/ri-one/ros2_ws/src/install/ecl_time:/home/ri-one/ros2_ws/src/install/ecl_converters:/home/ri-one/ros2_ws/src/install/ecl_time_lite:/home/ri-one/ros2_ws/src/install/ecl_exceptions:/home/ri-one/ros2_ws/src/install/ecl_concepts:/home/ri-one/ros2_ws/src/install/ecl_type_traits:/home/ri-one/ros2_ws/src/install/ecl_errors:/home/ri-one/ros2_ws/src/install/ecl_mpl:/home/ri-one/ros2_ws/src/install/ecl_config:/opt/ros/humble LD_LIBRARY_PATH=/home/ri-one/ros2_ws/src/install/ecl_devices/lib:/home/ri-one/ros2_ws/src/install/ecl_threads/lib:/home/ri-one/ros2_ws/src/install/ecl_formatters/lib:/home/ri-one/ros2_ws/src/install/ecl_time/lib:/home/ri-one/ros2_ws/src/install/ecl_time_lite/lib:/home/ri-one/ros2_ws/src/install/ecl_exceptions/lib:/home/ri-one/ros2_ws/src/install/ecl_type_traits/lib:/home/ri-one/ros2_ws/src/install/ecl_errors/lib:${LD_LIBRARY_PATH} PATH=/home/ri-one/ros2_ws/src/install/ecl_type_traits/bin:/home/ri-one/ros2_ws/src/install/ecl_config/bin:${PATH} /usr/bin/cmake /home/ri-one/ros2_ws/src/turtlebot2_ros2/ecl_core/ecl_streams -DCMAKE_INSTALL_PREFIX=/home/ri-one/ros2_ws/src/install/ecl_streams
[2.238s] Invoking command in '/home/ri-one/ros2_ws/src/build/ecl_streams': AMENT_PREFIX_PATH=/home/ri-one/ros2_ws/src/install/ecl_devices:/home/ri-one/ros2_ws/src/install/ecl_containers:/home/ri-one/ros2_ws/src/install/ecl_threads:/home/ri-one/ros2_ws/src/install/ecl_formatters:/home/ri-one/ros2_ws/src/install/ecl_utilities:/home/ri-one/ros2_ws/src/install/ecl_time:/home/ri-one/ros2_ws/src/install/ecl_converters:/home/ri-one/ros2_ws/src/install/ecl_time_lite:/home/ri-one/ros2_ws/src/install/ecl_exceptions:/home/ri-one/ros2_ws/src/install/ecl_concepts:/home/ri-one/ros2_ws/src/install/ecl_type_traits:/home/ri-one/ros2_ws/src/install/ecl_errors:/home/ri-one/ros2_ws/src/install/ecl_mpl:/home/ri-one/ros2_ws/src/install/ecl_config:${AMENT_PREFIX_PATH} CMAKE_PREFIX_PATH=/home/ri-one/ros2_ws/src/install/ecl_devices:/home/ri-one/ros2_ws/src/install/ecl_containers:/home/ri-one/ros2_ws/src/install/ecl_threads:/home/ri-one/ros2_ws/src/install/ecl_formatters:/home/ri-one/ros2_ws/src/install/ecl_utilities:/home/ri-one/ros2_ws/src/install/ecl_time:/home/ri-one/ros2_ws/src/install/ecl_converters:/home/ri-one/ros2_ws/src/install/ecl_time_lite:/home/ri-one/ros2_ws/src/install/ecl_exceptions:/home/ri-one/ros2_ws/src/install/ecl_concepts:/home/ri-one/ros2_ws/src/install/ecl_type_traits:/home/ri-one/ros2_ws/src/install/ecl_errors:/home/ri-one/ros2_ws/src/install/ecl_mpl:/home/ri-one/ros2_ws/src/install/ecl_config:/opt/ros/humble LD_LIBRARY_PATH=/home/ri-one/ros2_ws/src/install/ecl_devices/lib:/home/ri-one/ros2_ws/src/install/ecl_threads/lib:/home/ri-one/ros2_ws/src/install/ecl_formatters/lib:/home/ri-one/ros2_ws/src/install/ecl_time/lib:/home/ri-one/ros2_ws/src/install/ecl_time_lite/lib:/home/ri-one/ros2_ws/src/install/ecl_exceptions/lib:/home/ri-one/ros2_ws/src/install/ecl_type_traits/lib:/home/ri-one/ros2_ws/src/install/ecl_errors/lib:${LD_LIBRARY_PATH} PATH=/home/ri-one/ros2_ws/src/install/ecl_type_traits/bin:/home/ri-one/ros2_ws/src/install/ecl_config/bin:${PATH} /usr/bin/cmake --build /home/ri-one/ros2_ws/src/build/ecl_streams -- -j4 -l4
[2.344s] [  6%] [32mBuilding CXX object src/lib/CMakeFiles/ecl_streams.dir/log_stream.cpp.o[0m
[3.443s] [ 13%] [32mBuilding CXX object src/lib/CMakeFiles/ecl_streams.dir/manipulators.cpp.o[0m
[4.131s] [ 20%] [32m[1mLinking CXX shared library libecl_streams.so[0m
[4.352s] [ 20%] Built target ecl_streams
[4.402s] [ 26%] [32mBuilding CXX object gtest/CMakeFiles/gtest.dir/src/gtest-all.cc.o[0m
[11.198s] [ 33%] [32m[1mLinking CXX static library libgtest.a[0m
[11.328s] [ 33%] Built target gtest
[11.371s] [ 40%] [32mBuilding CXX object src/examples/CMakeFiles/ecl_time_example_log_streams.dir/log_streams.cpp.o[0m
[12.386s] [ 46%] [32m[1mLinking CXX executable demo_log_streams[0m
[12.599s] [ 46%] Built target ecl_time_example_log_streams
[12.651s] [ 53%] [32mBuilding CXX object src/examples/CMakeFiles/ecl_time_example_console_streams.dir/console_streams.cpp.o[0m
[13.671s] [ 60%] [32m[1mLinking CXX executable demo_console_streams[0m
[13.888s] [ 60%] Built target ecl_time_example_console_streams
[13.936s] [ 66%] [32mBuilding CXX object gtest/CMakeFiles/gtest_main.dir/src/gtest_main.cc.o[0m
[15.355s] [ 73%] [32m[1mLinking CXX static library libgtest_main.a[0m
[15.425s] [ 73%] Built target gtest_main
[15.474s] [ 80%] [32mBuilding CXX object src/test/CMakeFiles/ecl_test_file_streams.dir/file_streams.cpp.o[0m
[17.432s] [ 86%] [32m[1mLinking CXX executable ecl_test_file_streams[0m
[17.818s] [ 86%] Built target ecl_test_file_streams
[17.904s] [ 93%] [32mBuilding CXX object src/test/CMakeFiles/ecl_test_string_streams.dir/string_streams.cpp.o[0m
[19.985s] [100%] [32m[1mLinking CXX executable ecl_test_string_streams[0m
[20.360s] [100%] Built target ecl_test_string_streams
[20.385s] Invoked command in '/home/ri-one/ros2_ws/src/build/ecl_streams' returned '0': AMENT_PREFIX_PATH=/home/ri-one/ros2_ws/src/install/ecl_devices:/home/ri-one/ros2_ws/src/install/ecl_containers:/home/ri-one/ros2_ws/src/install/ecl_threads:/home/ri-one/ros2_ws/src/install/ecl_formatters:/home/ri-one/ros2_ws/src/install/ecl_utilities:/home/ri-one/ros2_ws/src/install/ecl_time:/home/ri-one/ros2_ws/src/install/ecl_converters:/home/ri-one/ros2_ws/src/install/ecl_time_lite:/home/ri-one/ros2_ws/src/install/ecl_exceptions:/home/ri-one/ros2_ws/src/install/ecl_concepts:/home/ri-one/ros2_ws/src/install/ecl_type_traits:/home/ri-one/ros2_ws/src/install/ecl_errors:/home/ri-one/ros2_ws/src/install/ecl_mpl:/home/ri-one/ros2_ws/src/install/ecl_config:${AMENT_PREFIX_PATH} CMAKE_PREFIX_PATH=/home/ri-one/ros2_ws/src/install/ecl_devices:/home/ri-one/ros2_ws/src/install/ecl_containers:/home/ri-one/ros2_ws/src/install/ecl_threads:/home/ri-one/ros2_ws/src/install/ecl_formatters:/home/ri-one/ros2_ws/src/install/ecl_utilities:/home/ri-one/ros2_ws/src/install/ecl_time:/home/ri-one/ros2_ws/src/install/ecl_converters:/home/ri-one/ros2_ws/src/install/ecl_time_lite:/home/ri-one/ros2_ws/src/install/ecl_exceptions:/home/ri-one/ros2_ws/src/install/ecl_concepts:/home/ri-one/ros2_ws/src/install/ecl_type_traits:/home/ri-one/ros2_ws/src/install/ecl_errors:/home/ri-one/ros2_ws/src/install/ecl_mpl:/home/ri-one/ros2_ws/src/install/ecl_config:/opt/ros/humble LD_LIBRARY_PATH=/home/ri-one/ros2_ws/src/install/ecl_devices/lib:/home/ri-one/ros2_ws/src/install/ecl_threads/lib:/home/ri-one/ros2_ws/src/install/ecl_formatters/lib:/home/ri-one/ros2_ws/src/install/ecl_time/lib:/home/ri-one/ros2_ws/src/install/ecl_time_lite/lib:/home/ri-one/ros2_ws/src/install/ecl_exceptions/lib:/home/ri-one/ros2_ws/src/install/ecl_type_traits/lib:/home/ri-one/ros2_ws/src/install/ecl_errors/lib:${LD_LIBRARY_PATH} PATH=/home/ri-one/ros2_ws/src/install/ecl_type_traits/bin:/home/ri-one/ros2_ws/src/install/ecl_config/bin:${PATH} /usr/bin/cmake --build /home/ri-one/ros2_ws/src/build/ecl_streams -- -j4 -l4
[20.391s] Invoking command in '/home/ri-one/ros2_ws/src/build/ecl_streams': AMENT_PREFIX_PATH=/home/ri-one/ros2_ws/src/install/ecl_devices:/home/ri-one/ros2_ws/src/install/ecl_containers:/home/ri-one/ros2_ws/src/install/ecl_threads:/home/ri-one/ros2_ws/src/install/ecl_formatters:/home/ri-one/ros2_ws/src/install/ecl_utilities:/home/ri-one/ros2_ws/src/install/ecl_time:/home/ri-one/ros2_ws/src/install/ecl_converters:/home/ri-one/ros2_ws/src/install/ecl_time_lite:/home/ri-one/ros2_ws/src/install/ecl_exceptions:/home/ri-one/ros2_ws/src/install/ecl_concepts:/home/ri-one/ros2_ws/src/install/ecl_type_traits:/home/ri-one/ros2_ws/src/install/ecl_errors:/home/ri-one/ros2_ws/src/install/ecl_mpl:/home/ri-one/ros2_ws/src/install/ecl_config:${AMENT_PREFIX_PATH} CMAKE_PREFIX_PATH=/home/ri-one/ros2_ws/src/install/ecl_devices:/home/ri-one/ros2_ws/src/install/ecl_containers:/home/ri-one/ros2_ws/src/install/ecl_threads:/home/ri-one/ros2_ws/src/install/ecl_formatters:/home/ri-one/ros2_ws/src/install/ecl_utilities:/home/ri-one/ros2_ws/src/install/ecl_time:/home/ri-one/ros2_ws/src/install/ecl_converters:/home/ri-one/ros2_ws/src/install/ecl_time_lite:/home/ri-one/ros2_ws/src/install/ecl_exceptions:/home/ri-one/ros2_ws/src/install/ecl_concepts:/home/ri-one/ros2_ws/src/install/ecl_type_traits:/home/ri-one/ros2_ws/src/install/ecl_errors:/home/ri-one/ros2_ws/src/install/ecl_mpl:/home/ri-one/ros2_ws/src/install/ecl_config:/opt/ros/humble LD_LIBRARY_PATH=/home/ri-one/ros2_ws/src/install/ecl_devices/lib:/home/ri-one/ros2_ws/src/install/ecl_threads/lib:/home/ri-one/ros2_ws/src/install/ecl_formatters/lib:/home/ri-one/ros2_ws/src/install/ecl_time/lib:/home/ri-one/ros2_ws/src/install/ecl_time_lite/lib:/home/ri-one/ros2_ws/src/install/ecl_exceptions/lib:/home/ri-one/ros2_ws/src/install/ecl_type_traits/lib:/home/ri-one/ros2_ws/src/install/ecl_errors/lib:${LD_LIBRARY_PATH} PATH=/home/ri-one/ros2_ws/src/install/ecl_type_traits/bin:/home/ri-one/ros2_ws/src/install/ecl_config/bin:${PATH} /usr/bin/cmake --install /home/ri-one/ros2_ws/src/build/ecl_streams
[20.408s] -- Install configuration: ""
[20.409s] -- Installing: /home/ri-one/ros2_ws/src/install/ecl_streams/share/ecl_streams/environment/library_path.sh
[20.409s] -- Installing: /home/ri-one/ros2_ws/src/install/ecl_streams/share/ecl_streams/environment/library_path.dsv
[20.409s] -- Installing: /home/ri-one/ros2_ws/src/install/ecl_streams/share/ament_index/resource_index/package_run_dependencies/ecl_streams
[20.410s] -- Installing: /home/ri-one/ros2_ws/src/install/ecl_streams/share/ament_index/resource_index/parent_prefix_path/ecl_streams
[20.411s] -- Installing: /home/ri-one/ros2_ws/src/install/ecl_streams/share/ecl_streams/environment/ament_prefix_path.sh
[20.412s] -- Installing: /home/ri-one/ros2_ws/src/install/ecl_streams/share/ecl_streams/environment/ament_prefix_path.dsv
[20.412s] -- Installing: /home/ri-one/ros2_ws/src/install/ecl_streams/share/ecl_streams/environment/path.sh
[20.413s] -- Installing: /home/ri-one/ros2_ws/src/install/ecl_streams/share/ecl_streams/environment/path.dsv
[20.413s] -- Installing: /home/ri-one/ros2_ws/src/install/ecl_streams/share/ecl_streams/local_setup.bash
[20.413s] -- Installing: /home/ri-one/ros2_ws/src/install/ecl_streams/share/ecl_streams/local_setup.sh
[20.414s] -- Installing: /home/ri-one/ros2_ws/src/install/ecl_streams/share/ecl_streams/local_setup.zsh
[20.415s] -- Installing: /home/ri-one/ros2_ws/src/install/ecl_streams/share/ecl_streams/local_setup.dsv
[20.415s] -- Installing: /home/ri-one/ros2_ws/src/install/ecl_streams/share/ecl_streams/package.dsv
[20.415s] -- Installing: /home/ri-one/ros2_ws/src/install/ecl_streams/share/ament_index/resource_index/packages/ecl_streams
[20.415s] -- Installing: /home/ri-one/ros2_ws/src/install/ecl_streams/share/ecl_streams/cmake/ecl_streamsExport.cmake
[20.416s] -- Installing: /home/ri-one/ros2_ws/src/install/ecl_streams/share/ecl_streams/cmake/ecl_streamsExport-noconfig.cmake
[20.416s] -- Installing: /home/ri-one/ros2_ws/src/install/ecl_streams/share/ecl_streams/cmake/ament_cmake_export_targets-extras.cmake
[20.416s] -- Installing: /home/ri-one/ros2_ws/src/install/ecl_streams/share/ecl_streams/cmake/ament_cmake_export_include_directories-extras.cmake
[20.417s] -- Installing: /home/ri-one/ros2_ws/src/install/ecl_streams/share/ecl_streams/cmake/ament_cmake_export_libraries-extras.cmake
[20.417s] -- Installing: /home/ri-one/ros2_ws/src/install/ecl_streams/share/ecl_streams/cmake/ament_cmake_export_dependencies-extras.cmake
[20.417s] -- Installing: /home/ri-one/ros2_ws/src/install/ecl_streams/share/ecl_streams/cmake/ecl_streamsConfig.cmake
[20.418s] -- Installing: /home/ri-one/ros2_ws/src/install/ecl_streams/share/ecl_streams/cmake/ecl_streamsConfig-version.cmake
[20.419s] -- Installing: /home/ri-one/ros2_ws/src/install/ecl_streams/share/ecl_streams/package.xml
[20.419s] -- Installing: /home/ri-one/ros2_ws/src/install/ecl_streams/include/ecl/streams.hpp
[20.420s] -- Installing: /home/ri-one/ros2_ws/src/install/ecl_streams/include/ecl/streams/console_streams.hpp
[20.421s] -- Installing: /home/ri-one/ros2_ws/src/install/ecl_streams/include/ecl/streams/file_streams.hpp
[20.422s] -- Installing: /home/ri-one/ros2_ws/src/install/ecl_streams/include/ecl/streams/log_stream.hpp
[20.422s] -- Installing: /home/ri-one/ros2_ws/src/install/ecl_streams/include/ecl/streams/macros.hpp
[20.423s] -- Installing: /home/ri-one/ros2_ws/src/install/ecl_streams/include/ecl/streams/manipulators.hpp
[20.424s] -- Installing: /home/ri-one/ros2_ws/src/install/ecl_streams/include/ecl/streams/serial_stream.hpp
[20.424s] -- Installing: /home/ri-one/ros2_ws/src/install/ecl_streams/include/ecl/streams/shared_file_stream.hpp
[20.426s] -- Installing: /home/ri-one/ros2_ws/src/install/ecl_streams/include/ecl/streams/socket_streams.hpp
[20.427s] -- Installing: /home/ri-one/ros2_ws/src/install/ecl_streams/include/ecl/streams/string_stream.hpp
[20.428s] -- Installing: /home/ri-one/ros2_ws/src/install/ecl_streams/include/ecl/streams/text_stream.hpp
[20.428s] -- Installing: /home/ri-one/ros2_ws/src/install/ecl_streams/include/ecl/streams/manipulators/clear_screen.hpp
[20.429s] -- Installing: /home/ri-one/ros2_ws/src/install/ecl_streams/include/ecl/streams/manipulators/end_of_line.hpp
[20.430s] -- Installing: /home/ri-one/ros2_ws/src/install/ecl_streams/include/ecl/streams/manipulators/manipulator.hpp
[20.431s] -- Installing: /home/ri-one/ros2_ws/src/install/ecl_streams/include/ecl/streams/text_streams/base_text_stream.hpp
[20.432s] -- Installing: /home/ri-one/ros2_ws/src/install/ecl_streams/include/ecl/streams/text_streams/input_text_stream.hpp
[20.433s] -- Installing: /home/ri-one/ros2_ws/src/install/ecl_streams/include/ecl/streams/text_streams/output_text_stream.hpp
[20.434s] -- Installing: /home/ri-one/ros2_ws/src/install/ecl_streams/lib/libecl_streams.so.1.2.1
[20.437s] -- Set runtime path of "/home/ri-one/ros2_ws/src/install/ecl_streams/lib/libecl_streams.so.1.2.1" to ""
[20.438s] -- Installing: /home/ri-one/ros2_ws/src/install/ecl_streams/lib/libecl_streams.so
[20.440s] -- Installing: /home/ri-one/ros2_ws/src/install/ecl_streams/lib/ecl_streams/demo_console_streams
[20.441s] -- Set runtime path of "/home/ri-one/ros2_ws/src/install/ecl_streams/lib/ecl_streams/demo_console_streams" to ""
[20.442s] -- Installing: /home/ri-one/ros2_ws/src/install/ecl_streams/lib/ecl_streams/demo_log_streams
[20.444s] -- Set runtime path of "/home/ri-one/ros2_ws/src/install/ecl_streams/lib/ecl_streams/demo_log_streams" to ""
[20.450s] Invoked command in '/home/ri-one/ros2_ws/src/build/ecl_streams' returned '0': AMENT_PREFIX_PATH=/home/ri-one/ros2_ws/src/install/ecl_devices:/home/ri-one/ros2_ws/src/install/ecl_containers:/home/ri-one/ros2_ws/src/install/ecl_threads:/home/ri-one/ros2_ws/src/install/ecl_formatters:/home/ri-one/ros2_ws/src/install/ecl_utilities:/home/ri-one/ros2_ws/src/install/ecl_time:/home/ri-one/ros2_ws/src/install/ecl_converters:/home/ri-one/ros2_ws/src/install/ecl_time_lite:/home/ri-one/ros2_ws/src/install/ecl_exceptions:/home/ri-one/ros2_ws/src/install/ecl_concepts:/home/ri-one/ros2_ws/src/install/ecl_type_traits:/home/ri-one/ros2_ws/src/install/ecl_errors:/home/ri-one/ros2_ws/src/install/ecl_mpl:/home/ri-one/ros2_ws/src/install/ecl_config:${AMENT_PREFIX_PATH} CMAKE_PREFIX_PATH=/home/ri-one/ros2_ws/src/install/ecl_devices:/home/ri-one/ros2_ws/src/install/ecl_containers:/home/ri-one/ros2_ws/src/install/ecl_threads:/home/ri-one/ros2_ws/src/install/ecl_formatters:/home/ri-one/ros2_ws/src/install/ecl_utilities:/home/ri-one/ros2_ws/src/install/ecl_time:/home/ri-one/ros2_ws/src/install/ecl_converters:/home/ri-one/ros2_ws/src/install/ecl_time_lite:/home/ri-one/ros2_ws/src/install/ecl_exceptions:/home/ri-one/ros2_ws/src/install/ecl_concepts:/home/ri-one/ros2_ws/src/install/ecl_type_traits:/home/ri-one/ros2_ws/src/install/ecl_errors:/home/ri-one/ros2_ws/src/install/ecl_mpl:/home/ri-one/ros2_ws/src/install/ecl_config:/opt/ros/humble LD_LIBRARY_PATH=/home/ri-one/ros2_ws/src/install/ecl_devices/lib:/home/ri-one/ros2_ws/src/install/ecl_threads/lib:/home/ri-one/ros2_ws/src/install/ecl_formatters/lib:/home/ri-one/ros2_ws/src/install/ecl_time/lib:/home/ri-one/ros2_ws/src/install/ecl_time_lite/lib:/home/ri-one/ros2_ws/src/install/ecl_exceptions/lib:/home/ri-one/ros2_ws/src/install/ecl_type_traits/lib:/home/ri-one/ros2_ws/src/install/ecl_errors/lib:${LD_LIBRARY_PATH} PATH=/home/ri-one/ros2_ws/src/install/ecl_type_traits/bin:/home/ri-one/ros2_ws/src/install/ecl_config/bin:${PATH} /usr/bin/cmake --install /home/ri-one/ros2_ws/src/build/ecl_streams
