[0.089s] Invoking command in '/home/ri-one/ri_one_master_ws/build/kinect2_bridge': AMENT_PREFIX_PATH=/home/ri-one/ri_one_master_ws/install/kinect2_registration:${AMENT_PREFIX_PATH} CMAKE_PREFIX_PATH=/home/ri-one/ri_one_master_ws/install/kinect2_registration:/opt/ros/humble LD_LIBRARY_PATH=/home/ri-one/ri_one_master_ws/install/kinect2_registration/lib:${LD_LIBRARY_PATH} /usr/bin/cmake --build /home/ri-one/ri_one_master_ws/build/kinect2_bridge -- -j4 -l4
[0.234s] [100%] Built target kinect2_bridge_node
[0.293s] Invoked command in '/home/ri-one/ri_one_master_ws/build/kinect2_bridge' returned '0': AMENT_PREFIX_PATH=/home/ri-one/ri_one_master_ws/install/kinect2_registration:${AMENT_PREFIX_PATH} CMAKE_PREFIX_PATH=/home/ri-one/ri_one_master_ws/install/kinect2_registration:/opt/ros/humble LD_LIBRARY_PATH=/home/ri-one/ri_one_master_ws/install/kinect2_registration/lib:${LD_LIBRARY_PATH} /usr/bin/cmake --build /home/ri-one/ri_one_master_ws/build/kinect2_bridge -- -j4 -l4
[0.293s] Invoking command in '/home/ri-one/ri_one_master_ws/build/kinect2_bridge': AMENT_PREFIX_PATH=/home/ri-one/ri_one_master_ws/install/kinect2_registration:${AMENT_PREFIX_PATH} CMAKE_PREFIX_PATH=/home/ri-one/ri_one_master_ws/install/kinect2_registration:/opt/ros/humble LD_LIBRARY_PATH=/home/ri-one/ri_one_master_ws/install/kinect2_registration/lib:${LD_LIBRARY_PATH} /usr/bin/cmake --install /home/ri-one/ri_one_master_ws/build/kinect2_bridge
[0.312s] -- Install configuration: ""
[0.312s] -- Execute custom install script
[0.312s] -- Up-to-date symlink: /home/ri-one/ri_one_master_ws/install/kinect2_bridge/lib/kinect2_bridge/kinect2_bridge_node
[0.312s] -- Up-to-date symlink: /home/ri-one/ri_one_master_ws/install/kinect2_bridge/share/kinect2_bridge//launch/kinect2_bridge_launch.yaml
[0.314s] -- Up-to-date symlink: /home/ri-one/ri_one_master_ws/install/kinect2_bridge/share/kinect2_bridge//launch/rtabmap.launch.py
[0.315s] -- Up-to-date symlink: /home/ri-one/ri_one_master_ws/install/kinect2_bridge/include/kinect2_bridge/kinect2_definitions.h
[0.315s] -- Up-to-date symlink: /home/ri-one/ri_one_master_ws/install/kinect2_bridge/share/ament_index/resource_index/package_run_dependencies/kinect2_bridge
[0.315s] -- Up-to-date symlink: /home/ri-one/ri_one_master_ws/install/kinect2_bridge/share/ament_index/resource_index/parent_prefix_path/kinect2_bridge
[0.315s] -- Up-to-date symlink: /home/ri-one/ri_one_master_ws/install/kinect2_bridge/share/kinect2_bridge/environment/ament_prefix_path.sh
[0.315s] -- Up-to-date symlink: /home/ri-one/ri_one_master_ws/install/kinect2_bridge/share/kinect2_bridge/environment/ament_prefix_path.dsv
[0.316s] -- Up-to-date symlink: /home/ri-one/ri_one_master_ws/install/kinect2_bridge/share/kinect2_bridge/environment/path.sh
[0.316s] -- Up-to-date symlink: /home/ri-one/ri_one_master_ws/install/kinect2_bridge/share/kinect2_bridge/environment/path.dsv
[0.319s] -- Up-to-date symlink: /home/ri-one/ri_one_master_ws/install/kinect2_bridge/share/kinect2_bridge/local_setup.bash
[0.319s] -- Up-to-date symlink: /home/ri-one/ri_one_master_ws/install/kinect2_bridge/share/kinect2_bridge/local_setup.sh
[0.320s] -- Up-to-date symlink: /home/ri-one/ri_one_master_ws/install/kinect2_bridge/share/kinect2_bridge/local_setup.zsh
[0.320s] -- Up-to-date symlink: /home/ri-one/ri_one_master_ws/install/kinect2_bridge/share/kinect2_bridge/local_setup.dsv
[0.320s] -- Symlinking: /home/ri-one/ri_one_master_ws/install/kinect2_bridge/share/kinect2_bridge/package.dsv
[0.353s] -- Up-to-date symlink: /home/ri-one/ri_one_master_ws/install/kinect2_bridge/share/ament_index/resource_index/packages/kinect2_bridge
[0.355s] -- Up-to-date symlink: /home/ri-one/ri_one_master_ws/install/kinect2_bridge/share/kinect2_bridge/cmake/ament_cmake_export_include_directories-extras.cmake
[0.355s] -- Up-to-date symlink: /home/ri-one/ri_one_master_ws/install/kinect2_bridge/share/kinect2_bridge/cmake/kinect2_bridgeConfig.cmake
[0.355s] -- Up-to-date symlink: /home/ri-one/ri_one_master_ws/install/kinect2_bridge/share/kinect2_bridge/cmake/kinect2_bridgeConfig-version.cmake
[0.357s] -- Up-to-date symlink: /home/ri-one/ri_one_master_ws/install/kinect2_bridge/share/kinect2_bridge/package.xml
[0.365s] Invoked command in '/home/ri-one/ri_one_master_ws/build/kinect2_bridge' returned '0': AMENT_PREFIX_PATH=/home/ri-one/ri_one_master_ws/install/kinect2_registration:${AMENT_PREFIX_PATH} CMAKE_PREFIX_PATH=/home/ri-one/ri_one_master_ws/install/kinect2_registration:/opt/ros/humble LD_LIBRARY_PATH=/home/ri-one/ri_one_master_ws/install/kinect2_registration/lib:${LD_LIBRARY_PATH} /usr/bin/cmake --install /home/ri-one/ri_one_master_ws/build/kinect2_bridge
