[0.059s] Invoking command in '/home/ri-one/ri_one_master_ws/build/ecl_geometry': AMENT_PREFIX_PATH=/home/ri-one/ri_one_master_ws/install/ecl_linear_algebra:/home/ri-one/ri_one_master_ws/install/ecl_containers:/home/ri-one/ri_one_master_ws/install/ecl_formatters:/home/ri-one/ri_one_master_ws/install/ecl_utilities:/home/ri-one/ri_one_master_ws/install/ecl_converters:/home/ri-one/ri_one_master_ws/install/ecl_math:/home/ri-one/ri_one_master_ws/install/ecl_exceptions:/home/ri-one/ri_one_master_ws/install/ecl_concepts:/home/ri-one/ri_one_master_ws/install/ecl_type_traits:/home/ri-one/ri_one_master_ws/install/ecl_errors:/home/ri-one/ri_one_master_ws/install/ecl_mpl:/home/ri-one/ri_one_master_ws/install/ecl_eigen:/home/ri-one/ri_one_master_ws/install/ecl_config:${AMENT_PREFIX_PATH} CMAKE_PREFIX_PATH=/home/ri-one/ri_one_master_ws/install/ecl_linear_algebra:/home/ri-one/ri_one_master_ws/install/ecl_containers:/home/ri-one/ri_one_master_ws/install/ecl_formatters:/home/ri-one/ri_one_master_ws/install/ecl_utilities:/home/ri-one/ri_one_master_ws/install/ecl_converters:/home/ri-one/ri_one_master_ws/install/ecl_math:/home/ri-one/ri_one_master_ws/install/ecl_exceptions:/home/ri-one/ri_one_master_ws/install/ecl_concepts:/home/ri-one/ri_one_master_ws/install/ecl_type_traits:/home/ri-one/ri_one_master_ws/install/ecl_errors:/home/ri-one/ri_one_master_ws/install/ecl_mpl:/home/ri-one/ri_one_master_ws/install/ecl_eigen:/home/ri-one/ri_one_master_ws/install/ecl_config:/opt/ros/humble LD_LIBRARY_PATH=/home/ri-one/ri_one_master_ws/install/ecl_linear_algebra/lib:/home/ri-one/ri_one_master_ws/install/ecl_formatters/lib:/home/ri-one/ri_one_master_ws/install/ecl_exceptions/lib:/home/ri-one/ri_one_master_ws/install/ecl_type_traits/lib:/home/ri-one/ri_one_master_ws/install/ecl_errors/lib:${LD_LIBRARY_PATH} PATH=/home/ri-one/ri_one_master_ws/install/ecl_type_traits/bin:/home/ri-one/ri_one_master_ws/install/ecl_config/bin:${PATH} /usr/bin/cmake --build /home/ri-one/ri_one_master_ws/build/ecl_geometry -- -j4 -l4
[0.255s] [  4%] Built target gtest_main
[0.270s] [  9%] Built target gtest
[0.343s] [ 40%] Built target ecl_geometry
[0.485s] [ 45%] Built target ecl_test_angles
[0.515s] [ 50%] Built target ecl_test_homogeneous_points
[0.545s] [ 54%] Built target ecl_test_cubic_splines
[0.561s] [ 59%] Built target ecl_test_cartesian_points
[0.604s] [ 63%] Built target ecl_test_legacy_pose2d
[0.613s] [ 68%] Built target ecl_test_legacy_pose3d
[0.618s] [ 72%] Built target ecl_test_linear_segment
[0.665s] [ 77%] Built target ecl_test_polynomials
[0.684s] [ 81%] Built target ecl_test_tension_function
[0.695s] [ 86%] Built target ecl_test_smooth_linear_splines
[0.699s] [ 90%] Built target ecl_test_pose2d
[0.743s] [ 95%] Built target ecl_test_tension_splines
[0.757s] [100%] Built target ecl_test_odometry_helper
[0.802s] Invoked command in '/home/ri-one/ri_one_master_ws/build/ecl_geometry' returned '0': AMENT_PREFIX_PATH=/home/ri-one/ri_one_master_ws/install/ecl_linear_algebra:/home/ri-one/ri_one_master_ws/install/ecl_containers:/home/ri-one/ri_one_master_ws/install/ecl_formatters:/home/ri-one/ri_one_master_ws/install/ecl_utilities:/home/ri-one/ri_one_master_ws/install/ecl_converters:/home/ri-one/ri_one_master_ws/install/ecl_math:/home/ri-one/ri_one_master_ws/install/ecl_exceptions:/home/ri-one/ri_one_master_ws/install/ecl_concepts:/home/ri-one/ri_one_master_ws/install/ecl_type_traits:/home/ri-one/ri_one_master_ws/install/ecl_errors:/home/ri-one/ri_one_master_ws/install/ecl_mpl:/home/ri-one/ri_one_master_ws/install/ecl_eigen:/home/ri-one/ri_one_master_ws/install/ecl_config:${AMENT_PREFIX_PATH} CMAKE_PREFIX_PATH=/home/ri-one/ri_one_master_ws/install/ecl_linear_algebra:/home/ri-one/ri_one_master_ws/install/ecl_containers:/home/ri-one/ri_one_master_ws/install/ecl_formatters:/home/ri-one/ri_one_master_ws/install/ecl_utilities:/home/ri-one/ri_one_master_ws/install/ecl_converters:/home/ri-one/ri_one_master_ws/install/ecl_math:/home/ri-one/ri_one_master_ws/install/ecl_exceptions:/home/ri-one/ri_one_master_ws/install/ecl_concepts:/home/ri-one/ri_one_master_ws/install/ecl_type_traits:/home/ri-one/ri_one_master_ws/install/ecl_errors:/home/ri-one/ri_one_master_ws/install/ecl_mpl:/home/ri-one/ri_one_master_ws/install/ecl_eigen:/home/ri-one/ri_one_master_ws/install/ecl_config:/opt/ros/humble LD_LIBRARY_PATH=/home/ri-one/ri_one_master_ws/install/ecl_linear_algebra/lib:/home/ri-one/ri_one_master_ws/install/ecl_formatters/lib:/home/ri-one/ri_one_master_ws/install/ecl_exceptions/lib:/home/ri-one/ri_one_master_ws/install/ecl_type_traits/lib:/home/ri-one/ri_one_master_ws/install/ecl_errors/lib:${LD_LIBRARY_PATH} PATH=/home/ri-one/ri_one_master_ws/install/ecl_type_traits/bin:/home/ri-one/ri_one_master_ws/install/ecl_config/bin:${PATH} /usr/bin/cmake --build /home/ri-one/ri_one_master_ws/build/ecl_geometry -- -j4 -l4
[0.803s] Invoking command in '/home/ri-one/ri_one_master_ws/build/ecl_geometry': AMENT_PREFIX_PATH=/home/ri-one/ri_one_master_ws/install/ecl_linear_algebra:/home/ri-one/ri_one_master_ws/install/ecl_containers:/home/ri-one/ri_one_master_ws/install/ecl_formatters:/home/ri-one/ri_one_master_ws/install/ecl_utilities:/home/ri-one/ri_one_master_ws/install/ecl_converters:/home/ri-one/ri_one_master_ws/install/ecl_math:/home/ri-one/ri_one_master_ws/install/ecl_exceptions:/home/ri-one/ri_one_master_ws/install/ecl_concepts:/home/ri-one/ri_one_master_ws/install/ecl_type_traits:/home/ri-one/ri_one_master_ws/install/ecl_errors:/home/ri-one/ri_one_master_ws/install/ecl_mpl:/home/ri-one/ri_one_master_ws/install/ecl_eigen:/home/ri-one/ri_one_master_ws/install/ecl_config:${AMENT_PREFIX_PATH} CMAKE_PREFIX_PATH=/home/ri-one/ri_one_master_ws/install/ecl_linear_algebra:/home/ri-one/ri_one_master_ws/install/ecl_containers:/home/ri-one/ri_one_master_ws/install/ecl_formatters:/home/ri-one/ri_one_master_ws/install/ecl_utilities:/home/ri-one/ri_one_master_ws/install/ecl_converters:/home/ri-one/ri_one_master_ws/install/ecl_math:/home/ri-one/ri_one_master_ws/install/ecl_exceptions:/home/ri-one/ri_one_master_ws/install/ecl_concepts:/home/ri-one/ri_one_master_ws/install/ecl_type_traits:/home/ri-one/ri_one_master_ws/install/ecl_errors:/home/ri-one/ri_one_master_ws/install/ecl_mpl:/home/ri-one/ri_one_master_ws/install/ecl_eigen:/home/ri-one/ri_one_master_ws/install/ecl_config:/opt/ros/humble LD_LIBRARY_PATH=/home/ri-one/ri_one_master_ws/install/ecl_linear_algebra/lib:/home/ri-one/ri_one_master_ws/install/ecl_formatters/lib:/home/ri-one/ri_one_master_ws/install/ecl_exceptions/lib:/home/ri-one/ri_one_master_ws/install/ecl_type_traits/lib:/home/ri-one/ri_one_master_ws/install/ecl_errors/lib:${LD_LIBRARY_PATH} PATH=/home/ri-one/ri_one_master_ws/install/ecl_type_traits/bin:/home/ri-one/ri_one_master_ws/install/ecl_config/bin:${PATH} /usr/bin/cmake --install /home/ri-one/ri_one_master_ws/build/ecl_geometry
[0.817s] -- Install configuration: ""
[0.820s] -- Execute custom install script
[0.821s] -- Up-to-date symlink: /home/ri-one/ri_one_master_ws/install/ecl_geometry/include/ecl/geometry/angle.hpp
[0.821s] -- Up-to-date symlink: /home/ri-one/ri_one_master_ws/install/ecl_geometry/include/ecl/geometry/cartesian_point.hpp
[0.821s] -- Up-to-date symlink: /home/ri-one/ri_one_master_ws/install/ecl_geometry/include/ecl/geometry/cubic_spline.hpp
[0.821s] -- Up-to-date symlink: /home/ri-one/ri_one_master_ws/install/ecl_geometry/include/ecl/geometry/function_math.hpp
[0.821s] -- Up-to-date symlink: /home/ri-one/ri_one_master_ws/install/ecl_geometry/include/ecl/geometry/homogeneous_point.hpp
[0.822s] -- Up-to-date symlink: /home/ri-one/ri_one_master_ws/install/ecl_geometry/include/ecl/geometry/legacy_pose2d.hpp
[0.822s] -- Up-to-date symlink: /home/ri-one/ri_one_master_ws/install/ecl_geometry/include/ecl/geometry/legacy_pose3d.hpp
[0.822s] -- Up-to-date symlink: /home/ri-one/ri_one_master_ws/install/ecl_geometry/include/ecl/geometry/linear_segment.hpp
[0.822s] -- Up-to-date symlink: /home/ri-one/ri_one_master_ws/install/ecl_geometry/include/ecl/geometry/macros.hpp
[0.822s] -- Up-to-date symlink: /home/ri-one/ri_one_master_ws/install/ecl_geometry/include/ecl/geometry/odometry.hpp
[0.823s] -- Up-to-date symlink: /home/ri-one/ri_one_master_ws/install/ecl_geometry/include/ecl/geometry/odometry_helper.hpp
[0.823s] -- Up-to-date symlink: /home/ri-one/ri_one_master_ws/install/ecl_geometry/include/ecl/geometry/odometry_typedefs.hpp
[0.825s] -- Up-to-date symlink: /home/ri-one/ri_one_master_ws/install/ecl_geometry/include/ecl/geometry/pascals_triangle.hpp
[0.825s] -- Up-to-date symlink: /home/ri-one/ri_one_master_ws/install/ecl_geometry/include/ecl/geometry/polynomial.hpp
[0.826s] -- Up-to-date symlink: /home/ri-one/ri_one_master_ws/install/ecl_geometry/include/ecl/geometry/pose2d.hpp
[0.826s] -- Up-to-date symlink: /home/ri-one/ri_one_master_ws/install/ecl_geometry/include/ecl/geometry/smooth_linear_spline.hpp
[0.826s] -- Up-to-date symlink: /home/ri-one/ri_one_master_ws/install/ecl_geometry/include/ecl/geometry/spline_function.hpp
[0.826s] -- Up-to-date symlink: /home/ri-one/ri_one_master_ws/install/ecl_geometry/include/ecl/geometry/tension_function.hpp
[0.826s] -- Up-to-date symlink: /home/ri-one/ri_one_master_ws/install/ecl_geometry/include/ecl/geometry/tension_spline.hpp
[0.826s] -- Up-to-date symlink: /home/ri-one/ri_one_master_ws/install/ecl_geometry/include/ecl/geometry.hpp
[0.827s] -- Up-to-date symlink: /home/ri-one/ri_one_master_ws/install/ecl_geometry/share/ecl_geometry/environment/library_path.sh
[0.827s] -- Up-to-date symlink: /home/ri-one/ri_one_master_ws/install/ecl_geometry/share/ecl_geometry/environment/library_path.dsv
[0.828s] -- Up-to-date symlink: /home/ri-one/ri_one_master_ws/install/ecl_geometry/share/ament_index/resource_index/package_run_dependencies/ecl_geometry
[0.829s] -- Up-to-date symlink: /home/ri-one/ri_one_master_ws/install/ecl_geometry/share/ament_index/resource_index/parent_prefix_path/ecl_geometry
[0.829s] -- Up-to-date symlink: /home/ri-one/ri_one_master_ws/install/ecl_geometry/share/ecl_geometry/environment/ament_prefix_path.sh
[0.829s] -- Up-to-date symlink: /home/ri-one/ri_one_master_ws/install/ecl_geometry/share/ecl_geometry/environment/ament_prefix_path.dsv
[0.829s] -- Up-to-date symlink: /home/ri-one/ri_one_master_ws/install/ecl_geometry/share/ecl_geometry/environment/path.sh
[0.830s] -- Up-to-date symlink: /home/ri-one/ri_one_master_ws/install/ecl_geometry/share/ecl_geometry/environment/path.dsv
[0.830s] -- Up-to-date symlink: /home/ri-one/ri_one_master_ws/install/ecl_geometry/share/ecl_geometry/local_setup.bash
[0.831s] -- Up-to-date symlink: /home/ri-one/ri_one_master_ws/install/ecl_geometry/share/ecl_geometry/local_setup.sh
[0.832s] -- Up-to-date symlink: /home/ri-one/ri_one_master_ws/install/ecl_geometry/share/ecl_geometry/local_setup.zsh
[0.832s] -- Up-to-date symlink: /home/ri-one/ri_one_master_ws/install/ecl_geometry/share/ecl_geometry/local_setup.dsv
[0.832s] -- Symlinking: /home/ri-one/ri_one_master_ws/install/ecl_geometry/share/ecl_geometry/package.dsv
[0.850s] -- Up-to-date symlink: /home/ri-one/ri_one_master_ws/install/ecl_geometry/share/ament_index/resource_index/packages/ecl_geometry
[0.851s] -- Up-to-date symlink: /home/ri-one/ri_one_master_ws/install/ecl_geometry/share/ecl_geometry/cmake/ament_cmake_export_targets-extras.cmake
[0.851s] -- Up-to-date symlink: /home/ri-one/ri_one_master_ws/install/ecl_geometry/share/ecl_geometry/cmake/ament_cmake_export_include_directories-extras.cmake
[0.851s] -- Up-to-date symlink: /home/ri-one/ri_one_master_ws/install/ecl_geometry/share/ecl_geometry/cmake/ament_cmake_export_libraries-extras.cmake
[0.852s] -- Up-to-date symlink: /home/ri-one/ri_one_master_ws/install/ecl_geometry/share/ecl_geometry/cmake/ament_cmake_export_dependencies-extras.cmake
[0.852s] -- Up-to-date symlink: /home/ri-one/ri_one_master_ws/install/ecl_geometry/share/ecl_geometry/cmake/ecl_geometryConfig.cmake
[0.853s] -- Up-to-date symlink: /home/ri-one/ri_one_master_ws/install/ecl_geometry/share/ecl_geometry/cmake/ecl_geometryConfig-version.cmake
[0.854s] -- Up-to-date symlink: /home/ri-one/ri_one_master_ws/install/ecl_geometry/share/ecl_geometry/package.xml
[0.854s] -- Up-to-date: /home/ri-one/ri_one_master_ws/install/ecl_geometry/share/ecl_geometry/cmake/ecl_geometryExport.cmake
[0.854s] -- Up-to-date: /home/ri-one/ri_one_master_ws/install/ecl_geometry/share/ecl_geometry/cmake/ecl_geometryExport-noconfig.cmake
[0.858s] -- Up-to-date: /home/ri-one/ri_one_master_ws/install/ecl_geometry/lib/libecl_geometry.so.1.2.1
[0.859s] -- Up-to-date: /home/ri-one/ri_one_master_ws/install/ecl_geometry/lib/libecl_geometry.so
[0.861s] Invoked command in '/home/ri-one/ri_one_master_ws/build/ecl_geometry' returned '0': AMENT_PREFIX_PATH=/home/ri-one/ri_one_master_ws/install/ecl_linear_algebra:/home/ri-one/ri_one_master_ws/install/ecl_containers:/home/ri-one/ri_one_master_ws/install/ecl_formatters:/home/ri-one/ri_one_master_ws/install/ecl_utilities:/home/ri-one/ri_one_master_ws/install/ecl_converters:/home/ri-one/ri_one_master_ws/install/ecl_math:/home/ri-one/ri_one_master_ws/install/ecl_exceptions:/home/ri-one/ri_one_master_ws/install/ecl_concepts:/home/ri-one/ri_one_master_ws/install/ecl_type_traits:/home/ri-one/ri_one_master_ws/install/ecl_errors:/home/ri-one/ri_one_master_ws/install/ecl_mpl:/home/ri-one/ri_one_master_ws/install/ecl_eigen:/home/ri-one/ri_one_master_ws/install/ecl_config:${AMENT_PREFIX_PATH} CMAKE_PREFIX_PATH=/home/ri-one/ri_one_master_ws/install/ecl_linear_algebra:/home/ri-one/ri_one_master_ws/install/ecl_containers:/home/ri-one/ri_one_master_ws/install/ecl_formatters:/home/ri-one/ri_one_master_ws/install/ecl_utilities:/home/ri-one/ri_one_master_ws/install/ecl_converters:/home/ri-one/ri_one_master_ws/install/ecl_math:/home/ri-one/ri_one_master_ws/install/ecl_exceptions:/home/ri-one/ri_one_master_ws/install/ecl_concepts:/home/ri-one/ri_one_master_ws/install/ecl_type_traits:/home/ri-one/ri_one_master_ws/install/ecl_errors:/home/ri-one/ri_one_master_ws/install/ecl_mpl:/home/ri-one/ri_one_master_ws/install/ecl_eigen:/home/ri-one/ri_one_master_ws/install/ecl_config:/opt/ros/humble LD_LIBRARY_PATH=/home/ri-one/ri_one_master_ws/install/ecl_linear_algebra/lib:/home/ri-one/ri_one_master_ws/install/ecl_formatters/lib:/home/ri-one/ri_one_master_ws/install/ecl_exceptions/lib:/home/ri-one/ri_one_master_ws/install/ecl_type_traits/lib:/home/ri-one/ri_one_master_ws/install/ecl_errors/lib:${LD_LIBRARY_PATH} PATH=/home/ri-one/ri_one_master_ws/install/ecl_type_traits/bin:/home/ri-one/ri_one_master_ws/install/ecl_config/bin:${PATH} /usr/bin/cmake --install /home/ri-one/ri_one_master_ws/build/ecl_geometry
