[0.039s] Invoking command in '/home/ri-one/ros2_ws/src/build/ecl_time': AMENT_PREFIX_PATH=/home/ri-one/ros2_ws/src/install/ecl_time_lite:/home/ri-one/ros2_ws/src/install/ecl_exceptions:/home/ri-one/ros2_ws/src/install/ecl_errors:/home/ri-one/ros2_ws/src/install/ecl_config:${AMENT_PREFIX_PATH} CMAKE_PREFIX_PATH=/home/ri-one/ros2_ws/src/install/ecl_time_lite:/home/ri-one/ros2_ws/src/install/ecl_exceptions:/home/ri-one/ros2_ws/src/install/ecl_errors:/home/ri-one/ros2_ws/src/install/ecl_config:/opt/ros/humble LD_LIBRARY_PATH=/home/ri-one/ros2_ws/src/install/ecl_time_lite/lib:/home/ri-one/ros2_ws/src/install/ecl_exceptions/lib:/home/ri-one/ros2_ws/src/install/ecl_errors/lib:${LD_LIBRARY_PATH} PATH=/home/ri-one/ros2_ws/src/install/ecl_config/bin:${PATH} /usr/bin/cmake /home/ri-one/ros2_ws/src/turtlebot2_ros2/ecl_core/ecl_time -DCMAKE_INSTALL_PREFIX=/home/ri-one/ros2_ws/src/install/ecl_time
[0.174s] -- The C compiler identification is GNU 11.4.0
[0.307s] -- The CXX compiler identification is GNU 11.4.0
[0.325s] -- Detecting C compiler ABI info
[0.481s] -- Detecting C compiler ABI info - done
[0.500s] -- Check for working C compiler: /usr/bin/cc - skipped
[0.504s] -- Detecting C compile features
[0.506s] -- Detecting C compile features - done
[0.509s] -- Detecting CXX compiler ABI info
[0.710s] -- Detecting CXX compiler ABI info - done
[0.738s] -- Check for working CXX compiler: /usr/bin/c++ - skipped
[0.739s] -- Detecting CXX compile features
[0.741s] -- Detecting CXX compile features - done
[0.746s] -- Found ament_cmake_ros: 0.10.0 (/opt/ros/humble/share/ament_cmake_ros/cmake)
[1.118s] -- Found Python3: /usr/bin/python3 (found version "3.10.12") found components: Interpreter 
[1.335s] -- Found ecl_build: 1.0.3 (/opt/ros/humble/share/ecl_build/cmake)
[1.350s] -- Found ecl_config: 1.2.0 (/home/ri-one/ros2_ws/src/install/ecl_config/share/ecl_config/cmake)
[1.353s] -- Found ecl_errors: 1.2.0 (/home/ri-one/ros2_ws/src/install/ecl_errors/share/ecl_errors/cmake)
[1.359s] -- Found ecl_exceptions: 1.2.1 (/home/ri-one/ros2_ws/src/install/ecl_exceptions/share/ecl_exceptions/cmake)
[1.366s] -- Found ecl_time_lite: 1.2.0 (/home/ri-one/ros2_ws/src/install/ecl_time_lite/share/ecl_time_lite/cmake)
[1.525s] -- Found ament_lint_auto: 0.12.14 (/opt/ros/humble/share/ament_lint_auto/cmake)
[1.572s] -- Found gtest sources under '/opt/ros/humble/src/gtest_vendor': C++ tests using 'Google Test' will be built
[1.576s] -- Looking for pthread.h
[1.735s] -- Looking for pthread.h - found
[1.736s] -- Performing Test CMAKE_HAVE_LIBC_PTHREAD
[1.899s] -- Performing Test CMAKE_HAVE_LIBC_PTHREAD - Success
[1.902s] -- Found Threads: TRUE  
[1.948s] -- Configuring done
[2.006s] -- Generating done
[2.025s] -- Build files have been written to: /home/ri-one/ros2_ws/src/build/ecl_time
[2.037s] Invoked command in '/home/ri-one/ros2_ws/src/build/ecl_time' returned '0': AMENT_PREFIX_PATH=/home/ri-one/ros2_ws/src/install/ecl_time_lite:/home/ri-one/ros2_ws/src/install/ecl_exceptions:/home/ri-one/ros2_ws/src/install/ecl_errors:/home/ri-one/ros2_ws/src/install/ecl_config:${AMENT_PREFIX_PATH} CMAKE_PREFIX_PATH=/home/ri-one/ros2_ws/src/install/ecl_time_lite:/home/ri-one/ros2_ws/src/install/ecl_exceptions:/home/ri-one/ros2_ws/src/install/ecl_errors:/home/ri-one/ros2_ws/src/install/ecl_config:/opt/ros/humble LD_LIBRARY_PATH=/home/ri-one/ros2_ws/src/install/ecl_time_lite/lib:/home/ri-one/ros2_ws/src/install/ecl_exceptions/lib:/home/ri-one/ros2_ws/src/install/ecl_errors/lib:${LD_LIBRARY_PATH} PATH=/home/ri-one/ros2_ws/src/install/ecl_config/bin:${PATH} /usr/bin/cmake /home/ri-one/ros2_ws/src/turtlebot2_ros2/ecl_core/ecl_time -DCMAKE_INSTALL_PREFIX=/home/ri-one/ros2_ws/src/install/ecl_time
[2.038s] Invoking command in '/home/ri-one/ros2_ws/src/build/ecl_time': AMENT_PREFIX_PATH=/home/ri-one/ros2_ws/src/install/ecl_time_lite:/home/ri-one/ros2_ws/src/install/ecl_exceptions:/home/ri-one/ros2_ws/src/install/ecl_errors:/home/ri-one/ros2_ws/src/install/ecl_config:${AMENT_PREFIX_PATH} CMAKE_PREFIX_PATH=/home/ri-one/ros2_ws/src/install/ecl_time_lite:/home/ri-one/ros2_ws/src/install/ecl_exceptions:/home/ri-one/ros2_ws/src/install/ecl_errors:/home/ri-one/ros2_ws/src/install/ecl_config:/opt/ros/humble LD_LIBRARY_PATH=/home/ri-one/ros2_ws/src/install/ecl_time_lite/lib:/home/ri-one/ros2_ws/src/install/ecl_exceptions/lib:/home/ri-one/ros2_ws/src/install/ecl_errors/lib:${LD_LIBRARY_PATH} PATH=/home/ri-one/ros2_ws/src/install/ecl_config/bin:${PATH} /usr/bin/cmake --build /home/ri-one/ros2_ws/src/build/ecl_time -- -j4 -l4
[2.141s] [  2%] [32mBuilding CXX object src/lib/CMakeFiles/ecl_time.dir/cpuwatch_rt.cpp.o[0m
[2.567s] [  5%] [32mBuilding CXX object src/lib/CMakeFiles/ecl_time.dir/frequency.cpp.o[0m
[2.982s] [  8%] [32mBuilding CXX object src/lib/CMakeFiles/ecl_time.dir/sleep_win.cpp.o[0m
[3.062s] [ 11%] [32mBuilding CXX object src/lib/CMakeFiles/ecl_time.dir/sleep_pos.cpp.o[0m
[3.672s] [ 14%] [32mBuilding CXX object src/lib/CMakeFiles/ecl_time.dir/snooze_pos.cpp.o[0m
[4.136s] [ 17%] [32mBuilding CXX object src/lib/CMakeFiles/ecl_time.dir/snooze_win.cpp.o[0m
[4.218s] [ 20%] [32mBuilding CXX object src/lib/CMakeFiles/ecl_time.dir/stopwatch.cpp.o[0m
[4.643s] [ 23%] [32mBuilding CXX object src/lib/CMakeFiles/ecl_time.dir/timestamp_base.cpp.o[0m
[5.064s] [ 26%] [32mBuilding CXX object src/lib/CMakeFiles/ecl_time.dir/timestamp_pos.cpp.o[0m
[5.651s] [ 29%] [32mBuilding CXX object src/lib/CMakeFiles/ecl_time.dir/timestamp_win.cpp.o[0m
[5.727s] [ 32%] [32mBuilding CXX object src/lib/CMakeFiles/ecl_time.dir/time_data.cpp.o[0m
[6.264s] [ 35%] [32m[1mLinking CXX shared library libecl_time.so[0m
[6.500s] [ 35%] Built target ecl_time
[6.542s] [ 38%] [32mBuilding CXX object gtest/CMakeFiles/gtest.dir/src/gtest-all.cc.o[0m
[13.091s] [ 41%] [32m[1mLinking CXX static library libgtest.a[0m
[13.214s] [ 41%] Built target gtest
[13.253s] [ 44%] [32mBuilding CXX object src/examples/CMakeFiles/ecl_time_example_sleep.dir/sleep.cpp.o[0m
[13.819s] [ 47%] [32m[1mLinking CXX executable demo_sleep[0m
[13.998s] [ 47%] Built target ecl_time_example_sleep
[14.040s] [ 50%] [32mBuilding CXX object src/examples/CMakeFiles/ecl_time_example_random_number_generator.dir/random_number_generator.cpp.o[0m
[14.749s] [ 52%] [32m[1mLinking CXX executable demo_random_number_generator[0m
[14.941s] [ 52%] Built target ecl_time_example_random_number_generator
[14.981s] [ 55%] [32mBuilding CXX object gtest/CMakeFiles/gtest_main.dir/src/gtest_main.cc.o[0m
[16.311s] [ 58%] [32m[1mLinking CXX static library libgtest_main.a[0m
[16.375s] [ 58%] Built target gtest_main
[16.415s] [ 61%] [32mBuilding CXX object src/test/CMakeFiles/ecl_test_cpuwatch_rt.dir/cpuwatch_rt.cpp.o[0m
[17.851s] [ 64%] [32m[1mLinking CXX executable ecl_test_cpuwatch_rt[0m
[18.174s] [ 64%] Built target ecl_test_cpuwatch_rt
[18.220s] [ 67%] [32mBuilding CXX object src/test/CMakeFiles/ecl_test_snooze.dir/snooze.cpp.o[0m
[19.876s] [ 70%] [32m[1mLinking CXX executable ecl_test_snooze[0m
[20.198s] [ 70%] Built target ecl_test_snooze
[20.242s] [ 73%] [32mBuilding CXX object src/test/CMakeFiles/ecl_test_timestamp.dir/timestamp.cpp.o[0m
[22.628s] [ 76%] [32m[1mLinking CXX executable ecl_test_timestamp[0m
[22.995s] [ 76%] Built target ecl_test_timestamp
[23.036s] [ 79%] [32mBuilding CXX object src/test/CMakeFiles/ecl_test_time_data.dir/time_data.cpp.o[0m
[24.747s] [ 82%] [32m[1mLinking CXX executable ecl_test_time_data[0m
[25.098s] [ 82%] Built target ecl_test_time_data
[25.140s] [ 85%] [32mBuilding CXX object src/test/CMakeFiles/ecl_test_stopwatch.dir/stopwatch.cpp.o[0m
[26.606s] [ 88%] [32m[1mLinking CXX executable ecl_test_stopwatch[0m
[26.941s] [ 88%] Built target ecl_test_stopwatch
[26.984s] [ 91%] [32mBuilding CXX object src/test/CMakeFiles/ecl_test_sleep.dir/sleep.cpp.o[0m
[28.464s] [ 94%] [32m[1mLinking CXX executable ecl_test_sleep[0m
[28.818s] [ 94%] Built target ecl_test_sleep
[28.866s] [ 97%] [32mBuilding CXX object src/test/CMakeFiles/ecl_test_frequency.dir/frequency.cpp.o[0m
[30.391s] [100%] [32m[1mLinking CXX executable ecl_test_frequency[0m
[30.723s] [100%] Built target ecl_test_frequency
[30.746s] Invoked command in '/home/ri-one/ros2_ws/src/build/ecl_time' returned '0': AMENT_PREFIX_PATH=/home/ri-one/ros2_ws/src/install/ecl_time_lite:/home/ri-one/ros2_ws/src/install/ecl_exceptions:/home/ri-one/ros2_ws/src/install/ecl_errors:/home/ri-one/ros2_ws/src/install/ecl_config:${AMENT_PREFIX_PATH} CMAKE_PREFIX_PATH=/home/ri-one/ros2_ws/src/install/ecl_time_lite:/home/ri-one/ros2_ws/src/install/ecl_exceptions:/home/ri-one/ros2_ws/src/install/ecl_errors:/home/ri-one/ros2_ws/src/install/ecl_config:/opt/ros/humble LD_LIBRARY_PATH=/home/ri-one/ros2_ws/src/install/ecl_time_lite/lib:/home/ri-one/ros2_ws/src/install/ecl_exceptions/lib:/home/ri-one/ros2_ws/src/install/ecl_errors/lib:${LD_LIBRARY_PATH} PATH=/home/ri-one/ros2_ws/src/install/ecl_config/bin:${PATH} /usr/bin/cmake --build /home/ri-one/ros2_ws/src/build/ecl_time -- -j4 -l4
[30.748s] Invoking command in '/home/ri-one/ros2_ws/src/build/ecl_time': AMENT_PREFIX_PATH=/home/ri-one/ros2_ws/src/install/ecl_time_lite:/home/ri-one/ros2_ws/src/install/ecl_exceptions:/home/ri-one/ros2_ws/src/install/ecl_errors:/home/ri-one/ros2_ws/src/install/ecl_config:${AMENT_PREFIX_PATH} CMAKE_PREFIX_PATH=/home/ri-one/ros2_ws/src/install/ecl_time_lite:/home/ri-one/ros2_ws/src/install/ecl_exceptions:/home/ri-one/ros2_ws/src/install/ecl_errors:/home/ri-one/ros2_ws/src/install/ecl_config:/opt/ros/humble LD_LIBRARY_PATH=/home/ri-one/ros2_ws/src/install/ecl_time_lite/lib:/home/ri-one/ros2_ws/src/install/ecl_exceptions/lib:/home/ri-one/ros2_ws/src/install/ecl_errors/lib:${LD_LIBRARY_PATH} PATH=/home/ri-one/ros2_ws/src/install/ecl_config/bin:${PATH} /usr/bin/cmake --install /home/ri-one/ros2_ws/src/build/ecl_time
[30.767s] -- Install configuration: ""
[30.768s] -- Installing: /home/ri-one/ros2_ws/src/install/ecl_time/share/ecl_time/environment/library_path.sh
[30.768s] -- Installing: /home/ri-one/ros2_ws/src/install/ecl_time/share/ecl_time/environment/library_path.dsv
[30.769s] -- Installing: /home/ri-one/ros2_ws/src/install/ecl_time/share/ament_index/resource_index/package_run_dependencies/ecl_time
[30.771s] -- Installing: /home/ri-one/ros2_ws/src/install/ecl_time/share/ament_index/resource_index/parent_prefix_path/ecl_time
[30.771s] -- Installing: /home/ri-one/ros2_ws/src/install/ecl_time/share/ecl_time/environment/ament_prefix_path.sh
[30.772s] -- Installing: /home/ri-one/ros2_ws/src/install/ecl_time/share/ecl_time/environment/ament_prefix_path.dsv
[30.772s] -- Installing: /home/ri-one/ros2_ws/src/install/ecl_time/share/ecl_time/environment/path.sh
[30.773s] -- Installing: /home/ri-one/ros2_ws/src/install/ecl_time/share/ecl_time/environment/path.dsv
[30.774s] -- Installing: /home/ri-one/ros2_ws/src/install/ecl_time/share/ecl_time/local_setup.bash
[30.774s] -- Installing: /home/ri-one/ros2_ws/src/install/ecl_time/share/ecl_time/local_setup.sh
[30.775s] -- Installing: /home/ri-one/ros2_ws/src/install/ecl_time/share/ecl_time/local_setup.zsh
[30.776s] -- Installing: /home/ri-one/ros2_ws/src/install/ecl_time/share/ecl_time/local_setup.dsv
[30.777s] -- Installing: /home/ri-one/ros2_ws/src/install/ecl_time/share/ecl_time/package.dsv
[30.777s] -- Installing: /home/ri-one/ros2_ws/src/install/ecl_time/share/ament_index/resource_index/packages/ecl_time
[30.778s] -- Installing: /home/ri-one/ros2_ws/src/install/ecl_time/share/ecl_time/cmake/ecl_timeExport.cmake
[30.779s] -- Installing: /home/ri-one/ros2_ws/src/install/ecl_time/share/ecl_time/cmake/ecl_timeExport-noconfig.cmake
[30.780s] -- Installing: /home/ri-one/ros2_ws/src/install/ecl_time/share/ecl_time/cmake/ament_cmake_export_targets-extras.cmake
[30.780s] -- Installing: /home/ri-one/ros2_ws/src/install/ecl_time/share/ecl_time/cmake/ament_cmake_export_include_directories-extras.cmake
[30.781s] -- Installing: /home/ri-one/ros2_ws/src/install/ecl_time/share/ecl_time/cmake/ament_cmake_export_libraries-extras.cmake
[30.783s] -- Installing: /home/ri-one/ros2_ws/src/install/ecl_time/share/ecl_time/cmake/ament_cmake_export_dependencies-extras.cmake
[30.786s] -- Installing: /home/ri-one/ros2_ws/src/install/ecl_time/share/ecl_time/cmake/ecl_timeConfig.cmake
[30.786s] -- Installing: /home/ri-one/ros2_ws/src/install/ecl_time/share/ecl_time/cmake/ecl_timeConfig-version.cmake
[30.786s] -- Installing: /home/ri-one/ros2_ws/src/install/ecl_time/share/ecl_time/package.xml
[30.789s] -- Installing: /home/ri-one/ros2_ws/src/install/ecl_time/include/ecl/time.hpp
[30.789s] -- Installing: /home/ri-one/ros2_ws/src/install/ecl_time/include/ecl/time/cpuwatch.hpp
[30.789s] -- Installing: /home/ri-one/ros2_ws/src/install/ecl_time/include/ecl/time/cpuwatch_rt.hpp
[30.789s] -- Installing: /home/ri-one/ros2_ws/src/install/ecl_time/include/ecl/time/duration.hpp
[30.789s] -- Installing: /home/ri-one/ros2_ws/src/install/ecl_time/include/ecl/time/frequency.hpp
[30.789s] -- Installing: /home/ri-one/ros2_ws/src/install/ecl_time/include/ecl/time/macros.hpp
[30.790s] -- Installing: /home/ri-one/ros2_ws/src/install/ecl_time/include/ecl/time/random_number_generator.hpp
[30.790s] -- Installing: /home/ri-one/ros2_ws/src/install/ecl_time/include/ecl/time/sleep.hpp
[30.790s] -- Installing: /home/ri-one/ros2_ws/src/install/ecl_time/include/ecl/time/sleep_pos.hpp
[30.792s] -- Installing: /home/ri-one/ros2_ws/src/install/ecl_time/include/ecl/time/sleep_win.hpp
[30.792s] -- Installing: /home/ri-one/ros2_ws/src/install/ecl_time/include/ecl/time/snooze.hpp
[30.792s] -- Installing: /home/ri-one/ros2_ws/src/install/ecl_time/include/ecl/time/snooze_pos.hpp
[30.793s] -- Installing: /home/ri-one/ros2_ws/src/install/ecl_time/include/ecl/time/snooze_win.hpp
[30.793s] -- Installing: /home/ri-one/ros2_ws/src/install/ecl_time/include/ecl/time/stopwatch.hpp
[30.793s] -- Installing: /home/ri-one/ros2_ws/src/install/ecl_time/include/ecl/time/time_data.hpp
[30.795s] -- Installing: /home/ri-one/ros2_ws/src/install/ecl_time/include/ecl/time/timestamp.hpp
[30.796s] -- Installing: /home/ri-one/ros2_ws/src/install/ecl_time/include/ecl/time/timestamp_base.hpp
[30.796s] -- Installing: /home/ri-one/ros2_ws/src/install/ecl_time/include/ecl/time/timestamp_pos.hpp
[30.796s] -- Installing: /home/ri-one/ros2_ws/src/install/ecl_time/include/ecl/time/timestamp_win.hpp
[30.796s] -- Installing: /home/ri-one/ros2_ws/src/install/ecl_time/lib/libecl_time.so.1.2.1
[30.798s] -- Set runtime path of "/home/ri-one/ros2_ws/src/install/ecl_time/lib/libecl_time.so.1.2.1" to ""
[30.799s] -- Installing: /home/ri-one/ros2_ws/src/install/ecl_time/lib/libecl_time.so
[30.801s] -- Installing: /home/ri-one/ros2_ws/src/install/ecl_time/lib/ecl_time/demo_random_number_generator
[30.801s] -- Set runtime path of "/home/ri-one/ros2_ws/src/install/ecl_time/lib/ecl_time/demo_random_number_generator" to ""
[30.802s] -- Installing: /home/ri-one/ros2_ws/src/install/ecl_time/lib/ecl_time/demo_sleep
[30.802s] -- Set runtime path of "/home/ri-one/ros2_ws/src/install/ecl_time/lib/ecl_time/demo_sleep" to ""
[30.806s] Invoked command in '/home/ri-one/ros2_ws/src/build/ecl_time' returned '0': AMENT_PREFIX_PATH=/home/ri-one/ros2_ws/src/install/ecl_time_lite:/home/ri-one/ros2_ws/src/install/ecl_exceptions:/home/ri-one/ros2_ws/src/install/ecl_errors:/home/ri-one/ros2_ws/src/install/ecl_config:${AMENT_PREFIX_PATH} CMAKE_PREFIX_PATH=/home/ri-one/ros2_ws/src/install/ecl_time_lite:/home/ri-one/ros2_ws/src/install/ecl_exceptions:/home/ri-one/ros2_ws/src/install/ecl_errors:/home/ri-one/ros2_ws/src/install/ecl_config:/opt/ros/humble LD_LIBRARY_PATH=/home/ri-one/ros2_ws/src/install/ecl_time_lite/lib:/home/ri-one/ros2_ws/src/install/ecl_exceptions/lib:/home/ri-one/ros2_ws/src/install/ecl_errors/lib:${LD_LIBRARY_PATH} PATH=/home/ri-one/ros2_ws/src/install/ecl_config/bin:${PATH} /usr/bin/cmake --install /home/ri-one/ros2_ws/src/build/ecl_time
