[0.105s] Invoking command in '/home/ri-one/ri_one_master_ws/build/ros2_kinect_rgb': CMAKE_PREFIX_PATH=${CMAKE_PREFIX_PATH}:/home/ri-one/ri_one_master_ws/install/ros2_tests:/home/ri-one/ri_one_master_ws/install/gesture_to_motion:/home/ri-one/ri_one_master_ws/install/gesture_detection:/opt/ros/humble /usr/bin/cmake --build /home/ri-one/ri_one_master_ws/build/ros2_kinect_rgb -- -j4 -l4
[0.476s] [100%] Built target rgb_node
[0.516s] Invoked command in '/home/ri-one/ri_one_master_ws/build/ros2_kinect_rgb' returned '0': CMAKE_PREFIX_PATH=${CMAKE_PREFIX_PATH}:/home/ri-one/ri_one_master_ws/install/ros2_tests:/home/ri-one/ri_one_master_ws/install/gesture_to_motion:/home/ri-one/ri_one_master_ws/install/gesture_detection:/opt/ros/humble /usr/bin/cmake --build /home/ri-one/ri_one_master_ws/build/ros2_kinect_rgb -- -j4 -l4
[0.528s] Invoking command in '/home/ri-one/ri_one_master_ws/build/ros2_kinect_rgb': CMAKE_PREFIX_PATH=${CMAKE_PREFIX_PATH}:/home/ri-one/ri_one_master_ws/install/ros2_tests:/home/ri-one/ri_one_master_ws/install/gesture_to_motion:/home/ri-one/ri_one_master_ws/install/gesture_detection:/opt/ros/humble /usr/bin/cmake --install /home/ri-one/ri_one_master_ws/build/ros2_kinect_rgb
[0.573s] -- Install configuration: ""
[0.573s] -- Execute custom install script
[0.574s] -- Up-to-date symlink: /home/ri-one/ri_one_master_ws/install/ros2_kinect_rgb/lib/ros2_kinect_rgb/rgb_node
[0.575s] -- Up-to-date symlink: /home/ri-one/ri_one_master_ws/install/ros2_kinect_rgb/share/ament_index/resource_index/package_run_dependencies/ros2_kinect_rgb
[0.576s] -- Up-to-date symlink: /home/ri-one/ri_one_master_ws/install/ros2_kinect_rgb/share/ament_index/resource_index/parent_prefix_path/ros2_kinect_rgb
[0.577s] -- Up-to-date symlink: /home/ri-one/ri_one_master_ws/install/ros2_kinect_rgb/share/ros2_kinect_rgb/environment/ament_prefix_path.sh
[0.578s] -- Up-to-date symlink: /home/ri-one/ri_one_master_ws/install/ros2_kinect_rgb/share/ros2_kinect_rgb/environment/ament_prefix_path.dsv
[0.592s] -- Up-to-date symlink: /home/ri-one/ri_one_master_ws/install/ros2_kinect_rgb/share/ros2_kinect_rgb/environment/path.sh
[0.592s] -- Up-to-date symlink: /home/ri-one/ri_one_master_ws/install/ros2_kinect_rgb/share/ros2_kinect_rgb/environment/path.dsv
[0.592s] -- Up-to-date symlink: /home/ri-one/ri_one_master_ws/install/ros2_kinect_rgb/share/ros2_kinect_rgb/local_setup.bash
[0.592s] -- Up-to-date symlink: /home/ri-one/ri_one_master_ws/install/ros2_kinect_rgb/share/ros2_kinect_rgb/local_setup.sh
[0.592s] -- Up-to-date symlink: /home/ri-one/ri_one_master_ws/install/ros2_kinect_rgb/share/ros2_kinect_rgb/local_setup.zsh
[0.593s] -- Up-to-date symlink: /home/ri-one/ri_one_master_ws/install/ros2_kinect_rgb/share/ros2_kinect_rgb/local_setup.dsv
[0.593s] -- Symlinking: /home/ri-one/ri_one_master_ws/install/ros2_kinect_rgb/share/ros2_kinect_rgb/package.dsv
[0.644s] -- Up-to-date symlink: /home/ri-one/ri_one_master_ws/install/ros2_kinect_rgb/share/ament_index/resource_index/packages/ros2_kinect_rgb
[0.647s] -- Up-to-date symlink: /home/ri-one/ri_one_master_ws/install/ros2_kinect_rgb/share/ros2_kinect_rgb/cmake/ros2_kinect_rgbConfig.cmake
[0.655s] -- Up-to-date symlink: /home/ri-one/ri_one_master_ws/install/ros2_kinect_rgb/share/ros2_kinect_rgb/cmake/ros2_kinect_rgbConfig-version.cmake
[0.655s] -- Up-to-date symlink: /home/ri-one/ri_one_master_ws/install/ros2_kinect_rgb/share/ros2_kinect_rgb/package.xml
[0.683s] Invoked command in '/home/ri-one/ri_one_master_ws/build/ros2_kinect_rgb' returned '0': CMAKE_PREFIX_PATH=${CMAKE_PREFIX_PATH}:/home/ri-one/ri_one_master_ws/install/ros2_tests:/home/ri-one/ri_one_master_ws/install/gesture_to_motion:/home/ri-one/ri_one_master_ws/install/gesture_detection:/opt/ros/humble /usr/bin/cmake --install /home/ri-one/ri_one_master_ws/build/ros2_kinect_rgb
