[0.233s] Invoking command in '/home/ri-one/ri_one_master_ws/build/ecl_geometry': AMENT_PREFIX_PATH=/home/ri-one/ri_one_master_ws/install/ecl_linear_algebra:/home/ri-one/ri_one_master_ws/install/ecl_containers:/home/ri-one/ri_one_master_ws/install/ecl_formatters:/home/ri-one/ri_one_master_ws/install/ecl_utilities:/home/ri-one/ri_one_master_ws/install/ecl_converters:/home/ri-one/ri_one_master_ws/install/ecl_math:/home/ri-one/ri_one_master_ws/install/ecl_exceptions:/home/ri-one/ri_one_master_ws/install/ecl_concepts:/home/ri-one/ri_one_master_ws/install/ecl_type_traits:/home/ri-one/ri_one_master_ws/install/ecl_errors:/home/ri-one/ri_one_master_ws/install/ecl_mpl:/home/ri-one/ri_one_master_ws/install/ecl_eigen:/home/ri-one/ri_one_master_ws/install/ecl_config:${AMENT_PREFIX_PATH} CMAKE_PREFIX_PATH=/home/ri-one/ri_one_master_ws/install/ecl_linear_algebra:/home/ri-one/ri_one_master_ws/install/ecl_containers:/home/ri-one/ri_one_master_ws/install/ecl_formatters:/home/ri-one/ri_one_master_ws/install/ecl_utilities:/home/ri-one/ri_one_master_ws/install/ecl_converters:/home/ri-one/ri_one_master_ws/install/ecl_math:/home/ri-one/ri_one_master_ws/install/ecl_exceptions:/home/ri-one/ri_one_master_ws/install/ecl_concepts:/home/ri-one/ri_one_master_ws/install/ecl_type_traits:/home/ri-one/ri_one_master_ws/install/ecl_errors:/home/ri-one/ri_one_master_ws/install/ecl_mpl:/home/ri-one/ri_one_master_ws/install/ecl_eigen:/home/ri-one/ri_one_master_ws/install/ecl_config:/opt/ros/humble LD_LIBRARY_PATH=/home/ri-one/ri_one_master_ws/install/ecl_linear_algebra/lib:/home/ri-one/ri_one_master_ws/install/ecl_formatters/lib:/home/ri-one/ri_one_master_ws/install/ecl_exceptions/lib:/home/ri-one/ri_one_master_ws/install/ecl_type_traits/lib:/home/ri-one/ri_one_master_ws/install/ecl_errors/lib:${LD_LIBRARY_PATH} PATH=/home/ri-one/ri_one_master_ws/install/ecl_type_traits/bin:/home/ri-one/ri_one_master_ws/install/ecl_config/bin:${PATH} /usr/bin/cmake --build /home/ri-one/ri_one_master_ws/build/ecl_geometry -- -j4 -l4
[0.439s] [  4%] Built target gtest_main
[0.445s] [  9%] Built target gtest
[0.546s] [ 40%] Built target ecl_geometry
[0.643s] [ 45%] Built target ecl_test_cartesian_points
[0.700s] [ 50%] Built target ecl_test_homogeneous_points
[0.728s] [ 54%] Built target ecl_test_cubic_splines
[0.750s] [ 59%] Built target ecl_test_angles
[0.800s] [ 63%] Built target ecl_test_legacy_pose2d
[0.861s] [ 68%] Built target ecl_test_legacy_pose3d
[0.880s] [ 72%] Built target ecl_test_linear_segment
[0.932s] [ 77%] Built target ecl_test_polynomials
[0.969s] [ 81%] Built target ecl_test_pose2d
[1.005s] [ 86%] Built target ecl_test_smooth_linear_splines
[1.037s] [ 90%] Built target ecl_test_tension_function
[1.077s] [ 95%] Built target ecl_test_tension_splines
[1.097s] [100%] Built target ecl_test_odometry_helper
[1.179s] Invoked command in '/home/ri-one/ri_one_master_ws/build/ecl_geometry' returned '0': AMENT_PREFIX_PATH=/home/ri-one/ri_one_master_ws/install/ecl_linear_algebra:/home/ri-one/ri_one_master_ws/install/ecl_containers:/home/ri-one/ri_one_master_ws/install/ecl_formatters:/home/ri-one/ri_one_master_ws/install/ecl_utilities:/home/ri-one/ri_one_master_ws/install/ecl_converters:/home/ri-one/ri_one_master_ws/install/ecl_math:/home/ri-one/ri_one_master_ws/install/ecl_exceptions:/home/ri-one/ri_one_master_ws/install/ecl_concepts:/home/ri-one/ri_one_master_ws/install/ecl_type_traits:/home/ri-one/ri_one_master_ws/install/ecl_errors:/home/ri-one/ri_one_master_ws/install/ecl_mpl:/home/ri-one/ri_one_master_ws/install/ecl_eigen:/home/ri-one/ri_one_master_ws/install/ecl_config:${AMENT_PREFIX_PATH} CMAKE_PREFIX_PATH=/home/ri-one/ri_one_master_ws/install/ecl_linear_algebra:/home/ri-one/ri_one_master_ws/install/ecl_containers:/home/ri-one/ri_one_master_ws/install/ecl_formatters:/home/ri-one/ri_one_master_ws/install/ecl_utilities:/home/ri-one/ri_one_master_ws/install/ecl_converters:/home/ri-one/ri_one_master_ws/install/ecl_math:/home/ri-one/ri_one_master_ws/install/ecl_exceptions:/home/ri-one/ri_one_master_ws/install/ecl_concepts:/home/ri-one/ri_one_master_ws/install/ecl_type_traits:/home/ri-one/ri_one_master_ws/install/ecl_errors:/home/ri-one/ri_one_master_ws/install/ecl_mpl:/home/ri-one/ri_one_master_ws/install/ecl_eigen:/home/ri-one/ri_one_master_ws/install/ecl_config:/opt/ros/humble LD_LIBRARY_PATH=/home/ri-one/ri_one_master_ws/install/ecl_linear_algebra/lib:/home/ri-one/ri_one_master_ws/install/ecl_formatters/lib:/home/ri-one/ri_one_master_ws/install/ecl_exceptions/lib:/home/ri-one/ri_one_master_ws/install/ecl_type_traits/lib:/home/ri-one/ri_one_master_ws/install/ecl_errors/lib:${LD_LIBRARY_PATH} PATH=/home/ri-one/ri_one_master_ws/install/ecl_type_traits/bin:/home/ri-one/ri_one_master_ws/install/ecl_config/bin:${PATH} /usr/bin/cmake --build /home/ri-one/ri_one_master_ws/build/ecl_geometry -- -j4 -l4
[1.180s] Invoking command in '/home/ri-one/ri_one_master_ws/build/ecl_geometry': AMENT_PREFIX_PATH=/home/ri-one/ri_one_master_ws/install/ecl_linear_algebra:/home/ri-one/ri_one_master_ws/install/ecl_containers:/home/ri-one/ri_one_master_ws/install/ecl_formatters:/home/ri-one/ri_one_master_ws/install/ecl_utilities:/home/ri-one/ri_one_master_ws/install/ecl_converters:/home/ri-one/ri_one_master_ws/install/ecl_math:/home/ri-one/ri_one_master_ws/install/ecl_exceptions:/home/ri-one/ri_one_master_ws/install/ecl_concepts:/home/ri-one/ri_one_master_ws/install/ecl_type_traits:/home/ri-one/ri_one_master_ws/install/ecl_errors:/home/ri-one/ri_one_master_ws/install/ecl_mpl:/home/ri-one/ri_one_master_ws/install/ecl_eigen:/home/ri-one/ri_one_master_ws/install/ecl_config:${AMENT_PREFIX_PATH} CMAKE_PREFIX_PATH=/home/ri-one/ri_one_master_ws/install/ecl_linear_algebra:/home/ri-one/ri_one_master_ws/install/ecl_containers:/home/ri-one/ri_one_master_ws/install/ecl_formatters:/home/ri-one/ri_one_master_ws/install/ecl_utilities:/home/ri-one/ri_one_master_ws/install/ecl_converters:/home/ri-one/ri_one_master_ws/install/ecl_math:/home/ri-one/ri_one_master_ws/install/ecl_exceptions:/home/ri-one/ri_one_master_ws/install/ecl_concepts:/home/ri-one/ri_one_master_ws/install/ecl_type_traits:/home/ri-one/ri_one_master_ws/install/ecl_errors:/home/ri-one/ri_one_master_ws/install/ecl_mpl:/home/ri-one/ri_one_master_ws/install/ecl_eigen:/home/ri-one/ri_one_master_ws/install/ecl_config:/opt/ros/humble LD_LIBRARY_PATH=/home/ri-one/ri_one_master_ws/install/ecl_linear_algebra/lib:/home/ri-one/ri_one_master_ws/install/ecl_formatters/lib:/home/ri-one/ri_one_master_ws/install/ecl_exceptions/lib:/home/ri-one/ri_one_master_ws/install/ecl_type_traits/lib:/home/ri-one/ri_one_master_ws/install/ecl_errors/lib:${LD_LIBRARY_PATH} PATH=/home/ri-one/ri_one_master_ws/install/ecl_type_traits/bin:/home/ri-one/ri_one_master_ws/install/ecl_config/bin:${PATH} /usr/bin/cmake --install /home/ri-one/ri_one_master_ws/build/ecl_geometry
[1.199s] -- Install configuration: ""
[1.199s] -- Execute custom install script
[1.200s] -- Up-to-date symlink: /home/ri-one/ri_one_master_ws/install/ecl_geometry/include/ecl/geometry/angle.hpp
[1.201s] -- Up-to-date symlink: /home/ri-one/ri_one_master_ws/install/ecl_geometry/include/ecl/geometry/cartesian_point.hpp
[1.202s] -- Up-to-date symlink: /home/ri-one/ri_one_master_ws/install/ecl_geometry/include/ecl/geometry/cubic_spline.hpp
[1.202s] -- Up-to-date symlink: /home/ri-one/ri_one_master_ws/install/ecl_geometry/include/ecl/geometry/function_math.hpp
[1.203s] -- Up-to-date symlink: /home/ri-one/ri_one_master_ws/install/ecl_geometry/include/ecl/geometry/homogeneous_point.hpp
[1.204s] -- Up-to-date symlink: /home/ri-one/ri_one_master_ws/install/ecl_geometry/include/ecl/geometry/legacy_pose2d.hpp
[1.205s] -- Up-to-date symlink: /home/ri-one/ri_one_master_ws/install/ecl_geometry/include/ecl/geometry/legacy_pose3d.hpp
[1.206s] -- Up-to-date symlink: /home/ri-one/ri_one_master_ws/install/ecl_geometry/include/ecl/geometry/linear_segment.hpp
[1.207s] -- Up-to-date symlink: /home/ri-one/ri_one_master_ws/install/ecl_geometry/include/ecl/geometry/macros.hpp
[1.207s] -- Up-to-date symlink: /home/ri-one/ri_one_master_ws/install/ecl_geometry/include/ecl/geometry/odometry.hpp
[1.208s] -- Up-to-date symlink: /home/ri-one/ri_one_master_ws/install/ecl_geometry/include/ecl/geometry/odometry_helper.hpp
[1.209s] -- Up-to-date symlink: /home/ri-one/ri_one_master_ws/install/ecl_geometry/include/ecl/geometry/odometry_typedefs.hpp
[1.209s] -- Up-to-date symlink: /home/ri-one/ri_one_master_ws/install/ecl_geometry/include/ecl/geometry/pascals_triangle.hpp
[1.211s] -- Up-to-date symlink: /home/ri-one/ri_one_master_ws/install/ecl_geometry/include/ecl/geometry/polynomial.hpp
[1.211s] -- Up-to-date symlink: /home/ri-one/ri_one_master_ws/install/ecl_geometry/include/ecl/geometry/pose2d.hpp
[1.211s] -- Up-to-date symlink: /home/ri-one/ri_one_master_ws/install/ecl_geometry/include/ecl/geometry/smooth_linear_spline.hpp
[1.212s] -- Up-to-date symlink: /home/ri-one/ri_one_master_ws/install/ecl_geometry/include/ecl/geometry/spline_function.hpp
[1.213s] -- Up-to-date symlink: /home/ri-one/ri_one_master_ws/install/ecl_geometry/include/ecl/geometry/tension_function.hpp
[1.214s] -- Up-to-date symlink: /home/ri-one/ri_one_master_ws/install/ecl_geometry/include/ecl/geometry/tension_spline.hpp
[1.216s] -- Up-to-date symlink: /home/ri-one/ri_one_master_ws/install/ecl_geometry/include/ecl/geometry.hpp
[1.216s] -- Up-to-date symlink: /home/ri-one/ri_one_master_ws/install/ecl_geometry/share/ecl_geometry/environment/library_path.sh
[1.217s] -- Up-to-date symlink: /home/ri-one/ri_one_master_ws/install/ecl_geometry/share/ecl_geometry/environment/library_path.dsv
[1.219s] -- Up-to-date symlink: /home/ri-one/ri_one_master_ws/install/ecl_geometry/share/ament_index/resource_index/package_run_dependencies/ecl_geometry
[1.219s] -- Up-to-date symlink: /home/ri-one/ri_one_master_ws/install/ecl_geometry/share/ament_index/resource_index/parent_prefix_path/ecl_geometry
[1.220s] -- Up-to-date symlink: /home/ri-one/ri_one_master_ws/install/ecl_geometry/share/ecl_geometry/environment/ament_prefix_path.sh
[1.221s] -- Up-to-date symlink: /home/ri-one/ri_one_master_ws/install/ecl_geometry/share/ecl_geometry/environment/ament_prefix_path.dsv
[1.223s] -- Up-to-date symlink: /home/ri-one/ri_one_master_ws/install/ecl_geometry/share/ecl_geometry/environment/path.sh
[1.223s] -- Up-to-date symlink: /home/ri-one/ri_one_master_ws/install/ecl_geometry/share/ecl_geometry/environment/path.dsv
[1.223s] -- Up-to-date symlink: /home/ri-one/ri_one_master_ws/install/ecl_geometry/share/ecl_geometry/local_setup.bash
[1.224s] -- Up-to-date symlink: /home/ri-one/ri_one_master_ws/install/ecl_geometry/share/ecl_geometry/local_setup.sh
[1.228s] -- Up-to-date symlink: /home/ri-one/ri_one_master_ws/install/ecl_geometry/share/ecl_geometry/local_setup.zsh
[1.228s] -- Up-to-date symlink: /home/ri-one/ri_one_master_ws/install/ecl_geometry/share/ecl_geometry/local_setup.dsv
[1.228s] -- Symlinking: /home/ri-one/ri_one_master_ws/install/ecl_geometry/share/ecl_geometry/package.dsv
[1.259s] -- Up-to-date symlink: /home/ri-one/ri_one_master_ws/install/ecl_geometry/share/ament_index/resource_index/packages/ecl_geometry
[1.259s] -- Up-to-date symlink: /home/ri-one/ri_one_master_ws/install/ecl_geometry/share/ecl_geometry/cmake/ament_cmake_export_targets-extras.cmake
[1.259s] -- Up-to-date symlink: /home/ri-one/ri_one_master_ws/install/ecl_geometry/share/ecl_geometry/cmake/ament_cmake_export_include_directories-extras.cmake
[1.272s] -- Up-to-date symlink: /home/ri-one/ri_one_master_ws/install/ecl_geometry/share/ecl_geometry/cmake/ament_cmake_export_libraries-extras.cmake
[1.272s] -- Up-to-date symlink: /home/ri-one/ri_one_master_ws/install/ecl_geometry/share/ecl_geometry/cmake/ament_cmake_export_dependencies-extras.cmake
[1.272s] -- Up-to-date symlink: /home/ri-one/ri_one_master_ws/install/ecl_geometry/share/ecl_geometry/cmake/ecl_geometryConfig.cmake
[1.272s] -- Up-to-date symlink: /home/ri-one/ri_one_master_ws/install/ecl_geometry/share/ecl_geometry/cmake/ecl_geometryConfig-version.cmake
[1.273s] -- Up-to-date symlink: /home/ri-one/ri_one_master_ws/install/ecl_geometry/share/ecl_geometry/package.xml
[1.274s] -- Up-to-date: /home/ri-one/ri_one_master_ws/install/ecl_geometry/share/ecl_geometry/cmake/ecl_geometryExport.cmake
[1.274s] -- Up-to-date: /home/ri-one/ri_one_master_ws/install/ecl_geometry/share/ecl_geometry/cmake/ecl_geometryExport-noconfig.cmake
[1.277s] -- Up-to-date: /home/ri-one/ri_one_master_ws/install/ecl_geometry/lib/libecl_geometry.so.1.2.1
[1.277s] -- Up-to-date: /home/ri-one/ri_one_master_ws/install/ecl_geometry/lib/libecl_geometry.so
[1.277s] Invoked command in '/home/ri-one/ri_one_master_ws/build/ecl_geometry' returned '0': AMENT_PREFIX_PATH=/home/ri-one/ri_one_master_ws/install/ecl_linear_algebra:/home/ri-one/ri_one_master_ws/install/ecl_containers:/home/ri-one/ri_one_master_ws/install/ecl_formatters:/home/ri-one/ri_one_master_ws/install/ecl_utilities:/home/ri-one/ri_one_master_ws/install/ecl_converters:/home/ri-one/ri_one_master_ws/install/ecl_math:/home/ri-one/ri_one_master_ws/install/ecl_exceptions:/home/ri-one/ri_one_master_ws/install/ecl_concepts:/home/ri-one/ri_one_master_ws/install/ecl_type_traits:/home/ri-one/ri_one_master_ws/install/ecl_errors:/home/ri-one/ri_one_master_ws/install/ecl_mpl:/home/ri-one/ri_one_master_ws/install/ecl_eigen:/home/ri-one/ri_one_master_ws/install/ecl_config:${AMENT_PREFIX_PATH} CMAKE_PREFIX_PATH=/home/ri-one/ri_one_master_ws/install/ecl_linear_algebra:/home/ri-one/ri_one_master_ws/install/ecl_containers:/home/ri-one/ri_one_master_ws/install/ecl_formatters:/home/ri-one/ri_one_master_ws/install/ecl_utilities:/home/ri-one/ri_one_master_ws/install/ecl_converters:/home/ri-one/ri_one_master_ws/install/ecl_math:/home/ri-one/ri_one_master_ws/install/ecl_exceptions:/home/ri-one/ri_one_master_ws/install/ecl_concepts:/home/ri-one/ri_one_master_ws/install/ecl_type_traits:/home/ri-one/ri_one_master_ws/install/ecl_errors:/home/ri-one/ri_one_master_ws/install/ecl_mpl:/home/ri-one/ri_one_master_ws/install/ecl_eigen:/home/ri-one/ri_one_master_ws/install/ecl_config:/opt/ros/humble LD_LIBRARY_PATH=/home/ri-one/ri_one_master_ws/install/ecl_linear_algebra/lib:/home/ri-one/ri_one_master_ws/install/ecl_formatters/lib:/home/ri-one/ri_one_master_ws/install/ecl_exceptions/lib:/home/ri-one/ri_one_master_ws/install/ecl_type_traits/lib:/home/ri-one/ri_one_master_ws/install/ecl_errors/lib:${LD_LIBRARY_PATH} PATH=/home/ri-one/ri_one_master_ws/install/ecl_type_traits/bin:/home/ri-one/ri_one_master_ws/install/ecl_config/bin:${PATH} /usr/bin/cmake --install /home/ri-one/ri_one_master_ws/build/ecl_geometry
