[0.068s] Invoking command in '/home/ri-one/ri_one_master_ws/build/ros2_kinect_mic_node': AMENT_PREFIX_PATH=/home/ri-one/ri_one_master_ws/install/audio_common_msgs:${AMENT_PREFIX_PATH} CMAKE_PREFIX_PATH=/home/ri-one/ri_one_master_ws/install/audio_common_msgs:/opt/ros/humble LD_LIBRARY_PATH=/home/ri-one/ri_one_master_ws/install/audio_common_msgs/lib:${LD_LIBRARY_PATH} PYTHONPATH=/home/ri-one/ri_one_master_ws/install/audio_common_msgs/local/lib/python3.10/dist-packages:${PYTHONPATH} /usr/bin/cmake --build /home/ri-one/ri_one_master_ws/build/ros2_kinect_mic_node -- -j4 -l4
[0.147s] [100%] Built target ros2_kinect_mic_node_node
[0.501s] Invoked command in '/home/ri-one/ri_one_master_ws/build/ros2_kinect_mic_node' returned '0': AMENT_PREFIX_PATH=/home/ri-one/ri_one_master_ws/install/audio_common_msgs:${AMENT_PREFIX_PATH} CMAKE_PREFIX_PATH=/home/ri-one/ri_one_master_ws/install/audio_common_msgs:/opt/ros/humble LD_LIBRARY_PATH=/home/ri-one/ri_one_master_ws/install/audio_common_msgs/lib:${LD_LIBRARY_PATH} PYTHONPATH=/home/ri-one/ri_one_master_ws/install/audio_common_msgs/local/lib/python3.10/dist-packages:${PYTHONPATH} /usr/bin/cmake --build /home/ri-one/ri_one_master_ws/build/ros2_kinect_mic_node -- -j4 -l4
[0.504s] Invoking command in '/home/ri-one/ri_one_master_ws/build/ros2_kinect_mic_node': AMENT_PREFIX_PATH=/home/ri-one/ri_one_master_ws/install/audio_common_msgs:${AMENT_PREFIX_PATH} CMAKE_PREFIX_PATH=/home/ri-one/ri_one_master_ws/install/audio_common_msgs:/opt/ros/humble LD_LIBRARY_PATH=/home/ri-one/ri_one_master_ws/install/audio_common_msgs/lib:${LD_LIBRARY_PATH} PYTHONPATH=/home/ri-one/ri_one_master_ws/install/audio_common_msgs/local/lib/python3.10/dist-packages:${PYTHONPATH} /usr/bin/cmake --install /home/ri-one/ri_one_master_ws/build/ros2_kinect_mic_node
[0.519s] -- Install configuration: ""
[0.520s] -- Execute custom install script
[0.520s] -- Up-to-date symlink: /home/ri-one/ri_one_master_ws/install/ros2_kinect_mic_node/lib/ros2_kinect_mic_node/ros2_kinect_mic_node_node
[0.520s] -- Up-to-date symlink: /home/ri-one/ri_one_master_ws/install/ros2_kinect_mic_node/share/ament_index/resource_index/package_run_dependencies/ros2_kinect_mic_node
[0.521s] -- Up-to-date symlink: /home/ri-one/ri_one_master_ws/install/ros2_kinect_mic_node/share/ament_index/resource_index/parent_prefix_path/ros2_kinect_mic_node
[0.521s] -- Up-to-date symlink: /home/ri-one/ri_one_master_ws/install/ros2_kinect_mic_node/share/ros2_kinect_mic_node/environment/ament_prefix_path.sh
[0.523s] -- Up-to-date symlink: /home/ri-one/ri_one_master_ws/install/ros2_kinect_mic_node/share/ros2_kinect_mic_node/environment/ament_prefix_path.dsv
[0.525s] -- Up-to-date symlink: /home/ri-one/ri_one_master_ws/install/ros2_kinect_mic_node/share/ros2_kinect_mic_node/environment/path.sh
[0.525s] -- Up-to-date symlink: /home/ri-one/ri_one_master_ws/install/ros2_kinect_mic_node/share/ros2_kinect_mic_node/environment/path.dsv
[0.526s] -- Up-to-date symlink: /home/ri-one/ri_one_master_ws/install/ros2_kinect_mic_node/share/ros2_kinect_mic_node/local_setup.bash
[0.526s] -- Up-to-date symlink: /home/ri-one/ri_one_master_ws/install/ros2_kinect_mic_node/share/ros2_kinect_mic_node/local_setup.sh
[0.526s] -- Up-to-date symlink: /home/ri-one/ri_one_master_ws/install/ros2_kinect_mic_node/share/ros2_kinect_mic_node/local_setup.zsh
[0.526s] -- Up-to-date symlink: /home/ri-one/ri_one_master_ws/install/ros2_kinect_mic_node/share/ros2_kinect_mic_node/local_setup.dsv
[0.526s] -- Symlinking: /home/ri-one/ri_one_master_ws/install/ros2_kinect_mic_node/share/ros2_kinect_mic_node/package.dsv
[0.543s] -- Up-to-date symlink: /home/ri-one/ri_one_master_ws/install/ros2_kinect_mic_node/share/ament_index/resource_index/packages/ros2_kinect_mic_node
[0.543s] -- Up-to-date symlink: /home/ri-one/ri_one_master_ws/install/ros2_kinect_mic_node/share/ros2_kinect_mic_node/cmake/ros2_kinect_mic_nodeConfig.cmake
[0.545s] -- Up-to-date symlink: /home/ri-one/ri_one_master_ws/install/ros2_kinect_mic_node/share/ros2_kinect_mic_node/cmake/ros2_kinect_mic_nodeConfig-version.cmake
[0.545s] -- Up-to-date symlink: /home/ri-one/ri_one_master_ws/install/ros2_kinect_mic_node/share/ros2_kinect_mic_node/package.xml
[0.552s] Invoked command in '/home/ri-one/ri_one_master_ws/build/ros2_kinect_mic_node' returned '0': AMENT_PREFIX_PATH=/home/ri-one/ri_one_master_ws/install/audio_common_msgs:${AMENT_PREFIX_PATH} CMAKE_PREFIX_PATH=/home/ri-one/ri_one_master_ws/install/audio_common_msgs:/opt/ros/humble LD_LIBRARY_PATH=/home/ri-one/ri_one_master_ws/install/audio_common_msgs/lib:${LD_LIBRARY_PATH} PYTHONPATH=/home/ri-one/ri_one_master_ws/install/audio_common_msgs/local/lib/python3.10/dist-packages:${PYTHONPATH} /usr/bin/cmake --install /home/ri-one/ri_one_master_ws/build/ros2_kinect_mic_node
