[0.039s] Invoking command in '/home/ri-one/ros2_ws/src/build/ecl_eigen': CMAKE_PREFIX_PATH=${CMAKE_PREFIX_PATH}:/opt/ros/humble /usr/bin/cmake --build /home/ri-one/ros2_ws/src/build/ecl_eigen -- -j4 -l4
[0.165s] Invoked command in '/home/ri-one/ros2_ws/src/build/ecl_eigen' returned '0': CMAKE_PREFIX_PATH=${CMAKE_PREFIX_PATH}:/opt/ros/humble /usr/bin/cmake --build /home/ri-one/ros2_ws/src/build/ecl_eigen -- -j4 -l4
[0.198s] Invoking command in '/home/ri-one/ros2_ws/src/build/ecl_eigen': CMAKE_PREFIX_PATH=${CMAKE_PREFIX_PATH}:/opt/ros/humble /usr/bin/cmake --install /home/ri-one/ros2_ws/src/build/ecl_eigen
[0.231s] -- Install configuration: ""
[0.231s] -- Up-to-date: /home/ri-one/ros2_ws/src/install/ecl_eigen/include/ecl/eigen.hpp
[0.232s] -- Up-to-date: /home/ri-one/ros2_ws/src/install/ecl_eigen/share/ament_index/resource_index/package_run_dependencies/ecl_eigen
[0.232s] -- Up-to-date: /home/ri-one/ros2_ws/src/install/ecl_eigen/share/ament_index/resource_index/parent_prefix_path/ecl_eigen
[0.232s] -- Up-to-date: /home/ri-one/ros2_ws/src/install/ecl_eigen/share/ecl_eigen/environment/ament_prefix_path.sh
[0.232s] -- Up-to-date: /home/ri-one/ros2_ws/src/install/ecl_eigen/share/ecl_eigen/environment/ament_prefix_path.dsv
[0.232s] -- Up-to-date: /home/ri-one/ros2_ws/src/install/ecl_eigen/share/ecl_eigen/environment/path.sh
[0.232s] -- Up-to-date: /home/ri-one/ros2_ws/src/install/ecl_eigen/share/ecl_eigen/environment/path.dsv
[0.232s] -- Up-to-date: /home/ri-one/ros2_ws/src/install/ecl_eigen/share/ecl_eigen/local_setup.bash
[0.233s] -- Up-to-date: /home/ri-one/ros2_ws/src/install/ecl_eigen/share/ecl_eigen/local_setup.sh
[0.233s] -- Up-to-date: /home/ri-one/ros2_ws/src/install/ecl_eigen/share/ecl_eigen/local_setup.zsh
[0.233s] -- Up-to-date: /home/ri-one/ros2_ws/src/install/ecl_eigen/share/ecl_eigen/local_setup.dsv
[0.233s] -- Installing: /home/ri-one/ros2_ws/src/install/ecl_eigen/share/ecl_eigen/package.dsv
[0.235s] -- Up-to-date: /home/ri-one/ros2_ws/src/install/ecl_eigen/share/ament_index/resource_index/packages/ecl_eigen
[0.236s] -- Up-to-date: /home/ri-one/ros2_ws/src/install/ecl_eigen/share/ecl_eigen/cmake/ecl_eigenExport.cmake
[0.237s] -- Up-to-date: /home/ri-one/ros2_ws/src/install/ecl_eigen/share/ecl_eigen/cmake/ament_cmake_export_targets-extras.cmake
[0.238s] -- Up-to-date: /home/ri-one/ros2_ws/src/install/ecl_eigen/share/ecl_eigen/cmake/ament_cmake_export_include_directories-extras.cmake
[0.239s] -- Up-to-date: /home/ri-one/ros2_ws/src/install/ecl_eigen/share/ecl_eigen/cmake/ament_cmake_export_dependencies-extras.cmake
[0.239s] -- Up-to-date: /home/ri-one/ros2_ws/src/install/ecl_eigen/share/ecl_eigen/cmake/ecl_eigenConfig.cmake
[0.239s] -- Up-to-date: /home/ri-one/ros2_ws/src/install/ecl_eigen/share/ecl_eigen/cmake/ecl_eigenConfig-version.cmake
[0.240s] -- Up-to-date: /home/ri-one/ros2_ws/src/install/ecl_eigen/share/ecl_eigen/package.xml
[0.244s] -- Up-to-date: /home/ri-one/ros2_ws/src/install/ecl_eigen/share/licenses/eigen/COPYING.LESSER
[0.264s] Invoked command in '/home/ri-one/ros2_ws/src/build/ecl_eigen' returned '0': CMAKE_PREFIX_PATH=${CMAKE_PREFIX_PATH}:/opt/ros/humble /usr/bin/cmake --install /home/ri-one/ros2_ws/src/build/ecl_eigen
