[0.054s] Invoking command in '/home/ri-one/ri_one_master_ws/build/ecl_mpl': CMAKE_PREFIX_PATH=${CMAKE_PREFIX_PATH}:/home/ri-one/ri_one_master_ws/install/ros2_tests:/home/ri-one/ri_one_master_ws/install/gesture_to_motion:/home/ri-one/ri_one_master_ws/install/gesture_detection:/opt/ros/humble /usr/bin/cmake --build /home/ri-one/ri_one_master_ws/build/ecl_mpl -- -j4 -l4
[0.310s] [ 33%] Built target gtest_main
[0.345s] [ 66%] Built target gtest
[0.497s] [100%] Built target test_enable_if
[0.558s] Invoked command in '/home/ri-one/ri_one_master_ws/build/ecl_mpl' returned '0': CMAKE_PREFIX_PATH=${CMAKE_PREFIX_PATH}:/home/ri-one/ri_one_master_ws/install/ros2_tests:/home/ri-one/ri_one_master_ws/install/gesture_to_motion:/home/ri-one/ri_one_master_ws/install/gesture_detection:/opt/ros/humble /usr/bin/cmake --build /home/ri-one/ri_one_master_ws/build/ecl_mpl -- -j4 -l4
[0.563s] Invoking command in '/home/ri-one/ri_one_master_ws/build/ecl_mpl': CMAKE_PREFIX_PATH=${CMAKE_PREFIX_PATH}:/home/ri-one/ri_one_master_ws/install/ros2_tests:/home/ri-one/ri_one_master_ws/install/gesture_to_motion:/home/ri-one/ri_one_master_ws/install/gesture_detection:/opt/ros/humble /usr/bin/cmake --install /home/ri-one/ri_one_master_ws/build/ecl_mpl
[0.593s] -- Install configuration: ""
[0.593s] -- Execute custom install script
[0.593s] -- Up-to-date symlink: /home/ri-one/ri_one_master_ws/install/ecl_mpl/include/ecl/mpl/bool.hpp
[0.593s] -- Up-to-date symlink: /home/ri-one/ri_one_master_ws/install/ecl_mpl/include/ecl/mpl/converters.hpp
[0.593s] -- Up-to-date symlink: /home/ri-one/ri_one_master_ws/install/ecl_mpl/include/ecl/mpl/enable_if.hpp
[0.596s] -- Up-to-date symlink: /home/ri-one/ri_one_master_ws/install/ecl_mpl/include/ecl/mpl/failed_object.hpp
[0.596s] -- Up-to-date symlink: /home/ri-one/ri_one_master_ws/install/ecl_mpl/include/ecl/mpl/if.hpp
[0.596s] -- Up-to-date symlink: /home/ri-one/ri_one_master_ws/install/ecl_mpl/include/ecl/mpl.hpp
[0.596s] -- Up-to-date symlink: /home/ri-one/ri_one_master_ws/install/ecl_mpl/share/ament_index/resource_index/package_run_dependencies/ecl_mpl
[0.597s] -- Up-to-date symlink: /home/ri-one/ri_one_master_ws/install/ecl_mpl/share/ament_index/resource_index/parent_prefix_path/ecl_mpl
[0.601s] -- Up-to-date symlink: /home/ri-one/ri_one_master_ws/install/ecl_mpl/share/ecl_mpl/environment/ament_prefix_path.sh
[0.602s] -- Up-to-date symlink: /home/ri-one/ri_one_master_ws/install/ecl_mpl/share/ecl_mpl/environment/ament_prefix_path.dsv
[0.602s] -- Up-to-date symlink: /home/ri-one/ri_one_master_ws/install/ecl_mpl/share/ecl_mpl/environment/path.sh
[0.602s] -- Up-to-date symlink: /home/ri-one/ri_one_master_ws/install/ecl_mpl/share/ecl_mpl/environment/path.dsv
[0.602s] -- Up-to-date symlink: /home/ri-one/ri_one_master_ws/install/ecl_mpl/share/ecl_mpl/local_setup.bash
[0.602s] -- Up-to-date symlink: /home/ri-one/ri_one_master_ws/install/ecl_mpl/share/ecl_mpl/local_setup.sh
[0.603s] -- Up-to-date symlink: /home/ri-one/ri_one_master_ws/install/ecl_mpl/share/ecl_mpl/local_setup.zsh
[0.603s] -- Up-to-date symlink: /home/ri-one/ri_one_master_ws/install/ecl_mpl/share/ecl_mpl/local_setup.dsv
[0.603s] -- Symlinking: /home/ri-one/ri_one_master_ws/install/ecl_mpl/share/ecl_mpl/package.dsv
[0.630s] -- Up-to-date symlink: /home/ri-one/ri_one_master_ws/install/ecl_mpl/share/ament_index/resource_index/packages/ecl_mpl
[0.630s] -- Up-to-date symlink: /home/ri-one/ri_one_master_ws/install/ecl_mpl/share/ecl_mpl/cmake/ament_cmake_export_targets-extras.cmake
[0.636s] -- Up-to-date symlink: /home/ri-one/ri_one_master_ws/install/ecl_mpl/share/ecl_mpl/cmake/ament_cmake_export_include_directories-extras.cmake
[0.636s] -- Up-to-date symlink: /home/ri-one/ri_one_master_ws/install/ecl_mpl/share/ecl_mpl/cmake/ecl_mplConfig.cmake
[0.637s] -- Up-to-date symlink: /home/ri-one/ri_one_master_ws/install/ecl_mpl/share/ecl_mpl/cmake/ecl_mplConfig-version.cmake
[0.637s] -- Up-to-date symlink: /home/ri-one/ri_one_master_ws/install/ecl_mpl/share/ecl_mpl/package.xml
[0.637s] -- Up-to-date: /home/ri-one/ri_one_master_ws/install/ecl_mpl/share/ecl_mpl/cmake/ecl_mplExport.cmake
[0.645s] Invoked command in '/home/ri-one/ri_one_master_ws/build/ecl_mpl' returned '0': CMAKE_PREFIX_PATH=${CMAKE_PREFIX_PATH}:/home/ri-one/ri_one_master_ws/install/ros2_tests:/home/ri-one/ri_one_master_ws/install/gesture_to_motion:/home/ri-one/ri_one_master_ws/install/gesture_detection:/opt/ros/humble /usr/bin/cmake --install /home/ri-one/ri_one_master_ws/build/ecl_mpl
