[0.101s] Invoking command in '/home/ri-one/ri_one_master_ws/build/ecl_containers': AMENT_PREFIX_PATH=/home/ri-one/ri_one_master_ws/install/ecl_formatters:/home/ri-one/ri_one_master_ws/install/ecl_utilities:/home/ri-one/ri_one_master_ws/install/ecl_converters:/home/ri-one/ri_one_master_ws/install/ecl_exceptions:/home/ri-one/ri_one_master_ws/install/ecl_concepts:/home/ri-one/ri_one_master_ws/install/ecl_type_traits:/home/ri-one/ri_one_master_ws/install/ecl_errors:/home/ri-one/ri_one_master_ws/install/ecl_mpl:/home/ri-one/ri_one_master_ws/install/ecl_config:${AMENT_PREFIX_PATH} CMAKE_PREFIX_PATH=/home/ri-one/ri_one_master_ws/install/ecl_formatters:/home/ri-one/ri_one_master_ws/install/ecl_utilities:/home/ri-one/ri_one_master_ws/install/ecl_converters:/home/ri-one/ri_one_master_ws/install/ecl_exceptions:/home/ri-one/ri_one_master_ws/install/ecl_concepts:/home/ri-one/ri_one_master_ws/install/ecl_type_traits:/home/ri-one/ri_one_master_ws/install/ecl_errors:/home/ri-one/ri_one_master_ws/install/ecl_mpl:/home/ri-one/ri_one_master_ws/install/ecl_config:/opt/ros/humble LD_LIBRARY_PATH=/home/ri-one/ri_one_master_ws/install/ecl_formatters/lib:/home/ri-one/ri_one_master_ws/install/ecl_exceptions/lib:/home/ri-one/ri_one_master_ws/install/ecl_type_traits/lib:/home/ri-one/ri_one_master_ws/install/ecl_errors/lib:${LD_LIBRARY_PATH} PATH=/home/ri-one/ri_one_master_ws/install/ecl_type_traits/bin:/home/ri-one/ri_one_master_ws/install/ecl_config/bin:${PATH} /usr/bin/cmake --build /home/ri-one/ri_one_master_ws/build/ecl_containers -- -j4 -l4
[0.293s] [ 11%] Built target gtest
[0.333s] [ 22%] Built target gtest_main
[0.341s] [ 33%] Built target ecl_demo_formatters
[0.404s] [ 44%] Built target ecl_test_container_converters
[0.431s] [ 55%] Built target ecl_test_arrays
[0.523s] [ 66%] Built target ecl_test_stencil
[0.556s] [ 77%] Built target ecl_test_fifo
[0.560s] [ 94%] Built target ecl_test_push_and_pop
[0.560s] [100%] Built target ecl_test_arrays_mem_check
[0.586s] Invoked command in '/home/ri-one/ri_one_master_ws/build/ecl_containers' returned '0': AMENT_PREFIX_PATH=/home/ri-one/ri_one_master_ws/install/ecl_formatters:/home/ri-one/ri_one_master_ws/install/ecl_utilities:/home/ri-one/ri_one_master_ws/install/ecl_converters:/home/ri-one/ri_one_master_ws/install/ecl_exceptions:/home/ri-one/ri_one_master_ws/install/ecl_concepts:/home/ri-one/ri_one_master_ws/install/ecl_type_traits:/home/ri-one/ri_one_master_ws/install/ecl_errors:/home/ri-one/ri_one_master_ws/install/ecl_mpl:/home/ri-one/ri_one_master_ws/install/ecl_config:${AMENT_PREFIX_PATH} CMAKE_PREFIX_PATH=/home/ri-one/ri_one_master_ws/install/ecl_formatters:/home/ri-one/ri_one_master_ws/install/ecl_utilities:/home/ri-one/ri_one_master_ws/install/ecl_converters:/home/ri-one/ri_one_master_ws/install/ecl_exceptions:/home/ri-one/ri_one_master_ws/install/ecl_concepts:/home/ri-one/ri_one_master_ws/install/ecl_type_traits:/home/ri-one/ri_one_master_ws/install/ecl_errors:/home/ri-one/ri_one_master_ws/install/ecl_mpl:/home/ri-one/ri_one_master_ws/install/ecl_config:/opt/ros/humble LD_LIBRARY_PATH=/home/ri-one/ri_one_master_ws/install/ecl_formatters/lib:/home/ri-one/ri_one_master_ws/install/ecl_exceptions/lib:/home/ri-one/ri_one_master_ws/install/ecl_type_traits/lib:/home/ri-one/ri_one_master_ws/install/ecl_errors/lib:${LD_LIBRARY_PATH} PATH=/home/ri-one/ri_one_master_ws/install/ecl_type_traits/bin:/home/ri-one/ri_one_master_ws/install/ecl_config/bin:${PATH} /usr/bin/cmake --build /home/ri-one/ri_one_master_ws/build/ecl_containers -- -j4 -l4
[0.589s] Invoking command in '/home/ri-one/ri_one_master_ws/build/ecl_containers': AMENT_PREFIX_PATH=/home/ri-one/ri_one_master_ws/install/ecl_formatters:/home/ri-one/ri_one_master_ws/install/ecl_utilities:/home/ri-one/ri_one_master_ws/install/ecl_converters:/home/ri-one/ri_one_master_ws/install/ecl_exceptions:/home/ri-one/ri_one_master_ws/install/ecl_concepts:/home/ri-one/ri_one_master_ws/install/ecl_type_traits:/home/ri-one/ri_one_master_ws/install/ecl_errors:/home/ri-one/ri_one_master_ws/install/ecl_mpl:/home/ri-one/ri_one_master_ws/install/ecl_config:${AMENT_PREFIX_PATH} CMAKE_PREFIX_PATH=/home/ri-one/ri_one_master_ws/install/ecl_formatters:/home/ri-one/ri_one_master_ws/install/ecl_utilities:/home/ri-one/ri_one_master_ws/install/ecl_converters:/home/ri-one/ri_one_master_ws/install/ecl_exceptions:/home/ri-one/ri_one_master_ws/install/ecl_concepts:/home/ri-one/ri_one_master_ws/install/ecl_type_traits:/home/ri-one/ri_one_master_ws/install/ecl_errors:/home/ri-one/ri_one_master_ws/install/ecl_mpl:/home/ri-one/ri_one_master_ws/install/ecl_config:/opt/ros/humble LD_LIBRARY_PATH=/home/ri-one/ri_one_master_ws/install/ecl_formatters/lib:/home/ri-one/ri_one_master_ws/install/ecl_exceptions/lib:/home/ri-one/ri_one_master_ws/install/ecl_type_traits/lib:/home/ri-one/ri_one_master_ws/install/ecl_errors/lib:${LD_LIBRARY_PATH} PATH=/home/ri-one/ri_one_master_ws/install/ecl_type_traits/bin:/home/ri-one/ri_one_master_ws/install/ecl_config/bin:${PATH} /usr/bin/cmake --install /home/ri-one/ri_one_master_ws/build/ecl_containers
[0.610s] -- Install configuration: ""
[0.613s] -- Execute custom install script
[0.615s] -- Up-to-date symlink: /home/ri-one/ri_one_master_ws/install/ecl_containers/include/ecl/containers/common/formatters.hpp
[0.615s] -- Up-to-date symlink: /home/ri-one/ri_one_master_ws/install/ecl_containers/include/ecl/containers/array/array_dynamic_mem_check.hpp
[0.616s] -- Up-to-date symlink: /home/ri-one/ri_one_master_ws/install/ecl_containers/include/ecl/containers/array/array_dynamic_no_mem_check.hpp
[0.617s] -- Up-to-date symlink: /home/ri-one/ri_one_master_ws/install/ecl_containers/include/ecl/containers/array/array_mem_check.hpp
[0.617s] -- Up-to-date symlink: /home/ri-one/ri_one_master_ws/install/ecl_containers/include/ecl/containers/array/array_no_mem_check.hpp
[0.618s] -- Up-to-date symlink: /home/ri-one/ri_one_master_ws/install/ecl_containers/include/ecl/containers/array/converters.hpp
[0.619s] -- Up-to-date symlink: /home/ri-one/ri_one_master_ws/install/ecl_containers/include/ecl/containers/array/formatters.hpp
[0.620s] -- Up-to-date symlink: /home/ri-one/ri_one_master_ws/install/ecl_containers/include/ecl/containers/push_and_pop/formatters.hpp
[0.621s] -- Up-to-date symlink: /home/ri-one/ri_one_master_ws/install/ecl_containers/include/ecl/containers/push_and_pop/push_and_pop_dynamic.hpp
[0.621s] -- Up-to-date symlink: /home/ri-one/ri_one_master_ws/install/ecl_containers/include/ecl/containers/push_and_pop/push_and_pop_fixed.hpp
[0.622s] -- Up-to-date symlink: /home/ri-one/ri_one_master_ws/install/ecl_containers/include/ecl/containers/stencil/converters.hpp
[0.622s] -- Up-to-date symlink: /home/ri-one/ri_one_master_ws/install/ecl_containers/include/ecl/containers/stencil/formatters.hpp
[0.623s] -- Up-to-date symlink: /home/ri-one/ri_one_master_ws/install/ecl_containers/include/ecl/containers/stencil/specialisations.hpp
[0.623s] -- Up-to-date symlink: /home/ri-one/ri_one_master_ws/install/ecl_containers/include/ecl/containers/stencil/stencil.hpp
[0.624s] -- Up-to-date symlink: /home/ri-one/ri_one_master_ws/install/ecl_containers/include/ecl/containers/array.hpp
[0.625s] -- Up-to-date symlink: /home/ri-one/ri_one_master_ws/install/ecl_containers/include/ecl/containers/converters.hpp
[0.625s] -- Up-to-date symlink: /home/ri-one/ri_one_master_ws/install/ecl_containers/include/ecl/containers/definitions.hpp
[0.626s] -- Up-to-date symlink: /home/ri-one/ri_one_master_ws/install/ecl_containers/include/ecl/containers/fifo.hpp
[0.626s] -- Up-to-date symlink: /home/ri-one/ri_one_master_ws/install/ecl_containers/include/ecl/containers/initialiser.hpp
[0.627s] -- Up-to-date symlink: /home/ri-one/ri_one_master_ws/install/ecl_containers/include/ecl/containers/push_and_pop.hpp
[0.627s] -- Up-to-date symlink: /home/ri-one/ri_one_master_ws/install/ecl_containers/include/ecl/containers/stencil.hpp
[0.628s] -- Up-to-date symlink: /home/ri-one/ri_one_master_ws/install/ecl_containers/include/ecl/containers.hpp
[0.629s] -- Up-to-date symlink: /home/ri-one/ri_one_master_ws/install/ecl_containers/lib/ecl_containers/demo_formatters
[0.630s] -- Up-to-date symlink: /home/ri-one/ri_one_master_ws/install/ecl_containers/share/ament_index/resource_index/package_run_dependencies/ecl_containers
[0.630s] -- Up-to-date symlink: /home/ri-one/ri_one_master_ws/install/ecl_containers/share/ament_index/resource_index/parent_prefix_path/ecl_containers
[0.631s] -- Up-to-date symlink: /home/ri-one/ri_one_master_ws/install/ecl_containers/share/ecl_containers/environment/ament_prefix_path.sh
[0.632s] -- Up-to-date symlink: /home/ri-one/ri_one_master_ws/install/ecl_containers/share/ecl_containers/environment/ament_prefix_path.dsv
[0.633s] -- Up-to-date symlink: /home/ri-one/ri_one_master_ws/install/ecl_containers/share/ecl_containers/environment/path.sh
[0.633s] -- Up-to-date symlink: /home/ri-one/ri_one_master_ws/install/ecl_containers/share/ecl_containers/environment/path.dsv
[0.634s] -- Up-to-date symlink: /home/ri-one/ri_one_master_ws/install/ecl_containers/share/ecl_containers/local_setup.bash
[0.635s] -- Up-to-date symlink: /home/ri-one/ri_one_master_ws/install/ecl_containers/share/ecl_containers/local_setup.sh
[0.636s] -- Up-to-date symlink: /home/ri-one/ri_one_master_ws/install/ecl_containers/share/ecl_containers/local_setup.zsh
[0.636s] -- Up-to-date symlink: /home/ri-one/ri_one_master_ws/install/ecl_containers/share/ecl_containers/local_setup.dsv
[0.638s] -- Symlinking: /home/ri-one/ri_one_master_ws/install/ecl_containers/share/ecl_containers/package.dsv
[0.675s] -- Up-to-date symlink: /home/ri-one/ri_one_master_ws/install/ecl_containers/share/ament_index/resource_index/packages/ecl_containers
[0.675s] -- Up-to-date symlink: /home/ri-one/ri_one_master_ws/install/ecl_containers/share/ecl_containers/cmake/ament_cmake_export_targets-extras.cmake
[0.676s] -- Up-to-date symlink: /home/ri-one/ri_one_master_ws/install/ecl_containers/share/ecl_containers/cmake/ament_cmake_export_include_directories-extras.cmake
[0.676s] -- Up-to-date symlink: /home/ri-one/ri_one_master_ws/install/ecl_containers/share/ecl_containers/cmake/ament_cmake_export_dependencies-extras.cmake
[0.677s] -- Up-to-date symlink: /home/ri-one/ri_one_master_ws/install/ecl_containers/share/ecl_containers/cmake/ecl_containersConfig.cmake
[0.677s] -- Up-to-date symlink: /home/ri-one/ri_one_master_ws/install/ecl_containers/share/ecl_containers/cmake/ecl_containersConfig-version.cmake
[0.678s] -- Up-to-date symlink: /home/ri-one/ri_one_master_ws/install/ecl_containers/share/ecl_containers/package.xml
[0.682s] -- Up-to-date: /home/ri-one/ri_one_master_ws/install/ecl_containers/share/ecl_containers/cmake/ecl_containersExport.cmake
[0.696s] Invoked command in '/home/ri-one/ri_one_master_ws/build/ecl_containers' returned '0': AMENT_PREFIX_PATH=/home/ri-one/ri_one_master_ws/install/ecl_formatters:/home/ri-one/ri_one_master_ws/install/ecl_utilities:/home/ri-one/ri_one_master_ws/install/ecl_converters:/home/ri-one/ri_one_master_ws/install/ecl_exceptions:/home/ri-one/ri_one_master_ws/install/ecl_concepts:/home/ri-one/ri_one_master_ws/install/ecl_type_traits:/home/ri-one/ri_one_master_ws/install/ecl_errors:/home/ri-one/ri_one_master_ws/install/ecl_mpl:/home/ri-one/ri_one_master_ws/install/ecl_config:${AMENT_PREFIX_PATH} CMAKE_PREFIX_PATH=/home/ri-one/ri_one_master_ws/install/ecl_formatters:/home/ri-one/ri_one_master_ws/install/ecl_utilities:/home/ri-one/ri_one_master_ws/install/ecl_converters:/home/ri-one/ri_one_master_ws/install/ecl_exceptions:/home/ri-one/ri_one_master_ws/install/ecl_concepts:/home/ri-one/ri_one_master_ws/install/ecl_type_traits:/home/ri-one/ri_one_master_ws/install/ecl_errors:/home/ri-one/ri_one_master_ws/install/ecl_mpl:/home/ri-one/ri_one_master_ws/install/ecl_config:/opt/ros/humble LD_LIBRARY_PATH=/home/ri-one/ri_one_master_ws/install/ecl_formatters/lib:/home/ri-one/ri_one_master_ws/install/ecl_exceptions/lib:/home/ri-one/ri_one_master_ws/install/ecl_type_traits/lib:/home/ri-one/ri_one_master_ws/install/ecl_errors/lib:${LD_LIBRARY_PATH} PATH=/home/ri-one/ri_one_master_ws/install/ecl_type_traits/bin:/home/ri-one/ri_one_master_ws/install/ecl_config/bin:${PATH} /usr/bin/cmake --install /home/ri-one/ri_one_master_ws/build/ecl_containers
