[0.046s] Invoking command in '/home/ri-one/ros2_ws/src/build/ecl_mpl': CMAKE_PREFIX_PATH=${CMAKE_PREFIX_PATH}:/opt/ros/humble /usr/bin/cmake --build /home/ri-one/ros2_ws/src/build/ecl_mpl -- -j4 -l4
[0.197s] [35m[1mConsolidate compiler generated dependencies of target gtest[0m
[0.204s] [35m[1mConsolidate compiler generated dependencies of target gtest_main[0m
[0.259s] [ 33%] Built target gtest_main
[0.294s] [ 66%] Built target gtest
[0.348s] [35m[1mConsolidate compiler generated dependencies of target test_enable_if[0m
[0.441s] [100%] Built target test_enable_if
[0.484s] Invoked command in '/home/ri-one/ros2_ws/src/build/ecl_mpl' returned '0': CMAKE_PREFIX_PATH=${CMAKE_PREFIX_PATH}:/opt/ros/humble /usr/bin/cmake --build /home/ri-one/ros2_ws/src/build/ecl_mpl -- -j4 -l4
[0.486s] Invoking command in '/home/ri-one/ros2_ws/src/build/ecl_mpl': CMAKE_PREFIX_PATH=${CMAKE_PREFIX_PATH}:/opt/ros/humble /usr/bin/cmake --install /home/ri-one/ros2_ws/src/build/ecl_mpl
[0.539s] -- Install configuration: ""
[0.539s] -- Up-to-date: /home/ri-one/ros2_ws/src/install/ecl_mpl/share/ament_index/resource_index/package_run_dependencies/ecl_mpl
[0.540s] -- Up-to-date: /home/ri-one/ros2_ws/src/install/ecl_mpl/share/ament_index/resource_index/parent_prefix_path/ecl_mpl
[0.540s] -- Up-to-date: /home/ri-one/ros2_ws/src/install/ecl_mpl/share/ecl_mpl/environment/ament_prefix_path.sh
[0.540s] -- Up-to-date: /home/ri-one/ros2_ws/src/install/ecl_mpl/share/ecl_mpl/environment/ament_prefix_path.dsv
[0.542s] -- Up-to-date: /home/ri-one/ros2_ws/src/install/ecl_mpl/share/ecl_mpl/environment/path.sh
[0.542s] -- Up-to-date: /home/ri-one/ros2_ws/src/install/ecl_mpl/share/ecl_mpl/environment/path.dsv
[0.542s] -- Up-to-date: /home/ri-one/ros2_ws/src/install/ecl_mpl/share/ecl_mpl/local_setup.bash
[0.542s] -- Up-to-date: /home/ri-one/ros2_ws/src/install/ecl_mpl/share/ecl_mpl/local_setup.sh
[0.543s] -- Up-to-date: /home/ri-one/ros2_ws/src/install/ecl_mpl/share/ecl_mpl/local_setup.zsh
[0.546s] -- Up-to-date: /home/ri-one/ros2_ws/src/install/ecl_mpl/share/ecl_mpl/local_setup.dsv
[0.546s] -- Installing: /home/ri-one/ros2_ws/src/install/ecl_mpl/share/ecl_mpl/package.dsv
[0.547s] -- Up-to-date: /home/ri-one/ros2_ws/src/install/ecl_mpl/share/ament_index/resource_index/packages/ecl_mpl
[0.547s] -- Up-to-date: /home/ri-one/ros2_ws/src/install/ecl_mpl/share/ecl_mpl/cmake/ecl_mplExport.cmake
[0.549s] -- Up-to-date: /home/ri-one/ros2_ws/src/install/ecl_mpl/share/ecl_mpl/cmake/ament_cmake_export_targets-extras.cmake
[0.549s] -- Up-to-date: /home/ri-one/ros2_ws/src/install/ecl_mpl/share/ecl_mpl/cmake/ament_cmake_export_include_directories-extras.cmake
[0.549s] -- Up-to-date: /home/ri-one/ros2_ws/src/install/ecl_mpl/share/ecl_mpl/cmake/ecl_mplConfig.cmake
[0.549s] -- Up-to-date: /home/ri-one/ros2_ws/src/install/ecl_mpl/share/ecl_mpl/cmake/ecl_mplConfig-version.cmake
[0.550s] -- Up-to-date: /home/ri-one/ros2_ws/src/install/ecl_mpl/share/ecl_mpl/package.xml
[0.554s] -- Up-to-date: /home/ri-one/ros2_ws/src/install/ecl_mpl/include/ecl/mpl.hpp
[0.554s] -- Up-to-date: /home/ri-one/ros2_ws/src/install/ecl_mpl/include/ecl/mpl/bool.hpp
[0.554s] -- Up-to-date: /home/ri-one/ros2_ws/src/install/ecl_mpl/include/ecl/mpl/converters.hpp
[0.555s] -- Up-to-date: /home/ri-one/ros2_ws/src/install/ecl_mpl/include/ecl/mpl/enable_if.hpp
[0.555s] -- Up-to-date: /home/ri-one/ros2_ws/src/install/ecl_mpl/include/ecl/mpl/failed_object.hpp
[0.555s] -- Up-to-date: /home/ri-one/ros2_ws/src/install/ecl_mpl/include/ecl/mpl/if.hpp
[0.666s] Invoked command in '/home/ri-one/ros2_ws/src/build/ecl_mpl' returned '0': CMAKE_PREFIX_PATH=${CMAKE_PREFIX_PATH}:/opt/ros/humble /usr/bin/cmake --install /home/ri-one/ros2_ws/src/build/ecl_mpl
