[0.058s] Invoking command in '/home/ri-one/ros2_ws/src/build/ecl_io': AMENT_PREFIX_PATH=/home/ri-one/ros2_ws/src/install/ecl_errors:/home/ri-one/ros2_ws/src/install/ecl_config:${AMENT_PREFIX_PATH} CMAKE_PREFIX_PATH=/home/ri-one/ros2_ws/src/install/ecl_errors:/home/ri-one/ros2_ws/src/install/ecl_config:/home/ri-one/ros2_ws/install/kobuki_ros:/home/ri-one/ros2_ws/install/kobuki_safety_controller:/home/ri-one/ros2_ws/install/kobuki_random_walker:/home/ri-one/ros2_ws/install/kobuki_node:/home/ri-one/ros2_ws/install/kobuki_keyop:/home/ri-one/ros2_ws/install/kobuki_bumper2pc:/home/ri-one/ros2_ws/install/kobuki_auto_docking:/home/ri-one/ros2_ws/install/kobuki_ros_interfaces:/home/ri-one/ros2_ws/install/kobuki_description:/home/ri-one/ros2_ws/install/kobuki_core:/home/ri-one/ros2_ws/install/ecl_core:/home/ri-one/ros2_ws/install/ecl_core_apps:/home/ri-one/ros2_ws/install/ecl_streams:/home/ri-one/ros2_ws/install/ecl_sigslots:/home/ri-one/ros2_ws/install/ecl_ipc:/home/ri-one/ros2_ws/install/ecl_devices:/home/ri-one/ros2_ws/install/ecl_threads:/home/ri-one/ros2_ws/install/ecl_mobile_robot:/home/ri-one/ros2_ws/install/ecl_manipulators:/home/ri-one/ros2_ws/install/ecl_geometry:/home/ri-one/ros2_ws/install/ecl_containers:/home/ri-one/ros2_ws/install/ecl_utilities:/home/ri-one/ros2_ws/install/ecl_statistics:/home/ri-one/ros2_ws/install/ecl_linear_algebra:/home/ri-one/ros2_ws/install/ecl_math:/home/ri-one/ros2_ws/install/ecl_formatters:/home/ri-one/ros2_ws/install/ecl_converters:/home/ri-one/ros2_ws/install/ecl_concepts:/home/ri-one/ros2_ws/install/ecl_type_traits:/home/ri-one/ros2_ws/install/ecl_time:/home/ri-one/ros2_ws/install/ecl_lite:/home/ri-one/ros2_ws/install/ecl_time_lite:/home/ri-one/ros2_ws/install/ecl_sigslots_lite:/home/ri-one/ros2_ws/install/ecl_mpl:/home/ri-one/ros2_ws/install/ecl_io:/home/ri-one/ros2_ws/install/ecl_filesystem:/home/ri-one/ros2_ws/install/ecl_exceptions:/home/ri-one/ros2_ws/install/ecl_errors:/home/ri-one/ros2_ws/install/ecl_eigen:/home/ri-one/ros2_ws/install/ecl_converters_lite:/home/ri-one/ros2_ws/install/ecl_console:/home/ri-one/ros2_ws/install/ecl_config:/home/ri-one/ros2_ws/install/ecl_command_line:/home/ri-one/ros2_ws/install/cmd_vel_mux:/opt/ros/humble LD_LIBRARY_PATH=/home/ri-one/ros2_ws/src/install/ecl_errors/lib:${LD_LIBRARY_PATH} PATH=/home/ri-one/ros2_ws/src/install/ecl_config/bin:${PATH} /usr/bin/cmake --build /home/ri-one/ros2_ws/src/build/ecl_io -- -j4 -l4
[0.199s] [35m[1mConsolidate compiler generated dependencies of target ecl_io[0m
[0.252s] [ 40%] Built target ecl_io
[0.315s] [35m[1mConsolidate compiler generated dependencies of target ecl_io_example_socketpair[0m
[0.357s] [35m[1mConsolidate compiler generated dependencies of target ecl_io_example_sockets[0m
[0.357s] [35m[1mConsolidate compiler generated dependencies of target ecl_io_example_poll[0m
[0.357s] [ 60%] Built target ecl_io_example_socketpair
[0.414s] [ 80%] Built target ecl_io_example_poll
[0.418s] [100%] Built target ecl_io_example_sockets
[0.446s] Invoked command in '/home/ri-one/ros2_ws/src/build/ecl_io' returned '0': AMENT_PREFIX_PATH=/home/ri-one/ros2_ws/src/install/ecl_errors:/home/ri-one/ros2_ws/src/install/ecl_config:${AMENT_PREFIX_PATH} CMAKE_PREFIX_PATH=/home/ri-one/ros2_ws/src/install/ecl_errors:/home/ri-one/ros2_ws/src/install/ecl_config:/home/ri-one/ros2_ws/install/kobuki_ros:/home/ri-one/ros2_ws/install/kobuki_safety_controller:/home/ri-one/ros2_ws/install/kobuki_random_walker:/home/ri-one/ros2_ws/install/kobuki_node:/home/ri-one/ros2_ws/install/kobuki_keyop:/home/ri-one/ros2_ws/install/kobuki_bumper2pc:/home/ri-one/ros2_ws/install/kobuki_auto_docking:/home/ri-one/ros2_ws/install/kobuki_ros_interfaces:/home/ri-one/ros2_ws/install/kobuki_description:/home/ri-one/ros2_ws/install/kobuki_core:/home/ri-one/ros2_ws/install/ecl_core:/home/ri-one/ros2_ws/install/ecl_core_apps:/home/ri-one/ros2_ws/install/ecl_streams:/home/ri-one/ros2_ws/install/ecl_sigslots:/home/ri-one/ros2_ws/install/ecl_ipc:/home/ri-one/ros2_ws/install/ecl_devices:/home/ri-one/ros2_ws/install/ecl_threads:/home/ri-one/ros2_ws/install/ecl_mobile_robot:/home/ri-one/ros2_ws/install/ecl_manipulators:/home/ri-one/ros2_ws/install/ecl_geometry:/home/ri-one/ros2_ws/install/ecl_containers:/home/ri-one/ros2_ws/install/ecl_utilities:/home/ri-one/ros2_ws/install/ecl_statistics:/home/ri-one/ros2_ws/install/ecl_linear_algebra:/home/ri-one/ros2_ws/install/ecl_math:/home/ri-one/ros2_ws/install/ecl_formatters:/home/ri-one/ros2_ws/install/ecl_converters:/home/ri-one/ros2_ws/install/ecl_concepts:/home/ri-one/ros2_ws/install/ecl_type_traits:/home/ri-one/ros2_ws/install/ecl_time:/home/ri-one/ros2_ws/install/ecl_lite:/home/ri-one/ros2_ws/install/ecl_time_lite:/home/ri-one/ros2_ws/install/ecl_sigslots_lite:/home/ri-one/ros2_ws/install/ecl_mpl:/home/ri-one/ros2_ws/install/ecl_io:/home/ri-one/ros2_ws/install/ecl_filesystem:/home/ri-one/ros2_ws/install/ecl_exceptions:/home/ri-one/ros2_ws/install/ecl_errors:/home/ri-one/ros2_ws/install/ecl_eigen:/home/ri-one/ros2_ws/install/ecl_converters_lite:/home/ri-one/ros2_ws/install/ecl_console:/home/ri-one/ros2_ws/install/ecl_config:/home/ri-one/ros2_ws/install/ecl_command_line:/home/ri-one/ros2_ws/install/cmd_vel_mux:/opt/ros/humble LD_LIBRARY_PATH=/home/ri-one/ros2_ws/src/install/ecl_errors/lib:${LD_LIBRARY_PATH} PATH=/home/ri-one/ros2_ws/src/install/ecl_config/bin:${PATH} /usr/bin/cmake --build /home/ri-one/ros2_ws/src/build/ecl_io -- -j4 -l4
[0.449s] Invoking command in '/home/ri-one/ros2_ws/src/build/ecl_io': AMENT_PREFIX_PATH=/home/ri-one/ros2_ws/src/install/ecl_errors:/home/ri-one/ros2_ws/src/install/ecl_config:${AMENT_PREFIX_PATH} CMAKE_PREFIX_PATH=/home/ri-one/ros2_ws/src/install/ecl_errors:/home/ri-one/ros2_ws/src/install/ecl_config:/home/ri-one/ros2_ws/install/kobuki_ros:/home/ri-one/ros2_ws/install/kobuki_safety_controller:/home/ri-one/ros2_ws/install/kobuki_random_walker:/home/ri-one/ros2_ws/install/kobuki_node:/home/ri-one/ros2_ws/install/kobuki_keyop:/home/ri-one/ros2_ws/install/kobuki_bumper2pc:/home/ri-one/ros2_ws/install/kobuki_auto_docking:/home/ri-one/ros2_ws/install/kobuki_ros_interfaces:/home/ri-one/ros2_ws/install/kobuki_description:/home/ri-one/ros2_ws/install/kobuki_core:/home/ri-one/ros2_ws/install/ecl_core:/home/ri-one/ros2_ws/install/ecl_core_apps:/home/ri-one/ros2_ws/install/ecl_streams:/home/ri-one/ros2_ws/install/ecl_sigslots:/home/ri-one/ros2_ws/install/ecl_ipc:/home/ri-one/ros2_ws/install/ecl_devices:/home/ri-one/ros2_ws/install/ecl_threads:/home/ri-one/ros2_ws/install/ecl_mobile_robot:/home/ri-one/ros2_ws/install/ecl_manipulators:/home/ri-one/ros2_ws/install/ecl_geometry:/home/ri-one/ros2_ws/install/ecl_containers:/home/ri-one/ros2_ws/install/ecl_utilities:/home/ri-one/ros2_ws/install/ecl_statistics:/home/ri-one/ros2_ws/install/ecl_linear_algebra:/home/ri-one/ros2_ws/install/ecl_math:/home/ri-one/ros2_ws/install/ecl_formatters:/home/ri-one/ros2_ws/install/ecl_converters:/home/ri-one/ros2_ws/install/ecl_concepts:/home/ri-one/ros2_ws/install/ecl_type_traits:/home/ri-one/ros2_ws/install/ecl_time:/home/ri-one/ros2_ws/install/ecl_lite:/home/ri-one/ros2_ws/install/ecl_time_lite:/home/ri-one/ros2_ws/install/ecl_sigslots_lite:/home/ri-one/ros2_ws/install/ecl_mpl:/home/ri-one/ros2_ws/install/ecl_io:/home/ri-one/ros2_ws/install/ecl_filesystem:/home/ri-one/ros2_ws/install/ecl_exceptions:/home/ri-one/ros2_ws/install/ecl_errors:/home/ri-one/ros2_ws/install/ecl_eigen:/home/ri-one/ros2_ws/install/ecl_converters_lite:/home/ri-one/ros2_ws/install/ecl_console:/home/ri-one/ros2_ws/install/ecl_config:/home/ri-one/ros2_ws/install/ecl_command_line:/home/ri-one/ros2_ws/install/cmd_vel_mux:/opt/ros/humble LD_LIBRARY_PATH=/home/ri-one/ros2_ws/src/install/ecl_errors/lib:${LD_LIBRARY_PATH} PATH=/home/ri-one/ros2_ws/src/install/ecl_config/bin:${PATH} /usr/bin/cmake --install /home/ri-one/ros2_ws/src/build/ecl_io
[0.479s] -- Install configuration: ""
[0.480s] -- Up-to-date: /home/ri-one/ros2_ws/src/install/ecl_io/share/ecl_io/environment/library_path.sh
[0.481s] -- Up-to-date: /home/ri-one/ros2_ws/src/install/ecl_io/share/ecl_io/environment/library_path.dsv
[0.482s] -- Up-to-date: /home/ri-one/ros2_ws/src/install/ecl_io/share/ament_index/resource_index/package_run_dependencies/ecl_io
[0.484s] -- Up-to-date: /home/ri-one/ros2_ws/src/install/ecl_io/share/ament_index/resource_index/parent_prefix_path/ecl_io
[0.484s] -- Up-to-date: /home/ri-one/ros2_ws/src/install/ecl_io/share/ecl_io/environment/ament_prefix_path.sh
[0.485s] -- Up-to-date: /home/ri-one/ros2_ws/src/install/ecl_io/share/ecl_io/environment/ament_prefix_path.dsv
[0.485s] -- Up-to-date: /home/ri-one/ros2_ws/src/install/ecl_io/share/ecl_io/environment/path.sh
[0.485s] -- Up-to-date: /home/ri-one/ros2_ws/src/install/ecl_io/share/ecl_io/environment/path.dsv
[0.485s] -- Up-to-date: /home/ri-one/ros2_ws/src/install/ecl_io/share/ecl_io/local_setup.bash
[0.485s] -- Up-to-date: /home/ri-one/ros2_ws/src/install/ecl_io/share/ecl_io/local_setup.sh
[0.486s] -- Up-to-date: /home/ri-one/ros2_ws/src/install/ecl_io/share/ecl_io/local_setup.zsh
[0.486s] -- Up-to-date: /home/ri-one/ros2_ws/src/install/ecl_io/share/ecl_io/local_setup.dsv
[0.486s] -- Installing: /home/ri-one/ros2_ws/src/install/ecl_io/share/ecl_io/package.dsv
[0.486s] -- Up-to-date: /home/ri-one/ros2_ws/src/install/ecl_io/share/ament_index/resource_index/packages/ecl_io
[0.487s] -- Up-to-date: /home/ri-one/ros2_ws/src/install/ecl_io/share/ecl_io/cmake/ecl_ioExport.cmake
[0.487s] -- Up-to-date: /home/ri-one/ros2_ws/src/install/ecl_io/share/ecl_io/cmake/ecl_ioExport-noconfig.cmake
[0.487s] -- Up-to-date: /home/ri-one/ros2_ws/src/install/ecl_io/share/ecl_io/cmake/ament_cmake_export_targets-extras.cmake
[0.487s] -- Up-to-date: /home/ri-one/ros2_ws/src/install/ecl_io/share/ecl_io/cmake/ament_cmake_export_include_directories-extras.cmake
[0.487s] -- Up-to-date: /home/ri-one/ros2_ws/src/install/ecl_io/share/ecl_io/cmake/ament_cmake_export_libraries-extras.cmake
[0.487s] -- Up-to-date: /home/ri-one/ros2_ws/src/install/ecl_io/share/ecl_io/cmake/ament_cmake_export_dependencies-extras.cmake
[0.488s] -- Up-to-date: /home/ri-one/ros2_ws/src/install/ecl_io/share/ecl_io/cmake/ecl_ioConfig.cmake
[0.488s] -- Up-to-date: /home/ri-one/ros2_ws/src/install/ecl_io/share/ecl_io/cmake/ecl_ioConfig-version.cmake
[0.488s] -- Up-to-date: /home/ri-one/ros2_ws/src/install/ecl_io/share/ecl_io/package.xml
[0.489s] -- Up-to-date: /home/ri-one/ros2_ws/src/install/ecl_io/include/ecl/io.hpp
[0.489s] -- Up-to-date: /home/ri-one/ros2_ws/src/install/ecl_io/include/ecl/sockets/macros.hpp
[0.490s] -- Up-to-date: /home/ri-one/ros2_ws/src/install/ecl_io/include/ecl/sockets/poll.hpp
[0.490s] -- Up-to-date: /home/ri-one/ros2_ws/src/install/ecl_io/include/ecl/sockets/socketpair.hpp
[0.490s] -- Up-to-date: /home/ri-one/ros2_ws/src/install/ecl_io/include/ecl/sockets/sockets.hpp
[0.490s] -- Up-to-date: /home/ri-one/ros2_ws/src/install/ecl_io/lib/libecl_io.so.1.2.0
[0.491s] -- Up-to-date: /home/ri-one/ros2_ws/src/install/ecl_io/lib/libecl_io.so
[0.491s] -- Up-to-date: /home/ri-one/ros2_ws/src/install/ecl_io/lib/ecl_io/demo_sockets
[0.491s] -- Up-to-date: /home/ri-one/ros2_ws/src/install/ecl_io/lib/ecl_io/demo_socketpair
[0.492s] -- Up-to-date: /home/ri-one/ros2_ws/src/install/ecl_io/lib/ecl_io/demo_poll
[0.510s] Invoked command in '/home/ri-one/ros2_ws/src/build/ecl_io' returned '0': AMENT_PREFIX_PATH=/home/ri-one/ros2_ws/src/install/ecl_errors:/home/ri-one/ros2_ws/src/install/ecl_config:${AMENT_PREFIX_PATH} CMAKE_PREFIX_PATH=/home/ri-one/ros2_ws/src/install/ecl_errors:/home/ri-one/ros2_ws/src/install/ecl_config:/home/ri-one/ros2_ws/install/kobuki_ros:/home/ri-one/ros2_ws/install/kobuki_safety_controller:/home/ri-one/ros2_ws/install/kobuki_random_walker:/home/ri-one/ros2_ws/install/kobuki_node:/home/ri-one/ros2_ws/install/kobuki_keyop:/home/ri-one/ros2_ws/install/kobuki_bumper2pc:/home/ri-one/ros2_ws/install/kobuki_auto_docking:/home/ri-one/ros2_ws/install/kobuki_ros_interfaces:/home/ri-one/ros2_ws/install/kobuki_description:/home/ri-one/ros2_ws/install/kobuki_core:/home/ri-one/ros2_ws/install/ecl_core:/home/ri-one/ros2_ws/install/ecl_core_apps:/home/ri-one/ros2_ws/install/ecl_streams:/home/ri-one/ros2_ws/install/ecl_sigslots:/home/ri-one/ros2_ws/install/ecl_ipc:/home/ri-one/ros2_ws/install/ecl_devices:/home/ri-one/ros2_ws/install/ecl_threads:/home/ri-one/ros2_ws/install/ecl_mobile_robot:/home/ri-one/ros2_ws/install/ecl_manipulators:/home/ri-one/ros2_ws/install/ecl_geometry:/home/ri-one/ros2_ws/install/ecl_containers:/home/ri-one/ros2_ws/install/ecl_utilities:/home/ri-one/ros2_ws/install/ecl_statistics:/home/ri-one/ros2_ws/install/ecl_linear_algebra:/home/ri-one/ros2_ws/install/ecl_math:/home/ri-one/ros2_ws/install/ecl_formatters:/home/ri-one/ros2_ws/install/ecl_converters:/home/ri-one/ros2_ws/install/ecl_concepts:/home/ri-one/ros2_ws/install/ecl_type_traits:/home/ri-one/ros2_ws/install/ecl_time:/home/ri-one/ros2_ws/install/ecl_lite:/home/ri-one/ros2_ws/install/ecl_time_lite:/home/ri-one/ros2_ws/install/ecl_sigslots_lite:/home/ri-one/ros2_ws/install/ecl_mpl:/home/ri-one/ros2_ws/install/ecl_io:/home/ri-one/ros2_ws/install/ecl_filesystem:/home/ri-one/ros2_ws/install/ecl_exceptions:/home/ri-one/ros2_ws/install/ecl_errors:/home/ri-one/ros2_ws/install/ecl_eigen:/home/ri-one/ros2_ws/install/ecl_converters_lite:/home/ri-one/ros2_ws/install/ecl_console:/home/ri-one/ros2_ws/install/ecl_config:/home/ri-one/ros2_ws/install/ecl_command_line:/home/ri-one/ros2_ws/install/cmd_vel_mux:/opt/ros/humble LD_LIBRARY_PATH=/home/ri-one/ros2_ws/src/install/ecl_errors/lib:${LD_LIBRARY_PATH} PATH=/home/ri-one/ros2_ws/src/install/ecl_config/bin:${PATH} /usr/bin/cmake --install /home/ri-one/ros2_ws/src/build/ecl_io
