[0.064s] Invoking command in '/home/ri-one/ri_one_master_ws/build/ecl_config': CMAKE_PREFIX_PATH=${CMAKE_PREFIX_PATH}:/home/ri-one/ri_one_master_ws/install/kinect2_calibration:/home/ri-one/ri_one_master_ws/install/ros2_tests:/home/ri-one/ri_one_master_ws/install/realsense_vision:/home/ri-one/ri_one_master_ws/install/realsense2_ros_mqtt_bridge:/home/ri-one/ri_one_master_ws/install/gesture_to_motion:/home/ri-one/ri_one_master_ws/install/gesture_detection:/home/ri-one/ri_one_master_ws/install/ecl_filesystem:/opt/ros/humble /usr/bin/cmake --build /home/ri-one/ri_one_master_ws/build/ecl_config -- -j4 -l4
[0.271s] [ 12%] Built target gtest_main
[0.271s] [ 25%] Built target gtest
[0.373s] [ 37%] Built target ecl_detect_endian
[0.403s] [ 50%] Built target ecl_detect_posix
[0.457s] [ 62%] Built target ecl_test_endianness
[0.537s] [ 75%] Built target ecl_test_macros
[0.542s] [ 87%] Built target ecl_test_char_sign
[0.575s] [100%] Built target ecl_test_portable_types
[0.684s] Invoked command in '/home/ri-one/ri_one_master_ws/build/ecl_config' returned '0': CMAKE_PREFIX_PATH=${CMAKE_PREFIX_PATH}:/home/ri-one/ri_one_master_ws/install/kinect2_calibration:/home/ri-one/ri_one_master_ws/install/ros2_tests:/home/ri-one/ri_one_master_ws/install/realsense_vision:/home/ri-one/ri_one_master_ws/install/realsense2_ros_mqtt_bridge:/home/ri-one/ri_one_master_ws/install/gesture_to_motion:/home/ri-one/ri_one_master_ws/install/gesture_detection:/home/ri-one/ri_one_master_ws/install/ecl_filesystem:/opt/ros/humble /usr/bin/cmake --build /home/ri-one/ri_one_master_ws/build/ecl_config -- -j4 -l4
[0.692s] Invoking command in '/home/ri-one/ri_one_master_ws/build/ecl_config': CMAKE_PREFIX_PATH=${CMAKE_PREFIX_PATH}:/home/ri-one/ri_one_master_ws/install/kinect2_calibration:/home/ri-one/ri_one_master_ws/install/ros2_tests:/home/ri-one/ri_one_master_ws/install/realsense_vision:/home/ri-one/ri_one_master_ws/install/realsense2_ros_mqtt_bridge:/home/ri-one/ri_one_master_ws/install/gesture_to_motion:/home/ri-one/ri_one_master_ws/install/gesture_detection:/home/ri-one/ri_one_master_ws/install/ecl_filesystem:/opt/ros/humble /usr/bin/cmake --install /home/ri-one/ri_one_master_ws/build/ecl_config
[0.722s] -- Install configuration: ""
[0.722s] -- Execute custom install script
[0.722s] -- Up-to-date symlink: /home/ri-one/ri_one_master_ws/install/ecl_config/include/ecl/config/ecl.hpp
[0.722s] -- Up-to-date symlink: /home/ri-one/ri_one_master_ws/install/ecl_config/include/ecl/config/char_sign.hpp
[0.723s] -- Up-to-date symlink: /home/ri-one/ri_one_master_ws/install/ecl_config/include/ecl/config/ecl_unknown.hpp
[0.723s] -- Up-to-date symlink: /home/ri-one/ri_one_master_ws/install/ecl_config/include/ecl/config/endianness.hpp
[0.723s] -- Up-to-date symlink: /home/ri-one/ri_one_master_ws/install/ecl_config/include/ecl/config/macros.hpp
[0.723s] -- Up-to-date symlink: /home/ri-one/ri_one_master_ws/install/ecl_config/include/ecl/config/portable_types.hpp
[0.724s] -- Up-to-date symlink: /home/ri-one/ri_one_master_ws/install/ecl_config/include/ecl/config/windows.hpp
[0.724s] -- Up-to-date symlink: /home/ri-one/ri_one_master_ws/install/ecl_config/include/ecl/config.hpp
[0.724s] -- Up-to-date symlink: /home/ri-one/ri_one_master_ws/install/ecl_config/bin/ecl_detect_endian
[0.724s] -- Up-to-date symlink: /home/ri-one/ri_one_master_ws/install/ecl_config/bin/ecl_detect_posix
[0.724s] -- Up-to-date symlink: /home/ri-one/ri_one_master_ws/install/ecl_config/share/ament_index/resource_index/package_run_dependencies/ecl_config
[0.727s] -- Up-to-date symlink: /home/ri-one/ri_one_master_ws/install/ecl_config/share/ament_index/resource_index/parent_prefix_path/ecl_config
[0.727s] -- Up-to-date symlink: /home/ri-one/ri_one_master_ws/install/ecl_config/share/ecl_config/environment/ament_prefix_path.sh
[0.727s] -- Up-to-date symlink: /home/ri-one/ri_one_master_ws/install/ecl_config/share/ecl_config/environment/ament_prefix_path.dsv
[0.728s] -- Up-to-date symlink: /home/ri-one/ri_one_master_ws/install/ecl_config/share/ecl_config/environment/path.sh
[0.728s] -- Up-to-date symlink: /home/ri-one/ri_one_master_ws/install/ecl_config/share/ecl_config/environment/path.dsv
[0.730s] -- Up-to-date symlink: /home/ri-one/ri_one_master_ws/install/ecl_config/share/ecl_config/local_setup.bash
[0.731s] -- Up-to-date symlink: /home/ri-one/ri_one_master_ws/install/ecl_config/share/ecl_config/local_setup.sh
[0.731s] -- Up-to-date symlink: /home/ri-one/ri_one_master_ws/install/ecl_config/share/ecl_config/local_setup.zsh
[0.731s] -- Up-to-date symlink: /home/ri-one/ri_one_master_ws/install/ecl_config/share/ecl_config/local_setup.dsv
[0.732s] -- Symlinking: /home/ri-one/ri_one_master_ws/install/ecl_config/share/ecl_config/package.dsv
[0.774s] -- Up-to-date symlink: /home/ri-one/ri_one_master_ws/install/ecl_config/share/ament_index/resource_index/packages/ecl_config
[0.775s] -- Up-to-date symlink: /home/ri-one/ri_one_master_ws/install/ecl_config/share/ecl_config/cmake/ament_cmake_export_targets-extras.cmake
[0.775s] -- Up-to-date symlink: /home/ri-one/ri_one_master_ws/install/ecl_config/share/ecl_config/cmake/ament_cmake_export_include_directories-extras.cmake
[0.775s] -- Up-to-date symlink: /home/ri-one/ri_one_master_ws/install/ecl_config/share/ecl_config/cmake/ecl_configConfig.cmake
[0.775s] -- Up-to-date symlink: /home/ri-one/ri_one_master_ws/install/ecl_config/share/ecl_config/cmake/ecl_configConfig-version.cmake
[0.775s] -- Up-to-date symlink: /home/ri-one/ri_one_master_ws/install/ecl_config/share/ecl_config/package.xml
[0.776s] -- Up-to-date: /home/ri-one/ri_one_master_ws/install/ecl_config/share/ecl_config/cmake/ecl_configExport.cmake
[0.779s] Invoked command in '/home/ri-one/ri_one_master_ws/build/ecl_config' returned '0': CMAKE_PREFIX_PATH=${CMAKE_PREFIX_PATH}:/home/ri-one/ri_one_master_ws/install/kinect2_calibration:/home/ri-one/ri_one_master_ws/install/ros2_tests:/home/ri-one/ri_one_master_ws/install/realsense_vision:/home/ri-one/ri_one_master_ws/install/realsense2_ros_mqtt_bridge:/home/ri-one/ri_one_master_ws/install/gesture_to_motion:/home/ri-one/ri_one_master_ws/install/gesture_detection:/home/ri-one/ri_one_master_ws/install/ecl_filesystem:/opt/ros/humble /usr/bin/cmake --install /home/ri-one/ri_one_master_ws/build/ecl_config
