[0.059s] Invoking command in '/home/ri-one/ri_one_master_ws/build/ecl_eigen': CMAKE_PREFIX_PATH=${CMAKE_PREFIX_PATH}:/home/ri-one/ri_one_master_ws/install/ros2_tests:/home/ri-one/ri_one_master_ws/install/gesture_detection:/home/ri-one/ri_one_master_ws/install/ecl_geometry:/opt/ros/humble /usr/bin/cmake --build /home/ri-one/ri_one_master_ws/build/ecl_eigen -- -j4 -l4
[0.252s] Invoked command in '/home/ri-one/ri_one_master_ws/build/ecl_eigen' returned '0': CMAKE_PREFIX_PATH=${CMAKE_PREFIX_PATH}:/home/ri-one/ri_one_master_ws/install/ros2_tests:/home/ri-one/ri_one_master_ws/install/gesture_detection:/home/ri-one/ri_one_master_ws/install/ecl_geometry:/opt/ros/humble /usr/bin/cmake --build /home/ri-one/ri_one_master_ws/build/ecl_eigen -- -j4 -l4
[0.298s] Invoking command in '/home/ri-one/ri_one_master_ws/build/ecl_eigen': CMAKE_PREFIX_PATH=${CMAKE_PREFIX_PATH}:/home/ri-one/ri_one_master_ws/install/ros2_tests:/home/ri-one/ri_one_master_ws/install/gesture_detection:/home/ri-one/ri_one_master_ws/install/ecl_geometry:/opt/ros/humble /usr/bin/cmake --install /home/ri-one/ri_one_master_ws/build/ecl_eigen
[0.390s] -- Install configuration: ""
[0.392s] -- Execute custom install script
[0.393s] -- Up-to-date symlink: /home/ri-one/ri_one_master_ws/install/ecl_eigen/include/ecl/eigen.hpp
[0.393s] -- Up-to-date symlink: /home/ri-one/ri_one_master_ws/install/ecl_eigen/share/licenses/eigen/COPYING.LESSER
[0.395s] -- Up-to-date symlink: /home/ri-one/ri_one_master_ws/install/ecl_eigen/share/ament_index/resource_index/package_run_dependencies/ecl_eigen
[0.395s] -- Up-to-date symlink: /home/ri-one/ri_one_master_ws/install/ecl_eigen/share/ament_index/resource_index/parent_prefix_path/ecl_eigen
[0.396s] -- Up-to-date symlink: /home/ri-one/ri_one_master_ws/install/ecl_eigen/share/ecl_eigen/environment/ament_prefix_path.sh
[0.397s] -- Up-to-date symlink: /home/ri-one/ri_one_master_ws/install/ecl_eigen/share/ecl_eigen/environment/ament_prefix_path.dsv
[0.398s] -- Up-to-date symlink: /home/ri-one/ri_one_master_ws/install/ecl_eigen/share/ecl_eigen/environment/path.sh
[0.398s] -- Up-to-date symlink: /home/ri-one/ri_one_master_ws/install/ecl_eigen/share/ecl_eigen/environment/path.dsv
[0.399s] -- Up-to-date symlink: /home/ri-one/ri_one_master_ws/install/ecl_eigen/share/ecl_eigen/local_setup.bash
[0.406s] -- Up-to-date symlink: /home/ri-one/ri_one_master_ws/install/ecl_eigen/share/ecl_eigen/local_setup.sh
[0.406s] -- Up-to-date symlink: /home/ri-one/ri_one_master_ws/install/ecl_eigen/share/ecl_eigen/local_setup.zsh
[0.408s] -- Up-to-date symlink: /home/ri-one/ri_one_master_ws/install/ecl_eigen/share/ecl_eigen/local_setup.dsv
[0.408s] -- Symlinking: /home/ri-one/ri_one_master_ws/install/ecl_eigen/share/ecl_eigen/package.dsv
[0.497s] -- Up-to-date symlink: /home/ri-one/ri_one_master_ws/install/ecl_eigen/share/ament_index/resource_index/packages/ecl_eigen
[0.503s] -- Up-to-date symlink: /home/ri-one/ri_one_master_ws/install/ecl_eigen/share/ecl_eigen/cmake/ament_cmake_export_targets-extras.cmake
[0.503s] -- Up-to-date symlink: /home/ri-one/ri_one_master_ws/install/ecl_eigen/share/ecl_eigen/cmake/ament_cmake_export_include_directories-extras.cmake
[0.504s] -- Up-to-date symlink: /home/ri-one/ri_one_master_ws/install/ecl_eigen/share/ecl_eigen/cmake/ament_cmake_export_dependencies-extras.cmake
[0.510s] -- Up-to-date symlink: /home/ri-one/ri_one_master_ws/install/ecl_eigen/share/ecl_eigen/cmake/ecl_eigenConfig.cmake
[0.510s] -- Up-to-date symlink: /home/ri-one/ri_one_master_ws/install/ecl_eigen/share/ecl_eigen/cmake/ecl_eigenConfig-version.cmake
[0.511s] -- Up-to-date symlink: /home/ri-one/ri_one_master_ws/install/ecl_eigen/share/ecl_eigen/package.xml
[0.511s] -- Up-to-date: /home/ri-one/ri_one_master_ws/install/ecl_eigen/share/ecl_eigen/cmake/ecl_eigenExport.cmake
[0.542s] Invoked command in '/home/ri-one/ri_one_master_ws/build/ecl_eigen' returned '0': CMAKE_PREFIX_PATH=${CMAKE_PREFIX_PATH}:/home/ri-one/ri_one_master_ws/install/ros2_tests:/home/ri-one/ri_one_master_ws/install/gesture_detection:/home/ri-one/ri_one_master_ws/install/ecl_geometry:/opt/ros/humble /usr/bin/cmake --install /home/ri-one/ri_one_master_ws/build/ecl_eigen
