[ 16%] Built target gtest_main
[ 33%] Built target gtest
[ 50%] Built target ecl_type_traits
[ 66%] Built target test_fundamental_types
[ 83%] Built target test_numeric_limits
[100%] Built target ecl_detect_sizes
-- Install configuration: ""
-- Execute custom install script
-- Up-to-date symlink: /home/ri-one/ri_one_master_ws/install/ecl_type_traits/include/ecl/type_traits/fundamental_types.hpp
-- Up-to-date symlink: /home/ri-one/ri_one_master_ws/install/ecl_type_traits/include/ecl/type_traits/macros.hpp
-- Up-to-date symlink: /home/ri-one/ri_one_master_ws/install/ecl_type_traits/include/ecl/type_traits/numeric_limits.hpp
-- Up-to-date symlink: /home/ri-one/ri_one_master_ws/install/ecl_type_traits/include/ecl/type_traits/traits.hpp
-- Up-to-date symlink: /home/ri-one/ri_one_master_ws/install/ecl_type_traits/include/ecl/type_traits.hpp
-- Up-to-date symlink: /home/ri-one/ri_one_master_ws/install/ecl_type_traits/bin/ecl_detect_sizes
-- Up-to-date symlink: /home/ri-one/ri_one_master_ws/install/ecl_type_traits/share/ecl_type_traits/environment/library_path.sh
-- Up-to-date symlink: /home/ri-one/ri_one_master_ws/install/ecl_type_traits/share/ecl_type_traits/environment/library_path.dsv
-- Up-to-date symlink: /home/ri-one/ri_one_master_ws/install/ecl_type_traits/share/ament_index/resource_index/package_run_dependencies/ecl_type_traits
-- Up-to-date symlink: /home/ri-one/ri_one_master_ws/install/ecl_type_traits/share/ament_index/resource_index/parent_prefix_path/ecl_type_traits
-- Up-to-date symlink: /home/ri-one/ri_one_master_ws/install/ecl_type_traits/share/ecl_type_traits/environment/ament_prefix_path.sh
-- Up-to-date symlink: /home/ri-one/ri_one_master_ws/install/ecl_type_traits/share/ecl_type_traits/environment/ament_prefix_path.dsv
-- Up-to-date symlink: /home/ri-one/ri_one_master_ws/install/ecl_type_traits/share/ecl_type_traits/environment/path.sh
-- Up-to-date symlink: /home/ri-one/ri_one_master_ws/install/ecl_type_traits/share/ecl_type_traits/environment/path.dsv
-- Up-to-date symlink: /home/ri-one/ri_one_master_ws/install/ecl_type_traits/share/ecl_type_traits/local_setup.bash
-- Up-to-date symlink: /home/ri-one/ri_one_master_ws/install/ecl_type_traits/share/ecl_type_traits/local_setup.sh
-- Up-to-date symlink: /home/ri-one/ri_one_master_ws/install/ecl_type_traits/share/ecl_type_traits/local_setup.zsh
-- Up-to-date symlink: /home/ri-one/ri_one_master_ws/install/ecl_type_traits/share/ecl_type_traits/local_setup.dsv
-- Symlinking: /home/ri-one/ri_one_master_ws/install/ecl_type_traits/share/ecl_type_traits/package.dsv
-- Up-to-date symlink: /home/ri-one/ri_one_master_ws/install/ecl_type_traits/share/ament_index/resource_index/packages/ecl_type_traits
-- Up-to-date symlink: /home/ri-one/ri_one_master_ws/install/ecl_type_traits/share/ecl_type_traits/cmake/ament_cmake_export_targets-extras.cmake
-- Up-to-date symlink: /home/ri-one/ri_one_master_ws/install/ecl_type_traits/share/ecl_type_traits/cmake/ament_cmake_export_include_directories-extras.cmake
-- Up-to-date symlink: /home/ri-one/ri_one_master_ws/install/ecl_type_traits/share/ecl_type_traits/cmake/ament_cmake_export_libraries-extras.cmake
-- Up-to-date symlink: /home/ri-one/ri_one_master_ws/install/ecl_type_traits/share/ecl_type_traits/cmake/ament_cmake_export_dependencies-extras.cmake
-- Up-to-date symlink: /home/ri-one/ri_one_master_ws/install/ecl_type_traits/share/ecl_type_traits/cmake/ecl_type_traitsConfig.cmake
-- Up-to-date symlink: /home/ri-one/ri_one_master_ws/install/ecl_type_traits/share/ecl_type_traits/cmake/ecl_type_traitsConfig-version.cmake
-- Up-to-date symlink: /home/ri-one/ri_one_master_ws/install/ecl_type_traits/share/ecl_type_traits/package.xml
-- Up-to-date: /home/ri-one/ri_one_master_ws/install/ecl_type_traits/share/ecl_type_traits/cmake/ecl_type_traitsExport.cmake
-- Up-to-date: /home/ri-one/ri_one_master_ws/install/ecl_type_traits/share/ecl_type_traits/cmake/ecl_type_traitsExport-noconfig.cmake
-- Up-to-date: /home/ri-one/ri_one_master_ws/install/ecl_type_traits/lib/libecl_type_traits.so.1.2.1
-- Up-to-date: /home/ri-one/ri_one_master_ws/install/ecl_type_traits/lib/libecl_type_traits.so
