[0.113s] Invoking command in '/home/ri-one/ri_one_master_ws/build/kobuki_core': AMENT_PREFIX_PATH=/home/ri-one/ri_one_master_ws/install/ecl_mobile_robot:/home/ri-one/ri_one_master_ws/install/ecl_geometry:/home/ri-one/ri_one_master_ws/install/ecl_devices:/home/ri-one/ri_one_master_ws/install/ecl_sigslots:/home/ri-one/ri_one_master_ws/install/ecl_linear_algebra:/home/ri-one/ri_one_master_ws/install/ecl_containers:/home/ri-one/ri_one_master_ws/install/ecl_threads:/home/ri-one/ri_one_master_ws/install/ecl_formatters:/home/ri-one/ri_one_master_ws/install/ecl_utilities:/home/ri-one/ri_one_master_ws/install/ecl_time:/home/ri-one/ri_one_master_ws/install/ecl_converters:/home/ri-one/ri_one_master_ws/install/ecl_time_lite:/home/ri-one/ri_one_master_ws/install/ecl_math:/home/ri-one/ri_one_master_ws/install/ecl_exceptions:/home/ri-one/ri_one_master_ws/install/ecl_concepts:/home/ri-one/ri_one_master_ws/install/ecl_type_traits:/home/ri-one/ri_one_master_ws/install/ecl_errors:/home/ri-one/ri_one_master_ws/install/ecl_console:/home/ri-one/ri_one_master_ws/install/ecl_mpl:/home/ri-one/ri_one_master_ws/install/ecl_eigen:/home/ri-one/ri_one_master_ws/install/ecl_config:/home/ri-one/ri_one_master_ws/install/ecl_command_line:${AMENT_PREFIX_PATH} CMAKE_PREFIX_PATH=/home/ri-one/ri_one_master_ws/install/ecl_mobile_robot:/home/ri-one/ri_one_master_ws/install/ecl_geometry:/home/ri-one/ri_one_master_ws/install/ecl_devices:/home/ri-one/ri_one_master_ws/install/ecl_sigslots:/home/ri-one/ri_one_master_ws/install/ecl_linear_algebra:/home/ri-one/ri_one_master_ws/install/ecl_containers:/home/ri-one/ri_one_master_ws/install/ecl_threads:/home/ri-one/ri_one_master_ws/install/ecl_formatters:/home/ri-one/ri_one_master_ws/install/ecl_utilities:/home/ri-one/ri_one_master_ws/install/ecl_time:/home/ri-one/ri_one_master_ws/install/ecl_converters:/home/ri-one/ri_one_master_ws/install/ecl_time_lite:/home/ri-one/ri_one_master_ws/install/ecl_math:/home/ri-one/ri_one_master_ws/install/ecl_exceptions:/home/ri-one/ri_one_master_ws/install/ecl_concepts:/home/ri-one/ri_one_master_ws/install/ecl_type_traits:/home/ri-one/ri_one_master_ws/install/ecl_errors:/home/ri-one/ri_one_master_ws/install/ecl_console:/home/ri-one/ri_one_master_ws/install/ecl_mpl:/home/ri-one/ri_one_master_ws/install/ecl_eigen:/home/ri-one/ri_one_master_ws/install/ecl_config:/home/ri-one/ri_one_master_ws/install/ecl_command_line:/home/ri-one/ros2_ws/install/libfreenect2:/home/ri-one/ros2_ws/install/kinect_ros2:/home/ri-one/ros2_ws/install/libfreenect:/home/ri-one/ros2_ws/install/kobuki_ros:/home/ri-one/ros2_ws/install/kobuki_safety_controller:/home/ri-one/ros2_ws/install/kobuki_random_walker:/home/ri-one/ros2_ws/install/kobuki_node:/home/ri-one/ros2_ws/install/kobuki_keyop:/home/ri-one/ros2_ws/install/kobuki_bumper2pc:/home/ri-one/ros2_ws/install/kobuki_auto_docking:/home/ri-one/ros2_ws/install/kobuki_ros_interfaces:/home/ri-one/ros2_ws/install/kobuki_description:/home/ri-one/ros2_ws/install/kobuki_core:/home/ri-one/ros2_ws/install/kinect2_calibration:/home/ri-one/ros2_ws/install/kinect2_bridge:/home/ri-one/ros2_ws/install/kinect2_registration:/home/ri-one/ros2_ws/install/ecl_core:/home/ri-one/ros2_ws/install/ecl_core_apps:/home/ri-one/ros2_ws/install/ecl_streams:/home/ri-one/ros2_ws/install/ecl_sigslots:/home/ri-one/ros2_ws/install/ecl_ipc:/home/ri-one/ros2_ws/install/ecl_devices:/home/ri-one/ros2_ws/install/ecl_threads:/home/ri-one/ros2_ws/install/ecl_mobile_robot:/home/ri-one/ros2_ws/install/ecl_manipulators:/home/ri-one/ros2_ws/install/ecl_geometry:/home/ri-one/ros2_ws/install/ecl_containers:/home/ri-one/ros2_ws/install/ecl_utilities:/home/ri-one/ros2_ws/install/ecl_statistics:/home/ri-one/ros2_ws/install/ecl_linear_algebra:/home/ri-one/ros2_ws/install/ecl_math:/home/ri-one/ros2_ws/install/ecl_formatters:/home/ri-one/ros2_ws/install/ecl_converters:/home/ri-one/ros2_ws/install/ecl_concepts:/home/ri-one/ros2_ws/install/ecl_type_traits:/home/ri-one/ros2_ws/install/ecl_time:/home/ri-one/ros2_ws/install/ecl_lite:/home/ri-one/ros2_ws/install/ecl_time_lite:/home/ri-one/ros2_ws/install/ecl_sigslots_lite:/home/ri-one/ros2_ws/install/ecl_mpl:/home/ri-one/ros2_ws/install/ecl_io:/home/ri-one/ros2_ws/install/ecl_filesystem:/home/ri-one/ros2_ws/install/ecl_exceptions:/home/ri-one/ros2_ws/install/ecl_errors:/home/ri-one/ros2_ws/install/ecl_eigen:/home/ri-one/ros2_ws/install/ecl_converters_lite:/home/ri-one/ros2_ws/install/ecl_console:/home/ri-one/ros2_ws/install/ecl_config:/home/ri-one/ros2_ws/install/ecl_command_line:/home/ri-one/ros2_ws/install/cmd_vel_mux:/opt/ros/humble LD_LIBRARY_PATH=/home/ri-one/ri_one_master_ws/install/ecl_mobile_robot/lib:/home/ri-one/ri_one_master_ws/install/ecl_geometry/lib:/home/ri-one/ri_one_master_ws/install/ecl_devices/lib:/home/ri-one/ri_one_master_ws/install/ecl_linear_algebra/lib:/home/ri-one/ri_one_master_ws/install/ecl_threads/lib:/home/ri-one/ri_one_master_ws/install/ecl_formatters/lib:/home/ri-one/ri_one_master_ws/install/ecl_time/lib:/home/ri-one/ri_one_master_ws/install/ecl_time_lite/lib:/home/ri-one/ri_one_master_ws/install/ecl_exceptions/lib:/home/ri-one/ri_one_master_ws/install/ecl_type_traits/lib:/home/ri-one/ri_one_master_ws/install/ecl_errors/lib:${LD_LIBRARY_PATH} PATH=/home/ri-one/ri_one_master_ws/install/ecl_type_traits/bin:/home/ri-one/ri_one_master_ws/install/ecl_config/bin:${PATH} /usr/bin/cmake /home/ri-one/ri_one_master_ws/src/turtlebot2_ros2/kobuki_core -DAMENT_CMAKE_SYMLINK_INSTALL=1 -DCMAKE_INSTALL_PREFIX=/home/ri-one/ri_one_master_ws/install/kobuki_core
[0.226s] -- The C compiler identification is GNU 11.4.0
[0.323s] -- The CXX compiler identification is GNU 11.4.0
[0.337s] -- Detecting C compiler ABI info
[0.488s] -- Detecting C compiler ABI info - done
[0.498s] -- Check for working C compiler: /usr/bin/cc - skipped
[0.498s] -- Detecting C compile features
[0.499s] -- Detecting C compile features - done
[0.504s] -- Detecting CXX compiler ABI info
[0.676s] -- Detecting CXX compiler ABI info - done
[0.691s] -- Check for working CXX compiler: /usr/bin/c++ - skipped
[0.691s] -- Detecting CXX compile features
[0.692s] -- Detecting CXX compile features - done
[0.709s] -- Found ament_cmake_ros: 0.10.0 (/opt/ros/humble/share/ament_cmake_ros/cmake)
[1.047s] -- Found Python3: /usr/bin/python3 (found version "3.10.12") found components: Interpreter 
[1.157s] -- Override CMake install command with custom implementation using symlinks instead of copying resources
[1.441s] -- Found ecl_build: 1.0.3 (/opt/ros/humble/share/ecl_build/cmake)
[1.456s] -- Found ecl_command_line: 1.2.1 (/home/ri-one/ri_one_master_ws/install/ecl_command_line/share/ecl_command_line/cmake)
[1.466s] -- Found ecl_config: 1.2.0 (/home/ri-one/ri_one_master_ws/install/ecl_config/share/ecl_config/cmake)
[1.476s] -- Found ecl_console: 1.2.0 (/home/ri-one/ri_one_master_ws/install/ecl_console/share/ecl_console/cmake)
[1.482s] -- Found ecl_converters: 1.2.1 (/home/ri-one/ri_one_master_ws/install/ecl_converters/share/ecl_converters/cmake)
[1.529s] -- Found ecl_devices: 1.2.1 (/home/ri-one/ri_one_master_ws/install/ecl_devices/share/ecl_devices/cmake)
[1.570s] -- Looking for pthread.h
[1.761s] -- Looking for pthread.h - found
[1.761s] -- Performing Test CMAKE_HAVE_LIBC_PTHREAD
[1.931s] -- Performing Test CMAKE_HAVE_LIBC_PTHREAD - Success
[1.934s] [33mCMake Warning (dev) at /usr/share/cmake-3.22/Modules/FindPackageHandleStandardArgs.cmake:438 (message):
[1.934s]   The package name passed to `find_package_handle_standard_args` (Threads)
[1.934s]   does not match the name of the calling package (ecl_threads).  This can
[1.934s]   lead to problems in calling code that expects `find_package` result
[1.934s]   variables (e.g., `_FOUND`) to follow a certain pattern.
[1.934s] Call Stack (most recent call first):
[1.935s]   /usr/share/cmake-3.22/Modules/FindThreads.cmake:238 (FIND_PACKAGE_HANDLE_STANDARD_ARGS)
[1.935s]   /opt/ros/humble/share/ecl_build/cmake/ecl_platform_detection.cmake:225 (include)
[1.935s]   /home/ri-one/ri_one_master_ws/install/ecl_threads/share/ecl_threads/cmake/ecl_threads-extras.cmake:4 (ecl_detect_threads)
[1.935s]   /home/ri-one/ri_one_master_ws/install/ecl_threads/share/ecl_threads/cmake/ecl_threadsConfig.cmake:41 (include)
[1.935s]   /home/ri-one/ri_one_master_ws/install/ecl_devices/share/ecl_devices/cmake/ament_cmake_export_dependencies-extras.cmake:21 (find_package)
[1.935s]   /home/ri-one/ri_one_master_ws/install/ecl_devices/share/ecl_devices/cmake/ecl_devicesConfig.cmake:41 (include)
[1.936s]   CMakeLists.txt:23 (find_package)
[1.936s] This warning is for project developers.  Use -Wno-dev to suppress it.
[1.936s] [0m
[1.936s] -- Found Threads: TRUE  
[1.957s] -- Found ecl_geometry: 1.2.1 (/home/ri-one/ri_one_master_ws/install/ecl_geometry/share/ecl_geometry/cmake)
[2.083s] -- Found ecl_mobile_robot: 1.2.1 (/home/ri-one/ri_one_master_ws/install/ecl_mobile_robot/share/ecl_mobile_robot/cmake)
[2.088s] -- Found ecl_sigslots: 1.2.1 (/home/ri-one/ri_one_master_ws/install/ecl_sigslots/share/ecl_sigslots/cmake)
[2.204s] -- Configuring done
[2.268s] -- Generating done
[2.282s] -- Build files have been written to: /home/ri-one/ri_one_master_ws/build/kobuki_core
[2.290s] Invoked command in '/home/ri-one/ri_one_master_ws/build/kobuki_core' returned '0': AMENT_PREFIX_PATH=/home/ri-one/ri_one_master_ws/install/ecl_mobile_robot:/home/ri-one/ri_one_master_ws/install/ecl_geometry:/home/ri-one/ri_one_master_ws/install/ecl_devices:/home/ri-one/ri_one_master_ws/install/ecl_sigslots:/home/ri-one/ri_one_master_ws/install/ecl_linear_algebra:/home/ri-one/ri_one_master_ws/install/ecl_containers:/home/ri-one/ri_one_master_ws/install/ecl_threads:/home/ri-one/ri_one_master_ws/install/ecl_formatters:/home/ri-one/ri_one_master_ws/install/ecl_utilities:/home/ri-one/ri_one_master_ws/install/ecl_time:/home/ri-one/ri_one_master_ws/install/ecl_converters:/home/ri-one/ri_one_master_ws/install/ecl_time_lite:/home/ri-one/ri_one_master_ws/install/ecl_math:/home/ri-one/ri_one_master_ws/install/ecl_exceptions:/home/ri-one/ri_one_master_ws/install/ecl_concepts:/home/ri-one/ri_one_master_ws/install/ecl_type_traits:/home/ri-one/ri_one_master_ws/install/ecl_errors:/home/ri-one/ri_one_master_ws/install/ecl_console:/home/ri-one/ri_one_master_ws/install/ecl_mpl:/home/ri-one/ri_one_master_ws/install/ecl_eigen:/home/ri-one/ri_one_master_ws/install/ecl_config:/home/ri-one/ri_one_master_ws/install/ecl_command_line:${AMENT_PREFIX_PATH} CMAKE_PREFIX_PATH=/home/ri-one/ri_one_master_ws/install/ecl_mobile_robot:/home/ri-one/ri_one_master_ws/install/ecl_geometry:/home/ri-one/ri_one_master_ws/install/ecl_devices:/home/ri-one/ri_one_master_ws/install/ecl_sigslots:/home/ri-one/ri_one_master_ws/install/ecl_linear_algebra:/home/ri-one/ri_one_master_ws/install/ecl_containers:/home/ri-one/ri_one_master_ws/install/ecl_threads:/home/ri-one/ri_one_master_ws/install/ecl_formatters:/home/ri-one/ri_one_master_ws/install/ecl_utilities:/home/ri-one/ri_one_master_ws/install/ecl_time:/home/ri-one/ri_one_master_ws/install/ecl_converters:/home/ri-one/ri_one_master_ws/install/ecl_time_lite:/home/ri-one/ri_one_master_ws/install/ecl_math:/home/ri-one/ri_one_master_ws/install/ecl_exceptions:/home/ri-one/ri_one_master_ws/install/ecl_concepts:/home/ri-one/ri_one_master_ws/install/ecl_type_traits:/home/ri-one/ri_one_master_ws/install/ecl_errors:/home/ri-one/ri_one_master_ws/install/ecl_console:/home/ri-one/ri_one_master_ws/install/ecl_mpl:/home/ri-one/ri_one_master_ws/install/ecl_eigen:/home/ri-one/ri_one_master_ws/install/ecl_config:/home/ri-one/ri_one_master_ws/install/ecl_command_line:/home/ri-one/ros2_ws/install/libfreenect2:/home/ri-one/ros2_ws/install/kinect_ros2:/home/ri-one/ros2_ws/install/libfreenect:/home/ri-one/ros2_ws/install/kobuki_ros:/home/ri-one/ros2_ws/install/kobuki_safety_controller:/home/ri-one/ros2_ws/install/kobuki_random_walker:/home/ri-one/ros2_ws/install/kobuki_node:/home/ri-one/ros2_ws/install/kobuki_keyop:/home/ri-one/ros2_ws/install/kobuki_bumper2pc:/home/ri-one/ros2_ws/install/kobuki_auto_docking:/home/ri-one/ros2_ws/install/kobuki_ros_interfaces:/home/ri-one/ros2_ws/install/kobuki_description:/home/ri-one/ros2_ws/install/kobuki_core:/home/ri-one/ros2_ws/install/kinect2_calibration:/home/ri-one/ros2_ws/install/kinect2_bridge:/home/ri-one/ros2_ws/install/kinect2_registration:/home/ri-one/ros2_ws/install/ecl_core:/home/ri-one/ros2_ws/install/ecl_core_apps:/home/ri-one/ros2_ws/install/ecl_streams:/home/ri-one/ros2_ws/install/ecl_sigslots:/home/ri-one/ros2_ws/install/ecl_ipc:/home/ri-one/ros2_ws/install/ecl_devices:/home/ri-one/ros2_ws/install/ecl_threads:/home/ri-one/ros2_ws/install/ecl_mobile_robot:/home/ri-one/ros2_ws/install/ecl_manipulators:/home/ri-one/ros2_ws/install/ecl_geometry:/home/ri-one/ros2_ws/install/ecl_containers:/home/ri-one/ros2_ws/install/ecl_utilities:/home/ri-one/ros2_ws/install/ecl_statistics:/home/ri-one/ros2_ws/install/ecl_linear_algebra:/home/ri-one/ros2_ws/install/ecl_math:/home/ri-one/ros2_ws/install/ecl_formatters:/home/ri-one/ros2_ws/install/ecl_converters:/home/ri-one/ros2_ws/install/ecl_concepts:/home/ri-one/ros2_ws/install/ecl_type_traits:/home/ri-one/ros2_ws/install/ecl_time:/home/ri-one/ros2_ws/install/ecl_lite:/home/ri-one/ros2_ws/install/ecl_time_lite:/home/ri-one/ros2_ws/install/ecl_sigslots_lite:/home/ri-one/ros2_ws/install/ecl_mpl:/home/ri-one/ros2_ws/install/ecl_io:/home/ri-one/ros2_ws/install/ecl_filesystem:/home/ri-one/ros2_ws/install/ecl_exceptions:/home/ri-one/ros2_ws/install/ecl_errors:/home/ri-one/ros2_ws/install/ecl_eigen:/home/ri-one/ros2_ws/install/ecl_converters_lite:/home/ri-one/ros2_ws/install/ecl_console:/home/ri-one/ros2_ws/install/ecl_config:/home/ri-one/ros2_ws/install/ecl_command_line:/home/ri-one/ros2_ws/install/cmd_vel_mux:/opt/ros/humble LD_LIBRARY_PATH=/home/ri-one/ri_one_master_ws/install/ecl_mobile_robot/lib:/home/ri-one/ri_one_master_ws/install/ecl_geometry/lib:/home/ri-one/ri_one_master_ws/install/ecl_devices/lib:/home/ri-one/ri_one_master_ws/install/ecl_linear_algebra/lib:/home/ri-one/ri_one_master_ws/install/ecl_threads/lib:/home/ri-one/ri_one_master_ws/install/ecl_formatters/lib:/home/ri-one/ri_one_master_ws/install/ecl_time/lib:/home/ri-one/ri_one_master_ws/install/ecl_time_lite/lib:/home/ri-one/ri_one_master_ws/install/ecl_exceptions/lib:/home/ri-one/ri_one_master_ws/install/ecl_type_traits/lib:/home/ri-one/ri_one_master_ws/install/ecl_errors/lib:${LD_LIBRARY_PATH} PATH=/home/ri-one/ri_one_master_ws/install/ecl_type_traits/bin:/home/ri-one/ri_one_master_ws/install/ecl_config/bin:${PATH} /usr/bin/cmake /home/ri-one/ri_one_master_ws/src/turtlebot2_ros2/kobuki_core -DAMENT_CMAKE_SYMLINK_INSTALL=1 -DCMAKE_INSTALL_PREFIX=/home/ri-one/ri_one_master_ws/install/kobuki_core
[2.293s] Invoking command in '/home/ri-one/ri_one_master_ws/build/kobuki_core': AMENT_PREFIX_PATH=/home/ri-one/ri_one_master_ws/install/ecl_mobile_robot:/home/ri-one/ri_one_master_ws/install/ecl_geometry:/home/ri-one/ri_one_master_ws/install/ecl_devices:/home/ri-one/ri_one_master_ws/install/ecl_sigslots:/home/ri-one/ri_one_master_ws/install/ecl_linear_algebra:/home/ri-one/ri_one_master_ws/install/ecl_containers:/home/ri-one/ri_one_master_ws/install/ecl_threads:/home/ri-one/ri_one_master_ws/install/ecl_formatters:/home/ri-one/ri_one_master_ws/install/ecl_utilities:/home/ri-one/ri_one_master_ws/install/ecl_time:/home/ri-one/ri_one_master_ws/install/ecl_converters:/home/ri-one/ri_one_master_ws/install/ecl_time_lite:/home/ri-one/ri_one_master_ws/install/ecl_math:/home/ri-one/ri_one_master_ws/install/ecl_exceptions:/home/ri-one/ri_one_master_ws/install/ecl_concepts:/home/ri-one/ri_one_master_ws/install/ecl_type_traits:/home/ri-one/ri_one_master_ws/install/ecl_errors:/home/ri-one/ri_one_master_ws/install/ecl_console:/home/ri-one/ri_one_master_ws/install/ecl_mpl:/home/ri-one/ri_one_master_ws/install/ecl_eigen:/home/ri-one/ri_one_master_ws/install/ecl_config:/home/ri-one/ri_one_master_ws/install/ecl_command_line:${AMENT_PREFIX_PATH} CMAKE_PREFIX_PATH=/home/ri-one/ri_one_master_ws/install/ecl_mobile_robot:/home/ri-one/ri_one_master_ws/install/ecl_geometry:/home/ri-one/ri_one_master_ws/install/ecl_devices:/home/ri-one/ri_one_master_ws/install/ecl_sigslots:/home/ri-one/ri_one_master_ws/install/ecl_linear_algebra:/home/ri-one/ri_one_master_ws/install/ecl_containers:/home/ri-one/ri_one_master_ws/install/ecl_threads:/home/ri-one/ri_one_master_ws/install/ecl_formatters:/home/ri-one/ri_one_master_ws/install/ecl_utilities:/home/ri-one/ri_one_master_ws/install/ecl_time:/home/ri-one/ri_one_master_ws/install/ecl_converters:/home/ri-one/ri_one_master_ws/install/ecl_time_lite:/home/ri-one/ri_one_master_ws/install/ecl_math:/home/ri-one/ri_one_master_ws/install/ecl_exceptions:/home/ri-one/ri_one_master_ws/install/ecl_concepts:/home/ri-one/ri_one_master_ws/install/ecl_type_traits:/home/ri-one/ri_one_master_ws/install/ecl_errors:/home/ri-one/ri_one_master_ws/install/ecl_console:/home/ri-one/ri_one_master_ws/install/ecl_mpl:/home/ri-one/ri_one_master_ws/install/ecl_eigen:/home/ri-one/ri_one_master_ws/install/ecl_config:/home/ri-one/ri_one_master_ws/install/ecl_command_line:/home/ri-one/ros2_ws/install/libfreenect2:/home/ri-one/ros2_ws/install/kinect_ros2:/home/ri-one/ros2_ws/install/libfreenect:/home/ri-one/ros2_ws/install/kobuki_ros:/home/ri-one/ros2_ws/install/kobuki_safety_controller:/home/ri-one/ros2_ws/install/kobuki_random_walker:/home/ri-one/ros2_ws/install/kobuki_node:/home/ri-one/ros2_ws/install/kobuki_keyop:/home/ri-one/ros2_ws/install/kobuki_bumper2pc:/home/ri-one/ros2_ws/install/kobuki_auto_docking:/home/ri-one/ros2_ws/install/kobuki_ros_interfaces:/home/ri-one/ros2_ws/install/kobuki_description:/home/ri-one/ros2_ws/install/kobuki_core:/home/ri-one/ros2_ws/install/kinect2_calibration:/home/ri-one/ros2_ws/install/kinect2_bridge:/home/ri-one/ros2_ws/install/kinect2_registration:/home/ri-one/ros2_ws/install/ecl_core:/home/ri-one/ros2_ws/install/ecl_core_apps:/home/ri-one/ros2_ws/install/ecl_streams:/home/ri-one/ros2_ws/install/ecl_sigslots:/home/ri-one/ros2_ws/install/ecl_ipc:/home/ri-one/ros2_ws/install/ecl_devices:/home/ri-one/ros2_ws/install/ecl_threads:/home/ri-one/ros2_ws/install/ecl_mobile_robot:/home/ri-one/ros2_ws/install/ecl_manipulators:/home/ri-one/ros2_ws/install/ecl_geometry:/home/ri-one/ros2_ws/install/ecl_containers:/home/ri-one/ros2_ws/install/ecl_utilities:/home/ri-one/ros2_ws/install/ecl_statistics:/home/ri-one/ros2_ws/install/ecl_linear_algebra:/home/ri-one/ros2_ws/install/ecl_math:/home/ri-one/ros2_ws/install/ecl_formatters:/home/ri-one/ros2_ws/install/ecl_converters:/home/ri-one/ros2_ws/install/ecl_concepts:/home/ri-one/ros2_ws/install/ecl_type_traits:/home/ri-one/ros2_ws/install/ecl_time:/home/ri-one/ros2_ws/install/ecl_lite:/home/ri-one/ros2_ws/install/ecl_time_lite:/home/ri-one/ros2_ws/install/ecl_sigslots_lite:/home/ri-one/ros2_ws/install/ecl_mpl:/home/ri-one/ros2_ws/install/ecl_io:/home/ri-one/ros2_ws/install/ecl_filesystem:/home/ri-one/ros2_ws/install/ecl_exceptions:/home/ri-one/ros2_ws/install/ecl_errors:/home/ri-one/ros2_ws/install/ecl_eigen:/home/ri-one/ros2_ws/install/ecl_converters_lite:/home/ri-one/ros2_ws/install/ecl_console:/home/ri-one/ros2_ws/install/ecl_config:/home/ri-one/ros2_ws/install/ecl_command_line:/home/ri-one/ros2_ws/install/cmd_vel_mux:/opt/ros/humble LD_LIBRARY_PATH=/home/ri-one/ri_one_master_ws/install/ecl_mobile_robot/lib:/home/ri-one/ri_one_master_ws/install/ecl_geometry/lib:/home/ri-one/ri_one_master_ws/install/ecl_devices/lib:/home/ri-one/ri_one_master_ws/install/ecl_linear_algebra/lib:/home/ri-one/ri_one_master_ws/install/ecl_threads/lib:/home/ri-one/ri_one_master_ws/install/ecl_formatters/lib:/home/ri-one/ri_one_master_ws/install/ecl_time/lib:/home/ri-one/ri_one_master_ws/install/ecl_time_lite/lib:/home/ri-one/ri_one_master_ws/install/ecl_exceptions/lib:/home/ri-one/ri_one_master_ws/install/ecl_type_traits/lib:/home/ri-one/ri_one_master_ws/install/ecl_errors/lib:${LD_LIBRARY_PATH} PATH=/home/ri-one/ri_one_master_ws/install/ecl_type_traits/bin:/home/ri-one/ri_one_master_ws/install/ecl_config/bin:${PATH} /usr/bin/cmake --build /home/ri-one/ri_one_master_ws/build/kobuki_core -- -j4 -l4
[2.406s] [  2%] [32mBuilding CXX object src/driver/CMakeFiles/kobuki_core.dir/battery.cpp.o[0m
[2.926s] [  5%] [32mBuilding CXX object src/driver/CMakeFiles/kobuki_core.dir/diff_drive.cpp.o[0m
[5.433s] [  8%] [32mBuilding CXX object src/driver/CMakeFiles/kobuki_core.dir/dock_drive.cpp.o[0m
[7.996s] [ 11%] [32mBuilding CXX object src/driver/CMakeFiles/kobuki_core.dir/dock_drive_debug.cpp.o[0m
[10.362s] [ 14%] [32mBuilding CXX object src/driver/CMakeFiles/kobuki_core.dir/dock_drive_states.cpp.o[0m
[13.348s] [ 17%] [32mBuilding CXX object src/driver/CMakeFiles/kobuki_core.dir/event_manager.cpp.o[0m
[15.419s] [ 20%] [32mBuilding CXX object src/driver/CMakeFiles/kobuki_core.dir/firmware.cpp.o[0m
[16.683s] [ 23%] [32mBuilding CXX object src/driver/CMakeFiles/kobuki_core.dir/core_sensors.cpp.o[0m
[17.359s] [ 26%] [32mBuilding CXX object src/driver/CMakeFiles/kobuki_core.dir/kobuki.cpp.o[0m
[17.767s] [ 29%] [32mBuilding CXX object src/driver/CMakeFiles/kobuki_core.dir/logging.cpp.o[0m
[25.226s] [ 32%] [32mBuilding CXX object src/driver/CMakeFiles/kobuki_core.dir/__/__/version_info.cpp.o[0m
[25.703s] [ 35%] [32mBuilding CXX object src/driver/CMakeFiles/kobuki_core.dir/packet_finder.cpp.o[0m
[27.064s] [ 38%] [32mBuilding CXX object src/driver/CMakeFiles/kobuki_core.dir/command.cpp.o[0m
[30.284s] [ 41%] [32m[1mLinking CXX shared library libkobuki_core.so[0m
[30.951s] [ 41%] Built target kobuki_core
[31.023s] [ 44%] [32mBuilding CXX object src/demos/CMakeFiles/kobuki_core_demo_chirp.dir/chirp.cpp.o[0m
[31.028s] [ 47%] [32mBuilding CXX object src/demos/CMakeFiles/kobuki_core_demo_buttons.dir/buttons.cpp.o[0m
[32.137s] [ 50%] [32mBuilding CXX object src/demos/CMakeFiles/kobuki_core_demo_data_stream.dir/data_stream.cpp.o[0m
[33.218s] [ 52%] [32mBuilding CXX object src/demos/CMakeFiles/kobuki_core_demo_custom_logging.dir/custom_logging.cpp.o[0m
[39.650s] [ 55%] [32m[1mLinking CXX executable demo_chirp[0m
[40.167s] [ 55%] Built target kobuki_core_demo_chirp
[40.170s] [ 58%] [32m[1mLinking CXX executable demo_buttons[0m
[40.680s] [ 58%] Built target kobuki_core_demo_buttons
[41.464s] [ 61%] [32m[1mLinking CXX executable demo_data_stream[0m
[41.803s] [ 61%] Built target kobuki_core_demo_data_stream
[41.860s] [ 64%] [32m[1mLinking CXX executable demo_custom_logging[0m
[42.108s] [ 64%] Built target kobuki_core_demo_custom_logging
[42.159s] [ 67%] [32mBuilding CXX object src/demos/CMakeFiles/kobuki_core_demo_simple_loop.dir/simple_loop.cpp.o[0m
[44.185s] [ 70%] [32mBuilding CXX object src/demos/CMakeFiles/kobuki_core_demo_velocity_commands.dir/velocity_commands.cpp.o[0m
[44.578s] [ 73%] [32m[1mLinking CXX executable demo_velocity_commands[0m
[44.742s] [ 73%] Built target kobuki_core_demo_velocity_commands
[45.794s] [ 76%] [32mBuilding CXX object src/tools/CMakeFiles/kobuki_core_tool_version_info.dir/version_info.cpp.o[0m
[46.371s] [ 79%] [32m[1mLinking CXX executable demo_simple_loop[0m
[46.638s] [ 79%] Built target kobuki_core_demo_simple_loop
[49.930s] [ 82%] [32m[1mLinking CXX executable kobuki-version-info[0m
[50.155s] [ 82%] Built target kobuki_core_tool_version_info
[50.213s] [ 85%] [32mBuilding CXX object src/demos/CMakeFiles/kobuki_core_demo_raw_data_stream.dir/raw_data_stream.cpp.o[0m
[50.220s] [ 88%] [32mBuilding CXX object src/demos/CMakeFiles/kobuki_core_demo_log_levels.dir/log_levels.cpp.o[0m
[50.220s] [ 91%] [32mBuilding CXX object src/tools/CMakeFiles/kobuki_core_tool_simple_keyop.dir/simple_keyop.cpp.o[0m
[54.983s] [ 94%] [32m[1mLinking CXX executable kobuki-simple-keyop[0m
[55.280s] [ 94%] Built target kobuki_core_tool_simple_keyop
[55.901s] [ 97%] [32m[1mLinking CXX executable demo_raw_data_stream[0m
[55.903s] [100%] [32m[1mLinking CXX executable demo_log_levels[0m
[56.185s] [100%] Built target kobuki_core_demo_log_levels
[56.202s] [100%] Built target kobuki_core_demo_raw_data_stream
[56.226s] Invoked command in '/home/ri-one/ri_one_master_ws/build/kobuki_core' returned '0': AMENT_PREFIX_PATH=/home/ri-one/ri_one_master_ws/install/ecl_mobile_robot:/home/ri-one/ri_one_master_ws/install/ecl_geometry:/home/ri-one/ri_one_master_ws/install/ecl_devices:/home/ri-one/ri_one_master_ws/install/ecl_sigslots:/home/ri-one/ri_one_master_ws/install/ecl_linear_algebra:/home/ri-one/ri_one_master_ws/install/ecl_containers:/home/ri-one/ri_one_master_ws/install/ecl_threads:/home/ri-one/ri_one_master_ws/install/ecl_formatters:/home/ri-one/ri_one_master_ws/install/ecl_utilities:/home/ri-one/ri_one_master_ws/install/ecl_time:/home/ri-one/ri_one_master_ws/install/ecl_converters:/home/ri-one/ri_one_master_ws/install/ecl_time_lite:/home/ri-one/ri_one_master_ws/install/ecl_math:/home/ri-one/ri_one_master_ws/install/ecl_exceptions:/home/ri-one/ri_one_master_ws/install/ecl_concepts:/home/ri-one/ri_one_master_ws/install/ecl_type_traits:/home/ri-one/ri_one_master_ws/install/ecl_errors:/home/ri-one/ri_one_master_ws/install/ecl_console:/home/ri-one/ri_one_master_ws/install/ecl_mpl:/home/ri-one/ri_one_master_ws/install/ecl_eigen:/home/ri-one/ri_one_master_ws/install/ecl_config:/home/ri-one/ri_one_master_ws/install/ecl_command_line:${AMENT_PREFIX_PATH} CMAKE_PREFIX_PATH=/home/ri-one/ri_one_master_ws/install/ecl_mobile_robot:/home/ri-one/ri_one_master_ws/install/ecl_geometry:/home/ri-one/ri_one_master_ws/install/ecl_devices:/home/ri-one/ri_one_master_ws/install/ecl_sigslots:/home/ri-one/ri_one_master_ws/install/ecl_linear_algebra:/home/ri-one/ri_one_master_ws/install/ecl_containers:/home/ri-one/ri_one_master_ws/install/ecl_threads:/home/ri-one/ri_one_master_ws/install/ecl_formatters:/home/ri-one/ri_one_master_ws/install/ecl_utilities:/home/ri-one/ri_one_master_ws/install/ecl_time:/home/ri-one/ri_one_master_ws/install/ecl_converters:/home/ri-one/ri_one_master_ws/install/ecl_time_lite:/home/ri-one/ri_one_master_ws/install/ecl_math:/home/ri-one/ri_one_master_ws/install/ecl_exceptions:/home/ri-one/ri_one_master_ws/install/ecl_concepts:/home/ri-one/ri_one_master_ws/install/ecl_type_traits:/home/ri-one/ri_one_master_ws/install/ecl_errors:/home/ri-one/ri_one_master_ws/install/ecl_console:/home/ri-one/ri_one_master_ws/install/ecl_mpl:/home/ri-one/ri_one_master_ws/install/ecl_eigen:/home/ri-one/ri_one_master_ws/install/ecl_config:/home/ri-one/ri_one_master_ws/install/ecl_command_line:/home/ri-one/ros2_ws/install/libfreenect2:/home/ri-one/ros2_ws/install/kinect_ros2:/home/ri-one/ros2_ws/install/libfreenect:/home/ri-one/ros2_ws/install/kobuki_ros:/home/ri-one/ros2_ws/install/kobuki_safety_controller:/home/ri-one/ros2_ws/install/kobuki_random_walker:/home/ri-one/ros2_ws/install/kobuki_node:/home/ri-one/ros2_ws/install/kobuki_keyop:/home/ri-one/ros2_ws/install/kobuki_bumper2pc:/home/ri-one/ros2_ws/install/kobuki_auto_docking:/home/ri-one/ros2_ws/install/kobuki_ros_interfaces:/home/ri-one/ros2_ws/install/kobuki_description:/home/ri-one/ros2_ws/install/kobuki_core:/home/ri-one/ros2_ws/install/kinect2_calibration:/home/ri-one/ros2_ws/install/kinect2_bridge:/home/ri-one/ros2_ws/install/kinect2_registration:/home/ri-one/ros2_ws/install/ecl_core:/home/ri-one/ros2_ws/install/ecl_core_apps:/home/ri-one/ros2_ws/install/ecl_streams:/home/ri-one/ros2_ws/install/ecl_sigslots:/home/ri-one/ros2_ws/install/ecl_ipc:/home/ri-one/ros2_ws/install/ecl_devices:/home/ri-one/ros2_ws/install/ecl_threads:/home/ri-one/ros2_ws/install/ecl_mobile_robot:/home/ri-one/ros2_ws/install/ecl_manipulators:/home/ri-one/ros2_ws/install/ecl_geometry:/home/ri-one/ros2_ws/install/ecl_containers:/home/ri-one/ros2_ws/install/ecl_utilities:/home/ri-one/ros2_ws/install/ecl_statistics:/home/ri-one/ros2_ws/install/ecl_linear_algebra:/home/ri-one/ros2_ws/install/ecl_math:/home/ri-one/ros2_ws/install/ecl_formatters:/home/ri-one/ros2_ws/install/ecl_converters:/home/ri-one/ros2_ws/install/ecl_concepts:/home/ri-one/ros2_ws/install/ecl_type_traits:/home/ri-one/ros2_ws/install/ecl_time:/home/ri-one/ros2_ws/install/ecl_lite:/home/ri-one/ros2_ws/install/ecl_time_lite:/home/ri-one/ros2_ws/install/ecl_sigslots_lite:/home/ri-one/ros2_ws/install/ecl_mpl:/home/ri-one/ros2_ws/install/ecl_io:/home/ri-one/ros2_ws/install/ecl_filesystem:/home/ri-one/ros2_ws/install/ecl_exceptions:/home/ri-one/ros2_ws/install/ecl_errors:/home/ri-one/ros2_ws/install/ecl_eigen:/home/ri-one/ros2_ws/install/ecl_converters_lite:/home/ri-one/ros2_ws/install/ecl_console:/home/ri-one/ros2_ws/install/ecl_config:/home/ri-one/ros2_ws/install/ecl_command_line:/home/ri-one/ros2_ws/install/cmd_vel_mux:/opt/ros/humble LD_LIBRARY_PATH=/home/ri-one/ri_one_master_ws/install/ecl_mobile_robot/lib:/home/ri-one/ri_one_master_ws/install/ecl_geometry/lib:/home/ri-one/ri_one_master_ws/install/ecl_devices/lib:/home/ri-one/ri_one_master_ws/install/ecl_linear_algebra/lib:/home/ri-one/ri_one_master_ws/install/ecl_threads/lib:/home/ri-one/ri_one_master_ws/install/ecl_formatters/lib:/home/ri-one/ri_one_master_ws/install/ecl_time/lib:/home/ri-one/ri_one_master_ws/install/ecl_time_lite/lib:/home/ri-one/ri_one_master_ws/install/ecl_exceptions/lib:/home/ri-one/ri_one_master_ws/install/ecl_type_traits/lib:/home/ri-one/ri_one_master_ws/install/ecl_errors/lib:${LD_LIBRARY_PATH} PATH=/home/ri-one/ri_one_master_ws/install/ecl_type_traits/bin:/home/ri-one/ri_one_master_ws/install/ecl_config/bin:${PATH} /usr/bin/cmake --build /home/ri-one/ri_one_master_ws/build/kobuki_core -- -j4 -l4
[56.229s] Invoking command in '/home/ri-one/ri_one_master_ws/build/kobuki_core': AMENT_PREFIX_PATH=/home/ri-one/ri_one_master_ws/install/ecl_mobile_robot:/home/ri-one/ri_one_master_ws/install/ecl_geometry:/home/ri-one/ri_one_master_ws/install/ecl_devices:/home/ri-one/ri_one_master_ws/install/ecl_sigslots:/home/ri-one/ri_one_master_ws/install/ecl_linear_algebra:/home/ri-one/ri_one_master_ws/install/ecl_containers:/home/ri-one/ri_one_master_ws/install/ecl_threads:/home/ri-one/ri_one_master_ws/install/ecl_formatters:/home/ri-one/ri_one_master_ws/install/ecl_utilities:/home/ri-one/ri_one_master_ws/install/ecl_time:/home/ri-one/ri_one_master_ws/install/ecl_converters:/home/ri-one/ri_one_master_ws/install/ecl_time_lite:/home/ri-one/ri_one_master_ws/install/ecl_math:/home/ri-one/ri_one_master_ws/install/ecl_exceptions:/home/ri-one/ri_one_master_ws/install/ecl_concepts:/home/ri-one/ri_one_master_ws/install/ecl_type_traits:/home/ri-one/ri_one_master_ws/install/ecl_errors:/home/ri-one/ri_one_master_ws/install/ecl_console:/home/ri-one/ri_one_master_ws/install/ecl_mpl:/home/ri-one/ri_one_master_ws/install/ecl_eigen:/home/ri-one/ri_one_master_ws/install/ecl_config:/home/ri-one/ri_one_master_ws/install/ecl_command_line:${AMENT_PREFIX_PATH} CMAKE_PREFIX_PATH=/home/ri-one/ri_one_master_ws/install/ecl_mobile_robot:/home/ri-one/ri_one_master_ws/install/ecl_geometry:/home/ri-one/ri_one_master_ws/install/ecl_devices:/home/ri-one/ri_one_master_ws/install/ecl_sigslots:/home/ri-one/ri_one_master_ws/install/ecl_linear_algebra:/home/ri-one/ri_one_master_ws/install/ecl_containers:/home/ri-one/ri_one_master_ws/install/ecl_threads:/home/ri-one/ri_one_master_ws/install/ecl_formatters:/home/ri-one/ri_one_master_ws/install/ecl_utilities:/home/ri-one/ri_one_master_ws/install/ecl_time:/home/ri-one/ri_one_master_ws/install/ecl_converters:/home/ri-one/ri_one_master_ws/install/ecl_time_lite:/home/ri-one/ri_one_master_ws/install/ecl_math:/home/ri-one/ri_one_master_ws/install/ecl_exceptions:/home/ri-one/ri_one_master_ws/install/ecl_concepts:/home/ri-one/ri_one_master_ws/install/ecl_type_traits:/home/ri-one/ri_one_master_ws/install/ecl_errors:/home/ri-one/ri_one_master_ws/install/ecl_console:/home/ri-one/ri_one_master_ws/install/ecl_mpl:/home/ri-one/ri_one_master_ws/install/ecl_eigen:/home/ri-one/ri_one_master_ws/install/ecl_config:/home/ri-one/ri_one_master_ws/install/ecl_command_line:/home/ri-one/ros2_ws/install/libfreenect2:/home/ri-one/ros2_ws/install/kinect_ros2:/home/ri-one/ros2_ws/install/libfreenect:/home/ri-one/ros2_ws/install/kobuki_ros:/home/ri-one/ros2_ws/install/kobuki_safety_controller:/home/ri-one/ros2_ws/install/kobuki_random_walker:/home/ri-one/ros2_ws/install/kobuki_node:/home/ri-one/ros2_ws/install/kobuki_keyop:/home/ri-one/ros2_ws/install/kobuki_bumper2pc:/home/ri-one/ros2_ws/install/kobuki_auto_docking:/home/ri-one/ros2_ws/install/kobuki_ros_interfaces:/home/ri-one/ros2_ws/install/kobuki_description:/home/ri-one/ros2_ws/install/kobuki_core:/home/ri-one/ros2_ws/install/kinect2_calibration:/home/ri-one/ros2_ws/install/kinect2_bridge:/home/ri-one/ros2_ws/install/kinect2_registration:/home/ri-one/ros2_ws/install/ecl_core:/home/ri-one/ros2_ws/install/ecl_core_apps:/home/ri-one/ros2_ws/install/ecl_streams:/home/ri-one/ros2_ws/install/ecl_sigslots:/home/ri-one/ros2_ws/install/ecl_ipc:/home/ri-one/ros2_ws/install/ecl_devices:/home/ri-one/ros2_ws/install/ecl_threads:/home/ri-one/ros2_ws/install/ecl_mobile_robot:/home/ri-one/ros2_ws/install/ecl_manipulators:/home/ri-one/ros2_ws/install/ecl_geometry:/home/ri-one/ros2_ws/install/ecl_containers:/home/ri-one/ros2_ws/install/ecl_utilities:/home/ri-one/ros2_ws/install/ecl_statistics:/home/ri-one/ros2_ws/install/ecl_linear_algebra:/home/ri-one/ros2_ws/install/ecl_math:/home/ri-one/ros2_ws/install/ecl_formatters:/home/ri-one/ros2_ws/install/ecl_converters:/home/ri-one/ros2_ws/install/ecl_concepts:/home/ri-one/ros2_ws/install/ecl_type_traits:/home/ri-one/ros2_ws/install/ecl_time:/home/ri-one/ros2_ws/install/ecl_lite:/home/ri-one/ros2_ws/install/ecl_time_lite:/home/ri-one/ros2_ws/install/ecl_sigslots_lite:/home/ri-one/ros2_ws/install/ecl_mpl:/home/ri-one/ros2_ws/install/ecl_io:/home/ri-one/ros2_ws/install/ecl_filesystem:/home/ri-one/ros2_ws/install/ecl_exceptions:/home/ri-one/ros2_ws/install/ecl_errors:/home/ri-one/ros2_ws/install/ecl_eigen:/home/ri-one/ros2_ws/install/ecl_converters_lite:/home/ri-one/ros2_ws/install/ecl_console:/home/ri-one/ros2_ws/install/ecl_config:/home/ri-one/ros2_ws/install/ecl_command_line:/home/ri-one/ros2_ws/install/cmd_vel_mux:/opt/ros/humble LD_LIBRARY_PATH=/home/ri-one/ri_one_master_ws/install/ecl_mobile_robot/lib:/home/ri-one/ri_one_master_ws/install/ecl_geometry/lib:/home/ri-one/ri_one_master_ws/install/ecl_devices/lib:/home/ri-one/ri_one_master_ws/install/ecl_linear_algebra/lib:/home/ri-one/ri_one_master_ws/install/ecl_threads/lib:/home/ri-one/ri_one_master_ws/install/ecl_formatters/lib:/home/ri-one/ri_one_master_ws/install/ecl_time/lib:/home/ri-one/ri_one_master_ws/install/ecl_time_lite/lib:/home/ri-one/ri_one_master_ws/install/ecl_exceptions/lib:/home/ri-one/ri_one_master_ws/install/ecl_type_traits/lib:/home/ri-one/ri_one_master_ws/install/ecl_errors/lib:${LD_LIBRARY_PATH} PATH=/home/ri-one/ri_one_master_ws/install/ecl_type_traits/bin:/home/ri-one/ri_one_master_ws/install/ecl_config/bin:${PATH} /usr/bin/cmake --install /home/ri-one/ri_one_master_ws/build/kobuki_core
[56.246s] -- Install configuration: ""
[56.246s] -- Execute custom install script
[56.247s] -- Symlinking: /home/ri-one/ri_one_master_ws/install/kobuki_core/include/kobuki_core/command.hpp
[56.266s] -- Symlinking: /home/ri-one/ri_one_master_ws/install/kobuki_core/include/kobuki_core/dock_drive.hpp
[56.285s] -- Symlinking: /home/ri-one/ri_one_master_ws/install/kobuki_core/include/kobuki_core/event_manager.hpp
[56.303s] -- Symlinking: /home/ri-one/ri_one_master_ws/install/kobuki_core/include/kobuki_core/kobuki.hpp
[56.321s] -- Symlinking: /home/ri-one/ri_one_master_ws/install/kobuki_core/include/kobuki_core/logging.hpp
[56.339s] -- Symlinking: /home/ri-one/ri_one_master_ws/install/kobuki_core/include/kobuki_core/macros.hpp
[56.358s] -- Symlinking: /home/ri-one/ri_one_master_ws/install/kobuki_core/include/kobuki_core/modules.hpp
[56.377s] -- Symlinking: /home/ri-one/ri_one_master_ws/install/kobuki_core/include/kobuki_core/modules/acceleration_limiter.hpp
[56.396s] -- Symlinking: /home/ri-one/ri_one_master_ws/install/kobuki_core/include/kobuki_core/modules/battery.hpp
[56.416s] -- Symlinking: /home/ri-one/ri_one_master_ws/install/kobuki_core/include/kobuki_core/modules/diff_drive.hpp
[56.435s] -- Symlinking: /home/ri-one/ri_one_master_ws/install/kobuki_core/include/kobuki_core/modules/digital_output.hpp
[56.455s] -- Symlinking: /home/ri-one/ri_one_master_ws/install/kobuki_core/include/kobuki_core/modules/led_array.hpp
[56.474s] -- Symlinking: /home/ri-one/ri_one_master_ws/install/kobuki_core/include/kobuki_core/modules/sound.hpp
[56.493s] -- Symlinking: /home/ri-one/ri_one_master_ws/install/kobuki_core/include/kobuki_core/packet_handler/packet_finder.hpp
[56.512s] -- Symlinking: /home/ri-one/ri_one_master_ws/install/kobuki_core/include/kobuki_core/packet_handler/payload_base.hpp
[56.532s] -- Symlinking: /home/ri-one/ri_one_master_ws/install/kobuki_core/include/kobuki_core/packet_handler/payload_headers.hpp
[56.551s] -- Symlinking: /home/ri-one/ri_one_master_ws/install/kobuki_core/include/kobuki_core/packets.hpp
[56.570s] -- Symlinking: /home/ri-one/ri_one_master_ws/install/kobuki_core/include/kobuki_core/packets/cliff.hpp
[56.589s] -- Symlinking: /home/ri-one/ri_one_master_ws/install/kobuki_core/include/kobuki_core/packets/controller_info.hpp
[56.608s] -- Symlinking: /home/ri-one/ri_one_master_ws/install/kobuki_core/include/kobuki_core/packets/core_sensors.hpp
[56.628s] -- Symlinking: /home/ri-one/ri_one_master_ws/install/kobuki_core/include/kobuki_core/packets/current.hpp
[56.648s] -- Symlinking: /home/ri-one/ri_one_master_ws/install/kobuki_core/include/kobuki_core/packets/dock_ir.hpp
[56.667s] -- Symlinking: /home/ri-one/ri_one_master_ws/install/kobuki_core/include/kobuki_core/packets/eeprom.hpp
[56.686s] -- Symlinking: /home/ri-one/ri_one_master_ws/install/kobuki_core/include/kobuki_core/packets/firmware.hpp
[56.705s] -- Symlinking: /home/ri-one/ri_one_master_ws/install/kobuki_core/include/kobuki_core/packets/gp_input.hpp
[56.724s] -- Symlinking: /home/ri-one/ri_one_master_ws/install/kobuki_core/include/kobuki_core/packets/hardware.hpp
[56.743s] -- Symlinking: /home/ri-one/ri_one_master_ws/install/kobuki_core/include/kobuki_core/packets/inertia.hpp
[56.763s] -- Symlinking: /home/ri-one/ri_one_master_ws/install/kobuki_core/include/kobuki_core/packets/three_axis_gyro.hpp
[56.787s] -- Symlinking: /home/ri-one/ri_one_master_ws/install/kobuki_core/include/kobuki_core/packets/unique_device_id.hpp
[56.806s] -- Symlinking: /home/ri-one/ri_one_master_ws/install/kobuki_core/include/kobuki_core/parameters.hpp
[56.826s] -- Symlinking: /home/ri-one/ri_one_master_ws/install/kobuki_core/include/kobuki_core/version_info.hpp
[56.847s] -- Symlinking: /home/ri-one/ri_one_master_ws/install/kobuki_core/lib/kobuki_core/demo_buttons
[56.868s] -- Symlinking: /home/ri-one/ri_one_master_ws/install/kobuki_core/lib/kobuki_core/demo_chirp
[56.889s] -- Symlinking: /home/ri-one/ri_one_master_ws/install/kobuki_core/lib/kobuki_core/demo_custom_logging
[56.910s] -- Symlinking: /home/ri-one/ri_one_master_ws/install/kobuki_core/lib/kobuki_core/demo_data_stream
[56.931s] -- Symlinking: /home/ri-one/ri_one_master_ws/install/kobuki_core/lib/kobuki_core/demo_log_levels
[56.950s] -- Symlinking: /home/ri-one/ri_one_master_ws/install/kobuki_core/lib/kobuki_core/demo_raw_data_stream
[56.969s] -- Symlinking: /home/ri-one/ri_one_master_ws/install/kobuki_core/lib/kobuki_core/demo_simple_loop
[56.989s] -- Symlinking: /home/ri-one/ri_one_master_ws/install/kobuki_core/lib/kobuki_core/demo_velocity_commands
[57.008s] -- Symlinking: /home/ri-one/ri_one_master_ws/install/kobuki_core/bin/kobuki-version-info
[57.027s] -- Symlinking: /home/ri-one/ri_one_master_ws/install/kobuki_core/bin/kobuki-simple-keyop
[57.046s] -- Symlinking: /home/ri-one/ri_one_master_ws/install/kobuki_core/include/CMakeLists.txt
[57.064s] -- Up-to-date symlink: /home/ri-one/ri_one_master_ws/install/kobuki_core/include/kobuki_core/command.hpp
[57.064s] -- Up-to-date symlink: /home/ri-one/ri_one_master_ws/install/kobuki_core/include/kobuki_core/dock_drive.hpp
[57.064s] -- Up-to-date symlink: /home/ri-one/ri_one_master_ws/install/kobuki_core/include/kobuki_core/event_manager.hpp
[57.065s] -- Up-to-date symlink: /home/ri-one/ri_one_master_ws/install/kobuki_core/include/kobuki_core/kobuki.hpp
[57.065s] -- Up-to-date symlink: /home/ri-one/ri_one_master_ws/install/kobuki_core/include/kobuki_core/logging.hpp
[57.065s] -- Up-to-date symlink: /home/ri-one/ri_one_master_ws/install/kobuki_core/include/kobuki_core/macros.hpp
[57.065s] -- Up-to-date symlink: /home/ri-one/ri_one_master_ws/install/kobuki_core/include/kobuki_core/modules.hpp
[57.065s] -- Up-to-date symlink: /home/ri-one/ri_one_master_ws/install/kobuki_core/include/kobuki_core/modules/acceleration_limiter.hpp
[57.066s] -- Up-to-date symlink: /home/ri-one/ri_one_master_ws/install/kobuki_core/include/kobuki_core/modules/battery.hpp
[57.066s] -- Up-to-date symlink: /home/ri-one/ri_one_master_ws/install/kobuki_core/include/kobuki_core/modules/diff_drive.hpp
[57.066s] -- Up-to-date symlink: /home/ri-one/ri_one_master_ws/install/kobuki_core/include/kobuki_core/modules/digital_output.hpp
[57.066s] -- Up-to-date symlink: /home/ri-one/ri_one_master_ws/install/kobuki_core/include/kobuki_core/modules/led_array.hpp
[57.067s] -- Up-to-date symlink: /home/ri-one/ri_one_master_ws/install/kobuki_core/include/kobuki_core/modules/sound.hpp
[57.067s] -- Up-to-date symlink: /home/ri-one/ri_one_master_ws/install/kobuki_core/include/kobuki_core/packet_handler/packet_finder.hpp
[57.067s] -- Up-to-date symlink: /home/ri-one/ri_one_master_ws/install/kobuki_core/include/kobuki_core/packet_handler/payload_base.hpp
[57.067s] -- Up-to-date symlink: /home/ri-one/ri_one_master_ws/install/kobuki_core/include/kobuki_core/packet_handler/payload_headers.hpp
[57.068s] -- Up-to-date symlink: /home/ri-one/ri_one_master_ws/install/kobuki_core/include/kobuki_core/packets.hpp
[57.068s] -- Up-to-date symlink: /home/ri-one/ri_one_master_ws/install/kobuki_core/include/kobuki_core/packets/cliff.hpp
[57.068s] -- Up-to-date symlink: /home/ri-one/ri_one_master_ws/install/kobuki_core/include/kobuki_core/packets/controller_info.hpp
[57.068s] -- Up-to-date symlink: /home/ri-one/ri_one_master_ws/install/kobuki_core/include/kobuki_core/packets/core_sensors.hpp
[57.069s] -- Up-to-date symlink: /home/ri-one/ri_one_master_ws/install/kobuki_core/include/kobuki_core/packets/current.hpp
[57.069s] -- Up-to-date symlink: /home/ri-one/ri_one_master_ws/install/kobuki_core/include/kobuki_core/packets/dock_ir.hpp
[57.069s] -- Up-to-date symlink: /home/ri-one/ri_one_master_ws/install/kobuki_core/include/kobuki_core/packets/eeprom.hpp
[57.069s] -- Up-to-date symlink: /home/ri-one/ri_one_master_ws/install/kobuki_core/include/kobuki_core/packets/firmware.hpp
[57.070s] -- Up-to-date symlink: /home/ri-one/ri_one_master_ws/install/kobuki_core/include/kobuki_core/packets/gp_input.hpp
[57.070s] -- Up-to-date symlink: /home/ri-one/ri_one_master_ws/install/kobuki_core/include/kobuki_core/packets/hardware.hpp
[57.070s] -- Up-to-date symlink: /home/ri-one/ri_one_master_ws/install/kobuki_core/include/kobuki_core/packets/inertia.hpp
[57.070s] -- Up-to-date symlink: /home/ri-one/ri_one_master_ws/install/kobuki_core/include/kobuki_core/packets/three_axis_gyro.hpp
[57.071s] -- Up-to-date symlink: /home/ri-one/ri_one_master_ws/install/kobuki_core/include/kobuki_core/packets/unique_device_id.hpp
[57.071s] -- Up-to-date symlink: /home/ri-one/ri_one_master_ws/install/kobuki_core/include/kobuki_core/parameters.hpp
[57.071s] -- Up-to-date symlink: /home/ri-one/ri_one_master_ws/install/kobuki_core/include/kobuki_core/version_info.hpp
[57.072s] -- Symlinking: /home/ri-one/ri_one_master_ws/install/kobuki_core/share/kobuki_core/environment/library_path.sh
[57.093s] -- Symlinking: /home/ri-one/ri_one_master_ws/install/kobuki_core/share/kobuki_core/environment/library_path.dsv
[57.113s] -- Symlinking: /home/ri-one/ri_one_master_ws/install/kobuki_core/share/ament_index/resource_index/package_run_dependencies/kobuki_core
[57.132s] -- Symlinking: /home/ri-one/ri_one_master_ws/install/kobuki_core/share/ament_index/resource_index/parent_prefix_path/kobuki_core
[57.150s] -- Symlinking: /home/ri-one/ri_one_master_ws/install/kobuki_core/share/kobuki_core/environment/ament_prefix_path.sh
[57.169s] -- Symlinking: /home/ri-one/ri_one_master_ws/install/kobuki_core/share/kobuki_core/environment/ament_prefix_path.dsv
[57.187s] -- Symlinking: /home/ri-one/ri_one_master_ws/install/kobuki_core/share/kobuki_core/environment/path.sh
[57.206s] -- Symlinking: /home/ri-one/ri_one_master_ws/install/kobuki_core/share/kobuki_core/environment/path.dsv
[57.225s] -- Symlinking: /home/ri-one/ri_one_master_ws/install/kobuki_core/share/kobuki_core/local_setup.bash
[57.244s] -- Symlinking: /home/ri-one/ri_one_master_ws/install/kobuki_core/share/kobuki_core/local_setup.sh
[57.263s] -- Symlinking: /home/ri-one/ri_one_master_ws/install/kobuki_core/share/kobuki_core/local_setup.zsh
[57.282s] -- Symlinking: /home/ri-one/ri_one_master_ws/install/kobuki_core/share/kobuki_core/local_setup.dsv
[57.302s] -- Symlinking: /home/ri-one/ri_one_master_ws/install/kobuki_core/share/kobuki_core/package.dsv
[57.322s] -- Symlinking: /home/ri-one/ri_one_master_ws/install/kobuki_core/share/ament_index/resource_index/packages/kobuki_core
[57.341s] -- Symlinking: /home/ri-one/ri_one_master_ws/install/kobuki_core/share/kobuki_core/cmake/ament_cmake_export_targets-extras.cmake
[57.361s] -- Symlinking: /home/ri-one/ri_one_master_ws/install/kobuki_core/share/kobuki_core/cmake/ament_cmake_export_dependencies-extras.cmake
[57.380s] -- Symlinking: /home/ri-one/ri_one_master_ws/install/kobuki_core/share/kobuki_core/cmake/ament_cmake_export_include_directories-extras.cmake
[57.400s] -- Symlinking: /home/ri-one/ri_one_master_ws/install/kobuki_core/share/kobuki_core/cmake/ament_cmake_export_libraries-extras.cmake
[57.419s] -- Symlinking: /home/ri-one/ri_one_master_ws/install/kobuki_core/share/kobuki_core/cmake/kobuki_coreConfig.cmake
[57.438s] -- Symlinking: /home/ri-one/ri_one_master_ws/install/kobuki_core/share/kobuki_core/cmake/kobuki_coreConfig-version.cmake
[57.458s] -- Symlinking: /home/ri-one/ri_one_master_ws/install/kobuki_core/share/kobuki_core/package.xml
[57.478s] -- Installing: /home/ri-one/ri_one_master_ws/install/kobuki_core/share/kobuki_core/cmake/kobuki_coreExport.cmake
[57.479s] -- Installing: /home/ri-one/ri_one_master_ws/install/kobuki_core/share/kobuki_core/cmake/kobuki_coreExport-noconfig.cmake
[57.480s] -- Installing: /home/ri-one/ri_one_master_ws/install/kobuki_core/lib/libkobuki_core.so.1.4.0
[57.485s] -- Set runtime path of "/home/ri-one/ri_one_master_ws/install/kobuki_core/lib/libkobuki_core.so.1.4.0" to ""
[57.485s] -- Installing: /home/ri-one/ri_one_master_ws/install/kobuki_core/lib/libkobuki_core.so
[57.489s] Invoked command in '/home/ri-one/ri_one_master_ws/build/kobuki_core' returned '0': AMENT_PREFIX_PATH=/home/ri-one/ri_one_master_ws/install/ecl_mobile_robot:/home/ri-one/ri_one_master_ws/install/ecl_geometry:/home/ri-one/ri_one_master_ws/install/ecl_devices:/home/ri-one/ri_one_master_ws/install/ecl_sigslots:/home/ri-one/ri_one_master_ws/install/ecl_linear_algebra:/home/ri-one/ri_one_master_ws/install/ecl_containers:/home/ri-one/ri_one_master_ws/install/ecl_threads:/home/ri-one/ri_one_master_ws/install/ecl_formatters:/home/ri-one/ri_one_master_ws/install/ecl_utilities:/home/ri-one/ri_one_master_ws/install/ecl_time:/home/ri-one/ri_one_master_ws/install/ecl_converters:/home/ri-one/ri_one_master_ws/install/ecl_time_lite:/home/ri-one/ri_one_master_ws/install/ecl_math:/home/ri-one/ri_one_master_ws/install/ecl_exceptions:/home/ri-one/ri_one_master_ws/install/ecl_concepts:/home/ri-one/ri_one_master_ws/install/ecl_type_traits:/home/ri-one/ri_one_master_ws/install/ecl_errors:/home/ri-one/ri_one_master_ws/install/ecl_console:/home/ri-one/ri_one_master_ws/install/ecl_mpl:/home/ri-one/ri_one_master_ws/install/ecl_eigen:/home/ri-one/ri_one_master_ws/install/ecl_config:/home/ri-one/ri_one_master_ws/install/ecl_command_line:${AMENT_PREFIX_PATH} CMAKE_PREFIX_PATH=/home/ri-one/ri_one_master_ws/install/ecl_mobile_robot:/home/ri-one/ri_one_master_ws/install/ecl_geometry:/home/ri-one/ri_one_master_ws/install/ecl_devices:/home/ri-one/ri_one_master_ws/install/ecl_sigslots:/home/ri-one/ri_one_master_ws/install/ecl_linear_algebra:/home/ri-one/ri_one_master_ws/install/ecl_containers:/home/ri-one/ri_one_master_ws/install/ecl_threads:/home/ri-one/ri_one_master_ws/install/ecl_formatters:/home/ri-one/ri_one_master_ws/install/ecl_utilities:/home/ri-one/ri_one_master_ws/install/ecl_time:/home/ri-one/ri_one_master_ws/install/ecl_converters:/home/ri-one/ri_one_master_ws/install/ecl_time_lite:/home/ri-one/ri_one_master_ws/install/ecl_math:/home/ri-one/ri_one_master_ws/install/ecl_exceptions:/home/ri-one/ri_one_master_ws/install/ecl_concepts:/home/ri-one/ri_one_master_ws/install/ecl_type_traits:/home/ri-one/ri_one_master_ws/install/ecl_errors:/home/ri-one/ri_one_master_ws/install/ecl_console:/home/ri-one/ri_one_master_ws/install/ecl_mpl:/home/ri-one/ri_one_master_ws/install/ecl_eigen:/home/ri-one/ri_one_master_ws/install/ecl_config:/home/ri-one/ri_one_master_ws/install/ecl_command_line:/home/ri-one/ros2_ws/install/libfreenect2:/home/ri-one/ros2_ws/install/kinect_ros2:/home/ri-one/ros2_ws/install/libfreenect:/home/ri-one/ros2_ws/install/kobuki_ros:/home/ri-one/ros2_ws/install/kobuki_safety_controller:/home/ri-one/ros2_ws/install/kobuki_random_walker:/home/ri-one/ros2_ws/install/kobuki_node:/home/ri-one/ros2_ws/install/kobuki_keyop:/home/ri-one/ros2_ws/install/kobuki_bumper2pc:/home/ri-one/ros2_ws/install/kobuki_auto_docking:/home/ri-one/ros2_ws/install/kobuki_ros_interfaces:/home/ri-one/ros2_ws/install/kobuki_description:/home/ri-one/ros2_ws/install/kobuki_core:/home/ri-one/ros2_ws/install/kinect2_calibration:/home/ri-one/ros2_ws/install/kinect2_bridge:/home/ri-one/ros2_ws/install/kinect2_registration:/home/ri-one/ros2_ws/install/ecl_core:/home/ri-one/ros2_ws/install/ecl_core_apps:/home/ri-one/ros2_ws/install/ecl_streams:/home/ri-one/ros2_ws/install/ecl_sigslots:/home/ri-one/ros2_ws/install/ecl_ipc:/home/ri-one/ros2_ws/install/ecl_devices:/home/ri-one/ros2_ws/install/ecl_threads:/home/ri-one/ros2_ws/install/ecl_mobile_robot:/home/ri-one/ros2_ws/install/ecl_manipulators:/home/ri-one/ros2_ws/install/ecl_geometry:/home/ri-one/ros2_ws/install/ecl_containers:/home/ri-one/ros2_ws/install/ecl_utilities:/home/ri-one/ros2_ws/install/ecl_statistics:/home/ri-one/ros2_ws/install/ecl_linear_algebra:/home/ri-one/ros2_ws/install/ecl_math:/home/ri-one/ros2_ws/install/ecl_formatters:/home/ri-one/ros2_ws/install/ecl_converters:/home/ri-one/ros2_ws/install/ecl_concepts:/home/ri-one/ros2_ws/install/ecl_type_traits:/home/ri-one/ros2_ws/install/ecl_time:/home/ri-one/ros2_ws/install/ecl_lite:/home/ri-one/ros2_ws/install/ecl_time_lite:/home/ri-one/ros2_ws/install/ecl_sigslots_lite:/home/ri-one/ros2_ws/install/ecl_mpl:/home/ri-one/ros2_ws/install/ecl_io:/home/ri-one/ros2_ws/install/ecl_filesystem:/home/ri-one/ros2_ws/install/ecl_exceptions:/home/ri-one/ros2_ws/install/ecl_errors:/home/ri-one/ros2_ws/install/ecl_eigen:/home/ri-one/ros2_ws/install/ecl_converters_lite:/home/ri-one/ros2_ws/install/ecl_console:/home/ri-one/ros2_ws/install/ecl_config:/home/ri-one/ros2_ws/install/ecl_command_line:/home/ri-one/ros2_ws/install/cmd_vel_mux:/opt/ros/humble LD_LIBRARY_PATH=/home/ri-one/ri_one_master_ws/install/ecl_mobile_robot/lib:/home/ri-one/ri_one_master_ws/install/ecl_geometry/lib:/home/ri-one/ri_one_master_ws/install/ecl_devices/lib:/home/ri-one/ri_one_master_ws/install/ecl_linear_algebra/lib:/home/ri-one/ri_one_master_ws/install/ecl_threads/lib:/home/ri-one/ri_one_master_ws/install/ecl_formatters/lib:/home/ri-one/ri_one_master_ws/install/ecl_time/lib:/home/ri-one/ri_one_master_ws/install/ecl_time_lite/lib:/home/ri-one/ri_one_master_ws/install/ecl_exceptions/lib:/home/ri-one/ri_one_master_ws/install/ecl_type_traits/lib:/home/ri-one/ri_one_master_ws/install/ecl_errors/lib:${LD_LIBRARY_PATH} PATH=/home/ri-one/ri_one_master_ws/install/ecl_type_traits/bin:/home/ri-one/ri_one_master_ws/install/ecl_config/bin:${PATH} /usr/bin/cmake --install /home/ri-one/ri_one_master_ws/build/kobuki_core
