[0.068s] Invoking command in '/home/ri-one/ri_one_master_ws/build/ecl_type_traits': AMENT_PREFIX_PATH=/home/ri-one/ri_one_master_ws/install/ecl_mpl:/home/ri-one/ri_one_master_ws/install/ecl_config:${AMENT_PREFIX_PATH} CMAKE_PREFIX_PATH=/home/ri-one/ri_one_master_ws/install/ecl_mpl:/home/ri-one/ri_one_master_ws/install/ecl_config:/opt/ros/humble PATH=/home/ri-one/ri_one_master_ws/install/ecl_config/bin:${PATH} /usr/bin/cmake --build /home/ri-one/ri_one_master_ws/build/ecl_type_traits -- -j4 -l4
[0.430s] [ 16%] Built target gtest_main
[0.456s] [ 33%] Built target gtest
[0.469s] [ 50%] Built target ecl_type_traits
[0.586s] [ 66%] Built target ecl_detect_sizes
[0.597s] [ 83%] Built target test_numeric_limits
[0.615s] [100%] Built target test_fundamental_types
[0.670s] Invoked command in '/home/ri-one/ri_one_master_ws/build/ecl_type_traits' returned '0': AMENT_PREFIX_PATH=/home/ri-one/ri_one_master_ws/install/ecl_mpl:/home/ri-one/ri_one_master_ws/install/ecl_config:${AMENT_PREFIX_PATH} CMAKE_PREFIX_PATH=/home/ri-one/ri_one_master_ws/install/ecl_mpl:/home/ri-one/ri_one_master_ws/install/ecl_config:/opt/ros/humble PATH=/home/ri-one/ri_one_master_ws/install/ecl_config/bin:${PATH} /usr/bin/cmake --build /home/ri-one/ri_one_master_ws/build/ecl_type_traits -- -j4 -l4
[0.671s] Invoking command in '/home/ri-one/ri_one_master_ws/build/ecl_type_traits': AMENT_PREFIX_PATH=/home/ri-one/ri_one_master_ws/install/ecl_mpl:/home/ri-one/ri_one_master_ws/install/ecl_config:${AMENT_PREFIX_PATH} CMAKE_PREFIX_PATH=/home/ri-one/ri_one_master_ws/install/ecl_mpl:/home/ri-one/ri_one_master_ws/install/ecl_config:/opt/ros/humble PATH=/home/ri-one/ri_one_master_ws/install/ecl_config/bin:${PATH} /usr/bin/cmake --install /home/ri-one/ri_one_master_ws/build/ecl_type_traits
[0.693s] -- Install configuration: ""
[0.694s] -- Execute custom install script
[0.696s] -- Up-to-date symlink: /home/ri-one/ri_one_master_ws/install/ecl_type_traits/include/ecl/type_traits/fundamental_types.hpp
[0.697s] -- Up-to-date symlink: /home/ri-one/ri_one_master_ws/install/ecl_type_traits/include/ecl/type_traits/macros.hpp
[0.698s] -- Up-to-date symlink: /home/ri-one/ri_one_master_ws/install/ecl_type_traits/include/ecl/type_traits/numeric_limits.hpp
[0.698s] -- Up-to-date symlink: /home/ri-one/ri_one_master_ws/install/ecl_type_traits/include/ecl/type_traits/traits.hpp
[0.700s] -- Up-to-date symlink: /home/ri-one/ri_one_master_ws/install/ecl_type_traits/include/ecl/type_traits.hpp
[0.700s] -- Up-to-date symlink: /home/ri-one/ri_one_master_ws/install/ecl_type_traits/bin/ecl_detect_sizes
[0.703s] -- Up-to-date symlink: /home/ri-one/ri_one_master_ws/install/ecl_type_traits/share/ecl_type_traits/environment/library_path.sh
[0.704s] -- Up-to-date symlink: /home/ri-one/ri_one_master_ws/install/ecl_type_traits/share/ecl_type_traits/environment/library_path.dsv
[0.704s] -- Up-to-date symlink: /home/ri-one/ri_one_master_ws/install/ecl_type_traits/share/ament_index/resource_index/package_run_dependencies/ecl_type_traits
[0.704s] -- Up-to-date symlink: /home/ri-one/ri_one_master_ws/install/ecl_type_traits/share/ament_index/resource_index/parent_prefix_path/ecl_type_traits
[0.704s] -- Up-to-date symlink: /home/ri-one/ri_one_master_ws/install/ecl_type_traits/share/ecl_type_traits/environment/ament_prefix_path.sh
[0.704s] -- Up-to-date symlink: /home/ri-one/ri_one_master_ws/install/ecl_type_traits/share/ecl_type_traits/environment/ament_prefix_path.dsv
[0.705s] -- Up-to-date symlink: /home/ri-one/ri_one_master_ws/install/ecl_type_traits/share/ecl_type_traits/environment/path.sh
[0.705s] -- Up-to-date symlink: /home/ri-one/ri_one_master_ws/install/ecl_type_traits/share/ecl_type_traits/environment/path.dsv
[0.705s] -- Up-to-date symlink: /home/ri-one/ri_one_master_ws/install/ecl_type_traits/share/ecl_type_traits/local_setup.bash
[0.705s] -- Up-to-date symlink: /home/ri-one/ri_one_master_ws/install/ecl_type_traits/share/ecl_type_traits/local_setup.sh
[0.705s] -- Up-to-date symlink: /home/ri-one/ri_one_master_ws/install/ecl_type_traits/share/ecl_type_traits/local_setup.zsh
[0.711s] -- Up-to-date symlink: /home/ri-one/ri_one_master_ws/install/ecl_type_traits/share/ecl_type_traits/local_setup.dsv
[0.711s] -- Symlinking: /home/ri-one/ri_one_master_ws/install/ecl_type_traits/share/ecl_type_traits/package.dsv
[0.726s] -- Up-to-date symlink: /home/ri-one/ri_one_master_ws/install/ecl_type_traits/share/ament_index/resource_index/packages/ecl_type_traits
[0.726s] -- Up-to-date symlink: /home/ri-one/ri_one_master_ws/install/ecl_type_traits/share/ecl_type_traits/cmake/ament_cmake_export_targets-extras.cmake
[0.727s] -- Up-to-date symlink: /home/ri-one/ri_one_master_ws/install/ecl_type_traits/share/ecl_type_traits/cmake/ament_cmake_export_include_directories-extras.cmake
[0.727s] -- Up-to-date symlink: /home/ri-one/ri_one_master_ws/install/ecl_type_traits/share/ecl_type_traits/cmake/ament_cmake_export_libraries-extras.cmake
[0.727s] -- Up-to-date symlink: /home/ri-one/ri_one_master_ws/install/ecl_type_traits/share/ecl_type_traits/cmake/ament_cmake_export_dependencies-extras.cmake
[0.728s] -- Up-to-date symlink: /home/ri-one/ri_one_master_ws/install/ecl_type_traits/share/ecl_type_traits/cmake/ecl_type_traitsConfig.cmake
[0.729s] -- Up-to-date symlink: /home/ri-one/ri_one_master_ws/install/ecl_type_traits/share/ecl_type_traits/cmake/ecl_type_traitsConfig-version.cmake
[0.730s] -- Up-to-date symlink: /home/ri-one/ri_one_master_ws/install/ecl_type_traits/share/ecl_type_traits/package.xml
[0.731s] -- Up-to-date: /home/ri-one/ri_one_master_ws/install/ecl_type_traits/share/ecl_type_traits/cmake/ecl_type_traitsExport.cmake
[0.731s] -- Up-to-date: /home/ri-one/ri_one_master_ws/install/ecl_type_traits/share/ecl_type_traits/cmake/ecl_type_traitsExport-noconfig.cmake
[0.732s] -- Up-to-date: /home/ri-one/ri_one_master_ws/install/ecl_type_traits/lib/libecl_type_traits.so.1.2.1
[0.735s] -- Up-to-date: /home/ri-one/ri_one_master_ws/install/ecl_type_traits/lib/libecl_type_traits.so
[0.746s] Invoked command in '/home/ri-one/ri_one_master_ws/build/ecl_type_traits' returned '0': AMENT_PREFIX_PATH=/home/ri-one/ri_one_master_ws/install/ecl_mpl:/home/ri-one/ri_one_master_ws/install/ecl_config:${AMENT_PREFIX_PATH} CMAKE_PREFIX_PATH=/home/ri-one/ri_one_master_ws/install/ecl_mpl:/home/ri-one/ri_one_master_ws/install/ecl_config:/opt/ros/humble PATH=/home/ri-one/ri_one_master_ws/install/ecl_config/bin:${PATH} /usr/bin/cmake --install /home/ri-one/ri_one_master_ws/build/ecl_type_traits
