[0.030s] Invoking command in '/home/ri-one/ri_one_master_ws/build/ecl_concepts': AMENT_PREFIX_PATH=/home/ri-one/ri_one_master_ws/install/ecl_type_traits:/home/ri-one/ri_one_master_ws/install/ecl_mpl:/home/ri-one/ri_one_master_ws/install/ecl_config:${AMENT_PREFIX_PATH} CMAKE_PREFIX_PATH=/home/ri-one/ri_one_master_ws/install/ecl_type_traits:/home/ri-one/ri_one_master_ws/install/ecl_mpl:/home/ri-one/ri_one_master_ws/install/ecl_config:/opt/ros/humble LD_LIBRARY_PATH=/home/ri-one/ri_one_master_ws/install/ecl_type_traits/lib:${LD_LIBRARY_PATH} PATH=/home/ri-one/ri_one_master_ws/install/ecl_type_traits/bin:/home/ri-one/ri_one_master_ws/install/ecl_config/bin:${PATH} /usr/bin/cmake /home/ri-one/ri_one_master_ws/src/turtlebot2_ros2/ecl_core/ecl_concepts -DAMENT_CMAKE_SYMLINK_INSTALL=1 -DCMAKE_INSTALL_PREFIX=/home/ri-one/ri_one_master_ws/install/ecl_concepts
[0.164s] -- The C compiler identification is GNU 11.4.0
[0.300s] -- The CXX compiler identification is GNU 11.4.0
[0.320s] -- Detecting C compiler ABI info
[0.559s] -- Detecting C compiler ABI info - done
[0.582s] -- Check for working C compiler: /usr/bin/cc - skipped
[0.582s] -- Detecting C compile features
[0.586s] -- Detecting C compile features - done
[0.593s] -- Detecting CXX compiler ABI info
[0.782s] -- Detecting CXX compiler ABI info - done
[0.825s] -- Check for working CXX compiler: /usr/bin/c++ - skipped
[0.825s] -- Detecting CXX compile features
[0.829s] -- Detecting CXX compile features - done
[0.838s] -- Found ament_cmake_ros: 0.10.0 (/opt/ros/humble/share/ament_cmake_ros/cmake)
[1.268s] -- Found Python3: /usr/bin/python3 (found version "3.10.12") found components: Interpreter 
[1.419s] -- Override CMake install command with custom implementation using symlinks instead of copying resources
[1.503s] -- Found ecl_build: 1.0.3 (/opt/ros/humble/share/ecl_build/cmake)
[1.519s] -- Found ecl_config: 1.2.0 (/home/ri-one/ri_one_master_ws/install/ecl_config/share/ecl_config/cmake)
[1.521s] -- Found ecl_type_traits: 1.2.1 (/home/ri-one/ri_one_master_ws/install/ecl_type_traits/share/ecl_type_traits/cmake)
[1.688s] -- Found ament_lint_auto: 0.12.14 (/opt/ros/humble/share/ament_lint_auto/cmake)
[1.730s] -- Found gtest sources under '/opt/ros/humble/src/gtest_vendor': C++ tests using 'Google Test' will be built
[1.737s] -- Looking for pthread.h
[1.912s] -- Looking for pthread.h - found
[1.914s] -- Performing Test CMAKE_HAVE_LIBC_PTHREAD
[2.115s] -- Performing Test CMAKE_HAVE_LIBC_PTHREAD - Success
[2.122s] -- Found Threads: TRUE  
[2.155s] -- Configuring done
[2.200s] -- Generating done
[2.215s] -- Build files have been written to: /home/ri-one/ri_one_master_ws/build/ecl_concepts
[2.241s] Invoked command in '/home/ri-one/ri_one_master_ws/build/ecl_concepts' returned '0': AMENT_PREFIX_PATH=/home/ri-one/ri_one_master_ws/install/ecl_type_traits:/home/ri-one/ri_one_master_ws/install/ecl_mpl:/home/ri-one/ri_one_master_ws/install/ecl_config:${AMENT_PREFIX_PATH} CMAKE_PREFIX_PATH=/home/ri-one/ri_one_master_ws/install/ecl_type_traits:/home/ri-one/ri_one_master_ws/install/ecl_mpl:/home/ri-one/ri_one_master_ws/install/ecl_config:/opt/ros/humble LD_LIBRARY_PATH=/home/ri-one/ri_one_master_ws/install/ecl_type_traits/lib:${LD_LIBRARY_PATH} PATH=/home/ri-one/ri_one_master_ws/install/ecl_type_traits/bin:/home/ri-one/ri_one_master_ws/install/ecl_config/bin:${PATH} /usr/bin/cmake /home/ri-one/ri_one_master_ws/src/turtlebot2_ros2/ecl_core/ecl_concepts -DAMENT_CMAKE_SYMLINK_INSTALL=1 -DCMAKE_INSTALL_PREFIX=/home/ri-one/ri_one_master_ws/install/ecl_concepts
[2.241s] Invoking command in '/home/ri-one/ri_one_master_ws/build/ecl_concepts': AMENT_PREFIX_PATH=/home/ri-one/ri_one_master_ws/install/ecl_type_traits:/home/ri-one/ri_one_master_ws/install/ecl_mpl:/home/ri-one/ri_one_master_ws/install/ecl_config:${AMENT_PREFIX_PATH} CMAKE_PREFIX_PATH=/home/ri-one/ri_one_master_ws/install/ecl_type_traits:/home/ri-one/ri_one_master_ws/install/ecl_mpl:/home/ri-one/ri_one_master_ws/install/ecl_config:/opt/ros/humble LD_LIBRARY_PATH=/home/ri-one/ri_one_master_ws/install/ecl_type_traits/lib:${LD_LIBRARY_PATH} PATH=/home/ri-one/ri_one_master_ws/install/ecl_type_traits/bin:/home/ri-one/ri_one_master_ws/install/ecl_config/bin:${PATH} /usr/bin/cmake --build /home/ri-one/ri_one_master_ws/build/ecl_concepts -- -j4 -l4
[2.333s] [ 16%] [32mBuilding CXX object gtest/CMakeFiles/gtest_main.dir/src/gtest_main.cc.o[0m
[3.666s] [ 33%] [32m[1mLinking CXX static library libgtest_main.a[0m
[3.797s] [ 33%] Built target gtest_main
[3.842s] [ 50%] [32mBuilding CXX object gtest/CMakeFiles/gtest.dir/src/gtest-all.cc.o[0m
[10.317s] [ 66%] [32m[1mLinking CXX static library libgtest.a[0m
[10.507s] [ 66%] Built target gtest
[10.547s] [ 83%] [32mBuilding CXX object src/test/CMakeFiles/ecl_test_concepts.dir/concepts.cpp.o[0m
[12.135s] [100%] [32m[1mLinking CXX executable ecl_test_concepts[0m
[12.471s] [100%] Built target ecl_test_concepts
[12.498s] Invoked command in '/home/ri-one/ri_one_master_ws/build/ecl_concepts' returned '0': AMENT_PREFIX_PATH=/home/ri-one/ri_one_master_ws/install/ecl_type_traits:/home/ri-one/ri_one_master_ws/install/ecl_mpl:/home/ri-one/ri_one_master_ws/install/ecl_config:${AMENT_PREFIX_PATH} CMAKE_PREFIX_PATH=/home/ri-one/ri_one_master_ws/install/ecl_type_traits:/home/ri-one/ri_one_master_ws/install/ecl_mpl:/home/ri-one/ri_one_master_ws/install/ecl_config:/opt/ros/humble LD_LIBRARY_PATH=/home/ri-one/ri_one_master_ws/install/ecl_type_traits/lib:${LD_LIBRARY_PATH} PATH=/home/ri-one/ri_one_master_ws/install/ecl_type_traits/bin:/home/ri-one/ri_one_master_ws/install/ecl_config/bin:${PATH} /usr/bin/cmake --build /home/ri-one/ri_one_master_ws/build/ecl_concepts -- -j4 -l4
[12.500s] Invoking command in '/home/ri-one/ri_one_master_ws/build/ecl_concepts': AMENT_PREFIX_PATH=/home/ri-one/ri_one_master_ws/install/ecl_type_traits:/home/ri-one/ri_one_master_ws/install/ecl_mpl:/home/ri-one/ri_one_master_ws/install/ecl_config:${AMENT_PREFIX_PATH} CMAKE_PREFIX_PATH=/home/ri-one/ri_one_master_ws/install/ecl_type_traits:/home/ri-one/ri_one_master_ws/install/ecl_mpl:/home/ri-one/ri_one_master_ws/install/ecl_config:/opt/ros/humble LD_LIBRARY_PATH=/home/ri-one/ri_one_master_ws/install/ecl_type_traits/lib:${LD_LIBRARY_PATH} PATH=/home/ri-one/ri_one_master_ws/install/ecl_type_traits/bin:/home/ri-one/ri_one_master_ws/install/ecl_config/bin:${PATH} /usr/bin/cmake --install /home/ri-one/ri_one_master_ws/build/ecl_concepts
[12.521s] -- Install configuration: ""
[12.522s] -- Execute custom install script
[12.523s] -- Symlinking: /home/ri-one/ri_one_master_ws/install/ecl_concepts/include/ecl/concepts/blueprints.hpp
[12.541s] -- Symlinking: /home/ri-one/ri_one_master_ws/install/ecl_concepts/include/ecl/concepts/containers.hpp
[12.559s] -- Symlinking: /home/ri-one/ri_one_master_ws/install/ecl_concepts/include/ecl/concepts/devices.hpp
[12.578s] -- Symlinking: /home/ri-one/ri_one_master_ws/install/ecl_concepts/include/ecl/concepts/macros.hpp
[12.595s] -- Symlinking: /home/ri-one/ri_one_master_ws/install/ecl_concepts/include/ecl/concepts/nullary_function.hpp
[12.614s] -- Symlinking: /home/ri-one/ri_one_master_ws/install/ecl_concepts/include/ecl/concepts/streams.hpp
[12.631s] -- Symlinking: /home/ri-one/ri_one_master_ws/install/ecl_concepts/include/ecl/concepts.hpp
[12.650s] -- Symlinking: /home/ri-one/ri_one_master_ws/install/ecl_concepts/share/ament_index/resource_index/package_run_dependencies/ecl_concepts
[12.668s] -- Symlinking: /home/ri-one/ri_one_master_ws/install/ecl_concepts/share/ament_index/resource_index/parent_prefix_path/ecl_concepts
[12.690s] -- Symlinking: /home/ri-one/ri_one_master_ws/install/ecl_concepts/share/ecl_concepts/environment/ament_prefix_path.sh
[12.708s] -- Symlinking: /home/ri-one/ri_one_master_ws/install/ecl_concepts/share/ecl_concepts/environment/ament_prefix_path.dsv
[12.726s] -- Symlinking: /home/ri-one/ri_one_master_ws/install/ecl_concepts/share/ecl_concepts/environment/path.sh
[12.744s] -- Symlinking: /home/ri-one/ri_one_master_ws/install/ecl_concepts/share/ecl_concepts/environment/path.dsv
[12.765s] -- Symlinking: /home/ri-one/ri_one_master_ws/install/ecl_concepts/share/ecl_concepts/local_setup.bash
[12.786s] -- Symlinking: /home/ri-one/ri_one_master_ws/install/ecl_concepts/share/ecl_concepts/local_setup.sh
[12.805s] -- Symlinking: /home/ri-one/ri_one_master_ws/install/ecl_concepts/share/ecl_concepts/local_setup.zsh
[12.823s] -- Symlinking: /home/ri-one/ri_one_master_ws/install/ecl_concepts/share/ecl_concepts/local_setup.dsv
[12.841s] -- Symlinking: /home/ri-one/ri_one_master_ws/install/ecl_concepts/share/ecl_concepts/package.dsv
[12.859s] -- Symlinking: /home/ri-one/ri_one_master_ws/install/ecl_concepts/share/ament_index/resource_index/packages/ecl_concepts
[12.881s] -- Symlinking: /home/ri-one/ri_one_master_ws/install/ecl_concepts/share/ecl_concepts/cmake/ament_cmake_export_targets-extras.cmake
[12.899s] -- Symlinking: /home/ri-one/ri_one_master_ws/install/ecl_concepts/share/ecl_concepts/cmake/ament_cmake_export_include_directories-extras.cmake
[12.917s] -- Symlinking: /home/ri-one/ri_one_master_ws/install/ecl_concepts/share/ecl_concepts/cmake/ament_cmake_export_dependencies-extras.cmake
[12.935s] -- Symlinking: /home/ri-one/ri_one_master_ws/install/ecl_concepts/share/ecl_concepts/cmake/ecl_conceptsConfig.cmake
[12.952s] -- Symlinking: /home/ri-one/ri_one_master_ws/install/ecl_concepts/share/ecl_concepts/cmake/ecl_conceptsConfig-version.cmake
[12.973s] -- Symlinking: /home/ri-one/ri_one_master_ws/install/ecl_concepts/share/ecl_concepts/package.xml
[12.995s] -- Installing: /home/ri-one/ri_one_master_ws/install/ecl_concepts/share/ecl_concepts/cmake/ecl_conceptsExport.cmake
[12.997s] Invoked command in '/home/ri-one/ri_one_master_ws/build/ecl_concepts' returned '0': AMENT_PREFIX_PATH=/home/ri-one/ri_one_master_ws/install/ecl_type_traits:/home/ri-one/ri_one_master_ws/install/ecl_mpl:/home/ri-one/ri_one_master_ws/install/ecl_config:${AMENT_PREFIX_PATH} CMAKE_PREFIX_PATH=/home/ri-one/ri_one_master_ws/install/ecl_type_traits:/home/ri-one/ri_one_master_ws/install/ecl_mpl:/home/ri-one/ri_one_master_ws/install/ecl_config:/opt/ros/humble LD_LIBRARY_PATH=/home/ri-one/ri_one_master_ws/install/ecl_type_traits/lib:${LD_LIBRARY_PATH} PATH=/home/ri-one/ri_one_master_ws/install/ecl_type_traits/bin:/home/ri-one/ri_one_master_ws/install/ecl_config/bin:${PATH} /usr/bin/cmake --install /home/ri-one/ri_one_master_ws/build/ecl_concepts
