[0.127s] Invoking command in '/home/ri-one/ri_one_master_ws/build/ecl_time': AMENT_PREFIX_PATH=/home/ri-one/ri_one_master_ws/install/ecl_time_lite:/home/ri-one/ri_one_master_ws/install/ecl_exceptions:/home/ri-one/ri_one_master_ws/install/ecl_errors:/home/ri-one/ri_one_master_ws/install/ecl_config:${AMENT_PREFIX_PATH} CMAKE_PREFIX_PATH=/home/ri-one/ri_one_master_ws/install/ecl_time_lite:/home/ri-one/ri_one_master_ws/install/ecl_exceptions:/home/ri-one/ri_one_master_ws/install/ecl_errors:/home/ri-one/ri_one_master_ws/install/ecl_config:/home/ri-one/ros2_ws/install/libfreenect2:/home/ri-one/ros2_ws/install/kinect_ros2:/home/ri-one/ros2_ws/install/libfreenect:/home/ri-one/ros2_ws/install/kobuki_ros:/home/ri-one/ros2_ws/install/kobuki_safety_controller:/home/ri-one/ros2_ws/install/kobuki_random_walker:/home/ri-one/ros2_ws/install/kobuki_node:/home/ri-one/ros2_ws/install/kobuki_keyop:/home/ri-one/ros2_ws/install/kobuki_bumper2pc:/home/ri-one/ros2_ws/install/kobuki_auto_docking:/home/ri-one/ros2_ws/install/kobuki_ros_interfaces:/home/ri-one/ros2_ws/install/kobuki_description:/home/ri-one/ros2_ws/install/kobuki_core:/home/ri-one/ros2_ws/install/kinect2_calibration:/home/ri-one/ros2_ws/install/kinect2_bridge:/home/ri-one/ros2_ws/install/kinect2_registration:/home/ri-one/ros2_ws/install/ecl_core:/home/ri-one/ros2_ws/install/ecl_core_apps:/home/ri-one/ros2_ws/install/ecl_streams:/home/ri-one/ros2_ws/install/ecl_sigslots:/home/ri-one/ros2_ws/install/ecl_ipc:/home/ri-one/ros2_ws/install/ecl_devices:/home/ri-one/ros2_ws/install/ecl_threads:/home/ri-one/ros2_ws/install/ecl_mobile_robot:/home/ri-one/ros2_ws/install/ecl_manipulators:/home/ri-one/ros2_ws/install/ecl_geometry:/home/ri-one/ros2_ws/install/ecl_containers:/home/ri-one/ros2_ws/install/ecl_utilities:/home/ri-one/ros2_ws/install/ecl_statistics:/home/ri-one/ros2_ws/install/ecl_linear_algebra:/home/ri-one/ros2_ws/install/ecl_math:/home/ri-one/ros2_ws/install/ecl_formatters:/home/ri-one/ros2_ws/install/ecl_converters:/home/ri-one/ros2_ws/install/ecl_concepts:/home/ri-one/ros2_ws/install/ecl_type_traits:/home/ri-one/ros2_ws/install/ecl_time:/home/ri-one/ros2_ws/install/ecl_lite:/home/ri-one/ros2_ws/install/ecl_time_lite:/home/ri-one/ros2_ws/install/ecl_sigslots_lite:/home/ri-one/ros2_ws/install/ecl_mpl:/home/ri-one/ros2_ws/install/ecl_io:/home/ri-one/ros2_ws/install/ecl_filesystem:/home/ri-one/ros2_ws/install/ecl_exceptions:/home/ri-one/ros2_ws/install/ecl_errors:/home/ri-one/ros2_ws/install/ecl_eigen:/home/ri-one/ros2_ws/install/ecl_converters_lite:/home/ri-one/ros2_ws/install/ecl_console:/home/ri-one/ros2_ws/install/ecl_config:/home/ri-one/ros2_ws/install/ecl_command_line:/home/ri-one/ros2_ws/install/cmd_vel_mux:/opt/ros/humble LD_LIBRARY_PATH=/home/ri-one/ri_one_master_ws/install/ecl_time_lite/lib:/home/ri-one/ri_one_master_ws/install/ecl_exceptions/lib:/home/ri-one/ri_one_master_ws/install/ecl_errors/lib:${LD_LIBRARY_PATH} PATH=/home/ri-one/ri_one_master_ws/install/ecl_config/bin:${PATH} /usr/bin/cmake --build /home/ri-one/ri_one_master_ws/build/ecl_time -- -j4 -l4
[0.323s] [35m[1mConsolidate compiler generated dependencies of target gtest_main[0m
[0.329s] [35m[1mConsolidate compiler generated dependencies of target gtest[0m
[0.347s] [35m[1mConsolidate compiler generated dependencies of target ecl_time[0m
[0.383s] [  5%] Built target gtest
[0.403s] [ 11%] Built target gtest_main
[0.430s] [ 47%] Built target ecl_time
[0.488s] [35m[1mConsolidate compiler generated dependencies of target ecl_test_cpuwatch_rt[0m
[0.500s] [35m[1mConsolidate compiler generated dependencies of target ecl_test_sleep[0m
[0.500s] [35m[1mConsolidate compiler generated dependencies of target ecl_test_frequency[0m
[0.532s] [35m[1mConsolidate compiler generated dependencies of target ecl_test_snooze[0m
[0.559s] [ 52%] Built target ecl_test_cpuwatch_rt
[0.599s] [ 58%] Built target ecl_test_frequency
[0.599s] [ 64%] Built target ecl_test_snooze
[0.624s] [ 70%] Built target ecl_test_sleep
[0.624s] [35m[1mConsolidate compiler generated dependencies of target ecl_test_timestamp[0m
[0.672s] [35m[1mConsolidate compiler generated dependencies of target ecl_test_time_data[0m
[0.678s] [35m[1mConsolidate compiler generated dependencies of target ecl_test_stopwatch[0m
[0.708s] [35m[1mConsolidate compiler generated dependencies of target ecl_time_example_random_number_generator[0m
[0.730s] [ 76%] Built target ecl_test_timestamp
[0.789s] [ 82%] Built target ecl_test_time_data
[0.796s] [ 88%] Built target ecl_time_example_random_number_generator
[0.801s] [35m[1mConsolidate compiler generated dependencies of target ecl_time_example_sleep[0m
[0.808s] [ 94%] Built target ecl_test_stopwatch
[0.853s] [100%] Built target ecl_time_example_sleep
[0.890s] Invoked command in '/home/ri-one/ri_one_master_ws/build/ecl_time' returned '0': AMENT_PREFIX_PATH=/home/ri-one/ri_one_master_ws/install/ecl_time_lite:/home/ri-one/ri_one_master_ws/install/ecl_exceptions:/home/ri-one/ri_one_master_ws/install/ecl_errors:/home/ri-one/ri_one_master_ws/install/ecl_config:${AMENT_PREFIX_PATH} CMAKE_PREFIX_PATH=/home/ri-one/ri_one_master_ws/install/ecl_time_lite:/home/ri-one/ri_one_master_ws/install/ecl_exceptions:/home/ri-one/ri_one_master_ws/install/ecl_errors:/home/ri-one/ri_one_master_ws/install/ecl_config:/home/ri-one/ros2_ws/install/libfreenect2:/home/ri-one/ros2_ws/install/kinect_ros2:/home/ri-one/ros2_ws/install/libfreenect:/home/ri-one/ros2_ws/install/kobuki_ros:/home/ri-one/ros2_ws/install/kobuki_safety_controller:/home/ri-one/ros2_ws/install/kobuki_random_walker:/home/ri-one/ros2_ws/install/kobuki_node:/home/ri-one/ros2_ws/install/kobuki_keyop:/home/ri-one/ros2_ws/install/kobuki_bumper2pc:/home/ri-one/ros2_ws/install/kobuki_auto_docking:/home/ri-one/ros2_ws/install/kobuki_ros_interfaces:/home/ri-one/ros2_ws/install/kobuki_description:/home/ri-one/ros2_ws/install/kobuki_core:/home/ri-one/ros2_ws/install/kinect2_calibration:/home/ri-one/ros2_ws/install/kinect2_bridge:/home/ri-one/ros2_ws/install/kinect2_registration:/home/ri-one/ros2_ws/install/ecl_core:/home/ri-one/ros2_ws/install/ecl_core_apps:/home/ri-one/ros2_ws/install/ecl_streams:/home/ri-one/ros2_ws/install/ecl_sigslots:/home/ri-one/ros2_ws/install/ecl_ipc:/home/ri-one/ros2_ws/install/ecl_devices:/home/ri-one/ros2_ws/install/ecl_threads:/home/ri-one/ros2_ws/install/ecl_mobile_robot:/home/ri-one/ros2_ws/install/ecl_manipulators:/home/ri-one/ros2_ws/install/ecl_geometry:/home/ri-one/ros2_ws/install/ecl_containers:/home/ri-one/ros2_ws/install/ecl_utilities:/home/ri-one/ros2_ws/install/ecl_statistics:/home/ri-one/ros2_ws/install/ecl_linear_algebra:/home/ri-one/ros2_ws/install/ecl_math:/home/ri-one/ros2_ws/install/ecl_formatters:/home/ri-one/ros2_ws/install/ecl_converters:/home/ri-one/ros2_ws/install/ecl_concepts:/home/ri-one/ros2_ws/install/ecl_type_traits:/home/ri-one/ros2_ws/install/ecl_time:/home/ri-one/ros2_ws/install/ecl_lite:/home/ri-one/ros2_ws/install/ecl_time_lite:/home/ri-one/ros2_ws/install/ecl_sigslots_lite:/home/ri-one/ros2_ws/install/ecl_mpl:/home/ri-one/ros2_ws/install/ecl_io:/home/ri-one/ros2_ws/install/ecl_filesystem:/home/ri-one/ros2_ws/install/ecl_exceptions:/home/ri-one/ros2_ws/install/ecl_errors:/home/ri-one/ros2_ws/install/ecl_eigen:/home/ri-one/ros2_ws/install/ecl_converters_lite:/home/ri-one/ros2_ws/install/ecl_console:/home/ri-one/ros2_ws/install/ecl_config:/home/ri-one/ros2_ws/install/ecl_command_line:/home/ri-one/ros2_ws/install/cmd_vel_mux:/opt/ros/humble LD_LIBRARY_PATH=/home/ri-one/ri_one_master_ws/install/ecl_time_lite/lib:/home/ri-one/ri_one_master_ws/install/ecl_exceptions/lib:/home/ri-one/ri_one_master_ws/install/ecl_errors/lib:${LD_LIBRARY_PATH} PATH=/home/ri-one/ri_one_master_ws/install/ecl_config/bin:${PATH} /usr/bin/cmake --build /home/ri-one/ri_one_master_ws/build/ecl_time -- -j4 -l4
[0.900s] Invoking command in '/home/ri-one/ri_one_master_ws/build/ecl_time': AMENT_PREFIX_PATH=/home/ri-one/ri_one_master_ws/install/ecl_time_lite:/home/ri-one/ri_one_master_ws/install/ecl_exceptions:/home/ri-one/ri_one_master_ws/install/ecl_errors:/home/ri-one/ri_one_master_ws/install/ecl_config:${AMENT_PREFIX_PATH} CMAKE_PREFIX_PATH=/home/ri-one/ri_one_master_ws/install/ecl_time_lite:/home/ri-one/ri_one_master_ws/install/ecl_exceptions:/home/ri-one/ri_one_master_ws/install/ecl_errors:/home/ri-one/ri_one_master_ws/install/ecl_config:/home/ri-one/ros2_ws/install/libfreenect2:/home/ri-one/ros2_ws/install/kinect_ros2:/home/ri-one/ros2_ws/install/libfreenect:/home/ri-one/ros2_ws/install/kobuki_ros:/home/ri-one/ros2_ws/install/kobuki_safety_controller:/home/ri-one/ros2_ws/install/kobuki_random_walker:/home/ri-one/ros2_ws/install/kobuki_node:/home/ri-one/ros2_ws/install/kobuki_keyop:/home/ri-one/ros2_ws/install/kobuki_bumper2pc:/home/ri-one/ros2_ws/install/kobuki_auto_docking:/home/ri-one/ros2_ws/install/kobuki_ros_interfaces:/home/ri-one/ros2_ws/install/kobuki_description:/home/ri-one/ros2_ws/install/kobuki_core:/home/ri-one/ros2_ws/install/kinect2_calibration:/home/ri-one/ros2_ws/install/kinect2_bridge:/home/ri-one/ros2_ws/install/kinect2_registration:/home/ri-one/ros2_ws/install/ecl_core:/home/ri-one/ros2_ws/install/ecl_core_apps:/home/ri-one/ros2_ws/install/ecl_streams:/home/ri-one/ros2_ws/install/ecl_sigslots:/home/ri-one/ros2_ws/install/ecl_ipc:/home/ri-one/ros2_ws/install/ecl_devices:/home/ri-one/ros2_ws/install/ecl_threads:/home/ri-one/ros2_ws/install/ecl_mobile_robot:/home/ri-one/ros2_ws/install/ecl_manipulators:/home/ri-one/ros2_ws/install/ecl_geometry:/home/ri-one/ros2_ws/install/ecl_containers:/home/ri-one/ros2_ws/install/ecl_utilities:/home/ri-one/ros2_ws/install/ecl_statistics:/home/ri-one/ros2_ws/install/ecl_linear_algebra:/home/ri-one/ros2_ws/install/ecl_math:/home/ri-one/ros2_ws/install/ecl_formatters:/home/ri-one/ros2_ws/install/ecl_converters:/home/ri-one/ros2_ws/install/ecl_concepts:/home/ri-one/ros2_ws/install/ecl_type_traits:/home/ri-one/ros2_ws/install/ecl_time:/home/ri-one/ros2_ws/install/ecl_lite:/home/ri-one/ros2_ws/install/ecl_time_lite:/home/ri-one/ros2_ws/install/ecl_sigslots_lite:/home/ri-one/ros2_ws/install/ecl_mpl:/home/ri-one/ros2_ws/install/ecl_io:/home/ri-one/ros2_ws/install/ecl_filesystem:/home/ri-one/ros2_ws/install/ecl_exceptions:/home/ri-one/ros2_ws/install/ecl_errors:/home/ri-one/ros2_ws/install/ecl_eigen:/home/ri-one/ros2_ws/install/ecl_converters_lite:/home/ri-one/ros2_ws/install/ecl_console:/home/ri-one/ros2_ws/install/ecl_config:/home/ri-one/ros2_ws/install/ecl_command_line:/home/ri-one/ros2_ws/install/cmd_vel_mux:/opt/ros/humble LD_LIBRARY_PATH=/home/ri-one/ri_one_master_ws/install/ecl_time_lite/lib:/home/ri-one/ri_one_master_ws/install/ecl_exceptions/lib:/home/ri-one/ri_one_master_ws/install/ecl_errors/lib:${LD_LIBRARY_PATH} PATH=/home/ri-one/ri_one_master_ws/install/ecl_config/bin:${PATH} /usr/bin/cmake --install /home/ri-one/ri_one_master_ws/build/ecl_time
[0.947s] -- Install configuration: ""
[0.952s] -- Execute custom install script
[0.955s] -- Up-to-date symlink: /home/ri-one/ri_one_master_ws/install/ecl_time/include/ecl/time/cpuwatch.hpp
[0.955s] -- Up-to-date symlink: /home/ri-one/ri_one_master_ws/install/ecl_time/include/ecl/time/cpuwatch_rt.hpp
[0.955s] -- Up-to-date symlink: /home/ri-one/ri_one_master_ws/install/ecl_time/include/ecl/time/duration.hpp
[0.955s] -- Up-to-date symlink: /home/ri-one/ri_one_master_ws/install/ecl_time/include/ecl/time/frequency.hpp
[0.956s] -- Up-to-date symlink: /home/ri-one/ri_one_master_ws/install/ecl_time/include/ecl/time/macros.hpp
[0.957s] -- Up-to-date symlink: /home/ri-one/ri_one_master_ws/install/ecl_time/include/ecl/time/random_number_generator.hpp
[0.958s] -- Up-to-date symlink: /home/ri-one/ri_one_master_ws/install/ecl_time/include/ecl/time/sleep.hpp
[0.958s] -- Up-to-date symlink: /home/ri-one/ri_one_master_ws/install/ecl_time/include/ecl/time/sleep_pos.hpp
[0.958s] -- Up-to-date symlink: /home/ri-one/ri_one_master_ws/install/ecl_time/include/ecl/time/sleep_win.hpp
[0.961s] -- Up-to-date symlink: /home/ri-one/ri_one_master_ws/install/ecl_time/include/ecl/time/snooze.hpp
[0.962s] -- Up-to-date symlink: /home/ri-one/ri_one_master_ws/install/ecl_time/include/ecl/time/snooze_pos.hpp
[0.962s] -- Up-to-date symlink: /home/ri-one/ri_one_master_ws/install/ecl_time/include/ecl/time/snooze_win.hpp
[0.962s] -- Up-to-date symlink: /home/ri-one/ri_one_master_ws/install/ecl_time/include/ecl/time/stopwatch.hpp
[0.962s] -- Up-to-date symlink: /home/ri-one/ri_one_master_ws/install/ecl_time/include/ecl/time/time_data.hpp
[0.964s] -- Up-to-date symlink: /home/ri-one/ri_one_master_ws/install/ecl_time/include/ecl/time/timestamp.hpp
[0.964s] -- Up-to-date symlink: /home/ri-one/ri_one_master_ws/install/ecl_time/include/ecl/time/timestamp_base.hpp
[0.964s] -- Up-to-date symlink: /home/ri-one/ri_one_master_ws/install/ecl_time/include/ecl/time/timestamp_pos.hpp
[0.965s] -- Up-to-date symlink: /home/ri-one/ri_one_master_ws/install/ecl_time/include/ecl/time/timestamp_win.hpp
[0.966s] -- Up-to-date symlink: /home/ri-one/ri_one_master_ws/install/ecl_time/include/ecl/time.hpp
[0.967s] -- Up-to-date symlink: /home/ri-one/ri_one_master_ws/install/ecl_time/lib/ecl_time/demo_random_number_generator
[0.967s] -- Up-to-date symlink: /home/ri-one/ri_one_master_ws/install/ecl_time/lib/ecl_time/demo_sleep
[0.967s] -- Up-to-date symlink: /home/ri-one/ri_one_master_ws/install/ecl_time/share/ecl_time/environment/library_path.sh
[0.969s] -- Up-to-date symlink: /home/ri-one/ri_one_master_ws/install/ecl_time/share/ecl_time/environment/library_path.dsv
[0.972s] -- Up-to-date symlink: /home/ri-one/ri_one_master_ws/install/ecl_time/share/ament_index/resource_index/package_run_dependencies/ecl_time
[0.975s] -- Up-to-date symlink: /home/ri-one/ri_one_master_ws/install/ecl_time/share/ament_index/resource_index/parent_prefix_path/ecl_time
[0.975s] -- Up-to-date symlink: /home/ri-one/ri_one_master_ws/install/ecl_time/share/ecl_time/environment/ament_prefix_path.sh
[0.976s] -- Up-to-date symlink: /home/ri-one/ri_one_master_ws/install/ecl_time/share/ecl_time/environment/ament_prefix_path.dsv
[0.977s] -- Up-to-date symlink: /home/ri-one/ri_one_master_ws/install/ecl_time/share/ecl_time/environment/path.sh
[0.977s] -- Up-to-date symlink: /home/ri-one/ri_one_master_ws/install/ecl_time/share/ecl_time/environment/path.dsv
[0.978s] -- Up-to-date symlink: /home/ri-one/ri_one_master_ws/install/ecl_time/share/ecl_time/local_setup.bash
[0.978s] -- Up-to-date symlink: /home/ri-one/ri_one_master_ws/install/ecl_time/share/ecl_time/local_setup.sh
[0.982s] -- Up-to-date symlink: /home/ri-one/ri_one_master_ws/install/ecl_time/share/ecl_time/local_setup.zsh
[0.984s] -- Up-to-date symlink: /home/ri-one/ri_one_master_ws/install/ecl_time/share/ecl_time/local_setup.dsv
[0.985s] -- Symlinking: /home/ri-one/ri_one_master_ws/install/ecl_time/share/ecl_time/package.dsv
[1.024s] -- Up-to-date symlink: /home/ri-one/ri_one_master_ws/install/ecl_time/share/ament_index/resource_index/packages/ecl_time
[1.024s] -- Up-to-date symlink: /home/ri-one/ri_one_master_ws/install/ecl_time/share/ecl_time/cmake/ament_cmake_export_targets-extras.cmake
[1.024s] -- Up-to-date symlink: /home/ri-one/ri_one_master_ws/install/ecl_time/share/ecl_time/cmake/ament_cmake_export_include_directories-extras.cmake
[1.024s] -- Up-to-date symlink: /home/ri-one/ri_one_master_ws/install/ecl_time/share/ecl_time/cmake/ament_cmake_export_libraries-extras.cmake
[1.025s] -- Up-to-date symlink: /home/ri-one/ri_one_master_ws/install/ecl_time/share/ecl_time/cmake/ament_cmake_export_dependencies-extras.cmake
[1.026s] -- Up-to-date symlink: /home/ri-one/ri_one_master_ws/install/ecl_time/share/ecl_time/cmake/ecl_timeConfig.cmake
[1.026s] -- Up-to-date symlink: /home/ri-one/ri_one_master_ws/install/ecl_time/share/ecl_time/cmake/ecl_timeConfig-version.cmake
[1.029s] -- Up-to-date symlink: /home/ri-one/ri_one_master_ws/install/ecl_time/share/ecl_time/package.xml
[1.029s] -- Up-to-date: /home/ri-one/ri_one_master_ws/install/ecl_time/share/ecl_time/cmake/ecl_timeExport.cmake
[1.029s] -- Up-to-date: /home/ri-one/ri_one_master_ws/install/ecl_time/share/ecl_time/cmake/ecl_timeExport-noconfig.cmake
[1.040s] -- Up-to-date: /home/ri-one/ri_one_master_ws/install/ecl_time/lib/libecl_time.so.1.2.1
[1.040s] -- Up-to-date: /home/ri-one/ri_one_master_ws/install/ecl_time/lib/libecl_time.so
[1.057s] Invoked command in '/home/ri-one/ri_one_master_ws/build/ecl_time' returned '0': AMENT_PREFIX_PATH=/home/ri-one/ri_one_master_ws/install/ecl_time_lite:/home/ri-one/ri_one_master_ws/install/ecl_exceptions:/home/ri-one/ri_one_master_ws/install/ecl_errors:/home/ri-one/ri_one_master_ws/install/ecl_config:${AMENT_PREFIX_PATH} CMAKE_PREFIX_PATH=/home/ri-one/ri_one_master_ws/install/ecl_time_lite:/home/ri-one/ri_one_master_ws/install/ecl_exceptions:/home/ri-one/ri_one_master_ws/install/ecl_errors:/home/ri-one/ri_one_master_ws/install/ecl_config:/home/ri-one/ros2_ws/install/libfreenect2:/home/ri-one/ros2_ws/install/kinect_ros2:/home/ri-one/ros2_ws/install/libfreenect:/home/ri-one/ros2_ws/install/kobuki_ros:/home/ri-one/ros2_ws/install/kobuki_safety_controller:/home/ri-one/ros2_ws/install/kobuki_random_walker:/home/ri-one/ros2_ws/install/kobuki_node:/home/ri-one/ros2_ws/install/kobuki_keyop:/home/ri-one/ros2_ws/install/kobuki_bumper2pc:/home/ri-one/ros2_ws/install/kobuki_auto_docking:/home/ri-one/ros2_ws/install/kobuki_ros_interfaces:/home/ri-one/ros2_ws/install/kobuki_description:/home/ri-one/ros2_ws/install/kobuki_core:/home/ri-one/ros2_ws/install/kinect2_calibration:/home/ri-one/ros2_ws/install/kinect2_bridge:/home/ri-one/ros2_ws/install/kinect2_registration:/home/ri-one/ros2_ws/install/ecl_core:/home/ri-one/ros2_ws/install/ecl_core_apps:/home/ri-one/ros2_ws/install/ecl_streams:/home/ri-one/ros2_ws/install/ecl_sigslots:/home/ri-one/ros2_ws/install/ecl_ipc:/home/ri-one/ros2_ws/install/ecl_devices:/home/ri-one/ros2_ws/install/ecl_threads:/home/ri-one/ros2_ws/install/ecl_mobile_robot:/home/ri-one/ros2_ws/install/ecl_manipulators:/home/ri-one/ros2_ws/install/ecl_geometry:/home/ri-one/ros2_ws/install/ecl_containers:/home/ri-one/ros2_ws/install/ecl_utilities:/home/ri-one/ros2_ws/install/ecl_statistics:/home/ri-one/ros2_ws/install/ecl_linear_algebra:/home/ri-one/ros2_ws/install/ecl_math:/home/ri-one/ros2_ws/install/ecl_formatters:/home/ri-one/ros2_ws/install/ecl_converters:/home/ri-one/ros2_ws/install/ecl_concepts:/home/ri-one/ros2_ws/install/ecl_type_traits:/home/ri-one/ros2_ws/install/ecl_time:/home/ri-one/ros2_ws/install/ecl_lite:/home/ri-one/ros2_ws/install/ecl_time_lite:/home/ri-one/ros2_ws/install/ecl_sigslots_lite:/home/ri-one/ros2_ws/install/ecl_mpl:/home/ri-one/ros2_ws/install/ecl_io:/home/ri-one/ros2_ws/install/ecl_filesystem:/home/ri-one/ros2_ws/install/ecl_exceptions:/home/ri-one/ros2_ws/install/ecl_errors:/home/ri-one/ros2_ws/install/ecl_eigen:/home/ri-one/ros2_ws/install/ecl_converters_lite:/home/ri-one/ros2_ws/install/ecl_console:/home/ri-one/ros2_ws/install/ecl_config:/home/ri-one/ros2_ws/install/ecl_command_line:/home/ri-one/ros2_ws/install/cmd_vel_mux:/opt/ros/humble LD_LIBRARY_PATH=/home/ri-one/ri_one_master_ws/install/ecl_time_lite/lib:/home/ri-one/ri_one_master_ws/install/ecl_exceptions/lib:/home/ri-one/ri_one_master_ws/install/ecl_errors/lib:${LD_LIBRARY_PATH} PATH=/home/ri-one/ri_one_master_ws/install/ecl_config/bin:${PATH} /usr/bin/cmake --install /home/ri-one/ri_one_master_ws/build/ecl_time
