[0.194s] Invoking command in '/home/ri-one/ri_one_master_ws/build/kinect2_registration': CMAKE_PREFIX_PATH=${CMAKE_PREFIX_PATH}:/home/ri-one/ri_one_master_ws/install/realsense_vision:/home/ri-one/ri_one_master_ws/install/realsense2_ros_mqtt_bridge:/home/ri-one/ri_one_master_ws/install/gesture_to_motion:/home/ri-one/ri_one_master_ws/install/ros2_tests:/home/ri-one/ri_one_master_ws/install/gesture_detection:/opt/ros/humble /usr/bin/cmake --build /home/ri-one/ri_one_master_ws/build/kinect2_registration -- -j4 -l4
[0.607s] [100%] Built target kinect2_registration
[0.672s] Invoked command in '/home/ri-one/ri_one_master_ws/build/kinect2_registration' returned '0': CMAKE_PREFIX_PATH=${CMAKE_PREFIX_PATH}:/home/ri-one/ri_one_master_ws/install/realsense_vision:/home/ri-one/ri_one_master_ws/install/realsense2_ros_mqtt_bridge:/home/ri-one/ri_one_master_ws/install/gesture_to_motion:/home/ri-one/ri_one_master_ws/install/ros2_tests:/home/ri-one/ri_one_master_ws/install/gesture_detection:/opt/ros/humble /usr/bin/cmake --build /home/ri-one/ri_one_master_ws/build/kinect2_registration -- -j4 -l4
[0.673s] Invoking command in '/home/ri-one/ri_one_master_ws/build/kinect2_registration': CMAKE_PREFIX_PATH=${CMAKE_PREFIX_PATH}:/home/ri-one/ri_one_master_ws/install/realsense_vision:/home/ri-one/ri_one_master_ws/install/realsense2_ros_mqtt_bridge:/home/ri-one/ri_one_master_ws/install/gesture_to_motion:/home/ri-one/ri_one_master_ws/install/ros2_tests:/home/ri-one/ri_one_master_ws/install/gesture_detection:/opt/ros/humble /usr/bin/cmake --install /home/ri-one/ri_one_master_ws/build/kinect2_registration
[0.728s] -- Install configuration: ""
[0.728s] -- Execute custom install script
[0.729s] -- Up-to-date symlink: /home/ri-one/ri_one_master_ws/install/kinect2_registration/include/kinect2_registration/kinect2_console.h
[0.729s] -- Up-to-date symlink: /home/ri-one/ri_one_master_ws/install/kinect2_registration/include/kinect2_registration/kinect2_registration.h
[0.730s] -- Up-to-date symlink: /home/ri-one/ri_one_master_ws/install/kinect2_registration/share/kinect2_registration/environment/library_path.sh
[0.735s] -- Up-to-date symlink: /home/ri-one/ri_one_master_ws/install/kinect2_registration/share/kinect2_registration/environment/library_path.dsv
[0.735s] -- Up-to-date symlink: /home/ri-one/ri_one_master_ws/install/kinect2_registration/share/ament_index/resource_index/package_run_dependencies/kinect2_registration
[0.735s] -- Up-to-date symlink: /home/ri-one/ri_one_master_ws/install/kinect2_registration/share/ament_index/resource_index/parent_prefix_path/kinect2_registration
[0.736s] -- Up-to-date symlink: /home/ri-one/ri_one_master_ws/install/kinect2_registration/share/kinect2_registration/environment/ament_prefix_path.sh
[0.736s] -- Up-to-date symlink: /home/ri-one/ri_one_master_ws/install/kinect2_registration/share/kinect2_registration/environment/ament_prefix_path.dsv
[0.736s] -- Up-to-date symlink: /home/ri-one/ri_one_master_ws/install/kinect2_registration/share/kinect2_registration/environment/path.sh
[0.736s] -- Up-to-date symlink: /home/ri-one/ri_one_master_ws/install/kinect2_registration/share/kinect2_registration/environment/path.dsv
[0.736s] -- Up-to-date symlink: /home/ri-one/ri_one_master_ws/install/kinect2_registration/share/kinect2_registration/local_setup.bash
[0.739s] -- Up-to-date symlink: /home/ri-one/ri_one_master_ws/install/kinect2_registration/share/kinect2_registration/local_setup.sh
[0.740s] -- Up-to-date symlink: /home/ri-one/ri_one_master_ws/install/kinect2_registration/share/kinect2_registration/local_setup.zsh
[0.741s] -- Up-to-date symlink: /home/ri-one/ri_one_master_ws/install/kinect2_registration/share/kinect2_registration/local_setup.dsv
[0.741s] -- Symlinking: /home/ri-one/ri_one_master_ws/install/kinect2_registration/share/kinect2_registration/package.dsv
[0.777s] -- Up-to-date symlink: /home/ri-one/ri_one_master_ws/install/kinect2_registration/share/ament_index/resource_index/packages/kinect2_registration
[0.777s] -- Up-to-date symlink: /home/ri-one/ri_one_master_ws/install/kinect2_registration/share/kinect2_registration/cmake/ament_cmake_export_include_directories-extras.cmake
[0.777s] -- Up-to-date symlink: /home/ri-one/ri_one_master_ws/install/kinect2_registration/share/kinect2_registration/cmake/ament_cmake_export_libraries-extras.cmake
[0.777s] -- Up-to-date symlink: /home/ri-one/ri_one_master_ws/install/kinect2_registration/share/kinect2_registration/cmake/kinect2_registrationConfig.cmake
[0.778s] -- Up-to-date symlink: /home/ri-one/ri_one_master_ws/install/kinect2_registration/share/kinect2_registration/cmake/kinect2_registrationConfig-version.cmake
[0.786s] -- Up-to-date symlink: /home/ri-one/ri_one_master_ws/install/kinect2_registration/share/kinect2_registration/package.xml
[0.786s] -- Up-to-date: /home/ri-one/ri_one_master_ws/install/kinect2_registration/lib/libkinect2_registration.a
[0.958s] Invoked command in '/home/ri-one/ri_one_master_ws/build/kinect2_registration' returned '0': CMAKE_PREFIX_PATH=${CMAKE_PREFIX_PATH}:/home/ri-one/ri_one_master_ws/install/realsense_vision:/home/ri-one/ri_one_master_ws/install/realsense2_ros_mqtt_bridge:/home/ri-one/ri_one_master_ws/install/gesture_to_motion:/home/ri-one/ri_one_master_ws/install/ros2_tests:/home/ri-one/ri_one_master_ws/install/gesture_detection:/opt/ros/humble /usr/bin/cmake --install /home/ri-one/ri_one_master_ws/build/kinect2_registration
