[0.056s] Invoking command in '/home/ri-one/ri_one_master_ws/build/ecl_config': CMAKE_PREFIX_PATH=${CMAKE_PREFIX_PATH}:/opt/ros/humble /usr/bin/cmake /home/ri-one/ri_one_master_ws/src/turtlebot2_ros2/ecl_lite/ecl_config -DAMENT_CMAKE_SYMLINK_INSTALL=1 -DCMAKE_INSTALL_PREFIX=/home/ri-one/ri_one_master_ws/install/ecl_config
[0.293s] -- The C compiler identification is GNU 11.4.0
[0.439s] -- The CXX compiler identification is GNU 11.4.0
[0.465s] -- Detecting C compiler ABI info
[0.696s] -- Detecting C compiler ABI info - done
[0.716s] -- Check for working C compiler: /usr/bin/cc - skipped
[0.717s] -- Detecting C compile features
[0.718s] -- Detecting C compile features - done
[0.727s] -- Detecting CXX compiler ABI info
[0.956s] -- Detecting CXX compiler ABI info - done
[0.989s] -- Check for working CXX compiler: /usr/bin/c++ - skipped
[0.993s] -- Detecting CXX compile features
[0.993s] -- Detecting CXX compile features - done
[1.009s] -- Found ament_cmake_ros: 0.10.0 (/opt/ros/humble/share/ament_cmake_ros/cmake)
[1.451s] -- Found Python3: /usr/bin/python3 (found version "3.10.12") found components: Interpreter 
[1.607s] -- Override CMake install command with custom implementation using symlinks instead of copying resources
[1.886s] -- Found ecl_build: 1.0.3 (/opt/ros/humble/share/ecl_build/cmake)
[1.902s] -- Looking for _POSIX_VERSION
[2.111s] -- Looking for _POSIX_VERSION - found
[2.113s] -- Looking for realpath in rt
[2.315s] -- Looking for realpath in rt - found
[2.315s] -- Looking for clock_nanosleep in rt
[2.507s] -- Looking for clock_nanosleep in rt - found
[2.507s] -- Looking for clock_gettime in rt
[2.704s] -- Looking for clock_gettime in rt - found
[2.704s] -- Looking for pthread_mutex_timedlock in pthread
[2.925s] -- Looking for pthread_mutex_timedlock in pthread - found
[2.925s] -- Looking for nanosleep in pthread
[3.141s] -- Looking for nanosleep in pthread - found
[3.141s] -- Looking for shm_open in rt
[3.367s] -- Looking for shm_open in rt - found
[3.367s] -- Looking for sched_setscheduler in pthread
[3.726s] -- Looking for sched_setscheduler in pthread - found
[3.726s] -- Looking for sem_timedwait in pthread
[4.039s] -- Looking for sem_timedwait in pthread - found
[4.039s] -- Looking for sem_init in pthread
[4.383s] -- Looking for sem_init in pthread - found
[4.388s] -- Looking for CLOCK_MONOTONIC
[4.616s] -- Looking for CLOCK_MONOTONIC - found
[4.617s] -- Looking for CLOCK_PROCESS_CPUTIME_ID
[4.954s] -- Looking for CLOCK_PROCESS_CPUTIME_ID - found
[4.963s] -- Looking for pthread.h
[5.243s] -- Looking for pthread.h - found
[5.245s] -- Performing Test CMAKE_HAVE_LIBC_PTHREAD
[5.466s] -- Performing Test CMAKE_HAVE_LIBC_PTHREAD - Success
[5.469s] -- Found Threads: TRUE  
[5.474s] -- Looking for sys/types.h
[5.679s] -- Looking for sys/types.h - found
[5.681s] -- Looking for stdint.h
[5.902s] -- Looking for stdint.h - found
[5.902s] -- Looking for stddef.h
[6.114s] -- Looking for stddef.h - found
[6.115s] -- Check size of char
[6.331s] -- Check size of char - done
[6.332s] -- Check size of short
[6.529s] -- Check size of short - done
[6.529s] -- Check size of int
[6.725s] -- Check size of int - done
[6.725s] -- Check size of long
[6.966s] -- Check size of long - done
[6.967s] -- Check size of long long
[7.348s] -- Check size of long long - done
[7.348s] -- Check size of float
[7.718s] -- Check size of float - done
[7.719s] -- Check size of double
[8.070s] -- Check size of double - done
[8.071s] -- Check size of long double
[8.453s] -- Check size of long double - done
[8.471s] -- -------------------------------------------------------------------
[8.471s] -- Platform Summary
[8.471s] -- -------------------------------------------------------------------
[8.471s] -- 
[8.472s] -- System type.....................posix
[8.472s] -- Operating System................Linux-6.8.0-90-generic
[8.472s] -- Timer model.....................real-time
[8.472s] -- Thread model....................posix
[8.472s] -- Size of char....................1
[8.472s] -- Size of short...................2
[8.472s] -- Size of int.....................4
[8.472s] -- Size of long....................8
[8.473s] -- Size of long long...............8
[8.473s] -- Size of float...................4
[8.473s] -- Size of double..................8
[8.477s] -- Size of long double.............16
[8.477s] -- Size of pointer.................64-bit
[8.478s] -- Endianness......................little-endian
[8.478s] -- 
[8.478s] -- -------------------------------------------------------------------
[8.478s] -- Posix Specifications
[8.478s] -- -------------------------------------------------------------------
[8.478s] -- 
[8.478s] -- Clock selection.................yes
[8.478s] -- Monotonic clock.................yes
[8.479s] -- Priority scheduling.............yes
[8.479s] -- Semaphores......................yes
[8.479s] -- Shared memory objects...........yes
[8.479s] -- Timers..........................yes
[8.479s] -- Timeouts........................yes
[8.479s] --  - clock_gettime................yes
[8.479s] --  - clock_nanosleep..............yes
[8.480s] --  - nanosleep....................yes
[8.480s] --  - pthread_mutex_timedlock......yes
[8.480s] --  - sched_setscheduler...........yes
[8.483s] --  - sem_init.....................yes
[8.483s] --  - sem_timedwait................yes
[8.483s] --  - shm_open.....................yes
[8.483s] -- 
[8.483s] -- -------------------------------------------------------------------
[8.484s] -- Build Environment
[8.484s] -- -------------------------------------------------------------------
[8.484s] -- 
[8.484s] -- Compiler......................../usr/bin/c++
[8.484s] --  - version......................c++ (Ubuntu 11.4.0-1ubuntu1~22.04.3) 11.4.0
[8.484s] Copyright (C) 2021 Free Software Foundation, Inc.
[8.484s] This is free software see the source for copying conditions.  There is NO
[8.485s] warranty not even for MERCHANTABILITY or FITNESS FOR A PARTICULAR PURPOSE.
[8.485s] 
[8.485s] 
[8.488s] -- 
[8.519s] -- Found ament_lint_auto: 0.12.14 (/opt/ros/humble/share/ament_lint_auto/cmake)
[9.043s] -- Found gtest sources under '/opt/ros/humble/src/gtest_vendor': C++ tests using 'Google Test' will be built
[9.309s] -- Configuring done
[9.351s] -- Generating done
[9.363s] -- Build files have been written to: /home/ri-one/ri_one_master_ws/build/ecl_config
[9.380s] Invoked command in '/home/ri-one/ri_one_master_ws/build/ecl_config' returned '0': CMAKE_PREFIX_PATH=${CMAKE_PREFIX_PATH}:/opt/ros/humble /usr/bin/cmake /home/ri-one/ri_one_master_ws/src/turtlebot2_ros2/ecl_lite/ecl_config -DAMENT_CMAKE_SYMLINK_INSTALL=1 -DCMAKE_INSTALL_PREFIX=/home/ri-one/ri_one_master_ws/install/ecl_config
[9.383s] Invoking command in '/home/ri-one/ri_one_master_ws/build/ecl_config': CMAKE_PREFIX_PATH=${CMAKE_PREFIX_PATH}:/opt/ros/humble /usr/bin/cmake --build /home/ri-one/ri_one_master_ws/build/ecl_config -- -j4 -l4
[9.601s] [  6%] [32mBuilding CXX object src/utilities/CMakeFiles/ecl_detect_posix.dir/detect_posix.cpp.o[0m
[9.619s] [ 12%] [32mBuilding CXX object gtest/CMakeFiles/gtest.dir/src/gtest-all.cc.o[0m
[9.630s] [ 18%] [32mBuilding CXX object src/utilities/CMakeFiles/ecl_detect_endian.dir/detect_endian.cpp.o[0m
[9.639s] [ 25%] [32mBuilding CXX object gtest/CMakeFiles/gtest_main.dir/src/gtest_main.cc.o[0m
[10.256s] [ 31%] [32m[1mLinking CXX executable bin/ecl_detect_endian[0m
[10.499s] [ 31%] Built target ecl_detect_endian
[10.848s] [ 37%] [32m[1mLinking CXX executable bin/ecl_detect_posix[0m
[11.287s] [ 37%] Built target ecl_detect_posix
[12.191s] [ 43%] [32m[1mLinking CXX static library libgtest_main.a[0m
[12.471s] [ 43%] Built target gtest_main
[20.521s] [ 50%] [32m[1mLinking CXX static library libgtest.a[0m
[21.004s] [ 50%] Built target gtest
[21.176s] [ 56%] [32mBuilding CXX object src/test/CMakeFiles/ecl_test_char_sign.dir/char_sign.cpp.o[0m
[21.176s] [ 62%] [32mBuilding CXX object src/test/CMakeFiles/ecl_test_portable_types.dir/portable_types.cpp.o[0m
[21.257s] [ 68%] [32mBuilding CXX object src/test/CMakeFiles/ecl_test_macros.dir/macros.cpp.o[0m
[21.267s] [ 75%] [32mBuilding CXX object src/test/CMakeFiles/ecl_test_endianness.dir/endianness.cpp.o[0m
[25.003s] [ 81%] [32m[1mLinking CXX executable ecl_test_endianness[0m
[25.530s] [ 87%] [32m[1mLinking CXX executable ecl_test_portable_types[0m
[26.054s] [ 87%] Built target ecl_test_endianness
[26.165s] [ 93%] [32m[1mLinking CXX executable ecl_test_macros[0m
[26.373s] [100%] [32m[1mLinking CXX executable ecl_test_char_sign[0m
[26.547s] [100%] Built target ecl_test_portable_types
[26.834s] [100%] Built target ecl_test_macros
[27.344s] [100%] Built target ecl_test_char_sign
[27.401s] Invoked command in '/home/ri-one/ri_one_master_ws/build/ecl_config' returned '0': CMAKE_PREFIX_PATH=${CMAKE_PREFIX_PATH}:/opt/ros/humble /usr/bin/cmake --build /home/ri-one/ri_one_master_ws/build/ecl_config -- -j4 -l4
[27.411s] Invoking command in '/home/ri-one/ri_one_master_ws/build/ecl_config': CMAKE_PREFIX_PATH=${CMAKE_PREFIX_PATH}:/opt/ros/humble /usr/bin/cmake --install /home/ri-one/ri_one_master_ws/build/ecl_config
[27.456s] -- Install configuration: ""
[27.457s] -- Execute custom install script
[27.457s] -- Symlinking: /home/ri-one/ri_one_master_ws/install/ecl_config/include/ecl/config/ecl.hpp
[27.506s] -- Symlinking: /home/ri-one/ri_one_master_ws/install/ecl_config/include/ecl/config/char_sign.hpp
[27.554s] -- Symlinking: /home/ri-one/ri_one_master_ws/install/ecl_config/include/ecl/config/ecl_unknown.hpp
[27.605s] -- Symlinking: /home/ri-one/ri_one_master_ws/install/ecl_config/include/ecl/config/endianness.hpp
[27.684s] -- Symlinking: /home/ri-one/ri_one_master_ws/install/ecl_config/include/ecl/config/macros.hpp
[27.754s] -- Symlinking: /home/ri-one/ri_one_master_ws/install/ecl_config/include/ecl/config/portable_types.hpp
[27.809s] -- Symlinking: /home/ri-one/ri_one_master_ws/install/ecl_config/include/ecl/config/windows.hpp
[27.834s] -- Symlinking: /home/ri-one/ri_one_master_ws/install/ecl_config/include/ecl/config.hpp
[27.863s] -- Symlinking: /home/ri-one/ri_one_master_ws/install/ecl_config/bin/ecl_detect_endian
[27.913s] -- Symlinking: /home/ri-one/ri_one_master_ws/install/ecl_config/bin/ecl_detect_posix
[27.952s] -- Symlinking: /home/ri-one/ri_one_master_ws/install/ecl_config/share/ament_index/resource_index/package_run_dependencies/ecl_config
[27.979s] -- Symlinking: /home/ri-one/ri_one_master_ws/install/ecl_config/share/ament_index/resource_index/parent_prefix_path/ecl_config
[28.023s] -- Symlinking: /home/ri-one/ri_one_master_ws/install/ecl_config/share/ecl_config/environment/ament_prefix_path.sh
[28.052s] -- Symlinking: /home/ri-one/ri_one_master_ws/install/ecl_config/share/ecl_config/environment/ament_prefix_path.dsv
[28.084s] -- Symlinking: /home/ri-one/ri_one_master_ws/install/ecl_config/share/ecl_config/environment/path.sh
[28.130s] -- Symlinking: /home/ri-one/ri_one_master_ws/install/ecl_config/share/ecl_config/environment/path.dsv
[28.183s] -- Symlinking: /home/ri-one/ri_one_master_ws/install/ecl_config/share/ecl_config/local_setup.bash
[28.253s] -- Symlinking: /home/ri-one/ri_one_master_ws/install/ecl_config/share/ecl_config/local_setup.sh
[28.324s] -- Symlinking: /home/ri-one/ri_one_master_ws/install/ecl_config/share/ecl_config/local_setup.zsh
[28.390s] -- Symlinking: /home/ri-one/ri_one_master_ws/install/ecl_config/share/ecl_config/local_setup.dsv
[28.465s] -- Symlinking: /home/ri-one/ri_one_master_ws/install/ecl_config/share/ecl_config/package.dsv
[28.539s] -- Symlinking: /home/ri-one/ri_one_master_ws/install/ecl_config/share/ament_index/resource_index/packages/ecl_config
[28.613s] -- Symlinking: /home/ri-one/ri_one_master_ws/install/ecl_config/share/ecl_config/cmake/ament_cmake_export_targets-extras.cmake
[28.687s] -- Symlinking: /home/ri-one/ri_one_master_ws/install/ecl_config/share/ecl_config/cmake/ament_cmake_export_include_directories-extras.cmake
[28.764s] -- Symlinking: /home/ri-one/ri_one_master_ws/install/ecl_config/share/ecl_config/cmake/ecl_configConfig.cmake
[28.817s] -- Symlinking: /home/ri-one/ri_one_master_ws/install/ecl_config/share/ecl_config/cmake/ecl_configConfig-version.cmake
[28.864s] -- Symlinking: /home/ri-one/ri_one_master_ws/install/ecl_config/share/ecl_config/package.xml
[28.917s] -- Installing: /home/ri-one/ri_one_master_ws/install/ecl_config/share/ecl_config/cmake/ecl_configExport.cmake
[28.932s] Invoked command in '/home/ri-one/ri_one_master_ws/build/ecl_config' returned '0': CMAKE_PREFIX_PATH=${CMAKE_PREFIX_PATH}:/opt/ros/humble /usr/bin/cmake --install /home/ri-one/ri_one_master_ws/build/ecl_config
