[ 33%] Built target gtest
[ 66%] Built target gtest_main
[100%] Built target test_byte_array
-- Install configuration: ""
-- Execute custom install script
-- Up-to-date symlink: /home/ri-one/ri_one_master_ws/install/ecl_converters_lite/include/ecl/converters_lite/byte_array.hpp
-- Up-to-date symlink: /home/ri-one/ri_one_master_ws/install/ecl_converters_lite/include/ecl/converters_lite.hpp
-- Up-to-date symlink: /home/ri-one/ri_one_master_ws/install/ecl_converters_lite/share/ament_index/resource_index/package_run_dependencies/ecl_converters_lite
-- Up-to-date symlink: /home/ri-one/ri_one_master_ws/install/ecl_converters_lite/share/ament_index/resource_index/parent_prefix_path/ecl_converters_lite
-- Up-to-date symlink: /home/ri-one/ri_one_master_ws/install/ecl_converters_lite/share/ecl_converters_lite/environment/ament_prefix_path.sh
-- Up-to-date symlink: /home/ri-one/ri_one_master_ws/install/ecl_converters_lite/share/ecl_converters_lite/environment/ament_prefix_path.dsv
-- Up-to-date symlink: /home/ri-one/ri_one_master_ws/install/ecl_converters_lite/share/ecl_converters_lite/environment/path.sh
-- Up-to-date symlink: /home/ri-one/ri_one_master_ws/install/ecl_converters_lite/share/ecl_converters_lite/environment/path.dsv
-- Up-to-date symlink: /home/ri-one/ri_one_master_ws/install/ecl_converters_lite/share/ecl_converters_lite/local_setup.bash
-- Up-to-date symlink: /home/ri-one/ri_one_master_ws/install/ecl_converters_lite/share/ecl_converters_lite/local_setup.sh
-- Up-to-date symlink: /home/ri-one/ri_one_master_ws/install/ecl_converters_lite/share/ecl_converters_lite/local_setup.zsh
-- Up-to-date symlink: /home/ri-one/ri_one_master_ws/install/ecl_converters_lite/share/ecl_converters_lite/local_setup.dsv
-- Symlinking: /home/ri-one/ri_one_master_ws/install/ecl_converters_lite/share/ecl_converters_lite/package.dsv
-- Up-to-date symlink: /home/ri-one/ri_one_master_ws/install/ecl_converters_lite/share/ament_index/resource_index/packages/ecl_converters_lite
-- Up-to-date symlink: /home/ri-one/ri_one_master_ws/install/ecl_converters_lite/share/ecl_converters_lite/cmake/ament_cmake_export_targets-extras.cmake
-- Up-to-date symlink: /home/ri-one/ri_one_master_ws/install/ecl_converters_lite/share/ecl_converters_lite/cmake/ament_cmake_export_include_directories-extras.cmake
-- Up-to-date symlink: /home/ri-one/ri_one_master_ws/install/ecl_converters_lite/share/ecl_converters_lite/cmake/ament_cmake_export_dependencies-extras.cmake
-- Up-to-date symlink: /home/ri-one/ri_one_master_ws/install/ecl_converters_lite/share/ecl_converters_lite/cmake/ecl_converters_liteConfig.cmake
-- Up-to-date symlink: /home/ri-one/ri_one_master_ws/install/ecl_converters_lite/share/ecl_converters_lite/cmake/ecl_converters_liteConfig-version.cmake
-- Up-to-date symlink: /home/ri-one/ri_one_master_ws/install/ecl_converters_lite/share/ecl_converters_lite/package.xml
-- Up-to-date: /home/ri-one/ri_one_master_ws/install/ecl_converters_lite/share/ecl_converters_lite/cmake/ecl_converters_liteExport.cmake
