[0.039s] Invoking command in '/home/ri-one/ri_one_master_ws/build/ecl_console': AMENT_PREFIX_PATH=/home/ri-one/ri_one_master_ws/install/ecl_config:${AMENT_PREFIX_PATH} CMAKE_PREFIX_PATH=/home/ri-one/ri_one_master_ws/install/ecl_config:/opt/ros/humble PATH=/home/ri-one/ri_one_master_ws/install/ecl_config/bin:${PATH} /usr/bin/cmake --build /home/ri-one/ri_one_master_ws/build/ecl_console -- -j4 -l4
[0.229s] Invoked command in '/home/ri-one/ri_one_master_ws/build/ecl_console' returned '0': AMENT_PREFIX_PATH=/home/ri-one/ri_one_master_ws/install/ecl_config:${AMENT_PREFIX_PATH} CMAKE_PREFIX_PATH=/home/ri-one/ri_one_master_ws/install/ecl_config:/opt/ros/humble PATH=/home/ri-one/ri_one_master_ws/install/ecl_config/bin:${PATH} /usr/bin/cmake --build /home/ri-one/ri_one_master_ws/build/ecl_console -- -j4 -l4
[0.243s] Invoking command in '/home/ri-one/ri_one_master_ws/build/ecl_console': AMENT_PREFIX_PATH=/home/ri-one/ri_one_master_ws/install/ecl_config:${AMENT_PREFIX_PATH} CMAKE_PREFIX_PATH=/home/ri-one/ri_one_master_ws/install/ecl_config:/opt/ros/humble PATH=/home/ri-one/ri_one_master_ws/install/ecl_config/bin:${PATH} /usr/bin/cmake --install /home/ri-one/ri_one_master_ws/build/ecl_console
[0.275s] -- Install configuration: ""
[0.279s] -- Execute custom install script
[0.280s] -- Up-to-date symlink: /home/ri-one/ri_one_master_ws/install/ecl_console/share/ament_index/resource_index/package_run_dependencies/ecl_console
[0.280s] -- Up-to-date symlink: /home/ri-one/ri_one_master_ws/install/ecl_console/share/ament_index/resource_index/parent_prefix_path/ecl_console
[0.284s] -- Up-to-date symlink: /home/ri-one/ri_one_master_ws/install/ecl_console/share/ecl_console/environment/ament_prefix_path.sh
[0.285s] -- Up-to-date symlink: /home/ri-one/ri_one_master_ws/install/ecl_console/share/ecl_console/environment/ament_prefix_path.dsv
[0.285s] -- Up-to-date symlink: /home/ri-one/ri_one_master_ws/install/ecl_console/share/ecl_console/environment/path.sh
[0.287s] -- Up-to-date symlink: /home/ri-one/ri_one_master_ws/install/ecl_console/share/ecl_console/environment/path.dsv
[0.287s] -- Up-to-date symlink: /home/ri-one/ri_one_master_ws/install/ecl_console/share/ecl_console/local_setup.bash
[0.287s] -- Up-to-date symlink: /home/ri-one/ri_one_master_ws/install/ecl_console/share/ecl_console/local_setup.sh
[0.288s] -- Up-to-date symlink: /home/ri-one/ri_one_master_ws/install/ecl_console/share/ecl_console/local_setup.zsh
[0.288s] -- Up-to-date symlink: /home/ri-one/ri_one_master_ws/install/ecl_console/share/ecl_console/local_setup.dsv
[0.288s] -- Symlinking: /home/ri-one/ri_one_master_ws/install/ecl_console/share/ecl_console/package.dsv
[0.323s] -- Up-to-date symlink: /home/ri-one/ri_one_master_ws/install/ecl_console/share/ament_index/resource_index/packages/ecl_console
[0.325s] -- Up-to-date symlink: /home/ri-one/ri_one_master_ws/install/ecl_console/share/ecl_console/cmake/ament_cmake_export_targets-extras.cmake
[0.326s] -- Up-to-date symlink: /home/ri-one/ri_one_master_ws/install/ecl_console/share/ecl_console/cmake/ament_cmake_export_include_directories-extras.cmake
[0.327s] -- Up-to-date symlink: /home/ri-one/ri_one_master_ws/install/ecl_console/share/ecl_console/cmake/ament_cmake_export_dependencies-extras.cmake
[0.328s] -- Up-to-date symlink: /home/ri-one/ri_one_master_ws/install/ecl_console/share/ecl_console/cmake/ecl_consoleConfig.cmake
[0.329s] -- Up-to-date symlink: /home/ri-one/ri_one_master_ws/install/ecl_console/share/ecl_console/cmake/ecl_consoleConfig-version.cmake
[0.331s] -- Up-to-date symlink: /home/ri-one/ri_one_master_ws/install/ecl_console/share/ecl_console/package.xml
[0.331s] -- Up-to-date: /home/ri-one/ri_one_master_ws/install/ecl_console/include/ecl
[0.332s] -- Up-to-date: /home/ri-one/ri_one_master_ws/install/ecl_console/include/ecl/console.hpp
[0.332s] -- Up-to-date: /home/ri-one/ri_one_master_ws/install/ecl_console/share/ecl_console/cmake/ecl_consoleExport.cmake
[0.394s] Invoked command in '/home/ri-one/ri_one_master_ws/build/ecl_console' returned '0': AMENT_PREFIX_PATH=/home/ri-one/ri_one_master_ws/install/ecl_config:${AMENT_PREFIX_PATH} CMAKE_PREFIX_PATH=/home/ri-one/ri_one_master_ws/install/ecl_config:/opt/ros/humble PATH=/home/ri-one/ri_one_master_ws/install/ecl_config/bin:${PATH} /usr/bin/cmake --install /home/ri-one/ri_one_master_ws/build/ecl_console
