[0.043s] Invoking command in '/home/ri-one/ri_one_master_ws/build/kobuki_description': CMAKE_PREFIX_PATH=${CMAKE_PREFIX_PATH}:/home/ri-one/ri_one_master_ws/install/ros2_tests:/home/ri-one/ri_one_master_ws/install/gesture_to_motion:/home/ri-one/ri_one_master_ws/install/gesture_detection:/opt/ros/humble /usr/bin/cmake --build /home/ri-one/ri_one_master_ws/build/kobuki_description -- -j4 -l4
[0.161s] Invoked command in '/home/ri-one/ri_one_master_ws/build/kobuki_description' returned '0': CMAKE_PREFIX_PATH=${CMAKE_PREFIX_PATH}:/home/ri-one/ri_one_master_ws/install/ros2_tests:/home/ri-one/ri_one_master_ws/install/gesture_to_motion:/home/ri-one/ri_one_master_ws/install/gesture_detection:/opt/ros/humble /usr/bin/cmake --build /home/ri-one/ri_one_master_ws/build/kobuki_description -- -j4 -l4
[0.164s] Invoking command in '/home/ri-one/ri_one_master_ws/build/kobuki_description': CMAKE_PREFIX_PATH=${CMAKE_PREFIX_PATH}:/home/ri-one/ri_one_master_ws/install/ros2_tests:/home/ri-one/ri_one_master_ws/install/gesture_to_motion:/home/ri-one/ri_one_master_ws/install/gesture_detection:/opt/ros/humble /usr/bin/cmake --install /home/ri-one/ri_one_master_ws/build/kobuki_description
[0.181s] -- Install configuration: ""
[0.184s] -- Execute custom install script
[0.184s] -- Up-to-date symlink: /home/ri-one/ri_one_master_ws/install/kobuki_description/share/kobuki_description/launch/robot_description.launch.py
[0.188s] -- Up-to-date symlink: /home/ri-one/ri_one_master_ws/install/kobuki_description/share/kobuki_description/meshes/images/main_body.jpg
[0.188s] -- Up-to-date symlink: /home/ri-one/ri_one_master_ws/install/kobuki_description/share/kobuki_description/meshes/images/wheel.jpg
[0.191s] -- Up-to-date symlink: /home/ri-one/ri_one_master_ws/install/kobuki_description/share/kobuki_description/meshes/main_body.dae
[0.191s] -- Up-to-date symlink: /home/ri-one/ri_one_master_ws/install/kobuki_description/share/kobuki_description/meshes/wheel.dae
[0.192s] -- Up-to-date symlink: /home/ri-one/ri_one_master_ws/install/kobuki_description/share/kobuki_description/rviz/model.rviz
[0.192s] -- Up-to-date symlink: /home/ri-one/ri_one_master_ws/install/kobuki_description/share/kobuki_description/urdf/common_properties.urdf.xacro
[0.192s] -- Up-to-date symlink: /home/ri-one/ri_one_master_ws/install/kobuki_description/share/kobuki_description/urdf/kobuki.urdf.xacro
[0.192s] -- Up-to-date symlink: /home/ri-one/ri_one_master_ws/install/kobuki_description/share/kobuki_description/urdf/kobuki_gazebo.urdf.xacro
[0.192s] -- Up-to-date symlink: /home/ri-one/ri_one_master_ws/install/kobuki_description/share/kobuki_description/urdf/kobuki_standalone.urdf.xacro
[0.192s] -- Up-to-date symlink: /home/ri-one/ri_one_master_ws/install/kobuki_description/share/ament_index/resource_index/package_run_dependencies/kobuki_description
[0.193s] -- Up-to-date symlink: /home/ri-one/ri_one_master_ws/install/kobuki_description/share/ament_index/resource_index/parent_prefix_path/kobuki_description
[0.193s] -- Up-to-date symlink: /home/ri-one/ri_one_master_ws/install/kobuki_description/share/kobuki_description/environment/ament_prefix_path.sh
[0.193s] -- Up-to-date symlink: /home/ri-one/ri_one_master_ws/install/kobuki_description/share/kobuki_description/environment/ament_prefix_path.dsv
[0.193s] -- Up-to-date symlink: /home/ri-one/ri_one_master_ws/install/kobuki_description/share/kobuki_description/environment/path.sh
[0.193s] -- Up-to-date symlink: /home/ri-one/ri_one_master_ws/install/kobuki_description/share/kobuki_description/environment/path.dsv
[0.193s] -- Up-to-date symlink: /home/ri-one/ri_one_master_ws/install/kobuki_description/share/kobuki_description/local_setup.bash
[0.194s] -- Up-to-date symlink: /home/ri-one/ri_one_master_ws/install/kobuki_description/share/kobuki_description/local_setup.sh
[0.194s] -- Up-to-date symlink: /home/ri-one/ri_one_master_ws/install/kobuki_description/share/kobuki_description/local_setup.zsh
[0.194s] -- Up-to-date symlink: /home/ri-one/ri_one_master_ws/install/kobuki_description/share/kobuki_description/local_setup.dsv
[0.200s] -- Symlinking: /home/ri-one/ri_one_master_ws/install/kobuki_description/share/kobuki_description/package.dsv
[0.217s] -- Up-to-date symlink: /home/ri-one/ri_one_master_ws/install/kobuki_description/share/ament_index/resource_index/packages/kobuki_description
[0.217s] -- Up-to-date symlink: /home/ri-one/ri_one_master_ws/install/kobuki_description/share/kobuki_description/cmake/kobuki_descriptionConfig.cmake
[0.218s] -- Up-to-date symlink: /home/ri-one/ri_one_master_ws/install/kobuki_description/share/kobuki_description/cmake/kobuki_descriptionConfig-version.cmake
[0.218s] -- Up-to-date symlink: /home/ri-one/ri_one_master_ws/install/kobuki_description/share/kobuki_description/package.xml
[0.221s] Invoked command in '/home/ri-one/ri_one_master_ws/build/kobuki_description' returned '0': CMAKE_PREFIX_PATH=${CMAKE_PREFIX_PATH}:/home/ri-one/ri_one_master_ws/install/ros2_tests:/home/ri-one/ri_one_master_ws/install/gesture_to_motion:/home/ri-one/ri_one_master_ws/install/gesture_detection:/opt/ros/humble /usr/bin/cmake --install /home/ri-one/ri_one_master_ws/build/kobuki_description
