[0.035s] Invoking command in '/home/ri-one/ri_one_master_ws/build/ros2_kinect_depth': CMAKE_PREFIX_PATH=/opt/ros/humble /usr/bin/cmake --build /home/ri-one/ri_one_master_ws/build/ros2_kinect_depth -- -j4 -l4
[0.213s] [100%] Built target depth_node
[0.298s] Invoked command in '/home/ri-one/ri_one_master_ws/build/ros2_kinect_depth' returned '0': CMAKE_PREFIX_PATH=/opt/ros/humble /usr/bin/cmake --build /home/ri-one/ri_one_master_ws/build/ros2_kinect_depth -- -j4 -l4
[0.301s] Invoking command in '/home/ri-one/ri_one_master_ws/build/ros2_kinect_depth': CMAKE_PREFIX_PATH=/opt/ros/humble /usr/bin/cmake --install /home/ri-one/ri_one_master_ws/build/ros2_kinect_depth
[0.323s] -- Install configuration: ""
[0.323s] -- Execute custom install script
[0.323s] -- Up-to-date symlink: /home/ri-one/ri_one_master_ws/install/ros2_kinect_depth/lib/ros2_kinect_depth/depth_node
[0.324s] -- Up-to-date symlink: /home/ri-one/ri_one_master_ws/install/ros2_kinect_depth/share/ament_index/resource_index/package_run_dependencies/ros2_kinect_depth
[0.324s] -- Up-to-date symlink: /home/ri-one/ri_one_master_ws/install/ros2_kinect_depth/share/ament_index/resource_index/parent_prefix_path/ros2_kinect_depth
[0.325s] -- Up-to-date symlink: /home/ri-one/ri_one_master_ws/install/ros2_kinect_depth/share/ros2_kinect_depth/environment/ament_prefix_path.sh
[0.325s] -- Up-to-date symlink: /home/ri-one/ri_one_master_ws/install/ros2_kinect_depth/share/ros2_kinect_depth/environment/ament_prefix_path.dsv
[0.325s] -- Up-to-date symlink: /home/ri-one/ri_one_master_ws/install/ros2_kinect_depth/share/ros2_kinect_depth/environment/path.sh
[0.326s] -- Up-to-date symlink: /home/ri-one/ri_one_master_ws/install/ros2_kinect_depth/share/ros2_kinect_depth/environment/path.dsv
[0.326s] -- Up-to-date symlink: /home/ri-one/ri_one_master_ws/install/ros2_kinect_depth/share/ros2_kinect_depth/local_setup.bash
[0.326s] -- Up-to-date symlink: /home/ri-one/ri_one_master_ws/install/ros2_kinect_depth/share/ros2_kinect_depth/local_setup.sh
[0.327s] -- Up-to-date symlink: /home/ri-one/ri_one_master_ws/install/ros2_kinect_depth/share/ros2_kinect_depth/local_setup.zsh
[0.327s] -- Up-to-date symlink: /home/ri-one/ri_one_master_ws/install/ros2_kinect_depth/share/ros2_kinect_depth/local_setup.dsv
[0.329s] -- Symlinking: /home/ri-one/ri_one_master_ws/install/ros2_kinect_depth/share/ros2_kinect_depth/package.dsv
[0.350s] -- Up-to-date symlink: /home/ri-one/ri_one_master_ws/install/ros2_kinect_depth/share/ament_index/resource_index/packages/ros2_kinect_depth
[0.350s] -- Up-to-date symlink: /home/ri-one/ri_one_master_ws/install/ros2_kinect_depth/share/ros2_kinect_depth/cmake/ros2_kinect_depthConfig.cmake
[0.350s] -- Up-to-date symlink: /home/ri-one/ri_one_master_ws/install/ros2_kinect_depth/share/ros2_kinect_depth/cmake/ros2_kinect_depthConfig-version.cmake
[0.350s] -- Up-to-date symlink: /home/ri-one/ri_one_master_ws/install/ros2_kinect_depth/share/ros2_kinect_depth/package.xml
[0.356s] Invoked command in '/home/ri-one/ri_one_master_ws/build/ros2_kinect_depth' returned '0': CMAKE_PREFIX_PATH=/opt/ros/humble /usr/bin/cmake --install /home/ri-one/ri_one_master_ws/build/ros2_kinect_depth
