[0.086s] Invoking command in '/home/ri-one/ri_one_master_ws/build/realsense2_camera_msgs': CMAKE_PREFIX_PATH=${CMAKE_PREFIX_PATH}:/home/ri-one/ri_one_master_ws/install/ros2_tests:/home/ri-one/ri_one_master_ws/install/realsense_vision:/home/ri-one/ri_one_master_ws/install/realsense2_ros_mqtt_bridge:/home/ri-one/ri_one_master_ws/install/gesture_to_motion:/home/ri-one/ri_one_master_ws/install/gesture_detection:/home/ri-one/ri_one_master_ws/install/ecl_filesystem:/opt/ros/humble /usr/bin/cmake --build /home/ri-one/ri_one_master_ws/build/realsense2_camera_msgs -- -j4 -l4
[0.385s] [  0%] Built target realsense2_camera_msgs__cpp
[0.492s] [ 12%] Built target realsense2_camera_msgs__rosidl_generator_c
[0.492s] [ 12%] Built target ament_cmake_python_symlink_realsense2_camera_msgs
[0.578s] [ 24%] Built target realsense2_camera_msgs__rosidl_typesupport_fastrtps_cpp
[0.668s] [ 36%] Built target realsense2_camera_msgs__rosidl_typesupport_cpp
[0.676s] [ 48%] Built target realsense2_camera_msgs__rosidl_typesupport_fastrtps_c
[0.676s] [ 60%] Built target realsense2_camera_msgs__rosidl_typesupport_introspection_cpp
[0.721s] [ 72%] Built target realsense2_camera_msgs__rosidl_typesupport_introspection_c
[0.847s] [ 84%] Built target realsense2_camera_msgs__rosidl_typesupport_c
[0.994s] [ 84%] Built target realsense2_camera_msgs
[1.153s] [ 85%] Built target realsense2_camera_msgs__py
[1.330s] [ 96%] Built target realsense2_camera_msgs__rosidl_generator_py
[1.510s] [ 97%] Built target realsense2_camera_msgs__rosidl_typesupport_fastrtps_c__pyext
[1.530s] [ 99%] Built target realsense2_camera_msgs__rosidl_typesupport_introspection_c__pyext
[1.552s] [100%] Built target realsense2_camera_msgs__rosidl_typesupport_c__pyext
[1.692s] running egg_info
[1.694s] writing realsense2_camera_msgs.egg-info/PKG-INFO
[1.696s] writing dependency_links to realsense2_camera_msgs.egg-info/dependency_links.txt
[1.701s] writing top-level names to realsense2_camera_msgs.egg-info/top_level.txt
[1.705s] reading manifest file 'realsense2_camera_msgs.egg-info/SOURCES.txt'
[1.705s] writing manifest file 'realsense2_camera_msgs.egg-info/SOURCES.txt'
[1.785s] [100%] Built target ament_cmake_python_build_realsense2_camera_msgs_egg
[1.835s] Invoked command in '/home/ri-one/ri_one_master_ws/build/realsense2_camera_msgs' returned '0': CMAKE_PREFIX_PATH=${CMAKE_PREFIX_PATH}:/home/ri-one/ri_one_master_ws/install/ros2_tests:/home/ri-one/ri_one_master_ws/install/realsense_vision:/home/ri-one/ri_one_master_ws/install/realsense2_ros_mqtt_bridge:/home/ri-one/ri_one_master_ws/install/gesture_to_motion:/home/ri-one/ri_one_master_ws/install/gesture_detection:/home/ri-one/ri_one_master_ws/install/ecl_filesystem:/opt/ros/humble /usr/bin/cmake --build /home/ri-one/ri_one_master_ws/build/realsense2_camera_msgs -- -j4 -l4
[1.836s] Invoking command in '/home/ri-one/ri_one_master_ws/build/realsense2_camera_msgs': CMAKE_PREFIX_PATH=${CMAKE_PREFIX_PATH}:/home/ri-one/ri_one_master_ws/install/ros2_tests:/home/ri-one/ri_one_master_ws/install/realsense_vision:/home/ri-one/ri_one_master_ws/install/realsense2_ros_mqtt_bridge:/home/ri-one/ri_one_master_ws/install/gesture_to_motion:/home/ri-one/ri_one_master_ws/install/gesture_detection:/home/ri-one/ri_one_master_ws/install/ecl_filesystem:/opt/ros/humble /usr/bin/cmake --install /home/ri-one/ri_one_master_ws/build/realsense2_camera_msgs
[1.892s] -- Install configuration: ""
[1.896s] -- Execute custom install script
[1.899s] -- Up-to-date symlink: /home/ri-one/ri_one_master_ws/install/realsense2_camera_msgs/share/ament_index/resource_index/rosidl_interfaces/realsense2_camera_msgs
[1.902s] -- Up-to-date symlink: /home/ri-one/ri_one_master_ws/install/realsense2_camera_msgs/include/realsense2_camera_msgs/realsense2_camera_msgs/action/detail/triggered_calibration__functions.h
[1.903s] -- Up-to-date symlink: /home/ri-one/ri_one_master_ws/install/realsense2_camera_msgs/include/realsense2_camera_msgs/realsense2_camera_msgs/action/detail/triggered_calibration__struct.h
[1.903s] -- Up-to-date symlink: /home/ri-one/ri_one_master_ws/install/realsense2_camera_msgs/include/realsense2_camera_msgs/realsense2_camera_msgs/action/detail/triggered_calibration__type_support.h
[1.905s] -- Up-to-date symlink: /home/ri-one/ri_one_master_ws/install/realsense2_camera_msgs/include/realsense2_camera_msgs/realsense2_camera_msgs/action/triggered_calibration.h
[1.906s] -- Up-to-date symlink: /home/ri-one/ri_one_master_ws/install/realsense2_camera_msgs/include/realsense2_camera_msgs/realsense2_camera_msgs/msg/detail/extrinsics__functions.h
[1.907s] -- Up-to-date symlink: /home/ri-one/ri_one_master_ws/install/realsense2_camera_msgs/include/realsense2_camera_msgs/realsense2_camera_msgs/msg/detail/extrinsics__struct.h
[1.907s] -- Up-to-date symlink: /home/ri-one/ri_one_master_ws/install/realsense2_camera_msgs/include/realsense2_camera_msgs/realsense2_camera_msgs/msg/detail/extrinsics__type_support.h
[1.908s] -- Up-to-date symlink: /home/ri-one/ri_one_master_ws/install/realsense2_camera_msgs/include/realsense2_camera_msgs/realsense2_camera_msgs/msg/detail/imu_info__functions.h
[1.909s] -- Up-to-date symlink: /home/ri-one/ri_one_master_ws/install/realsense2_camera_msgs/include/realsense2_camera_msgs/realsense2_camera_msgs/msg/detail/imu_info__struct.h
[1.911s] -- Up-to-date symlink: /home/ri-one/ri_one_master_ws/install/realsense2_camera_msgs/include/realsense2_camera_msgs/realsense2_camera_msgs/msg/detail/imu_info__type_support.h
[1.912s] -- Up-to-date symlink: /home/ri-one/ri_one_master_ws/install/realsense2_camera_msgs/include/realsense2_camera_msgs/realsense2_camera_msgs/msg/detail/metadata__functions.h
[1.913s] -- Up-to-date symlink: /home/ri-one/ri_one_master_ws/install/realsense2_camera_msgs/include/realsense2_camera_msgs/realsense2_camera_msgs/msg/detail/metadata__struct.h
[1.916s] -- Up-to-date symlink: /home/ri-one/ri_one_master_ws/install/realsense2_camera_msgs/include/realsense2_camera_msgs/realsense2_camera_msgs/msg/detail/metadata__type_support.h
[1.917s] -- Up-to-date symlink: /home/ri-one/ri_one_master_ws/install/realsense2_camera_msgs/include/realsense2_camera_msgs/realsense2_camera_msgs/msg/detail/rgbd__functions.h
[1.919s] -- Up-to-date symlink: /home/ri-one/ri_one_master_ws/install/realsense2_camera_msgs/include/realsense2_camera_msgs/realsense2_camera_msgs/msg/detail/rgbd__struct.h
[1.920s] -- Up-to-date symlink: /home/ri-one/ri_one_master_ws/install/realsense2_camera_msgs/include/realsense2_camera_msgs/realsense2_camera_msgs/msg/detail/rgbd__type_support.h
[1.922s] -- Up-to-date symlink: /home/ri-one/ri_one_master_ws/install/realsense2_camera_msgs/include/realsense2_camera_msgs/realsense2_camera_msgs/msg/extrinsics.h
[1.924s] -- Up-to-date symlink: /home/ri-one/ri_one_master_ws/install/realsense2_camera_msgs/include/realsense2_camera_msgs/realsense2_camera_msgs/msg/imu_info.h
[1.925s] -- Up-to-date symlink: /home/ri-one/ri_one_master_ws/install/realsense2_camera_msgs/include/realsense2_camera_msgs/realsense2_camera_msgs/msg/metadata.h
[1.928s] -- Up-to-date symlink: /home/ri-one/ri_one_master_ws/install/realsense2_camera_msgs/include/realsense2_camera_msgs/realsense2_camera_msgs/msg/rgbd.h
[1.928s] -- Up-to-date symlink: /home/ri-one/ri_one_master_ws/install/realsense2_camera_msgs/include/realsense2_camera_msgs/realsense2_camera_msgs/msg/rosidl_generator_c__visibility_control.h
[1.928s] -- Up-to-date symlink: /home/ri-one/ri_one_master_ws/install/realsense2_camera_msgs/include/realsense2_camera_msgs/realsense2_camera_msgs/srv/application_config_read.h
[1.928s] -- Up-to-date symlink: /home/ri-one/ri_one_master_ws/install/realsense2_camera_msgs/include/realsense2_camera_msgs/realsense2_camera_msgs/srv/application_config_write.h
[1.929s] -- Up-to-date symlink: /home/ri-one/ri_one_master_ws/install/realsense2_camera_msgs/include/realsense2_camera_msgs/realsense2_camera_msgs/srv/calib_config_read.h
[1.931s] -- Up-to-date symlink: /home/ri-one/ri_one_master_ws/install/realsense2_camera_msgs/include/realsense2_camera_msgs/realsense2_camera_msgs/srv/calib_config_write.h
[1.933s] -- Up-to-date symlink: /home/ri-one/ri_one_master_ws/install/realsense2_camera_msgs/include/realsense2_camera_msgs/realsense2_camera_msgs/srv/detail/application_config_read__functions.h
[1.933s] -- Up-to-date symlink: /home/ri-one/ri_one_master_ws/install/realsense2_camera_msgs/include/realsense2_camera_msgs/realsense2_camera_msgs/srv/detail/application_config_read__struct.h
[1.934s] -- Up-to-date symlink: /home/ri-one/ri_one_master_ws/install/realsense2_camera_msgs/include/realsense2_camera_msgs/realsense2_camera_msgs/srv/detail/application_config_read__type_support.h
[1.934s] -- Up-to-date symlink: /home/ri-one/ri_one_master_ws/install/realsense2_camera_msgs/include/realsense2_camera_msgs/realsense2_camera_msgs/srv/detail/application_config_write__functions.h
[1.934s] -- Up-to-date symlink: /home/ri-one/ri_one_master_ws/install/realsense2_camera_msgs/include/realsense2_camera_msgs/realsense2_camera_msgs/srv/detail/application_config_write__struct.h
[1.934s] -- Up-to-date symlink: /home/ri-one/ri_one_master_ws/install/realsense2_camera_msgs/include/realsense2_camera_msgs/realsense2_camera_msgs/srv/detail/application_config_write__type_support.h
[1.934s] -- Up-to-date symlink: /home/ri-one/ri_one_master_ws/install/realsense2_camera_msgs/include/realsense2_camera_msgs/realsense2_camera_msgs/srv/detail/calib_config_read__functions.h
[1.938s] -- Up-to-date symlink: /home/ri-one/ri_one_master_ws/install/realsense2_camera_msgs/include/realsense2_camera_msgs/realsense2_camera_msgs/srv/detail/calib_config_read__struct.h
[1.939s] -- Up-to-date symlink: /home/ri-one/ri_one_master_ws/install/realsense2_camera_msgs/include/realsense2_camera_msgs/realsense2_camera_msgs/srv/detail/calib_config_read__type_support.h
[1.939s] -- Up-to-date symlink: /home/ri-one/ri_one_master_ws/install/realsense2_camera_msgs/include/realsense2_camera_msgs/realsense2_camera_msgs/srv/detail/calib_config_write__functions.h
[1.939s] -- Up-to-date symlink: /home/ri-one/ri_one_master_ws/install/realsense2_camera_msgs/include/realsense2_camera_msgs/realsense2_camera_msgs/srv/detail/calib_config_write__struct.h
[1.939s] -- Up-to-date symlink: /home/ri-one/ri_one_master_ws/install/realsense2_camera_msgs/include/realsense2_camera_msgs/realsense2_camera_msgs/srv/detail/calib_config_write__type_support.h
[1.939s] -- Up-to-date symlink: /home/ri-one/ri_one_master_ws/install/realsense2_camera_msgs/include/realsense2_camera_msgs/realsense2_camera_msgs/srv/detail/device_info__functions.h
[1.939s] -- Up-to-date symlink: /home/ri-one/ri_one_master_ws/install/realsense2_camera_msgs/include/realsense2_camera_msgs/realsense2_camera_msgs/srv/detail/device_info__struct.h
[1.939s] -- Up-to-date symlink: /home/ri-one/ri_one_master_ws/install/realsense2_camera_msgs/include/realsense2_camera_msgs/realsense2_camera_msgs/srv/detail/device_info__type_support.h
[1.939s] -- Up-to-date symlink: /home/ri-one/ri_one_master_ws/install/realsense2_camera_msgs/include/realsense2_camera_msgs/realsense2_camera_msgs/srv/detail/hardware_monitor_command_send__functions.h
[1.940s] -- Up-to-date symlink: /home/ri-one/ri_one_master_ws/install/realsense2_camera_msgs/include/realsense2_camera_msgs/realsense2_camera_msgs/srv/detail/hardware_monitor_command_send__struct.h
[1.940s] -- Up-to-date symlink: /home/ri-one/ri_one_master_ws/install/realsense2_camera_msgs/include/realsense2_camera_msgs/realsense2_camera_msgs/srv/detail/hardware_monitor_command_send__type_support.h
[1.940s] -- Up-to-date symlink: /home/ri-one/ri_one_master_ws/install/realsense2_camera_msgs/include/realsense2_camera_msgs/realsense2_camera_msgs/srv/detail/safety_interface_config_read__functions.h
[1.940s] -- Up-to-date symlink: /home/ri-one/ri_one_master_ws/install/realsense2_camera_msgs/include/realsense2_camera_msgs/realsense2_camera_msgs/srv/detail/safety_interface_config_read__struct.h
[1.940s] -- Up-to-date symlink: /home/ri-one/ri_one_master_ws/install/realsense2_camera_msgs/include/realsense2_camera_msgs/realsense2_camera_msgs/srv/detail/safety_interface_config_read__type_support.h
[1.940s] -- Up-to-date symlink: /home/ri-one/ri_one_master_ws/install/realsense2_camera_msgs/include/realsense2_camera_msgs/realsense2_camera_msgs/srv/detail/safety_interface_config_write__functions.h
[1.940s] -- Up-to-date symlink: /home/ri-one/ri_one_master_ws/install/realsense2_camera_msgs/include/realsense2_camera_msgs/realsense2_camera_msgs/srv/detail/safety_interface_config_write__struct.h
[1.940s] -- Up-to-date symlink: /home/ri-one/ri_one_master_ws/install/realsense2_camera_msgs/include/realsense2_camera_msgs/realsense2_camera_msgs/srv/detail/safety_interface_config_write__type_support.h
[1.941s] -- Up-to-date symlink: /home/ri-one/ri_one_master_ws/install/realsense2_camera_msgs/include/realsense2_camera_msgs/realsense2_camera_msgs/srv/detail/safety_preset_read__functions.h
[1.941s] -- Up-to-date symlink: /home/ri-one/ri_one_master_ws/install/realsense2_camera_msgs/include/realsense2_camera_msgs/realsense2_camera_msgs/srv/detail/safety_preset_read__struct.h
[1.941s] -- Up-to-date symlink: /home/ri-one/ri_one_master_ws/install/realsense2_camera_msgs/include/realsense2_camera_msgs/realsense2_camera_msgs/srv/detail/safety_preset_read__type_support.h
[1.941s] -- Up-to-date symlink: /home/ri-one/ri_one_master_ws/install/realsense2_camera_msgs/include/realsense2_camera_msgs/realsense2_camera_msgs/srv/detail/safety_preset_write__functions.h
[1.952s] -- Up-to-date symlink: /home/ri-one/ri_one_master_ws/install/realsense2_camera_msgs/include/realsense2_camera_msgs/realsense2_camera_msgs/srv/detail/safety_preset_write__struct.h
[1.952s] -- Up-to-date symlink: /home/ri-one/ri_one_master_ws/install/realsense2_camera_msgs/include/realsense2_camera_msgs/realsense2_camera_msgs/srv/detail/safety_preset_write__type_support.h
[1.953s] -- Up-to-date symlink: /home/ri-one/ri_one_master_ws/install/realsense2_camera_msgs/include/realsense2_camera_msgs/realsense2_camera_msgs/srv/device_info.h
[1.953s] -- Up-to-date symlink: /home/ri-one/ri_one_master_ws/install/realsense2_camera_msgs/include/realsense2_camera_msgs/realsense2_camera_msgs/srv/hardware_monitor_command_send.h
[1.953s] -- Up-to-date symlink: /home/ri-one/ri_one_master_ws/install/realsense2_camera_msgs/include/realsense2_camera_msgs/realsense2_camera_msgs/srv/safety_interface_config_read.h
[1.958s] -- Up-to-date symlink: /home/ri-one/ri_one_master_ws/install/realsense2_camera_msgs/include/realsense2_camera_msgs/realsense2_camera_msgs/srv/safety_interface_config_write.h
[1.959s] -- Up-to-date symlink: /home/ri-one/ri_one_master_ws/install/realsense2_camera_msgs/include/realsense2_camera_msgs/realsense2_camera_msgs/srv/safety_preset_read.h
[1.959s] -- Up-to-date symlink: /home/ri-one/ri_one_master_ws/install/realsense2_camera_msgs/include/realsense2_camera_msgs/realsense2_camera_msgs/srv/safety_preset_write.h
[1.959s] -- Up-to-date symlink: /home/ri-one/ri_one_master_ws/install/realsense2_camera_msgs/share/realsense2_camera_msgs/environment/library_path.sh
[1.959s] -- Up-to-date symlink: /home/ri-one/ri_one_master_ws/install/realsense2_camera_msgs/share/realsense2_camera_msgs/environment/library_path.dsv
[1.963s] -- Up-to-date symlink: /home/ri-one/ri_one_master_ws/install/realsense2_camera_msgs/include/realsense2_camera_msgs/realsense2_camera_msgs/action/detail/triggered_calibration__rosidl_typesupport_fastrtps_c.h
[1.963s] -- Up-to-date symlink: /home/ri-one/ri_one_master_ws/install/realsense2_camera_msgs/include/realsense2_camera_msgs/realsense2_camera_msgs/msg/detail/extrinsics__rosidl_typesupport_fastrtps_c.h
[1.963s] -- Up-to-date symlink: /home/ri-one/ri_one_master_ws/install/realsense2_camera_msgs/include/realsense2_camera_msgs/realsense2_camera_msgs/msg/detail/imu_info__rosidl_typesupport_fastrtps_c.h
[1.963s] -- Up-to-date symlink: /home/ri-one/ri_one_master_ws/install/realsense2_camera_msgs/include/realsense2_camera_msgs/realsense2_camera_msgs/msg/detail/metadata__rosidl_typesupport_fastrtps_c.h
[1.963s] -- Up-to-date symlink: /home/ri-one/ri_one_master_ws/install/realsense2_camera_msgs/include/realsense2_camera_msgs/realsense2_camera_msgs/msg/detail/rgbd__rosidl_typesupport_fastrtps_c.h
[1.963s] -- Up-to-date symlink: /home/ri-one/ri_one_master_ws/install/realsense2_camera_msgs/include/realsense2_camera_msgs/realsense2_camera_msgs/msg/rosidl_typesupport_fastrtps_c__visibility_control.h
[1.963s] -- Up-to-date symlink: /home/ri-one/ri_one_master_ws/install/realsense2_camera_msgs/include/realsense2_camera_msgs/realsense2_camera_msgs/srv/detail/application_config_read__rosidl_typesupport_fastrtps_c.h
[1.964s] -- Up-to-date symlink: /home/ri-one/ri_one_master_ws/install/realsense2_camera_msgs/include/realsense2_camera_msgs/realsense2_camera_msgs/srv/detail/application_config_write__rosidl_typesupport_fastrtps_c.h
[1.964s] -- Up-to-date symlink: /home/ri-one/ri_one_master_ws/install/realsense2_camera_msgs/include/realsense2_camera_msgs/realsense2_camera_msgs/srv/detail/calib_config_read__rosidl_typesupport_fastrtps_c.h
[1.964s] -- Up-to-date symlink: /home/ri-one/ri_one_master_ws/install/realsense2_camera_msgs/include/realsense2_camera_msgs/realsense2_camera_msgs/srv/detail/calib_config_write__rosidl_typesupport_fastrtps_c.h
[1.964s] -- Up-to-date symlink: /home/ri-one/ri_one_master_ws/install/realsense2_camera_msgs/include/realsense2_camera_msgs/realsense2_camera_msgs/srv/detail/device_info__rosidl_typesupport_fastrtps_c.h
[1.964s] -- Up-to-date symlink: /home/ri-one/ri_one_master_ws/install/realsense2_camera_msgs/include/realsense2_camera_msgs/realsense2_camera_msgs/srv/detail/hardware_monitor_command_send__rosidl_typesupport_fastrtps_c.h
[1.964s] -- Up-to-date symlink: /home/ri-one/ri_one_master_ws/install/realsense2_camera_msgs/include/realsense2_camera_msgs/realsense2_camera_msgs/srv/detail/safety_interface_config_read__rosidl_typesupport_fastrtps_c.h
[1.965s] -- Up-to-date symlink: /home/ri-one/ri_one_master_ws/install/realsense2_camera_msgs/include/realsense2_camera_msgs/realsense2_camera_msgs/srv/detail/safety_interface_config_write__rosidl_typesupport_fastrtps_c.h
[1.965s] -- Up-to-date symlink: /home/ri-one/ri_one_master_ws/install/realsense2_camera_msgs/include/realsense2_camera_msgs/realsense2_camera_msgs/srv/detail/safety_preset_read__rosidl_typesupport_fastrtps_c.h
[1.965s] -- Up-to-date symlink: /home/ri-one/ri_one_master_ws/install/realsense2_camera_msgs/include/realsense2_camera_msgs/realsense2_camera_msgs/srv/detail/safety_preset_write__rosidl_typesupport_fastrtps_c.h
[1.965s] -- Up-to-date symlink: /home/ri-one/ri_one_master_ws/install/realsense2_camera_msgs/include/realsense2_camera_msgs/realsense2_camera_msgs/action/detail/triggered_calibration__rosidl_typesupport_introspection_c.h
[1.965s] -- Up-to-date symlink: /home/ri-one/ri_one_master_ws/install/realsense2_camera_msgs/include/realsense2_camera_msgs/realsense2_camera_msgs/msg/detail/extrinsics__rosidl_typesupport_introspection_c.h
[1.968s] -- Up-to-date symlink: /home/ri-one/ri_one_master_ws/install/realsense2_camera_msgs/include/realsense2_camera_msgs/realsense2_camera_msgs/msg/detail/imu_info__rosidl_typesupport_introspection_c.h
[1.968s] -- Up-to-date symlink: /home/ri-one/ri_one_master_ws/install/realsense2_camera_msgs/include/realsense2_camera_msgs/realsense2_camera_msgs/msg/detail/metadata__rosidl_typesupport_introspection_c.h
[1.969s] -- Up-to-date symlink: /home/ri-one/ri_one_master_ws/install/realsense2_camera_msgs/include/realsense2_camera_msgs/realsense2_camera_msgs/msg/detail/rgbd__rosidl_typesupport_introspection_c.h
[1.969s] -- Up-to-date symlink: /home/ri-one/ri_one_master_ws/install/realsense2_camera_msgs/include/realsense2_camera_msgs/realsense2_camera_msgs/msg/rosidl_typesupport_introspection_c__visibility_control.h
[1.969s] -- Up-to-date symlink: /home/ri-one/ri_one_master_ws/install/realsense2_camera_msgs/include/realsense2_camera_msgs/realsense2_camera_msgs/srv/detail/application_config_read__rosidl_typesupport_introspection_c.h
[1.969s] -- Up-to-date symlink: /home/ri-one/ri_one_master_ws/install/realsense2_camera_msgs/include/realsense2_camera_msgs/realsense2_camera_msgs/srv/detail/application_config_write__rosidl_typesupport_introspection_c.h
[1.969s] -- Up-to-date symlink: /home/ri-one/ri_one_master_ws/install/realsense2_camera_msgs/include/realsense2_camera_msgs/realsense2_camera_msgs/srv/detail/calib_config_read__rosidl_typesupport_introspection_c.h
[1.970s] -- Up-to-date symlink: /home/ri-one/ri_one_master_ws/install/realsense2_camera_msgs/include/realsense2_camera_msgs/realsense2_camera_msgs/srv/detail/calib_config_write__rosidl_typesupport_introspection_c.h
[1.970s] -- Up-to-date symlink: /home/ri-one/ri_one_master_ws/install/realsense2_camera_msgs/include/realsense2_camera_msgs/realsense2_camera_msgs/srv/detail/device_info__rosidl_typesupport_introspection_c.h
[1.970s] -- Up-to-date symlink: /home/ri-one/ri_one_master_ws/install/realsense2_camera_msgs/include/realsense2_camera_msgs/realsense2_camera_msgs/srv/detail/hardware_monitor_command_send__rosidl_typesupport_introspection_c.h
[1.970s] -- Up-to-date symlink: /home/ri-one/ri_one_master_ws/install/realsense2_camera_msgs/include/realsense2_camera_msgs/realsense2_camera_msgs/srv/detail/safety_interface_config_read__rosidl_typesupport_introspection_c.h
[1.970s] -- Up-to-date symlink: /home/ri-one/ri_one_master_ws/install/realsense2_camera_msgs/include/realsense2_camera_msgs/realsense2_camera_msgs/srv/detail/safety_interface_config_write__rosidl_typesupport_introspection_c.h
[1.970s] -- Up-to-date symlink: /home/ri-one/ri_one_master_ws/install/realsense2_camera_msgs/include/realsense2_camera_msgs/realsense2_camera_msgs/srv/detail/safety_preset_read__rosidl_typesupport_introspection_c.h
[1.971s] -- Up-to-date symlink: /home/ri-one/ri_one_master_ws/install/realsense2_camera_msgs/include/realsense2_camera_msgs/realsense2_camera_msgs/srv/detail/safety_preset_write__rosidl_typesupport_introspection_c.h
[1.971s] -- Up-to-date symlink: /home/ri-one/ri_one_master_ws/install/realsense2_camera_msgs/include/realsense2_camera_msgs/realsense2_camera_msgs/action/detail/triggered_calibration__builder.hpp
[1.971s] -- Up-to-date symlink: /home/ri-one/ri_one_master_ws/install/realsense2_camera_msgs/include/realsense2_camera_msgs/realsense2_camera_msgs/action/detail/triggered_calibration__struct.hpp
[1.971s] -- Up-to-date symlink: /home/ri-one/ri_one_master_ws/install/realsense2_camera_msgs/include/realsense2_camera_msgs/realsense2_camera_msgs/action/detail/triggered_calibration__traits.hpp
[1.971s] -- Up-to-date symlink: /home/ri-one/ri_one_master_ws/install/realsense2_camera_msgs/include/realsense2_camera_msgs/realsense2_camera_msgs/action/detail/triggered_calibration__type_support.hpp
[1.975s] -- Up-to-date symlink: /home/ri-one/ri_one_master_ws/install/realsense2_camera_msgs/include/realsense2_camera_msgs/realsense2_camera_msgs/action/triggered_calibration.hpp
[1.975s] -- Up-to-date symlink: /home/ri-one/ri_one_master_ws/install/realsense2_camera_msgs/include/realsense2_camera_msgs/realsense2_camera_msgs/msg/detail/extrinsics__builder.hpp
[1.975s] -- Up-to-date symlink: /home/ri-one/ri_one_master_ws/install/realsense2_camera_msgs/include/realsense2_camera_msgs/realsense2_camera_msgs/msg/detail/extrinsics__struct.hpp
[1.975s] -- Up-to-date symlink: /home/ri-one/ri_one_master_ws/install/realsense2_camera_msgs/include/realsense2_camera_msgs/realsense2_camera_msgs/msg/detail/extrinsics__traits.hpp
[1.975s] -- Up-to-date symlink: /home/ri-one/ri_one_master_ws/install/realsense2_camera_msgs/include/realsense2_camera_msgs/realsense2_camera_msgs/msg/detail/extrinsics__type_support.hpp
[1.975s] -- Up-to-date symlink: /home/ri-one/ri_one_master_ws/install/realsense2_camera_msgs/include/realsense2_camera_msgs/realsense2_camera_msgs/msg/detail/imu_info__builder.hpp
[1.976s] -- Up-to-date symlink: /home/ri-one/ri_one_master_ws/install/realsense2_camera_msgs/include/realsense2_camera_msgs/realsense2_camera_msgs/msg/detail/imu_info__struct.hpp
[1.976s] -- Up-to-date symlink: /home/ri-one/ri_one_master_ws/install/realsense2_camera_msgs/include/realsense2_camera_msgs/realsense2_camera_msgs/msg/detail/imu_info__traits.hpp
[1.976s] -- Up-to-date symlink: /home/ri-one/ri_one_master_ws/install/realsense2_camera_msgs/include/realsense2_camera_msgs/realsense2_camera_msgs/msg/detail/imu_info__type_support.hpp
[1.976s] -- Up-to-date symlink: /home/ri-one/ri_one_master_ws/install/realsense2_camera_msgs/include/realsense2_camera_msgs/realsense2_camera_msgs/msg/detail/metadata__builder.hpp
[1.976s] -- Up-to-date symlink: /home/ri-one/ri_one_master_ws/install/realsense2_camera_msgs/include/realsense2_camera_msgs/realsense2_camera_msgs/msg/detail/metadata__struct.hpp
[1.976s] -- Up-to-date symlink: /home/ri-one/ri_one_master_ws/install/realsense2_camera_msgs/include/realsense2_camera_msgs/realsense2_camera_msgs/msg/detail/metadata__traits.hpp
[1.984s] -- Up-to-date symlink: /home/ri-one/ri_one_master_ws/install/realsense2_camera_msgs/include/realsense2_camera_msgs/realsense2_camera_msgs/msg/detail/metadata__type_support.hpp
[1.984s] -- Up-to-date symlink: /home/ri-one/ri_one_master_ws/install/realsense2_camera_msgs/include/realsense2_camera_msgs/realsense2_camera_msgs/msg/detail/rgbd__builder.hpp
[1.984s] -- Up-to-date symlink: /home/ri-one/ri_one_master_ws/install/realsense2_camera_msgs/include/realsense2_camera_msgs/realsense2_camera_msgs/msg/detail/rgbd__struct.hpp
[1.984s] -- Up-to-date symlink: /home/ri-one/ri_one_master_ws/install/realsense2_camera_msgs/include/realsense2_camera_msgs/realsense2_camera_msgs/msg/detail/rgbd__traits.hpp
[1.984s] -- Up-to-date symlink: /home/ri-one/ri_one_master_ws/install/realsense2_camera_msgs/include/realsense2_camera_msgs/realsense2_camera_msgs/msg/detail/rgbd__type_support.hpp
[1.985s] -- Up-to-date symlink: /home/ri-one/ri_one_master_ws/install/realsense2_camera_msgs/include/realsense2_camera_msgs/realsense2_camera_msgs/msg/extrinsics.hpp
[1.985s] -- Up-to-date symlink: /home/ri-one/ri_one_master_ws/install/realsense2_camera_msgs/include/realsense2_camera_msgs/realsense2_camera_msgs/msg/imu_info.hpp
[1.985s] -- Up-to-date symlink: /home/ri-one/ri_one_master_ws/install/realsense2_camera_msgs/include/realsense2_camera_msgs/realsense2_camera_msgs/msg/metadata.hpp
[1.989s] -- Up-to-date symlink: /home/ri-one/ri_one_master_ws/install/realsense2_camera_msgs/include/realsense2_camera_msgs/realsense2_camera_msgs/msg/rgbd.hpp
[1.989s] -- Up-to-date symlink: /home/ri-one/ri_one_master_ws/install/realsense2_camera_msgs/include/realsense2_camera_msgs/realsense2_camera_msgs/msg/rosidl_generator_cpp__visibility_control.hpp
[1.989s] -- Up-to-date symlink: /home/ri-one/ri_one_master_ws/install/realsense2_camera_msgs/include/realsense2_camera_msgs/realsense2_camera_msgs/srv/application_config_read.hpp
[1.990s] -- Up-to-date symlink: /home/ri-one/ri_one_master_ws/install/realsense2_camera_msgs/include/realsense2_camera_msgs/realsense2_camera_msgs/srv/application_config_write.hpp
[1.991s] -- Up-to-date symlink: /home/ri-one/ri_one_master_ws/install/realsense2_camera_msgs/include/realsense2_camera_msgs/realsense2_camera_msgs/srv/calib_config_read.hpp
[1.992s] -- Up-to-date symlink: /home/ri-one/ri_one_master_ws/install/realsense2_camera_msgs/include/realsense2_camera_msgs/realsense2_camera_msgs/srv/calib_config_write.hpp
[1.992s] -- Up-to-date symlink: /home/ri-one/ri_one_master_ws/install/realsense2_camera_msgs/include/realsense2_camera_msgs/realsense2_camera_msgs/srv/detail/application_config_read__builder.hpp
[1.993s] -- Up-to-date symlink: /home/ri-one/ri_one_master_ws/install/realsense2_camera_msgs/include/realsense2_camera_msgs/realsense2_camera_msgs/srv/detail/application_config_read__struct.hpp
[1.996s] -- Up-to-date symlink: /home/ri-one/ri_one_master_ws/install/realsense2_camera_msgs/include/realsense2_camera_msgs/realsense2_camera_msgs/srv/detail/application_config_read__traits.hpp
[1.996s] -- Up-to-date symlink: /home/ri-one/ri_one_master_ws/install/realsense2_camera_msgs/include/realsense2_camera_msgs/realsense2_camera_msgs/srv/detail/application_config_read__type_support.hpp
[1.997s] -- Up-to-date symlink: /home/ri-one/ri_one_master_ws/install/realsense2_camera_msgs/include/realsense2_camera_msgs/realsense2_camera_msgs/srv/detail/application_config_write__builder.hpp
[1.997s] -- Up-to-date symlink: /home/ri-one/ri_one_master_ws/install/realsense2_camera_msgs/include/realsense2_camera_msgs/realsense2_camera_msgs/srv/detail/application_config_write__struct.hpp
[1.997s] -- Up-to-date symlink: /home/ri-one/ri_one_master_ws/install/realsense2_camera_msgs/include/realsense2_camera_msgs/realsense2_camera_msgs/srv/detail/application_config_write__traits.hpp
[1.998s] -- Up-to-date symlink: /home/ri-one/ri_one_master_ws/install/realsense2_camera_msgs/include/realsense2_camera_msgs/realsense2_camera_msgs/srv/detail/application_config_write__type_support.hpp
[2.001s] -- Up-to-date symlink: /home/ri-one/ri_one_master_ws/install/realsense2_camera_msgs/include/realsense2_camera_msgs/realsense2_camera_msgs/srv/detail/calib_config_read__builder.hpp
[2.001s] -- Up-to-date symlink: /home/ri-one/ri_one_master_ws/install/realsense2_camera_msgs/include/realsense2_camera_msgs/realsense2_camera_msgs/srv/detail/calib_config_read__struct.hpp
[2.002s] -- Up-to-date symlink: /home/ri-one/ri_one_master_ws/install/realsense2_camera_msgs/include/realsense2_camera_msgs/realsense2_camera_msgs/srv/detail/calib_config_read__traits.hpp
[2.002s] -- Up-to-date symlink: /home/ri-one/ri_one_master_ws/install/realsense2_camera_msgs/include/realsense2_camera_msgs/realsense2_camera_msgs/srv/detail/calib_config_read__type_support.hpp
[2.009s] -- Up-to-date symlink: /home/ri-one/ri_one_master_ws/install/realsense2_camera_msgs/include/realsense2_camera_msgs/realsense2_camera_msgs/srv/detail/calib_config_write__builder.hpp
[2.009s] -- Up-to-date symlink: /home/ri-one/ri_one_master_ws/install/realsense2_camera_msgs/include/realsense2_camera_msgs/realsense2_camera_msgs/srv/detail/calib_config_write__struct.hpp
[2.011s] -- Up-to-date symlink: /home/ri-one/ri_one_master_ws/install/realsense2_camera_msgs/include/realsense2_camera_msgs/realsense2_camera_msgs/srv/detail/calib_config_write__traits.hpp
[2.013s] -- Up-to-date symlink: /home/ri-one/ri_one_master_ws/install/realsense2_camera_msgs/include/realsense2_camera_msgs/realsense2_camera_msgs/srv/detail/calib_config_write__type_support.hpp
[2.013s] -- Up-to-date symlink: /home/ri-one/ri_one_master_ws/install/realsense2_camera_msgs/include/realsense2_camera_msgs/realsense2_camera_msgs/srv/detail/device_info__builder.hpp
[2.013s] -- Up-to-date symlink: /home/ri-one/ri_one_master_ws/install/realsense2_camera_msgs/include/realsense2_camera_msgs/realsense2_camera_msgs/srv/detail/device_info__struct.hpp
[2.013s] -- Up-to-date symlink: /home/ri-one/ri_one_master_ws/install/realsense2_camera_msgs/include/realsense2_camera_msgs/realsense2_camera_msgs/srv/detail/device_info__traits.hpp
[2.013s] -- Up-to-date symlink: /home/ri-one/ri_one_master_ws/install/realsense2_camera_msgs/include/realsense2_camera_msgs/realsense2_camera_msgs/srv/detail/device_info__type_support.hpp
[2.014s] -- Up-to-date symlink: /home/ri-one/ri_one_master_ws/install/realsense2_camera_msgs/include/realsense2_camera_msgs/realsense2_camera_msgs/srv/detail/hardware_monitor_command_send__builder.hpp
[2.015s] -- Up-to-date symlink: /home/ri-one/ri_one_master_ws/install/realsense2_camera_msgs/include/realsense2_camera_msgs/realsense2_camera_msgs/srv/detail/hardware_monitor_command_send__struct.hpp
[2.015s] -- Up-to-date symlink: /home/ri-one/ri_one_master_ws/install/realsense2_camera_msgs/include/realsense2_camera_msgs/realsense2_camera_msgs/srv/detail/hardware_monitor_command_send__traits.hpp
[2.015s] -- Up-to-date symlink: /home/ri-one/ri_one_master_ws/install/realsense2_camera_msgs/include/realsense2_camera_msgs/realsense2_camera_msgs/srv/detail/hardware_monitor_command_send__type_support.hpp
[2.015s] -- Up-to-date symlink: /home/ri-one/ri_one_master_ws/install/realsense2_camera_msgs/include/realsense2_camera_msgs/realsense2_camera_msgs/srv/detail/safety_interface_config_read__builder.hpp
[2.017s] -- Up-to-date symlink: /home/ri-one/ri_one_master_ws/install/realsense2_camera_msgs/include/realsense2_camera_msgs/realsense2_camera_msgs/srv/detail/safety_interface_config_read__struct.hpp
[2.017s] -- Up-to-date symlink: /home/ri-one/ri_one_master_ws/install/realsense2_camera_msgs/include/realsense2_camera_msgs/realsense2_camera_msgs/srv/detail/safety_interface_config_read__traits.hpp
[2.019s] -- Up-to-date symlink: /home/ri-one/ri_one_master_ws/install/realsense2_camera_msgs/include/realsense2_camera_msgs/realsense2_camera_msgs/srv/detail/safety_interface_config_read__type_support.hpp
[2.019s] -- Up-to-date symlink: /home/ri-one/ri_one_master_ws/install/realsense2_camera_msgs/include/realsense2_camera_msgs/realsense2_camera_msgs/srv/detail/safety_interface_config_write__builder.hpp
[2.019s] -- Up-to-date symlink: /home/ri-one/ri_one_master_ws/install/realsense2_camera_msgs/include/realsense2_camera_msgs/realsense2_camera_msgs/srv/detail/safety_interface_config_write__struct.hpp
[2.019s] -- Up-to-date symlink: /home/ri-one/ri_one_master_ws/install/realsense2_camera_msgs/include/realsense2_camera_msgs/realsense2_camera_msgs/srv/detail/safety_interface_config_write__traits.hpp
[2.020s] -- Up-to-date symlink: /home/ri-one/ri_one_master_ws/install/realsense2_camera_msgs/include/realsense2_camera_msgs/realsense2_camera_msgs/srv/detail/safety_interface_config_write__type_support.hpp
[2.026s] -- Up-to-date symlink: /home/ri-one/ri_one_master_ws/install/realsense2_camera_msgs/include/realsense2_camera_msgs/realsense2_camera_msgs/srv/detail/safety_preset_read__builder.hpp
[2.027s] -- Up-to-date symlink: /home/ri-one/ri_one_master_ws/install/realsense2_camera_msgs/include/realsense2_camera_msgs/realsense2_camera_msgs/srv/detail/safety_preset_read__struct.hpp
[2.027s] -- Up-to-date symlink: /home/ri-one/ri_one_master_ws/install/realsense2_camera_msgs/include/realsense2_camera_msgs/realsense2_camera_msgs/srv/detail/safety_preset_read__traits.hpp
[2.028s] -- Up-to-date symlink: /home/ri-one/ri_one_master_ws/install/realsense2_camera_msgs/include/realsense2_camera_msgs/realsense2_camera_msgs/srv/detail/safety_preset_read__type_support.hpp
[2.029s] -- Up-to-date symlink: /home/ri-one/ri_one_master_ws/install/realsense2_camera_msgs/include/realsense2_camera_msgs/realsense2_camera_msgs/srv/detail/safety_preset_write__builder.hpp
[2.029s] -- Up-to-date symlink: /home/ri-one/ri_one_master_ws/install/realsense2_camera_msgs/include/realsense2_camera_msgs/realsense2_camera_msgs/srv/detail/safety_preset_write__struct.hpp
[2.029s] -- Up-to-date symlink: /home/ri-one/ri_one_master_ws/install/realsense2_camera_msgs/include/realsense2_camera_msgs/realsense2_camera_msgs/srv/detail/safety_preset_write__traits.hpp
[2.029s] -- Up-to-date symlink: /home/ri-one/ri_one_master_ws/install/realsense2_camera_msgs/include/realsense2_camera_msgs/realsense2_camera_msgs/srv/detail/safety_preset_write__type_support.hpp
[2.029s] -- Up-to-date symlink: /home/ri-one/ri_one_master_ws/install/realsense2_camera_msgs/include/realsense2_camera_msgs/realsense2_camera_msgs/srv/device_info.hpp
[2.029s] -- Up-to-date symlink: /home/ri-one/ri_one_master_ws/install/realsense2_camera_msgs/include/realsense2_camera_msgs/realsense2_camera_msgs/srv/hardware_monitor_command_send.hpp
[2.029s] -- Up-to-date symlink: /home/ri-one/ri_one_master_ws/install/realsense2_camera_msgs/include/realsense2_camera_msgs/realsense2_camera_msgs/srv/safety_interface_config_read.hpp
[2.034s] -- Up-to-date symlink: /home/ri-one/ri_one_master_ws/install/realsense2_camera_msgs/include/realsense2_camera_msgs/realsense2_camera_msgs/srv/safety_interface_config_write.hpp
[2.034s] -- Up-to-date symlink: /home/ri-one/ri_one_master_ws/install/realsense2_camera_msgs/include/realsense2_camera_msgs/realsense2_camera_msgs/srv/safety_preset_read.hpp
[2.034s] -- Up-to-date symlink: /home/ri-one/ri_one_master_ws/install/realsense2_camera_msgs/include/realsense2_camera_msgs/realsense2_camera_msgs/srv/safety_preset_write.hpp
[2.034s] -- Up-to-date symlink: /home/ri-one/ri_one_master_ws/install/realsense2_camera_msgs/include/realsense2_camera_msgs/realsense2_camera_msgs/action/detail/triggered_calibration__rosidl_typesupport_fastrtps_cpp.hpp
[2.035s] -- Up-to-date symlink: /home/ri-one/ri_one_master_ws/install/realsense2_camera_msgs/include/realsense2_camera_msgs/realsense2_camera_msgs/msg/detail/extrinsics__rosidl_typesupport_fastrtps_cpp.hpp
[2.035s] -- Up-to-date symlink: /home/ri-one/ri_one_master_ws/install/realsense2_camera_msgs/include/realsense2_camera_msgs/realsense2_camera_msgs/msg/detail/imu_info__rosidl_typesupport_fastrtps_cpp.hpp
[2.035s] -- Up-to-date symlink: /home/ri-one/ri_one_master_ws/install/realsense2_camera_msgs/include/realsense2_camera_msgs/realsense2_camera_msgs/msg/detail/metadata__rosidl_typesupport_fastrtps_cpp.hpp
[2.036s] -- Up-to-date symlink: /home/ri-one/ri_one_master_ws/install/realsense2_camera_msgs/include/realsense2_camera_msgs/realsense2_camera_msgs/msg/detail/rgbd__rosidl_typesupport_fastrtps_cpp.hpp
[2.039s] -- Up-to-date symlink: /home/ri-one/ri_one_master_ws/install/realsense2_camera_msgs/include/realsense2_camera_msgs/realsense2_camera_msgs/msg/rosidl_typesupport_fastrtps_cpp__visibility_control.h
[2.039s] -- Up-to-date symlink: /home/ri-one/ri_one_master_ws/install/realsense2_camera_msgs/include/realsense2_camera_msgs/realsense2_camera_msgs/srv/detail/application_config_read__rosidl_typesupport_fastrtps_cpp.hpp
[2.040s] -- Up-to-date symlink: /home/ri-one/ri_one_master_ws/install/realsense2_camera_msgs/include/realsense2_camera_msgs/realsense2_camera_msgs/srv/detail/application_config_write__rosidl_typesupport_fastrtps_cpp.hpp
[2.040s] -- Up-to-date symlink: /home/ri-one/ri_one_master_ws/install/realsense2_camera_msgs/include/realsense2_camera_msgs/realsense2_camera_msgs/srv/detail/calib_config_read__rosidl_typesupport_fastrtps_cpp.hpp
[2.041s] -- Up-to-date symlink: /home/ri-one/ri_one_master_ws/install/realsense2_camera_msgs/include/realsense2_camera_msgs/realsense2_camera_msgs/srv/detail/calib_config_write__rosidl_typesupport_fastrtps_cpp.hpp
[2.041s] -- Up-to-date symlink: /home/ri-one/ri_one_master_ws/install/realsense2_camera_msgs/include/realsense2_camera_msgs/realsense2_camera_msgs/srv/detail/device_info__rosidl_typesupport_fastrtps_cpp.hpp
[2.042s] -- Up-to-date symlink: /home/ri-one/ri_one_master_ws/install/realsense2_camera_msgs/include/realsense2_camera_msgs/realsense2_camera_msgs/srv/detail/hardware_monitor_command_send__rosidl_typesupport_fastrtps_cpp.hpp
[2.042s] -- Up-to-date symlink: /home/ri-one/ri_one_master_ws/install/realsense2_camera_msgs/include/realsense2_camera_msgs/realsense2_camera_msgs/srv/detail/safety_interface_config_read__rosidl_typesupport_fastrtps_cpp.hpp
[2.047s] -- Up-to-date symlink: /home/ri-one/ri_one_master_ws/install/realsense2_camera_msgs/include/realsense2_camera_msgs/realsense2_camera_msgs/srv/detail/safety_interface_config_write__rosidl_typesupport_fastrtps_cpp.hpp
[2.047s] -- Up-to-date symlink: /home/ri-one/ri_one_master_ws/install/realsense2_camera_msgs/include/realsense2_camera_msgs/realsense2_camera_msgs/srv/detail/safety_preset_read__rosidl_typesupport_fastrtps_cpp.hpp
[2.047s] -- Up-to-date symlink: /home/ri-one/ri_one_master_ws/install/realsense2_camera_msgs/include/realsense2_camera_msgs/realsense2_camera_msgs/srv/detail/safety_preset_write__rosidl_typesupport_fastrtps_cpp.hpp
[2.047s] -- Up-to-date symlink: /home/ri-one/ri_one_master_ws/install/realsense2_camera_msgs/include/realsense2_camera_msgs/realsense2_camera_msgs/action/detail/triggered_calibration__rosidl_typesupport_introspection_cpp.hpp
[2.048s] -- Up-to-date symlink: /home/ri-one/ri_one_master_ws/install/realsense2_camera_msgs/include/realsense2_camera_msgs/realsense2_camera_msgs/msg/detail/extrinsics__rosidl_typesupport_introspection_cpp.hpp
[2.051s] -- Up-to-date symlink: /home/ri-one/ri_one_master_ws/install/realsense2_camera_msgs/include/realsense2_camera_msgs/realsense2_camera_msgs/msg/detail/imu_info__rosidl_typesupport_introspection_cpp.hpp
[2.051s] -- Up-to-date symlink: /home/ri-one/ri_one_master_ws/install/realsense2_camera_msgs/include/realsense2_camera_msgs/realsense2_camera_msgs/msg/detail/metadata__rosidl_typesupport_introspection_cpp.hpp
[2.051s] -- Up-to-date symlink: /home/ri-one/ri_one_master_ws/install/realsense2_camera_msgs/include/realsense2_camera_msgs/realsense2_camera_msgs/msg/detail/rgbd__rosidl_typesupport_introspection_cpp.hpp
[2.052s] -- Up-to-date symlink: /home/ri-one/ri_one_master_ws/install/realsense2_camera_msgs/include/realsense2_camera_msgs/realsense2_camera_msgs/srv/detail/application_config_read__rosidl_typesupport_introspection_cpp.hpp
[2.052s] -- Up-to-date symlink: /home/ri-one/ri_one_master_ws/install/realsense2_camera_msgs/include/realsense2_camera_msgs/realsense2_camera_msgs/srv/detail/application_config_write__rosidl_typesupport_introspection_cpp.hpp
[2.052s] -- Up-to-date symlink: /home/ri-one/ri_one_master_ws/install/realsense2_camera_msgs/include/realsense2_camera_msgs/realsense2_camera_msgs/srv/detail/calib_config_read__rosidl_typesupport_introspection_cpp.hpp
[2.053s] -- Up-to-date symlink: /home/ri-one/ri_one_master_ws/install/realsense2_camera_msgs/include/realsense2_camera_msgs/realsense2_camera_msgs/srv/detail/calib_config_write__rosidl_typesupport_introspection_cpp.hpp
[2.053s] -- Up-to-date symlink: /home/ri-one/ri_one_master_ws/install/realsense2_camera_msgs/include/realsense2_camera_msgs/realsense2_camera_msgs/srv/detail/device_info__rosidl_typesupport_introspection_cpp.hpp
[2.058s] -- Up-to-date symlink: /home/ri-one/ri_one_master_ws/install/realsense2_camera_msgs/include/realsense2_camera_msgs/realsense2_camera_msgs/srv/detail/hardware_monitor_command_send__rosidl_typesupport_introspection_cpp.hpp
[2.059s] -- Up-to-date symlink: /home/ri-one/ri_one_master_ws/install/realsense2_camera_msgs/include/realsense2_camera_msgs/realsense2_camera_msgs/srv/detail/safety_interface_config_read__rosidl_typesupport_introspection_cpp.hpp
[2.059s] -- Up-to-date symlink: /home/ri-one/ri_one_master_ws/install/realsense2_camera_msgs/include/realsense2_camera_msgs/realsense2_camera_msgs/srv/detail/safety_interface_config_write__rosidl_typesupport_introspection_cpp.hpp
[2.059s] -- Up-to-date symlink: /home/ri-one/ri_one_master_ws/install/realsense2_camera_msgs/include/realsense2_camera_msgs/realsense2_camera_msgs/srv/detail/safety_preset_read__rosidl_typesupport_introspection_cpp.hpp
[2.059s] -- Up-to-date symlink: /home/ri-one/ri_one_master_ws/install/realsense2_camera_msgs/include/realsense2_camera_msgs/realsense2_camera_msgs/srv/detail/safety_preset_write__rosidl_typesupport_introspection_cpp.hpp
[2.060s] -- Up-to-date symlink: /home/ri-one/ri_one_master_ws/install/realsense2_camera_msgs/share/realsense2_camera_msgs/environment/pythonpath.sh
[2.060s] -- Up-to-date symlink: /home/ri-one/ri_one_master_ws/install/realsense2_camera_msgs/share/realsense2_camera_msgs/environment/pythonpath.dsv
[2.067s] -- Up-to-date symlink: /home/ri-one/ri_one_master_ws/install/realsense2_camera_msgs/local/lib/python3.10/dist-packages/realsense2_camera_msgs-4.57.6-py3.10.egg-info/PKG-INFO
[2.067s] -- Up-to-date symlink: /home/ri-one/ri_one_master_ws/install/realsense2_camera_msgs/local/lib/python3.10/dist-packages/realsense2_camera_msgs-4.57.6-py3.10.egg-info/SOURCES.txt
[2.067s] -- Up-to-date symlink: /home/ri-one/ri_one_master_ws/install/realsense2_camera_msgs/local/lib/python3.10/dist-packages/realsense2_camera_msgs-4.57.6-py3.10.egg-info/dependency_links.txt
[2.067s] -- Up-to-date symlink: /home/ri-one/ri_one_master_ws/install/realsense2_camera_msgs/local/lib/python3.10/dist-packages/realsense2_camera_msgs-4.57.6-py3.10.egg-info/top_level.txt
[2.070s] -- Up-to-date symlink: /home/ri-one/ri_one_master_ws/install/realsense2_camera_msgs/local/lib/python3.10/dist-packages/realsense2_camera_msgs/__init__.py
[2.070s] -- Up-to-date symlink: /home/ri-one/ri_one_master_ws/install/realsense2_camera_msgs/local/lib/python3.10/dist-packages/realsense2_camera_msgs/_realsense2_camera_msgs_s.ep.rosidl_typesupport_c.c
[2.070s] -- Up-to-date symlink: /home/ri-one/ri_one_master_ws/install/realsense2_camera_msgs/local/lib/python3.10/dist-packages/realsense2_camera_msgs/_realsense2_camera_msgs_s.ep.rosidl_typesupport_fastrtps_c.c
[2.071s] -- Up-to-date symlink: /home/ri-one/ri_one_master_ws/install/realsense2_camera_msgs/local/lib/python3.10/dist-packages/realsense2_camera_msgs/_realsense2_camera_msgs_s.ep.rosidl_typesupport_introspection_c.c
[2.071s] -- Up-to-date symlink: /home/ri-one/ri_one_master_ws/install/realsense2_camera_msgs/local/lib/python3.10/dist-packages/realsense2_camera_msgs/action/__init__.py
[2.071s] -- Up-to-date symlink: /home/ri-one/ri_one_master_ws/install/realsense2_camera_msgs/local/lib/python3.10/dist-packages/realsense2_camera_msgs/action/_triggered_calibration.py
[2.078s] -- Up-to-date symlink: /home/ri-one/ri_one_master_ws/install/realsense2_camera_msgs/local/lib/python3.10/dist-packages/realsense2_camera_msgs/action/_triggered_calibration_s.c
[2.078s] -- Up-to-date symlink: /home/ri-one/ri_one_master_ws/install/realsense2_camera_msgs/local/lib/python3.10/dist-packages/realsense2_camera_msgs/librealsense2_camera_msgs__rosidl_generator_py.so
[2.078s] -- Up-to-date symlink: /home/ri-one/ri_one_master_ws/install/realsense2_camera_msgs/local/lib/python3.10/dist-packages/realsense2_camera_msgs/msg/__init__.py
[2.079s] -- Up-to-date symlink: /home/ri-one/ri_one_master_ws/install/realsense2_camera_msgs/local/lib/python3.10/dist-packages/realsense2_camera_msgs/msg/_extrinsics.py
[2.079s] -- Up-to-date symlink: /home/ri-one/ri_one_master_ws/install/realsense2_camera_msgs/local/lib/python3.10/dist-packages/realsense2_camera_msgs/msg/_extrinsics_s.c
[2.079s] -- Up-to-date symlink: /home/ri-one/ri_one_master_ws/install/realsense2_camera_msgs/local/lib/python3.10/dist-packages/realsense2_camera_msgs/msg/_imu_info.py
[2.079s] -- Up-to-date symlink: /home/ri-one/ri_one_master_ws/install/realsense2_camera_msgs/local/lib/python3.10/dist-packages/realsense2_camera_msgs/msg/_imu_info_s.c
[2.080s] -- Up-to-date symlink: /home/ri-one/ri_one_master_ws/install/realsense2_camera_msgs/local/lib/python3.10/dist-packages/realsense2_camera_msgs/msg/_metadata.py
[2.080s] -- Up-to-date symlink: /home/ri-one/ri_one_master_ws/install/realsense2_camera_msgs/local/lib/python3.10/dist-packages/realsense2_camera_msgs/msg/_metadata_s.c
[2.080s] -- Up-to-date symlink: /home/ri-one/ri_one_master_ws/install/realsense2_camera_msgs/local/lib/python3.10/dist-packages/realsense2_camera_msgs/msg/_rgbd.py
[2.088s] -- Up-to-date symlink: /home/ri-one/ri_one_master_ws/install/realsense2_camera_msgs/local/lib/python3.10/dist-packages/realsense2_camera_msgs/msg/_rgbd_s.c
[2.088s] -- Up-to-date symlink: /home/ri-one/ri_one_master_ws/install/realsense2_camera_msgs/local/lib/python3.10/dist-packages/realsense2_camera_msgs/realsense2_camera_msgs_s__rosidl_typesupport_c.cpython-310-x86_64-linux-gnu.so
[2.088s] -- Up-to-date symlink: /home/ri-one/ri_one_master_ws/install/realsense2_camera_msgs/local/lib/python3.10/dist-packages/realsense2_camera_msgs/realsense2_camera_msgs_s__rosidl_typesupport_fastrtps_c.cpython-310-x86_64-linux-gnu.so
[2.089s] -- Up-to-date symlink: /home/ri-one/ri_one_master_ws/install/realsense2_camera_msgs/local/lib/python3.10/dist-packages/realsense2_camera_msgs/realsense2_camera_msgs_s__rosidl_typesupport_introspection_c.cpython-310-x86_64-linux-gnu.so
[2.092s] -- Up-to-date symlink: /home/ri-one/ri_one_master_ws/install/realsense2_camera_msgs/local/lib/python3.10/dist-packages/realsense2_camera_msgs/srv/__init__.py
[2.093s] -- Up-to-date symlink: /home/ri-one/ri_one_master_ws/install/realsense2_camera_msgs/local/lib/python3.10/dist-packages/realsense2_camera_msgs/srv/_application_config_read.py
[2.093s] -- Up-to-date symlink: /home/ri-one/ri_one_master_ws/install/realsense2_camera_msgs/local/lib/python3.10/dist-packages/realsense2_camera_msgs/srv/_application_config_read_s.c
[2.093s] -- Up-to-date symlink: /home/ri-one/ri_one_master_ws/install/realsense2_camera_msgs/local/lib/python3.10/dist-packages/realsense2_camera_msgs/srv/_application_config_write.py
[2.093s] -- Up-to-date symlink: /home/ri-one/ri_one_master_ws/install/realsense2_camera_msgs/local/lib/python3.10/dist-packages/realsense2_camera_msgs/srv/_application_config_write_s.c
[2.093s] -- Up-to-date symlink: /home/ri-one/ri_one_master_ws/install/realsense2_camera_msgs/local/lib/python3.10/dist-packages/realsense2_camera_msgs/srv/_calib_config_read.py
[2.098s] -- Up-to-date symlink: /home/ri-one/ri_one_master_ws/install/realsense2_camera_msgs/local/lib/python3.10/dist-packages/realsense2_camera_msgs/srv/_calib_config_read_s.c
[2.102s] -- Up-to-date symlink: /home/ri-one/ri_one_master_ws/install/realsense2_camera_msgs/local/lib/python3.10/dist-packages/realsense2_camera_msgs/srv/_calib_config_write.py
[2.102s] -- Up-to-date symlink: /home/ri-one/ri_one_master_ws/install/realsense2_camera_msgs/local/lib/python3.10/dist-packages/realsense2_camera_msgs/srv/_calib_config_write_s.c
[2.102s] -- Up-to-date symlink: /home/ri-one/ri_one_master_ws/install/realsense2_camera_msgs/local/lib/python3.10/dist-packages/realsense2_camera_msgs/srv/_device_info.py
[2.103s] -- Up-to-date symlink: /home/ri-one/ri_one_master_ws/install/realsense2_camera_msgs/local/lib/python3.10/dist-packages/realsense2_camera_msgs/srv/_device_info_s.c
[2.103s] -- Up-to-date symlink: /home/ri-one/ri_one_master_ws/install/realsense2_camera_msgs/local/lib/python3.10/dist-packages/realsense2_camera_msgs/srv/_hardware_monitor_command_send.py
[2.103s] -- Up-to-date symlink: /home/ri-one/ri_one_master_ws/install/realsense2_camera_msgs/local/lib/python3.10/dist-packages/realsense2_camera_msgs/srv/_hardware_monitor_command_send_s.c
[2.103s] -- Up-to-date symlink: /home/ri-one/ri_one_master_ws/install/realsense2_camera_msgs/local/lib/python3.10/dist-packages/realsense2_camera_msgs/srv/_safety_interface_config_read.py
[2.103s] -- Up-to-date symlink: /home/ri-one/ri_one_master_ws/install/realsense2_camera_msgs/local/lib/python3.10/dist-packages/realsense2_camera_msgs/srv/_safety_interface_config_read_s.c
[2.105s] -- Up-to-date symlink: /home/ri-one/ri_one_master_ws/install/realsense2_camera_msgs/local/lib/python3.10/dist-packages/realsense2_camera_msgs/srv/_safety_interface_config_write.py
[2.105s] -- Up-to-date symlink: /home/ri-one/ri_one_master_ws/install/realsense2_camera_msgs/local/lib/python3.10/dist-packages/realsense2_camera_msgs/srv/_safety_interface_config_write_s.c
[2.105s] -- Up-to-date symlink: /home/ri-one/ri_one_master_ws/install/realsense2_camera_msgs/local/lib/python3.10/dist-packages/realsense2_camera_msgs/srv/_safety_preset_read.py
[2.106s] -- Up-to-date symlink: /home/ri-one/ri_one_master_ws/install/realsense2_camera_msgs/local/lib/python3.10/dist-packages/realsense2_camera_msgs/srv/_safety_preset_read_s.c
[2.106s] -- Up-to-date symlink: /home/ri-one/ri_one_master_ws/install/realsense2_camera_msgs/local/lib/python3.10/dist-packages/realsense2_camera_msgs/srv/_safety_preset_write.py
[2.106s] -- Up-to-date symlink: /home/ri-one/ri_one_master_ws/install/realsense2_camera_msgs/local/lib/python3.10/dist-packages/realsense2_camera_msgs/srv/_safety_preset_write_s.c
[2.109s] -- Up-to-date symlink: /home/ri-one/ri_one_master_ws/install/realsense2_camera_msgs/local/lib/python3.10/dist-packages/realsense2_camera_msgs/realsense2_camera_msgs_s__rosidl_typesupport_fastrtps_c.cpython-310-x86_64-linux-gnu.so
[2.110s] -- Up-to-date symlink: /home/ri-one/ri_one_master_ws/install/realsense2_camera_msgs/local/lib/python3.10/dist-packages/realsense2_camera_msgs/realsense2_camera_msgs_s__rosidl_typesupport_introspection_c.cpython-310-x86_64-linux-gnu.so
[2.111s] -- Up-to-date symlink: /home/ri-one/ri_one_master_ws/install/realsense2_camera_msgs/local/lib/python3.10/dist-packages/realsense2_camera_msgs/realsense2_camera_msgs_s__rosidl_typesupport_c.cpython-310-x86_64-linux-gnu.so
[2.112s] -- Up-to-date symlink: /home/ri-one/ri_one_master_ws/install/realsense2_camera_msgs/share/realsense2_camera_msgs/msg/IMUInfo.idl
[2.112s] -- Up-to-date symlink: /home/ri-one/ri_one_master_ws/install/realsense2_camera_msgs/share/realsense2_camera_msgs/msg/Extrinsics.idl
[2.113s] -- Up-to-date symlink: /home/ri-one/ri_one_master_ws/install/realsense2_camera_msgs/share/realsense2_camera_msgs/msg/Metadata.idl
[2.114s] -- Up-to-date symlink: /home/ri-one/ri_one_master_ws/install/realsense2_camera_msgs/share/realsense2_camera_msgs/msg/RGBD.idl
[2.114s] -- Up-to-date symlink: /home/ri-one/ri_one_master_ws/install/realsense2_camera_msgs/share/realsense2_camera_msgs/srv/DeviceInfo.idl
[2.115s] -- Up-to-date symlink: /home/ri-one/ri_one_master_ws/install/realsense2_camera_msgs/share/realsense2_camera_msgs/srv/SafetyPresetRead.idl
[2.115s] -- Up-to-date symlink: /home/ri-one/ri_one_master_ws/install/realsense2_camera_msgs/share/realsense2_camera_msgs/srv/SafetyPresetWrite.idl
[2.116s] -- Up-to-date symlink: /home/ri-one/ri_one_master_ws/install/realsense2_camera_msgs/share/realsense2_camera_msgs/srv/SafetyInterfaceConfigRead.idl
[2.117s] -- Up-to-date symlink: /home/ri-one/ri_one_master_ws/install/realsense2_camera_msgs/share/realsense2_camera_msgs/srv/SafetyInterfaceConfigWrite.idl
[2.118s] -- Up-to-date symlink: /home/ri-one/ri_one_master_ws/install/realsense2_camera_msgs/share/realsense2_camera_msgs/srv/CalibConfigRead.idl
[2.118s] -- Up-to-date symlink: /home/ri-one/ri_one_master_ws/install/realsense2_camera_msgs/share/realsense2_camera_msgs/srv/CalibConfigWrite.idl
[2.118s] -- Up-to-date symlink: /home/ri-one/ri_one_master_ws/install/realsense2_camera_msgs/share/realsense2_camera_msgs/srv/ApplicationConfigRead.idl
[2.118s] -- Up-to-date symlink: /home/ri-one/ri_one_master_ws/install/realsense2_camera_msgs/share/realsense2_camera_msgs/srv/ApplicationConfigWrite.idl
[2.119s] -- Up-to-date symlink: /home/ri-one/ri_one_master_ws/install/realsense2_camera_msgs/share/realsense2_camera_msgs/srv/HardwareMonitorCommandSend.idl
[2.119s] -- Up-to-date symlink: /home/ri-one/ri_one_master_ws/install/realsense2_camera_msgs/share/realsense2_camera_msgs/action/TriggeredCalibration.idl
[2.120s] -- Up-to-date symlink: /home/ri-one/ri_one_master_ws/install/realsense2_camera_msgs/share/realsense2_camera_msgs/msg/IMUInfo.msg
[2.121s] -- Up-to-date symlink: /home/ri-one/ri_one_master_ws/install/realsense2_camera_msgs/share/realsense2_camera_msgs/msg/Extrinsics.msg
[2.122s] -- Up-to-date symlink: /home/ri-one/ri_one_master_ws/install/realsense2_camera_msgs/share/realsense2_camera_msgs/msg/Metadata.msg
[2.123s] -- Up-to-date symlink: /home/ri-one/ri_one_master_ws/install/realsense2_camera_msgs/share/realsense2_camera_msgs/msg/RGBD.msg
[2.123s] -- Up-to-date symlink: /home/ri-one/ri_one_master_ws/install/realsense2_camera_msgs/share/realsense2_camera_msgs/srv/DeviceInfo.srv
[2.124s] -- Up-to-date symlink: /home/ri-one/ri_one_master_ws/install/realsense2_camera_msgs/share/realsense2_camera_msgs/srv/DeviceInfo_Request.msg
[2.124s] -- Up-to-date symlink: /home/ri-one/ri_one_master_ws/install/realsense2_camera_msgs/share/realsense2_camera_msgs/srv/DeviceInfo_Response.msg
[2.124s] -- Up-to-date symlink: /home/ri-one/ri_one_master_ws/install/realsense2_camera_msgs/share/realsense2_camera_msgs/srv/SafetyPresetRead.srv
[2.124s] -- Up-to-date symlink: /home/ri-one/ri_one_master_ws/install/realsense2_camera_msgs/share/realsense2_camera_msgs/srv/SafetyPresetRead_Request.msg
[2.125s] -- Up-to-date symlink: /home/ri-one/ri_one_master_ws/install/realsense2_camera_msgs/share/realsense2_camera_msgs/srv/SafetyPresetRead_Response.msg
[2.125s] -- Up-to-date symlink: /home/ri-one/ri_one_master_ws/install/realsense2_camera_msgs/share/realsense2_camera_msgs/srv/SafetyPresetWrite.srv
[2.126s] -- Up-to-date symlink: /home/ri-one/ri_one_master_ws/install/realsense2_camera_msgs/share/realsense2_camera_msgs/srv/SafetyPresetWrite_Request.msg
[2.126s] -- Up-to-date symlink: /home/ri-one/ri_one_master_ws/install/realsense2_camera_msgs/share/realsense2_camera_msgs/srv/SafetyPresetWrite_Response.msg
[2.127s] -- Up-to-date symlink: /home/ri-one/ri_one_master_ws/install/realsense2_camera_msgs/share/realsense2_camera_msgs/srv/SafetyInterfaceConfigRead.srv
[2.127s] -- Up-to-date symlink: /home/ri-one/ri_one_master_ws/install/realsense2_camera_msgs/share/realsense2_camera_msgs/srv/SafetyInterfaceConfigRead_Request.msg
[2.129s] -- Up-to-date symlink: /home/ri-one/ri_one_master_ws/install/realsense2_camera_msgs/share/realsense2_camera_msgs/srv/SafetyInterfaceConfigRead_Response.msg
[2.129s] -- Up-to-date symlink: /home/ri-one/ri_one_master_ws/install/realsense2_camera_msgs/share/realsense2_camera_msgs/srv/SafetyInterfaceConfigWrite.srv
[2.130s] -- Up-to-date symlink: /home/ri-one/ri_one_master_ws/install/realsense2_camera_msgs/share/realsense2_camera_msgs/srv/SafetyInterfaceConfigWrite_Request.msg
[2.130s] -- Up-to-date symlink: /home/ri-one/ri_one_master_ws/install/realsense2_camera_msgs/share/realsense2_camera_msgs/srv/SafetyInterfaceConfigWrite_Response.msg
[2.131s] -- Up-to-date symlink: /home/ri-one/ri_one_master_ws/install/realsense2_camera_msgs/share/realsense2_camera_msgs/srv/CalibConfigRead.srv
[2.131s] -- Up-to-date symlink: /home/ri-one/ri_one_master_ws/install/realsense2_camera_msgs/share/realsense2_camera_msgs/srv/CalibConfigRead_Request.msg
[2.131s] -- Up-to-date symlink: /home/ri-one/ri_one_master_ws/install/realsense2_camera_msgs/share/realsense2_camera_msgs/srv/CalibConfigRead_Response.msg
[2.132s] -- Up-to-date symlink: /home/ri-one/ri_one_master_ws/install/realsense2_camera_msgs/share/realsense2_camera_msgs/srv/CalibConfigWrite.srv
[2.132s] -- Up-to-date symlink: /home/ri-one/ri_one_master_ws/install/realsense2_camera_msgs/share/realsense2_camera_msgs/srv/CalibConfigWrite_Request.msg
[2.133s] -- Up-to-date symlink: /home/ri-one/ri_one_master_ws/install/realsense2_camera_msgs/share/realsense2_camera_msgs/srv/CalibConfigWrite_Response.msg
[2.133s] -- Up-to-date symlink: /home/ri-one/ri_one_master_ws/install/realsense2_camera_msgs/share/realsense2_camera_msgs/srv/ApplicationConfigRead.srv
[2.133s] -- Up-to-date symlink: /home/ri-one/ri_one_master_ws/install/realsense2_camera_msgs/share/realsense2_camera_msgs/srv/ApplicationConfigRead_Request.msg
[2.134s] -- Up-to-date symlink: /home/ri-one/ri_one_master_ws/install/realsense2_camera_msgs/share/realsense2_camera_msgs/srv/ApplicationConfigRead_Response.msg
[2.134s] -- Up-to-date symlink: /home/ri-one/ri_one_master_ws/install/realsense2_camera_msgs/share/realsense2_camera_msgs/srv/ApplicationConfigWrite.srv
[2.135s] -- Up-to-date symlink: /home/ri-one/ri_one_master_ws/install/realsense2_camera_msgs/share/realsense2_camera_msgs/srv/ApplicationConfigWrite_Request.msg
[2.136s] -- Up-to-date symlink: /home/ri-one/ri_one_master_ws/install/realsense2_camera_msgs/share/realsense2_camera_msgs/srv/ApplicationConfigWrite_Response.msg
[2.136s] -- Up-to-date symlink: /home/ri-one/ri_one_master_ws/install/realsense2_camera_msgs/share/realsense2_camera_msgs/srv/HardwareMonitorCommandSend.srv
[2.137s] -- Up-to-date symlink: /home/ri-one/ri_one_master_ws/install/realsense2_camera_msgs/share/realsense2_camera_msgs/srv/HardwareMonitorCommandSend_Request.msg
[2.137s] -- Up-to-date symlink: /home/ri-one/ri_one_master_ws/install/realsense2_camera_msgs/share/realsense2_camera_msgs/srv/HardwareMonitorCommandSend_Response.msg
[2.138s] -- Up-to-date symlink: /home/ri-one/ri_one_master_ws/install/realsense2_camera_msgs/share/realsense2_camera_msgs/action/TriggeredCalibration.action
[2.138s] -- Up-to-date symlink: /home/ri-one/ri_one_master_ws/install/realsense2_camera_msgs/share/ament_index/resource_index/package_run_dependencies/realsense2_camera_msgs
[2.139s] -- Up-to-date symlink: /home/ri-one/ri_one_master_ws/install/realsense2_camera_msgs/share/ament_index/resource_index/parent_prefix_path/realsense2_camera_msgs
[2.139s] -- Up-to-date symlink: /home/ri-one/ri_one_master_ws/install/realsense2_camera_msgs/share/realsense2_camera_msgs/environment/ament_prefix_path.sh
[2.140s] -- Up-to-date symlink: /home/ri-one/ri_one_master_ws/install/realsense2_camera_msgs/share/realsense2_camera_msgs/environment/ament_prefix_path.dsv
[2.140s] -- Up-to-date symlink: /home/ri-one/ri_one_master_ws/install/realsense2_camera_msgs/share/realsense2_camera_msgs/environment/path.sh
[2.140s] -- Up-to-date symlink: /home/ri-one/ri_one_master_ws/install/realsense2_camera_msgs/share/realsense2_camera_msgs/environment/path.dsv
[2.141s] -- Up-to-date symlink: /home/ri-one/ri_one_master_ws/install/realsense2_camera_msgs/share/realsense2_camera_msgs/local_setup.bash
[2.141s] -- Up-to-date symlink: /home/ri-one/ri_one_master_ws/install/realsense2_camera_msgs/share/realsense2_camera_msgs/local_setup.sh
[2.142s] -- Up-to-date symlink: /home/ri-one/ri_one_master_ws/install/realsense2_camera_msgs/share/realsense2_camera_msgs/local_setup.zsh
[2.142s] -- Up-to-date symlink: /home/ri-one/ri_one_master_ws/install/realsense2_camera_msgs/share/realsense2_camera_msgs/local_setup.dsv
[2.142s] -- Symlinking: /home/ri-one/ri_one_master_ws/install/realsense2_camera_msgs/share/realsense2_camera_msgs/package.dsv
[2.169s] -- Up-to-date symlink: /home/ri-one/ri_one_master_ws/install/realsense2_camera_msgs/share/ament_index/resource_index/packages/realsense2_camera_msgs
[2.170s] -- Up-to-date symlink: /home/ri-one/ri_one_master_ws/install/realsense2_camera_msgs/share/realsense2_camera_msgs/cmake/rosidl_cmake-extras.cmake
[2.170s] -- Up-to-date symlink: /home/ri-one/ri_one_master_ws/install/realsense2_camera_msgs/share/realsense2_camera_msgs/cmake/ament_cmake_export_dependencies-extras.cmake
[2.171s] -- Up-to-date symlink: /home/ri-one/ri_one_master_ws/install/realsense2_camera_msgs/share/realsense2_camera_msgs/cmake/ament_cmake_export_include_directories-extras.cmake
[2.171s] -- Up-to-date symlink: /home/ri-one/ri_one_master_ws/install/realsense2_camera_msgs/share/realsense2_camera_msgs/cmake/ament_cmake_export_libraries-extras.cmake
[2.173s] -- Up-to-date symlink: /home/ri-one/ri_one_master_ws/install/realsense2_camera_msgs/share/realsense2_camera_msgs/cmake/ament_cmake_export_targets-extras.cmake
[2.175s] -- Up-to-date symlink: /home/ri-one/ri_one_master_ws/install/realsense2_camera_msgs/share/realsense2_camera_msgs/cmake/rosidl_cmake_export_typesupport_targets-extras.cmake
[2.175s] -- Up-to-date symlink: /home/ri-one/ri_one_master_ws/install/realsense2_camera_msgs/share/realsense2_camera_msgs/cmake/rosidl_cmake_export_typesupport_libraries-extras.cmake
[2.175s] -- Up-to-date symlink: /home/ri-one/ri_one_master_ws/install/realsense2_camera_msgs/share/realsense2_camera_msgs/cmake/realsense2_camera_msgsConfig.cmake
[2.177s] -- Up-to-date symlink: /home/ri-one/ri_one_master_ws/install/realsense2_camera_msgs/share/realsense2_camera_msgs/cmake/realsense2_camera_msgsConfig-version.cmake
[2.177s] -- Up-to-date symlink: /home/ri-one/ri_one_master_ws/install/realsense2_camera_msgs/share/realsense2_camera_msgs/package.xml
[2.177s] -- Up-to-date: /home/ri-one/ri_one_master_ws/install/realsense2_camera_msgs/lib/librealsense2_camera_msgs__rosidl_generator_c.so
[2.177s] -- Up-to-date: /home/ri-one/ri_one_master_ws/install/realsense2_camera_msgs/lib/librealsense2_camera_msgs__rosidl_typesupport_fastrtps_c.so
[2.177s] -- Up-to-date: /home/ri-one/ri_one_master_ws/install/realsense2_camera_msgs/lib/librealsense2_camera_msgs__rosidl_typesupport_introspection_c.so
[2.180s] -- Up-to-date: /home/ri-one/ri_one_master_ws/install/realsense2_camera_msgs/lib/librealsense2_camera_msgs__rosidl_typesupport_c.so
[2.180s] -- Up-to-date: /home/ri-one/ri_one_master_ws/install/realsense2_camera_msgs/lib/librealsense2_camera_msgs__rosidl_typesupport_fastrtps_cpp.so
[2.180s] -- Up-to-date: /home/ri-one/ri_one_master_ws/install/realsense2_camera_msgs/lib/librealsense2_camera_msgs__rosidl_typesupport_introspection_cpp.so
[2.181s] -- Up-to-date: /home/ri-one/ri_one_master_ws/install/realsense2_camera_msgs/lib/librealsense2_camera_msgs__rosidl_typesupport_cpp.so
[2.295s] Listing '/home/ri-one/ri_one_master_ws/install/realsense2_camera_msgs/local/lib/python3.10/dist-packages/realsense2_camera_msgs'...
[2.295s] Listing '/home/ri-one/ri_one_master_ws/install/realsense2_camera_msgs/local/lib/python3.10/dist-packages/realsense2_camera_msgs/action'...
[2.295s] Listing '/home/ri-one/ri_one_master_ws/install/realsense2_camera_msgs/local/lib/python3.10/dist-packages/realsense2_camera_msgs/msg'...
[2.295s] Listing '/home/ri-one/ri_one_master_ws/install/realsense2_camera_msgs/local/lib/python3.10/dist-packages/realsense2_camera_msgs/srv'...
[2.310s] -- Up-to-date: /home/ri-one/ri_one_master_ws/install/realsense2_camera_msgs/lib/librealsense2_camera_msgs__rosidl_generator_py.so
[2.311s] -- Up-to-date: /home/ri-one/ri_one_master_ws/install/realsense2_camera_msgs/share/realsense2_camera_msgs/cmake/export_realsense2_camera_msgs__rosidl_generator_cExport.cmake
[2.311s] -- Up-to-date: /home/ri-one/ri_one_master_ws/install/realsense2_camera_msgs/share/realsense2_camera_msgs/cmake/export_realsense2_camera_msgs__rosidl_generator_cExport-noconfig.cmake
[2.312s] -- Up-to-date: /home/ri-one/ri_one_master_ws/install/realsense2_camera_msgs/share/realsense2_camera_msgs/cmake/export_realsense2_camera_msgs__rosidl_typesupport_fastrtps_cExport.cmake
[2.312s] -- Up-to-date: /home/ri-one/ri_one_master_ws/install/realsense2_camera_msgs/share/realsense2_camera_msgs/cmake/export_realsense2_camera_msgs__rosidl_typesupport_fastrtps_cExport-noconfig.cmake
[2.313s] -- Up-to-date: /home/ri-one/ri_one_master_ws/install/realsense2_camera_msgs/share/realsense2_camera_msgs/cmake/realsense2_camera_msgs__rosidl_typesupport_introspection_cExport.cmake
[2.313s] -- Up-to-date: /home/ri-one/ri_one_master_ws/install/realsense2_camera_msgs/share/realsense2_camera_msgs/cmake/realsense2_camera_msgs__rosidl_typesupport_introspection_cExport-noconfig.cmake
[2.313s] -- Up-to-date: /home/ri-one/ri_one_master_ws/install/realsense2_camera_msgs/share/realsense2_camera_msgs/cmake/realsense2_camera_msgs__rosidl_typesupport_cExport.cmake
[2.314s] -- Up-to-date: /home/ri-one/ri_one_master_ws/install/realsense2_camera_msgs/share/realsense2_camera_msgs/cmake/realsense2_camera_msgs__rosidl_typesupport_cExport-noconfig.cmake
[2.316s] -- Up-to-date: /home/ri-one/ri_one_master_ws/install/realsense2_camera_msgs/share/realsense2_camera_msgs/cmake/export_realsense2_camera_msgs__rosidl_generator_cppExport.cmake
[2.316s] -- Up-to-date: /home/ri-one/ri_one_master_ws/install/realsense2_camera_msgs/share/realsense2_camera_msgs/cmake/export_realsense2_camera_msgs__rosidl_typesupport_fastrtps_cppExport.cmake
[2.316s] -- Up-to-date: /home/ri-one/ri_one_master_ws/install/realsense2_camera_msgs/share/realsense2_camera_msgs/cmake/export_realsense2_camera_msgs__rosidl_typesupport_fastrtps_cppExport-noconfig.cmake
[2.317s] -- Up-to-date: /home/ri-one/ri_one_master_ws/install/realsense2_camera_msgs/share/realsense2_camera_msgs/cmake/realsense2_camera_msgs__rosidl_typesupport_introspection_cppExport.cmake
[2.317s] -- Up-to-date: /home/ri-one/ri_one_master_ws/install/realsense2_camera_msgs/share/realsense2_camera_msgs/cmake/realsense2_camera_msgs__rosidl_typesupport_introspection_cppExport-noconfig.cmake
[2.317s] -- Up-to-date: /home/ri-one/ri_one_master_ws/install/realsense2_camera_msgs/share/realsense2_camera_msgs/cmake/realsense2_camera_msgs__rosidl_typesupport_cppExport.cmake
[2.317s] -- Up-to-date: /home/ri-one/ri_one_master_ws/install/realsense2_camera_msgs/share/realsense2_camera_msgs/cmake/realsense2_camera_msgs__rosidl_typesupport_cppExport-noconfig.cmake
[2.319s] -- Up-to-date: /home/ri-one/ri_one_master_ws/install/realsense2_camera_msgs/share/realsense2_camera_msgs/cmake/export_realsense2_camera_msgs__rosidl_generator_pyExport.cmake
[2.320s] -- Up-to-date: /home/ri-one/ri_one_master_ws/install/realsense2_camera_msgs/share/realsense2_camera_msgs/cmake/export_realsense2_camera_msgs__rosidl_generator_pyExport-noconfig.cmake
[2.364s] Invoked command in '/home/ri-one/ri_one_master_ws/build/realsense2_camera_msgs' returned '0': CMAKE_PREFIX_PATH=${CMAKE_PREFIX_PATH}:/home/ri-one/ri_one_master_ws/install/ros2_tests:/home/ri-one/ri_one_master_ws/install/realsense_vision:/home/ri-one/ri_one_master_ws/install/realsense2_ros_mqtt_bridge:/home/ri-one/ri_one_master_ws/install/gesture_to_motion:/home/ri-one/ri_one_master_ws/install/gesture_detection:/home/ri-one/ri_one_master_ws/install/ecl_filesystem:/opt/ros/humble /usr/bin/cmake --install /home/ri-one/ri_one_master_ws/build/realsense2_camera_msgs
