[0.173s] Invoking command in '/home/ri-one/ri_one_master_ws/build/ecl_streams': AMENT_PREFIX_PATH=/home/ri-one/ri_one_master_ws/install/ecl_devices:/home/ri-one/ri_one_master_ws/install/ecl_containers:/home/ri-one/ri_one_master_ws/install/ecl_threads:/home/ri-one/ri_one_master_ws/install/ecl_formatters:/home/ri-one/ri_one_master_ws/install/ecl_utilities:/home/ri-one/ri_one_master_ws/install/ecl_time:/home/ri-one/ri_one_master_ws/install/ecl_converters:/home/ri-one/ri_one_master_ws/install/ecl_time_lite:/home/ri-one/ri_one_master_ws/install/ecl_exceptions:/home/ri-one/ri_one_master_ws/install/ecl_concepts:/home/ri-one/ri_one_master_ws/install/ecl_type_traits:/home/ri-one/ri_one_master_ws/install/ecl_errors:/home/ri-one/ri_one_master_ws/install/ecl_mpl:/home/ri-one/ri_one_master_ws/install/ecl_config:${AMENT_PREFIX_PATH} CMAKE_PREFIX_PATH=/home/ri-one/ri_one_master_ws/install/ecl_devices:/home/ri-one/ri_one_master_ws/install/ecl_containers:/home/ri-one/ri_one_master_ws/install/ecl_threads:/home/ri-one/ri_one_master_ws/install/ecl_formatters:/home/ri-one/ri_one_master_ws/install/ecl_utilities:/home/ri-one/ri_one_master_ws/install/ecl_time:/home/ri-one/ri_one_master_ws/install/ecl_converters:/home/ri-one/ri_one_master_ws/install/ecl_time_lite:/home/ri-one/ri_one_master_ws/install/ecl_exceptions:/home/ri-one/ri_one_master_ws/install/ecl_concepts:/home/ri-one/ri_one_master_ws/install/ecl_type_traits:/home/ri-one/ri_one_master_ws/install/ecl_errors:/home/ri-one/ri_one_master_ws/install/ecl_mpl:/home/ri-one/ri_one_master_ws/install/ecl_config:/opt/ros/humble LD_LIBRARY_PATH=/home/ri-one/ri_one_master_ws/install/ecl_devices/lib:/home/ri-one/ri_one_master_ws/install/ecl_threads/lib:/home/ri-one/ri_one_master_ws/install/ecl_formatters/lib:/home/ri-one/ri_one_master_ws/install/ecl_time/lib:/home/ri-one/ri_one_master_ws/install/ecl_time_lite/lib:/home/ri-one/ri_one_master_ws/install/ecl_exceptions/lib:/home/ri-one/ri_one_master_ws/install/ecl_type_traits/lib:/home/ri-one/ri_one_master_ws/install/ecl_errors/lib:${LD_LIBRARY_PATH} PATH=/home/ri-one/ri_one_master_ws/install/ecl_type_traits/bin:/home/ri-one/ri_one_master_ws/install/ecl_config/bin:${PATH} /usr/bin/cmake --build /home/ri-one/ri_one_master_ws/build/ecl_streams -- -j4 -l4
[0.330s] [ 20%] Built target ecl_streams
[0.334s] [ 33%] Built target gtest_main
[0.377s] [ 46%] Built target gtest
[0.444s] [ 60%] Built target ecl_time_example_log_streams
[0.452s] [ 73%] Built target ecl_time_example_console_streams
[0.491s] [ 86%] Built target ecl_test_file_streams
[0.535s] [100%] Built target ecl_test_string_streams
[0.573s] Invoked command in '/home/ri-one/ri_one_master_ws/build/ecl_streams' returned '0': AMENT_PREFIX_PATH=/home/ri-one/ri_one_master_ws/install/ecl_devices:/home/ri-one/ri_one_master_ws/install/ecl_containers:/home/ri-one/ri_one_master_ws/install/ecl_threads:/home/ri-one/ri_one_master_ws/install/ecl_formatters:/home/ri-one/ri_one_master_ws/install/ecl_utilities:/home/ri-one/ri_one_master_ws/install/ecl_time:/home/ri-one/ri_one_master_ws/install/ecl_converters:/home/ri-one/ri_one_master_ws/install/ecl_time_lite:/home/ri-one/ri_one_master_ws/install/ecl_exceptions:/home/ri-one/ri_one_master_ws/install/ecl_concepts:/home/ri-one/ri_one_master_ws/install/ecl_type_traits:/home/ri-one/ri_one_master_ws/install/ecl_errors:/home/ri-one/ri_one_master_ws/install/ecl_mpl:/home/ri-one/ri_one_master_ws/install/ecl_config:${AMENT_PREFIX_PATH} CMAKE_PREFIX_PATH=/home/ri-one/ri_one_master_ws/install/ecl_devices:/home/ri-one/ri_one_master_ws/install/ecl_containers:/home/ri-one/ri_one_master_ws/install/ecl_threads:/home/ri-one/ri_one_master_ws/install/ecl_formatters:/home/ri-one/ri_one_master_ws/install/ecl_utilities:/home/ri-one/ri_one_master_ws/install/ecl_time:/home/ri-one/ri_one_master_ws/install/ecl_converters:/home/ri-one/ri_one_master_ws/install/ecl_time_lite:/home/ri-one/ri_one_master_ws/install/ecl_exceptions:/home/ri-one/ri_one_master_ws/install/ecl_concepts:/home/ri-one/ri_one_master_ws/install/ecl_type_traits:/home/ri-one/ri_one_master_ws/install/ecl_errors:/home/ri-one/ri_one_master_ws/install/ecl_mpl:/home/ri-one/ri_one_master_ws/install/ecl_config:/opt/ros/humble LD_LIBRARY_PATH=/home/ri-one/ri_one_master_ws/install/ecl_devices/lib:/home/ri-one/ri_one_master_ws/install/ecl_threads/lib:/home/ri-one/ri_one_master_ws/install/ecl_formatters/lib:/home/ri-one/ri_one_master_ws/install/ecl_time/lib:/home/ri-one/ri_one_master_ws/install/ecl_time_lite/lib:/home/ri-one/ri_one_master_ws/install/ecl_exceptions/lib:/home/ri-one/ri_one_master_ws/install/ecl_type_traits/lib:/home/ri-one/ri_one_master_ws/install/ecl_errors/lib:${LD_LIBRARY_PATH} PATH=/home/ri-one/ri_one_master_ws/install/ecl_type_traits/bin:/home/ri-one/ri_one_master_ws/install/ecl_config/bin:${PATH} /usr/bin/cmake --build /home/ri-one/ri_one_master_ws/build/ecl_streams -- -j4 -l4
[0.583s] Invoking command in '/home/ri-one/ri_one_master_ws/build/ecl_streams': AMENT_PREFIX_PATH=/home/ri-one/ri_one_master_ws/install/ecl_devices:/home/ri-one/ri_one_master_ws/install/ecl_containers:/home/ri-one/ri_one_master_ws/install/ecl_threads:/home/ri-one/ri_one_master_ws/install/ecl_formatters:/home/ri-one/ri_one_master_ws/install/ecl_utilities:/home/ri-one/ri_one_master_ws/install/ecl_time:/home/ri-one/ri_one_master_ws/install/ecl_converters:/home/ri-one/ri_one_master_ws/install/ecl_time_lite:/home/ri-one/ri_one_master_ws/install/ecl_exceptions:/home/ri-one/ri_one_master_ws/install/ecl_concepts:/home/ri-one/ri_one_master_ws/install/ecl_type_traits:/home/ri-one/ri_one_master_ws/install/ecl_errors:/home/ri-one/ri_one_master_ws/install/ecl_mpl:/home/ri-one/ri_one_master_ws/install/ecl_config:${AMENT_PREFIX_PATH} CMAKE_PREFIX_PATH=/home/ri-one/ri_one_master_ws/install/ecl_devices:/home/ri-one/ri_one_master_ws/install/ecl_containers:/home/ri-one/ri_one_master_ws/install/ecl_threads:/home/ri-one/ri_one_master_ws/install/ecl_formatters:/home/ri-one/ri_one_master_ws/install/ecl_utilities:/home/ri-one/ri_one_master_ws/install/ecl_time:/home/ri-one/ri_one_master_ws/install/ecl_converters:/home/ri-one/ri_one_master_ws/install/ecl_time_lite:/home/ri-one/ri_one_master_ws/install/ecl_exceptions:/home/ri-one/ri_one_master_ws/install/ecl_concepts:/home/ri-one/ri_one_master_ws/install/ecl_type_traits:/home/ri-one/ri_one_master_ws/install/ecl_errors:/home/ri-one/ri_one_master_ws/install/ecl_mpl:/home/ri-one/ri_one_master_ws/install/ecl_config:/opt/ros/humble LD_LIBRARY_PATH=/home/ri-one/ri_one_master_ws/install/ecl_devices/lib:/home/ri-one/ri_one_master_ws/install/ecl_threads/lib:/home/ri-one/ri_one_master_ws/install/ecl_formatters/lib:/home/ri-one/ri_one_master_ws/install/ecl_time/lib:/home/ri-one/ri_one_master_ws/install/ecl_time_lite/lib:/home/ri-one/ri_one_master_ws/install/ecl_exceptions/lib:/home/ri-one/ri_one_master_ws/install/ecl_type_traits/lib:/home/ri-one/ri_one_master_ws/install/ecl_errors/lib:${LD_LIBRARY_PATH} PATH=/home/ri-one/ri_one_master_ws/install/ecl_type_traits/bin:/home/ri-one/ri_one_master_ws/install/ecl_config/bin:${PATH} /usr/bin/cmake --install /home/ri-one/ri_one_master_ws/build/ecl_streams
[0.611s] -- Install configuration: ""
[0.625s] -- Execute custom install script
[0.626s] -- Up-to-date symlink: /home/ri-one/ri_one_master_ws/install/ecl_streams/include/ecl/streams/manipulators/clear_screen.hpp
[0.626s] -- Up-to-date symlink: /home/ri-one/ri_one_master_ws/install/ecl_streams/include/ecl/streams/manipulators/end_of_line.hpp
[0.630s] -- Up-to-date symlink: /home/ri-one/ri_one_master_ws/install/ecl_streams/include/ecl/streams/manipulators/manipulator.hpp
[0.630s] -- Up-to-date symlink: /home/ri-one/ri_one_master_ws/install/ecl_streams/include/ecl/streams/text_streams/base_text_stream.hpp
[0.635s] -- Up-to-date symlink: /home/ri-one/ri_one_master_ws/install/ecl_streams/include/ecl/streams/text_streams/input_text_stream.hpp
[0.635s] -- Up-to-date symlink: /home/ri-one/ri_one_master_ws/install/ecl_streams/include/ecl/streams/text_streams/output_text_stream.hpp
[0.635s] -- Up-to-date symlink: /home/ri-one/ri_one_master_ws/install/ecl_streams/include/ecl/streams/console_streams.hpp
[0.635s] -- Up-to-date symlink: /home/ri-one/ri_one_master_ws/install/ecl_streams/include/ecl/streams/file_streams.hpp
[0.635s] -- Up-to-date symlink: /home/ri-one/ri_one_master_ws/install/ecl_streams/include/ecl/streams/log_stream.hpp
[0.637s] -- Up-to-date symlink: /home/ri-one/ri_one_master_ws/install/ecl_streams/include/ecl/streams/macros.hpp
[0.637s] -- Up-to-date symlink: /home/ri-one/ri_one_master_ws/install/ecl_streams/include/ecl/streams/manipulators.hpp
[0.637s] -- Up-to-date symlink: /home/ri-one/ri_one_master_ws/install/ecl_streams/include/ecl/streams/serial_stream.hpp
[0.638s] -- Up-to-date symlink: /home/ri-one/ri_one_master_ws/install/ecl_streams/include/ecl/streams/shared_file_stream.hpp
[0.638s] -- Up-to-date symlink: /home/ri-one/ri_one_master_ws/install/ecl_streams/include/ecl/streams/socket_streams.hpp
[0.638s] -- Up-to-date symlink: /home/ri-one/ri_one_master_ws/install/ecl_streams/include/ecl/streams/string_stream.hpp
[0.638s] -- Up-to-date symlink: /home/ri-one/ri_one_master_ws/install/ecl_streams/include/ecl/streams/text_stream.hpp
[0.638s] -- Up-to-date symlink: /home/ri-one/ri_one_master_ws/install/ecl_streams/include/ecl/streams.hpp
[0.641s] -- Up-to-date symlink: /home/ri-one/ri_one_master_ws/install/ecl_streams/lib/ecl_streams/demo_console_streams
[0.641s] -- Up-to-date symlink: /home/ri-one/ri_one_master_ws/install/ecl_streams/lib/ecl_streams/demo_log_streams
[0.641s] -- Up-to-date symlink: /home/ri-one/ri_one_master_ws/install/ecl_streams/share/ecl_streams/environment/library_path.sh
[0.641s] -- Up-to-date symlink: /home/ri-one/ri_one_master_ws/install/ecl_streams/share/ecl_streams/environment/library_path.dsv
[0.641s] -- Up-to-date symlink: /home/ri-one/ri_one_master_ws/install/ecl_streams/share/ament_index/resource_index/package_run_dependencies/ecl_streams
[0.641s] -- Up-to-date symlink: /home/ri-one/ri_one_master_ws/install/ecl_streams/share/ament_index/resource_index/parent_prefix_path/ecl_streams
[0.648s] -- Up-to-date symlink: /home/ri-one/ri_one_master_ws/install/ecl_streams/share/ecl_streams/environment/ament_prefix_path.sh
[0.648s] -- Up-to-date symlink: /home/ri-one/ri_one_master_ws/install/ecl_streams/share/ecl_streams/environment/ament_prefix_path.dsv
[0.648s] -- Up-to-date symlink: /home/ri-one/ri_one_master_ws/install/ecl_streams/share/ecl_streams/environment/path.sh
[0.648s] -- Up-to-date symlink: /home/ri-one/ri_one_master_ws/install/ecl_streams/share/ecl_streams/environment/path.dsv
[0.648s] -- Up-to-date symlink: /home/ri-one/ri_one_master_ws/install/ecl_streams/share/ecl_streams/local_setup.bash
[0.656s] -- Up-to-date symlink: /home/ri-one/ri_one_master_ws/install/ecl_streams/share/ecl_streams/local_setup.sh
[0.656s] -- Up-to-date symlink: /home/ri-one/ri_one_master_ws/install/ecl_streams/share/ecl_streams/local_setup.zsh
[0.656s] -- Up-to-date symlink: /home/ri-one/ri_one_master_ws/install/ecl_streams/share/ecl_streams/local_setup.dsv
[0.656s] -- Symlinking: /home/ri-one/ri_one_master_ws/install/ecl_streams/share/ecl_streams/package.dsv
[0.657s] -- Up-to-date symlink: /home/ri-one/ri_one_master_ws/install/ecl_streams/share/ament_index/resource_index/packages/ecl_streams
[0.657s] -- Up-to-date symlink: /home/ri-one/ri_one_master_ws/install/ecl_streams/share/ecl_streams/cmake/ament_cmake_export_targets-extras.cmake
[0.657s] -- Up-to-date symlink: /home/ri-one/ri_one_master_ws/install/ecl_streams/share/ecl_streams/cmake/ament_cmake_export_include_directories-extras.cmake
[0.657s] -- Up-to-date symlink: /home/ri-one/ri_one_master_ws/install/ecl_streams/share/ecl_streams/cmake/ament_cmake_export_libraries-extras.cmake
[0.657s] -- Up-to-date symlink: /home/ri-one/ri_one_master_ws/install/ecl_streams/share/ecl_streams/cmake/ament_cmake_export_dependencies-extras.cmake
[0.657s] -- Up-to-date symlink: /home/ri-one/ri_one_master_ws/install/ecl_streams/share/ecl_streams/cmake/ecl_streamsConfig.cmake
[0.667s] -- Up-to-date symlink: /home/ri-one/ri_one_master_ws/install/ecl_streams/share/ecl_streams/cmake/ecl_streamsConfig-version.cmake
[0.667s] -- Up-to-date symlink: /home/ri-one/ri_one_master_ws/install/ecl_streams/share/ecl_streams/package.xml
[0.667s] -- Up-to-date: /home/ri-one/ri_one_master_ws/install/ecl_streams/share/ecl_streams/cmake/ecl_streamsExport.cmake
[0.667s] -- Up-to-date: /home/ri-one/ri_one_master_ws/install/ecl_streams/share/ecl_streams/cmake/ecl_streamsExport-noconfig.cmake
[0.667s] -- Up-to-date: /home/ri-one/ri_one_master_ws/install/ecl_streams/lib/libecl_streams.so.1.2.1
[0.667s] -- Up-to-date: /home/ri-one/ri_one_master_ws/install/ecl_streams/lib/libecl_streams.so
[0.679s] Invoked command in '/home/ri-one/ri_one_master_ws/build/ecl_streams' returned '0': AMENT_PREFIX_PATH=/home/ri-one/ri_one_master_ws/install/ecl_devices:/home/ri-one/ri_one_master_ws/install/ecl_containers:/home/ri-one/ri_one_master_ws/install/ecl_threads:/home/ri-one/ri_one_master_ws/install/ecl_formatters:/home/ri-one/ri_one_master_ws/install/ecl_utilities:/home/ri-one/ri_one_master_ws/install/ecl_time:/home/ri-one/ri_one_master_ws/install/ecl_converters:/home/ri-one/ri_one_master_ws/install/ecl_time_lite:/home/ri-one/ri_one_master_ws/install/ecl_exceptions:/home/ri-one/ri_one_master_ws/install/ecl_concepts:/home/ri-one/ri_one_master_ws/install/ecl_type_traits:/home/ri-one/ri_one_master_ws/install/ecl_errors:/home/ri-one/ri_one_master_ws/install/ecl_mpl:/home/ri-one/ri_one_master_ws/install/ecl_config:${AMENT_PREFIX_PATH} CMAKE_PREFIX_PATH=/home/ri-one/ri_one_master_ws/install/ecl_devices:/home/ri-one/ri_one_master_ws/install/ecl_containers:/home/ri-one/ri_one_master_ws/install/ecl_threads:/home/ri-one/ri_one_master_ws/install/ecl_formatters:/home/ri-one/ri_one_master_ws/install/ecl_utilities:/home/ri-one/ri_one_master_ws/install/ecl_time:/home/ri-one/ri_one_master_ws/install/ecl_converters:/home/ri-one/ri_one_master_ws/install/ecl_time_lite:/home/ri-one/ri_one_master_ws/install/ecl_exceptions:/home/ri-one/ri_one_master_ws/install/ecl_concepts:/home/ri-one/ri_one_master_ws/install/ecl_type_traits:/home/ri-one/ri_one_master_ws/install/ecl_errors:/home/ri-one/ri_one_master_ws/install/ecl_mpl:/home/ri-one/ri_one_master_ws/install/ecl_config:/opt/ros/humble LD_LIBRARY_PATH=/home/ri-one/ri_one_master_ws/install/ecl_devices/lib:/home/ri-one/ri_one_master_ws/install/ecl_threads/lib:/home/ri-one/ri_one_master_ws/install/ecl_formatters/lib:/home/ri-one/ri_one_master_ws/install/ecl_time/lib:/home/ri-one/ri_one_master_ws/install/ecl_time_lite/lib:/home/ri-one/ri_one_master_ws/install/ecl_exceptions/lib:/home/ri-one/ri_one_master_ws/install/ecl_type_traits/lib:/home/ri-one/ri_one_master_ws/install/ecl_errors/lib:${LD_LIBRARY_PATH} PATH=/home/ri-one/ri_one_master_ws/install/ecl_type_traits/bin:/home/ri-one/ri_one_master_ws/install/ecl_config/bin:${PATH} /usr/bin/cmake --install /home/ri-one/ri_one_master_ws/build/ecl_streams
