-- The C compiler identification is GNU 11.4.0
-- The CXX compiler identification is GNU 11.4.0
-- Detecting C compiler ABI info
-- Detecting C compiler ABI info - done
-- Check for working C compiler: /usr/bin/cc - skipped
-- Detecting C compile features
-- Detecting C compile features - done
-- Detecting CXX compiler ABI info
-- Detecting CXX compiler ABI info - done
-- Check for working CXX compiler: /usr/bin/c++ - skipped
-- Detecting CXX compile features
-- Detecting CXX compile features - done
-- Found ament_cmake_ros: 0.10.0 (/opt/ros/humble/share/ament_cmake_ros/cmake)
-- Found Python3: /usr/bin/python3 (found version "3.10.12") found components: Interpreter 
-- Override CMake install command with custom implementation using symlinks instead of copying resources
-- Found ecl_build: 1.0.3 (/opt/ros/humble/share/ecl_build/cmake)
-- Found ecl_config: 1.2.0 (/home/ri-one/ri_one_master_ws/install/ecl_config/share/ecl_config/cmake)
-- Found ecl_containers: 1.2.1 (/home/ri-one/ri_one_master_ws/install/ecl_containers/share/ecl_containers/cmake)
-- Found ecl_linear_algebra: 1.2.1 (/home/ri-one/ri_one_master_ws/install/ecl_linear_algebra/share/ecl_linear_algebra/cmake)
-- Found ament_lint_auto: 0.12.14 (/opt/ros/humble/share/ament_lint_auto/cmake)
-- Found gtest sources under '/opt/ros/humble/src/gtest_vendor': C++ tests using 'Google Test' will be built
-- Found Threads: TRUE  
-- Configuring done
-- Generating done
-- Build files have been written to: /home/ri-one/ri_one_master_ws/build/ecl_geometry
[  2%] [32mBuilding CXX object src/lib/CMakeFiles/ecl_geometry.dir/angle.cpp.o[0m
[  4%] [32mBuilding CXX object src/lib/CMakeFiles/ecl_geometry.dir/cubic_spline.cpp.o[0m
[  6%] [32mBuilding CXX object src/lib/CMakeFiles/ecl_geometry.dir/cubic_spline_blueprints.cpp.o[0m
[  9%] [32mBuilding CXX object src/lib/CMakeFiles/ecl_geometry.dir/linear_segment.cpp.o[0m
[ 11%] [32mBuilding CXX object src/lib/CMakeFiles/ecl_geometry.dir/odometry_helper.cpp.o[0m
[ 13%] [32mBuilding CXX object src/lib/CMakeFiles/ecl_geometry.dir/pascals_triangle.cpp.o[0m
[ 15%] [32mBuilding CXX object src/lib/CMakeFiles/ecl_geometry.dir/polynomial.cpp.o[0m
[ 18%] [32mBuilding CXX object src/lib/CMakeFiles/ecl_geometry.dir/polynomial_blueprints.cpp.o[0m
[ 20%] [32mBuilding CXX object src/lib/CMakeFiles/ecl_geometry.dir/pose2d.cpp.o[0m
[ 22%] [32mBuilding CXX object src/lib/CMakeFiles/ecl_geometry.dir/smooth_linear_spline.cpp.o[0m
[ 25%] [32mBuilding CXX object src/lib/CMakeFiles/ecl_geometry.dir/tension_function.cpp.o[0m
[ 27%] [32mBuilding CXX object src/lib/CMakeFiles/ecl_geometry.dir/tension_spline.cpp.o[0m
[ 29%] [32mBuilding CXX object src/lib/CMakeFiles/ecl_geometry.dir/tension_spline_blueprints.cpp.o[0m
[ 31%] [32m[1mLinking CXX shared library libecl_geometry.so[0m
[ 31%] Built target ecl_geometry
[ 34%] [32mBuilding CXX object gtest/CMakeFiles/gtest.dir/src/gtest-all.cc.o[0m
[ 36%] [32m[1mLinking CXX static library libgtest.a[0m
[ 36%] Built target gtest
[ 38%] [32mBuilding CXX object gtest/CMakeFiles/gtest_main.dir/src/gtest_main.cc.o[0m
[ 40%] [32m[1mLinking CXX static library libgtest_main.a[0m
[ 40%] Built target gtest_main
[ 43%] [32mBuilding CXX object src/test/CMakeFiles/ecl_test_angles.dir/angles.cpp.o[0m
[ 45%] [32m[1mLinking CXX executable ecl_test_angles[0m
[ 45%] Built target ecl_test_angles
[ 47%] [32mBuilding CXX object src/test/CMakeFiles/ecl_test_homogeneous_points.dir/homogeneous_points.cpp.o[0m
[ 50%] [32m[1mLinking CXX executable ecl_test_homogeneous_points[0m
[ 50%] Built target ecl_test_homogeneous_points
[ 52%] [32mBuilding CXX object src/test/CMakeFiles/ecl_test_legacy_pose2d.dir/legacy_pose2d.cpp.o[0m
[ 54%] [32m[1mLinking CXX executable ecl_test_legacy_pose2d[0m
[ 54%] Built target ecl_test_legacy_pose2d
[ 56%] [32mBuilding CXX object src/test/CMakeFiles/ecl_test_legacy_pose3d.dir/legacy_pose3d.cpp.o[0m
[ 59%] [32m[1mLinking CXX executable ecl_test_legacy_pose3d[0m
[ 59%] Built target ecl_test_legacy_pose3d
[ 61%] [32mBuilding CXX object src/test/CMakeFiles/ecl_test_linear_segment.dir/linear_segment.cpp.o[0m
[ 63%] [32m[1mLinking CXX executable ecl_test_linear_segment[0m
[ 63%] Built target ecl_test_linear_segment
[ 65%] [32mBuilding CXX object src/test/CMakeFiles/ecl_test_polynomials.dir/polynomials.cpp.o[0m
[ 68%] [32m[1mLinking CXX executable ecl_test_polynomials[0m
[ 68%] Built target ecl_test_polynomials
[ 70%] [32mBuilding CXX object src/test/CMakeFiles/ecl_test_pose2d.dir/pose2d.cpp.o[0m
[ 72%] [32m[1mLinking CXX executable ecl_test_pose2d[0m
[ 72%] Built target ecl_test_pose2d
[ 75%] [32mBuilding CXX object src/test/CMakeFiles/ecl_test_smooth_linear_splines.dir/smooth_linear_splines.cpp.o[0m
[ 77%] [32m[1mLinking CXX executable ecl_test_smooth_linear_splines[0m
[ 77%] Built target ecl_test_smooth_linear_splines
[ 79%] [32mBuilding CXX object src/test/CMakeFiles/ecl_test_tension_function.dir/tension_function.cpp.o[0m
[ 81%] [32m[1mLinking CXX executable ecl_test_tension_function[0m
[ 81%] Built target ecl_test_tension_function
[ 84%] [32mBuilding CXX object src/test/CMakeFiles/ecl_test_tension_splines.dir/tension_splines.cpp.o[0m
[ 86%] [32m[1mLinking CXX executable ecl_test_tension_splines[0m
[ 86%] Built target ecl_test_tension_splines
[ 88%] [32mBuilding CXX object src/test/CMakeFiles/ecl_test_odometry_helper.dir/odometry_helper.cpp.o[0m
[ 90%] [32m[1mLinking CXX executable ecl_test_odometry_helper[0m
[ 90%] Built target ecl_test_odometry_helper
[ 93%] [32mBuilding CXX object src/test/CMakeFiles/ecl_test_cubic_splines.dir/cubic_splines.cpp.o[0m
[ 95%] [32m[1mLinking CXX executable ecl_test_cubic_splines[0m
[ 95%] Built target ecl_test_cubic_splines
[ 97%] [32mBuilding CXX object src/test/CMakeFiles/ecl_test_cartesian_points.dir/cartesian_points.cpp.o[0m
[100%] [32m[1mLinking CXX executable ecl_test_cartesian_points[0m
[100%] Built target ecl_test_cartesian_points
-- Install configuration: ""
-- Execute custom install script
-- Symlinking: /home/ri-one/ri_one_master_ws/install/ecl_geometry/include/ecl/geometry/angle.hpp
-- Symlinking: /home/ri-one/ri_one_master_ws/install/ecl_geometry/include/ecl/geometry/cartesian_point.hpp
-- Symlinking: /home/ri-one/ri_one_master_ws/install/ecl_geometry/include/ecl/geometry/cubic_spline.hpp
-- Symlinking: /home/ri-one/ri_one_master_ws/install/ecl_geometry/include/ecl/geometry/function_math.hpp
-- Symlinking: /home/ri-one/ri_one_master_ws/install/ecl_geometry/include/ecl/geometry/homogeneous_point.hpp
-- Symlinking: /home/ri-one/ri_one_master_ws/install/ecl_geometry/include/ecl/geometry/legacy_pose2d.hpp
-- Symlinking: /home/ri-one/ri_one_master_ws/install/ecl_geometry/include/ecl/geometry/legacy_pose3d.hpp
-- Symlinking: /home/ri-one/ri_one_master_ws/install/ecl_geometry/include/ecl/geometry/linear_segment.hpp
-- Symlinking: /home/ri-one/ri_one_master_ws/install/ecl_geometry/include/ecl/geometry/macros.hpp
-- Symlinking: /home/ri-one/ri_one_master_ws/install/ecl_geometry/include/ecl/geometry/odometry.hpp
-- Symlinking: /home/ri-one/ri_one_master_ws/install/ecl_geometry/include/ecl/geometry/odometry_helper.hpp
-- Symlinking: /home/ri-one/ri_one_master_ws/install/ecl_geometry/include/ecl/geometry/odometry_typedefs.hpp
-- Symlinking: /home/ri-one/ri_one_master_ws/install/ecl_geometry/include/ecl/geometry/pascals_triangle.hpp
-- Symlinking: /home/ri-one/ri_one_master_ws/install/ecl_geometry/include/ecl/geometry/polynomial.hpp
-- Symlinking: /home/ri-one/ri_one_master_ws/install/ecl_geometry/include/ecl/geometry/pose2d.hpp
-- Symlinking: /home/ri-one/ri_one_master_ws/install/ecl_geometry/include/ecl/geometry/smooth_linear_spline.hpp
-- Symlinking: /home/ri-one/ri_one_master_ws/install/ecl_geometry/include/ecl/geometry/spline_function.hpp
-- Symlinking: /home/ri-one/ri_one_master_ws/install/ecl_geometry/include/ecl/geometry/tension_function.hpp
-- Symlinking: /home/ri-one/ri_one_master_ws/install/ecl_geometry/include/ecl/geometry/tension_spline.hpp
-- Symlinking: /home/ri-one/ri_one_master_ws/install/ecl_geometry/include/ecl/geometry.hpp
-- Symlinking: /home/ri-one/ri_one_master_ws/install/ecl_geometry/share/ecl_geometry/environment/library_path.sh
-- Symlinking: /home/ri-one/ri_one_master_ws/install/ecl_geometry/share/ecl_geometry/environment/library_path.dsv
-- Symlinking: /home/ri-one/ri_one_master_ws/install/ecl_geometry/share/ament_index/resource_index/package_run_dependencies/ecl_geometry
-- Symlinking: /home/ri-one/ri_one_master_ws/install/ecl_geometry/share/ament_index/resource_index/parent_prefix_path/ecl_geometry
-- Symlinking: /home/ri-one/ri_one_master_ws/install/ecl_geometry/share/ecl_geometry/environment/ament_prefix_path.sh
-- Symlinking: /home/ri-one/ri_one_master_ws/install/ecl_geometry/share/ecl_geometry/environment/ament_prefix_path.dsv
-- Symlinking: /home/ri-one/ri_one_master_ws/install/ecl_geometry/share/ecl_geometry/environment/path.sh
-- Symlinking: /home/ri-one/ri_one_master_ws/install/ecl_geometry/share/ecl_geometry/environment/path.dsv
-- Symlinking: /home/ri-one/ri_one_master_ws/install/ecl_geometry/share/ecl_geometry/local_setup.bash
-- Symlinking: /home/ri-one/ri_one_master_ws/install/ecl_geometry/share/ecl_geometry/local_setup.sh
-- Symlinking: /home/ri-one/ri_one_master_ws/install/ecl_geometry/share/ecl_geometry/local_setup.zsh
-- Symlinking: /home/ri-one/ri_one_master_ws/install/ecl_geometry/share/ecl_geometry/local_setup.dsv
-- Symlinking: /home/ri-one/ri_one_master_ws/install/ecl_geometry/share/ecl_geometry/package.dsv
-- Symlinking: /home/ri-one/ri_one_master_ws/install/ecl_geometry/share/ament_index/resource_index/packages/ecl_geometry
-- Symlinking: /home/ri-one/ri_one_master_ws/install/ecl_geometry/share/ecl_geometry/cmake/ament_cmake_export_targets-extras.cmake
-- Symlinking: /home/ri-one/ri_one_master_ws/install/ecl_geometry/share/ecl_geometry/cmake/ament_cmake_export_include_directories-extras.cmake
-- Symlinking: /home/ri-one/ri_one_master_ws/install/ecl_geometry/share/ecl_geometry/cmake/ament_cmake_export_libraries-extras.cmake
-- Symlinking: /home/ri-one/ri_one_master_ws/install/ecl_geometry/share/ecl_geometry/cmake/ament_cmake_export_dependencies-extras.cmake
-- Symlinking: /home/ri-one/ri_one_master_ws/install/ecl_geometry/share/ecl_geometry/cmake/ecl_geometryConfig.cmake
-- Symlinking: /home/ri-one/ri_one_master_ws/install/ecl_geometry/share/ecl_geometry/cmake/ecl_geometryConfig-version.cmake
-- Symlinking: /home/ri-one/ri_one_master_ws/install/ecl_geometry/share/ecl_geometry/package.xml
-- Installing: /home/ri-one/ri_one_master_ws/install/ecl_geometry/share/ecl_geometry/cmake/ecl_geometryExport.cmake
-- Installing: /home/ri-one/ri_one_master_ws/install/ecl_geometry/share/ecl_geometry/cmake/ecl_geometryExport-noconfig.cmake
-- Installing: /home/ri-one/ri_one_master_ws/install/ecl_geometry/lib/libecl_geometry.so.1.2.1
-- Set runtime path of "/home/ri-one/ri_one_master_ws/install/ecl_geometry/lib/libecl_geometry.so.1.2.1" to ""
-- Installing: /home/ri-one/ri_one_master_ws/install/ecl_geometry/lib/libecl_geometry.so
