[0.070s] Invoking command in '/home/ri-one/ri_one_master_ws/build/ecl_exceptions': AMENT_PREFIX_PATH=/home/ri-one/ri_one_master_ws/install/ecl_errors:/home/ri-one/ri_one_master_ws/install/ecl_config:${AMENT_PREFIX_PATH} CMAKE_PREFIX_PATH=/home/ri-one/ri_one_master_ws/install/ecl_errors:/home/ri-one/ri_one_master_ws/install/ecl_config:/opt/ros/humble LD_LIBRARY_PATH=/home/ri-one/ri_one_master_ws/install/ecl_errors/lib:${LD_LIBRARY_PATH} PATH=/home/ri-one/ri_one_master_ws/install/ecl_config/bin:${PATH} /usr/bin/cmake --build /home/ri-one/ri_one_master_ws/build/ecl_exceptions -- -j4 -l4
[0.345s] [ 33%] Built target ecl_exceptions
[0.434s] [ 66%] Built target ecl_demo_exception_tracer
[0.446s] [100%] Built target ecl_demo_exceptions
[0.486s] Invoked command in '/home/ri-one/ri_one_master_ws/build/ecl_exceptions' returned '0': AMENT_PREFIX_PATH=/home/ri-one/ri_one_master_ws/install/ecl_errors:/home/ri-one/ri_one_master_ws/install/ecl_config:${AMENT_PREFIX_PATH} CMAKE_PREFIX_PATH=/home/ri-one/ri_one_master_ws/install/ecl_errors:/home/ri-one/ri_one_master_ws/install/ecl_config:/opt/ros/humble LD_LIBRARY_PATH=/home/ri-one/ri_one_master_ws/install/ecl_errors/lib:${LD_LIBRARY_PATH} PATH=/home/ri-one/ri_one_master_ws/install/ecl_config/bin:${PATH} /usr/bin/cmake --build /home/ri-one/ri_one_master_ws/build/ecl_exceptions -- -j4 -l4
[0.496s] Invoking command in '/home/ri-one/ri_one_master_ws/build/ecl_exceptions': AMENT_PREFIX_PATH=/home/ri-one/ri_one_master_ws/install/ecl_errors:/home/ri-one/ri_one_master_ws/install/ecl_config:${AMENT_PREFIX_PATH} CMAKE_PREFIX_PATH=/home/ri-one/ri_one_master_ws/install/ecl_errors:/home/ri-one/ri_one_master_ws/install/ecl_config:/opt/ros/humble LD_LIBRARY_PATH=/home/ri-one/ri_one_master_ws/install/ecl_errors/lib:${LD_LIBRARY_PATH} PATH=/home/ri-one/ri_one_master_ws/install/ecl_config/bin:${PATH} /usr/bin/cmake --install /home/ri-one/ri_one_master_ws/build/ecl_exceptions
[0.523s] -- Install configuration: ""
[0.528s] -- Execute custom install script
[0.530s] -- Up-to-date symlink: /home/ri-one/ri_one_master_ws/install/ecl_exceptions/include/ecl/exceptions/data_exception.hpp
[0.532s] -- Up-to-date symlink: /home/ri-one/ri_one_master_ws/install/ecl_exceptions/include/ecl/exceptions/exception.hpp
[0.532s] -- Up-to-date symlink: /home/ri-one/ri_one_master_ws/install/ecl_exceptions/include/ecl/exceptions/macros.hpp
[0.533s] -- Up-to-date symlink: /home/ri-one/ri_one_master_ws/install/ecl_exceptions/include/ecl/exceptions/posix_error_handler.hpp
[0.533s] -- Up-to-date symlink: /home/ri-one/ri_one_master_ws/install/ecl_exceptions/include/ecl/exceptions/standard_exception.hpp
[0.533s] -- Up-to-date symlink: /home/ri-one/ri_one_master_ws/install/ecl_exceptions/include/ecl/exceptions.hpp
[0.533s] -- Up-to-date symlink: /home/ri-one/ri_one_master_ws/install/ecl_exceptions/lib/ecl_exceptions/demo_exceptions
[0.533s] -- Up-to-date symlink: /home/ri-one/ri_one_master_ws/install/ecl_exceptions/lib/ecl_exceptions/demo_exception_tracer
[0.541s] -- Up-to-date symlink: /home/ri-one/ri_one_master_ws/install/ecl_exceptions/share/ecl_exceptions/environment/library_path.sh
[0.543s] -- Up-to-date symlink: /home/ri-one/ri_one_master_ws/install/ecl_exceptions/share/ecl_exceptions/environment/library_path.dsv
[0.544s] -- Up-to-date symlink: /home/ri-one/ri_one_master_ws/install/ecl_exceptions/share/ament_index/resource_index/package_run_dependencies/ecl_exceptions
[0.544s] -- Up-to-date symlink: /home/ri-one/ri_one_master_ws/install/ecl_exceptions/share/ament_index/resource_index/parent_prefix_path/ecl_exceptions
[0.544s] -- Up-to-date symlink: /home/ri-one/ri_one_master_ws/install/ecl_exceptions/share/ecl_exceptions/environment/ament_prefix_path.sh
[0.544s] -- Up-to-date symlink: /home/ri-one/ri_one_master_ws/install/ecl_exceptions/share/ecl_exceptions/environment/ament_prefix_path.dsv
[0.544s] -- Up-to-date symlink: /home/ri-one/ri_one_master_ws/install/ecl_exceptions/share/ecl_exceptions/environment/path.sh
[0.549s] -- Up-to-date symlink: /home/ri-one/ri_one_master_ws/install/ecl_exceptions/share/ecl_exceptions/environment/path.dsv
[0.549s] -- Up-to-date symlink: /home/ri-one/ri_one_master_ws/install/ecl_exceptions/share/ecl_exceptions/local_setup.bash
[0.549s] -- Up-to-date symlink: /home/ri-one/ri_one_master_ws/install/ecl_exceptions/share/ecl_exceptions/local_setup.sh
[0.549s] -- Up-to-date symlink: /home/ri-one/ri_one_master_ws/install/ecl_exceptions/share/ecl_exceptions/local_setup.zsh
[0.550s] -- Up-to-date symlink: /home/ri-one/ri_one_master_ws/install/ecl_exceptions/share/ecl_exceptions/local_setup.dsv
[0.551s] -- Symlinking: /home/ri-one/ri_one_master_ws/install/ecl_exceptions/share/ecl_exceptions/package.dsv
[0.577s] -- Up-to-date symlink: /home/ri-one/ri_one_master_ws/install/ecl_exceptions/share/ament_index/resource_index/packages/ecl_exceptions
[0.577s] -- Up-to-date symlink: /home/ri-one/ri_one_master_ws/install/ecl_exceptions/share/ecl_exceptions/cmake/ament_cmake_export_targets-extras.cmake
[0.577s] -- Up-to-date symlink: /home/ri-one/ri_one_master_ws/install/ecl_exceptions/share/ecl_exceptions/cmake/ament_cmake_export_include_directories-extras.cmake
[0.578s] -- Up-to-date symlink: /home/ri-one/ri_one_master_ws/install/ecl_exceptions/share/ecl_exceptions/cmake/ament_cmake_export_libraries-extras.cmake
[0.578s] -- Up-to-date symlink: /home/ri-one/ri_one_master_ws/install/ecl_exceptions/share/ecl_exceptions/cmake/ament_cmake_export_dependencies-extras.cmake
[0.583s] -- Up-to-date symlink: /home/ri-one/ri_one_master_ws/install/ecl_exceptions/share/ecl_exceptions/cmake/ecl_exceptionsConfig.cmake
[0.583s] -- Up-to-date symlink: /home/ri-one/ri_one_master_ws/install/ecl_exceptions/share/ecl_exceptions/cmake/ecl_exceptionsConfig-version.cmake
[0.583s] -- Up-to-date symlink: /home/ri-one/ri_one_master_ws/install/ecl_exceptions/share/ecl_exceptions/package.xml
[0.583s] -- Up-to-date: /home/ri-one/ri_one_master_ws/install/ecl_exceptions/share/ecl_exceptions/cmake/ecl_exceptionsExport.cmake
[0.584s] -- Up-to-date: /home/ri-one/ri_one_master_ws/install/ecl_exceptions/share/ecl_exceptions/cmake/ecl_exceptionsExport-noconfig.cmake
[0.590s] -- Up-to-date: /home/ri-one/ri_one_master_ws/install/ecl_exceptions/lib/libecl_exceptions.so.1.2.1
[0.591s] -- Up-to-date: /home/ri-one/ri_one_master_ws/install/ecl_exceptions/lib/libecl_exceptions.so
[0.597s] Invoked command in '/home/ri-one/ri_one_master_ws/build/ecl_exceptions' returned '0': AMENT_PREFIX_PATH=/home/ri-one/ri_one_master_ws/install/ecl_errors:/home/ri-one/ri_one_master_ws/install/ecl_config:${AMENT_PREFIX_PATH} CMAKE_PREFIX_PATH=/home/ri-one/ri_one_master_ws/install/ecl_errors:/home/ri-one/ri_one_master_ws/install/ecl_config:/opt/ros/humble LD_LIBRARY_PATH=/home/ri-one/ri_one_master_ws/install/ecl_errors/lib:${LD_LIBRARY_PATH} PATH=/home/ri-one/ri_one_master_ws/install/ecl_config/bin:${PATH} /usr/bin/cmake --install /home/ri-one/ri_one_master_ws/build/ecl_exceptions
