[0.042s] Invoking command in '/home/ri-one/ri_one_master_ws/build/ecl_time': AMENT_PREFIX_PATH=/home/ri-one/ri_one_master_ws/install/ecl_time_lite:/home/ri-one/ri_one_master_ws/install/ecl_exceptions:/home/ri-one/ri_one_master_ws/install/ecl_errors:/home/ri-one/ri_one_master_ws/install/ecl_config:${AMENT_PREFIX_PATH} CMAKE_PREFIX_PATH=/home/ri-one/ri_one_master_ws/install/ecl_time_lite:/home/ri-one/ri_one_master_ws/install/ecl_exceptions:/home/ri-one/ri_one_master_ws/install/ecl_errors:/home/ri-one/ri_one_master_ws/install/ecl_config:/opt/ros/humble LD_LIBRARY_PATH=/home/ri-one/ri_one_master_ws/install/ecl_time_lite/lib:/home/ri-one/ri_one_master_ws/install/ecl_exceptions/lib:/home/ri-one/ri_one_master_ws/install/ecl_errors/lib:${LD_LIBRARY_PATH} PATH=/home/ri-one/ri_one_master_ws/install/ecl_config/bin:${PATH} /usr/bin/cmake --build /home/ri-one/ri_one_master_ws/build/ecl_time -- -j4 -l4
[0.212s] [  5%] Built target gtest_main
[0.269s] [ 11%] Built target gtest
[0.321s] [ 47%] Built target ecl_time
[0.441s] [ 52%] Built target ecl_test_cpuwatch_rt
[0.474s] [ 58%] Built target ecl_test_sleep
[0.480s] [ 64%] Built target ecl_test_frequency
[0.487s] [ 70%] Built target ecl_test_snooze
[0.552s] [ 76%] Built target ecl_test_timestamp
[0.559s] [ 82%] Built target ecl_test_time_data
[0.584s] [ 88%] Built target ecl_time_example_random_number_generator
[0.602s] [ 94%] Built target ecl_test_stopwatch
[0.606s] [100%] Built target ecl_time_example_sleep
[0.691s] Invoked command in '/home/ri-one/ri_one_master_ws/build/ecl_time' returned '0': AMENT_PREFIX_PATH=/home/ri-one/ri_one_master_ws/install/ecl_time_lite:/home/ri-one/ri_one_master_ws/install/ecl_exceptions:/home/ri-one/ri_one_master_ws/install/ecl_errors:/home/ri-one/ri_one_master_ws/install/ecl_config:${AMENT_PREFIX_PATH} CMAKE_PREFIX_PATH=/home/ri-one/ri_one_master_ws/install/ecl_time_lite:/home/ri-one/ri_one_master_ws/install/ecl_exceptions:/home/ri-one/ri_one_master_ws/install/ecl_errors:/home/ri-one/ri_one_master_ws/install/ecl_config:/opt/ros/humble LD_LIBRARY_PATH=/home/ri-one/ri_one_master_ws/install/ecl_time_lite/lib:/home/ri-one/ri_one_master_ws/install/ecl_exceptions/lib:/home/ri-one/ri_one_master_ws/install/ecl_errors/lib:${LD_LIBRARY_PATH} PATH=/home/ri-one/ri_one_master_ws/install/ecl_config/bin:${PATH} /usr/bin/cmake --build /home/ri-one/ri_one_master_ws/build/ecl_time -- -j4 -l4
[0.693s] Invoking command in '/home/ri-one/ri_one_master_ws/build/ecl_time': AMENT_PREFIX_PATH=/home/ri-one/ri_one_master_ws/install/ecl_time_lite:/home/ri-one/ri_one_master_ws/install/ecl_exceptions:/home/ri-one/ri_one_master_ws/install/ecl_errors:/home/ri-one/ri_one_master_ws/install/ecl_config:${AMENT_PREFIX_PATH} CMAKE_PREFIX_PATH=/home/ri-one/ri_one_master_ws/install/ecl_time_lite:/home/ri-one/ri_one_master_ws/install/ecl_exceptions:/home/ri-one/ri_one_master_ws/install/ecl_errors:/home/ri-one/ri_one_master_ws/install/ecl_config:/opt/ros/humble LD_LIBRARY_PATH=/home/ri-one/ri_one_master_ws/install/ecl_time_lite/lib:/home/ri-one/ri_one_master_ws/install/ecl_exceptions/lib:/home/ri-one/ri_one_master_ws/install/ecl_errors/lib:${LD_LIBRARY_PATH} PATH=/home/ri-one/ri_one_master_ws/install/ecl_config/bin:${PATH} /usr/bin/cmake --install /home/ri-one/ri_one_master_ws/build/ecl_time
[0.715s] -- Install configuration: ""
[0.716s] -- Execute custom install script
[0.716s] -- Up-to-date symlink: /home/ri-one/ri_one_master_ws/install/ecl_time/include/ecl/time/cpuwatch.hpp
[0.716s] -- Up-to-date symlink: /home/ri-one/ri_one_master_ws/install/ecl_time/include/ecl/time/cpuwatch_rt.hpp
[0.716s] -- Up-to-date symlink: /home/ri-one/ri_one_master_ws/install/ecl_time/include/ecl/time/duration.hpp
[0.716s] -- Up-to-date symlink: /home/ri-one/ri_one_master_ws/install/ecl_time/include/ecl/time/frequency.hpp
[0.717s] -- Up-to-date symlink: /home/ri-one/ri_one_master_ws/install/ecl_time/include/ecl/time/macros.hpp
[0.717s] -- Up-to-date symlink: /home/ri-one/ri_one_master_ws/install/ecl_time/include/ecl/time/random_number_generator.hpp
[0.717s] -- Up-to-date symlink: /home/ri-one/ri_one_master_ws/install/ecl_time/include/ecl/time/sleep.hpp
[0.717s] -- Up-to-date symlink: /home/ri-one/ri_one_master_ws/install/ecl_time/include/ecl/time/sleep_pos.hpp
[0.717s] -- Up-to-date symlink: /home/ri-one/ri_one_master_ws/install/ecl_time/include/ecl/time/sleep_win.hpp
[0.718s] -- Up-to-date symlink: /home/ri-one/ri_one_master_ws/install/ecl_time/include/ecl/time/snooze.hpp
[0.718s] -- Up-to-date symlink: /home/ri-one/ri_one_master_ws/install/ecl_time/include/ecl/time/snooze_pos.hpp
[0.719s] -- Up-to-date symlink: /home/ri-one/ri_one_master_ws/install/ecl_time/include/ecl/time/snooze_win.hpp
[0.720s] -- Up-to-date symlink: /home/ri-one/ri_one_master_ws/install/ecl_time/include/ecl/time/stopwatch.hpp
[0.721s] -- Up-to-date symlink: /home/ri-one/ri_one_master_ws/install/ecl_time/include/ecl/time/time_data.hpp
[0.723s] -- Up-to-date symlink: /home/ri-one/ri_one_master_ws/install/ecl_time/include/ecl/time/timestamp.hpp
[0.723s] -- Up-to-date symlink: /home/ri-one/ri_one_master_ws/install/ecl_time/include/ecl/time/timestamp_base.hpp
[0.723s] -- Up-to-date symlink: /home/ri-one/ri_one_master_ws/install/ecl_time/include/ecl/time/timestamp_pos.hpp
[0.723s] -- Up-to-date symlink: /home/ri-one/ri_one_master_ws/install/ecl_time/include/ecl/time/timestamp_win.hpp
[0.724s] -- Up-to-date symlink: /home/ri-one/ri_one_master_ws/install/ecl_time/include/ecl/time.hpp
[0.725s] -- Up-to-date symlink: /home/ri-one/ri_one_master_ws/install/ecl_time/lib/ecl_time/demo_random_number_generator
[0.726s] -- Up-to-date symlink: /home/ri-one/ri_one_master_ws/install/ecl_time/lib/ecl_time/demo_sleep
[0.726s] -- Up-to-date symlink: /home/ri-one/ri_one_master_ws/install/ecl_time/share/ecl_time/environment/library_path.sh
[0.726s] -- Up-to-date symlink: /home/ri-one/ri_one_master_ws/install/ecl_time/share/ecl_time/environment/library_path.dsv
[0.727s] -- Up-to-date symlink: /home/ri-one/ri_one_master_ws/install/ecl_time/share/ament_index/resource_index/package_run_dependencies/ecl_time
[0.727s] -- Up-to-date symlink: /home/ri-one/ri_one_master_ws/install/ecl_time/share/ament_index/resource_index/parent_prefix_path/ecl_time
[0.727s] -- Up-to-date symlink: /home/ri-one/ri_one_master_ws/install/ecl_time/share/ecl_time/environment/ament_prefix_path.sh
[0.727s] -- Up-to-date symlink: /home/ri-one/ri_one_master_ws/install/ecl_time/share/ecl_time/environment/ament_prefix_path.dsv
[0.727s] -- Up-to-date symlink: /home/ri-one/ri_one_master_ws/install/ecl_time/share/ecl_time/environment/path.sh
[0.727s] -- Up-to-date symlink: /home/ri-one/ri_one_master_ws/install/ecl_time/share/ecl_time/environment/path.dsv
[0.728s] -- Up-to-date symlink: /home/ri-one/ri_one_master_ws/install/ecl_time/share/ecl_time/local_setup.bash
[0.728s] -- Up-to-date symlink: /home/ri-one/ri_one_master_ws/install/ecl_time/share/ecl_time/local_setup.sh
[0.728s] -- Up-to-date symlink: /home/ri-one/ri_one_master_ws/install/ecl_time/share/ecl_time/local_setup.zsh
[0.728s] -- Up-to-date symlink: /home/ri-one/ri_one_master_ws/install/ecl_time/share/ecl_time/local_setup.dsv
[0.728s] -- Symlinking: /home/ri-one/ri_one_master_ws/install/ecl_time/share/ecl_time/package.dsv
[0.753s] -- Up-to-date symlink: /home/ri-one/ri_one_master_ws/install/ecl_time/share/ament_index/resource_index/packages/ecl_time
[0.753s] -- Up-to-date symlink: /home/ri-one/ri_one_master_ws/install/ecl_time/share/ecl_time/cmake/ament_cmake_export_targets-extras.cmake
[0.753s] -- Up-to-date symlink: /home/ri-one/ri_one_master_ws/install/ecl_time/share/ecl_time/cmake/ament_cmake_export_include_directories-extras.cmake
[0.753s] -- Up-to-date symlink: /home/ri-one/ri_one_master_ws/install/ecl_time/share/ecl_time/cmake/ament_cmake_export_libraries-extras.cmake
[0.753s] -- Up-to-date symlink: /home/ri-one/ri_one_master_ws/install/ecl_time/share/ecl_time/cmake/ament_cmake_export_dependencies-extras.cmake
[0.754s] -- Up-to-date symlink: /home/ri-one/ri_one_master_ws/install/ecl_time/share/ecl_time/cmake/ecl_timeConfig.cmake
[0.754s] -- Up-to-date symlink: /home/ri-one/ri_one_master_ws/install/ecl_time/share/ecl_time/cmake/ecl_timeConfig-version.cmake
[0.754s] -- Up-to-date symlink: /home/ri-one/ri_one_master_ws/install/ecl_time/share/ecl_time/package.xml
[0.754s] -- Up-to-date: /home/ri-one/ri_one_master_ws/install/ecl_time/share/ecl_time/cmake/ecl_timeExport.cmake
[0.754s] -- Up-to-date: /home/ri-one/ri_one_master_ws/install/ecl_time/share/ecl_time/cmake/ecl_timeExport-noconfig.cmake
[0.760s] -- Up-to-date: /home/ri-one/ri_one_master_ws/install/ecl_time/lib/libecl_time.so.1.2.1
[0.761s] -- Up-to-date: /home/ri-one/ri_one_master_ws/install/ecl_time/lib/libecl_time.so
[0.765s] Invoked command in '/home/ri-one/ri_one_master_ws/build/ecl_time' returned '0': AMENT_PREFIX_PATH=/home/ri-one/ri_one_master_ws/install/ecl_time_lite:/home/ri-one/ri_one_master_ws/install/ecl_exceptions:/home/ri-one/ri_one_master_ws/install/ecl_errors:/home/ri-one/ri_one_master_ws/install/ecl_config:${AMENT_PREFIX_PATH} CMAKE_PREFIX_PATH=/home/ri-one/ri_one_master_ws/install/ecl_time_lite:/home/ri-one/ri_one_master_ws/install/ecl_exceptions:/home/ri-one/ri_one_master_ws/install/ecl_errors:/home/ri-one/ri_one_master_ws/install/ecl_config:/opt/ros/humble LD_LIBRARY_PATH=/home/ri-one/ri_one_master_ws/install/ecl_time_lite/lib:/home/ri-one/ri_one_master_ws/install/ecl_exceptions/lib:/home/ri-one/ri_one_master_ws/install/ecl_errors/lib:${LD_LIBRARY_PATH} PATH=/home/ri-one/ri_one_master_ws/install/ecl_config/bin:${PATH} /usr/bin/cmake --install /home/ri-one/ri_one_master_ws/build/ecl_time
