[0.035s] Invoking command in '/home/ri-one/ri_one_master_ws/build/ros2_kinect_mic_node': AMENT_PREFIX_PATH=/home/ri-one/ri_one_master_ws/install/audio_common_msgs:${AMENT_PREFIX_PATH} CMAKE_PREFIX_PATH=/home/ri-one/ri_one_master_ws/install/audio_common_msgs:/opt/ros/humble LD_LIBRARY_PATH=/home/ri-one/ri_one_master_ws/install/audio_common_msgs/lib:${LD_LIBRARY_PATH} PYTHONPATH=/home/ri-one/ri_one_master_ws/install/audio_common_msgs/local/lib/python3.10/dist-packages:${PYTHONPATH} /usr/bin/cmake --build /home/ri-one/ri_one_master_ws/build/ros2_kinect_mic_node -- -j4 -l4
[0.228s] [100%] Built target ros2_kinect_mic_node_node
[0.828s] Invoked command in '/home/ri-one/ri_one_master_ws/build/ros2_kinect_mic_node' returned '0': AMENT_PREFIX_PATH=/home/ri-one/ri_one_master_ws/install/audio_common_msgs:${AMENT_PREFIX_PATH} CMAKE_PREFIX_PATH=/home/ri-one/ri_one_master_ws/install/audio_common_msgs:/opt/ros/humble LD_LIBRARY_PATH=/home/ri-one/ri_one_master_ws/install/audio_common_msgs/lib:${LD_LIBRARY_PATH} PYTHONPATH=/home/ri-one/ri_one_master_ws/install/audio_common_msgs/local/lib/python3.10/dist-packages:${PYTHONPATH} /usr/bin/cmake --build /home/ri-one/ri_one_master_ws/build/ros2_kinect_mic_node -- -j4 -l4
[0.829s] Invoking command in '/home/ri-one/ri_one_master_ws/build/ros2_kinect_mic_node': AMENT_PREFIX_PATH=/home/ri-one/ri_one_master_ws/install/audio_common_msgs:${AMENT_PREFIX_PATH} CMAKE_PREFIX_PATH=/home/ri-one/ri_one_master_ws/install/audio_common_msgs:/opt/ros/humble LD_LIBRARY_PATH=/home/ri-one/ri_one_master_ws/install/audio_common_msgs/lib:${LD_LIBRARY_PATH} PYTHONPATH=/home/ri-one/ri_one_master_ws/install/audio_common_msgs/local/lib/python3.10/dist-packages:${PYTHONPATH} /usr/bin/cmake --install /home/ri-one/ri_one_master_ws/build/ros2_kinect_mic_node
[0.849s] -- Install configuration: ""
[0.851s] -- Execute custom install script
[0.852s] -- Up-to-date symlink: /home/ri-one/ri_one_master_ws/install/ros2_kinect_mic_node/lib/ros2_kinect_mic_node/ros2_kinect_mic_node_node
[0.852s] -- Up-to-date symlink: /home/ri-one/ri_one_master_ws/install/ros2_kinect_mic_node/share/ament_index/resource_index/package_run_dependencies/ros2_kinect_mic_node
[0.852s] -- Up-to-date symlink: /home/ri-one/ri_one_master_ws/install/ros2_kinect_mic_node/share/ament_index/resource_index/parent_prefix_path/ros2_kinect_mic_node
[0.852s] -- Up-to-date symlink: /home/ri-one/ri_one_master_ws/install/ros2_kinect_mic_node/share/ros2_kinect_mic_node/environment/ament_prefix_path.sh
[0.853s] -- Up-to-date symlink: /home/ri-one/ri_one_master_ws/install/ros2_kinect_mic_node/share/ros2_kinect_mic_node/environment/ament_prefix_path.dsv
[0.853s] -- Up-to-date symlink: /home/ri-one/ri_one_master_ws/install/ros2_kinect_mic_node/share/ros2_kinect_mic_node/environment/path.sh
[0.854s] -- Up-to-date symlink: /home/ri-one/ri_one_master_ws/install/ros2_kinect_mic_node/share/ros2_kinect_mic_node/environment/path.dsv
[0.857s] -- Up-to-date symlink: /home/ri-one/ri_one_master_ws/install/ros2_kinect_mic_node/share/ros2_kinect_mic_node/local_setup.bash
[0.858s] -- Up-to-date symlink: /home/ri-one/ri_one_master_ws/install/ros2_kinect_mic_node/share/ros2_kinect_mic_node/local_setup.sh
[0.859s] -- Up-to-date symlink: /home/ri-one/ri_one_master_ws/install/ros2_kinect_mic_node/share/ros2_kinect_mic_node/local_setup.zsh
[0.859s] -- Up-to-date symlink: /home/ri-one/ri_one_master_ws/install/ros2_kinect_mic_node/share/ros2_kinect_mic_node/local_setup.dsv
[0.860s] -- Symlinking: /home/ri-one/ri_one_master_ws/install/ros2_kinect_mic_node/share/ros2_kinect_mic_node/package.dsv
[0.881s] -- Up-to-date symlink: /home/ri-one/ri_one_master_ws/install/ros2_kinect_mic_node/share/ament_index/resource_index/packages/ros2_kinect_mic_node
[0.882s] -- Up-to-date symlink: /home/ri-one/ri_one_master_ws/install/ros2_kinect_mic_node/share/ros2_kinect_mic_node/cmake/ros2_kinect_mic_nodeConfig.cmake
[0.885s] -- Up-to-date symlink: /home/ri-one/ri_one_master_ws/install/ros2_kinect_mic_node/share/ros2_kinect_mic_node/cmake/ros2_kinect_mic_nodeConfig-version.cmake
[0.886s] -- Up-to-date symlink: /home/ri-one/ri_one_master_ws/install/ros2_kinect_mic_node/share/ros2_kinect_mic_node/package.xml
[0.911s] Invoked command in '/home/ri-one/ri_one_master_ws/build/ros2_kinect_mic_node' returned '0': AMENT_PREFIX_PATH=/home/ri-one/ri_one_master_ws/install/audio_common_msgs:${AMENT_PREFIX_PATH} CMAKE_PREFIX_PATH=/home/ri-one/ri_one_master_ws/install/audio_common_msgs:/opt/ros/humble LD_LIBRARY_PATH=/home/ri-one/ri_one_master_ws/install/audio_common_msgs/lib:${LD_LIBRARY_PATH} PYTHONPATH=/home/ri-one/ri_one_master_ws/install/audio_common_msgs/local/lib/python3.10/dist-packages:${PYTHONPATH} /usr/bin/cmake --install /home/ri-one/ri_one_master_ws/build/ros2_kinect_mic_node
