[0.032s] Invoking command in '/home/ri-one/ri_one_master_ws/build/kobuki_safety_controller': AMENT_PREFIX_PATH=/home/ri-one/ri_one_master_ws/install/kobuki_ros_interfaces:${AMENT_PREFIX_PATH} CMAKE_PREFIX_PATH=/home/ri-one/ri_one_master_ws/install/kobuki_ros_interfaces:/opt/ros/humble LD_LIBRARY_PATH=/home/ri-one/ri_one_master_ws/install/kobuki_ros_interfaces/lib:${LD_LIBRARY_PATH} PYTHONPATH=/home/ri-one/ri_one_master_ws/install/kobuki_ros_interfaces/local/lib/python3.10/dist-packages:${PYTHONPATH} /usr/bin/cmake /home/ri-one/ri_one_master_ws/src/turtlebot2_ros2/kobuki_ros/kobuki_safety_controller -DAMENT_CMAKE_SYMLINK_INSTALL=1 -DCMAKE_INSTALL_PREFIX=/home/ri-one/ri_one_master_ws/install/kobuki_safety_controller
[0.300s] -- The C compiler identification is GNU 11.4.0
[0.482s] -- The CXX compiler identification is GNU 11.4.0
[0.510s] -- Detecting C compiler ABI info
[0.740s] -- Detecting C compiler ABI info - done
[0.789s] -- Check for working C compiler: /usr/bin/cc - skipped
[0.792s] -- Detecting C compile features
[0.792s] -- Detecting C compile features - done
[0.800s] -- Detecting CXX compiler ABI info
[1.030s] -- Detecting CXX compiler ABI info - done
[1.080s] -- Check for working CXX compiler: /usr/bin/c++ - skipped
[1.081s] -- Detecting CXX compile features
[1.084s] -- Detecting CXX compile features - done
[1.092s] -- Found ament_cmake_ros: 0.10.0 (/opt/ros/humble/share/ament_cmake_ros/cmake)
[1.578s] -- Found Python3: /usr/bin/python3 (found version "3.10.12") found components: Interpreter 
[1.729s] -- Override CMake install command with custom implementation using symlinks instead of copying resources
[1.792s] -- Found ecl_build: 1.0.3 (/opt/ros/humble/share/ecl_build/cmake)
[1.807s] -- Found geometry_msgs: 4.9.0 (/opt/ros/humble/share/geometry_msgs/cmake)
[1.892s] -- Found rosidl_generator_c: 3.1.7 (/opt/ros/humble/share/rosidl_generator_c/cmake)
[1.903s] -- Found rosidl_adapter: 3.1.7 (/opt/ros/humble/share/rosidl_adapter/cmake)
[1.922s] -- Found rosidl_generator_cpp: 3.1.7 (/opt/ros/humble/share/rosidl_generator_cpp/cmake)
[1.952s] -- Using all available rosidl_typesupport_c: rosidl_typesupport_fastrtps_c;rosidl_typesupport_introspection_c
[1.994s] -- Using all available rosidl_typesupport_cpp: rosidl_typesupport_fastrtps_cpp;rosidl_typesupport_introspection_cpp
[2.095s] -- Found kobuki_ros_interfaces: 1.0.0 (/home/ri-one/ri_one_master_ws/install/kobuki_ros_interfaces/share/kobuki_ros_interfaces/cmake)
[2.208s] -- Found rclcpp: 16.0.15 (/opt/ros/humble/share/rclcpp/cmake)
[2.283s] -- Found rmw_implementation_cmake: 6.1.2 (/opt/ros/humble/share/rmw_implementation_cmake/cmake)
[2.288s] -- Found rmw_fastrtps_cpp: 6.2.9 (/opt/ros/humble/share/rmw_fastrtps_cpp/cmake)
[2.557s] -- Found OpenSSL: /usr/lib/x86_64-linux-gnu/libcrypto.so (found version "3.0.2")  
[2.614s] -- Found FastRTPS: /opt/ros/humble/include  
[2.723s] -- Using RMW implementation 'rmw_fastrtps_cpp' as default
[2.741s] -- Looking for pthread.h
[2.913s] -- Looking for pthread.h - found
[2.917s] -- Performing Test CMAKE_HAVE_LIBC_PTHREAD
[3.121s] -- Performing Test CMAKE_HAVE_LIBC_PTHREAD - Success
[3.126s] -- Found Threads: TRUE  
[3.241s] -- Found rclcpp_components: 16.0.15 (/opt/ros/humble/share/rclcpp_components/cmake)
[3.495s] -- Configuring done
[3.555s] -- Generating done
[3.579s] -- Build files have been written to: /home/ri-one/ri_one_master_ws/build/kobuki_safety_controller
[3.609s] Invoked command in '/home/ri-one/ri_one_master_ws/build/kobuki_safety_controller' returned '0': AMENT_PREFIX_PATH=/home/ri-one/ri_one_master_ws/install/kobuki_ros_interfaces:${AMENT_PREFIX_PATH} CMAKE_PREFIX_PATH=/home/ri-one/ri_one_master_ws/install/kobuki_ros_interfaces:/opt/ros/humble LD_LIBRARY_PATH=/home/ri-one/ri_one_master_ws/install/kobuki_ros_interfaces/lib:${LD_LIBRARY_PATH} PYTHONPATH=/home/ri-one/ri_one_master_ws/install/kobuki_ros_interfaces/local/lib/python3.10/dist-packages:${PYTHONPATH} /usr/bin/cmake /home/ri-one/ri_one_master_ws/src/turtlebot2_ros2/kobuki_ros/kobuki_safety_controller -DAMENT_CMAKE_SYMLINK_INSTALL=1 -DCMAKE_INSTALL_PREFIX=/home/ri-one/ri_one_master_ws/install/kobuki_safety_controller
[3.610s] Invoking command in '/home/ri-one/ri_one_master_ws/build/kobuki_safety_controller': AMENT_PREFIX_PATH=/home/ri-one/ri_one_master_ws/install/kobuki_ros_interfaces:${AMENT_PREFIX_PATH} CMAKE_PREFIX_PATH=/home/ri-one/ri_one_master_ws/install/kobuki_ros_interfaces:/opt/ros/humble LD_LIBRARY_PATH=/home/ri-one/ri_one_master_ws/install/kobuki_ros_interfaces/lib:${LD_LIBRARY_PATH} PYTHONPATH=/home/ri-one/ri_one_master_ws/install/kobuki_ros_interfaces/local/lib/python3.10/dist-packages:${PYTHONPATH} /usr/bin/cmake --build /home/ri-one/ri_one_master_ws/build/kobuki_safety_controller -- -j4 -l4
[3.719s] [ 25%] [32mBuilding CXX object CMakeFiles/kobuki_safety_controller.dir/src/safety_controller.cpp.o[0m
[42.918s] [ 50%] [32m[1mLinking CXX shared library libkobuki_safety_controller.so[0m
[45.613s] [ 50%] Built target kobuki_safety_controller
[45.653s] [ 75%] [32mBuilding CXX object CMakeFiles/kobuki_safety_controller_node.dir/rclcpp_components/node_main_kobuki_safety_controller_node.cpp.o[0m
[52.758s] [100%] [32m[1mLinking CXX executable kobuki_safety_controller_node[0m
[53.064s] [100%] Built target kobuki_safety_controller_node
[53.090s] Invoked command in '/home/ri-one/ri_one_master_ws/build/kobuki_safety_controller' returned '0': AMENT_PREFIX_PATH=/home/ri-one/ri_one_master_ws/install/kobuki_ros_interfaces:${AMENT_PREFIX_PATH} CMAKE_PREFIX_PATH=/home/ri-one/ri_one_master_ws/install/kobuki_ros_interfaces:/opt/ros/humble LD_LIBRARY_PATH=/home/ri-one/ri_one_master_ws/install/kobuki_ros_interfaces/lib:${LD_LIBRARY_PATH} PYTHONPATH=/home/ri-one/ri_one_master_ws/install/kobuki_ros_interfaces/local/lib/python3.10/dist-packages:${PYTHONPATH} /usr/bin/cmake --build /home/ri-one/ri_one_master_ws/build/kobuki_safety_controller -- -j4 -l4
[53.095s] Invoking command in '/home/ri-one/ri_one_master_ws/build/kobuki_safety_controller': AMENT_PREFIX_PATH=/home/ri-one/ri_one_master_ws/install/kobuki_ros_interfaces:${AMENT_PREFIX_PATH} CMAKE_PREFIX_PATH=/home/ri-one/ri_one_master_ws/install/kobuki_ros_interfaces:/opt/ros/humble LD_LIBRARY_PATH=/home/ri-one/ri_one_master_ws/install/kobuki_ros_interfaces/lib:${LD_LIBRARY_PATH} PYTHONPATH=/home/ri-one/ri_one_master_ws/install/kobuki_ros_interfaces/local/lib/python3.10/dist-packages:${PYTHONPATH} /usr/bin/cmake --install /home/ri-one/ri_one_master_ws/build/kobuki_safety_controller
[53.111s] -- Install configuration: ""
[53.112s] -- Execute custom install script
[53.113s] -- Symlinking: /home/ri-one/ri_one_master_ws/install/kobuki_safety_controller/lib/kobuki_safety_controller/kobuki_safety_controller_node
[53.133s] -- Symlinking: /home/ri-one/ri_one_master_ws/install/kobuki_safety_controller/lib/libkobuki_safety_controller.so
[53.152s] -- Symlinking: /home/ri-one/ri_one_master_ws/install/kobuki_safety_controller/include/kobuki_safety_controller/safety_controller.hpp
[53.173s] -- Symlinking: /home/ri-one/ri_one_master_ws/install/kobuki_safety_controller/share/kobuki_safety_controller/config/safety_controller_params.yaml
[53.193s] -- Symlinking: /home/ri-one/ri_one_master_ws/install/kobuki_safety_controller/share/kobuki_safety_controller/launch/safety_controller-composed-launch.py
[53.212s] -- Symlinking: /home/ri-one/ri_one_master_ws/install/kobuki_safety_controller/share/kobuki_safety_controller/launch/safety_controller-launch.py
[53.233s] -- Symlinking: /home/ri-one/ri_one_master_ws/install/kobuki_safety_controller/share/ament_index/resource_index/package_run_dependencies/kobuki_safety_controller
[53.253s] -- Symlinking: /home/ri-one/ri_one_master_ws/install/kobuki_safety_controller/share/ament_index/resource_index/parent_prefix_path/kobuki_safety_controller
[53.274s] -- Symlinking: /home/ri-one/ri_one_master_ws/install/kobuki_safety_controller/share/kobuki_safety_controller/environment/ament_prefix_path.sh
[53.293s] -- Symlinking: /home/ri-one/ri_one_master_ws/install/kobuki_safety_controller/share/kobuki_safety_controller/environment/ament_prefix_path.dsv
[53.312s] -- Symlinking: /home/ri-one/ri_one_master_ws/install/kobuki_safety_controller/share/kobuki_safety_controller/environment/path.sh
[53.333s] -- Symlinking: /home/ri-one/ri_one_master_ws/install/kobuki_safety_controller/share/kobuki_safety_controller/environment/path.dsv
[53.353s] -- Symlinking: /home/ri-one/ri_one_master_ws/install/kobuki_safety_controller/share/kobuki_safety_controller/local_setup.bash
[53.372s] -- Symlinking: /home/ri-one/ri_one_master_ws/install/kobuki_safety_controller/share/kobuki_safety_controller/local_setup.sh
[53.392s] -- Symlinking: /home/ri-one/ri_one_master_ws/install/kobuki_safety_controller/share/kobuki_safety_controller/local_setup.zsh
[53.411s] -- Symlinking: /home/ri-one/ri_one_master_ws/install/kobuki_safety_controller/share/kobuki_safety_controller/local_setup.dsv
[53.430s] -- Symlinking: /home/ri-one/ri_one_master_ws/install/kobuki_safety_controller/share/kobuki_safety_controller/package.dsv
[53.450s] -- Symlinking: /home/ri-one/ri_one_master_ws/install/kobuki_safety_controller/share/ament_index/resource_index/packages/kobuki_safety_controller
[53.472s] -- Symlinking: /home/ri-one/ri_one_master_ws/install/kobuki_safety_controller/share/ament_index/resource_index/rclcpp_components/kobuki_safety_controller
[53.492s] -- Symlinking: /home/ri-one/ri_one_master_ws/install/kobuki_safety_controller/share/kobuki_safety_controller/cmake/kobuki_safety_controllerConfig.cmake
[53.511s] -- Symlinking: /home/ri-one/ri_one_master_ws/install/kobuki_safety_controller/share/kobuki_safety_controller/cmake/kobuki_safety_controllerConfig-version.cmake
[53.530s] -- Symlinking: /home/ri-one/ri_one_master_ws/install/kobuki_safety_controller/share/kobuki_safety_controller/package.xml
[53.553s] Invoked command in '/home/ri-one/ri_one_master_ws/build/kobuki_safety_controller' returned '0': AMENT_PREFIX_PATH=/home/ri-one/ri_one_master_ws/install/kobuki_ros_interfaces:${AMENT_PREFIX_PATH} CMAKE_PREFIX_PATH=/home/ri-one/ri_one_master_ws/install/kobuki_ros_interfaces:/opt/ros/humble LD_LIBRARY_PATH=/home/ri-one/ri_one_master_ws/install/kobuki_ros_interfaces/lib:${LD_LIBRARY_PATH} PYTHONPATH=/home/ri-one/ri_one_master_ws/install/kobuki_ros_interfaces/local/lib/python3.10/dist-packages:${PYTHONPATH} /usr/bin/cmake --install /home/ri-one/ri_one_master_ws/build/kobuki_safety_controller
