[0.048s] Invoking command in '/home/ri-one/ri_one_master_ws/build/ecl_time_lite': AMENT_PREFIX_PATH=/home/ri-one/ri_one_master_ws/install/ecl_errors:/home/ri-one/ri_one_master_ws/install/ecl_config:${AMENT_PREFIX_PATH} CMAKE_PREFIX_PATH=/home/ri-one/ri_one_master_ws/install/ecl_errors:/home/ri-one/ri_one_master_ws/install/ecl_config:/opt/ros/humble LD_LIBRARY_PATH=/home/ri-one/ri_one_master_ws/install/ecl_errors/lib:${LD_LIBRARY_PATH} PATH=/home/ri-one/ri_one_master_ws/install/ecl_config/bin:${PATH} /usr/bin/cmake --build /home/ri-one/ri_one_master_ws/build/ecl_time_lite -- -j4 -l4
[0.296s] [ 77%] Built target ecl_time_lite
[0.341s] [100%] Built target demo_time_functions
[0.359s] Invoked command in '/home/ri-one/ri_one_master_ws/build/ecl_time_lite' returned '0': AMENT_PREFIX_PATH=/home/ri-one/ri_one_master_ws/install/ecl_errors:/home/ri-one/ri_one_master_ws/install/ecl_config:${AMENT_PREFIX_PATH} CMAKE_PREFIX_PATH=/home/ri-one/ri_one_master_ws/install/ecl_errors:/home/ri-one/ri_one_master_ws/install/ecl_config:/opt/ros/humble LD_LIBRARY_PATH=/home/ri-one/ri_one_master_ws/install/ecl_errors/lib:${LD_LIBRARY_PATH} PATH=/home/ri-one/ri_one_master_ws/install/ecl_config/bin:${PATH} /usr/bin/cmake --build /home/ri-one/ri_one_master_ws/build/ecl_time_lite -- -j4 -l4
[0.371s] Invoking command in '/home/ri-one/ri_one_master_ws/build/ecl_time_lite': AMENT_PREFIX_PATH=/home/ri-one/ri_one_master_ws/install/ecl_errors:/home/ri-one/ri_one_master_ws/install/ecl_config:${AMENT_PREFIX_PATH} CMAKE_PREFIX_PATH=/home/ri-one/ri_one_master_ws/install/ecl_errors:/home/ri-one/ri_one_master_ws/install/ecl_config:/opt/ros/humble LD_LIBRARY_PATH=/home/ri-one/ri_one_master_ws/install/ecl_errors/lib:${LD_LIBRARY_PATH} PATH=/home/ri-one/ri_one_master_ws/install/ecl_config/bin:${PATH} /usr/bin/cmake --install /home/ri-one/ri_one_master_ws/build/ecl_time_lite
[0.407s] -- Install configuration: ""
[0.407s] -- Execute custom install script
[0.408s] -- Up-to-date symlink: /home/ri-one/ri_one_master_ws/install/ecl_time_lite/include/ecl/time_lite/cpu_time.hpp
[0.409s] -- Up-to-date symlink: /home/ri-one/ri_one_master_ws/install/ecl_time_lite/include/ecl/time_lite/date.hpp
[0.410s] -- Up-to-date symlink: /home/ri-one/ri_one_master_ws/install/ecl_time_lite/include/ecl/time_lite/errors.hpp
[0.411s] -- Up-to-date symlink: /home/ri-one/ri_one_master_ws/install/ecl_time_lite/include/ecl/time_lite/functions.hpp
[0.412s] -- Up-to-date symlink: /home/ri-one/ri_one_master_ws/install/ecl_time_lite/include/ecl/time_lite/functions_mac.hpp
[0.412s] -- Up-to-date symlink: /home/ri-one/ri_one_master_ws/install/ecl_time_lite/include/ecl/time_lite/functions_pos.hpp
[0.414s] -- Up-to-date symlink: /home/ri-one/ri_one_master_ws/install/ecl_time_lite/include/ecl/time_lite/functions_rt.hpp
[0.414s] -- Up-to-date symlink: /home/ri-one/ri_one_master_ws/install/ecl_time_lite/include/ecl/time_lite/functions_win.hpp
[0.417s] -- Up-to-date symlink: /home/ri-one/ri_one_master_ws/install/ecl_time_lite/include/ecl/time_lite/macros.hpp
[0.420s] -- Up-to-date symlink: /home/ri-one/ri_one_master_ws/install/ecl_time_lite/include/ecl/time_lite/types.hpp
[0.421s] -- Up-to-date symlink: /home/ri-one/ri_one_master_ws/install/ecl_time_lite/include/ecl/time_lite/types_pos.hpp
[0.423s] -- Up-to-date symlink: /home/ri-one/ri_one_master_ws/install/ecl_time_lite/include/ecl/time_lite/types_win.hpp
[0.424s] -- Up-to-date symlink: /home/ri-one/ri_one_master_ws/install/ecl_time_lite/include/ecl/time_lite/config.hpp
[0.425s] -- Up-to-date symlink: /home/ri-one/ri_one_master_ws/install/ecl_time_lite/include/ecl/time_lite.hpp
[0.431s] -- Up-to-date symlink: /home/ri-one/ri_one_master_ws/install/ecl_time_lite/lib/ecl_time_lite/demo_time_functions
[0.432s] -- Up-to-date symlink: /home/ri-one/ri_one_master_ws/install/ecl_time_lite/share/ecl_time_lite/environment/library_path.sh
[0.433s] -- Up-to-date symlink: /home/ri-one/ri_one_master_ws/install/ecl_time_lite/share/ecl_time_lite/environment/library_path.dsv
[0.434s] -- Up-to-date symlink: /home/ri-one/ri_one_master_ws/install/ecl_time_lite/share/ament_index/resource_index/package_run_dependencies/ecl_time_lite
[0.435s] -- Up-to-date symlink: /home/ri-one/ri_one_master_ws/install/ecl_time_lite/share/ament_index/resource_index/parent_prefix_path/ecl_time_lite
[0.436s] -- Up-to-date symlink: /home/ri-one/ri_one_master_ws/install/ecl_time_lite/share/ecl_time_lite/environment/ament_prefix_path.sh
[0.442s] -- Up-to-date symlink: /home/ri-one/ri_one_master_ws/install/ecl_time_lite/share/ecl_time_lite/environment/ament_prefix_path.dsv
[0.442s] -- Up-to-date symlink: /home/ri-one/ri_one_master_ws/install/ecl_time_lite/share/ecl_time_lite/environment/path.sh
[0.442s] -- Up-to-date symlink: /home/ri-one/ri_one_master_ws/install/ecl_time_lite/share/ecl_time_lite/environment/path.dsv
[0.444s] -- Up-to-date symlink: /home/ri-one/ri_one_master_ws/install/ecl_time_lite/share/ecl_time_lite/local_setup.bash
[0.454s] -- Up-to-date symlink: /home/ri-one/ri_one_master_ws/install/ecl_time_lite/share/ecl_time_lite/local_setup.sh
[0.454s] -- Up-to-date symlink: /home/ri-one/ri_one_master_ws/install/ecl_time_lite/share/ecl_time_lite/local_setup.zsh
[0.455s] -- Up-to-date symlink: /home/ri-one/ri_one_master_ws/install/ecl_time_lite/share/ecl_time_lite/local_setup.dsv
[0.455s] -- Symlinking: /home/ri-one/ri_one_master_ws/install/ecl_time_lite/share/ecl_time_lite/package.dsv
[0.481s] -- Up-to-date symlink: /home/ri-one/ri_one_master_ws/install/ecl_time_lite/share/ament_index/resource_index/packages/ecl_time_lite
[0.482s] -- Up-to-date symlink: /home/ri-one/ri_one_master_ws/install/ecl_time_lite/share/ecl_time_lite/cmake/ament_cmake_export_targets-extras.cmake
[0.482s] -- Up-to-date symlink: /home/ri-one/ri_one_master_ws/install/ecl_time_lite/share/ecl_time_lite/cmake/ament_cmake_export_include_directories-extras.cmake
[0.487s] -- Up-to-date symlink: /home/ri-one/ri_one_master_ws/install/ecl_time_lite/share/ecl_time_lite/cmake/ament_cmake_export_libraries-extras.cmake
[0.487s] -- Up-to-date symlink: /home/ri-one/ri_one_master_ws/install/ecl_time_lite/share/ecl_time_lite/cmake/ament_cmake_export_dependencies-extras.cmake
[0.488s] -- Up-to-date symlink: /home/ri-one/ri_one_master_ws/install/ecl_time_lite/share/ecl_time_lite/cmake/ecl_time_liteConfig.cmake
[0.488s] -- Up-to-date symlink: /home/ri-one/ri_one_master_ws/install/ecl_time_lite/share/ecl_time_lite/cmake/ecl_time_liteConfig-version.cmake
[0.488s] -- Up-to-date symlink: /home/ri-one/ri_one_master_ws/install/ecl_time_lite/share/ecl_time_lite/package.xml
[0.488s] -- Up-to-date: /home/ri-one/ri_one_master_ws/install/ecl_time_lite/share/ecl_time_lite/cmake/ecl_time_liteExport.cmake
[0.488s] -- Up-to-date: /home/ri-one/ri_one_master_ws/install/ecl_time_lite/share/ecl_time_lite/cmake/ecl_time_liteExport-noconfig.cmake
[0.488s] -- Up-to-date: /home/ri-one/ri_one_master_ws/install/ecl_time_lite/lib/libecl_time_lite.so.1.2.0
[0.490s] -- Up-to-date: /home/ri-one/ri_one_master_ws/install/ecl_time_lite/lib/libecl_time_lite.so
[0.629s] Invoked command in '/home/ri-one/ri_one_master_ws/build/ecl_time_lite' returned '0': AMENT_PREFIX_PATH=/home/ri-one/ri_one_master_ws/install/ecl_errors:/home/ri-one/ri_one_master_ws/install/ecl_config:${AMENT_PREFIX_PATH} CMAKE_PREFIX_PATH=/home/ri-one/ri_one_master_ws/install/ecl_errors:/home/ri-one/ri_one_master_ws/install/ecl_config:/opt/ros/humble LD_LIBRARY_PATH=/home/ri-one/ri_one_master_ws/install/ecl_errors/lib:${LD_LIBRARY_PATH} PATH=/home/ri-one/ri_one_master_ws/install/ecl_config/bin:${PATH} /usr/bin/cmake --install /home/ri-one/ri_one_master_ws/build/ecl_time_lite
