[0.041s] Invoking command in '/home/ri-one/ri_one_master_ws/build/ros2_kinect_tilt': CMAKE_PREFIX_PATH=${CMAKE_PREFIX_PATH}:/home/ri-one/ri_one_master_ws/install/ros2_tests:/home/ri-one/ri_one_master_ws/install/realsense_vision:/home/ri-one/ri_one_master_ws/install/realsense2_ros_mqtt_bridge:/home/ri-one/ri_one_master_ws/install/gesture_to_motion:/home/ri-one/ri_one_master_ws/install/gesture_detection:/opt/ros/humble /usr/bin/cmake --build /home/ri-one/ri_one_master_ws/build/ros2_kinect_tilt -- -j4 -l4
[0.208s] [100%] Built target ros2_kinect_tilt_node
[0.250s] Invoked command in '/home/ri-one/ri_one_master_ws/build/ros2_kinect_tilt' returned '0': CMAKE_PREFIX_PATH=${CMAKE_PREFIX_PATH}:/home/ri-one/ri_one_master_ws/install/ros2_tests:/home/ri-one/ri_one_master_ws/install/realsense_vision:/home/ri-one/ri_one_master_ws/install/realsense2_ros_mqtt_bridge:/home/ri-one/ri_one_master_ws/install/gesture_to_motion:/home/ri-one/ri_one_master_ws/install/gesture_detection:/opt/ros/humble /usr/bin/cmake --build /home/ri-one/ri_one_master_ws/build/ros2_kinect_tilt -- -j4 -l4
[0.251s] Invoking command in '/home/ri-one/ri_one_master_ws/build/ros2_kinect_tilt': CMAKE_PREFIX_PATH=${CMAKE_PREFIX_PATH}:/home/ri-one/ri_one_master_ws/install/ros2_tests:/home/ri-one/ri_one_master_ws/install/realsense_vision:/home/ri-one/ri_one_master_ws/install/realsense2_ros_mqtt_bridge:/home/ri-one/ri_one_master_ws/install/gesture_to_motion:/home/ri-one/ri_one_master_ws/install/gesture_detection:/opt/ros/humble /usr/bin/cmake --install /home/ri-one/ri_one_master_ws/build/ros2_kinect_tilt
[0.280s] -- Install configuration: ""
[0.280s] -- Execute custom install script
[0.282s] -- Up-to-date symlink: /home/ri-one/ri_one_master_ws/install/ros2_kinect_tilt/lib/ros2_kinect_tilt/ros2_kinect_tilt_node
[0.282s] -- Up-to-date symlink: /home/ri-one/ri_one_master_ws/install/ros2_kinect_tilt/share/ament_index/resource_index/package_run_dependencies/ros2_kinect_tilt
[0.285s] -- Up-to-date symlink: /home/ri-one/ri_one_master_ws/install/ros2_kinect_tilt/share/ament_index/resource_index/parent_prefix_path/ros2_kinect_tilt
[0.286s] -- Up-to-date symlink: /home/ri-one/ri_one_master_ws/install/ros2_kinect_tilt/share/ros2_kinect_tilt/environment/ament_prefix_path.sh
[0.286s] -- Up-to-date symlink: /home/ri-one/ri_one_master_ws/install/ros2_kinect_tilt/share/ros2_kinect_tilt/environment/ament_prefix_path.dsv
[0.287s] -- Up-to-date symlink: /home/ri-one/ri_one_master_ws/install/ros2_kinect_tilt/share/ros2_kinect_tilt/environment/path.sh
[0.293s] -- Up-to-date symlink: /home/ri-one/ri_one_master_ws/install/ros2_kinect_tilt/share/ros2_kinect_tilt/environment/path.dsv
[0.293s] -- Up-to-date symlink: /home/ri-one/ri_one_master_ws/install/ros2_kinect_tilt/share/ros2_kinect_tilt/local_setup.bash
[0.293s] -- Up-to-date symlink: /home/ri-one/ri_one_master_ws/install/ros2_kinect_tilt/share/ros2_kinect_tilt/local_setup.sh
[0.293s] -- Up-to-date symlink: /home/ri-one/ri_one_master_ws/install/ros2_kinect_tilt/share/ros2_kinect_tilt/local_setup.zsh
[0.293s] -- Up-to-date symlink: /home/ri-one/ri_one_master_ws/install/ros2_kinect_tilt/share/ros2_kinect_tilt/local_setup.dsv
[0.295s] -- Symlinking: /home/ri-one/ri_one_master_ws/install/ros2_kinect_tilt/share/ros2_kinect_tilt/package.dsv
[0.321s] -- Up-to-date symlink: /home/ri-one/ri_one_master_ws/install/ros2_kinect_tilt/share/ament_index/resource_index/packages/ros2_kinect_tilt
[0.323s] -- Up-to-date symlink: /home/ri-one/ri_one_master_ws/install/ros2_kinect_tilt/share/ros2_kinect_tilt/cmake/ros2_kinect_tiltConfig.cmake
[0.324s] -- Up-to-date symlink: /home/ri-one/ri_one_master_ws/install/ros2_kinect_tilt/share/ros2_kinect_tilt/cmake/ros2_kinect_tiltConfig-version.cmake
[0.327s] -- Up-to-date symlink: /home/ri-one/ri_one_master_ws/install/ros2_kinect_tilt/share/ros2_kinect_tilt/package.xml
[0.333s] Invoked command in '/home/ri-one/ri_one_master_ws/build/ros2_kinect_tilt' returned '0': CMAKE_PREFIX_PATH=${CMAKE_PREFIX_PATH}:/home/ri-one/ri_one_master_ws/install/ros2_tests:/home/ri-one/ri_one_master_ws/install/realsense_vision:/home/ri-one/ri_one_master_ws/install/realsense2_ros_mqtt_bridge:/home/ri-one/ri_one_master_ws/install/gesture_to_motion:/home/ri-one/ri_one_master_ws/install/gesture_detection:/opt/ros/humble /usr/bin/cmake --install /home/ri-one/ri_one_master_ws/build/ros2_kinect_tilt
