[0.019s] Invoking command in '/home/ri-one/ri_one_master_ws/build/audio_common': AMENT_PREFIX_PATH=/home/ri-one/ri_one_master_ws/install/audio_common_msgs:${AMENT_PREFIX_PATH} CMAKE_PREFIX_PATH=/home/ri-one/ri_one_master_ws/install/audio_common_msgs:/opt/ros/humble LD_LIBRARY_PATH=/home/ri-one/ri_one_master_ws/install/audio_common_msgs/lib:${LD_LIBRARY_PATH} PYTHONPATH=/home/ri-one/ri_one_master_ws/install/audio_common_msgs/local/lib/python3.10/dist-packages:${PYTHONPATH} /usr/bin/cmake --build /home/ri-one/ri_one_master_ws/build/audio_common -- -j4 -l4
[0.098s] Invoked command in '/home/ri-one/ri_one_master_ws/build/audio_common' returned '0': AMENT_PREFIX_PATH=/home/ri-one/ri_one_master_ws/install/audio_common_msgs:${AMENT_PREFIX_PATH} CMAKE_PREFIX_PATH=/home/ri-one/ri_one_master_ws/install/audio_common_msgs:/opt/ros/humble LD_LIBRARY_PATH=/home/ri-one/ri_one_master_ws/install/audio_common_msgs/lib:${LD_LIBRARY_PATH} PYTHONPATH=/home/ri-one/ri_one_master_ws/install/audio_common_msgs/local/lib/python3.10/dist-packages:${PYTHONPATH} /usr/bin/cmake --build /home/ri-one/ri_one_master_ws/build/audio_common -- -j4 -l4
[0.100s] Invoking command in '/home/ri-one/ri_one_master_ws/build/audio_common': AMENT_PREFIX_PATH=/home/ri-one/ri_one_master_ws/install/audio_common_msgs:${AMENT_PREFIX_PATH} CMAKE_PREFIX_PATH=/home/ri-one/ri_one_master_ws/install/audio_common_msgs:/opt/ros/humble LD_LIBRARY_PATH=/home/ri-one/ri_one_master_ws/install/audio_common_msgs/lib:${LD_LIBRARY_PATH} PYTHONPATH=/home/ri-one/ri_one_master_ws/install/audio_common_msgs/local/lib/python3.10/dist-packages:${PYTHONPATH} /usr/bin/cmake --install /home/ri-one/ri_one_master_ws/build/audio_common
[0.120s] -- Install configuration: ""
[0.123s] -- Execute custom install script
[0.126s] -- Up-to-date symlink: /home/ri-one/ri_one_master_ws/install/audio_common/share/ament_index/resource_index/package_run_dependencies/audio_common
[0.126s] -- Up-to-date symlink: /home/ri-one/ri_one_master_ws/install/audio_common/share/ament_index/resource_index/parent_prefix_path/audio_common
[0.126s] -- Up-to-date symlink: /home/ri-one/ri_one_master_ws/install/audio_common/share/audio_common/environment/ament_prefix_path.sh
[0.126s] -- Up-to-date symlink: /home/ri-one/ri_one_master_ws/install/audio_common/share/audio_common/environment/ament_prefix_path.dsv
[0.130s] -- Up-to-date symlink: /home/ri-one/ri_one_master_ws/install/audio_common/share/audio_common/environment/path.sh
[0.130s] -- Up-to-date symlink: /home/ri-one/ri_one_master_ws/install/audio_common/share/audio_common/environment/path.dsv
[0.130s] -- Up-to-date symlink: /home/ri-one/ri_one_master_ws/install/audio_common/share/audio_common/local_setup.bash
[0.131s] -- Up-to-date symlink: /home/ri-one/ri_one_master_ws/install/audio_common/share/audio_common/local_setup.sh
[0.131s] -- Up-to-date symlink: /home/ri-one/ri_one_master_ws/install/audio_common/share/audio_common/local_setup.zsh
[0.131s] -- Up-to-date symlink: /home/ri-one/ri_one_master_ws/install/audio_common/share/audio_common/local_setup.dsv
[0.131s] -- Symlinking: /home/ri-one/ri_one_master_ws/install/audio_common/share/audio_common/package.dsv
[0.151s] -- Up-to-date symlink: /home/ri-one/ri_one_master_ws/install/audio_common/share/ament_index/resource_index/packages/audio_common
[0.151s] -- Up-to-date symlink: /home/ri-one/ri_one_master_ws/install/audio_common/share/audio_common/cmake/audio_commonConfig.cmake
[0.152s] -- Up-to-date symlink: /home/ri-one/ri_one_master_ws/install/audio_common/share/audio_common/cmake/audio_commonConfig-version.cmake
[0.153s] -- Up-to-date symlink: /home/ri-one/ri_one_master_ws/install/audio_common/share/audio_common/package.xml
[0.207s] Invoked command in '/home/ri-one/ri_one_master_ws/build/audio_common' returned '0': AMENT_PREFIX_PATH=/home/ri-one/ri_one_master_ws/install/audio_common_msgs:${AMENT_PREFIX_PATH} CMAKE_PREFIX_PATH=/home/ri-one/ri_one_master_ws/install/audio_common_msgs:/opt/ros/humble LD_LIBRARY_PATH=/home/ri-one/ri_one_master_ws/install/audio_common_msgs/lib:${LD_LIBRARY_PATH} PYTHONPATH=/home/ri-one/ri_one_master_ws/install/audio_common_msgs/local/lib/python3.10/dist-packages:${PYTHONPATH} /usr/bin/cmake --install /home/ri-one/ri_one_master_ws/build/audio_common
