[0.085s] Invoking command in '/home/ri-one/ri_one_master_ws/build/ros2_kinect_rgb': CMAKE_PREFIX_PATH=${CMAKE_PREFIX_PATH}:/home/ri-one/ri_one_master_ws/install/realsense_vision:/home/ri-one/ri_one_master_ws/install/ros2_tests:/home/ri-one/ri_one_master_ws/install/realsense2_ros_mqtt_bridge:/home/ri-one/ri_one_master_ws/install/gesture_to_motion:/home/ri-one/ri_one_master_ws/install/gesture_detection:/opt/ros/humble /usr/bin/cmake --build /home/ri-one/ri_one_master_ws/build/ros2_kinect_rgb -- -j4 -l4
[0.265s] [100%] Built target rgb_node
[0.297s] Invoked command in '/home/ri-one/ri_one_master_ws/build/ros2_kinect_rgb' returned '0': CMAKE_PREFIX_PATH=${CMAKE_PREFIX_PATH}:/home/ri-one/ri_one_master_ws/install/realsense_vision:/home/ri-one/ri_one_master_ws/install/ros2_tests:/home/ri-one/ri_one_master_ws/install/realsense2_ros_mqtt_bridge:/home/ri-one/ri_one_master_ws/install/gesture_to_motion:/home/ri-one/ri_one_master_ws/install/gesture_detection:/opt/ros/humble /usr/bin/cmake --build /home/ri-one/ri_one_master_ws/build/ros2_kinect_rgb -- -j4 -l4
[0.298s] Invoking command in '/home/ri-one/ri_one_master_ws/build/ros2_kinect_rgb': CMAKE_PREFIX_PATH=${CMAKE_PREFIX_PATH}:/home/ri-one/ri_one_master_ws/install/realsense_vision:/home/ri-one/ri_one_master_ws/install/ros2_tests:/home/ri-one/ri_one_master_ws/install/realsense2_ros_mqtt_bridge:/home/ri-one/ri_one_master_ws/install/gesture_to_motion:/home/ri-one/ri_one_master_ws/install/gesture_detection:/opt/ros/humble /usr/bin/cmake --install /home/ri-one/ri_one_master_ws/build/ros2_kinect_rgb
[0.321s] -- Install configuration: ""
[0.324s] -- Execute custom install script
[0.324s] -- Up-to-date symlink: /home/ri-one/ri_one_master_ws/install/ros2_kinect_rgb/lib/ros2_kinect_rgb/rgb_node
[0.324s] -- Up-to-date symlink: /home/ri-one/ri_one_master_ws/install/ros2_kinect_rgb/share/ament_index/resource_index/package_run_dependencies/ros2_kinect_rgb
[0.326s] -- Up-to-date symlink: /home/ri-one/ri_one_master_ws/install/ros2_kinect_rgb/share/ament_index/resource_index/parent_prefix_path/ros2_kinect_rgb
[0.326s] -- Up-to-date symlink: /home/ri-one/ri_one_master_ws/install/ros2_kinect_rgb/share/ros2_kinect_rgb/environment/ament_prefix_path.sh
[0.333s] -- Up-to-date symlink: /home/ri-one/ri_one_master_ws/install/ros2_kinect_rgb/share/ros2_kinect_rgb/environment/ament_prefix_path.dsv
[0.333s] -- Up-to-date symlink: /home/ri-one/ri_one_master_ws/install/ros2_kinect_rgb/share/ros2_kinect_rgb/environment/path.sh
[0.334s] -- Up-to-date symlink: /home/ri-one/ri_one_master_ws/install/ros2_kinect_rgb/share/ros2_kinect_rgb/environment/path.dsv
[0.335s] -- Up-to-date symlink: /home/ri-one/ri_one_master_ws/install/ros2_kinect_rgb/share/ros2_kinect_rgb/local_setup.bash
[0.335s] -- Up-to-date symlink: /home/ri-one/ri_one_master_ws/install/ros2_kinect_rgb/share/ros2_kinect_rgb/local_setup.sh
[0.336s] -- Up-to-date symlink: /home/ri-one/ri_one_master_ws/install/ros2_kinect_rgb/share/ros2_kinect_rgb/local_setup.zsh
[0.336s] -- Up-to-date symlink: /home/ri-one/ri_one_master_ws/install/ros2_kinect_rgb/share/ros2_kinect_rgb/local_setup.dsv
[0.336s] -- Symlinking: /home/ri-one/ri_one_master_ws/install/ros2_kinect_rgb/share/ros2_kinect_rgb/package.dsv
[0.367s] -- Up-to-date symlink: /home/ri-one/ri_one_master_ws/install/ros2_kinect_rgb/share/ament_index/resource_index/packages/ros2_kinect_rgb
[0.368s] -- Up-to-date symlink: /home/ri-one/ri_one_master_ws/install/ros2_kinect_rgb/share/ros2_kinect_rgb/cmake/ros2_kinect_rgbConfig.cmake
[0.368s] -- Up-to-date symlink: /home/ri-one/ri_one_master_ws/install/ros2_kinect_rgb/share/ros2_kinect_rgb/cmake/ros2_kinect_rgbConfig-version.cmake
[0.369s] -- Up-to-date symlink: /home/ri-one/ri_one_master_ws/install/ros2_kinect_rgb/share/ros2_kinect_rgb/package.xml
[0.374s] Invoked command in '/home/ri-one/ri_one_master_ws/build/ros2_kinect_rgb' returned '0': CMAKE_PREFIX_PATH=${CMAKE_PREFIX_PATH}:/home/ri-one/ri_one_master_ws/install/realsense_vision:/home/ri-one/ri_one_master_ws/install/ros2_tests:/home/ri-one/ri_one_master_ws/install/realsense2_ros_mqtt_bridge:/home/ri-one/ri_one_master_ws/install/gesture_to_motion:/home/ri-one/ri_one_master_ws/install/gesture_detection:/opt/ros/humble /usr/bin/cmake --install /home/ri-one/ri_one_master_ws/build/ros2_kinect_rgb
