[0.034s] Invoking command in '/home/ri-one/ros2_ws/src/build/kinect2_registration': CMAKE_PREFIX_PATH=${CMAKE_PREFIX_PATH}:/opt/ros/humble /usr/bin/cmake --build /home/ri-one/ros2_ws/src/build/kinect2_registration -- -j4 -l4
[0.264s] [100%] Built target kinect2_registration
[0.301s] Invoked command in '/home/ri-one/ros2_ws/src/build/kinect2_registration' returned '0': CMAKE_PREFIX_PATH=${CMAKE_PREFIX_PATH}:/opt/ros/humble /usr/bin/cmake --build /home/ri-one/ros2_ws/src/build/kinect2_registration -- -j4 -l4
[0.302s] Invoking command in '/home/ri-one/ros2_ws/src/build/kinect2_registration': CMAKE_PREFIX_PATH=${CMAKE_PREFIX_PATH}:/opt/ros/humble /usr/bin/cmake --install /home/ri-one/ros2_ws/src/build/kinect2_registration
[0.318s] -- Install configuration: ""
[0.318s] -- Up-to-date: /home/ri-one/ros2_ws/src/install/kinect2_registration/include/kinect2_registration
[0.318s] -- Up-to-date: /home/ri-one/ros2_ws/src/install/kinect2_registration/include/kinect2_registration/kinect2_registration.h
[0.318s] -- Up-to-date: /home/ri-one/ros2_ws/src/install/kinect2_registration/include/kinect2_registration/kinect2_console.h
[0.319s] -- Up-to-date: /home/ri-one/ros2_ws/src/install/kinect2_registration/lib/libkinect2_registration.a
[0.319s] -- Up-to-date: /home/ri-one/ros2_ws/src/install/kinect2_registration/share/kinect2_registration/environment/library_path.sh
[0.320s] -- Up-to-date: /home/ri-one/ros2_ws/src/install/kinect2_registration/share/kinect2_registration/environment/library_path.dsv
[0.321s] -- Up-to-date: /home/ri-one/ros2_ws/src/install/kinect2_registration/share/ament_index/resource_index/package_run_dependencies/kinect2_registration
[0.321s] -- Up-to-date: /home/ri-one/ros2_ws/src/install/kinect2_registration/share/ament_index/resource_index/parent_prefix_path/kinect2_registration
[0.321s] -- Up-to-date: /home/ri-one/ros2_ws/src/install/kinect2_registration/share/kinect2_registration/environment/ament_prefix_path.sh
[0.321s] -- Up-to-date: /home/ri-one/ros2_ws/src/install/kinect2_registration/share/kinect2_registration/environment/ament_prefix_path.dsv
[0.321s] -- Up-to-date: /home/ri-one/ros2_ws/src/install/kinect2_registration/share/kinect2_registration/environment/path.sh
[0.322s] -- Up-to-date: /home/ri-one/ros2_ws/src/install/kinect2_registration/share/kinect2_registration/environment/path.dsv
[0.322s] -- Up-to-date: /home/ri-one/ros2_ws/src/install/kinect2_registration/share/kinect2_registration/local_setup.bash
[0.322s] -- Up-to-date: /home/ri-one/ros2_ws/src/install/kinect2_registration/share/kinect2_registration/local_setup.sh
[0.322s] -- Up-to-date: /home/ri-one/ros2_ws/src/install/kinect2_registration/share/kinect2_registration/local_setup.zsh
[0.322s] -- Up-to-date: /home/ri-one/ros2_ws/src/install/kinect2_registration/share/kinect2_registration/local_setup.dsv
[0.325s] -- Installing: /home/ri-one/ros2_ws/src/install/kinect2_registration/share/kinect2_registration/package.dsv
[0.326s] -- Up-to-date: /home/ri-one/ros2_ws/src/install/kinect2_registration/share/ament_index/resource_index/packages/kinect2_registration
[0.327s] -- Up-to-date: /home/ri-one/ros2_ws/src/install/kinect2_registration/share/kinect2_registration/cmake/ament_cmake_export_include_directories-extras.cmake
[0.327s] -- Up-to-date: /home/ri-one/ros2_ws/src/install/kinect2_registration/share/kinect2_registration/cmake/ament_cmake_export_libraries-extras.cmake
[0.327s] -- Up-to-date: /home/ri-one/ros2_ws/src/install/kinect2_registration/share/kinect2_registration/cmake/kinect2_registrationConfig.cmake
[0.327s] -- Up-to-date: /home/ri-one/ros2_ws/src/install/kinect2_registration/share/kinect2_registration/cmake/kinect2_registrationConfig-version.cmake
[0.327s] -- Up-to-date: /home/ri-one/ros2_ws/src/install/kinect2_registration/share/kinect2_registration/package.xml
[0.328s] Invoked command in '/home/ri-one/ros2_ws/src/build/kinect2_registration' returned '0': CMAKE_PREFIX_PATH=${CMAKE_PREFIX_PATH}:/opt/ros/humble /usr/bin/cmake --install /home/ri-one/ros2_ws/src/build/kinect2_registration
