[0.194s] Invoking command in '/home/ri-one/ros2_ws/src/build/kobuki_core': AMENT_PREFIX_PATH=/home/ri-one/ros2_ws/src/install/ecl_mobile_robot:/home/ri-one/ros2_ws/src/install/ecl_geometry:/home/ri-one/ros2_ws/src/install/ecl_devices:/home/ri-one/ros2_ws/src/install/ecl_sigslots:/home/ri-one/ros2_ws/src/install/ecl_linear_algebra:/home/ri-one/ros2_ws/src/install/ecl_containers:/home/ri-one/ros2_ws/src/install/ecl_threads:/home/ri-one/ros2_ws/src/install/ecl_formatters:/home/ri-one/ros2_ws/src/install/ecl_utilities:/home/ri-one/ros2_ws/src/install/ecl_time:/home/ri-one/ros2_ws/src/install/ecl_converters:/home/ri-one/ros2_ws/src/install/ecl_time_lite:/home/ri-one/ros2_ws/src/install/ecl_math:/home/ri-one/ros2_ws/src/install/ecl_exceptions:/home/ri-one/ros2_ws/src/install/ecl_concepts:/home/ri-one/ros2_ws/src/install/ecl_type_traits:/home/ri-one/ros2_ws/src/install/ecl_errors:/home/ri-one/ros2_ws/src/install/ecl_console:/home/ri-one/ros2_ws/src/install/ecl_mpl:/home/ri-one/ros2_ws/src/install/ecl_eigen:/home/ri-one/ros2_ws/src/install/ecl_config:/home/ri-one/ros2_ws/src/install/ecl_command_line:${AMENT_PREFIX_PATH} CMAKE_PREFIX_PATH=/home/ri-one/ros2_ws/src/install/ecl_mobile_robot:/home/ri-one/ros2_ws/src/install/ecl_geometry:/home/ri-one/ros2_ws/src/install/ecl_devices:/home/ri-one/ros2_ws/src/install/ecl_sigslots:/home/ri-one/ros2_ws/src/install/ecl_linear_algebra:/home/ri-one/ros2_ws/src/install/ecl_containers:/home/ri-one/ros2_ws/src/install/ecl_threads:/home/ri-one/ros2_ws/src/install/ecl_formatters:/home/ri-one/ros2_ws/src/install/ecl_utilities:/home/ri-one/ros2_ws/src/install/ecl_time:/home/ri-one/ros2_ws/src/install/ecl_converters:/home/ri-one/ros2_ws/src/install/ecl_time_lite:/home/ri-one/ros2_ws/src/install/ecl_math:/home/ri-one/ros2_ws/src/install/ecl_exceptions:/home/ri-one/ros2_ws/src/install/ecl_concepts:/home/ri-one/ros2_ws/src/install/ecl_type_traits:/home/ri-one/ros2_ws/src/install/ecl_errors:/home/ri-one/ros2_ws/src/install/ecl_console:/home/ri-one/ros2_ws/src/install/ecl_mpl:/home/ri-one/ros2_ws/src/install/ecl_eigen:/home/ri-one/ros2_ws/src/install/ecl_config:/home/ri-one/ros2_ws/src/install/ecl_command_line:/home/ri-one/ros2_ws/install/kobuki_ros:/home/ri-one/ros2_ws/install/kobuki_safety_controller:/home/ri-one/ros2_ws/install/kobuki_random_walker:/home/ri-one/ros2_ws/install/kobuki_node:/home/ri-one/ros2_ws/install/kobuki_keyop:/home/ri-one/ros2_ws/install/kobuki_bumper2pc:/home/ri-one/ros2_ws/install/kobuki_auto_docking:/home/ri-one/ros2_ws/install/kobuki_ros_interfaces:/home/ri-one/ros2_ws/install/kobuki_description:/home/ri-one/ros2_ws/install/kobuki_core:/home/ri-one/ros2_ws/install/ecl_core:/home/ri-one/ros2_ws/install/ecl_core_apps:/home/ri-one/ros2_ws/install/ecl_streams:/home/ri-one/ros2_ws/install/ecl_sigslots:/home/ri-one/ros2_ws/install/ecl_ipc:/home/ri-one/ros2_ws/install/ecl_devices:/home/ri-one/ros2_ws/install/ecl_threads:/home/ri-one/ros2_ws/install/ecl_mobile_robot:/home/ri-one/ros2_ws/install/ecl_manipulators:/home/ri-one/ros2_ws/install/ecl_geometry:/home/ri-one/ros2_ws/install/ecl_containers:/home/ri-one/ros2_ws/install/ecl_utilities:/home/ri-one/ros2_ws/install/ecl_statistics:/home/ri-one/ros2_ws/install/ecl_linear_algebra:/home/ri-one/ros2_ws/install/ecl_math:/home/ri-one/ros2_ws/install/ecl_formatters:/home/ri-one/ros2_ws/install/ecl_converters:/home/ri-one/ros2_ws/install/ecl_concepts:/home/ri-one/ros2_ws/install/ecl_type_traits:/home/ri-one/ros2_ws/install/ecl_time:/home/ri-one/ros2_ws/install/ecl_lite:/home/ri-one/ros2_ws/install/ecl_time_lite:/home/ri-one/ros2_ws/install/ecl_sigslots_lite:/home/ri-one/ros2_ws/install/ecl_mpl:/home/ri-one/ros2_ws/install/ecl_io:/home/ri-one/ros2_ws/install/ecl_filesystem:/home/ri-one/ros2_ws/install/ecl_exceptions:/home/ri-one/ros2_ws/install/ecl_errors:/home/ri-one/ros2_ws/install/ecl_eigen:/home/ri-one/ros2_ws/install/ecl_converters_lite:/home/ri-one/ros2_ws/install/ecl_console:/home/ri-one/ros2_ws/install/ecl_config:/home/ri-one/ros2_ws/install/ecl_command_line:/home/ri-one/ros2_ws/install/cmd_vel_mux:/opt/ros/humble LD_LIBRARY_PATH=/home/ri-one/ros2_ws/src/install/ecl_mobile_robot/lib:/home/ri-one/ros2_ws/src/install/ecl_geometry/lib:/home/ri-one/ros2_ws/src/install/ecl_devices/lib:/home/ri-one/ros2_ws/src/install/ecl_linear_algebra/lib:/home/ri-one/ros2_ws/src/install/ecl_threads/lib:/home/ri-one/ros2_ws/src/install/ecl_formatters/lib:/home/ri-one/ros2_ws/src/install/ecl_time/lib:/home/ri-one/ros2_ws/src/install/ecl_time_lite/lib:/home/ri-one/ros2_ws/src/install/ecl_exceptions/lib:/home/ri-one/ros2_ws/src/install/ecl_type_traits/lib:/home/ri-one/ros2_ws/src/install/ecl_errors/lib:${LD_LIBRARY_PATH} PATH=/home/ri-one/ros2_ws/src/install/ecl_type_traits/bin:/home/ri-one/ros2_ws/src/install/ecl_config/bin:${PATH} /usr/bin/cmake --build /home/ri-one/ros2_ws/src/build/kobuki_core -- -j4 -l4
[0.480s] [ 41%] Built target kobuki_core
[0.623s] [ 47%] Built target kobuki_core_demo_buttons
[0.720s] [ 52%] Built target kobuki_core_demo_chirp
[0.752s] [ 58%] Built target kobuki_core_demo_custom_logging
[0.811s] [ 64%] Built target kobuki_core_demo_data_stream
[0.853s] [ 70%] Built target kobuki_core_demo_log_levels
[0.948s] [ 76%] Built target kobuki_core_demo_simple_loop
[0.982s] [ 82%] Built target kobuki_core_demo_velocity_commands
[1.018s] [ 88%] Built target kobuki_core_demo_raw_data_stream
[1.034s] [ 94%] Built target kobuki_core_tool_version_info
[1.063s] [100%] Built target kobuki_core_tool_simple_keyop
[1.114s] Invoked command in '/home/ri-one/ros2_ws/src/build/kobuki_core' returned '0': AMENT_PREFIX_PATH=/home/ri-one/ros2_ws/src/install/ecl_mobile_robot:/home/ri-one/ros2_ws/src/install/ecl_geometry:/home/ri-one/ros2_ws/src/install/ecl_devices:/home/ri-one/ros2_ws/src/install/ecl_sigslots:/home/ri-one/ros2_ws/src/install/ecl_linear_algebra:/home/ri-one/ros2_ws/src/install/ecl_containers:/home/ri-one/ros2_ws/src/install/ecl_threads:/home/ri-one/ros2_ws/src/install/ecl_formatters:/home/ri-one/ros2_ws/src/install/ecl_utilities:/home/ri-one/ros2_ws/src/install/ecl_time:/home/ri-one/ros2_ws/src/install/ecl_converters:/home/ri-one/ros2_ws/src/install/ecl_time_lite:/home/ri-one/ros2_ws/src/install/ecl_math:/home/ri-one/ros2_ws/src/install/ecl_exceptions:/home/ri-one/ros2_ws/src/install/ecl_concepts:/home/ri-one/ros2_ws/src/install/ecl_type_traits:/home/ri-one/ros2_ws/src/install/ecl_errors:/home/ri-one/ros2_ws/src/install/ecl_console:/home/ri-one/ros2_ws/src/install/ecl_mpl:/home/ri-one/ros2_ws/src/install/ecl_eigen:/home/ri-one/ros2_ws/src/install/ecl_config:/home/ri-one/ros2_ws/src/install/ecl_command_line:${AMENT_PREFIX_PATH} CMAKE_PREFIX_PATH=/home/ri-one/ros2_ws/src/install/ecl_mobile_robot:/home/ri-one/ros2_ws/src/install/ecl_geometry:/home/ri-one/ros2_ws/src/install/ecl_devices:/home/ri-one/ros2_ws/src/install/ecl_sigslots:/home/ri-one/ros2_ws/src/install/ecl_linear_algebra:/home/ri-one/ros2_ws/src/install/ecl_containers:/home/ri-one/ros2_ws/src/install/ecl_threads:/home/ri-one/ros2_ws/src/install/ecl_formatters:/home/ri-one/ros2_ws/src/install/ecl_utilities:/home/ri-one/ros2_ws/src/install/ecl_time:/home/ri-one/ros2_ws/src/install/ecl_converters:/home/ri-one/ros2_ws/src/install/ecl_time_lite:/home/ri-one/ros2_ws/src/install/ecl_math:/home/ri-one/ros2_ws/src/install/ecl_exceptions:/home/ri-one/ros2_ws/src/install/ecl_concepts:/home/ri-one/ros2_ws/src/install/ecl_type_traits:/home/ri-one/ros2_ws/src/install/ecl_errors:/home/ri-one/ros2_ws/src/install/ecl_console:/home/ri-one/ros2_ws/src/install/ecl_mpl:/home/ri-one/ros2_ws/src/install/ecl_eigen:/home/ri-one/ros2_ws/src/install/ecl_config:/home/ri-one/ros2_ws/src/install/ecl_command_line:/home/ri-one/ros2_ws/install/kobuki_ros:/home/ri-one/ros2_ws/install/kobuki_safety_controller:/home/ri-one/ros2_ws/install/kobuki_random_walker:/home/ri-one/ros2_ws/install/kobuki_node:/home/ri-one/ros2_ws/install/kobuki_keyop:/home/ri-one/ros2_ws/install/kobuki_bumper2pc:/home/ri-one/ros2_ws/install/kobuki_auto_docking:/home/ri-one/ros2_ws/install/kobuki_ros_interfaces:/home/ri-one/ros2_ws/install/kobuki_description:/home/ri-one/ros2_ws/install/kobuki_core:/home/ri-one/ros2_ws/install/ecl_core:/home/ri-one/ros2_ws/install/ecl_core_apps:/home/ri-one/ros2_ws/install/ecl_streams:/home/ri-one/ros2_ws/install/ecl_sigslots:/home/ri-one/ros2_ws/install/ecl_ipc:/home/ri-one/ros2_ws/install/ecl_devices:/home/ri-one/ros2_ws/install/ecl_threads:/home/ri-one/ros2_ws/install/ecl_mobile_robot:/home/ri-one/ros2_ws/install/ecl_manipulators:/home/ri-one/ros2_ws/install/ecl_geometry:/home/ri-one/ros2_ws/install/ecl_containers:/home/ri-one/ros2_ws/install/ecl_utilities:/home/ri-one/ros2_ws/install/ecl_statistics:/home/ri-one/ros2_ws/install/ecl_linear_algebra:/home/ri-one/ros2_ws/install/ecl_math:/home/ri-one/ros2_ws/install/ecl_formatters:/home/ri-one/ros2_ws/install/ecl_converters:/home/ri-one/ros2_ws/install/ecl_concepts:/home/ri-one/ros2_ws/install/ecl_type_traits:/home/ri-one/ros2_ws/install/ecl_time:/home/ri-one/ros2_ws/install/ecl_lite:/home/ri-one/ros2_ws/install/ecl_time_lite:/home/ri-one/ros2_ws/install/ecl_sigslots_lite:/home/ri-one/ros2_ws/install/ecl_mpl:/home/ri-one/ros2_ws/install/ecl_io:/home/ri-one/ros2_ws/install/ecl_filesystem:/home/ri-one/ros2_ws/install/ecl_exceptions:/home/ri-one/ros2_ws/install/ecl_errors:/home/ri-one/ros2_ws/install/ecl_eigen:/home/ri-one/ros2_ws/install/ecl_converters_lite:/home/ri-one/ros2_ws/install/ecl_console:/home/ri-one/ros2_ws/install/ecl_config:/home/ri-one/ros2_ws/install/ecl_command_line:/home/ri-one/ros2_ws/install/cmd_vel_mux:/opt/ros/humble LD_LIBRARY_PATH=/home/ri-one/ros2_ws/src/install/ecl_mobile_robot/lib:/home/ri-one/ros2_ws/src/install/ecl_geometry/lib:/home/ri-one/ros2_ws/src/install/ecl_devices/lib:/home/ri-one/ros2_ws/src/install/ecl_linear_algebra/lib:/home/ri-one/ros2_ws/src/install/ecl_threads/lib:/home/ri-one/ros2_ws/src/install/ecl_formatters/lib:/home/ri-one/ros2_ws/src/install/ecl_time/lib:/home/ri-one/ros2_ws/src/install/ecl_time_lite/lib:/home/ri-one/ros2_ws/src/install/ecl_exceptions/lib:/home/ri-one/ros2_ws/src/install/ecl_type_traits/lib:/home/ri-one/ros2_ws/src/install/ecl_errors/lib:${LD_LIBRARY_PATH} PATH=/home/ri-one/ros2_ws/src/install/ecl_type_traits/bin:/home/ri-one/ros2_ws/src/install/ecl_config/bin:${PATH} /usr/bin/cmake --build /home/ri-one/ros2_ws/src/build/kobuki_core -- -j4 -l4
[1.115s] Invoking command in '/home/ri-one/ros2_ws/src/build/kobuki_core': AMENT_PREFIX_PATH=/home/ri-one/ros2_ws/src/install/ecl_mobile_robot:/home/ri-one/ros2_ws/src/install/ecl_geometry:/home/ri-one/ros2_ws/src/install/ecl_devices:/home/ri-one/ros2_ws/src/install/ecl_sigslots:/home/ri-one/ros2_ws/src/install/ecl_linear_algebra:/home/ri-one/ros2_ws/src/install/ecl_containers:/home/ri-one/ros2_ws/src/install/ecl_threads:/home/ri-one/ros2_ws/src/install/ecl_formatters:/home/ri-one/ros2_ws/src/install/ecl_utilities:/home/ri-one/ros2_ws/src/install/ecl_time:/home/ri-one/ros2_ws/src/install/ecl_converters:/home/ri-one/ros2_ws/src/install/ecl_time_lite:/home/ri-one/ros2_ws/src/install/ecl_math:/home/ri-one/ros2_ws/src/install/ecl_exceptions:/home/ri-one/ros2_ws/src/install/ecl_concepts:/home/ri-one/ros2_ws/src/install/ecl_type_traits:/home/ri-one/ros2_ws/src/install/ecl_errors:/home/ri-one/ros2_ws/src/install/ecl_console:/home/ri-one/ros2_ws/src/install/ecl_mpl:/home/ri-one/ros2_ws/src/install/ecl_eigen:/home/ri-one/ros2_ws/src/install/ecl_config:/home/ri-one/ros2_ws/src/install/ecl_command_line:${AMENT_PREFIX_PATH} CMAKE_PREFIX_PATH=/home/ri-one/ros2_ws/src/install/ecl_mobile_robot:/home/ri-one/ros2_ws/src/install/ecl_geometry:/home/ri-one/ros2_ws/src/install/ecl_devices:/home/ri-one/ros2_ws/src/install/ecl_sigslots:/home/ri-one/ros2_ws/src/install/ecl_linear_algebra:/home/ri-one/ros2_ws/src/install/ecl_containers:/home/ri-one/ros2_ws/src/install/ecl_threads:/home/ri-one/ros2_ws/src/install/ecl_formatters:/home/ri-one/ros2_ws/src/install/ecl_utilities:/home/ri-one/ros2_ws/src/install/ecl_time:/home/ri-one/ros2_ws/src/install/ecl_converters:/home/ri-one/ros2_ws/src/install/ecl_time_lite:/home/ri-one/ros2_ws/src/install/ecl_math:/home/ri-one/ros2_ws/src/install/ecl_exceptions:/home/ri-one/ros2_ws/src/install/ecl_concepts:/home/ri-one/ros2_ws/src/install/ecl_type_traits:/home/ri-one/ros2_ws/src/install/ecl_errors:/home/ri-one/ros2_ws/src/install/ecl_console:/home/ri-one/ros2_ws/src/install/ecl_mpl:/home/ri-one/ros2_ws/src/install/ecl_eigen:/home/ri-one/ros2_ws/src/install/ecl_config:/home/ri-one/ros2_ws/src/install/ecl_command_line:/home/ri-one/ros2_ws/install/kobuki_ros:/home/ri-one/ros2_ws/install/kobuki_safety_controller:/home/ri-one/ros2_ws/install/kobuki_random_walker:/home/ri-one/ros2_ws/install/kobuki_node:/home/ri-one/ros2_ws/install/kobuki_keyop:/home/ri-one/ros2_ws/install/kobuki_bumper2pc:/home/ri-one/ros2_ws/install/kobuki_auto_docking:/home/ri-one/ros2_ws/install/kobuki_ros_interfaces:/home/ri-one/ros2_ws/install/kobuki_description:/home/ri-one/ros2_ws/install/kobuki_core:/home/ri-one/ros2_ws/install/ecl_core:/home/ri-one/ros2_ws/install/ecl_core_apps:/home/ri-one/ros2_ws/install/ecl_streams:/home/ri-one/ros2_ws/install/ecl_sigslots:/home/ri-one/ros2_ws/install/ecl_ipc:/home/ri-one/ros2_ws/install/ecl_devices:/home/ri-one/ros2_ws/install/ecl_threads:/home/ri-one/ros2_ws/install/ecl_mobile_robot:/home/ri-one/ros2_ws/install/ecl_manipulators:/home/ri-one/ros2_ws/install/ecl_geometry:/home/ri-one/ros2_ws/install/ecl_containers:/home/ri-one/ros2_ws/install/ecl_utilities:/home/ri-one/ros2_ws/install/ecl_statistics:/home/ri-one/ros2_ws/install/ecl_linear_algebra:/home/ri-one/ros2_ws/install/ecl_math:/home/ri-one/ros2_ws/install/ecl_formatters:/home/ri-one/ros2_ws/install/ecl_converters:/home/ri-one/ros2_ws/install/ecl_concepts:/home/ri-one/ros2_ws/install/ecl_type_traits:/home/ri-one/ros2_ws/install/ecl_time:/home/ri-one/ros2_ws/install/ecl_lite:/home/ri-one/ros2_ws/install/ecl_time_lite:/home/ri-one/ros2_ws/install/ecl_sigslots_lite:/home/ri-one/ros2_ws/install/ecl_mpl:/home/ri-one/ros2_ws/install/ecl_io:/home/ri-one/ros2_ws/install/ecl_filesystem:/home/ri-one/ros2_ws/install/ecl_exceptions:/home/ri-one/ros2_ws/install/ecl_errors:/home/ri-one/ros2_ws/install/ecl_eigen:/home/ri-one/ros2_ws/install/ecl_converters_lite:/home/ri-one/ros2_ws/install/ecl_console:/home/ri-one/ros2_ws/install/ecl_config:/home/ri-one/ros2_ws/install/ecl_command_line:/home/ri-one/ros2_ws/install/cmd_vel_mux:/opt/ros/humble LD_LIBRARY_PATH=/home/ri-one/ros2_ws/src/install/ecl_mobile_robot/lib:/home/ri-one/ros2_ws/src/install/ecl_geometry/lib:/home/ri-one/ros2_ws/src/install/ecl_devices/lib:/home/ri-one/ros2_ws/src/install/ecl_linear_algebra/lib:/home/ri-one/ros2_ws/src/install/ecl_threads/lib:/home/ri-one/ros2_ws/src/install/ecl_formatters/lib:/home/ri-one/ros2_ws/src/install/ecl_time/lib:/home/ri-one/ros2_ws/src/install/ecl_time_lite/lib:/home/ri-one/ros2_ws/src/install/ecl_exceptions/lib:/home/ri-one/ros2_ws/src/install/ecl_type_traits/lib:/home/ri-one/ros2_ws/src/install/ecl_errors/lib:${LD_LIBRARY_PATH} PATH=/home/ri-one/ros2_ws/src/install/ecl_type_traits/bin:/home/ri-one/ros2_ws/src/install/ecl_config/bin:${PATH} /usr/bin/cmake --install /home/ri-one/ros2_ws/src/build/kobuki_core
[1.140s] -- Install configuration: ""
[1.141s] -- Up-to-date: /home/ri-one/ros2_ws/src/install/kobuki_core/include
[1.141s] -- Up-to-date: /home/ri-one/ros2_ws/src/install/kobuki_core/include/CMakeLists.txt
[1.142s] -- Up-to-date: /home/ri-one/ros2_ws/src/install/kobuki_core/include/kobuki_core
[1.142s] -- Up-to-date: /home/ri-one/ros2_ws/src/install/kobuki_core/include/kobuki_core/dock_drive.hpp
[1.142s] -- Up-to-date: /home/ri-one/ros2_ws/src/install/kobuki_core/include/kobuki_core/packets
[1.143s] -- Up-to-date: /home/ri-one/ros2_ws/src/install/kobuki_core/include/kobuki_core/packets/hardware.hpp
[1.143s] -- Up-to-date: /home/ri-one/ros2_ws/src/install/kobuki_core/include/kobuki_core/packets/unique_device_id.hpp
[1.144s] -- Up-to-date: /home/ri-one/ros2_ws/src/install/kobuki_core/include/kobuki_core/packets/core_sensors.hpp
[1.144s] -- Up-to-date: /home/ri-one/ros2_ws/src/install/kobuki_core/include/kobuki_core/packets/gp_input.hpp
[1.144s] -- Up-to-date: /home/ri-one/ros2_ws/src/install/kobuki_core/include/kobuki_core/packets/eeprom.hpp
[1.145s] -- Up-to-date: /home/ri-one/ros2_ws/src/install/kobuki_core/include/kobuki_core/packets/dock_ir.hpp
[1.145s] -- Up-to-date: /home/ri-one/ros2_ws/src/install/kobuki_core/include/kobuki_core/packets/controller_info.hpp
[1.145s] -- Up-to-date: /home/ri-one/ros2_ws/src/install/kobuki_core/include/kobuki_core/packets/firmware.hpp
[1.146s] -- Up-to-date: /home/ri-one/ros2_ws/src/install/kobuki_core/include/kobuki_core/packets/cliff.hpp
[1.146s] -- Up-to-date: /home/ri-one/ros2_ws/src/install/kobuki_core/include/kobuki_core/packets/three_axis_gyro.hpp
[1.146s] -- Up-to-date: /home/ri-one/ros2_ws/src/install/kobuki_core/include/kobuki_core/packets/current.hpp
[1.149s] -- Up-to-date: /home/ri-one/ros2_ws/src/install/kobuki_core/include/kobuki_core/packets/inertia.hpp
[1.150s] -- Up-to-date: /home/ri-one/ros2_ws/src/install/kobuki_core/include/kobuki_core/logging.hpp
[1.151s] -- Up-to-date: /home/ri-one/ros2_ws/src/install/kobuki_core/include/kobuki_core/modules
[1.151s] -- Up-to-date: /home/ri-one/ros2_ws/src/install/kobuki_core/include/kobuki_core/modules/battery.hpp
[1.151s] -- Up-to-date: /home/ri-one/ros2_ws/src/install/kobuki_core/include/kobuki_core/modules/digital_output.hpp
[1.152s] -- Up-to-date: /home/ri-one/ros2_ws/src/install/kobuki_core/include/kobuki_core/modules/led_array.hpp
[1.152s] -- Up-to-date: /home/ri-one/ros2_ws/src/install/kobuki_core/include/kobuki_core/modules/diff_drive.hpp
[1.152s] -- Up-to-date: /home/ri-one/ros2_ws/src/install/kobuki_core/include/kobuki_core/modules/sound.hpp
[1.153s] -- Up-to-date: /home/ri-one/ros2_ws/src/install/kobuki_core/include/kobuki_core/modules/acceleration_limiter.hpp
[1.153s] -- Up-to-date: /home/ri-one/ros2_ws/src/install/kobuki_core/include/kobuki_core/macros.hpp
[1.153s] -- Up-to-date: /home/ri-one/ros2_ws/src/install/kobuki_core/include/kobuki_core/packet_handler
[1.153s] -- Up-to-date: /home/ri-one/ros2_ws/src/install/kobuki_core/include/kobuki_core/packet_handler/payload_headers.hpp
[1.154s] -- Up-to-date: /home/ri-one/ros2_ws/src/install/kobuki_core/include/kobuki_core/packet_handler/payload_base.hpp
[1.154s] -- Up-to-date: /home/ri-one/ros2_ws/src/install/kobuki_core/include/kobuki_core/packet_handler/packet_finder.hpp
[1.155s] -- Up-to-date: /home/ri-one/ros2_ws/src/install/kobuki_core/include/kobuki_core/packets.hpp
[1.156s] -- Up-to-date: /home/ri-one/ros2_ws/src/install/kobuki_core/include/kobuki_core/kobuki.hpp
[1.156s] -- Up-to-date: /home/ri-one/ros2_ws/src/install/kobuki_core/include/kobuki_core/command.hpp
[1.156s] -- Up-to-date: /home/ri-one/ros2_ws/src/install/kobuki_core/include/kobuki_core/event_manager.hpp
[1.156s] -- Up-to-date: /home/ri-one/ros2_ws/src/install/kobuki_core/include/kobuki_core/parameters.hpp
[1.157s] -- Up-to-date: /home/ri-one/ros2_ws/src/install/kobuki_core/include/kobuki_core/modules.hpp
[1.158s] -- Up-to-date: /home/ri-one/ros2_ws/src/install/kobuki_core/include/kobuki_core/version_info.hpp
[1.158s] -- Up-to-date: /home/ri-one/ros2_ws/src/install/kobuki_core/share/kobuki_core/environment/library_path.sh
[1.158s] -- Up-to-date: /home/ri-one/ros2_ws/src/install/kobuki_core/share/kobuki_core/environment/library_path.dsv
[1.158s] -- Up-to-date: /home/ri-one/ros2_ws/src/install/kobuki_core/share/ament_index/resource_index/package_run_dependencies/kobuki_core
[1.159s] -- Up-to-date: /home/ri-one/ros2_ws/src/install/kobuki_core/share/ament_index/resource_index/parent_prefix_path/kobuki_core
[1.159s] -- Up-to-date: /home/ri-one/ros2_ws/src/install/kobuki_core/share/kobuki_core/environment/ament_prefix_path.sh
[1.159s] -- Up-to-date: /home/ri-one/ros2_ws/src/install/kobuki_core/share/kobuki_core/environment/ament_prefix_path.dsv
[1.159s] -- Up-to-date: /home/ri-one/ros2_ws/src/install/kobuki_core/share/kobuki_core/environment/path.sh
[1.161s] -- Up-to-date: /home/ri-one/ros2_ws/src/install/kobuki_core/share/kobuki_core/environment/path.dsv
[1.161s] -- Up-to-date: /home/ri-one/ros2_ws/src/install/kobuki_core/share/kobuki_core/local_setup.bash
[1.161s] -- Up-to-date: /home/ri-one/ros2_ws/src/install/kobuki_core/share/kobuki_core/local_setup.sh
[1.161s] -- Up-to-date: /home/ri-one/ros2_ws/src/install/kobuki_core/share/kobuki_core/local_setup.zsh
[1.162s] -- Up-to-date: /home/ri-one/ros2_ws/src/install/kobuki_core/share/kobuki_core/local_setup.dsv
[1.162s] -- Installing: /home/ri-one/ros2_ws/src/install/kobuki_core/share/kobuki_core/package.dsv
[1.163s] -- Up-to-date: /home/ri-one/ros2_ws/src/install/kobuki_core/share/ament_index/resource_index/packages/kobuki_core
[1.163s] -- Up-to-date: /home/ri-one/ros2_ws/src/install/kobuki_core/share/kobuki_core/cmake/kobuki_coreExport.cmake
[1.163s] -- Up-to-date: /home/ri-one/ros2_ws/src/install/kobuki_core/share/kobuki_core/cmake/kobuki_coreExport-noconfig.cmake
[1.163s] -- Up-to-date: /home/ri-one/ros2_ws/src/install/kobuki_core/share/kobuki_core/cmake/ament_cmake_export_targets-extras.cmake
[1.163s] -- Up-to-date: /home/ri-one/ros2_ws/src/install/kobuki_core/share/kobuki_core/cmake/ament_cmake_export_dependencies-extras.cmake
[1.163s] -- Up-to-date: /home/ri-one/ros2_ws/src/install/kobuki_core/share/kobuki_core/cmake/ament_cmake_export_include_directories-extras.cmake
[1.163s] -- Up-to-date: /home/ri-one/ros2_ws/src/install/kobuki_core/share/kobuki_core/cmake/ament_cmake_export_libraries-extras.cmake
[1.164s] -- Up-to-date: /home/ri-one/ros2_ws/src/install/kobuki_core/share/kobuki_core/cmake/kobuki_coreConfig.cmake
[1.165s] -- Up-to-date: /home/ri-one/ros2_ws/src/install/kobuki_core/share/kobuki_core/cmake/kobuki_coreConfig-version.cmake
[1.165s] -- Up-to-date: /home/ri-one/ros2_ws/src/install/kobuki_core/share/kobuki_core/package.xml
[1.165s] -- Up-to-date: /home/ri-one/ros2_ws/src/install/kobuki_core/include/kobuki_core
[1.165s] -- Up-to-date: /home/ri-one/ros2_ws/src/install/kobuki_core/include/kobuki_core/dock_drive.hpp
[1.165s] -- Up-to-date: /home/ri-one/ros2_ws/src/install/kobuki_core/include/kobuki_core/packets
[1.165s] -- Up-to-date: /home/ri-one/ros2_ws/src/install/kobuki_core/include/kobuki_core/packets/hardware.hpp
[1.166s] -- Up-to-date: /home/ri-one/ros2_ws/src/install/kobuki_core/include/kobuki_core/packets/unique_device_id.hpp
[1.166s] -- Up-to-date: /home/ri-one/ros2_ws/src/install/kobuki_core/include/kobuki_core/packets/core_sensors.hpp
[1.166s] -- Up-to-date: /home/ri-one/ros2_ws/src/install/kobuki_core/include/kobuki_core/packets/gp_input.hpp
[1.166s] -- Up-to-date: /home/ri-one/ros2_ws/src/install/kobuki_core/include/kobuki_core/packets/eeprom.hpp
[1.166s] -- Up-to-date: /home/ri-one/ros2_ws/src/install/kobuki_core/include/kobuki_core/packets/dock_ir.hpp
[1.167s] -- Up-to-date: /home/ri-one/ros2_ws/src/install/kobuki_core/include/kobuki_core/packets/controller_info.hpp
[1.167s] -- Up-to-date: /home/ri-one/ros2_ws/src/install/kobuki_core/include/kobuki_core/packets/firmware.hpp
[1.167s] -- Up-to-date: /home/ri-one/ros2_ws/src/install/kobuki_core/include/kobuki_core/packets/cliff.hpp
[1.167s] -- Up-to-date: /home/ri-one/ros2_ws/src/install/kobuki_core/include/kobuki_core/packets/three_axis_gyro.hpp
[1.167s] -- Up-to-date: /home/ri-one/ros2_ws/src/install/kobuki_core/include/kobuki_core/packets/current.hpp
[1.167s] -- Up-to-date: /home/ri-one/ros2_ws/src/install/kobuki_core/include/kobuki_core/packets/inertia.hpp
[1.168s] -- Up-to-date: /home/ri-one/ros2_ws/src/install/kobuki_core/include/kobuki_core/logging.hpp
[1.168s] -- Up-to-date: /home/ri-one/ros2_ws/src/install/kobuki_core/include/kobuki_core/modules
[1.168s] -- Up-to-date: /home/ri-one/ros2_ws/src/install/kobuki_core/include/kobuki_core/modules/battery.hpp
[1.168s] -- Up-to-date: /home/ri-one/ros2_ws/src/install/kobuki_core/include/kobuki_core/modules/digital_output.hpp
[1.168s] -- Up-to-date: /home/ri-one/ros2_ws/src/install/kobuki_core/include/kobuki_core/modules/led_array.hpp
[1.168s] -- Up-to-date: /home/ri-one/ros2_ws/src/install/kobuki_core/include/kobuki_core/modules/diff_drive.hpp
[1.169s] -- Up-to-date: /home/ri-one/ros2_ws/src/install/kobuki_core/include/kobuki_core/modules/sound.hpp
[1.170s] -- Up-to-date: /home/ri-one/ros2_ws/src/install/kobuki_core/include/kobuki_core/modules/acceleration_limiter.hpp
[1.170s] -- Up-to-date: /home/ri-one/ros2_ws/src/install/kobuki_core/include/kobuki_core/macros.hpp
[1.170s] -- Up-to-date: /home/ri-one/ros2_ws/src/install/kobuki_core/include/kobuki_core/packet_handler
[1.170s] -- Up-to-date: /home/ri-one/ros2_ws/src/install/kobuki_core/include/kobuki_core/packet_handler/payload_headers.hpp
[1.170s] -- Up-to-date: /home/ri-one/ros2_ws/src/install/kobuki_core/include/kobuki_core/packet_handler/payload_base.hpp
[1.171s] -- Up-to-date: /home/ri-one/ros2_ws/src/install/kobuki_core/include/kobuki_core/packet_handler/packet_finder.hpp
[1.171s] -- Up-to-date: /home/ri-one/ros2_ws/src/install/kobuki_core/include/kobuki_core/packets.hpp
[1.171s] -- Up-to-date: /home/ri-one/ros2_ws/src/install/kobuki_core/include/kobuki_core/kobuki.hpp
[1.171s] -- Up-to-date: /home/ri-one/ros2_ws/src/install/kobuki_core/include/kobuki_core/command.hpp
[1.172s] -- Up-to-date: /home/ri-one/ros2_ws/src/install/kobuki_core/include/kobuki_core/event_manager.hpp
[1.172s] -- Up-to-date: /home/ri-one/ros2_ws/src/install/kobuki_core/include/kobuki_core/parameters.hpp
[1.172s] -- Up-to-date: /home/ri-one/ros2_ws/src/install/kobuki_core/include/kobuki_core/modules.hpp
[1.172s] -- Up-to-date: /home/ri-one/ros2_ws/src/install/kobuki_core/include/kobuki_core/version_info.hpp
[1.172s] -- Up-to-date: /home/ri-one/ros2_ws/src/install/kobuki_core/lib/libkobuki_core.so.1.4.0
[1.172s] -- Up-to-date: /home/ri-one/ros2_ws/src/install/kobuki_core/lib/libkobuki_core.so
[1.173s] -- Up-to-date: /home/ri-one/ros2_ws/src/install/kobuki_core/lib/kobuki_core/demo_buttons
[1.180s] -- Up-to-date: /home/ri-one/ros2_ws/src/install/kobuki_core/lib/kobuki_core/demo_chirp
[1.181s] -- Up-to-date: /home/ri-one/ros2_ws/src/install/kobuki_core/lib/kobuki_core/demo_custom_logging
[1.181s] -- Up-to-date: /home/ri-one/ros2_ws/src/install/kobuki_core/lib/kobuki_core/demo_data_stream
[1.181s] -- Up-to-date: /home/ri-one/ros2_ws/src/install/kobuki_core/lib/kobuki_core/demo_log_levels
[1.181s] -- Up-to-date: /home/ri-one/ros2_ws/src/install/kobuki_core/lib/kobuki_core/demo_raw_data_stream
[1.181s] -- Up-to-date: /home/ri-one/ros2_ws/src/install/kobuki_core/lib/kobuki_core/demo_simple_loop
[1.181s] -- Up-to-date: /home/ri-one/ros2_ws/src/install/kobuki_core/lib/kobuki_core/demo_velocity_commands
[1.181s] -- Up-to-date: /home/ri-one/ros2_ws/src/install/kobuki_core/bin/kobuki-version-info
[1.182s] -- Up-to-date: /home/ri-one/ros2_ws/src/install/kobuki_core/bin/kobuki-simple-keyop
[1.182s] Invoked command in '/home/ri-one/ros2_ws/src/build/kobuki_core' returned '0': AMENT_PREFIX_PATH=/home/ri-one/ros2_ws/src/install/ecl_mobile_robot:/home/ri-one/ros2_ws/src/install/ecl_geometry:/home/ri-one/ros2_ws/src/install/ecl_devices:/home/ri-one/ros2_ws/src/install/ecl_sigslots:/home/ri-one/ros2_ws/src/install/ecl_linear_algebra:/home/ri-one/ros2_ws/src/install/ecl_containers:/home/ri-one/ros2_ws/src/install/ecl_threads:/home/ri-one/ros2_ws/src/install/ecl_formatters:/home/ri-one/ros2_ws/src/install/ecl_utilities:/home/ri-one/ros2_ws/src/install/ecl_time:/home/ri-one/ros2_ws/src/install/ecl_converters:/home/ri-one/ros2_ws/src/install/ecl_time_lite:/home/ri-one/ros2_ws/src/install/ecl_math:/home/ri-one/ros2_ws/src/install/ecl_exceptions:/home/ri-one/ros2_ws/src/install/ecl_concepts:/home/ri-one/ros2_ws/src/install/ecl_type_traits:/home/ri-one/ros2_ws/src/install/ecl_errors:/home/ri-one/ros2_ws/src/install/ecl_console:/home/ri-one/ros2_ws/src/install/ecl_mpl:/home/ri-one/ros2_ws/src/install/ecl_eigen:/home/ri-one/ros2_ws/src/install/ecl_config:/home/ri-one/ros2_ws/src/install/ecl_command_line:${AMENT_PREFIX_PATH} CMAKE_PREFIX_PATH=/home/ri-one/ros2_ws/src/install/ecl_mobile_robot:/home/ri-one/ros2_ws/src/install/ecl_geometry:/home/ri-one/ros2_ws/src/install/ecl_devices:/home/ri-one/ros2_ws/src/install/ecl_sigslots:/home/ri-one/ros2_ws/src/install/ecl_linear_algebra:/home/ri-one/ros2_ws/src/install/ecl_containers:/home/ri-one/ros2_ws/src/install/ecl_threads:/home/ri-one/ros2_ws/src/install/ecl_formatters:/home/ri-one/ros2_ws/src/install/ecl_utilities:/home/ri-one/ros2_ws/src/install/ecl_time:/home/ri-one/ros2_ws/src/install/ecl_converters:/home/ri-one/ros2_ws/src/install/ecl_time_lite:/home/ri-one/ros2_ws/src/install/ecl_math:/home/ri-one/ros2_ws/src/install/ecl_exceptions:/home/ri-one/ros2_ws/src/install/ecl_concepts:/home/ri-one/ros2_ws/src/install/ecl_type_traits:/home/ri-one/ros2_ws/src/install/ecl_errors:/home/ri-one/ros2_ws/src/install/ecl_console:/home/ri-one/ros2_ws/src/install/ecl_mpl:/home/ri-one/ros2_ws/src/install/ecl_eigen:/home/ri-one/ros2_ws/src/install/ecl_config:/home/ri-one/ros2_ws/src/install/ecl_command_line:/home/ri-one/ros2_ws/install/kobuki_ros:/home/ri-one/ros2_ws/install/kobuki_safety_controller:/home/ri-one/ros2_ws/install/kobuki_random_walker:/home/ri-one/ros2_ws/install/kobuki_node:/home/ri-one/ros2_ws/install/kobuki_keyop:/home/ri-one/ros2_ws/install/kobuki_bumper2pc:/home/ri-one/ros2_ws/install/kobuki_auto_docking:/home/ri-one/ros2_ws/install/kobuki_ros_interfaces:/home/ri-one/ros2_ws/install/kobuki_description:/home/ri-one/ros2_ws/install/kobuki_core:/home/ri-one/ros2_ws/install/ecl_core:/home/ri-one/ros2_ws/install/ecl_core_apps:/home/ri-one/ros2_ws/install/ecl_streams:/home/ri-one/ros2_ws/install/ecl_sigslots:/home/ri-one/ros2_ws/install/ecl_ipc:/home/ri-one/ros2_ws/install/ecl_devices:/home/ri-one/ros2_ws/install/ecl_threads:/home/ri-one/ros2_ws/install/ecl_mobile_robot:/home/ri-one/ros2_ws/install/ecl_manipulators:/home/ri-one/ros2_ws/install/ecl_geometry:/home/ri-one/ros2_ws/install/ecl_containers:/home/ri-one/ros2_ws/install/ecl_utilities:/home/ri-one/ros2_ws/install/ecl_statistics:/home/ri-one/ros2_ws/install/ecl_linear_algebra:/home/ri-one/ros2_ws/install/ecl_math:/home/ri-one/ros2_ws/install/ecl_formatters:/home/ri-one/ros2_ws/install/ecl_converters:/home/ri-one/ros2_ws/install/ecl_concepts:/home/ri-one/ros2_ws/install/ecl_type_traits:/home/ri-one/ros2_ws/install/ecl_time:/home/ri-one/ros2_ws/install/ecl_lite:/home/ri-one/ros2_ws/install/ecl_time_lite:/home/ri-one/ros2_ws/install/ecl_sigslots_lite:/home/ri-one/ros2_ws/install/ecl_mpl:/home/ri-one/ros2_ws/install/ecl_io:/home/ri-one/ros2_ws/install/ecl_filesystem:/home/ri-one/ros2_ws/install/ecl_exceptions:/home/ri-one/ros2_ws/install/ecl_errors:/home/ri-one/ros2_ws/install/ecl_eigen:/home/ri-one/ros2_ws/install/ecl_converters_lite:/home/ri-one/ros2_ws/install/ecl_console:/home/ri-one/ros2_ws/install/ecl_config:/home/ri-one/ros2_ws/install/ecl_command_line:/home/ri-one/ros2_ws/install/cmd_vel_mux:/opt/ros/humble LD_LIBRARY_PATH=/home/ri-one/ros2_ws/src/install/ecl_mobile_robot/lib:/home/ri-one/ros2_ws/src/install/ecl_geometry/lib:/home/ri-one/ros2_ws/src/install/ecl_devices/lib:/home/ri-one/ros2_ws/src/install/ecl_linear_algebra/lib:/home/ri-one/ros2_ws/src/install/ecl_threads/lib:/home/ri-one/ros2_ws/src/install/ecl_formatters/lib:/home/ri-one/ros2_ws/src/install/ecl_time/lib:/home/ri-one/ros2_ws/src/install/ecl_time_lite/lib:/home/ri-one/ros2_ws/src/install/ecl_exceptions/lib:/home/ri-one/ros2_ws/src/install/ecl_type_traits/lib:/home/ri-one/ros2_ws/src/install/ecl_errors/lib:${LD_LIBRARY_PATH} PATH=/home/ri-one/ros2_ws/src/install/ecl_type_traits/bin:/home/ri-one/ros2_ws/src/install/ecl_config/bin:${PATH} /usr/bin/cmake --install /home/ri-one/ros2_ws/src/build/kobuki_core
