[0.409s] Invoking command in '/home/ri-one/ri_one_master_ws/build/ecl_filesystem': AMENT_PREFIX_PATH=/home/ri-one/ri_one_master_ws/install/ecl_errors:/home/ri-one/ri_one_master_ws/install/ecl_config:${AMENT_PREFIX_PATH} CMAKE_PREFIX_PATH=/home/ri-one/ri_one_master_ws/install/ecl_errors:/home/ri-one/ri_one_master_ws/install/ecl_config:/opt/ros/humble LD_LIBRARY_PATH=/home/ri-one/ri_one_master_ws/install/ecl_errors/lib:${LD_LIBRARY_PATH} PATH=/home/ri-one/ri_one_master_ws/install/ecl_config/bin:${PATH} /usr/bin/cmake --build /home/ri-one/ri_one_master_ws/build/ecl_filesystem -- -j4 -l4
[0.526s] [ 25%] Built target ecl_filesystem
[0.538s] [ 50%] Built target gtest
[0.546s] [ 75%] Built target gtest_main
[0.598s] [100%] Built target ecl_test_realpath
[0.619s] Invoked command in '/home/ri-one/ri_one_master_ws/build/ecl_filesystem' returned '0': AMENT_PREFIX_PATH=/home/ri-one/ri_one_master_ws/install/ecl_errors:/home/ri-one/ri_one_master_ws/install/ecl_config:${AMENT_PREFIX_PATH} CMAKE_PREFIX_PATH=/home/ri-one/ri_one_master_ws/install/ecl_errors:/home/ri-one/ri_one_master_ws/install/ecl_config:/opt/ros/humble LD_LIBRARY_PATH=/home/ri-one/ri_one_master_ws/install/ecl_errors/lib:${LD_LIBRARY_PATH} PATH=/home/ri-one/ri_one_master_ws/install/ecl_config/bin:${PATH} /usr/bin/cmake --build /home/ri-one/ri_one_master_ws/build/ecl_filesystem -- -j4 -l4
[0.627s] Invoking command in '/home/ri-one/ri_one_master_ws/build/ecl_filesystem': AMENT_PREFIX_PATH=/home/ri-one/ri_one_master_ws/install/ecl_errors:/home/ri-one/ri_one_master_ws/install/ecl_config:${AMENT_PREFIX_PATH} CMAKE_PREFIX_PATH=/home/ri-one/ri_one_master_ws/install/ecl_errors:/home/ri-one/ri_one_master_ws/install/ecl_config:/opt/ros/humble LD_LIBRARY_PATH=/home/ri-one/ri_one_master_ws/install/ecl_errors/lib:${LD_LIBRARY_PATH} PATH=/home/ri-one/ri_one_master_ws/install/ecl_config/bin:${PATH} /usr/bin/cmake --install /home/ri-one/ri_one_master_ws/build/ecl_filesystem
[0.635s] -- Install configuration: ""
[0.636s] -- Execute custom install script
[0.637s] -- Up-to-date symlink: /home/ri-one/ri_one_master_ws/install/ecl_filesystem/include/ecl/filesystem/errors.hpp
[0.637s] -- Up-to-date symlink: /home/ri-one/ri_one_master_ws/install/ecl_filesystem/include/ecl/filesystem/macros.hpp
[0.640s] -- Up-to-date symlink: /home/ri-one/ri_one_master_ws/install/ecl_filesystem/include/ecl/filesystem/realpath.hpp
[0.640s] -- Up-to-date symlink: /home/ri-one/ri_one_master_ws/install/ecl_filesystem/include/ecl/filesystem/config.hpp
[0.641s] -- Up-to-date symlink: /home/ri-one/ri_one_master_ws/install/ecl_filesystem/include/ecl/filesystem.hpp
[0.642s] -- Up-to-date symlink: /home/ri-one/ri_one_master_ws/install/ecl_filesystem/share/ecl_filesystem/environment/library_path.sh
[0.643s] -- Up-to-date symlink: /home/ri-one/ri_one_master_ws/install/ecl_filesystem/share/ecl_filesystem/environment/library_path.dsv
[0.644s] -- Up-to-date symlink: /home/ri-one/ri_one_master_ws/install/ecl_filesystem/share/ament_index/resource_index/package_run_dependencies/ecl_filesystem
[0.644s] -- Up-to-date symlink: /home/ri-one/ri_one_master_ws/install/ecl_filesystem/share/ament_index/resource_index/parent_prefix_path/ecl_filesystem
[0.644s] -- Up-to-date symlink: /home/ri-one/ri_one_master_ws/install/ecl_filesystem/share/ecl_filesystem/environment/ament_prefix_path.sh
[0.644s] -- Up-to-date symlink: /home/ri-one/ri_one_master_ws/install/ecl_filesystem/share/ecl_filesystem/environment/ament_prefix_path.dsv
[0.644s] -- Up-to-date symlink: /home/ri-one/ri_one_master_ws/install/ecl_filesystem/share/ecl_filesystem/environment/path.sh
[0.644s] -- Up-to-date symlink: /home/ri-one/ri_one_master_ws/install/ecl_filesystem/share/ecl_filesystem/environment/path.dsv
[0.645s] -- Up-to-date symlink: /home/ri-one/ri_one_master_ws/install/ecl_filesystem/share/ecl_filesystem/local_setup.bash
[0.646s] -- Up-to-date symlink: /home/ri-one/ri_one_master_ws/install/ecl_filesystem/share/ecl_filesystem/local_setup.sh
[0.646s] -- Up-to-date symlink: /home/ri-one/ri_one_master_ws/install/ecl_filesystem/share/ecl_filesystem/local_setup.zsh
[0.646s] -- Up-to-date symlink: /home/ri-one/ri_one_master_ws/install/ecl_filesystem/share/ecl_filesystem/local_setup.dsv
[0.646s] -- Symlinking: /home/ri-one/ri_one_master_ws/install/ecl_filesystem/share/ecl_filesystem/package.dsv
[0.669s] -- Up-to-date symlink: /home/ri-one/ri_one_master_ws/install/ecl_filesystem/share/ament_index/resource_index/packages/ecl_filesystem
[0.670s] -- Up-to-date symlink: /home/ri-one/ri_one_master_ws/install/ecl_filesystem/share/ecl_filesystem/cmake/ament_cmake_export_targets-extras.cmake
[0.670s] -- Up-to-date symlink: /home/ri-one/ri_one_master_ws/install/ecl_filesystem/share/ecl_filesystem/cmake/ament_cmake_export_include_directories-extras.cmake
[0.670s] -- Up-to-date symlink: /home/ri-one/ri_one_master_ws/install/ecl_filesystem/share/ecl_filesystem/cmake/ament_cmake_export_libraries-extras.cmake
[0.671s] -- Up-to-date symlink: /home/ri-one/ri_one_master_ws/install/ecl_filesystem/share/ecl_filesystem/cmake/ament_cmake_export_dependencies-extras.cmake
[0.672s] -- Up-to-date symlink: /home/ri-one/ri_one_master_ws/install/ecl_filesystem/share/ecl_filesystem/cmake/ecl_filesystemConfig.cmake
[0.672s] -- Up-to-date symlink: /home/ri-one/ri_one_master_ws/install/ecl_filesystem/share/ecl_filesystem/cmake/ecl_filesystemConfig-version.cmake
[0.673s] -- Up-to-date symlink: /home/ri-one/ri_one_master_ws/install/ecl_filesystem/share/ecl_filesystem/package.xml
[0.674s] -- Up-to-date: /home/ri-one/ri_one_master_ws/install/ecl_filesystem/share/ecl_filesystem/cmake/ecl_filesystemExport.cmake
[0.674s] -- Up-to-date: /home/ri-one/ri_one_master_ws/install/ecl_filesystem/share/ecl_filesystem/cmake/ecl_filesystemExport-noconfig.cmake
[0.677s] -- Up-to-date: /home/ri-one/ri_one_master_ws/install/ecl_filesystem/lib/libecl_filesystem.so.1.2.1
[0.677s] -- Up-to-date: /home/ri-one/ri_one_master_ws/install/ecl_filesystem/lib/libecl_filesystem.so
[0.683s] Invoked command in '/home/ri-one/ri_one_master_ws/build/ecl_filesystem' returned '0': AMENT_PREFIX_PATH=/home/ri-one/ri_one_master_ws/install/ecl_errors:/home/ri-one/ri_one_master_ws/install/ecl_config:${AMENT_PREFIX_PATH} CMAKE_PREFIX_PATH=/home/ri-one/ri_one_master_ws/install/ecl_errors:/home/ri-one/ri_one_master_ws/install/ecl_config:/opt/ros/humble LD_LIBRARY_PATH=/home/ri-one/ri_one_master_ws/install/ecl_errors/lib:${LD_LIBRARY_PATH} PATH=/home/ri-one/ri_one_master_ws/install/ecl_config/bin:${PATH} /usr/bin/cmake --install /home/ri-one/ri_one_master_ws/build/ecl_filesystem
