[0.039s] Invoking command in '/home/ri-one/ri_one_master_ws/build/kobuki_ros_interfaces': CMAKE_PREFIX_PATH=/opt/ros/humble /usr/bin/cmake --build /home/ri-one/ri_one_master_ws/build/kobuki_ros_interfaces -- -j4 -l4
[0.251s] [  0%] Built target kobuki_ros_interfaces__cpp
[0.300s] [ 12%] Built target kobuki_ros_interfaces__rosidl_generator_c
[0.331s] [ 12%] Built target ament_cmake_python_symlink_kobuki_ros_interfaces
[0.413s] [ 24%] Built target kobuki_ros_interfaces__rosidl_typesupport_fastrtps_cpp
[0.421s] [ 36%] Built target kobuki_ros_interfaces__rosidl_typesupport_introspection_cpp
[0.426s] [ 48%] Built target kobuki_ros_interfaces__rosidl_typesupport_cpp
[0.443s] [ 60%] Built target kobuki_ros_interfaces__rosidl_typesupport_fastrtps_c
[0.524s] [ 72%] Built target kobuki_ros_interfaces__rosidl_typesupport_introspection_c
[0.528s] [ 84%] Built target kobuki_ros_interfaces__rosidl_typesupport_c
[0.584s] [ 84%] Built target kobuki_ros_interfaces
[0.638s] [ 85%] Built target kobuki_ros_interfaces__py
[0.733s] [ 96%] Built target kobuki_ros_interfaces__rosidl_generator_py
[0.800s] [ 97%] Built target kobuki_ros_interfaces__rosidl_typesupport_fastrtps_c__pyext
[0.825s] [ 99%] Built target kobuki_ros_interfaces__rosidl_typesupport_introspection_c__pyext
[0.851s] [100%] Built target kobuki_ros_interfaces__rosidl_typesupport_c__pyext
[1.285s] running egg_info
[1.287s] writing kobuki_ros_interfaces.egg-info/PKG-INFO
[1.288s] writing dependency_links to kobuki_ros_interfaces.egg-info/dependency_links.txt
[1.288s] writing top-level names to kobuki_ros_interfaces.egg-info/top_level.txt
[1.288s] reading manifest file 'kobuki_ros_interfaces.egg-info/SOURCES.txt'
[1.288s] writing manifest file 'kobuki_ros_interfaces.egg-info/SOURCES.txt'
[1.362s] [100%] Built target ament_cmake_python_build_kobuki_ros_interfaces_egg
[1.392s] Invoked command in '/home/ri-one/ri_one_master_ws/build/kobuki_ros_interfaces' returned '0': CMAKE_PREFIX_PATH=/opt/ros/humble /usr/bin/cmake --build /home/ri-one/ri_one_master_ws/build/kobuki_ros_interfaces -- -j4 -l4
[1.393s] Invoking command in '/home/ri-one/ri_one_master_ws/build/kobuki_ros_interfaces': CMAKE_PREFIX_PATH=/opt/ros/humble /usr/bin/cmake --install /home/ri-one/ri_one_master_ws/build/kobuki_ros_interfaces
[1.428s] -- Install configuration: ""
[1.432s] -- Execute custom install script
[1.433s] -- Up-to-date symlink: /home/ri-one/ri_one_master_ws/install/kobuki_ros_interfaces/share/ament_index/resource_index/rosidl_interfaces/kobuki_ros_interfaces
[1.433s] -- Up-to-date symlink: /home/ri-one/ri_one_master_ws/install/kobuki_ros_interfaces/include/kobuki_ros_interfaces/kobuki_ros_interfaces/action/auto_docking.h
[1.433s] -- Up-to-date symlink: /home/ri-one/ri_one_master_ws/install/kobuki_ros_interfaces/include/kobuki_ros_interfaces/kobuki_ros_interfaces/action/detail/auto_docking__functions.h
[1.433s] -- Up-to-date symlink: /home/ri-one/ri_one_master_ws/install/kobuki_ros_interfaces/include/kobuki_ros_interfaces/kobuki_ros_interfaces/action/detail/auto_docking__struct.h
[1.433s] -- Up-to-date symlink: /home/ri-one/ri_one_master_ws/install/kobuki_ros_interfaces/include/kobuki_ros_interfaces/kobuki_ros_interfaces/action/detail/auto_docking__type_support.h
[1.433s] -- Up-to-date symlink: /home/ri-one/ri_one_master_ws/install/kobuki_ros_interfaces/include/kobuki_ros_interfaces/kobuki_ros_interfaces/msg/bumper_event.h
[1.434s] -- Up-to-date symlink: /home/ri-one/ri_one_master_ws/install/kobuki_ros_interfaces/include/kobuki_ros_interfaces/kobuki_ros_interfaces/msg/button_event.h
[1.434s] -- Up-to-date symlink: /home/ri-one/ri_one_master_ws/install/kobuki_ros_interfaces/include/kobuki_ros_interfaces/kobuki_ros_interfaces/msg/cliff_event.h
[1.434s] -- Up-to-date symlink: /home/ri-one/ri_one_master_ws/install/kobuki_ros_interfaces/include/kobuki_ros_interfaces/kobuki_ros_interfaces/msg/controller_info.h
[1.434s] -- Up-to-date symlink: /home/ri-one/ri_one_master_ws/install/kobuki_ros_interfaces/include/kobuki_ros_interfaces/kobuki_ros_interfaces/msg/detail/bumper_event__functions.h
[1.434s] -- Up-to-date symlink: /home/ri-one/ri_one_master_ws/install/kobuki_ros_interfaces/include/kobuki_ros_interfaces/kobuki_ros_interfaces/msg/detail/bumper_event__struct.h
[1.443s] -- Up-to-date symlink: /home/ri-one/ri_one_master_ws/install/kobuki_ros_interfaces/include/kobuki_ros_interfaces/kobuki_ros_interfaces/msg/detail/bumper_event__type_support.h
[1.444s] -- Up-to-date symlink: /home/ri-one/ri_one_master_ws/install/kobuki_ros_interfaces/include/kobuki_ros_interfaces/kobuki_ros_interfaces/msg/detail/button_event__functions.h
[1.444s] -- Up-to-date symlink: /home/ri-one/ri_one_master_ws/install/kobuki_ros_interfaces/include/kobuki_ros_interfaces/kobuki_ros_interfaces/msg/detail/button_event__struct.h
[1.444s] -- Up-to-date symlink: /home/ri-one/ri_one_master_ws/install/kobuki_ros_interfaces/include/kobuki_ros_interfaces/kobuki_ros_interfaces/msg/detail/button_event__type_support.h
[1.444s] -- Up-to-date symlink: /home/ri-one/ri_one_master_ws/install/kobuki_ros_interfaces/include/kobuki_ros_interfaces/kobuki_ros_interfaces/msg/detail/cliff_event__functions.h
[1.444s] -- Up-to-date symlink: /home/ri-one/ri_one_master_ws/install/kobuki_ros_interfaces/include/kobuki_ros_interfaces/kobuki_ros_interfaces/msg/detail/cliff_event__struct.h
[1.445s] -- Up-to-date symlink: /home/ri-one/ri_one_master_ws/install/kobuki_ros_interfaces/include/kobuki_ros_interfaces/kobuki_ros_interfaces/msg/detail/cliff_event__type_support.h
[1.445s] -- Up-to-date symlink: /home/ri-one/ri_one_master_ws/install/kobuki_ros_interfaces/include/kobuki_ros_interfaces/kobuki_ros_interfaces/msg/detail/controller_info__functions.h
[1.445s] -- Up-to-date symlink: /home/ri-one/ri_one_master_ws/install/kobuki_ros_interfaces/include/kobuki_ros_interfaces/kobuki_ros_interfaces/msg/detail/controller_info__struct.h
[1.445s] -- Up-to-date symlink: /home/ri-one/ri_one_master_ws/install/kobuki_ros_interfaces/include/kobuki_ros_interfaces/kobuki_ros_interfaces/msg/detail/controller_info__type_support.h
[1.445s] -- Up-to-date symlink: /home/ri-one/ri_one_master_ws/install/kobuki_ros_interfaces/include/kobuki_ros_interfaces/kobuki_ros_interfaces/msg/detail/digital_input_event__functions.h
[1.455s] -- Up-to-date symlink: /home/ri-one/ri_one_master_ws/install/kobuki_ros_interfaces/include/kobuki_ros_interfaces/kobuki_ros_interfaces/msg/detail/digital_input_event__struct.h
[1.456s] -- Up-to-date symlink: /home/ri-one/ri_one_master_ws/install/kobuki_ros_interfaces/include/kobuki_ros_interfaces/kobuki_ros_interfaces/msg/detail/digital_input_event__type_support.h
[1.456s] -- Up-to-date symlink: /home/ri-one/ri_one_master_ws/install/kobuki_ros_interfaces/include/kobuki_ros_interfaces/kobuki_ros_interfaces/msg/detail/digital_output__functions.h
[1.456s] -- Up-to-date symlink: /home/ri-one/ri_one_master_ws/install/kobuki_ros_interfaces/include/kobuki_ros_interfaces/kobuki_ros_interfaces/msg/detail/digital_output__struct.h
[1.456s] -- Up-to-date symlink: /home/ri-one/ri_one_master_ws/install/kobuki_ros_interfaces/include/kobuki_ros_interfaces/kobuki_ros_interfaces/msg/detail/digital_output__type_support.h
[1.456s] -- Up-to-date symlink: /home/ri-one/ri_one_master_ws/install/kobuki_ros_interfaces/include/kobuki_ros_interfaces/kobuki_ros_interfaces/msg/detail/dock_infra_red__functions.h
[1.458s] -- Up-to-date symlink: /home/ri-one/ri_one_master_ws/install/kobuki_ros_interfaces/include/kobuki_ros_interfaces/kobuki_ros_interfaces/msg/detail/dock_infra_red__struct.h
[1.459s] -- Up-to-date symlink: /home/ri-one/ri_one_master_ws/install/kobuki_ros_interfaces/include/kobuki_ros_interfaces/kobuki_ros_interfaces/msg/detail/dock_infra_red__type_support.h
[1.460s] -- Up-to-date symlink: /home/ri-one/ri_one_master_ws/install/kobuki_ros_interfaces/include/kobuki_ros_interfaces/kobuki_ros_interfaces/msg/detail/external_power__functions.h
[1.469s] -- Up-to-date symlink: /home/ri-one/ri_one_master_ws/install/kobuki_ros_interfaces/include/kobuki_ros_interfaces/kobuki_ros_interfaces/msg/detail/external_power__struct.h
[1.469s] -- Up-to-date symlink: /home/ri-one/ri_one_master_ws/install/kobuki_ros_interfaces/include/kobuki_ros_interfaces/kobuki_ros_interfaces/msg/detail/external_power__type_support.h
[1.469s] -- Up-to-date symlink: /home/ri-one/ri_one_master_ws/install/kobuki_ros_interfaces/include/kobuki_ros_interfaces/kobuki_ros_interfaces/msg/detail/keyboard_input__functions.h
[1.469s] -- Up-to-date symlink: /home/ri-one/ri_one_master_ws/install/kobuki_ros_interfaces/include/kobuki_ros_interfaces/kobuki_ros_interfaces/msg/detail/keyboard_input__struct.h
[1.469s] -- Up-to-date symlink: /home/ri-one/ri_one_master_ws/install/kobuki_ros_interfaces/include/kobuki_ros_interfaces/kobuki_ros_interfaces/msg/detail/keyboard_input__type_support.h
[1.469s] -- Up-to-date symlink: /home/ri-one/ri_one_master_ws/install/kobuki_ros_interfaces/include/kobuki_ros_interfaces/kobuki_ros_interfaces/msg/detail/led__functions.h
[1.470s] -- Up-to-date symlink: /home/ri-one/ri_one_master_ws/install/kobuki_ros_interfaces/include/kobuki_ros_interfaces/kobuki_ros_interfaces/msg/detail/led__struct.h
[1.470s] -- Up-to-date symlink: /home/ri-one/ri_one_master_ws/install/kobuki_ros_interfaces/include/kobuki_ros_interfaces/kobuki_ros_interfaces/msg/detail/led__type_support.h
[1.470s] -- Up-to-date symlink: /home/ri-one/ri_one_master_ws/install/kobuki_ros_interfaces/include/kobuki_ros_interfaces/kobuki_ros_interfaces/msg/detail/motor_power__functions.h
[1.470s] -- Up-to-date symlink: /home/ri-one/ri_one_master_ws/install/kobuki_ros_interfaces/include/kobuki_ros_interfaces/kobuki_ros_interfaces/msg/detail/motor_power__struct.h
[1.470s] -- Up-to-date symlink: /home/ri-one/ri_one_master_ws/install/kobuki_ros_interfaces/include/kobuki_ros_interfaces/kobuki_ros_interfaces/msg/detail/motor_power__type_support.h
[1.477s] -- Up-to-date symlink: /home/ri-one/ri_one_master_ws/install/kobuki_ros_interfaces/include/kobuki_ros_interfaces/kobuki_ros_interfaces/msg/detail/power_system_event__functions.h
[1.478s] -- Up-to-date symlink: /home/ri-one/ri_one_master_ws/install/kobuki_ros_interfaces/include/kobuki_ros_interfaces/kobuki_ros_interfaces/msg/detail/power_system_event__struct.h
[1.478s] -- Up-to-date symlink: /home/ri-one/ri_one_master_ws/install/kobuki_ros_interfaces/include/kobuki_ros_interfaces/kobuki_ros_interfaces/msg/detail/power_system_event__type_support.h
[1.478s] -- Up-to-date symlink: /home/ri-one/ri_one_master_ws/install/kobuki_ros_interfaces/include/kobuki_ros_interfaces/kobuki_ros_interfaces/msg/detail/robot_state_event__functions.h
[1.478s] -- Up-to-date symlink: /home/ri-one/ri_one_master_ws/install/kobuki_ros_interfaces/include/kobuki_ros_interfaces/kobuki_ros_interfaces/msg/detail/robot_state_event__struct.h
[1.478s] -- Up-to-date symlink: /home/ri-one/ri_one_master_ws/install/kobuki_ros_interfaces/include/kobuki_ros_interfaces/kobuki_ros_interfaces/msg/detail/robot_state_event__type_support.h
[1.479s] -- Up-to-date symlink: /home/ri-one/ri_one_master_ws/install/kobuki_ros_interfaces/include/kobuki_ros_interfaces/kobuki_ros_interfaces/msg/detail/scan_angle__functions.h
[1.479s] -- Up-to-date symlink: /home/ri-one/ri_one_master_ws/install/kobuki_ros_interfaces/include/kobuki_ros_interfaces/kobuki_ros_interfaces/msg/detail/scan_angle__struct.h
[1.479s] -- Up-to-date symlink: /home/ri-one/ri_one_master_ws/install/kobuki_ros_interfaces/include/kobuki_ros_interfaces/kobuki_ros_interfaces/msg/detail/scan_angle__type_support.h
[1.483s] -- Up-to-date symlink: /home/ri-one/ri_one_master_ws/install/kobuki_ros_interfaces/include/kobuki_ros_interfaces/kobuki_ros_interfaces/msg/detail/sensor_state__functions.h
[1.483s] -- Up-to-date symlink: /home/ri-one/ri_one_master_ws/install/kobuki_ros_interfaces/include/kobuki_ros_interfaces/kobuki_ros_interfaces/msg/detail/sensor_state__struct.h
[1.483s] -- Up-to-date symlink: /home/ri-one/ri_one_master_ws/install/kobuki_ros_interfaces/include/kobuki_ros_interfaces/kobuki_ros_interfaces/msg/detail/sensor_state__type_support.h
[1.484s] -- Up-to-date symlink: /home/ri-one/ri_one_master_ws/install/kobuki_ros_interfaces/include/kobuki_ros_interfaces/kobuki_ros_interfaces/msg/detail/sound__functions.h
[1.484s] -- Up-to-date symlink: /home/ri-one/ri_one_master_ws/install/kobuki_ros_interfaces/include/kobuki_ros_interfaces/kobuki_ros_interfaces/msg/detail/sound__struct.h
[1.484s] -- Up-to-date symlink: /home/ri-one/ri_one_master_ws/install/kobuki_ros_interfaces/include/kobuki_ros_interfaces/kobuki_ros_interfaces/msg/detail/sound__type_support.h
[1.485s] -- Up-to-date symlink: /home/ri-one/ri_one_master_ws/install/kobuki_ros_interfaces/include/kobuki_ros_interfaces/kobuki_ros_interfaces/msg/detail/version_info__functions.h
[1.493s] -- Up-to-date symlink: /home/ri-one/ri_one_master_ws/install/kobuki_ros_interfaces/include/kobuki_ros_interfaces/kobuki_ros_interfaces/msg/detail/version_info__struct.h
[1.493s] -- Up-to-date symlink: /home/ri-one/ri_one_master_ws/install/kobuki_ros_interfaces/include/kobuki_ros_interfaces/kobuki_ros_interfaces/msg/detail/version_info__type_support.h
[1.493s] -- Up-to-date symlink: /home/ri-one/ri_one_master_ws/install/kobuki_ros_interfaces/include/kobuki_ros_interfaces/kobuki_ros_interfaces/msg/detail/wheel_drop_event__functions.h
[1.493s] -- Up-to-date symlink: /home/ri-one/ri_one_master_ws/install/kobuki_ros_interfaces/include/kobuki_ros_interfaces/kobuki_ros_interfaces/msg/detail/wheel_drop_event__struct.h
[1.493s] -- Up-to-date symlink: /home/ri-one/ri_one_master_ws/install/kobuki_ros_interfaces/include/kobuki_ros_interfaces/kobuki_ros_interfaces/msg/detail/wheel_drop_event__type_support.h
[1.494s] -- Up-to-date symlink: /home/ri-one/ri_one_master_ws/install/kobuki_ros_interfaces/include/kobuki_ros_interfaces/kobuki_ros_interfaces/msg/digital_input_event.h
[1.497s] -- Up-to-date symlink: /home/ri-one/ri_one_master_ws/install/kobuki_ros_interfaces/include/kobuki_ros_interfaces/kobuki_ros_interfaces/msg/digital_output.h
[1.506s] -- Up-to-date symlink: /home/ri-one/ri_one_master_ws/install/kobuki_ros_interfaces/include/kobuki_ros_interfaces/kobuki_ros_interfaces/msg/dock_infra_red.h
[1.506s] -- Up-to-date symlink: /home/ri-one/ri_one_master_ws/install/kobuki_ros_interfaces/include/kobuki_ros_interfaces/kobuki_ros_interfaces/msg/external_power.h
[1.509s] -- Up-to-date symlink: /home/ri-one/ri_one_master_ws/install/kobuki_ros_interfaces/include/kobuki_ros_interfaces/kobuki_ros_interfaces/msg/keyboard_input.h
[1.518s] -- Up-to-date symlink: /home/ri-one/ri_one_master_ws/install/kobuki_ros_interfaces/include/kobuki_ros_interfaces/kobuki_ros_interfaces/msg/led.h
[1.519s] -- Up-to-date symlink: /home/ri-one/ri_one_master_ws/install/kobuki_ros_interfaces/include/kobuki_ros_interfaces/kobuki_ros_interfaces/msg/motor_power.h
[1.519s] -- Up-to-date symlink: /home/ri-one/ri_one_master_ws/install/kobuki_ros_interfaces/include/kobuki_ros_interfaces/kobuki_ros_interfaces/msg/power_system_event.h
[1.519s] -- Up-to-date symlink: /home/ri-one/ri_one_master_ws/install/kobuki_ros_interfaces/include/kobuki_ros_interfaces/kobuki_ros_interfaces/msg/robot_state_event.h
[1.519s] -- Up-to-date symlink: /home/ri-one/ri_one_master_ws/install/kobuki_ros_interfaces/include/kobuki_ros_interfaces/kobuki_ros_interfaces/msg/rosidl_generator_c__visibility_control.h
[1.519s] -- Up-to-date symlink: /home/ri-one/ri_one_master_ws/install/kobuki_ros_interfaces/include/kobuki_ros_interfaces/kobuki_ros_interfaces/msg/scan_angle.h
[1.520s] -- Up-to-date symlink: /home/ri-one/ri_one_master_ws/install/kobuki_ros_interfaces/include/kobuki_ros_interfaces/kobuki_ros_interfaces/msg/sensor_state.h
[1.531s] -- Up-to-date symlink: /home/ri-one/ri_one_master_ws/install/kobuki_ros_interfaces/include/kobuki_ros_interfaces/kobuki_ros_interfaces/msg/sound.h
[1.531s] -- Up-to-date symlink: /home/ri-one/ri_one_master_ws/install/kobuki_ros_interfaces/include/kobuki_ros_interfaces/kobuki_ros_interfaces/msg/version_info.h
[1.531s] -- Up-to-date symlink: /home/ri-one/ri_one_master_ws/install/kobuki_ros_interfaces/include/kobuki_ros_interfaces/kobuki_ros_interfaces/msg/wheel_drop_event.h
[1.531s] -- Up-to-date symlink: /home/ri-one/ri_one_master_ws/install/kobuki_ros_interfaces/share/kobuki_ros_interfaces/environment/library_path.sh
[1.532s] -- Up-to-date symlink: /home/ri-one/ri_one_master_ws/install/kobuki_ros_interfaces/share/kobuki_ros_interfaces/environment/library_path.dsv
[1.532s] -- Up-to-date symlink: /home/ri-one/ri_one_master_ws/install/kobuki_ros_interfaces/include/kobuki_ros_interfaces/kobuki_ros_interfaces/action/detail/auto_docking__rosidl_typesupport_fastrtps_c.h
[1.532s] -- Up-to-date symlink: /home/ri-one/ri_one_master_ws/install/kobuki_ros_interfaces/include/kobuki_ros_interfaces/kobuki_ros_interfaces/msg/detail/bumper_event__rosidl_typesupport_fastrtps_c.h
[1.532s] -- Up-to-date symlink: /home/ri-one/ri_one_master_ws/install/kobuki_ros_interfaces/include/kobuki_ros_interfaces/kobuki_ros_interfaces/msg/detail/button_event__rosidl_typesupport_fastrtps_c.h
[1.533s] -- Up-to-date symlink: /home/ri-one/ri_one_master_ws/install/kobuki_ros_interfaces/include/kobuki_ros_interfaces/kobuki_ros_interfaces/msg/detail/cliff_event__rosidl_typesupport_fastrtps_c.h
[1.535s] -- Up-to-date symlink: /home/ri-one/ri_one_master_ws/install/kobuki_ros_interfaces/include/kobuki_ros_interfaces/kobuki_ros_interfaces/msg/detail/controller_info__rosidl_typesupport_fastrtps_c.h
[1.535s] -- Up-to-date symlink: /home/ri-one/ri_one_master_ws/install/kobuki_ros_interfaces/include/kobuki_ros_interfaces/kobuki_ros_interfaces/msg/detail/digital_input_event__rosidl_typesupport_fastrtps_c.h
[1.535s] -- Up-to-date symlink: /home/ri-one/ri_one_master_ws/install/kobuki_ros_interfaces/include/kobuki_ros_interfaces/kobuki_ros_interfaces/msg/detail/digital_output__rosidl_typesupport_fastrtps_c.h
[1.535s] -- Up-to-date symlink: /home/ri-one/ri_one_master_ws/install/kobuki_ros_interfaces/include/kobuki_ros_interfaces/kobuki_ros_interfaces/msg/detail/dock_infra_red__rosidl_typesupport_fastrtps_c.h
[1.535s] -- Up-to-date symlink: /home/ri-one/ri_one_master_ws/install/kobuki_ros_interfaces/include/kobuki_ros_interfaces/kobuki_ros_interfaces/msg/detail/external_power__rosidl_typesupport_fastrtps_c.h
[1.536s] -- Up-to-date symlink: /home/ri-one/ri_one_master_ws/install/kobuki_ros_interfaces/include/kobuki_ros_interfaces/kobuki_ros_interfaces/msg/detail/keyboard_input__rosidl_typesupport_fastrtps_c.h
[1.536s] -- Up-to-date symlink: /home/ri-one/ri_one_master_ws/install/kobuki_ros_interfaces/include/kobuki_ros_interfaces/kobuki_ros_interfaces/msg/detail/led__rosidl_typesupport_fastrtps_c.h
[1.536s] -- Up-to-date symlink: /home/ri-one/ri_one_master_ws/install/kobuki_ros_interfaces/include/kobuki_ros_interfaces/kobuki_ros_interfaces/msg/detail/motor_power__rosidl_typesupport_fastrtps_c.h
[1.536s] -- Up-to-date symlink: /home/ri-one/ri_one_master_ws/install/kobuki_ros_interfaces/include/kobuki_ros_interfaces/kobuki_ros_interfaces/msg/detail/power_system_event__rosidl_typesupport_fastrtps_c.h
[1.536s] -- Up-to-date symlink: /home/ri-one/ri_one_master_ws/install/kobuki_ros_interfaces/include/kobuki_ros_interfaces/kobuki_ros_interfaces/msg/detail/robot_state_event__rosidl_typesupport_fastrtps_c.h
[1.536s] -- Up-to-date symlink: /home/ri-one/ri_one_master_ws/install/kobuki_ros_interfaces/include/kobuki_ros_interfaces/kobuki_ros_interfaces/msg/detail/scan_angle__rosidl_typesupport_fastrtps_c.h
[1.537s] -- Up-to-date symlink: /home/ri-one/ri_one_master_ws/install/kobuki_ros_interfaces/include/kobuki_ros_interfaces/kobuki_ros_interfaces/msg/detail/sensor_state__rosidl_typesupport_fastrtps_c.h
[1.537s] -- Up-to-date symlink: /home/ri-one/ri_one_master_ws/install/kobuki_ros_interfaces/include/kobuki_ros_interfaces/kobuki_ros_interfaces/msg/detail/sound__rosidl_typesupport_fastrtps_c.h
[1.537s] -- Up-to-date symlink: /home/ri-one/ri_one_master_ws/install/kobuki_ros_interfaces/include/kobuki_ros_interfaces/kobuki_ros_interfaces/msg/detail/version_info__rosidl_typesupport_fastrtps_c.h
[1.537s] -- Up-to-date symlink: /home/ri-one/ri_one_master_ws/install/kobuki_ros_interfaces/include/kobuki_ros_interfaces/kobuki_ros_interfaces/msg/detail/wheel_drop_event__rosidl_typesupport_fastrtps_c.h
[1.537s] -- Up-to-date symlink: /home/ri-one/ri_one_master_ws/install/kobuki_ros_interfaces/include/kobuki_ros_interfaces/kobuki_ros_interfaces/msg/rosidl_typesupport_fastrtps_c__visibility_control.h
[1.545s] -- Up-to-date symlink: /home/ri-one/ri_one_master_ws/install/kobuki_ros_interfaces/include/kobuki_ros_interfaces/kobuki_ros_interfaces/action/auto_docking.hpp
[1.546s] -- Up-to-date symlink: /home/ri-one/ri_one_master_ws/install/kobuki_ros_interfaces/include/kobuki_ros_interfaces/kobuki_ros_interfaces/action/detail/auto_docking__builder.hpp
[1.546s] -- Up-to-date symlink: /home/ri-one/ri_one_master_ws/install/kobuki_ros_interfaces/include/kobuki_ros_interfaces/kobuki_ros_interfaces/action/detail/auto_docking__struct.hpp
[1.546s] -- Up-to-date symlink: /home/ri-one/ri_one_master_ws/install/kobuki_ros_interfaces/include/kobuki_ros_interfaces/kobuki_ros_interfaces/action/detail/auto_docking__traits.hpp
[1.546s] -- Up-to-date symlink: /home/ri-one/ri_one_master_ws/install/kobuki_ros_interfaces/include/kobuki_ros_interfaces/kobuki_ros_interfaces/action/detail/auto_docking__type_support.hpp
[1.546s] -- Up-to-date symlink: /home/ri-one/ri_one_master_ws/install/kobuki_ros_interfaces/include/kobuki_ros_interfaces/kobuki_ros_interfaces/msg/bumper_event.hpp
[1.546s] -- Up-to-date symlink: /home/ri-one/ri_one_master_ws/install/kobuki_ros_interfaces/include/kobuki_ros_interfaces/kobuki_ros_interfaces/msg/button_event.hpp
[1.547s] -- Up-to-date symlink: /home/ri-one/ri_one_master_ws/install/kobuki_ros_interfaces/include/kobuki_ros_interfaces/kobuki_ros_interfaces/msg/cliff_event.hpp
[1.547s] -- Up-to-date symlink: /home/ri-one/ri_one_master_ws/install/kobuki_ros_interfaces/include/kobuki_ros_interfaces/kobuki_ros_interfaces/msg/controller_info.hpp
[1.547s] -- Up-to-date symlink: /home/ri-one/ri_one_master_ws/install/kobuki_ros_interfaces/include/kobuki_ros_interfaces/kobuki_ros_interfaces/msg/detail/bumper_event__builder.hpp
[1.547s] -- Up-to-date symlink: /home/ri-one/ri_one_master_ws/install/kobuki_ros_interfaces/include/kobuki_ros_interfaces/kobuki_ros_interfaces/msg/detail/bumper_event__struct.hpp
[1.547s] -- Up-to-date symlink: /home/ri-one/ri_one_master_ws/install/kobuki_ros_interfaces/include/kobuki_ros_interfaces/kobuki_ros_interfaces/msg/detail/bumper_event__traits.hpp
[1.547s] -- Up-to-date symlink: /home/ri-one/ri_one_master_ws/install/kobuki_ros_interfaces/include/kobuki_ros_interfaces/kobuki_ros_interfaces/msg/detail/bumper_event__type_support.hpp
[1.547s] -- Up-to-date symlink: /home/ri-one/ri_one_master_ws/install/kobuki_ros_interfaces/include/kobuki_ros_interfaces/kobuki_ros_interfaces/msg/detail/button_event__builder.hpp
[1.548s] -- Up-to-date symlink: /home/ri-one/ri_one_master_ws/install/kobuki_ros_interfaces/include/kobuki_ros_interfaces/kobuki_ros_interfaces/msg/detail/button_event__struct.hpp
[1.548s] -- Up-to-date symlink: /home/ri-one/ri_one_master_ws/install/kobuki_ros_interfaces/include/kobuki_ros_interfaces/kobuki_ros_interfaces/msg/detail/button_event__traits.hpp
[1.548s] -- Up-to-date symlink: /home/ri-one/ri_one_master_ws/install/kobuki_ros_interfaces/include/kobuki_ros_interfaces/kobuki_ros_interfaces/msg/detail/button_event__type_support.hpp
[1.548s] -- Up-to-date symlink: /home/ri-one/ri_one_master_ws/install/kobuki_ros_interfaces/include/kobuki_ros_interfaces/kobuki_ros_interfaces/msg/detail/cliff_event__builder.hpp
[1.548s] -- Up-to-date symlink: /home/ri-one/ri_one_master_ws/install/kobuki_ros_interfaces/include/kobuki_ros_interfaces/kobuki_ros_interfaces/msg/detail/cliff_event__struct.hpp
[1.553s] -- Up-to-date symlink: /home/ri-one/ri_one_master_ws/install/kobuki_ros_interfaces/include/kobuki_ros_interfaces/kobuki_ros_interfaces/msg/detail/cliff_event__traits.hpp
[1.553s] -- Up-to-date symlink: /home/ri-one/ri_one_master_ws/install/kobuki_ros_interfaces/include/kobuki_ros_interfaces/kobuki_ros_interfaces/msg/detail/cliff_event__type_support.hpp
[1.553s] -- Up-to-date symlink: /home/ri-one/ri_one_master_ws/install/kobuki_ros_interfaces/include/kobuki_ros_interfaces/kobuki_ros_interfaces/msg/detail/controller_info__builder.hpp
[1.553s] -- Up-to-date symlink: /home/ri-one/ri_one_master_ws/install/kobuki_ros_interfaces/include/kobuki_ros_interfaces/kobuki_ros_interfaces/msg/detail/controller_info__struct.hpp
[1.553s] -- Up-to-date symlink: /home/ri-one/ri_one_master_ws/install/kobuki_ros_interfaces/include/kobuki_ros_interfaces/kobuki_ros_interfaces/msg/detail/controller_info__traits.hpp
[1.554s] -- Up-to-date symlink: /home/ri-one/ri_one_master_ws/install/kobuki_ros_interfaces/include/kobuki_ros_interfaces/kobuki_ros_interfaces/msg/detail/controller_info__type_support.hpp
[1.554s] -- Up-to-date symlink: /home/ri-one/ri_one_master_ws/install/kobuki_ros_interfaces/include/kobuki_ros_interfaces/kobuki_ros_interfaces/msg/detail/digital_input_event__builder.hpp
[1.554s] -- Up-to-date symlink: /home/ri-one/ri_one_master_ws/install/kobuki_ros_interfaces/include/kobuki_ros_interfaces/kobuki_ros_interfaces/msg/detail/digital_input_event__struct.hpp
[1.554s] -- Up-to-date symlink: /home/ri-one/ri_one_master_ws/install/kobuki_ros_interfaces/include/kobuki_ros_interfaces/kobuki_ros_interfaces/msg/detail/digital_input_event__traits.hpp
[1.554s] -- Up-to-date symlink: /home/ri-one/ri_one_master_ws/install/kobuki_ros_interfaces/include/kobuki_ros_interfaces/kobuki_ros_interfaces/msg/detail/digital_input_event__type_support.hpp
[1.554s] -- Up-to-date symlink: /home/ri-one/ri_one_master_ws/install/kobuki_ros_interfaces/include/kobuki_ros_interfaces/kobuki_ros_interfaces/msg/detail/digital_output__builder.hpp
[1.554s] -- Up-to-date symlink: /home/ri-one/ri_one_master_ws/install/kobuki_ros_interfaces/include/kobuki_ros_interfaces/kobuki_ros_interfaces/msg/detail/digital_output__struct.hpp
[1.555s] -- Up-to-date symlink: /home/ri-one/ri_one_master_ws/install/kobuki_ros_interfaces/include/kobuki_ros_interfaces/kobuki_ros_interfaces/msg/detail/digital_output__traits.hpp
[1.555s] -- Up-to-date symlink: /home/ri-one/ri_one_master_ws/install/kobuki_ros_interfaces/include/kobuki_ros_interfaces/kobuki_ros_interfaces/msg/detail/digital_output__type_support.hpp
[1.559s] -- Up-to-date symlink: /home/ri-one/ri_one_master_ws/install/kobuki_ros_interfaces/include/kobuki_ros_interfaces/kobuki_ros_interfaces/msg/detail/dock_infra_red__builder.hpp
[1.559s] -- Up-to-date symlink: /home/ri-one/ri_one_master_ws/install/kobuki_ros_interfaces/include/kobuki_ros_interfaces/kobuki_ros_interfaces/msg/detail/dock_infra_red__struct.hpp
[1.559s] -- Up-to-date symlink: /home/ri-one/ri_one_master_ws/install/kobuki_ros_interfaces/include/kobuki_ros_interfaces/kobuki_ros_interfaces/msg/detail/dock_infra_red__traits.hpp
[1.559s] -- Up-to-date symlink: /home/ri-one/ri_one_master_ws/install/kobuki_ros_interfaces/include/kobuki_ros_interfaces/kobuki_ros_interfaces/msg/detail/dock_infra_red__type_support.hpp
[1.559s] -- Up-to-date symlink: /home/ri-one/ri_one_master_ws/install/kobuki_ros_interfaces/include/kobuki_ros_interfaces/kobuki_ros_interfaces/msg/detail/external_power__builder.hpp
[1.560s] -- Up-to-date symlink: /home/ri-one/ri_one_master_ws/install/kobuki_ros_interfaces/include/kobuki_ros_interfaces/kobuki_ros_interfaces/msg/detail/external_power__struct.hpp
[1.563s] -- Up-to-date symlink: /home/ri-one/ri_one_master_ws/install/kobuki_ros_interfaces/include/kobuki_ros_interfaces/kobuki_ros_interfaces/msg/detail/external_power__traits.hpp
[1.563s] -- Up-to-date symlink: /home/ri-one/ri_one_master_ws/install/kobuki_ros_interfaces/include/kobuki_ros_interfaces/kobuki_ros_interfaces/msg/detail/external_power__type_support.hpp
[1.563s] -- Up-to-date symlink: /home/ri-one/ri_one_master_ws/install/kobuki_ros_interfaces/include/kobuki_ros_interfaces/kobuki_ros_interfaces/msg/detail/keyboard_input__builder.hpp
[1.564s] -- Up-to-date symlink: /home/ri-one/ri_one_master_ws/install/kobuki_ros_interfaces/include/kobuki_ros_interfaces/kobuki_ros_interfaces/msg/detail/keyboard_input__struct.hpp
[1.564s] -- Up-to-date symlink: /home/ri-one/ri_one_master_ws/install/kobuki_ros_interfaces/include/kobuki_ros_interfaces/kobuki_ros_interfaces/msg/detail/keyboard_input__traits.hpp
[1.564s] -- Up-to-date symlink: /home/ri-one/ri_one_master_ws/install/kobuki_ros_interfaces/include/kobuki_ros_interfaces/kobuki_ros_interfaces/msg/detail/keyboard_input__type_support.hpp
[1.564s] -- Up-to-date symlink: /home/ri-one/ri_one_master_ws/install/kobuki_ros_interfaces/include/kobuki_ros_interfaces/kobuki_ros_interfaces/msg/detail/led__builder.hpp
[1.566s] -- Up-to-date symlink: /home/ri-one/ri_one_master_ws/install/kobuki_ros_interfaces/include/kobuki_ros_interfaces/kobuki_ros_interfaces/msg/detail/led__struct.hpp
[1.567s] -- Up-to-date symlink: /home/ri-one/ri_one_master_ws/install/kobuki_ros_interfaces/include/kobuki_ros_interfaces/kobuki_ros_interfaces/msg/detail/led__traits.hpp
[1.567s] -- Up-to-date symlink: /home/ri-one/ri_one_master_ws/install/kobuki_ros_interfaces/include/kobuki_ros_interfaces/kobuki_ros_interfaces/msg/detail/led__type_support.hpp
[1.567s] -- Up-to-date symlink: /home/ri-one/ri_one_master_ws/install/kobuki_ros_interfaces/include/kobuki_ros_interfaces/kobuki_ros_interfaces/msg/detail/motor_power__builder.hpp
[1.567s] -- Up-to-date symlink: /home/ri-one/ri_one_master_ws/install/kobuki_ros_interfaces/include/kobuki_ros_interfaces/kobuki_ros_interfaces/msg/detail/motor_power__struct.hpp
[1.570s] -- Up-to-date symlink: /home/ri-one/ri_one_master_ws/install/kobuki_ros_interfaces/include/kobuki_ros_interfaces/kobuki_ros_interfaces/msg/detail/motor_power__traits.hpp
[1.570s] -- Up-to-date symlink: /home/ri-one/ri_one_master_ws/install/kobuki_ros_interfaces/include/kobuki_ros_interfaces/kobuki_ros_interfaces/msg/detail/motor_power__type_support.hpp
[1.571s] -- Up-to-date symlink: /home/ri-one/ri_one_master_ws/install/kobuki_ros_interfaces/include/kobuki_ros_interfaces/kobuki_ros_interfaces/msg/detail/power_system_event__builder.hpp
[1.571s] -- Up-to-date symlink: /home/ri-one/ri_one_master_ws/install/kobuki_ros_interfaces/include/kobuki_ros_interfaces/kobuki_ros_interfaces/msg/detail/power_system_event__struct.hpp
[1.572s] -- Up-to-date symlink: /home/ri-one/ri_one_master_ws/install/kobuki_ros_interfaces/include/kobuki_ros_interfaces/kobuki_ros_interfaces/msg/detail/power_system_event__traits.hpp
[1.573s] -- Up-to-date symlink: /home/ri-one/ri_one_master_ws/install/kobuki_ros_interfaces/include/kobuki_ros_interfaces/kobuki_ros_interfaces/msg/detail/power_system_event__type_support.hpp
[1.573s] -- Up-to-date symlink: /home/ri-one/ri_one_master_ws/install/kobuki_ros_interfaces/include/kobuki_ros_interfaces/kobuki_ros_interfaces/msg/detail/robot_state_event__builder.hpp
[1.577s] -- Up-to-date symlink: /home/ri-one/ri_one_master_ws/install/kobuki_ros_interfaces/include/kobuki_ros_interfaces/kobuki_ros_interfaces/msg/detail/robot_state_event__struct.hpp
[1.578s] -- Up-to-date symlink: /home/ri-one/ri_one_master_ws/install/kobuki_ros_interfaces/include/kobuki_ros_interfaces/kobuki_ros_interfaces/msg/detail/robot_state_event__traits.hpp
[1.578s] -- Up-to-date symlink: /home/ri-one/ri_one_master_ws/install/kobuki_ros_interfaces/include/kobuki_ros_interfaces/kobuki_ros_interfaces/msg/detail/robot_state_event__type_support.hpp
[1.578s] -- Up-to-date symlink: /home/ri-one/ri_one_master_ws/install/kobuki_ros_interfaces/include/kobuki_ros_interfaces/kobuki_ros_interfaces/msg/detail/scan_angle__builder.hpp
[1.578s] -- Up-to-date symlink: /home/ri-one/ri_one_master_ws/install/kobuki_ros_interfaces/include/kobuki_ros_interfaces/kobuki_ros_interfaces/msg/detail/scan_angle__struct.hpp
[1.581s] -- Up-to-date symlink: /home/ri-one/ri_one_master_ws/install/kobuki_ros_interfaces/include/kobuki_ros_interfaces/kobuki_ros_interfaces/msg/detail/scan_angle__traits.hpp
[1.582s] -- Up-to-date symlink: /home/ri-one/ri_one_master_ws/install/kobuki_ros_interfaces/include/kobuki_ros_interfaces/kobuki_ros_interfaces/msg/detail/scan_angle__type_support.hpp
[1.582s] -- Up-to-date symlink: /home/ri-one/ri_one_master_ws/install/kobuki_ros_interfaces/include/kobuki_ros_interfaces/kobuki_ros_interfaces/msg/detail/sensor_state__builder.hpp
[1.582s] -- Up-to-date symlink: /home/ri-one/ri_one_master_ws/install/kobuki_ros_interfaces/include/kobuki_ros_interfaces/kobuki_ros_interfaces/msg/detail/sensor_state__struct.hpp
[1.582s] -- Up-to-date symlink: /home/ri-one/ri_one_master_ws/install/kobuki_ros_interfaces/include/kobuki_ros_interfaces/kobuki_ros_interfaces/msg/detail/sensor_state__traits.hpp
[1.582s] -- Up-to-date symlink: /home/ri-one/ri_one_master_ws/install/kobuki_ros_interfaces/include/kobuki_ros_interfaces/kobuki_ros_interfaces/msg/detail/sensor_state__type_support.hpp
[1.582s] -- Up-to-date symlink: /home/ri-one/ri_one_master_ws/install/kobuki_ros_interfaces/include/kobuki_ros_interfaces/kobuki_ros_interfaces/msg/detail/sound__builder.hpp
[1.582s] -- Up-to-date symlink: /home/ri-one/ri_one_master_ws/install/kobuki_ros_interfaces/include/kobuki_ros_interfaces/kobuki_ros_interfaces/msg/detail/sound__struct.hpp
[1.583s] -- Up-to-date symlink: /home/ri-one/ri_one_master_ws/install/kobuki_ros_interfaces/include/kobuki_ros_interfaces/kobuki_ros_interfaces/msg/detail/sound__traits.hpp
[1.583s] -- Up-to-date symlink: /home/ri-one/ri_one_master_ws/install/kobuki_ros_interfaces/include/kobuki_ros_interfaces/kobuki_ros_interfaces/msg/detail/sound__type_support.hpp
[1.583s] -- Up-to-date symlink: /home/ri-one/ri_one_master_ws/install/kobuki_ros_interfaces/include/kobuki_ros_interfaces/kobuki_ros_interfaces/msg/detail/version_info__builder.hpp
[1.583s] -- Up-to-date symlink: /home/ri-one/ri_one_master_ws/install/kobuki_ros_interfaces/include/kobuki_ros_interfaces/kobuki_ros_interfaces/msg/detail/version_info__struct.hpp
[1.583s] -- Up-to-date symlink: /home/ri-one/ri_one_master_ws/install/kobuki_ros_interfaces/include/kobuki_ros_interfaces/kobuki_ros_interfaces/msg/detail/version_info__traits.hpp
[1.583s] -- Up-to-date symlink: /home/ri-one/ri_one_master_ws/install/kobuki_ros_interfaces/include/kobuki_ros_interfaces/kobuki_ros_interfaces/msg/detail/version_info__type_support.hpp
[1.583s] -- Up-to-date symlink: /home/ri-one/ri_one_master_ws/install/kobuki_ros_interfaces/include/kobuki_ros_interfaces/kobuki_ros_interfaces/msg/detail/wheel_drop_event__builder.hpp
[1.584s] -- Up-to-date symlink: /home/ri-one/ri_one_master_ws/install/kobuki_ros_interfaces/include/kobuki_ros_interfaces/kobuki_ros_interfaces/msg/detail/wheel_drop_event__struct.hpp
[1.584s] -- Up-to-date symlink: /home/ri-one/ri_one_master_ws/install/kobuki_ros_interfaces/include/kobuki_ros_interfaces/kobuki_ros_interfaces/msg/detail/wheel_drop_event__traits.hpp
[1.584s] -- Up-to-date symlink: /home/ri-one/ri_one_master_ws/install/kobuki_ros_interfaces/include/kobuki_ros_interfaces/kobuki_ros_interfaces/msg/detail/wheel_drop_event__type_support.hpp
[1.584s] -- Up-to-date symlink: /home/ri-one/ri_one_master_ws/install/kobuki_ros_interfaces/include/kobuki_ros_interfaces/kobuki_ros_interfaces/msg/digital_input_event.hpp
[1.584s] -- Up-to-date symlink: /home/ri-one/ri_one_master_ws/install/kobuki_ros_interfaces/include/kobuki_ros_interfaces/kobuki_ros_interfaces/msg/digital_output.hpp
[1.595s] -- Up-to-date symlink: /home/ri-one/ri_one_master_ws/install/kobuki_ros_interfaces/include/kobuki_ros_interfaces/kobuki_ros_interfaces/msg/dock_infra_red.hpp
[1.596s] -- Up-to-date symlink: /home/ri-one/ri_one_master_ws/install/kobuki_ros_interfaces/include/kobuki_ros_interfaces/kobuki_ros_interfaces/msg/external_power.hpp
[1.596s] -- Up-to-date symlink: /home/ri-one/ri_one_master_ws/install/kobuki_ros_interfaces/include/kobuki_ros_interfaces/kobuki_ros_interfaces/msg/keyboard_input.hpp
[1.596s] -- Up-to-date symlink: /home/ri-one/ri_one_master_ws/install/kobuki_ros_interfaces/include/kobuki_ros_interfaces/kobuki_ros_interfaces/msg/led.hpp
[1.596s] -- Up-to-date symlink: /home/ri-one/ri_one_master_ws/install/kobuki_ros_interfaces/include/kobuki_ros_interfaces/kobuki_ros_interfaces/msg/motor_power.hpp
[1.597s] -- Up-to-date symlink: /home/ri-one/ri_one_master_ws/install/kobuki_ros_interfaces/include/kobuki_ros_interfaces/kobuki_ros_interfaces/msg/power_system_event.hpp
[1.597s] -- Up-to-date symlink: /home/ri-one/ri_one_master_ws/install/kobuki_ros_interfaces/include/kobuki_ros_interfaces/kobuki_ros_interfaces/msg/robot_state_event.hpp
[1.598s] -- Up-to-date symlink: /home/ri-one/ri_one_master_ws/install/kobuki_ros_interfaces/include/kobuki_ros_interfaces/kobuki_ros_interfaces/msg/rosidl_generator_cpp__visibility_control.hpp
[1.598s] -- Up-to-date symlink: /home/ri-one/ri_one_master_ws/install/kobuki_ros_interfaces/include/kobuki_ros_interfaces/kobuki_ros_interfaces/msg/scan_angle.hpp
[1.598s] -- Up-to-date symlink: /home/ri-one/ri_one_master_ws/install/kobuki_ros_interfaces/include/kobuki_ros_interfaces/kobuki_ros_interfaces/msg/sensor_state.hpp
[1.598s] -- Up-to-date symlink: /home/ri-one/ri_one_master_ws/install/kobuki_ros_interfaces/include/kobuki_ros_interfaces/kobuki_ros_interfaces/msg/sound.hpp
[1.598s] -- Up-to-date symlink: /home/ri-one/ri_one_master_ws/install/kobuki_ros_interfaces/include/kobuki_ros_interfaces/kobuki_ros_interfaces/msg/version_info.hpp
[1.598s] -- Up-to-date symlink: /home/ri-one/ri_one_master_ws/install/kobuki_ros_interfaces/include/kobuki_ros_interfaces/kobuki_ros_interfaces/msg/wheel_drop_event.hpp
[1.602s] -- Up-to-date symlink: /home/ri-one/ri_one_master_ws/install/kobuki_ros_interfaces/include/kobuki_ros_interfaces/kobuki_ros_interfaces/action/detail/auto_docking__rosidl_typesupport_fastrtps_cpp.hpp
[1.603s] -- Up-to-date symlink: /home/ri-one/ri_one_master_ws/install/kobuki_ros_interfaces/include/kobuki_ros_interfaces/kobuki_ros_interfaces/msg/detail/bumper_event__rosidl_typesupport_fastrtps_cpp.hpp
[1.604s] -- Up-to-date symlink: /home/ri-one/ri_one_master_ws/install/kobuki_ros_interfaces/include/kobuki_ros_interfaces/kobuki_ros_interfaces/msg/detail/button_event__rosidl_typesupport_fastrtps_cpp.hpp
[1.605s] -- Up-to-date symlink: /home/ri-one/ri_one_master_ws/install/kobuki_ros_interfaces/include/kobuki_ros_interfaces/kobuki_ros_interfaces/msg/detail/cliff_event__rosidl_typesupport_fastrtps_cpp.hpp
[1.605s] -- Up-to-date symlink: /home/ri-one/ri_one_master_ws/install/kobuki_ros_interfaces/include/kobuki_ros_interfaces/kobuki_ros_interfaces/msg/detail/controller_info__rosidl_typesupport_fastrtps_cpp.hpp
[1.606s] -- Up-to-date symlink: /home/ri-one/ri_one_master_ws/install/kobuki_ros_interfaces/include/kobuki_ros_interfaces/kobuki_ros_interfaces/msg/detail/digital_input_event__rosidl_typesupport_fastrtps_cpp.hpp
[1.607s] -- Up-to-date symlink: /home/ri-one/ri_one_master_ws/install/kobuki_ros_interfaces/include/kobuki_ros_interfaces/kobuki_ros_interfaces/msg/detail/digital_output__rosidl_typesupport_fastrtps_cpp.hpp
[1.607s] -- Up-to-date symlink: /home/ri-one/ri_one_master_ws/install/kobuki_ros_interfaces/include/kobuki_ros_interfaces/kobuki_ros_interfaces/msg/detail/dock_infra_red__rosidl_typesupport_fastrtps_cpp.hpp
[1.609s] -- Up-to-date symlink: /home/ri-one/ri_one_master_ws/install/kobuki_ros_interfaces/include/kobuki_ros_interfaces/kobuki_ros_interfaces/msg/detail/external_power__rosidl_typesupport_fastrtps_cpp.hpp
[1.609s] -- Up-to-date symlink: /home/ri-one/ri_one_master_ws/install/kobuki_ros_interfaces/include/kobuki_ros_interfaces/kobuki_ros_interfaces/msg/detail/keyboard_input__rosidl_typesupport_fastrtps_cpp.hpp
[1.614s] -- Up-to-date symlink: /home/ri-one/ri_one_master_ws/install/kobuki_ros_interfaces/include/kobuki_ros_interfaces/kobuki_ros_interfaces/msg/detail/led__rosidl_typesupport_fastrtps_cpp.hpp
[1.615s] -- Up-to-date symlink: /home/ri-one/ri_one_master_ws/install/kobuki_ros_interfaces/include/kobuki_ros_interfaces/kobuki_ros_interfaces/msg/detail/motor_power__rosidl_typesupport_fastrtps_cpp.hpp
[1.615s] -- Up-to-date symlink: /home/ri-one/ri_one_master_ws/install/kobuki_ros_interfaces/include/kobuki_ros_interfaces/kobuki_ros_interfaces/msg/detail/power_system_event__rosidl_typesupport_fastrtps_cpp.hpp
[1.615s] -- Up-to-date symlink: /home/ri-one/ri_one_master_ws/install/kobuki_ros_interfaces/include/kobuki_ros_interfaces/kobuki_ros_interfaces/msg/detail/robot_state_event__rosidl_typesupport_fastrtps_cpp.hpp
[1.615s] -- Up-to-date symlink: /home/ri-one/ri_one_master_ws/install/kobuki_ros_interfaces/include/kobuki_ros_interfaces/kobuki_ros_interfaces/msg/detail/scan_angle__rosidl_typesupport_fastrtps_cpp.hpp
[1.615s] -- Up-to-date symlink: /home/ri-one/ri_one_master_ws/install/kobuki_ros_interfaces/include/kobuki_ros_interfaces/kobuki_ros_interfaces/msg/detail/sensor_state__rosidl_typesupport_fastrtps_cpp.hpp
[1.615s] -- Up-to-date symlink: /home/ri-one/ri_one_master_ws/install/kobuki_ros_interfaces/include/kobuki_ros_interfaces/kobuki_ros_interfaces/msg/detail/sound__rosidl_typesupport_fastrtps_cpp.hpp
[1.618s] -- Up-to-date symlink: /home/ri-one/ri_one_master_ws/install/kobuki_ros_interfaces/include/kobuki_ros_interfaces/kobuki_ros_interfaces/msg/detail/version_info__rosidl_typesupport_fastrtps_cpp.hpp
[1.619s] -- Up-to-date symlink: /home/ri-one/ri_one_master_ws/install/kobuki_ros_interfaces/include/kobuki_ros_interfaces/kobuki_ros_interfaces/msg/detail/wheel_drop_event__rosidl_typesupport_fastrtps_cpp.hpp
[1.619s] -- Up-to-date symlink: /home/ri-one/ri_one_master_ws/install/kobuki_ros_interfaces/include/kobuki_ros_interfaces/kobuki_ros_interfaces/msg/rosidl_typesupport_fastrtps_cpp__visibility_control.h
[1.619s] -- Up-to-date symlink: /home/ri-one/ri_one_master_ws/install/kobuki_ros_interfaces/include/kobuki_ros_interfaces/kobuki_ros_interfaces/action/detail/auto_docking__rosidl_typesupport_introspection_c.h
[1.619s] -- Up-to-date symlink: /home/ri-one/ri_one_master_ws/install/kobuki_ros_interfaces/include/kobuki_ros_interfaces/kobuki_ros_interfaces/msg/detail/bumper_event__rosidl_typesupport_introspection_c.h
[1.619s] -- Up-to-date symlink: /home/ri-one/ri_one_master_ws/install/kobuki_ros_interfaces/include/kobuki_ros_interfaces/kobuki_ros_interfaces/msg/detail/button_event__rosidl_typesupport_introspection_c.h
[1.623s] -- Up-to-date symlink: /home/ri-one/ri_one_master_ws/install/kobuki_ros_interfaces/include/kobuki_ros_interfaces/kobuki_ros_interfaces/msg/detail/cliff_event__rosidl_typesupport_introspection_c.h
[1.623s] -- Up-to-date symlink: /home/ri-one/ri_one_master_ws/install/kobuki_ros_interfaces/include/kobuki_ros_interfaces/kobuki_ros_interfaces/msg/detail/controller_info__rosidl_typesupport_introspection_c.h
[1.623s] -- Up-to-date symlink: /home/ri-one/ri_one_master_ws/install/kobuki_ros_interfaces/include/kobuki_ros_interfaces/kobuki_ros_interfaces/msg/detail/digital_input_event__rosidl_typesupport_introspection_c.h
[1.623s] -- Up-to-date symlink: /home/ri-one/ri_one_master_ws/install/kobuki_ros_interfaces/include/kobuki_ros_interfaces/kobuki_ros_interfaces/msg/detail/digital_output__rosidl_typesupport_introspection_c.h
[1.623s] -- Up-to-date symlink: /home/ri-one/ri_one_master_ws/install/kobuki_ros_interfaces/include/kobuki_ros_interfaces/kobuki_ros_interfaces/msg/detail/dock_infra_red__rosidl_typesupport_introspection_c.h
[1.624s] -- Up-to-date symlink: /home/ri-one/ri_one_master_ws/install/kobuki_ros_interfaces/include/kobuki_ros_interfaces/kobuki_ros_interfaces/msg/detail/external_power__rosidl_typesupport_introspection_c.h
[1.624s] -- Up-to-date symlink: /home/ri-one/ri_one_master_ws/install/kobuki_ros_interfaces/include/kobuki_ros_interfaces/kobuki_ros_interfaces/msg/detail/keyboard_input__rosidl_typesupport_introspection_c.h
[1.624s] -- Up-to-date symlink: /home/ri-one/ri_one_master_ws/install/kobuki_ros_interfaces/include/kobuki_ros_interfaces/kobuki_ros_interfaces/msg/detail/led__rosidl_typesupport_introspection_c.h
[1.624s] -- Up-to-date symlink: /home/ri-one/ri_one_master_ws/install/kobuki_ros_interfaces/include/kobuki_ros_interfaces/kobuki_ros_interfaces/msg/detail/motor_power__rosidl_typesupport_introspection_c.h
[1.624s] -- Up-to-date symlink: /home/ri-one/ri_one_master_ws/install/kobuki_ros_interfaces/include/kobuki_ros_interfaces/kobuki_ros_interfaces/msg/detail/power_system_event__rosidl_typesupport_introspection_c.h
[1.624s] -- Up-to-date symlink: /home/ri-one/ri_one_master_ws/install/kobuki_ros_interfaces/include/kobuki_ros_interfaces/kobuki_ros_interfaces/msg/detail/robot_state_event__rosidl_typesupport_introspection_c.h
[1.625s] -- Up-to-date symlink: /home/ri-one/ri_one_master_ws/install/kobuki_ros_interfaces/include/kobuki_ros_interfaces/kobuki_ros_interfaces/msg/detail/scan_angle__rosidl_typesupport_introspection_c.h
[1.625s] -- Up-to-date symlink: /home/ri-one/ri_one_master_ws/install/kobuki_ros_interfaces/include/kobuki_ros_interfaces/kobuki_ros_interfaces/msg/detail/sensor_state__rosidl_typesupport_introspection_c.h
[1.625s] -- Up-to-date symlink: /home/ri-one/ri_one_master_ws/install/kobuki_ros_interfaces/include/kobuki_ros_interfaces/kobuki_ros_interfaces/msg/detail/sound__rosidl_typesupport_introspection_c.h
[1.625s] -- Up-to-date symlink: /home/ri-one/ri_one_master_ws/install/kobuki_ros_interfaces/include/kobuki_ros_interfaces/kobuki_ros_interfaces/msg/detail/version_info__rosidl_typesupport_introspection_c.h
[1.625s] -- Up-to-date symlink: /home/ri-one/ri_one_master_ws/install/kobuki_ros_interfaces/include/kobuki_ros_interfaces/kobuki_ros_interfaces/msg/detail/wheel_drop_event__rosidl_typesupport_introspection_c.h
[1.633s] -- Up-to-date symlink: /home/ri-one/ri_one_master_ws/install/kobuki_ros_interfaces/include/kobuki_ros_interfaces/kobuki_ros_interfaces/msg/rosidl_typesupport_introspection_c__visibility_control.h
[1.633s] -- Up-to-date symlink: /home/ri-one/ri_one_master_ws/install/kobuki_ros_interfaces/include/kobuki_ros_interfaces/kobuki_ros_interfaces/action/detail/auto_docking__rosidl_typesupport_introspection_cpp.hpp
[1.634s] -- Up-to-date symlink: /home/ri-one/ri_one_master_ws/install/kobuki_ros_interfaces/include/kobuki_ros_interfaces/kobuki_ros_interfaces/msg/detail/bumper_event__rosidl_typesupport_introspection_cpp.hpp
[1.634s] -- Up-to-date symlink: /home/ri-one/ri_one_master_ws/install/kobuki_ros_interfaces/include/kobuki_ros_interfaces/kobuki_ros_interfaces/msg/detail/button_event__rosidl_typesupport_introspection_cpp.hpp
[1.634s] -- Up-to-date symlink: /home/ri-one/ri_one_master_ws/install/kobuki_ros_interfaces/include/kobuki_ros_interfaces/kobuki_ros_interfaces/msg/detail/cliff_event__rosidl_typesupport_introspection_cpp.hpp
[1.634s] -- Up-to-date symlink: /home/ri-one/ri_one_master_ws/install/kobuki_ros_interfaces/include/kobuki_ros_interfaces/kobuki_ros_interfaces/msg/detail/controller_info__rosidl_typesupport_introspection_cpp.hpp
[1.634s] -- Up-to-date symlink: /home/ri-one/ri_one_master_ws/install/kobuki_ros_interfaces/include/kobuki_ros_interfaces/kobuki_ros_interfaces/msg/detail/digital_input_event__rosidl_typesupport_introspection_cpp.hpp
[1.635s] -- Up-to-date symlink: /home/ri-one/ri_one_master_ws/install/kobuki_ros_interfaces/include/kobuki_ros_interfaces/kobuki_ros_interfaces/msg/detail/digital_output__rosidl_typesupport_introspection_cpp.hpp
[1.635s] -- Up-to-date symlink: /home/ri-one/ri_one_master_ws/install/kobuki_ros_interfaces/include/kobuki_ros_interfaces/kobuki_ros_interfaces/msg/detail/dock_infra_red__rosidl_typesupport_introspection_cpp.hpp
[1.635s] -- Up-to-date symlink: /home/ri-one/ri_one_master_ws/install/kobuki_ros_interfaces/include/kobuki_ros_interfaces/kobuki_ros_interfaces/msg/detail/external_power__rosidl_typesupport_introspection_cpp.hpp
[1.635s] -- Up-to-date symlink: /home/ri-one/ri_one_master_ws/install/kobuki_ros_interfaces/include/kobuki_ros_interfaces/kobuki_ros_interfaces/msg/detail/keyboard_input__rosidl_typesupport_introspection_cpp.hpp
[1.635s] -- Up-to-date symlink: /home/ri-one/ri_one_master_ws/install/kobuki_ros_interfaces/include/kobuki_ros_interfaces/kobuki_ros_interfaces/msg/detail/led__rosidl_typesupport_introspection_cpp.hpp
[1.636s] -- Up-to-date symlink: /home/ri-one/ri_one_master_ws/install/kobuki_ros_interfaces/include/kobuki_ros_interfaces/kobuki_ros_interfaces/msg/detail/motor_power__rosidl_typesupport_introspection_cpp.hpp
[1.636s] -- Up-to-date symlink: /home/ri-one/ri_one_master_ws/install/kobuki_ros_interfaces/include/kobuki_ros_interfaces/kobuki_ros_interfaces/msg/detail/power_system_event__rosidl_typesupport_introspection_cpp.hpp
[1.636s] -- Up-to-date symlink: /home/ri-one/ri_one_master_ws/install/kobuki_ros_interfaces/include/kobuki_ros_interfaces/kobuki_ros_interfaces/msg/detail/robot_state_event__rosidl_typesupport_introspection_cpp.hpp
[1.636s] -- Up-to-date symlink: /home/ri-one/ri_one_master_ws/install/kobuki_ros_interfaces/include/kobuki_ros_interfaces/kobuki_ros_interfaces/msg/detail/scan_angle__rosidl_typesupport_introspection_cpp.hpp
[1.641s] -- Up-to-date symlink: /home/ri-one/ri_one_master_ws/install/kobuki_ros_interfaces/include/kobuki_ros_interfaces/kobuki_ros_interfaces/msg/detail/sensor_state__rosidl_typesupport_introspection_cpp.hpp
[1.641s] -- Up-to-date symlink: /home/ri-one/ri_one_master_ws/install/kobuki_ros_interfaces/include/kobuki_ros_interfaces/kobuki_ros_interfaces/msg/detail/sound__rosidl_typesupport_introspection_cpp.hpp
[1.643s] -- Up-to-date symlink: /home/ri-one/ri_one_master_ws/install/kobuki_ros_interfaces/include/kobuki_ros_interfaces/kobuki_ros_interfaces/msg/detail/version_info__rosidl_typesupport_introspection_cpp.hpp
[1.643s] -- Up-to-date symlink: /home/ri-one/ri_one_master_ws/install/kobuki_ros_interfaces/include/kobuki_ros_interfaces/kobuki_ros_interfaces/msg/detail/wheel_drop_event__rosidl_typesupport_introspection_cpp.hpp
[1.643s] -- Up-to-date symlink: /home/ri-one/ri_one_master_ws/install/kobuki_ros_interfaces/share/kobuki_ros_interfaces/environment/pythonpath.sh
[1.643s] -- Up-to-date symlink: /home/ri-one/ri_one_master_ws/install/kobuki_ros_interfaces/share/kobuki_ros_interfaces/environment/pythonpath.dsv
[1.643s] -- Up-to-date symlink: /home/ri-one/ri_one_master_ws/install/kobuki_ros_interfaces/local/lib/python3.10/dist-packages/kobuki_ros_interfaces-1.0.0-py3.10.egg-info/PKG-INFO
[1.643s] -- Up-to-date symlink: /home/ri-one/ri_one_master_ws/install/kobuki_ros_interfaces/local/lib/python3.10/dist-packages/kobuki_ros_interfaces-1.0.0-py3.10.egg-info/SOURCES.txt
[1.644s] -- Up-to-date symlink: /home/ri-one/ri_one_master_ws/install/kobuki_ros_interfaces/local/lib/python3.10/dist-packages/kobuki_ros_interfaces-1.0.0-py3.10.egg-info/dependency_links.txt
[1.644s] -- Up-to-date symlink: /home/ri-one/ri_one_master_ws/install/kobuki_ros_interfaces/local/lib/python3.10/dist-packages/kobuki_ros_interfaces-1.0.0-py3.10.egg-info/top_level.txt
[1.644s] -- Up-to-date symlink: /home/ri-one/ri_one_master_ws/install/kobuki_ros_interfaces/local/lib/python3.10/dist-packages/kobuki_ros_interfaces/__init__.py
[1.644s] -- Up-to-date symlink: /home/ri-one/ri_one_master_ws/install/kobuki_ros_interfaces/local/lib/python3.10/dist-packages/kobuki_ros_interfaces/_kobuki_ros_interfaces_s.ep.rosidl_typesupport_c.c
[1.644s] -- Up-to-date symlink: /home/ri-one/ri_one_master_ws/install/kobuki_ros_interfaces/local/lib/python3.10/dist-packages/kobuki_ros_interfaces/_kobuki_ros_interfaces_s.ep.rosidl_typesupport_fastrtps_c.c
[1.644s] -- Up-to-date symlink: /home/ri-one/ri_one_master_ws/install/kobuki_ros_interfaces/local/lib/python3.10/dist-packages/kobuki_ros_interfaces/_kobuki_ros_interfaces_s.ep.rosidl_typesupport_introspection_c.c
[1.644s] -- Up-to-date symlink: /home/ri-one/ri_one_master_ws/install/kobuki_ros_interfaces/local/lib/python3.10/dist-packages/kobuki_ros_interfaces/action/__init__.py
[1.645s] -- Up-to-date symlink: /home/ri-one/ri_one_master_ws/install/kobuki_ros_interfaces/local/lib/python3.10/dist-packages/kobuki_ros_interfaces/action/_auto_docking.py
[1.645s] -- Up-to-date symlink: /home/ri-one/ri_one_master_ws/install/kobuki_ros_interfaces/local/lib/python3.10/dist-packages/kobuki_ros_interfaces/action/_auto_docking_s.c
[1.645s] -- Up-to-date symlink: /home/ri-one/ri_one_master_ws/install/kobuki_ros_interfaces/local/lib/python3.10/dist-packages/kobuki_ros_interfaces/kobuki_ros_interfaces_s__rosidl_typesupport_c.cpython-310-x86_64-linux-gnu.so
[1.645s] -- Up-to-date symlink: /home/ri-one/ri_one_master_ws/install/kobuki_ros_interfaces/local/lib/python3.10/dist-packages/kobuki_ros_interfaces/kobuki_ros_interfaces_s__rosidl_typesupport_fastrtps_c.cpython-310-x86_64-linux-gnu.so
[1.645s] -- Up-to-date symlink: /home/ri-one/ri_one_master_ws/install/kobuki_ros_interfaces/local/lib/python3.10/dist-packages/kobuki_ros_interfaces/kobuki_ros_interfaces_s__rosidl_typesupport_introspection_c.cpython-310-x86_64-linux-gnu.so
[1.648s] -- Up-to-date symlink: /home/ri-one/ri_one_master_ws/install/kobuki_ros_interfaces/local/lib/python3.10/dist-packages/kobuki_ros_interfaces/libkobuki_ros_interfaces__rosidl_generator_py.so
[1.650s] -- Up-to-date symlink: /home/ri-one/ri_one_master_ws/install/kobuki_ros_interfaces/local/lib/python3.10/dist-packages/kobuki_ros_interfaces/msg/__init__.py
[1.650s] -- Up-to-date symlink: /home/ri-one/ri_one_master_ws/install/kobuki_ros_interfaces/local/lib/python3.10/dist-packages/kobuki_ros_interfaces/msg/_bumper_event.py
[1.652s] -- Up-to-date symlink: /home/ri-one/ri_one_master_ws/install/kobuki_ros_interfaces/local/lib/python3.10/dist-packages/kobuki_ros_interfaces/msg/_bumper_event_s.c
[1.652s] -- Up-to-date symlink: /home/ri-one/ri_one_master_ws/install/kobuki_ros_interfaces/local/lib/python3.10/dist-packages/kobuki_ros_interfaces/msg/_button_event.py
[1.652s] -- Up-to-date symlink: /home/ri-one/ri_one_master_ws/install/kobuki_ros_interfaces/local/lib/python3.10/dist-packages/kobuki_ros_interfaces/msg/_button_event_s.c
[1.652s] -- Up-to-date symlink: /home/ri-one/ri_one_master_ws/install/kobuki_ros_interfaces/local/lib/python3.10/dist-packages/kobuki_ros_interfaces/msg/_cliff_event.py
[1.652s] -- Up-to-date symlink: /home/ri-one/ri_one_master_ws/install/kobuki_ros_interfaces/local/lib/python3.10/dist-packages/kobuki_ros_interfaces/msg/_cliff_event_s.c
[1.653s] -- Up-to-date symlink: /home/ri-one/ri_one_master_ws/install/kobuki_ros_interfaces/local/lib/python3.10/dist-packages/kobuki_ros_interfaces/msg/_controller_info.py
[1.653s] -- Up-to-date symlink: /home/ri-one/ri_one_master_ws/install/kobuki_ros_interfaces/local/lib/python3.10/dist-packages/kobuki_ros_interfaces/msg/_controller_info_s.c
[1.653s] -- Up-to-date symlink: /home/ri-one/ri_one_master_ws/install/kobuki_ros_interfaces/local/lib/python3.10/dist-packages/kobuki_ros_interfaces/msg/_digital_input_event.py
[1.656s] -- Up-to-date symlink: /home/ri-one/ri_one_master_ws/install/kobuki_ros_interfaces/local/lib/python3.10/dist-packages/kobuki_ros_interfaces/msg/_digital_input_event_s.c
[1.657s] -- Up-to-date symlink: /home/ri-one/ri_one_master_ws/install/kobuki_ros_interfaces/local/lib/python3.10/dist-packages/kobuki_ros_interfaces/msg/_digital_output.py
[1.657s] -- Up-to-date symlink: /home/ri-one/ri_one_master_ws/install/kobuki_ros_interfaces/local/lib/python3.10/dist-packages/kobuki_ros_interfaces/msg/_digital_output_s.c
[1.657s] -- Up-to-date symlink: /home/ri-one/ri_one_master_ws/install/kobuki_ros_interfaces/local/lib/python3.10/dist-packages/kobuki_ros_interfaces/msg/_dock_infra_red.py
[1.657s] -- Up-to-date symlink: /home/ri-one/ri_one_master_ws/install/kobuki_ros_interfaces/local/lib/python3.10/dist-packages/kobuki_ros_interfaces/msg/_dock_infra_red_s.c
[1.657s] -- Up-to-date symlink: /home/ri-one/ri_one_master_ws/install/kobuki_ros_interfaces/local/lib/python3.10/dist-packages/kobuki_ros_interfaces/msg/_external_power.py
[1.657s] -- Up-to-date symlink: /home/ri-one/ri_one_master_ws/install/kobuki_ros_interfaces/local/lib/python3.10/dist-packages/kobuki_ros_interfaces/msg/_external_power_s.c
[1.658s] -- Up-to-date symlink: /home/ri-one/ri_one_master_ws/install/kobuki_ros_interfaces/local/lib/python3.10/dist-packages/kobuki_ros_interfaces/msg/_keyboard_input.py
[1.658s] -- Up-to-date symlink: /home/ri-one/ri_one_master_ws/install/kobuki_ros_interfaces/local/lib/python3.10/dist-packages/kobuki_ros_interfaces/msg/_keyboard_input_s.c
[1.658s] -- Up-to-date symlink: /home/ri-one/ri_one_master_ws/install/kobuki_ros_interfaces/local/lib/python3.10/dist-packages/kobuki_ros_interfaces/msg/_led.py
[1.658s] -- Up-to-date symlink: /home/ri-one/ri_one_master_ws/install/kobuki_ros_interfaces/local/lib/python3.10/dist-packages/kobuki_ros_interfaces/msg/_led_s.c
[1.658s] -- Up-to-date symlink: /home/ri-one/ri_one_master_ws/install/kobuki_ros_interfaces/local/lib/python3.10/dist-packages/kobuki_ros_interfaces/msg/_motor_power.py
[1.658s] -- Up-to-date symlink: /home/ri-one/ri_one_master_ws/install/kobuki_ros_interfaces/local/lib/python3.10/dist-packages/kobuki_ros_interfaces/msg/_motor_power_s.c
[1.659s] -- Up-to-date symlink: /home/ri-one/ri_one_master_ws/install/kobuki_ros_interfaces/local/lib/python3.10/dist-packages/kobuki_ros_interfaces/msg/_power_system_event.py
[1.659s] -- Up-to-date symlink: /home/ri-one/ri_one_master_ws/install/kobuki_ros_interfaces/local/lib/python3.10/dist-packages/kobuki_ros_interfaces/msg/_power_system_event_s.c
[1.659s] -- Up-to-date symlink: /home/ri-one/ri_one_master_ws/install/kobuki_ros_interfaces/local/lib/python3.10/dist-packages/kobuki_ros_interfaces/msg/_robot_state_event.py
[1.659s] -- Up-to-date symlink: /home/ri-one/ri_one_master_ws/install/kobuki_ros_interfaces/local/lib/python3.10/dist-packages/kobuki_ros_interfaces/msg/_robot_state_event_s.c
[1.659s] -- Up-to-date symlink: /home/ri-one/ri_one_master_ws/install/kobuki_ros_interfaces/local/lib/python3.10/dist-packages/kobuki_ros_interfaces/msg/_scan_angle.py
[1.662s] -- Up-to-date symlink: /home/ri-one/ri_one_master_ws/install/kobuki_ros_interfaces/local/lib/python3.10/dist-packages/kobuki_ros_interfaces/msg/_scan_angle_s.c
[1.663s] -- Up-to-date symlink: /home/ri-one/ri_one_master_ws/install/kobuki_ros_interfaces/local/lib/python3.10/dist-packages/kobuki_ros_interfaces/msg/_sensor_state.py
[1.663s] -- Up-to-date symlink: /home/ri-one/ri_one_master_ws/install/kobuki_ros_interfaces/local/lib/python3.10/dist-packages/kobuki_ros_interfaces/msg/_sensor_state_s.c
[1.663s] -- Up-to-date symlink: /home/ri-one/ri_one_master_ws/install/kobuki_ros_interfaces/local/lib/python3.10/dist-packages/kobuki_ros_interfaces/msg/_sound.py
[1.663s] -- Up-to-date symlink: /home/ri-one/ri_one_master_ws/install/kobuki_ros_interfaces/local/lib/python3.10/dist-packages/kobuki_ros_interfaces/msg/_sound_s.c
[1.663s] -- Up-to-date symlink: /home/ri-one/ri_one_master_ws/install/kobuki_ros_interfaces/local/lib/python3.10/dist-packages/kobuki_ros_interfaces/msg/_version_info.py
[1.663s] -- Up-to-date symlink: /home/ri-one/ri_one_master_ws/install/kobuki_ros_interfaces/local/lib/python3.10/dist-packages/kobuki_ros_interfaces/msg/_version_info_s.c
[1.664s] -- Up-to-date symlink: /home/ri-one/ri_one_master_ws/install/kobuki_ros_interfaces/local/lib/python3.10/dist-packages/kobuki_ros_interfaces/msg/_wheel_drop_event.py
[1.664s] -- Up-to-date symlink: /home/ri-one/ri_one_master_ws/install/kobuki_ros_interfaces/local/lib/python3.10/dist-packages/kobuki_ros_interfaces/msg/_wheel_drop_event_s.c
[1.664s] -- Up-to-date symlink: /home/ri-one/ri_one_master_ws/install/kobuki_ros_interfaces/local/lib/python3.10/dist-packages/kobuki_ros_interfaces/kobuki_ros_interfaces_s__rosidl_typesupport_fastrtps_c.cpython-310-x86_64-linux-gnu.so
[1.664s] -- Up-to-date symlink: /home/ri-one/ri_one_master_ws/install/kobuki_ros_interfaces/local/lib/python3.10/dist-packages/kobuki_ros_interfaces/kobuki_ros_interfaces_s__rosidl_typesupport_introspection_c.cpython-310-x86_64-linux-gnu.so
[1.664s] -- Up-to-date symlink: /home/ri-one/ri_one_master_ws/install/kobuki_ros_interfaces/local/lib/python3.10/dist-packages/kobuki_ros_interfaces/kobuki_ros_interfaces_s__rosidl_typesupport_c.cpython-310-x86_64-linux-gnu.so
[1.664s] -- Up-to-date symlink: /home/ri-one/ri_one_master_ws/install/kobuki_ros_interfaces/share/kobuki_ros_interfaces/msg/BumperEvent.idl
[1.665s] -- Up-to-date symlink: /home/ri-one/ri_one_master_ws/install/kobuki_ros_interfaces/share/kobuki_ros_interfaces/msg/CliffEvent.idl
[1.665s] -- Up-to-date symlink: /home/ri-one/ri_one_master_ws/install/kobuki_ros_interfaces/share/kobuki_ros_interfaces/msg/DigitalOutput.idl
[1.665s] -- Up-to-date symlink: /home/ri-one/ri_one_master_ws/install/kobuki_ros_interfaces/share/kobuki_ros_interfaces/msg/ExternalPower.idl
[1.665s] -- Up-to-date symlink: /home/ri-one/ri_one_master_ws/install/kobuki_ros_interfaces/share/kobuki_ros_interfaces/msg/Led.idl
[1.667s] -- Up-to-date symlink: /home/ri-one/ri_one_master_ws/install/kobuki_ros_interfaces/share/kobuki_ros_interfaces/msg/PowerSystemEvent.idl
[1.668s] -- Up-to-date symlink: /home/ri-one/ri_one_master_ws/install/kobuki_ros_interfaces/share/kobuki_ros_interfaces/msg/SensorState.idl
[1.668s] -- Up-to-date symlink: /home/ri-one/ri_one_master_ws/install/kobuki_ros_interfaces/share/kobuki_ros_interfaces/msg/VersionInfo.idl
[1.668s] -- Up-to-date symlink: /home/ri-one/ri_one_master_ws/install/kobuki_ros_interfaces/share/kobuki_ros_interfaces/msg/ControllerInfo.idl
[1.668s] -- Up-to-date symlink: /home/ri-one/ri_one_master_ws/install/kobuki_ros_interfaces/share/kobuki_ros_interfaces/msg/ButtonEvent.idl
[1.669s] -- Up-to-date symlink: /home/ri-one/ri_one_master_ws/install/kobuki_ros_interfaces/share/kobuki_ros_interfaces/msg/DigitalInputEvent.idl
[1.669s] -- Up-to-date symlink: /home/ri-one/ri_one_master_ws/install/kobuki_ros_interfaces/share/kobuki_ros_interfaces/msg/DockInfraRed.idl
[1.669s] -- Up-to-date symlink: /home/ri-one/ri_one_master_ws/install/kobuki_ros_interfaces/share/kobuki_ros_interfaces/msg/KeyboardInput.idl
[1.669s] -- Up-to-date symlink: /home/ri-one/ri_one_master_ws/install/kobuki_ros_interfaces/share/kobuki_ros_interfaces/msg/MotorPower.idl
[1.669s] -- Up-to-date symlink: /home/ri-one/ri_one_master_ws/install/kobuki_ros_interfaces/share/kobuki_ros_interfaces/msg/RobotStateEvent.idl
[1.669s] -- Up-to-date symlink: /home/ri-one/ri_one_master_ws/install/kobuki_ros_interfaces/share/kobuki_ros_interfaces/msg/Sound.idl
[1.669s] -- Up-to-date symlink: /home/ri-one/ri_one_master_ws/install/kobuki_ros_interfaces/share/kobuki_ros_interfaces/msg/ScanAngle.idl
[1.670s] -- Up-to-date symlink: /home/ri-one/ri_one_master_ws/install/kobuki_ros_interfaces/share/kobuki_ros_interfaces/msg/WheelDropEvent.idl
[1.670s] -- Up-to-date symlink: /home/ri-one/ri_one_master_ws/install/kobuki_ros_interfaces/share/kobuki_ros_interfaces/action/AutoDocking.idl
[1.670s] -- Up-to-date symlink: /home/ri-one/ri_one_master_ws/install/kobuki_ros_interfaces/share/kobuki_ros_interfaces/msg/BumperEvent.msg
[1.670s] -- Up-to-date symlink: /home/ri-one/ri_one_master_ws/install/kobuki_ros_interfaces/share/kobuki_ros_interfaces/msg/CliffEvent.msg
[1.670s] -- Up-to-date symlink: /home/ri-one/ri_one_master_ws/install/kobuki_ros_interfaces/share/kobuki_ros_interfaces/msg/DigitalOutput.msg
[1.671s] -- Up-to-date symlink: /home/ri-one/ri_one_master_ws/install/kobuki_ros_interfaces/share/kobuki_ros_interfaces/msg/ExternalPower.msg
[1.672s] -- Up-to-date symlink: /home/ri-one/ri_one_master_ws/install/kobuki_ros_interfaces/share/kobuki_ros_interfaces/msg/Led.msg
[1.672s] -- Up-to-date symlink: /home/ri-one/ri_one_master_ws/install/kobuki_ros_interfaces/share/kobuki_ros_interfaces/msg/PowerSystemEvent.msg
[1.672s] -- Up-to-date symlink: /home/ri-one/ri_one_master_ws/install/kobuki_ros_interfaces/share/kobuki_ros_interfaces/msg/SensorState.msg
[1.672s] -- Up-to-date symlink: /home/ri-one/ri_one_master_ws/install/kobuki_ros_interfaces/share/kobuki_ros_interfaces/msg/VersionInfo.msg
[1.672s] -- Up-to-date symlink: /home/ri-one/ri_one_master_ws/install/kobuki_ros_interfaces/share/kobuki_ros_interfaces/msg/ControllerInfo.msg
[1.672s] -- Up-to-date symlink: /home/ri-one/ri_one_master_ws/install/kobuki_ros_interfaces/share/kobuki_ros_interfaces/msg/ButtonEvent.msg
[1.672s] -- Up-to-date symlink: /home/ri-one/ri_one_master_ws/install/kobuki_ros_interfaces/share/kobuki_ros_interfaces/msg/DigitalInputEvent.msg
[1.673s] -- Up-to-date symlink: /home/ri-one/ri_one_master_ws/install/kobuki_ros_interfaces/share/kobuki_ros_interfaces/msg/DockInfraRed.msg
[1.673s] -- Up-to-date symlink: /home/ri-one/ri_one_master_ws/install/kobuki_ros_interfaces/share/kobuki_ros_interfaces/msg/KeyboardInput.msg
[1.673s] -- Up-to-date symlink: /home/ri-one/ri_one_master_ws/install/kobuki_ros_interfaces/share/kobuki_ros_interfaces/msg/MotorPower.msg
[1.673s] -- Up-to-date symlink: /home/ri-one/ri_one_master_ws/install/kobuki_ros_interfaces/share/kobuki_ros_interfaces/msg/RobotStateEvent.msg
[1.673s] -- Up-to-date symlink: /home/ri-one/ri_one_master_ws/install/kobuki_ros_interfaces/share/kobuki_ros_interfaces/msg/Sound.msg
[1.673s] -- Up-to-date symlink: /home/ri-one/ri_one_master_ws/install/kobuki_ros_interfaces/share/kobuki_ros_interfaces/msg/ScanAngle.msg
[1.673s] -- Up-to-date symlink: /home/ri-one/ri_one_master_ws/install/kobuki_ros_interfaces/share/kobuki_ros_interfaces/msg/WheelDropEvent.msg
[1.673s] -- Up-to-date symlink: /home/ri-one/ri_one_master_ws/install/kobuki_ros_interfaces/share/kobuki_ros_interfaces/action/AutoDocking.action
[1.674s] -- Up-to-date symlink: /home/ri-one/ri_one_master_ws/install/kobuki_ros_interfaces/share/ament_index/resource_index/package_run_dependencies/kobuki_ros_interfaces
[1.674s] -- Up-to-date symlink: /home/ri-one/ri_one_master_ws/install/kobuki_ros_interfaces/share/ament_index/resource_index/parent_prefix_path/kobuki_ros_interfaces
[1.674s] -- Up-to-date symlink: /home/ri-one/ri_one_master_ws/install/kobuki_ros_interfaces/share/kobuki_ros_interfaces/environment/ament_prefix_path.sh
[1.674s] -- Up-to-date symlink: /home/ri-one/ri_one_master_ws/install/kobuki_ros_interfaces/share/kobuki_ros_interfaces/environment/ament_prefix_path.dsv
[1.676s] -- Up-to-date symlink: /home/ri-one/ri_one_master_ws/install/kobuki_ros_interfaces/share/kobuki_ros_interfaces/environment/path.sh
[1.677s] -- Up-to-date symlink: /home/ri-one/ri_one_master_ws/install/kobuki_ros_interfaces/share/kobuki_ros_interfaces/environment/path.dsv
[1.678s] -- Up-to-date symlink: /home/ri-one/ri_one_master_ws/install/kobuki_ros_interfaces/share/kobuki_ros_interfaces/local_setup.bash
[1.678s] -- Up-to-date symlink: /home/ri-one/ri_one_master_ws/install/kobuki_ros_interfaces/share/kobuki_ros_interfaces/local_setup.sh
[1.678s] -- Up-to-date symlink: /home/ri-one/ri_one_master_ws/install/kobuki_ros_interfaces/share/kobuki_ros_interfaces/local_setup.zsh
[1.678s] -- Up-to-date symlink: /home/ri-one/ri_one_master_ws/install/kobuki_ros_interfaces/share/kobuki_ros_interfaces/local_setup.dsv
[1.678s] -- Symlinking: /home/ri-one/ri_one_master_ws/install/kobuki_ros_interfaces/share/kobuki_ros_interfaces/package.dsv
[1.678s] -- Up-to-date symlink: /home/ri-one/ri_one_master_ws/install/kobuki_ros_interfaces/share/ament_index/resource_index/packages/kobuki_ros_interfaces
[1.678s] -- Up-to-date symlink: /home/ri-one/ri_one_master_ws/install/kobuki_ros_interfaces/share/kobuki_ros_interfaces/cmake/rosidl_cmake-extras.cmake
[1.679s] -- Up-to-date symlink: /home/ri-one/ri_one_master_ws/install/kobuki_ros_interfaces/share/kobuki_ros_interfaces/cmake/ament_cmake_export_dependencies-extras.cmake
[1.679s] -- Up-to-date symlink: /home/ri-one/ri_one_master_ws/install/kobuki_ros_interfaces/share/kobuki_ros_interfaces/cmake/ament_cmake_export_include_directories-extras.cmake
[1.679s] -- Up-to-date symlink: /home/ri-one/ri_one_master_ws/install/kobuki_ros_interfaces/share/kobuki_ros_interfaces/cmake/ament_cmake_export_libraries-extras.cmake
[1.679s] -- Up-to-date symlink: /home/ri-one/ri_one_master_ws/install/kobuki_ros_interfaces/share/kobuki_ros_interfaces/cmake/ament_cmake_export_targets-extras.cmake
[1.679s] -- Up-to-date symlink: /home/ri-one/ri_one_master_ws/install/kobuki_ros_interfaces/share/kobuki_ros_interfaces/cmake/rosidl_cmake_export_typesupport_targets-extras.cmake
[1.679s] -- Up-to-date symlink: /home/ri-one/ri_one_master_ws/install/kobuki_ros_interfaces/share/kobuki_ros_interfaces/cmake/rosidl_cmake_export_typesupport_libraries-extras.cmake
[1.679s] -- Up-to-date symlink: /home/ri-one/ri_one_master_ws/install/kobuki_ros_interfaces/share/kobuki_ros_interfaces/cmake/kobuki_ros_interfacesConfig.cmake
[1.681s] -- Up-to-date symlink: /home/ri-one/ri_one_master_ws/install/kobuki_ros_interfaces/share/kobuki_ros_interfaces/cmake/kobuki_ros_interfacesConfig-version.cmake
[1.681s] -- Up-to-date symlink: /home/ri-one/ri_one_master_ws/install/kobuki_ros_interfaces/share/kobuki_ros_interfaces/package.xml
[1.681s] -- Up-to-date: /home/ri-one/ri_one_master_ws/install/kobuki_ros_interfaces/lib/libkobuki_ros_interfaces__rosidl_generator_c.so
[1.681s] -- Up-to-date: /home/ri-one/ri_one_master_ws/install/kobuki_ros_interfaces/lib/libkobuki_ros_interfaces__rosidl_typesupport_fastrtps_c.so
[1.681s] -- Up-to-date: /home/ri-one/ri_one_master_ws/install/kobuki_ros_interfaces/lib/libkobuki_ros_interfaces__rosidl_typesupport_fastrtps_cpp.so
[1.681s] -- Up-to-date: /home/ri-one/ri_one_master_ws/install/kobuki_ros_interfaces/lib/libkobuki_ros_interfaces__rosidl_typesupport_introspection_c.so
[1.682s] -- Up-to-date: /home/ri-one/ri_one_master_ws/install/kobuki_ros_interfaces/lib/libkobuki_ros_interfaces__rosidl_typesupport_c.so
[1.682s] -- Up-to-date: /home/ri-one/ri_one_master_ws/install/kobuki_ros_interfaces/lib/libkobuki_ros_interfaces__rosidl_typesupport_introspection_cpp.so
[1.682s] -- Up-to-date: /home/ri-one/ri_one_master_ws/install/kobuki_ros_interfaces/lib/libkobuki_ros_interfaces__rosidl_typesupport_cpp.so
[1.730s] Listing '/home/ri-one/ri_one_master_ws/install/kobuki_ros_interfaces/local/lib/python3.10/dist-packages/kobuki_ros_interfaces'...
[1.731s] Listing '/home/ri-one/ri_one_master_ws/install/kobuki_ros_interfaces/local/lib/python3.10/dist-packages/kobuki_ros_interfaces/action'...
[1.731s] Listing '/home/ri-one/ri_one_master_ws/install/kobuki_ros_interfaces/local/lib/python3.10/dist-packages/kobuki_ros_interfaces/msg'...
[1.743s] -- Up-to-date: /home/ri-one/ri_one_master_ws/install/kobuki_ros_interfaces/lib/libkobuki_ros_interfaces__rosidl_generator_py.so
[1.746s] -- Up-to-date: /home/ri-one/ri_one_master_ws/install/kobuki_ros_interfaces/share/kobuki_ros_interfaces/cmake/export_kobuki_ros_interfaces__rosidl_generator_cExport.cmake
[1.746s] -- Up-to-date: /home/ri-one/ri_one_master_ws/install/kobuki_ros_interfaces/share/kobuki_ros_interfaces/cmake/export_kobuki_ros_interfaces__rosidl_generator_cExport-noconfig.cmake
[1.746s] -- Up-to-date: /home/ri-one/ri_one_master_ws/install/kobuki_ros_interfaces/share/kobuki_ros_interfaces/cmake/export_kobuki_ros_interfaces__rosidl_typesupport_fastrtps_cExport.cmake
[1.747s] -- Up-to-date: /home/ri-one/ri_one_master_ws/install/kobuki_ros_interfaces/share/kobuki_ros_interfaces/cmake/export_kobuki_ros_interfaces__rosidl_typesupport_fastrtps_cExport-noconfig.cmake
[1.747s] -- Up-to-date: /home/ri-one/ri_one_master_ws/install/kobuki_ros_interfaces/share/kobuki_ros_interfaces/cmake/export_kobuki_ros_interfaces__rosidl_generator_cppExport.cmake
[1.747s] -- Up-to-date: /home/ri-one/ri_one_master_ws/install/kobuki_ros_interfaces/share/kobuki_ros_interfaces/cmake/export_kobuki_ros_interfaces__rosidl_typesupport_fastrtps_cppExport.cmake
[1.747s] -- Up-to-date: /home/ri-one/ri_one_master_ws/install/kobuki_ros_interfaces/share/kobuki_ros_interfaces/cmake/export_kobuki_ros_interfaces__rosidl_typesupport_fastrtps_cppExport-noconfig.cmake
[1.747s] -- Up-to-date: /home/ri-one/ri_one_master_ws/install/kobuki_ros_interfaces/share/kobuki_ros_interfaces/cmake/kobuki_ros_interfaces__rosidl_typesupport_introspection_cExport.cmake
[1.748s] -- Up-to-date: /home/ri-one/ri_one_master_ws/install/kobuki_ros_interfaces/share/kobuki_ros_interfaces/cmake/kobuki_ros_interfaces__rosidl_typesupport_introspection_cExport-noconfig.cmake
[1.748s] -- Up-to-date: /home/ri-one/ri_one_master_ws/install/kobuki_ros_interfaces/share/kobuki_ros_interfaces/cmake/kobuki_ros_interfaces__rosidl_typesupport_cExport.cmake
[1.748s] -- Up-to-date: /home/ri-one/ri_one_master_ws/install/kobuki_ros_interfaces/share/kobuki_ros_interfaces/cmake/kobuki_ros_interfaces__rosidl_typesupport_cExport-noconfig.cmake
[1.750s] -- Up-to-date: /home/ri-one/ri_one_master_ws/install/kobuki_ros_interfaces/share/kobuki_ros_interfaces/cmake/kobuki_ros_interfaces__rosidl_typesupport_introspection_cppExport.cmake
[1.750s] -- Up-to-date: /home/ri-one/ri_one_master_ws/install/kobuki_ros_interfaces/share/kobuki_ros_interfaces/cmake/kobuki_ros_interfaces__rosidl_typesupport_introspection_cppExport-noconfig.cmake
[1.750s] -- Up-to-date: /home/ri-one/ri_one_master_ws/install/kobuki_ros_interfaces/share/kobuki_ros_interfaces/cmake/kobuki_ros_interfaces__rosidl_typesupport_cppExport.cmake
[1.751s] -- Up-to-date: /home/ri-one/ri_one_master_ws/install/kobuki_ros_interfaces/share/kobuki_ros_interfaces/cmake/kobuki_ros_interfaces__rosidl_typesupport_cppExport-noconfig.cmake
[1.751s] -- Up-to-date: /home/ri-one/ri_one_master_ws/install/kobuki_ros_interfaces/share/kobuki_ros_interfaces/cmake/export_kobuki_ros_interfaces__rosidl_generator_pyExport.cmake
[1.751s] -- Up-to-date: /home/ri-one/ri_one_master_ws/install/kobuki_ros_interfaces/share/kobuki_ros_interfaces/cmake/export_kobuki_ros_interfaces__rosidl_generator_pyExport-noconfig.cmake
[1.759s] Invoked command in '/home/ri-one/ri_one_master_ws/build/kobuki_ros_interfaces' returned '0': CMAKE_PREFIX_PATH=/opt/ros/humble /usr/bin/cmake --install /home/ri-one/ri_one_master_ws/build/kobuki_ros_interfaces
