[0.053s] Invoking command in '/home/ri-one/ri_one_master_ws/build/ecl_math': AMENT_PREFIX_PATH=/home/ri-one/ri_one_master_ws/install/ecl_type_traits:/home/ri-one/ri_one_master_ws/install/ecl_mpl:/home/ri-one/ri_one_master_ws/install/ecl_config:${AMENT_PREFIX_PATH} CMAKE_PREFIX_PATH=/home/ri-one/ri_one_master_ws/install/ecl_type_traits:/home/ri-one/ri_one_master_ws/install/ecl_mpl:/home/ri-one/ri_one_master_ws/install/ecl_config:/opt/ros/humble LD_LIBRARY_PATH=/home/ri-one/ri_one_master_ws/install/ecl_type_traits/lib:${LD_LIBRARY_PATH} PATH=/home/ri-one/ri_one_master_ws/install/ecl_type_traits/bin:/home/ri-one/ri_one_master_ws/install/ecl_config/bin:${PATH} /usr/bin/cmake --build /home/ri-one/ri_one_master_ws/build/ecl_math -- -j4 -l4
[0.189s] [ 16%] Built target gtest_main
[0.192s] [ 33%] Built target gtest
[0.277s] [ 50%] Built target ecl_test_constants
[0.285s] [ 75%] Built target ecl_test_fuzzy
[0.287s] [ 83%] Built target ecl_test_simple
[0.291s] [100%] Built target ecl_test_norms
[0.369s] Invoked command in '/home/ri-one/ri_one_master_ws/build/ecl_math' returned '0': AMENT_PREFIX_PATH=/home/ri-one/ri_one_master_ws/install/ecl_type_traits:/home/ri-one/ri_one_master_ws/install/ecl_mpl:/home/ri-one/ri_one_master_ws/install/ecl_config:${AMENT_PREFIX_PATH} CMAKE_PREFIX_PATH=/home/ri-one/ri_one_master_ws/install/ecl_type_traits:/home/ri-one/ri_one_master_ws/install/ecl_mpl:/home/ri-one/ri_one_master_ws/install/ecl_config:/opt/ros/humble LD_LIBRARY_PATH=/home/ri-one/ri_one_master_ws/install/ecl_type_traits/lib:${LD_LIBRARY_PATH} PATH=/home/ri-one/ri_one_master_ws/install/ecl_type_traits/bin:/home/ri-one/ri_one_master_ws/install/ecl_config/bin:${PATH} /usr/bin/cmake --build /home/ri-one/ri_one_master_ws/build/ecl_math -- -j4 -l4
[0.370s] Invoking command in '/home/ri-one/ri_one_master_ws/build/ecl_math': AMENT_PREFIX_PATH=/home/ri-one/ri_one_master_ws/install/ecl_type_traits:/home/ri-one/ri_one_master_ws/install/ecl_mpl:/home/ri-one/ri_one_master_ws/install/ecl_config:${AMENT_PREFIX_PATH} CMAKE_PREFIX_PATH=/home/ri-one/ri_one_master_ws/install/ecl_type_traits:/home/ri-one/ri_one_master_ws/install/ecl_mpl:/home/ri-one/ri_one_master_ws/install/ecl_config:/opt/ros/humble LD_LIBRARY_PATH=/home/ri-one/ri_one_master_ws/install/ecl_type_traits/lib:${LD_LIBRARY_PATH} PATH=/home/ri-one/ri_one_master_ws/install/ecl_type_traits/bin:/home/ri-one/ri_one_master_ws/install/ecl_config/bin:${PATH} /usr/bin/cmake --install /home/ri-one/ri_one_master_ws/build/ecl_math
[0.385s] -- Install configuration: ""
[0.386s] -- Execute custom install script
[0.388s] -- Up-to-date symlink: /home/ri-one/ri_one_master_ws/install/ecl_math/include/ecl/math/constants.hpp
[0.390s] -- Up-to-date symlink: /home/ri-one/ri_one_master_ws/install/ecl_math/include/ecl/math/fuzzy.hpp
[0.391s] -- Up-to-date symlink: /home/ri-one/ri_one_master_ws/install/ecl_math/include/ecl/math/norms.hpp
[0.391s] -- Up-to-date symlink: /home/ri-one/ri_one_master_ws/install/ecl_math/include/ecl/math/simple.hpp
[0.391s] -- Up-to-date symlink: /home/ri-one/ri_one_master_ws/install/ecl_math/include/ecl/math.hpp
[0.402s] -- Up-to-date symlink: /home/ri-one/ri_one_master_ws/install/ecl_math/share/ament_index/resource_index/package_run_dependencies/ecl_math
[0.402s] -- Up-to-date symlink: /home/ri-one/ri_one_master_ws/install/ecl_math/share/ament_index/resource_index/parent_prefix_path/ecl_math
[0.402s] -- Up-to-date symlink: /home/ri-one/ri_one_master_ws/install/ecl_math/share/ecl_math/environment/ament_prefix_path.sh
[0.402s] -- Up-to-date symlink: /home/ri-one/ri_one_master_ws/install/ecl_math/share/ecl_math/environment/ament_prefix_path.dsv
[0.409s] -- Up-to-date symlink: /home/ri-one/ri_one_master_ws/install/ecl_math/share/ecl_math/environment/path.sh
[0.410s] -- Up-to-date symlink: /home/ri-one/ri_one_master_ws/install/ecl_math/share/ecl_math/environment/path.dsv
[0.410s] -- Up-to-date symlink: /home/ri-one/ri_one_master_ws/install/ecl_math/share/ecl_math/local_setup.bash
[0.411s] -- Up-to-date symlink: /home/ri-one/ri_one_master_ws/install/ecl_math/share/ecl_math/local_setup.sh
[0.411s] -- Up-to-date symlink: /home/ri-one/ri_one_master_ws/install/ecl_math/share/ecl_math/local_setup.zsh
[0.411s] -- Up-to-date symlink: /home/ri-one/ri_one_master_ws/install/ecl_math/share/ecl_math/local_setup.dsv
[0.411s] -- Symlinking: /home/ri-one/ri_one_master_ws/install/ecl_math/share/ecl_math/package.dsv
[0.435s] -- Up-to-date symlink: /home/ri-one/ri_one_master_ws/install/ecl_math/share/ament_index/resource_index/packages/ecl_math
[0.435s] -- Up-to-date symlink: /home/ri-one/ri_one_master_ws/install/ecl_math/share/ecl_math/cmake/ament_cmake_export_targets-extras.cmake
[0.435s] -- Up-to-date symlink: /home/ri-one/ri_one_master_ws/install/ecl_math/share/ecl_math/cmake/ament_cmake_export_include_directories-extras.cmake
[0.435s] -- Up-to-date symlink: /home/ri-one/ri_one_master_ws/install/ecl_math/share/ecl_math/cmake/ament_cmake_export_dependencies-extras.cmake
[0.435s] -- Up-to-date symlink: /home/ri-one/ri_one_master_ws/install/ecl_math/share/ecl_math/cmake/ecl_mathConfig.cmake
[0.436s] -- Up-to-date symlink: /home/ri-one/ri_one_master_ws/install/ecl_math/share/ecl_math/cmake/ecl_mathConfig-version.cmake
[0.436s] -- Up-to-date symlink: /home/ri-one/ri_one_master_ws/install/ecl_math/share/ecl_math/package.xml
[0.436s] -- Up-to-date: /home/ri-one/ri_one_master_ws/install/ecl_math/share/ecl_math/cmake/ecl_mathExport.cmake
[0.447s] Invoked command in '/home/ri-one/ri_one_master_ws/build/ecl_math' returned '0': AMENT_PREFIX_PATH=/home/ri-one/ri_one_master_ws/install/ecl_type_traits:/home/ri-one/ri_one_master_ws/install/ecl_mpl:/home/ri-one/ri_one_master_ws/install/ecl_config:${AMENT_PREFIX_PATH} CMAKE_PREFIX_PATH=/home/ri-one/ri_one_master_ws/install/ecl_type_traits:/home/ri-one/ri_one_master_ws/install/ecl_mpl:/home/ri-one/ri_one_master_ws/install/ecl_config:/opt/ros/humble LD_LIBRARY_PATH=/home/ri-one/ri_one_master_ws/install/ecl_type_traits/lib:${LD_LIBRARY_PATH} PATH=/home/ri-one/ri_one_master_ws/install/ecl_type_traits/bin:/home/ri-one/ri_one_master_ws/install/ecl_config/bin:${PATH} /usr/bin/cmake --install /home/ri-one/ri_one_master_ws/build/ecl_math
