[0.044s] Invoking command in '/home/ri-one/ri_one_master_ws/build/ecl_config': CMAKE_PREFIX_PATH=/opt/ros/humble /usr/bin/cmake --build /home/ri-one/ri_one_master_ws/build/ecl_config -- -j4 -l4
[0.247s] [ 12%] Built target ecl_detect_endian
[0.287s] [ 25%] Built target gtest_main
[0.306s] [ 37%] Built target gtest
[0.306s] [ 50%] Built target ecl_detect_posix
[0.392s] [ 62%] Built target ecl_test_macros
[0.431s] [ 75%] Built target ecl_test_char_sign
[0.476s] [ 87%] Built target ecl_test_portable_types
[0.523s] [100%] Built target ecl_test_endianness
[0.616s] Invoked command in '/home/ri-one/ri_one_master_ws/build/ecl_config' returned '0': CMAKE_PREFIX_PATH=/opt/ros/humble /usr/bin/cmake --build /home/ri-one/ri_one_master_ws/build/ecl_config -- -j4 -l4
[0.617s] Invoking command in '/home/ri-one/ri_one_master_ws/build/ecl_config': CMAKE_PREFIX_PATH=/opt/ros/humble /usr/bin/cmake --install /home/ri-one/ri_one_master_ws/build/ecl_config
[0.644s] -- Install configuration: ""
[0.644s] -- Execute custom install script
[0.645s] -- Up-to-date symlink: /home/ri-one/ri_one_master_ws/install/ecl_config/include/ecl/config/ecl.hpp
[0.647s] -- Up-to-date symlink: /home/ri-one/ri_one_master_ws/install/ecl_config/include/ecl/config/char_sign.hpp
[0.647s] -- Up-to-date symlink: /home/ri-one/ri_one_master_ws/install/ecl_config/include/ecl/config/ecl_unknown.hpp
[0.648s] -- Up-to-date symlink: /home/ri-one/ri_one_master_ws/install/ecl_config/include/ecl/config/endianness.hpp
[0.648s] -- Up-to-date symlink: /home/ri-one/ri_one_master_ws/install/ecl_config/include/ecl/config/macros.hpp
[0.650s] -- Up-to-date symlink: /home/ri-one/ri_one_master_ws/install/ecl_config/include/ecl/config/portable_types.hpp
[0.650s] -- Up-to-date symlink: /home/ri-one/ri_one_master_ws/install/ecl_config/include/ecl/config/windows.hpp
[0.650s] -- Up-to-date symlink: /home/ri-one/ri_one_master_ws/install/ecl_config/include/ecl/config.hpp
[0.651s] -- Up-to-date symlink: /home/ri-one/ri_one_master_ws/install/ecl_config/bin/ecl_detect_endian
[0.653s] -- Up-to-date symlink: /home/ri-one/ri_one_master_ws/install/ecl_config/bin/ecl_detect_posix
[0.654s] -- Up-to-date symlink: /home/ri-one/ri_one_master_ws/install/ecl_config/share/ament_index/resource_index/package_run_dependencies/ecl_config
[0.654s] -- Up-to-date symlink: /home/ri-one/ri_one_master_ws/install/ecl_config/share/ament_index/resource_index/parent_prefix_path/ecl_config
[0.655s] -- Up-to-date symlink: /home/ri-one/ri_one_master_ws/install/ecl_config/share/ecl_config/environment/ament_prefix_path.sh
[0.655s] -- Up-to-date symlink: /home/ri-one/ri_one_master_ws/install/ecl_config/share/ecl_config/environment/ament_prefix_path.dsv
[0.656s] -- Up-to-date symlink: /home/ri-one/ri_one_master_ws/install/ecl_config/share/ecl_config/environment/path.sh
[0.657s] -- Up-to-date symlink: /home/ri-one/ri_one_master_ws/install/ecl_config/share/ecl_config/environment/path.dsv
[0.659s] -- Up-to-date symlink: /home/ri-one/ri_one_master_ws/install/ecl_config/share/ecl_config/local_setup.bash
[0.659s] -- Up-to-date symlink: /home/ri-one/ri_one_master_ws/install/ecl_config/share/ecl_config/local_setup.sh
[0.664s] -- Up-to-date symlink: /home/ri-one/ri_one_master_ws/install/ecl_config/share/ecl_config/local_setup.zsh
[0.664s] -- Up-to-date symlink: /home/ri-one/ri_one_master_ws/install/ecl_config/share/ecl_config/local_setup.dsv
[0.664s] -- Symlinking: /home/ri-one/ri_one_master_ws/install/ecl_config/share/ecl_config/package.dsv
[0.682s] -- Up-to-date symlink: /home/ri-one/ri_one_master_ws/install/ecl_config/share/ament_index/resource_index/packages/ecl_config
[0.682s] -- Up-to-date symlink: /home/ri-one/ri_one_master_ws/install/ecl_config/share/ecl_config/cmake/ament_cmake_export_targets-extras.cmake
[0.683s] -- Up-to-date symlink: /home/ri-one/ri_one_master_ws/install/ecl_config/share/ecl_config/cmake/ament_cmake_export_include_directories-extras.cmake
[0.683s] -- Up-to-date symlink: /home/ri-one/ri_one_master_ws/install/ecl_config/share/ecl_config/cmake/ecl_configConfig.cmake
[0.684s] -- Up-to-date symlink: /home/ri-one/ri_one_master_ws/install/ecl_config/share/ecl_config/cmake/ecl_configConfig-version.cmake
[0.684s] -- Up-to-date symlink: /home/ri-one/ri_one_master_ws/install/ecl_config/share/ecl_config/package.xml
[0.684s] -- Up-to-date: /home/ri-one/ri_one_master_ws/install/ecl_config/share/ecl_config/cmake/ecl_configExport.cmake
[0.749s] Invoked command in '/home/ri-one/ri_one_master_ws/build/ecl_config' returned '0': CMAKE_PREFIX_PATH=/opt/ros/humble /usr/bin/cmake --install /home/ri-one/ri_one_master_ws/build/ecl_config
