[0.029s] Invoking command in '/home/ri-one/ros2_ws/src/build/ecl_utilities': AMENT_PREFIX_PATH=/home/ri-one/ros2_ws/src/install/ecl_concepts:/home/ri-one/ros2_ws/src/install/ecl_type_traits:/home/ri-one/ros2_ws/src/install/ecl_mpl:/home/ri-one/ros2_ws/src/install/ecl_config:${AMENT_PREFIX_PATH} CMAKE_PREFIX_PATH=/home/ri-one/ros2_ws/src/install/ecl_concepts:/home/ri-one/ros2_ws/src/install/ecl_type_traits:/home/ri-one/ros2_ws/src/install/ecl_mpl:/home/ri-one/ros2_ws/src/install/ecl_config:/opt/ros/humble LD_LIBRARY_PATH=/home/ri-one/ros2_ws/src/install/ecl_type_traits/lib:${LD_LIBRARY_PATH} PATH=/home/ri-one/ros2_ws/src/install/ecl_type_traits/bin:/home/ri-one/ros2_ws/src/install/ecl_config/bin:${PATH} /usr/bin/cmake /home/ri-one/ros2_ws/src/turtlebot2_ros2/ecl_core/ecl_utilities -DCMAKE_INSTALL_PREFIX=/home/ri-one/ros2_ws/src/install/ecl_utilities
[0.154s] -- The C compiler identification is GNU 11.4.0
[0.279s] -- The CXX compiler identification is GNU 11.4.0
[0.297s] -- Detecting C compiler ABI info
[0.450s] -- Detecting C compiler ABI info - done
[0.469s] -- Check for working C compiler: /usr/bin/cc - skipped
[0.470s] -- Detecting C compile features
[0.471s] -- Detecting C compile features - done
[0.479s] -- Detecting CXX compiler ABI info
[0.647s] -- Detecting CXX compiler ABI info - done
[0.667s] -- Check for working CXX compiler: /usr/bin/c++ - skipped
[0.668s] -- Detecting CXX compile features
[0.669s] -- Detecting CXX compile features - done
[0.675s] -- Found ament_cmake_ros: 0.10.0 (/opt/ros/humble/share/ament_cmake_ros/cmake)
[1.005s] -- Found Python3: /usr/bin/python3 (found version "3.10.12") found components: Interpreter 
[1.211s] -- Found ecl_build: 1.0.3 (/opt/ros/humble/share/ecl_build/cmake)
[1.222s] -- Found ecl_concepts: 1.2.1 (/home/ri-one/ros2_ws/src/install/ecl_concepts/share/ecl_concepts/cmake)
[1.399s] -- Found ament_lint_auto: 0.12.14 (/opt/ros/humble/share/ament_lint_auto/cmake)
[1.448s] -- Found gtest sources under '/opt/ros/humble/src/gtest_vendor': C++ tests using 'Google Test' will be built
[1.452s] -- Looking for pthread.h
[1.613s] -- Looking for pthread.h - found
[1.615s] -- Performing Test CMAKE_HAVE_LIBC_PTHREAD
[1.768s] -- Performing Test CMAKE_HAVE_LIBC_PTHREAD - Success
[1.771s] -- Found Threads: TRUE  
[1.802s] -- Configuring done
[1.843s] -- Generating done
[1.859s] -- Build files have been written to: /home/ri-one/ros2_ws/src/build/ecl_utilities
[1.874s] Invoked command in '/home/ri-one/ros2_ws/src/build/ecl_utilities' returned '0': AMENT_PREFIX_PATH=/home/ri-one/ros2_ws/src/install/ecl_concepts:/home/ri-one/ros2_ws/src/install/ecl_type_traits:/home/ri-one/ros2_ws/src/install/ecl_mpl:/home/ri-one/ros2_ws/src/install/ecl_config:${AMENT_PREFIX_PATH} CMAKE_PREFIX_PATH=/home/ri-one/ros2_ws/src/install/ecl_concepts:/home/ri-one/ros2_ws/src/install/ecl_type_traits:/home/ri-one/ros2_ws/src/install/ecl_mpl:/home/ri-one/ros2_ws/src/install/ecl_config:/opt/ros/humble LD_LIBRARY_PATH=/home/ri-one/ros2_ws/src/install/ecl_type_traits/lib:${LD_LIBRARY_PATH} PATH=/home/ri-one/ros2_ws/src/install/ecl_type_traits/bin:/home/ri-one/ros2_ws/src/install/ecl_config/bin:${PATH} /usr/bin/cmake /home/ri-one/ros2_ws/src/turtlebot2_ros2/ecl_core/ecl_utilities -DCMAKE_INSTALL_PREFIX=/home/ri-one/ros2_ws/src/install/ecl_utilities
[1.875s] Invoking command in '/home/ri-one/ros2_ws/src/build/ecl_utilities': AMENT_PREFIX_PATH=/home/ri-one/ros2_ws/src/install/ecl_concepts:/home/ri-one/ros2_ws/src/install/ecl_type_traits:/home/ri-one/ros2_ws/src/install/ecl_mpl:/home/ri-one/ros2_ws/src/install/ecl_config:${AMENT_PREFIX_PATH} CMAKE_PREFIX_PATH=/home/ri-one/ros2_ws/src/install/ecl_concepts:/home/ri-one/ros2_ws/src/install/ecl_type_traits:/home/ri-one/ros2_ws/src/install/ecl_mpl:/home/ri-one/ros2_ws/src/install/ecl_config:/opt/ros/humble LD_LIBRARY_PATH=/home/ri-one/ros2_ws/src/install/ecl_type_traits/lib:${LD_LIBRARY_PATH} PATH=/home/ri-one/ros2_ws/src/install/ecl_type_traits/bin:/home/ri-one/ros2_ws/src/install/ecl_config/bin:${PATH} /usr/bin/cmake --build /home/ri-one/ros2_ws/src/build/ecl_utilities -- -j4 -l4
[1.970s] [  6%] [32mBuilding CXX object src/examples/CMakeFiles/ecl_demo_constructors.dir/constructors.cpp.o[0m
[2.481s] [ 12%] [32m[1mLinking CXX executable demo_constructors[0m
[2.659s] [ 12%] Built target ecl_demo_constructors
[2.733s] [ 18%] [32mBuilding CXX object gtest/CMakeFiles/gtest.dir/src/gtest-all.cc.o[0m
[9.057s] [ 25%] [32m[1mLinking CXX static library libgtest.a[0m
[9.181s] [ 25%] Built target gtest
[9.221s] [ 31%] [32mBuilding CXX object gtest/CMakeFiles/gtest_main.dir/src/gtest_main.cc.o[0m
[10.620s] [ 37%] [32m[1mLinking CXX static library libgtest_main.a[0m
[10.687s] [ 37%] Built target gtest_main
[10.725s] [ 43%] [32mBuilding CXX object src/test/CMakeFiles/ecl_test_function_objects.dir/function_objects.cpp.o[0m
[12.404s] [ 50%] [32m[1mLinking CXX executable ecl_test_function_objects[0m
[12.741s] [ 50%] Built target ecl_test_function_objects
[12.779s] [ 56%] [32mBuilding CXX object src/test/CMakeFiles/ecl_test_parameters.dir/parameters.cpp.o[0m
[14.457s] [ 62%] [32m[1mLinking CXX executable ecl_test_parameters[0m
[14.778s] [ 62%] Built target ecl_test_parameters
[14.819s] [ 68%] [32mBuilding CXX object src/test/CMakeFiles/ecl_test_flags.dir/flags.cpp.o[0m
[16.485s] [ 75%] [32m[1mLinking CXX executable ecl_test_flags[0m
[16.815s] [ 75%] Built target ecl_test_flags
[16.856s] [ 81%] [32mBuilding CXX object src/test/CMakeFiles/ecl_test_singleton.dir/singleton.cpp.o[0m
[18.299s] [ 87%] [32m[1mLinking CXX executable ecl_test_singleton[0m
[18.609s] [ 87%] Built target ecl_test_singleton
[18.659s] [ 93%] [32mBuilding CXX object src/test/CMakeFiles/ecl_test_references.dir/references.cpp.o[0m
[20.360s] [100%] [32m[1mLinking CXX executable ecl_test_references[0m
[20.696s] [100%] Built target ecl_test_references
[20.724s] Invoked command in '/home/ri-one/ros2_ws/src/build/ecl_utilities' returned '0': AMENT_PREFIX_PATH=/home/ri-one/ros2_ws/src/install/ecl_concepts:/home/ri-one/ros2_ws/src/install/ecl_type_traits:/home/ri-one/ros2_ws/src/install/ecl_mpl:/home/ri-one/ros2_ws/src/install/ecl_config:${AMENT_PREFIX_PATH} CMAKE_PREFIX_PATH=/home/ri-one/ros2_ws/src/install/ecl_concepts:/home/ri-one/ros2_ws/src/install/ecl_type_traits:/home/ri-one/ros2_ws/src/install/ecl_mpl:/home/ri-one/ros2_ws/src/install/ecl_config:/opt/ros/humble LD_LIBRARY_PATH=/home/ri-one/ros2_ws/src/install/ecl_type_traits/lib:${LD_LIBRARY_PATH} PATH=/home/ri-one/ros2_ws/src/install/ecl_type_traits/bin:/home/ri-one/ros2_ws/src/install/ecl_config/bin:${PATH} /usr/bin/cmake --build /home/ri-one/ros2_ws/src/build/ecl_utilities -- -j4 -l4
[20.725s] Invoking command in '/home/ri-one/ros2_ws/src/build/ecl_utilities': AMENT_PREFIX_PATH=/home/ri-one/ros2_ws/src/install/ecl_concepts:/home/ri-one/ros2_ws/src/install/ecl_type_traits:/home/ri-one/ros2_ws/src/install/ecl_mpl:/home/ri-one/ros2_ws/src/install/ecl_config:${AMENT_PREFIX_PATH} CMAKE_PREFIX_PATH=/home/ri-one/ros2_ws/src/install/ecl_concepts:/home/ri-one/ros2_ws/src/install/ecl_type_traits:/home/ri-one/ros2_ws/src/install/ecl_mpl:/home/ri-one/ros2_ws/src/install/ecl_config:/opt/ros/humble LD_LIBRARY_PATH=/home/ri-one/ros2_ws/src/install/ecl_type_traits/lib:${LD_LIBRARY_PATH} PATH=/home/ri-one/ros2_ws/src/install/ecl_type_traits/bin:/home/ri-one/ros2_ws/src/install/ecl_config/bin:${PATH} /usr/bin/cmake --install /home/ri-one/ros2_ws/src/build/ecl_utilities
[20.744s] -- Install configuration: ""
[20.745s] -- Installing: /home/ri-one/ros2_ws/src/install/ecl_utilities/share/ament_index/resource_index/package_run_dependencies/ecl_utilities
[20.745s] -- Installing: /home/ri-one/ros2_ws/src/install/ecl_utilities/share/ament_index/resource_index/parent_prefix_path/ecl_utilities
[20.745s] -- Installing: /home/ri-one/ros2_ws/src/install/ecl_utilities/share/ecl_utilities/environment/ament_prefix_path.sh
[20.745s] -- Installing: /home/ri-one/ros2_ws/src/install/ecl_utilities/share/ecl_utilities/environment/ament_prefix_path.dsv
[20.745s] -- Installing: /home/ri-one/ros2_ws/src/install/ecl_utilities/share/ecl_utilities/environment/path.sh
[20.745s] -- Installing: /home/ri-one/ros2_ws/src/install/ecl_utilities/share/ecl_utilities/environment/path.dsv
[20.746s] -- Installing: /home/ri-one/ros2_ws/src/install/ecl_utilities/share/ecl_utilities/local_setup.bash
[20.746s] -- Installing: /home/ri-one/ros2_ws/src/install/ecl_utilities/share/ecl_utilities/local_setup.sh
[20.746s] -- Installing: /home/ri-one/ros2_ws/src/install/ecl_utilities/share/ecl_utilities/local_setup.zsh
[20.746s] -- Installing: /home/ri-one/ros2_ws/src/install/ecl_utilities/share/ecl_utilities/local_setup.dsv
[20.749s] -- Installing: /home/ri-one/ros2_ws/src/install/ecl_utilities/share/ecl_utilities/package.dsv
[20.750s] -- Installing: /home/ri-one/ros2_ws/src/install/ecl_utilities/share/ament_index/resource_index/packages/ecl_utilities
[20.750s] -- Installing: /home/ri-one/ros2_ws/src/install/ecl_utilities/share/ecl_utilities/cmake/ecl_utilitiesExport.cmake
[20.750s] -- Installing: /home/ri-one/ros2_ws/src/install/ecl_utilities/share/ecl_utilities/cmake/ament_cmake_export_targets-extras.cmake
[20.750s] -- Installing: /home/ri-one/ros2_ws/src/install/ecl_utilities/share/ecl_utilities/cmake/ament_cmake_export_include_directories-extras.cmake
[20.750s] -- Installing: /home/ri-one/ros2_ws/src/install/ecl_utilities/share/ecl_utilities/cmake/ament_cmake_export_dependencies-extras.cmake
[20.750s] -- Installing: /home/ri-one/ros2_ws/src/install/ecl_utilities/share/ecl_utilities/cmake/ecl_utilitiesConfig.cmake
[20.751s] -- Installing: /home/ri-one/ros2_ws/src/install/ecl_utilities/share/ecl_utilities/cmake/ecl_utilitiesConfig-version.cmake
[20.751s] -- Installing: /home/ri-one/ros2_ws/src/install/ecl_utilities/share/ecl_utilities/package.xml
[20.752s] -- Installing: /home/ri-one/ros2_ws/src/install/ecl_utilities/include/ecl/utilities.hpp
[20.758s] -- Installing: /home/ri-one/ros2_ws/src/install/ecl_utilities/include/ecl/utilities/blueprints.hpp
[20.758s] -- Installing: /home/ri-one/ros2_ws/src/install/ecl_utilities/include/ecl/utilities/flags.hpp
[20.758s] -- Installing: /home/ri-one/ros2_ws/src/install/ecl_utilities/include/ecl/utilities/function_objects.hpp
[20.759s] -- Installing: /home/ri-one/ros2_ws/src/install/ecl_utilities/include/ecl/utilities/parameter.hpp
[20.759s] -- Installing: /home/ri-one/ros2_ws/src/install/ecl_utilities/include/ecl/utilities/references.hpp
[20.760s] -- Installing: /home/ri-one/ros2_ws/src/install/ecl_utilities/include/ecl/utilities/singleton.hpp
[20.761s] -- Installing: /home/ri-one/ros2_ws/src/install/ecl_utilities/include/ecl/utilities/void.hpp
[20.763s] -- Installing: /home/ri-one/ros2_ws/src/install/ecl_utilities/lib/ecl_utilities/demo_constructors
[20.766s] -- Set runtime path of "/home/ri-one/ros2_ws/src/install/ecl_utilities/lib/ecl_utilities/demo_constructors" to ""
[20.773s] Invoked command in '/home/ri-one/ros2_ws/src/build/ecl_utilities' returned '0': AMENT_PREFIX_PATH=/home/ri-one/ros2_ws/src/install/ecl_concepts:/home/ri-one/ros2_ws/src/install/ecl_type_traits:/home/ri-one/ros2_ws/src/install/ecl_mpl:/home/ri-one/ros2_ws/src/install/ecl_config:${AMENT_PREFIX_PATH} CMAKE_PREFIX_PATH=/home/ri-one/ros2_ws/src/install/ecl_concepts:/home/ri-one/ros2_ws/src/install/ecl_type_traits:/home/ri-one/ros2_ws/src/install/ecl_mpl:/home/ri-one/ros2_ws/src/install/ecl_config:/opt/ros/humble LD_LIBRARY_PATH=/home/ri-one/ros2_ws/src/install/ecl_type_traits/lib:${LD_LIBRARY_PATH} PATH=/home/ri-one/ros2_ws/src/install/ecl_type_traits/bin:/home/ri-one/ros2_ws/src/install/ecl_config/bin:${PATH} /usr/bin/cmake --install /home/ri-one/ros2_ws/src/build/ecl_utilities
