[0.446s] Invoking command in '/home/ri-one/ri_one_master_ws/build/ecl_filesystem': AMENT_PREFIX_PATH=/home/ri-one/ri_one_master_ws/install/ecl_errors:/home/ri-one/ri_one_master_ws/install/ecl_config:${AMENT_PREFIX_PATH} CMAKE_PREFIX_PATH=/home/ri-one/ri_one_master_ws/install/ecl_errors:/home/ri-one/ri_one_master_ws/install/ecl_config:/opt/ros/humble LD_LIBRARY_PATH=/home/ri-one/ri_one_master_ws/install/ecl_errors/lib:${LD_LIBRARY_PATH} PATH=/home/ri-one/ri_one_master_ws/install/ecl_config/bin:${PATH} /usr/bin/cmake --build /home/ri-one/ri_one_master_ws/build/ecl_filesystem -- -j4 -l4
[0.569s] [ 25%] Built target gtest
[0.572s] [ 50%] Built target ecl_filesystem
[0.579s] [ 75%] Built target gtest_main
[0.629s] [100%] Built target ecl_test_realpath
[0.651s] Invoked command in '/home/ri-one/ri_one_master_ws/build/ecl_filesystem' returned '0': AMENT_PREFIX_PATH=/home/ri-one/ri_one_master_ws/install/ecl_errors:/home/ri-one/ri_one_master_ws/install/ecl_config:${AMENT_PREFIX_PATH} CMAKE_PREFIX_PATH=/home/ri-one/ri_one_master_ws/install/ecl_errors:/home/ri-one/ri_one_master_ws/install/ecl_config:/opt/ros/humble LD_LIBRARY_PATH=/home/ri-one/ri_one_master_ws/install/ecl_errors/lib:${LD_LIBRARY_PATH} PATH=/home/ri-one/ri_one_master_ws/install/ecl_config/bin:${PATH} /usr/bin/cmake --build /home/ri-one/ri_one_master_ws/build/ecl_filesystem -- -j4 -l4
[0.652s] Invoking command in '/home/ri-one/ri_one_master_ws/build/ecl_filesystem': AMENT_PREFIX_PATH=/home/ri-one/ri_one_master_ws/install/ecl_errors:/home/ri-one/ri_one_master_ws/install/ecl_config:${AMENT_PREFIX_PATH} CMAKE_PREFIX_PATH=/home/ri-one/ri_one_master_ws/install/ecl_errors:/home/ri-one/ri_one_master_ws/install/ecl_config:/opt/ros/humble LD_LIBRARY_PATH=/home/ri-one/ri_one_master_ws/install/ecl_errors/lib:${LD_LIBRARY_PATH} PATH=/home/ri-one/ri_one_master_ws/install/ecl_config/bin:${PATH} /usr/bin/cmake --install /home/ri-one/ri_one_master_ws/build/ecl_filesystem
[0.669s] -- Install configuration: ""
[0.669s] -- Execute custom install script
[0.670s] -- Up-to-date symlink: /home/ri-one/ri_one_master_ws/install/ecl_filesystem/include/ecl/filesystem/errors.hpp
[0.670s] -- Up-to-date symlink: /home/ri-one/ri_one_master_ws/install/ecl_filesystem/include/ecl/filesystem/macros.hpp
[0.671s] -- Up-to-date symlink: /home/ri-one/ri_one_master_ws/install/ecl_filesystem/include/ecl/filesystem/realpath.hpp
[0.671s] -- Up-to-date symlink: /home/ri-one/ri_one_master_ws/install/ecl_filesystem/include/ecl/filesystem/config.hpp
[0.672s] -- Up-to-date symlink: /home/ri-one/ri_one_master_ws/install/ecl_filesystem/include/ecl/filesystem.hpp
[0.672s] -- Up-to-date symlink: /home/ri-one/ri_one_master_ws/install/ecl_filesystem/share/ecl_filesystem/environment/library_path.sh
[0.672s] -- Up-to-date symlink: /home/ri-one/ri_one_master_ws/install/ecl_filesystem/share/ecl_filesystem/environment/library_path.dsv
[0.673s] -- Up-to-date symlink: /home/ri-one/ri_one_master_ws/install/ecl_filesystem/share/ament_index/resource_index/package_run_dependencies/ecl_filesystem
[0.673s] -- Up-to-date symlink: /home/ri-one/ri_one_master_ws/install/ecl_filesystem/share/ament_index/resource_index/parent_prefix_path/ecl_filesystem
[0.675s] -- Up-to-date symlink: /home/ri-one/ri_one_master_ws/install/ecl_filesystem/share/ecl_filesystem/environment/ament_prefix_path.sh
[0.675s] -- Up-to-date symlink: /home/ri-one/ri_one_master_ws/install/ecl_filesystem/share/ecl_filesystem/environment/ament_prefix_path.dsv
[0.678s] -- Up-to-date symlink: /home/ri-one/ri_one_master_ws/install/ecl_filesystem/share/ecl_filesystem/environment/path.sh
[0.678s] -- Up-to-date symlink: /home/ri-one/ri_one_master_ws/install/ecl_filesystem/share/ecl_filesystem/environment/path.dsv
[0.678s] -- Up-to-date symlink: /home/ri-one/ri_one_master_ws/install/ecl_filesystem/share/ecl_filesystem/local_setup.bash
[0.678s] -- Up-to-date symlink: /home/ri-one/ri_one_master_ws/install/ecl_filesystem/share/ecl_filesystem/local_setup.sh
[0.678s] -- Up-to-date symlink: /home/ri-one/ri_one_master_ws/install/ecl_filesystem/share/ecl_filesystem/local_setup.zsh
[0.679s] -- Up-to-date symlink: /home/ri-one/ri_one_master_ws/install/ecl_filesystem/share/ecl_filesystem/local_setup.dsv
[0.679s] -- Symlinking: /home/ri-one/ri_one_master_ws/install/ecl_filesystem/share/ecl_filesystem/package.dsv
[0.695s] -- Up-to-date symlink: /home/ri-one/ri_one_master_ws/install/ecl_filesystem/share/ament_index/resource_index/packages/ecl_filesystem
[0.695s] -- Up-to-date symlink: /home/ri-one/ri_one_master_ws/install/ecl_filesystem/share/ecl_filesystem/cmake/ament_cmake_export_targets-extras.cmake
[0.696s] -- Up-to-date symlink: /home/ri-one/ri_one_master_ws/install/ecl_filesystem/share/ecl_filesystem/cmake/ament_cmake_export_include_directories-extras.cmake
[0.697s] -- Up-to-date symlink: /home/ri-one/ri_one_master_ws/install/ecl_filesystem/share/ecl_filesystem/cmake/ament_cmake_export_libraries-extras.cmake
[0.697s] -- Up-to-date symlink: /home/ri-one/ri_one_master_ws/install/ecl_filesystem/share/ecl_filesystem/cmake/ament_cmake_export_dependencies-extras.cmake
[0.698s] -- Up-to-date symlink: /home/ri-one/ri_one_master_ws/install/ecl_filesystem/share/ecl_filesystem/cmake/ecl_filesystemConfig.cmake
[0.698s] -- Up-to-date symlink: /home/ri-one/ri_one_master_ws/install/ecl_filesystem/share/ecl_filesystem/cmake/ecl_filesystemConfig-version.cmake
[0.698s] -- Up-to-date symlink: /home/ri-one/ri_one_master_ws/install/ecl_filesystem/share/ecl_filesystem/package.xml
[0.698s] -- Up-to-date: /home/ri-one/ri_one_master_ws/install/ecl_filesystem/share/ecl_filesystem/cmake/ecl_filesystemExport.cmake
[0.698s] -- Up-to-date: /home/ri-one/ri_one_master_ws/install/ecl_filesystem/share/ecl_filesystem/cmake/ecl_filesystemExport-noconfig.cmake
[0.700s] -- Up-to-date: /home/ri-one/ri_one_master_ws/install/ecl_filesystem/lib/libecl_filesystem.so.1.2.1
[0.700s] -- Up-to-date: /home/ri-one/ri_one_master_ws/install/ecl_filesystem/lib/libecl_filesystem.so
[0.704s] Invoked command in '/home/ri-one/ri_one_master_ws/build/ecl_filesystem' returned '0': AMENT_PREFIX_PATH=/home/ri-one/ri_one_master_ws/install/ecl_errors:/home/ri-one/ri_one_master_ws/install/ecl_config:${AMENT_PREFIX_PATH} CMAKE_PREFIX_PATH=/home/ri-one/ri_one_master_ws/install/ecl_errors:/home/ri-one/ri_one_master_ws/install/ecl_config:/opt/ros/humble LD_LIBRARY_PATH=/home/ri-one/ri_one_master_ws/install/ecl_errors/lib:${LD_LIBRARY_PATH} PATH=/home/ri-one/ri_one_master_ws/install/ecl_config/bin:${PATH} /usr/bin/cmake --install /home/ri-one/ri_one_master_ws/build/ecl_filesystem
