[0.088s] Invoking command in '/home/ri-one/ri_one_master_ws/build/ecl_sigslots_lite': AMENT_PREFIX_PATH=/home/ri-one/ri_one_master_ws/install/ecl_errors:/home/ri-one/ri_one_master_ws/install/ecl_config:${AMENT_PREFIX_PATH} CMAKE_PREFIX_PATH=/home/ri-one/ri_one_master_ws/install/ecl_errors:/home/ri-one/ri_one_master_ws/install/ecl_config:/opt/ros/humble LD_LIBRARY_PATH=/home/ri-one/ri_one_master_ws/install/ecl_errors/lib:${LD_LIBRARY_PATH} PATH=/home/ri-one/ri_one_master_ws/install/ecl_config/bin:${PATH} /usr/bin/cmake --build /home/ri-one/ri_one_master_ws/build/ecl_sigslots_lite -- -j4 -l4
[0.204s] [100%] Built target demo_sigslots_lite
[0.278s] Invoked command in '/home/ri-one/ri_one_master_ws/build/ecl_sigslots_lite' returned '0': AMENT_PREFIX_PATH=/home/ri-one/ri_one_master_ws/install/ecl_errors:/home/ri-one/ri_one_master_ws/install/ecl_config:${AMENT_PREFIX_PATH} CMAKE_PREFIX_PATH=/home/ri-one/ri_one_master_ws/install/ecl_errors:/home/ri-one/ri_one_master_ws/install/ecl_config:/opt/ros/humble LD_LIBRARY_PATH=/home/ri-one/ri_one_master_ws/install/ecl_errors/lib:${LD_LIBRARY_PATH} PATH=/home/ri-one/ri_one_master_ws/install/ecl_config/bin:${PATH} /usr/bin/cmake --build /home/ri-one/ri_one_master_ws/build/ecl_sigslots_lite -- -j4 -l4
[0.281s] Invoking command in '/home/ri-one/ri_one_master_ws/build/ecl_sigslots_lite': AMENT_PREFIX_PATH=/home/ri-one/ri_one_master_ws/install/ecl_errors:/home/ri-one/ri_one_master_ws/install/ecl_config:${AMENT_PREFIX_PATH} CMAKE_PREFIX_PATH=/home/ri-one/ri_one_master_ws/install/ecl_errors:/home/ri-one/ri_one_master_ws/install/ecl_config:/opt/ros/humble LD_LIBRARY_PATH=/home/ri-one/ri_one_master_ws/install/ecl_errors/lib:${LD_LIBRARY_PATH} PATH=/home/ri-one/ri_one_master_ws/install/ecl_config/bin:${PATH} /usr/bin/cmake --install /home/ri-one/ri_one_master_ws/build/ecl_sigslots_lite
[0.305s] -- Install configuration: ""
[0.306s] -- Execute custom install script
[0.306s] -- Up-to-date symlink: /home/ri-one/ri_one_master_ws/install/ecl_sigslots_lite/include/ecl/sigslots_lite/connect.hpp
[0.309s] -- Up-to-date symlink: /home/ri-one/ri_one_master_ws/install/ecl_sigslots_lite/include/ecl/sigslots_lite/errors.hpp
[0.309s] -- Up-to-date symlink: /home/ri-one/ri_one_master_ws/install/ecl_sigslots_lite/include/ecl/sigslots_lite/managers.hpp
[0.309s] -- Up-to-date symlink: /home/ri-one/ri_one_master_ws/install/ecl_sigslots_lite/include/ecl/sigslots_lite/signal.hpp
[0.310s] -- Up-to-date symlink: /home/ri-one/ri_one_master_ws/install/ecl_sigslots_lite/include/ecl/sigslots_lite/slot.hpp
[0.310s] -- Up-to-date symlink: /home/ri-one/ri_one_master_ws/install/ecl_sigslots_lite/include/ecl/sigslots_lite/utilities.hpp
[0.313s] -- Up-to-date symlink: /home/ri-one/ri_one_master_ws/install/ecl_sigslots_lite/include/ecl/sigslots_lite.hpp
[0.316s] -- Up-to-date symlink: /home/ri-one/ri_one_master_ws/install/ecl_sigslots_lite/lib/ecl_sigslots_lite/demo_sigslots_lite
[0.316s] -- Up-to-date symlink: /home/ri-one/ri_one_master_ws/install/ecl_sigslots_lite/share/ament_index/resource_index/package_run_dependencies/ecl_sigslots_lite
[0.318s] -- Up-to-date symlink: /home/ri-one/ri_one_master_ws/install/ecl_sigslots_lite/share/ament_index/resource_index/parent_prefix_path/ecl_sigslots_lite
[0.319s] -- Up-to-date symlink: /home/ri-one/ri_one_master_ws/install/ecl_sigslots_lite/share/ecl_sigslots_lite/environment/ament_prefix_path.sh
[0.319s] -- Up-to-date symlink: /home/ri-one/ri_one_master_ws/install/ecl_sigslots_lite/share/ecl_sigslots_lite/environment/ament_prefix_path.dsv
[0.321s] -- Up-to-date symlink: /home/ri-one/ri_one_master_ws/install/ecl_sigslots_lite/share/ecl_sigslots_lite/environment/path.sh
[0.322s] -- Up-to-date symlink: /home/ri-one/ri_one_master_ws/install/ecl_sigslots_lite/share/ecl_sigslots_lite/environment/path.dsv
[0.322s] -- Up-to-date symlink: /home/ri-one/ri_one_master_ws/install/ecl_sigslots_lite/share/ecl_sigslots_lite/local_setup.bash
[0.323s] -- Up-to-date symlink: /home/ri-one/ri_one_master_ws/install/ecl_sigslots_lite/share/ecl_sigslots_lite/local_setup.sh
[0.324s] -- Up-to-date symlink: /home/ri-one/ri_one_master_ws/install/ecl_sigslots_lite/share/ecl_sigslots_lite/local_setup.zsh
[0.325s] -- Up-to-date symlink: /home/ri-one/ri_one_master_ws/install/ecl_sigslots_lite/share/ecl_sigslots_lite/local_setup.dsv
[0.325s] -- Symlinking: /home/ri-one/ri_one_master_ws/install/ecl_sigslots_lite/share/ecl_sigslots_lite/package.dsv
[0.346s] -- Up-to-date symlink: /home/ri-one/ri_one_master_ws/install/ecl_sigslots_lite/share/ament_index/resource_index/packages/ecl_sigslots_lite
[0.346s] -- Up-to-date symlink: /home/ri-one/ri_one_master_ws/install/ecl_sigslots_lite/share/ecl_sigslots_lite/cmake/ament_cmake_export_targets-extras.cmake
[0.346s] -- Up-to-date symlink: /home/ri-one/ri_one_master_ws/install/ecl_sigslots_lite/share/ecl_sigslots_lite/cmake/ament_cmake_export_include_directories-extras.cmake
[0.348s] -- Up-to-date symlink: /home/ri-one/ri_one_master_ws/install/ecl_sigslots_lite/share/ecl_sigslots_lite/cmake/ament_cmake_export_dependencies-extras.cmake
[0.348s] -- Up-to-date symlink: /home/ri-one/ri_one_master_ws/install/ecl_sigslots_lite/share/ecl_sigslots_lite/cmake/ecl_sigslots_liteConfig.cmake
[0.349s] -- Up-to-date symlink: /home/ri-one/ri_one_master_ws/install/ecl_sigslots_lite/share/ecl_sigslots_lite/cmake/ecl_sigslots_liteConfig-version.cmake
[0.349s] -- Up-to-date symlink: /home/ri-one/ri_one_master_ws/install/ecl_sigslots_lite/share/ecl_sigslots_lite/package.xml
[0.349s] -- Up-to-date: /home/ri-one/ri_one_master_ws/install/ecl_sigslots_lite/share/ecl_sigslots_lite/cmake/ecl_sigslots_liteExport.cmake
[0.362s] Invoked command in '/home/ri-one/ri_one_master_ws/build/ecl_sigslots_lite' returned '0': AMENT_PREFIX_PATH=/home/ri-one/ri_one_master_ws/install/ecl_errors:/home/ri-one/ri_one_master_ws/install/ecl_config:${AMENT_PREFIX_PATH} CMAKE_PREFIX_PATH=/home/ri-one/ri_one_master_ws/install/ecl_errors:/home/ri-one/ri_one_master_ws/install/ecl_config:/opt/ros/humble LD_LIBRARY_PATH=/home/ri-one/ri_one_master_ws/install/ecl_errors/lib:${LD_LIBRARY_PATH} PATH=/home/ri-one/ri_one_master_ws/install/ecl_config/bin:${PATH} /usr/bin/cmake --install /home/ri-one/ri_one_master_ws/build/ecl_sigslots_lite
