[0.065s] Invoking command in '/home/ri-one/ros2_ws/src/build/ecl_geometry': AMENT_PREFIX_PATH=/home/ri-one/ros2_ws/src/install/ecl_linear_algebra:/home/ri-one/ros2_ws/src/install/ecl_containers:/home/ri-one/ros2_ws/src/install/ecl_formatters:/home/ri-one/ros2_ws/src/install/ecl_utilities:/home/ri-one/ros2_ws/src/install/ecl_converters:/home/ri-one/ros2_ws/src/install/ecl_math:/home/ri-one/ros2_ws/src/install/ecl_exceptions:/home/ri-one/ros2_ws/src/install/ecl_concepts:/home/ri-one/ros2_ws/src/install/ecl_type_traits:/home/ri-one/ros2_ws/src/install/ecl_errors:/home/ri-one/ros2_ws/src/install/ecl_mpl:/home/ri-one/ros2_ws/src/install/ecl_eigen:/home/ri-one/ros2_ws/src/install/ecl_config:${AMENT_PREFIX_PATH} CMAKE_PREFIX_PATH=/home/ri-one/ros2_ws/src/install/ecl_linear_algebra:/home/ri-one/ros2_ws/src/install/ecl_containers:/home/ri-one/ros2_ws/src/install/ecl_formatters:/home/ri-one/ros2_ws/src/install/ecl_utilities:/home/ri-one/ros2_ws/src/install/ecl_converters:/home/ri-one/ros2_ws/src/install/ecl_math:/home/ri-one/ros2_ws/src/install/ecl_exceptions:/home/ri-one/ros2_ws/src/install/ecl_concepts:/home/ri-one/ros2_ws/src/install/ecl_type_traits:/home/ri-one/ros2_ws/src/install/ecl_errors:/home/ri-one/ros2_ws/src/install/ecl_mpl:/home/ri-one/ros2_ws/src/install/ecl_eigen:/home/ri-one/ros2_ws/src/install/ecl_config:/opt/ros/humble LD_LIBRARY_PATH=/home/ri-one/ros2_ws/src/install/ecl_linear_algebra/lib:/home/ri-one/ros2_ws/src/install/ecl_formatters/lib:/home/ri-one/ros2_ws/src/install/ecl_exceptions/lib:/home/ri-one/ros2_ws/src/install/ecl_type_traits/lib:/home/ri-one/ros2_ws/src/install/ecl_errors/lib:${LD_LIBRARY_PATH} PATH=/home/ri-one/ros2_ws/src/install/ecl_type_traits/bin:/home/ri-one/ros2_ws/src/install/ecl_config/bin:${PATH} /usr/bin/cmake /home/ri-one/ros2_ws/src/turtlebot2_ros2/ecl_core/ecl_geometry -DCMAKE_INSTALL_PREFIX=/home/ri-one/ros2_ws/src/install/ecl_geometry
[0.201s] -- The C compiler identification is GNU 11.4.0
[0.332s] -- The CXX compiler identification is GNU 11.4.0
[0.351s] -- Detecting C compiler ABI info
[0.507s] -- Detecting C compiler ABI info - done
[0.526s] -- Check for working C compiler: /usr/bin/cc - skipped
[0.527s] -- Detecting C compile features
[0.528s] -- Detecting C compile features - done
[0.535s] -- Detecting CXX compiler ABI info
[0.723s] -- Detecting CXX compiler ABI info - done
[0.743s] -- Check for working CXX compiler: /usr/bin/c++ - skipped
[0.744s] -- Detecting CXX compile features
[0.746s] -- Detecting CXX compile features - done
[0.754s] -- Found ament_cmake_ros: 0.10.0 (/opt/ros/humble/share/ament_cmake_ros/cmake)
[1.162s] -- Found Python3: /usr/bin/python3 (found version "3.10.12") found components: Interpreter 
[1.406s] -- Found ecl_build: 1.0.3 (/opt/ros/humble/share/ecl_build/cmake)
[1.422s] -- Found ecl_config: 1.2.0 (/home/ri-one/ros2_ws/src/install/ecl_config/share/ecl_config/cmake)
[1.425s] -- Found ecl_containers: 1.2.1 (/home/ri-one/ros2_ws/src/install/ecl_containers/share/ecl_containers/cmake)
[1.493s] -- Found ecl_linear_algebra: 1.2.1 (/home/ri-one/ros2_ws/src/install/ecl_linear_algebra/share/ecl_linear_algebra/cmake)
[2.179s] -- Found ament_lint_auto: 0.12.14 (/opt/ros/humble/share/ament_lint_auto/cmake)
[2.251s] -- Found gtest sources under '/opt/ros/humble/src/gtest_vendor': C++ tests using 'Google Test' will be built
[2.257s] -- Found Threads: TRUE  
[2.324s] -- Configuring done
[2.436s] -- Generating done
[2.470s] -- Build files have been written to: /home/ri-one/ros2_ws/src/build/ecl_geometry
[2.483s] Invoked command in '/home/ri-one/ros2_ws/src/build/ecl_geometry' returned '0': AMENT_PREFIX_PATH=/home/ri-one/ros2_ws/src/install/ecl_linear_algebra:/home/ri-one/ros2_ws/src/install/ecl_containers:/home/ri-one/ros2_ws/src/install/ecl_formatters:/home/ri-one/ros2_ws/src/install/ecl_utilities:/home/ri-one/ros2_ws/src/install/ecl_converters:/home/ri-one/ros2_ws/src/install/ecl_math:/home/ri-one/ros2_ws/src/install/ecl_exceptions:/home/ri-one/ros2_ws/src/install/ecl_concepts:/home/ri-one/ros2_ws/src/install/ecl_type_traits:/home/ri-one/ros2_ws/src/install/ecl_errors:/home/ri-one/ros2_ws/src/install/ecl_mpl:/home/ri-one/ros2_ws/src/install/ecl_eigen:/home/ri-one/ros2_ws/src/install/ecl_config:${AMENT_PREFIX_PATH} CMAKE_PREFIX_PATH=/home/ri-one/ros2_ws/src/install/ecl_linear_algebra:/home/ri-one/ros2_ws/src/install/ecl_containers:/home/ri-one/ros2_ws/src/install/ecl_formatters:/home/ri-one/ros2_ws/src/install/ecl_utilities:/home/ri-one/ros2_ws/src/install/ecl_converters:/home/ri-one/ros2_ws/src/install/ecl_math:/home/ri-one/ros2_ws/src/install/ecl_exceptions:/home/ri-one/ros2_ws/src/install/ecl_concepts:/home/ri-one/ros2_ws/src/install/ecl_type_traits:/home/ri-one/ros2_ws/src/install/ecl_errors:/home/ri-one/ros2_ws/src/install/ecl_mpl:/home/ri-one/ros2_ws/src/install/ecl_eigen:/home/ri-one/ros2_ws/src/install/ecl_config:/opt/ros/humble LD_LIBRARY_PATH=/home/ri-one/ros2_ws/src/install/ecl_linear_algebra/lib:/home/ri-one/ros2_ws/src/install/ecl_formatters/lib:/home/ri-one/ros2_ws/src/install/ecl_exceptions/lib:/home/ri-one/ros2_ws/src/install/ecl_type_traits/lib:/home/ri-one/ros2_ws/src/install/ecl_errors/lib:${LD_LIBRARY_PATH} PATH=/home/ri-one/ros2_ws/src/install/ecl_type_traits/bin:/home/ri-one/ros2_ws/src/install/ecl_config/bin:${PATH} /usr/bin/cmake /home/ri-one/ros2_ws/src/turtlebot2_ros2/ecl_core/ecl_geometry -DCMAKE_INSTALL_PREFIX=/home/ri-one/ros2_ws/src/install/ecl_geometry
[2.489s] Invoking command in '/home/ri-one/ros2_ws/src/build/ecl_geometry': AMENT_PREFIX_PATH=/home/ri-one/ros2_ws/src/install/ecl_linear_algebra:/home/ri-one/ros2_ws/src/install/ecl_containers:/home/ri-one/ros2_ws/src/install/ecl_formatters:/home/ri-one/ros2_ws/src/install/ecl_utilities:/home/ri-one/ros2_ws/src/install/ecl_converters:/home/ri-one/ros2_ws/src/install/ecl_math:/home/ri-one/ros2_ws/src/install/ecl_exceptions:/home/ri-one/ros2_ws/src/install/ecl_concepts:/home/ri-one/ros2_ws/src/install/ecl_type_traits:/home/ri-one/ros2_ws/src/install/ecl_errors:/home/ri-one/ros2_ws/src/install/ecl_mpl:/home/ri-one/ros2_ws/src/install/ecl_eigen:/home/ri-one/ros2_ws/src/install/ecl_config:${AMENT_PREFIX_PATH} CMAKE_PREFIX_PATH=/home/ri-one/ros2_ws/src/install/ecl_linear_algebra:/home/ri-one/ros2_ws/src/install/ecl_containers:/home/ri-one/ros2_ws/src/install/ecl_formatters:/home/ri-one/ros2_ws/src/install/ecl_utilities:/home/ri-one/ros2_ws/src/install/ecl_converters:/home/ri-one/ros2_ws/src/install/ecl_math:/home/ri-one/ros2_ws/src/install/ecl_exceptions:/home/ri-one/ros2_ws/src/install/ecl_concepts:/home/ri-one/ros2_ws/src/install/ecl_type_traits:/home/ri-one/ros2_ws/src/install/ecl_errors:/home/ri-one/ros2_ws/src/install/ecl_mpl:/home/ri-one/ros2_ws/src/install/ecl_eigen:/home/ri-one/ros2_ws/src/install/ecl_config:/opt/ros/humble LD_LIBRARY_PATH=/home/ri-one/ros2_ws/src/install/ecl_linear_algebra/lib:/home/ri-one/ros2_ws/src/install/ecl_formatters/lib:/home/ri-one/ros2_ws/src/install/ecl_exceptions/lib:/home/ri-one/ros2_ws/src/install/ecl_type_traits/lib:/home/ri-one/ros2_ws/src/install/ecl_errors/lib:${LD_LIBRARY_PATH} PATH=/home/ri-one/ros2_ws/src/install/ecl_type_traits/bin:/home/ri-one/ros2_ws/src/install/ecl_config/bin:${PATH} /usr/bin/cmake --build /home/ri-one/ros2_ws/src/build/ecl_geometry -- -j4 -l4
[2.602s] [  2%] [32mBuilding CXX object src/lib/CMakeFiles/ecl_geometry.dir/angle.cpp.o[0m
[6.380s] [  4%] [32mBuilding CXX object src/lib/CMakeFiles/ecl_geometry.dir/cubic_spline.cpp.o[0m
[10.402s] [  6%] [32mBuilding CXX object src/lib/CMakeFiles/ecl_geometry.dir/cubic_spline_blueprints.cpp.o[0m
[14.568s] [  9%] [32mBuilding CXX object src/lib/CMakeFiles/ecl_geometry.dir/linear_segment.cpp.o[0m
[14.644s] [ 11%] [32mBuilding CXX object src/lib/CMakeFiles/ecl_geometry.dir/odometry_helper.cpp.o[0m
[20.477s] [ 13%] [32mBuilding CXX object src/lib/CMakeFiles/ecl_geometry.dir/pascals_triangle.cpp.o[0m
[21.617s] [ 15%] [32mBuilding CXX object src/lib/CMakeFiles/ecl_geometry.dir/polynomial.cpp.o[0m
[25.917s] [ 18%] [32mBuilding CXX object src/lib/CMakeFiles/ecl_geometry.dir/polynomial_blueprints.cpp.o[0m
[29.966s] [ 20%] [32mBuilding CXX object src/lib/CMakeFiles/ecl_geometry.dir/pose2d.cpp.o[0m
[33.634s] [ 22%] [32mBuilding CXX object src/lib/CMakeFiles/ecl_geometry.dir/smooth_linear_spline.cpp.o[0m
[37.958s] [ 25%] [32mBuilding CXX object src/lib/CMakeFiles/ecl_geometry.dir/tension_function.cpp.o[0m
[38.928s] [ 27%] [32mBuilding CXX object src/lib/CMakeFiles/ecl_geometry.dir/tension_spline.cpp.o[0m
[39.910s] [ 29%] [32mBuilding CXX object src/lib/CMakeFiles/ecl_geometry.dir/tension_spline_blueprints.cpp.o[0m
[40.934s] [ 31%] [32m[1mLinking CXX shared library libecl_geometry.so[0m
[41.356s] [ 31%] Built target ecl_geometry
[41.404s] [ 34%] [32mBuilding CXX object gtest/CMakeFiles/gtest.dir/src/gtest-all.cc.o[0m
[47.929s] [ 36%] [32m[1mLinking CXX static library libgtest.a[0m
[48.065s] [ 36%] Built target gtest
[48.116s] [ 38%] [32mBuilding CXX object gtest/CMakeFiles/gtest_main.dir/src/gtest_main.cc.o[0m
[49.537s] [ 40%] [32m[1mLinking CXX static library libgtest_main.a[0m
[49.614s] [ 40%] Built target gtest_main
[49.662s] [ 43%] [32mBuilding CXX object src/test/CMakeFiles/ecl_test_angles.dir/angles.cpp.o[0m
[54.262s] [ 45%] [32m[1mLinking CXX executable ecl_test_angles[0m
[54.626s] [ 45%] Built target ecl_test_angles
[54.673s] [ 47%] [32mBuilding CXX object src/test/CMakeFiles/ecl_test_homogeneous_points.dir/homogeneous_points.cpp.o[0m
[59.900s] [ 50%] [32m[1mLinking CXX executable ecl_test_homogeneous_points[0m
[60.308s] [ 50%] Built target ecl_test_homogeneous_points
[60.352s] [ 52%] [32mBuilding CXX object src/test/CMakeFiles/ecl_test_legacy_pose2d.dir/legacy_pose2d.cpp.o[0m
[67.269s] [ 54%] [32m[1mLinking CXX executable ecl_test_legacy_pose2d[0m
[67.739s] [ 54%] Built target ecl_test_legacy_pose2d
[67.787s] [ 56%] [32mBuilding CXX object src/test/CMakeFiles/ecl_test_legacy_pose3d.dir/legacy_pose3d.cpp.o[0m
[76.540s] [ 59%] [32m[1mLinking CXX executable ecl_test_legacy_pose3d[0m
[77.045s] [ 59%] Built target ecl_test_legacy_pose3d
[77.089s] [ 61%] [32mBuilding CXX object src/test/CMakeFiles/ecl_test_linear_segment.dir/linear_segment.cpp.o[0m
[78.643s] [ 63%] [32m[1mLinking CXX executable ecl_test_linear_segment[0m
[79.039s] [ 63%] Built target ecl_test_linear_segment
[79.087s] [ 65%] [32mBuilding CXX object src/test/CMakeFiles/ecl_test_polynomials.dir/polynomials.cpp.o[0m
[84.590s] [ 68%] [32m[1mLinking CXX executable ecl_test_polynomials[0m
[85.050s] [ 68%] Built target ecl_test_polynomials
[85.099s] [ 70%] [32mBuilding CXX object src/test/CMakeFiles/ecl_test_pose2d.dir/pose2d.cpp.o[0m
[90.176s] [ 72%] [32m[1mLinking CXX executable ecl_test_pose2d[0m
[90.615s] [ 72%] Built target ecl_test_pose2d
[90.657s] [ 75%] [32mBuilding CXX object src/test/CMakeFiles/ecl_test_smooth_linear_splines.dir/smooth_linear_splines.cpp.o[0m
[95.558s] [ 77%] [32m[1mLinking CXX executable ecl_test_smooth_linear_splines[0m
[95.957s] [ 77%] Built target ecl_test_smooth_linear_splines
[95.998s] [ 79%] [32mBuilding CXX object src/test/CMakeFiles/ecl_test_tension_function.dir/tension_function.cpp.o[0m
[97.999s] [ 81%] [32m[1mLinking CXX executable ecl_test_tension_function[0m
[98.398s] [ 81%] Built target ecl_test_tension_function
[98.447s] [ 84%] [32mBuilding CXX object src/test/CMakeFiles/ecl_test_tension_splines.dir/tension_splines.cpp.o[0m
[100.530s] [ 86%] [32m[1mLinking CXX executable ecl_test_tension_splines[0m
[100.967s] [ 86%] Built target ecl_test_tension_splines
[101.037s] [ 88%] [32mBuilding CXX object src/test/CMakeFiles/ecl_test_odometry_helper.dir/odometry_helper.cpp.o[0m
[106.116s] [ 90%] [32m[1mLinking CXX executable ecl_test_odometry_helper[0m
[106.592s] [ 90%] Built target ecl_test_odometry_helper
[106.644s] [ 93%] [32mBuilding CXX object src/test/CMakeFiles/ecl_test_cubic_splines.dir/cubic_splines.cpp.o[0m
[110.068s] [ 95%] [32m[1mLinking CXX executable ecl_test_cubic_splines[0m
[110.326s] [ 95%] Built target ecl_test_cubic_splines
[110.363s] [ 97%] [32mBuilding CXX object src/test/CMakeFiles/ecl_test_cartesian_points.dir/cartesian_points.cpp.o[0m
[113.122s] [100%] [32m[1mLinking CXX executable ecl_test_cartesian_points[0m
[113.366s] [100%] Built target ecl_test_cartesian_points
[113.384s] Invoked command in '/home/ri-one/ros2_ws/src/build/ecl_geometry' returned '0': AMENT_PREFIX_PATH=/home/ri-one/ros2_ws/src/install/ecl_linear_algebra:/home/ri-one/ros2_ws/src/install/ecl_containers:/home/ri-one/ros2_ws/src/install/ecl_formatters:/home/ri-one/ros2_ws/src/install/ecl_utilities:/home/ri-one/ros2_ws/src/install/ecl_converters:/home/ri-one/ros2_ws/src/install/ecl_math:/home/ri-one/ros2_ws/src/install/ecl_exceptions:/home/ri-one/ros2_ws/src/install/ecl_concepts:/home/ri-one/ros2_ws/src/install/ecl_type_traits:/home/ri-one/ros2_ws/src/install/ecl_errors:/home/ri-one/ros2_ws/src/install/ecl_mpl:/home/ri-one/ros2_ws/src/install/ecl_eigen:/home/ri-one/ros2_ws/src/install/ecl_config:${AMENT_PREFIX_PATH} CMAKE_PREFIX_PATH=/home/ri-one/ros2_ws/src/install/ecl_linear_algebra:/home/ri-one/ros2_ws/src/install/ecl_containers:/home/ri-one/ros2_ws/src/install/ecl_formatters:/home/ri-one/ros2_ws/src/install/ecl_utilities:/home/ri-one/ros2_ws/src/install/ecl_converters:/home/ri-one/ros2_ws/src/install/ecl_math:/home/ri-one/ros2_ws/src/install/ecl_exceptions:/home/ri-one/ros2_ws/src/install/ecl_concepts:/home/ri-one/ros2_ws/src/install/ecl_type_traits:/home/ri-one/ros2_ws/src/install/ecl_errors:/home/ri-one/ros2_ws/src/install/ecl_mpl:/home/ri-one/ros2_ws/src/install/ecl_eigen:/home/ri-one/ros2_ws/src/install/ecl_config:/opt/ros/humble LD_LIBRARY_PATH=/home/ri-one/ros2_ws/src/install/ecl_linear_algebra/lib:/home/ri-one/ros2_ws/src/install/ecl_formatters/lib:/home/ri-one/ros2_ws/src/install/ecl_exceptions/lib:/home/ri-one/ros2_ws/src/install/ecl_type_traits/lib:/home/ri-one/ros2_ws/src/install/ecl_errors/lib:${LD_LIBRARY_PATH} PATH=/home/ri-one/ros2_ws/src/install/ecl_type_traits/bin:/home/ri-one/ros2_ws/src/install/ecl_config/bin:${PATH} /usr/bin/cmake --build /home/ri-one/ros2_ws/src/build/ecl_geometry -- -j4 -l4
[113.387s] Invoking command in '/home/ri-one/ros2_ws/src/build/ecl_geometry': AMENT_PREFIX_PATH=/home/ri-one/ros2_ws/src/install/ecl_linear_algebra:/home/ri-one/ros2_ws/src/install/ecl_containers:/home/ri-one/ros2_ws/src/install/ecl_formatters:/home/ri-one/ros2_ws/src/install/ecl_utilities:/home/ri-one/ros2_ws/src/install/ecl_converters:/home/ri-one/ros2_ws/src/install/ecl_math:/home/ri-one/ros2_ws/src/install/ecl_exceptions:/home/ri-one/ros2_ws/src/install/ecl_concepts:/home/ri-one/ros2_ws/src/install/ecl_type_traits:/home/ri-one/ros2_ws/src/install/ecl_errors:/home/ri-one/ros2_ws/src/install/ecl_mpl:/home/ri-one/ros2_ws/src/install/ecl_eigen:/home/ri-one/ros2_ws/src/install/ecl_config:${AMENT_PREFIX_PATH} CMAKE_PREFIX_PATH=/home/ri-one/ros2_ws/src/install/ecl_linear_algebra:/home/ri-one/ros2_ws/src/install/ecl_containers:/home/ri-one/ros2_ws/src/install/ecl_formatters:/home/ri-one/ros2_ws/src/install/ecl_utilities:/home/ri-one/ros2_ws/src/install/ecl_converters:/home/ri-one/ros2_ws/src/install/ecl_math:/home/ri-one/ros2_ws/src/install/ecl_exceptions:/home/ri-one/ros2_ws/src/install/ecl_concepts:/home/ri-one/ros2_ws/src/install/ecl_type_traits:/home/ri-one/ros2_ws/src/install/ecl_errors:/home/ri-one/ros2_ws/src/install/ecl_mpl:/home/ri-one/ros2_ws/src/install/ecl_eigen:/home/ri-one/ros2_ws/src/install/ecl_config:/opt/ros/humble LD_LIBRARY_PATH=/home/ri-one/ros2_ws/src/install/ecl_linear_algebra/lib:/home/ri-one/ros2_ws/src/install/ecl_formatters/lib:/home/ri-one/ros2_ws/src/install/ecl_exceptions/lib:/home/ri-one/ros2_ws/src/install/ecl_type_traits/lib:/home/ri-one/ros2_ws/src/install/ecl_errors/lib:${LD_LIBRARY_PATH} PATH=/home/ri-one/ros2_ws/src/install/ecl_type_traits/bin:/home/ri-one/ros2_ws/src/install/ecl_config/bin:${PATH} /usr/bin/cmake --install /home/ri-one/ros2_ws/src/build/ecl_geometry
[113.398s] -- Install configuration: ""
[113.398s] -- Installing: /home/ri-one/ros2_ws/src/install/ecl_geometry/share/ecl_geometry/environment/library_path.sh
[113.398s] -- Installing: /home/ri-one/ros2_ws/src/install/ecl_geometry/share/ecl_geometry/environment/library_path.dsv
[113.399s] -- Installing: /home/ri-one/ros2_ws/src/install/ecl_geometry/share/ament_index/resource_index/package_run_dependencies/ecl_geometry
[113.399s] -- Installing: /home/ri-one/ros2_ws/src/install/ecl_geometry/share/ament_index/resource_index/parent_prefix_path/ecl_geometry
[113.399s] -- Installing: /home/ri-one/ros2_ws/src/install/ecl_geometry/share/ecl_geometry/environment/ament_prefix_path.sh
[113.400s] -- Installing: /home/ri-one/ros2_ws/src/install/ecl_geometry/share/ecl_geometry/environment/ament_prefix_path.dsv
[113.400s] -- Installing: /home/ri-one/ros2_ws/src/install/ecl_geometry/share/ecl_geometry/environment/path.sh
[113.400s] -- Installing: /home/ri-one/ros2_ws/src/install/ecl_geometry/share/ecl_geometry/environment/path.dsv
[113.400s] -- Installing: /home/ri-one/ros2_ws/src/install/ecl_geometry/share/ecl_geometry/local_setup.bash
[113.401s] -- Installing: /home/ri-one/ros2_ws/src/install/ecl_geometry/share/ecl_geometry/local_setup.sh
[113.401s] -- Installing: /home/ri-one/ros2_ws/src/install/ecl_geometry/share/ecl_geometry/local_setup.zsh
[113.401s] -- Installing: /home/ri-one/ros2_ws/src/install/ecl_geometry/share/ecl_geometry/local_setup.dsv
[113.401s] -- Installing: /home/ri-one/ros2_ws/src/install/ecl_geometry/share/ecl_geometry/package.dsv
[113.402s] -- Installing: /home/ri-one/ros2_ws/src/install/ecl_geometry/share/ament_index/resource_index/packages/ecl_geometry
[113.402s] -- Installing: /home/ri-one/ros2_ws/src/install/ecl_geometry/share/ecl_geometry/cmake/ecl_geometryExport.cmake
[113.402s] -- Installing: /home/ri-one/ros2_ws/src/install/ecl_geometry/share/ecl_geometry/cmake/ecl_geometryExport-noconfig.cmake
[113.402s] -- Installing: /home/ri-one/ros2_ws/src/install/ecl_geometry/share/ecl_geometry/cmake/ament_cmake_export_targets-extras.cmake
[113.403s] -- Installing: /home/ri-one/ros2_ws/src/install/ecl_geometry/share/ecl_geometry/cmake/ament_cmake_export_include_directories-extras.cmake
[113.403s] -- Installing: /home/ri-one/ros2_ws/src/install/ecl_geometry/share/ecl_geometry/cmake/ament_cmake_export_libraries-extras.cmake
[113.403s] -- Installing: /home/ri-one/ros2_ws/src/install/ecl_geometry/share/ecl_geometry/cmake/ament_cmake_export_dependencies-extras.cmake
[113.403s] -- Installing: /home/ri-one/ros2_ws/src/install/ecl_geometry/share/ecl_geometry/cmake/ecl_geometryConfig.cmake
[113.404s] -- Installing: /home/ri-one/ros2_ws/src/install/ecl_geometry/share/ecl_geometry/cmake/ecl_geometryConfig-version.cmake
[113.404s] -- Installing: /home/ri-one/ros2_ws/src/install/ecl_geometry/share/ecl_geometry/package.xml
[113.405s] -- Installing: /home/ri-one/ros2_ws/src/install/ecl_geometry/include/ecl/geometry.hpp
[113.405s] -- Installing: /home/ri-one/ros2_ws/src/install/ecl_geometry/include/ecl/geometry/angle.hpp
[113.406s] -- Installing: /home/ri-one/ros2_ws/src/install/ecl_geometry/include/ecl/geometry/cartesian_point.hpp
[113.406s] -- Installing: /home/ri-one/ros2_ws/src/install/ecl_geometry/include/ecl/geometry/cubic_spline.hpp
[113.406s] -- Installing: /home/ri-one/ros2_ws/src/install/ecl_geometry/include/ecl/geometry/function_math.hpp
[113.406s] -- Installing: /home/ri-one/ros2_ws/src/install/ecl_geometry/include/ecl/geometry/homogeneous_point.hpp
[113.407s] -- Installing: /home/ri-one/ros2_ws/src/install/ecl_geometry/include/ecl/geometry/legacy_pose2d.hpp
[113.407s] -- Installing: /home/ri-one/ros2_ws/src/install/ecl_geometry/include/ecl/geometry/legacy_pose3d.hpp
[113.407s] -- Installing: /home/ri-one/ros2_ws/src/install/ecl_geometry/include/ecl/geometry/linear_segment.hpp
[113.407s] -- Installing: /home/ri-one/ros2_ws/src/install/ecl_geometry/include/ecl/geometry/macros.hpp
[113.408s] -- Installing: /home/ri-one/ros2_ws/src/install/ecl_geometry/include/ecl/geometry/odometry.hpp
[113.408s] -- Installing: /home/ri-one/ros2_ws/src/install/ecl_geometry/include/ecl/geometry/odometry_helper.hpp
[113.408s] -- Installing: /home/ri-one/ros2_ws/src/install/ecl_geometry/include/ecl/geometry/odometry_typedefs.hpp
[113.408s] -- Installing: /home/ri-one/ros2_ws/src/install/ecl_geometry/include/ecl/geometry/pascals_triangle.hpp
[113.409s] -- Installing: /home/ri-one/ros2_ws/src/install/ecl_geometry/include/ecl/geometry/polynomial.hpp
[113.409s] -- Installing: /home/ri-one/ros2_ws/src/install/ecl_geometry/include/ecl/geometry/pose2d.hpp
[113.409s] -- Installing: /home/ri-one/ros2_ws/src/install/ecl_geometry/include/ecl/geometry/smooth_linear_spline.hpp
[113.409s] -- Installing: /home/ri-one/ros2_ws/src/install/ecl_geometry/include/ecl/geometry/spline_function.hpp
[113.409s] -- Installing: /home/ri-one/ros2_ws/src/install/ecl_geometry/include/ecl/geometry/tension_function.hpp
[113.410s] -- Installing: /home/ri-one/ros2_ws/src/install/ecl_geometry/include/ecl/geometry/tension_spline.hpp
[113.410s] -- Installing: /home/ri-one/ros2_ws/src/install/ecl_geometry/lib/libecl_geometry.so.1.2.1
[113.413s] -- Set runtime path of "/home/ri-one/ros2_ws/src/install/ecl_geometry/lib/libecl_geometry.so.1.2.1" to ""
[113.413s] -- Installing: /home/ri-one/ros2_ws/src/install/ecl_geometry/lib/libecl_geometry.so
[113.416s] Invoked command in '/home/ri-one/ros2_ws/src/build/ecl_geometry' returned '0': AMENT_PREFIX_PATH=/home/ri-one/ros2_ws/src/install/ecl_linear_algebra:/home/ri-one/ros2_ws/src/install/ecl_containers:/home/ri-one/ros2_ws/src/install/ecl_formatters:/home/ri-one/ros2_ws/src/install/ecl_utilities:/home/ri-one/ros2_ws/src/install/ecl_converters:/home/ri-one/ros2_ws/src/install/ecl_math:/home/ri-one/ros2_ws/src/install/ecl_exceptions:/home/ri-one/ros2_ws/src/install/ecl_concepts:/home/ri-one/ros2_ws/src/install/ecl_type_traits:/home/ri-one/ros2_ws/src/install/ecl_errors:/home/ri-one/ros2_ws/src/install/ecl_mpl:/home/ri-one/ros2_ws/src/install/ecl_eigen:/home/ri-one/ros2_ws/src/install/ecl_config:${AMENT_PREFIX_PATH} CMAKE_PREFIX_PATH=/home/ri-one/ros2_ws/src/install/ecl_linear_algebra:/home/ri-one/ros2_ws/src/install/ecl_containers:/home/ri-one/ros2_ws/src/install/ecl_formatters:/home/ri-one/ros2_ws/src/install/ecl_utilities:/home/ri-one/ros2_ws/src/install/ecl_converters:/home/ri-one/ros2_ws/src/install/ecl_math:/home/ri-one/ros2_ws/src/install/ecl_exceptions:/home/ri-one/ros2_ws/src/install/ecl_concepts:/home/ri-one/ros2_ws/src/install/ecl_type_traits:/home/ri-one/ros2_ws/src/install/ecl_errors:/home/ri-one/ros2_ws/src/install/ecl_mpl:/home/ri-one/ros2_ws/src/install/ecl_eigen:/home/ri-one/ros2_ws/src/install/ecl_config:/opt/ros/humble LD_LIBRARY_PATH=/home/ri-one/ros2_ws/src/install/ecl_linear_algebra/lib:/home/ri-one/ros2_ws/src/install/ecl_formatters/lib:/home/ri-one/ros2_ws/src/install/ecl_exceptions/lib:/home/ri-one/ros2_ws/src/install/ecl_type_traits/lib:/home/ri-one/ros2_ws/src/install/ecl_errors/lib:${LD_LIBRARY_PATH} PATH=/home/ri-one/ros2_ws/src/install/ecl_type_traits/bin:/home/ri-one/ros2_ws/src/install/ecl_config/bin:${PATH} /usr/bin/cmake --install /home/ri-one/ros2_ws/src/build/ecl_geometry
