[0.027s] Invoking command in '/home/ri-one/ri_one_master_ws/build/kinect2_calibration': AMENT_PREFIX_PATH=/home/ri-one/ri_one_master_ws/install/kinect2_bridge:/home/ri-one/ri_one_master_ws/install/kinect2_registration:${AMENT_PREFIX_PATH} CMAKE_PREFIX_PATH=/home/ri-one/ri_one_master_ws/install/kinect2_bridge:/home/ri-one/ri_one_master_ws/install/kinect2_registration:/opt/ros/humble LD_LIBRARY_PATH=/home/ri-one/ri_one_master_ws/install/kinect2_registration/lib:${LD_LIBRARY_PATH} /usr/bin/cmake /home/ri-one/ri_one_master_ws/src/kinect2_ros2/kinect2_calibration -DAMENT_CMAKE_SYMLINK_INSTALL=1 -DCMAKE_INSTALL_PREFIX=/home/ri-one/ri_one_master_ws/install/kinect2_calibration
[0.245s] -- The C compiler identification is GNU 11.4.0
[0.392s] -- The CXX compiler identification is GNU 11.4.0
[0.404s] -- Detecting C compiler ABI info
[0.548s] -- Detecting C compiler ABI info - done
[0.569s] -- Check for working C compiler: /usr/bin/cc - skipped
[0.571s] -- Detecting C compile features
[0.573s] -- Detecting C compile features - done
[0.579s] -- Detecting CXX compiler ABI info
[0.764s] -- Detecting CXX compiler ABI info - done
[0.781s] -- Check for working CXX compiler: /usr/bin/c++ - skipped
[0.781s] -- Detecting CXX compile features
[0.782s] -- Detecting CXX compile features - done
[0.787s] -- Found ament_cmake: 1.3.12 (/opt/ros/humble/share/ament_cmake/cmake)
[1.002s] -- Found Python3: /usr/bin/python3 (found version "3.10.12") found components: Interpreter 
[1.090s] -- Override CMake install command with custom implementation using symlinks instead of copying resources
[1.129s] -- Found rclcpp: 16.0.15 (/opt/ros/humble/share/rclcpp/cmake)
[1.192s] -- Found rosidl_generator_c: 3.1.7 (/opt/ros/humble/share/rosidl_generator_c/cmake)
[1.200s] -- Found rosidl_adapter: 3.1.7 (/opt/ros/humble/share/rosidl_adapter/cmake)
[1.212s] -- Found rosidl_generator_cpp: 3.1.7 (/opt/ros/humble/share/rosidl_generator_cpp/cmake)
[1.231s] -- Using all available rosidl_typesupport_c: rosidl_typesupport_fastrtps_c;rosidl_typesupport_introspection_c
[1.255s] -- Using all available rosidl_typesupport_cpp: rosidl_typesupport_fastrtps_cpp;rosidl_typesupport_introspection_cpp
[1.321s] -- Found rmw_implementation_cmake: 6.1.2 (/opt/ros/humble/share/rmw_implementation_cmake/cmake)
[1.325s] -- Found rmw_fastrtps_cpp: 6.2.9 (/opt/ros/humble/share/rmw_fastrtps_cpp/cmake)
[1.454s] -- Found OpenSSL: /usr/lib/x86_64-linux-gnu/libcrypto.so (found version "3.0.2")  
[1.496s] -- Found FastRTPS: /opt/ros/humble/include  
[1.556s] -- Using RMW implementation 'rmw_fastrtps_cpp' as default
[1.569s] -- Looking for pthread.h
[1.675s] -- Looking for pthread.h - found
[1.676s] -- Performing Test CMAKE_HAVE_LIBC_PTHREAD
[1.784s] -- Performing Test CMAKE_HAVE_LIBC_PTHREAD - Success
[1.787s] -- Found Threads: TRUE  
[1.881s] -- Found OpenCV: /usr (found version "4.5.4") 
[1.883s] -- Found cv_bridge: 3.2.1 (/opt/ros/humble/share/cv_bridge/cmake)
[1.937s] -- Found message_filters: 4.3.11 (/opt/ros/humble/share/message_filters/cmake)
[1.944s] -- Found image_transport: 3.1.12 (/opt/ros/humble/share/image_transport/cmake)
[1.989s] -- Found compressed_image_transport: 2.5.4 (/opt/ros/humble/share/compressed_image_transport/cmake)
[1.992s] -- Found compressed_depth_image_transport: 2.5.4 (/opt/ros/humble/share/compressed_depth_image_transport/cmake)
[1.993s] -- Found kinect2_bridge: 0.0.0 (/home/ri-one/ri_one_master_ws/install/kinect2_bridge/share/kinect2_bridge/cmake)
[1.996s] -- Found kinect2_registration: 0.0.0 (/home/ri-one/ri_one_master_ws/install/kinect2_registration/share/kinect2_registration/cmake)
[2.358s] -- Found OpenMP_C: -fopenmp (found version "4.5") 
[2.489s] -- Found OpenMP_CXX: -fopenmp (found version "4.5") 
[2.490s] -- Found OpenMP: TRUE (found version "4.5")  
[2.500s] -- Found ament_lint_auto: 0.12.14 (/opt/ros/humble/share/ament_lint_auto/cmake)
[2.617s] -- Added test 'cppcheck' to perform static code analysis on C / C++ code
[2.617s] -- Configured cppcheck include dirs: /home/ri-one/ri_one_master_ws/src/kinect2_ros2/kinect2_calibration/include
[2.617s] -- Configured cppcheck exclude dirs and/or files: 
[2.618s] -- Added test 'flake8' to check Python code syntax and style conventions
[2.620s] -- Added test 'lint_cmake' to check CMake code style
[2.621s] -- Added test 'pep257' to check Python code against some of the docstring style conventions in PEP 257
[2.624s] -- Added test 'uncrustify' to check C / C++ code style
[2.624s] -- Configured uncrustify additional arguments: 
[2.625s] -- Added test 'xmllint' to check XML markup files
[2.628s] -- Configuring done
[2.655s] -- Generating done
[2.663s] -- Build files have been written to: /home/ri-one/ri_one_master_ws/build/kinect2_calibration
