[0.039s] Invoking command in '/home/ri-one/ri_one_master_ws/build/ecl_command_line': CMAKE_PREFIX_PATH=${CMAKE_PREFIX_PATH}:/home/ri-one/ri_one_master_ws/install/ros2_tests:/home/ri-one/ri_one_master_ws/install/gesture_to_motion:/home/ri-one/ri_one_master_ws/install/gesture_detection:/opt/ros/humble /usr/bin/cmake --build /home/ri-one/ri_one_master_ws/build/ecl_command_line -- -j4 -l4
[0.193s] [100%] Built target ecl_demo_command_line
[0.238s] Invoked command in '/home/ri-one/ri_one_master_ws/build/ecl_command_line' returned '0': CMAKE_PREFIX_PATH=${CMAKE_PREFIX_PATH}:/home/ri-one/ri_one_master_ws/install/ros2_tests:/home/ri-one/ri_one_master_ws/install/gesture_to_motion:/home/ri-one/ri_one_master_ws/install/gesture_detection:/opt/ros/humble /usr/bin/cmake --build /home/ri-one/ri_one_master_ws/build/ecl_command_line -- -j4 -l4
[0.244s] Invoking command in '/home/ri-one/ri_one_master_ws/build/ecl_command_line': CMAKE_PREFIX_PATH=${CMAKE_PREFIX_PATH}:/home/ri-one/ri_one_master_ws/install/ros2_tests:/home/ri-one/ri_one_master_ws/install/gesture_to_motion:/home/ri-one/ri_one_master_ws/install/gesture_detection:/opt/ros/humble /usr/bin/cmake --install /home/ri-one/ri_one_master_ws/build/ecl_command_line
[0.273s] -- Install configuration: ""
[0.275s] -- Execute custom install script
[0.276s] -- Up-to-date symlink: /home/ri-one/ri_one_master_ws/install/ecl_command_line/include/ecl/command_line/arg.hpp
[0.277s] -- Up-to-date symlink: /home/ri-one/ri_one_master_ws/install/ecl_command_line/include/ecl/command_line/arg_exception.hpp
[0.278s] -- Up-to-date symlink: /home/ri-one/ri_one_master_ws/install/ecl_command_line/include/ecl/command_line/cmd_line.hpp
[0.279s] -- Up-to-date symlink: /home/ri-one/ri_one_master_ws/install/ecl_command_line/include/ecl/command_line/cmd_line_interface.hpp
[0.279s] -- Up-to-date symlink: /home/ri-one/ri_one_master_ws/install/ecl_command_line/include/ecl/command_line/cmd_line_output.hpp
[0.280s] -- Up-to-date symlink: /home/ri-one/ri_one_master_ws/install/ecl_command_line/include/ecl/command_line/constraint.hpp
[0.281s] -- Up-to-date symlink: /home/ri-one/ri_one_master_ws/install/ecl_command_line/include/ecl/command_line/docbook_output.hpp
[0.281s] -- Up-to-date symlink: /home/ri-one/ri_one_master_ws/install/ecl_command_line/include/ecl/command_line/help_visitor.hpp
[0.282s] -- Up-to-date symlink: /home/ri-one/ri_one_master_ws/install/ecl_command_line/include/ecl/command_line/ignore_rest_visitor.hpp
[0.283s] -- Up-to-date symlink: /home/ri-one/ri_one_master_ws/install/ecl_command_line/include/ecl/command_line/multi_arg.hpp
[0.283s] -- Up-to-date symlink: /home/ri-one/ri_one_master_ws/install/ecl_command_line/include/ecl/command_line/multi_switch_arg.hpp
[0.284s] -- Up-to-date symlink: /home/ri-one/ri_one_master_ws/install/ecl_command_line/include/ecl/command_line/optional_unlabeled_tracker.hpp
[0.285s] -- Up-to-date symlink: /home/ri-one/ri_one_master_ws/install/ecl_command_line/include/ecl/command_line/std_output.hpp
[0.286s] -- Up-to-date symlink: /home/ri-one/ri_one_master_ws/install/ecl_command_line/include/ecl/command_line/switch_arg.hpp
[0.286s] -- Up-to-date symlink: /home/ri-one/ri_one_master_ws/install/ecl_command_line/include/ecl/command_line/unlabeled_multi_arg.hpp
[0.287s] -- Up-to-date symlink: /home/ri-one/ri_one_master_ws/install/ecl_command_line/include/ecl/command_line/unlabeled_value_arg.hpp
[0.287s] -- Up-to-date symlink: /home/ri-one/ri_one_master_ws/install/ecl_command_line/include/ecl/command_line/value_arg.hpp
[0.288s] -- Up-to-date symlink: /home/ri-one/ri_one_master_ws/install/ecl_command_line/include/ecl/command_line/values_constraint.hpp
[0.288s] -- Up-to-date symlink: /home/ri-one/ri_one_master_ws/install/ecl_command_line/include/ecl/command_line/version_visitor.hpp
[0.289s] -- Up-to-date symlink: /home/ri-one/ri_one_master_ws/install/ecl_command_line/include/ecl/command_line/visitor.hpp
[0.290s] -- Up-to-date symlink: /home/ri-one/ri_one_master_ws/install/ecl_command_line/include/ecl/command_line/xor_handler.hpp
[0.290s] -- Up-to-date symlink: /home/ri-one/ri_one_master_ws/install/ecl_command_line/include/ecl/command_line.hpp
[0.291s] -- Up-to-date symlink: /home/ri-one/ri_one_master_ws/install/ecl_command_line/lib/ecl_command_line/demo_command_line
[0.292s] -- Up-to-date symlink: /home/ri-one/ri_one_master_ws/install/ecl_command_line/share/ament_index/resource_index/package_run_dependencies/ecl_command_line
[0.293s] -- Up-to-date symlink: /home/ri-one/ri_one_master_ws/install/ecl_command_line/share/ament_index/resource_index/parent_prefix_path/ecl_command_line
[0.293s] -- Up-to-date symlink: /home/ri-one/ri_one_master_ws/install/ecl_command_line/share/ecl_command_line/environment/ament_prefix_path.sh
[0.294s] -- Up-to-date symlink: /home/ri-one/ri_one_master_ws/install/ecl_command_line/share/ecl_command_line/environment/ament_prefix_path.dsv
[0.295s] -- Up-to-date symlink: /home/ri-one/ri_one_master_ws/install/ecl_command_line/share/ecl_command_line/environment/path.sh
[0.296s] -- Up-to-date symlink: /home/ri-one/ri_one_master_ws/install/ecl_command_line/share/ecl_command_line/environment/path.dsv
[0.296s] -- Up-to-date symlink: /home/ri-one/ri_one_master_ws/install/ecl_command_line/share/ecl_command_line/local_setup.bash
[0.298s] -- Up-to-date symlink: /home/ri-one/ri_one_master_ws/install/ecl_command_line/share/ecl_command_line/local_setup.sh
[0.298s] -- Up-to-date symlink: /home/ri-one/ri_one_master_ws/install/ecl_command_line/share/ecl_command_line/local_setup.zsh
[0.299s] -- Up-to-date symlink: /home/ri-one/ri_one_master_ws/install/ecl_command_line/share/ecl_command_line/local_setup.dsv
[0.299s] -- Symlinking: /home/ri-one/ri_one_master_ws/install/ecl_command_line/share/ecl_command_line/package.dsv
[0.326s] -- Up-to-date symlink: /home/ri-one/ri_one_master_ws/install/ecl_command_line/share/ament_index/resource_index/packages/ecl_command_line
[0.326s] -- Up-to-date symlink: /home/ri-one/ri_one_master_ws/install/ecl_command_line/share/ecl_command_line/cmake/ament_cmake_export_targets-extras.cmake
[0.328s] -- Up-to-date symlink: /home/ri-one/ri_one_master_ws/install/ecl_command_line/share/ecl_command_line/cmake/ament_cmake_export_include_directories-extras.cmake
[0.329s] -- Up-to-date symlink: /home/ri-one/ri_one_master_ws/install/ecl_command_line/share/ecl_command_line/cmake/ecl_command_lineConfig.cmake
[0.330s] -- Up-to-date symlink: /home/ri-one/ri_one_master_ws/install/ecl_command_line/share/ecl_command_line/cmake/ecl_command_lineConfig-version.cmake
[0.331s] -- Up-to-date symlink: /home/ri-one/ri_one_master_ws/install/ecl_command_line/share/ecl_command_line/package.xml
[0.333s] -- Up-to-date: /home/ri-one/ri_one_master_ws/install/ecl_command_line/share/ecl_command_line/cmake/ecl_command_lineExport.cmake
[0.341s] Invoked command in '/home/ri-one/ri_one_master_ws/build/ecl_command_line' returned '0': CMAKE_PREFIX_PATH=${CMAKE_PREFIX_PATH}:/home/ri-one/ri_one_master_ws/install/ros2_tests:/home/ri-one/ri_one_master_ws/install/gesture_to_motion:/home/ri-one/ri_one_master_ws/install/gesture_detection:/opt/ros/humble /usr/bin/cmake --install /home/ri-one/ri_one_master_ws/build/ecl_command_line
