[0.055s] Invoking command in '/home/ri-one/ros2_ws/src/build/ecl_mobile_robot': AMENT_PREFIX_PATH=/home/ri-one/ros2_ws/src/install/ecl_geometry:/home/ri-one/ros2_ws/src/install/ecl_linear_algebra:/home/ri-one/ros2_ws/src/install/ecl_containers:/home/ri-one/ros2_ws/src/install/ecl_formatters:/home/ri-one/ros2_ws/src/install/ecl_utilities:/home/ri-one/ros2_ws/src/install/ecl_converters:/home/ri-one/ros2_ws/src/install/ecl_math:/home/ri-one/ros2_ws/src/install/ecl_exceptions:/home/ri-one/ros2_ws/src/install/ecl_concepts:/home/ri-one/ros2_ws/src/install/ecl_type_traits:/home/ri-one/ros2_ws/src/install/ecl_errors:/home/ri-one/ros2_ws/src/install/ecl_mpl:/home/ri-one/ros2_ws/src/install/ecl_eigen:/home/ri-one/ros2_ws/src/install/ecl_config:${AMENT_PREFIX_PATH} CMAKE_PREFIX_PATH=/home/ri-one/ros2_ws/src/install/ecl_geometry:/home/ri-one/ros2_ws/src/install/ecl_linear_algebra:/home/ri-one/ros2_ws/src/install/ecl_containers:/home/ri-one/ros2_ws/src/install/ecl_formatters:/home/ri-one/ros2_ws/src/install/ecl_utilities:/home/ri-one/ros2_ws/src/install/ecl_converters:/home/ri-one/ros2_ws/src/install/ecl_math:/home/ri-one/ros2_ws/src/install/ecl_exceptions:/home/ri-one/ros2_ws/src/install/ecl_concepts:/home/ri-one/ros2_ws/src/install/ecl_type_traits:/home/ri-one/ros2_ws/src/install/ecl_errors:/home/ri-one/ros2_ws/src/install/ecl_mpl:/home/ri-one/ros2_ws/src/install/ecl_eigen:/home/ri-one/ros2_ws/src/install/ecl_config:/opt/ros/humble LD_LIBRARY_PATH=/home/ri-one/ros2_ws/src/install/ecl_geometry/lib:/home/ri-one/ros2_ws/src/install/ecl_linear_algebra/lib:/home/ri-one/ros2_ws/src/install/ecl_formatters/lib:/home/ri-one/ros2_ws/src/install/ecl_exceptions/lib:/home/ri-one/ros2_ws/src/install/ecl_type_traits/lib:/home/ri-one/ros2_ws/src/install/ecl_errors/lib:${LD_LIBRARY_PATH} PATH=/home/ri-one/ros2_ws/src/install/ecl_type_traits/bin:/home/ri-one/ros2_ws/src/install/ecl_config/bin:${PATH} /usr/bin/cmake /home/ri-one/ros2_ws/src/turtlebot2_ros2/ecl_core/ecl_mobile_robot -DCMAKE_INSTALL_PREFIX=/home/ri-one/ros2_ws/src/install/ecl_mobile_robot
[0.182s] -- The C compiler identification is GNU 11.4.0
[0.323s] -- The CXX compiler identification is GNU 11.4.0
[0.340s] -- Detecting C compiler ABI info
[0.499s] -- Detecting C compiler ABI info - done
[0.526s] -- Check for working C compiler: /usr/bin/cc - skipped
[0.526s] -- Detecting C compile features
[0.529s] -- Detecting C compile features - done
[0.534s] -- Detecting CXX compiler ABI info
[0.720s] -- Detecting CXX compiler ABI info - done
[0.742s] -- Check for working CXX compiler: /usr/bin/c++ - skipped
[0.743s] -- Detecting CXX compile features
[0.745s] -- Detecting CXX compile features - done
[0.751s] -- Found ament_cmake_ros: 0.10.0 (/opt/ros/humble/share/ament_cmake_ros/cmake)
[1.123s] -- Found Python3: /usr/bin/python3 (found version "3.10.12") found components: Interpreter 
[1.375s] -- Found ecl_build: 1.0.3 (/opt/ros/humble/share/ecl_build/cmake)
[1.392s] -- Found ecl_errors: 1.2.0 (/home/ri-one/ros2_ws/src/install/ecl_errors/share/ecl_errors/cmake)
[1.408s] -- Found ecl_formatters: 1.2.1 (/home/ri-one/ros2_ws/src/install/ecl_formatters/share/ecl_formatters/cmake)
[1.463s] -- Found ecl_geometry: 1.2.1 (/home/ri-one/ros2_ws/src/install/ecl_geometry/share/ecl_geometry/cmake)
[2.145s] -- Found ament_lint_auto: 0.12.14 (/opt/ros/humble/share/ament_lint_auto/cmake)
[2.215s] -- Found gtest sources under '/opt/ros/humble/src/gtest_vendor': C++ tests using 'Google Test' will be built
[2.218s] -- Found Threads: TRUE  
[2.237s] -- Configuring done
[2.272s] -- Generating done
[2.283s] -- Build files have been written to: /home/ri-one/ros2_ws/src/build/ecl_mobile_robot
[2.303s] Invoked command in '/home/ri-one/ros2_ws/src/build/ecl_mobile_robot' returned '0': AMENT_PREFIX_PATH=/home/ri-one/ros2_ws/src/install/ecl_geometry:/home/ri-one/ros2_ws/src/install/ecl_linear_algebra:/home/ri-one/ros2_ws/src/install/ecl_containers:/home/ri-one/ros2_ws/src/install/ecl_formatters:/home/ri-one/ros2_ws/src/install/ecl_utilities:/home/ri-one/ros2_ws/src/install/ecl_converters:/home/ri-one/ros2_ws/src/install/ecl_math:/home/ri-one/ros2_ws/src/install/ecl_exceptions:/home/ri-one/ros2_ws/src/install/ecl_concepts:/home/ri-one/ros2_ws/src/install/ecl_type_traits:/home/ri-one/ros2_ws/src/install/ecl_errors:/home/ri-one/ros2_ws/src/install/ecl_mpl:/home/ri-one/ros2_ws/src/install/ecl_eigen:/home/ri-one/ros2_ws/src/install/ecl_config:${AMENT_PREFIX_PATH} CMAKE_PREFIX_PATH=/home/ri-one/ros2_ws/src/install/ecl_geometry:/home/ri-one/ros2_ws/src/install/ecl_linear_algebra:/home/ri-one/ros2_ws/src/install/ecl_containers:/home/ri-one/ros2_ws/src/install/ecl_formatters:/home/ri-one/ros2_ws/src/install/ecl_utilities:/home/ri-one/ros2_ws/src/install/ecl_converters:/home/ri-one/ros2_ws/src/install/ecl_math:/home/ri-one/ros2_ws/src/install/ecl_exceptions:/home/ri-one/ros2_ws/src/install/ecl_concepts:/home/ri-one/ros2_ws/src/install/ecl_type_traits:/home/ri-one/ros2_ws/src/install/ecl_errors:/home/ri-one/ros2_ws/src/install/ecl_mpl:/home/ri-one/ros2_ws/src/install/ecl_eigen:/home/ri-one/ros2_ws/src/install/ecl_config:/opt/ros/humble LD_LIBRARY_PATH=/home/ri-one/ros2_ws/src/install/ecl_geometry/lib:/home/ri-one/ros2_ws/src/install/ecl_linear_algebra/lib:/home/ri-one/ros2_ws/src/install/ecl_formatters/lib:/home/ri-one/ros2_ws/src/install/ecl_exceptions/lib:/home/ri-one/ros2_ws/src/install/ecl_type_traits/lib:/home/ri-one/ros2_ws/src/install/ecl_errors/lib:${LD_LIBRARY_PATH} PATH=/home/ri-one/ros2_ws/src/install/ecl_type_traits/bin:/home/ri-one/ros2_ws/src/install/ecl_config/bin:${PATH} /usr/bin/cmake /home/ri-one/ros2_ws/src/turtlebot2_ros2/ecl_core/ecl_mobile_robot -DCMAKE_INSTALL_PREFIX=/home/ri-one/ros2_ws/src/install/ecl_mobile_robot
[2.303s] Invoking command in '/home/ri-one/ros2_ws/src/build/ecl_mobile_robot': AMENT_PREFIX_PATH=/home/ri-one/ros2_ws/src/install/ecl_geometry:/home/ri-one/ros2_ws/src/install/ecl_linear_algebra:/home/ri-one/ros2_ws/src/install/ecl_containers:/home/ri-one/ros2_ws/src/install/ecl_formatters:/home/ri-one/ros2_ws/src/install/ecl_utilities:/home/ri-one/ros2_ws/src/install/ecl_converters:/home/ri-one/ros2_ws/src/install/ecl_math:/home/ri-one/ros2_ws/src/install/ecl_exceptions:/home/ri-one/ros2_ws/src/install/ecl_concepts:/home/ri-one/ros2_ws/src/install/ecl_type_traits:/home/ri-one/ros2_ws/src/install/ecl_errors:/home/ri-one/ros2_ws/src/install/ecl_mpl:/home/ri-one/ros2_ws/src/install/ecl_eigen:/home/ri-one/ros2_ws/src/install/ecl_config:${AMENT_PREFIX_PATH} CMAKE_PREFIX_PATH=/home/ri-one/ros2_ws/src/install/ecl_geometry:/home/ri-one/ros2_ws/src/install/ecl_linear_algebra:/home/ri-one/ros2_ws/src/install/ecl_containers:/home/ri-one/ros2_ws/src/install/ecl_formatters:/home/ri-one/ros2_ws/src/install/ecl_utilities:/home/ri-one/ros2_ws/src/install/ecl_converters:/home/ri-one/ros2_ws/src/install/ecl_math:/home/ri-one/ros2_ws/src/install/ecl_exceptions:/home/ri-one/ros2_ws/src/install/ecl_concepts:/home/ri-one/ros2_ws/src/install/ecl_type_traits:/home/ri-one/ros2_ws/src/install/ecl_errors:/home/ri-one/ros2_ws/src/install/ecl_mpl:/home/ri-one/ros2_ws/src/install/ecl_eigen:/home/ri-one/ros2_ws/src/install/ecl_config:/opt/ros/humble LD_LIBRARY_PATH=/home/ri-one/ros2_ws/src/install/ecl_geometry/lib:/home/ri-one/ros2_ws/src/install/ecl_linear_algebra/lib:/home/ri-one/ros2_ws/src/install/ecl_formatters/lib:/home/ri-one/ros2_ws/src/install/ecl_exceptions/lib:/home/ri-one/ros2_ws/src/install/ecl_type_traits/lib:/home/ri-one/ros2_ws/src/install/ecl_errors/lib:${LD_LIBRARY_PATH} PATH=/home/ri-one/ros2_ws/src/install/ecl_type_traits/bin:/home/ri-one/ros2_ws/src/install/ecl_config/bin:${PATH} /usr/bin/cmake --build /home/ri-one/ros2_ws/src/build/ecl_mobile_robot -- -j4 -l4
[2.413s] [ 12%] [32mBuilding CXX object src/lib/CMakeFiles/ecl_mobile_robot.dir/differential_drive.cpp.o[0m
[6.206s] [ 25%] [32m[1mLinking CXX shared library libecl_mobile_robot.so[0m
[6.413s] [ 25%] Built target ecl_mobile_robot
[6.445s] [ 37%] [32mBuilding CXX object gtest/CMakeFiles/gtest.dir/src/gtest-all.cc.o[0m
[12.166s] [ 50%] [32m[1mLinking CXX static library libgtest.a[0m
[12.297s] [ 50%] Built target gtest
[12.340s] [ 62%] [32mBuilding CXX object gtest/CMakeFiles/gtest_main.dir/src/gtest_main.cc.o[0m
[13.627s] [ 75%] [32m[1mLinking CXX static library libgtest_main.a[0m
[13.700s] [ 75%] Built target gtest_main
[13.742s] [ 87%] [32mBuilding CXX object src/test/CMakeFiles/ecl_test_partial_inverse.dir/partial_inverse.cpp.o[0m
[20.060s] [100%] [32m[1mLinking CXX executable ecl_test_partial_inverse[0m
[20.426s] [100%] Built target ecl_test_partial_inverse
[20.450s] Invoked command in '/home/ri-one/ros2_ws/src/build/ecl_mobile_robot' returned '0': AMENT_PREFIX_PATH=/home/ri-one/ros2_ws/src/install/ecl_geometry:/home/ri-one/ros2_ws/src/install/ecl_linear_algebra:/home/ri-one/ros2_ws/src/install/ecl_containers:/home/ri-one/ros2_ws/src/install/ecl_formatters:/home/ri-one/ros2_ws/src/install/ecl_utilities:/home/ri-one/ros2_ws/src/install/ecl_converters:/home/ri-one/ros2_ws/src/install/ecl_math:/home/ri-one/ros2_ws/src/install/ecl_exceptions:/home/ri-one/ros2_ws/src/install/ecl_concepts:/home/ri-one/ros2_ws/src/install/ecl_type_traits:/home/ri-one/ros2_ws/src/install/ecl_errors:/home/ri-one/ros2_ws/src/install/ecl_mpl:/home/ri-one/ros2_ws/src/install/ecl_eigen:/home/ri-one/ros2_ws/src/install/ecl_config:${AMENT_PREFIX_PATH} CMAKE_PREFIX_PATH=/home/ri-one/ros2_ws/src/install/ecl_geometry:/home/ri-one/ros2_ws/src/install/ecl_linear_algebra:/home/ri-one/ros2_ws/src/install/ecl_containers:/home/ri-one/ros2_ws/src/install/ecl_formatters:/home/ri-one/ros2_ws/src/install/ecl_utilities:/home/ri-one/ros2_ws/src/install/ecl_converters:/home/ri-one/ros2_ws/src/install/ecl_math:/home/ri-one/ros2_ws/src/install/ecl_exceptions:/home/ri-one/ros2_ws/src/install/ecl_concepts:/home/ri-one/ros2_ws/src/install/ecl_type_traits:/home/ri-one/ros2_ws/src/install/ecl_errors:/home/ri-one/ros2_ws/src/install/ecl_mpl:/home/ri-one/ros2_ws/src/install/ecl_eigen:/home/ri-one/ros2_ws/src/install/ecl_config:/opt/ros/humble LD_LIBRARY_PATH=/home/ri-one/ros2_ws/src/install/ecl_geometry/lib:/home/ri-one/ros2_ws/src/install/ecl_linear_algebra/lib:/home/ri-one/ros2_ws/src/install/ecl_formatters/lib:/home/ri-one/ros2_ws/src/install/ecl_exceptions/lib:/home/ri-one/ros2_ws/src/install/ecl_type_traits/lib:/home/ri-one/ros2_ws/src/install/ecl_errors/lib:${LD_LIBRARY_PATH} PATH=/home/ri-one/ros2_ws/src/install/ecl_type_traits/bin:/home/ri-one/ros2_ws/src/install/ecl_config/bin:${PATH} /usr/bin/cmake --build /home/ri-one/ros2_ws/src/build/ecl_mobile_robot -- -j4 -l4
[20.453s] Invoking command in '/home/ri-one/ros2_ws/src/build/ecl_mobile_robot': AMENT_PREFIX_PATH=/home/ri-one/ros2_ws/src/install/ecl_geometry:/home/ri-one/ros2_ws/src/install/ecl_linear_algebra:/home/ri-one/ros2_ws/src/install/ecl_containers:/home/ri-one/ros2_ws/src/install/ecl_formatters:/home/ri-one/ros2_ws/src/install/ecl_utilities:/home/ri-one/ros2_ws/src/install/ecl_converters:/home/ri-one/ros2_ws/src/install/ecl_math:/home/ri-one/ros2_ws/src/install/ecl_exceptions:/home/ri-one/ros2_ws/src/install/ecl_concepts:/home/ri-one/ros2_ws/src/install/ecl_type_traits:/home/ri-one/ros2_ws/src/install/ecl_errors:/home/ri-one/ros2_ws/src/install/ecl_mpl:/home/ri-one/ros2_ws/src/install/ecl_eigen:/home/ri-one/ros2_ws/src/install/ecl_config:${AMENT_PREFIX_PATH} CMAKE_PREFIX_PATH=/home/ri-one/ros2_ws/src/install/ecl_geometry:/home/ri-one/ros2_ws/src/install/ecl_linear_algebra:/home/ri-one/ros2_ws/src/install/ecl_containers:/home/ri-one/ros2_ws/src/install/ecl_formatters:/home/ri-one/ros2_ws/src/install/ecl_utilities:/home/ri-one/ros2_ws/src/install/ecl_converters:/home/ri-one/ros2_ws/src/install/ecl_math:/home/ri-one/ros2_ws/src/install/ecl_exceptions:/home/ri-one/ros2_ws/src/install/ecl_concepts:/home/ri-one/ros2_ws/src/install/ecl_type_traits:/home/ri-one/ros2_ws/src/install/ecl_errors:/home/ri-one/ros2_ws/src/install/ecl_mpl:/home/ri-one/ros2_ws/src/install/ecl_eigen:/home/ri-one/ros2_ws/src/install/ecl_config:/opt/ros/humble LD_LIBRARY_PATH=/home/ri-one/ros2_ws/src/install/ecl_geometry/lib:/home/ri-one/ros2_ws/src/install/ecl_linear_algebra/lib:/home/ri-one/ros2_ws/src/install/ecl_formatters/lib:/home/ri-one/ros2_ws/src/install/ecl_exceptions/lib:/home/ri-one/ros2_ws/src/install/ecl_type_traits/lib:/home/ri-one/ros2_ws/src/install/ecl_errors/lib:${LD_LIBRARY_PATH} PATH=/home/ri-one/ros2_ws/src/install/ecl_type_traits/bin:/home/ri-one/ros2_ws/src/install/ecl_config/bin:${PATH} /usr/bin/cmake --install /home/ri-one/ros2_ws/src/build/ecl_mobile_robot
[20.473s] -- Install configuration: ""
[20.473s] -- Installing: /home/ri-one/ros2_ws/src/install/ecl_mobile_robot/share/ecl_mobile_robot/environment/library_path.sh
[20.474s] -- Installing: /home/ri-one/ros2_ws/src/install/ecl_mobile_robot/share/ecl_mobile_robot/environment/library_path.dsv
[20.474s] -- Installing: /home/ri-one/ros2_ws/src/install/ecl_mobile_robot/share/ament_index/resource_index/package_run_dependencies/ecl_mobile_robot
[20.474s] -- Installing: /home/ri-one/ros2_ws/src/install/ecl_mobile_robot/share/ament_index/resource_index/parent_prefix_path/ecl_mobile_robot
[20.474s] -- Installing: /home/ri-one/ros2_ws/src/install/ecl_mobile_robot/share/ecl_mobile_robot/environment/ament_prefix_path.sh
[20.477s] -- Installing: /home/ri-one/ros2_ws/src/install/ecl_mobile_robot/share/ecl_mobile_robot/environment/ament_prefix_path.dsv
[20.477s] -- Installing: /home/ri-one/ros2_ws/src/install/ecl_mobile_robot/share/ecl_mobile_robot/environment/path.sh
[20.478s] -- Installing: /home/ri-one/ros2_ws/src/install/ecl_mobile_robot/share/ecl_mobile_robot/environment/path.dsv
[20.478s] -- Installing: /home/ri-one/ros2_ws/src/install/ecl_mobile_robot/share/ecl_mobile_robot/local_setup.bash
[20.478s] -- Installing: /home/ri-one/ros2_ws/src/install/ecl_mobile_robot/share/ecl_mobile_robot/local_setup.sh
[20.478s] -- Installing: /home/ri-one/ros2_ws/src/install/ecl_mobile_robot/share/ecl_mobile_robot/local_setup.zsh
[20.478s] -- Installing: /home/ri-one/ros2_ws/src/install/ecl_mobile_robot/share/ecl_mobile_robot/local_setup.dsv
[20.478s] -- Installing: /home/ri-one/ros2_ws/src/install/ecl_mobile_robot/share/ecl_mobile_robot/package.dsv
[20.478s] -- Installing: /home/ri-one/ros2_ws/src/install/ecl_mobile_robot/share/ament_index/resource_index/packages/ecl_mobile_robot
[20.479s] -- Installing: /home/ri-one/ros2_ws/src/install/ecl_mobile_robot/share/ecl_mobile_robot/cmake/ecl_mobile_robotExport.cmake
[20.479s] -- Installing: /home/ri-one/ros2_ws/src/install/ecl_mobile_robot/share/ecl_mobile_robot/cmake/ecl_mobile_robotExport-noconfig.cmake
[20.479s] -- Installing: /home/ri-one/ros2_ws/src/install/ecl_mobile_robot/share/ecl_mobile_robot/cmake/ament_cmake_export_targets-extras.cmake
[20.479s] -- Installing: /home/ri-one/ros2_ws/src/install/ecl_mobile_robot/share/ecl_mobile_robot/cmake/ament_cmake_export_include_directories-extras.cmake
[20.479s] -- Installing: /home/ri-one/ros2_ws/src/install/ecl_mobile_robot/share/ecl_mobile_robot/cmake/ament_cmake_export_libraries-extras.cmake
[20.482s] -- Installing: /home/ri-one/ros2_ws/src/install/ecl_mobile_robot/share/ecl_mobile_robot/cmake/ament_cmake_export_dependencies-extras.cmake
[20.482s] -- Installing: /home/ri-one/ros2_ws/src/install/ecl_mobile_robot/share/ecl_mobile_robot/cmake/ecl_mobile_robotConfig.cmake
[20.482s] -- Installing: /home/ri-one/ros2_ws/src/install/ecl_mobile_robot/share/ecl_mobile_robot/cmake/ecl_mobile_robotConfig-version.cmake
[20.482s] -- Installing: /home/ri-one/ros2_ws/src/install/ecl_mobile_robot/share/ecl_mobile_robot/package.xml
[20.482s] -- Installing: /home/ri-one/ros2_ws/src/install/ecl_mobile_robot/include/ecl/mobile_robot.hpp
[20.484s] -- Installing: /home/ri-one/ros2_ws/src/install/ecl_mobile_robot/include/ecl/mobile_robot/differential_drive.hpp
[20.484s] -- Installing: /home/ri-one/ros2_ws/src/install/ecl_mobile_robot/include/ecl/mobile_robot/macros.hpp
[20.485s] -- Installing: /home/ri-one/ros2_ws/src/install/ecl_mobile_robot/include/ecl/mobile_robot/kinematics/differential_drive.hpp
[20.487s] -- Installing: /home/ri-one/ros2_ws/src/install/ecl_mobile_robot/lib/libecl_mobile_robot.so.1.2.1
[20.488s] -- Set runtime path of "/home/ri-one/ros2_ws/src/install/ecl_mobile_robot/lib/libecl_mobile_robot.so.1.2.1" to ""
[20.489s] -- Installing: /home/ri-one/ros2_ws/src/install/ecl_mobile_robot/lib/libecl_mobile_robot.so
[20.493s] Invoked command in '/home/ri-one/ros2_ws/src/build/ecl_mobile_robot' returned '0': AMENT_PREFIX_PATH=/home/ri-one/ros2_ws/src/install/ecl_geometry:/home/ri-one/ros2_ws/src/install/ecl_linear_algebra:/home/ri-one/ros2_ws/src/install/ecl_containers:/home/ri-one/ros2_ws/src/install/ecl_formatters:/home/ri-one/ros2_ws/src/install/ecl_utilities:/home/ri-one/ros2_ws/src/install/ecl_converters:/home/ri-one/ros2_ws/src/install/ecl_math:/home/ri-one/ros2_ws/src/install/ecl_exceptions:/home/ri-one/ros2_ws/src/install/ecl_concepts:/home/ri-one/ros2_ws/src/install/ecl_type_traits:/home/ri-one/ros2_ws/src/install/ecl_errors:/home/ri-one/ros2_ws/src/install/ecl_mpl:/home/ri-one/ros2_ws/src/install/ecl_eigen:/home/ri-one/ros2_ws/src/install/ecl_config:${AMENT_PREFIX_PATH} CMAKE_PREFIX_PATH=/home/ri-one/ros2_ws/src/install/ecl_geometry:/home/ri-one/ros2_ws/src/install/ecl_linear_algebra:/home/ri-one/ros2_ws/src/install/ecl_containers:/home/ri-one/ros2_ws/src/install/ecl_formatters:/home/ri-one/ros2_ws/src/install/ecl_utilities:/home/ri-one/ros2_ws/src/install/ecl_converters:/home/ri-one/ros2_ws/src/install/ecl_math:/home/ri-one/ros2_ws/src/install/ecl_exceptions:/home/ri-one/ros2_ws/src/install/ecl_concepts:/home/ri-one/ros2_ws/src/install/ecl_type_traits:/home/ri-one/ros2_ws/src/install/ecl_errors:/home/ri-one/ros2_ws/src/install/ecl_mpl:/home/ri-one/ros2_ws/src/install/ecl_eigen:/home/ri-one/ros2_ws/src/install/ecl_config:/opt/ros/humble LD_LIBRARY_PATH=/home/ri-one/ros2_ws/src/install/ecl_geometry/lib:/home/ri-one/ros2_ws/src/install/ecl_linear_algebra/lib:/home/ri-one/ros2_ws/src/install/ecl_formatters/lib:/home/ri-one/ros2_ws/src/install/ecl_exceptions/lib:/home/ri-one/ros2_ws/src/install/ecl_type_traits/lib:/home/ri-one/ros2_ws/src/install/ecl_errors/lib:${LD_LIBRARY_PATH} PATH=/home/ri-one/ros2_ws/src/install/ecl_type_traits/bin:/home/ri-one/ros2_ws/src/install/ecl_config/bin:${PATH} /usr/bin/cmake --install /home/ri-one/ros2_ws/src/build/ecl_mobile_robot
