[0.085s] Invoking command in '/home/ri-one/ri_one_master_ws/build/kobuki_random_walker': AMENT_PREFIX_PATH=/home/ri-one/ri_one_master_ws/install/kobuki_ros_interfaces:${AMENT_PREFIX_PATH} CMAKE_PREFIX_PATH=/home/ri-one/ri_one_master_ws/install/kobuki_ros_interfaces:/opt/ros/humble LD_LIBRARY_PATH=/home/ri-one/ri_one_master_ws/install/kobuki_ros_interfaces/lib:${LD_LIBRARY_PATH} PYTHONPATH=/home/ri-one/ri_one_master_ws/install/kobuki_ros_interfaces/local/lib/python3.10/dist-packages:${PYTHONPATH} /usr/bin/cmake --build /home/ri-one/ri_one_master_ws/build/kobuki_random_walker -- -j4 -l4
[0.236s] [ 50%] Built target kobuki_random_walker
[0.236s] [100%] Built target kobuki_random_walker_node
[0.302s] Invoked command in '/home/ri-one/ri_one_master_ws/build/kobuki_random_walker' returned '0': AMENT_PREFIX_PATH=/home/ri-one/ri_one_master_ws/install/kobuki_ros_interfaces:${AMENT_PREFIX_PATH} CMAKE_PREFIX_PATH=/home/ri-one/ri_one_master_ws/install/kobuki_ros_interfaces:/opt/ros/humble LD_LIBRARY_PATH=/home/ri-one/ri_one_master_ws/install/kobuki_ros_interfaces/lib:${LD_LIBRARY_PATH} PYTHONPATH=/home/ri-one/ri_one_master_ws/install/kobuki_ros_interfaces/local/lib/python3.10/dist-packages:${PYTHONPATH} /usr/bin/cmake --build /home/ri-one/ri_one_master_ws/build/kobuki_random_walker -- -j4 -l4
[0.303s] Invoking command in '/home/ri-one/ri_one_master_ws/build/kobuki_random_walker': AMENT_PREFIX_PATH=/home/ri-one/ri_one_master_ws/install/kobuki_ros_interfaces:${AMENT_PREFIX_PATH} CMAKE_PREFIX_PATH=/home/ri-one/ri_one_master_ws/install/kobuki_ros_interfaces:/opt/ros/humble LD_LIBRARY_PATH=/home/ri-one/ri_one_master_ws/install/kobuki_ros_interfaces/lib:${LD_LIBRARY_PATH} PYTHONPATH=/home/ri-one/ri_one_master_ws/install/kobuki_ros_interfaces/local/lib/python3.10/dist-packages:${PYTHONPATH} /usr/bin/cmake --install /home/ri-one/ri_one_master_ws/build/kobuki_random_walker
[0.318s] -- Install configuration: ""
[0.318s] -- Execute custom install script
[0.320s] -- Up-to-date symlink: /home/ri-one/ri_one_master_ws/install/kobuki_random_walker/lib/kobuki_random_walker/kobuki_random_walker_node
[0.320s] -- Up-to-date symlink: /home/ri-one/ri_one_master_ws/install/kobuki_random_walker/lib/libkobuki_random_walker.so
[0.321s] -- Up-to-date symlink: /home/ri-one/ri_one_master_ws/install/kobuki_random_walker/include/kobuki_random_walker/random_walker.hpp
[0.322s] -- Up-to-date symlink: /home/ri-one/ri_one_master_ws/install/kobuki_random_walker/share/kobuki_random_walker/launch/random_walker_app.launch
[0.323s] -- Up-to-date symlink: /home/ri-one/ri_one_master_ws/install/kobuki_random_walker/share/kobuki_random_walker/launch/safe_random_walker_app.launch
[0.323s] -- Up-to-date symlink: /home/ri-one/ri_one_master_ws/install/kobuki_random_walker/share/kobuki_random_walker/launch/standalone.launch
[0.326s] -- Up-to-date symlink: /home/ri-one/ri_one_master_ws/install/kobuki_random_walker/share/ament_index/resource_index/package_run_dependencies/kobuki_random_walker
[0.327s] -- Up-to-date symlink: /home/ri-one/ri_one_master_ws/install/kobuki_random_walker/share/ament_index/resource_index/parent_prefix_path/kobuki_random_walker
[0.327s] -- Up-to-date symlink: /home/ri-one/ri_one_master_ws/install/kobuki_random_walker/share/kobuki_random_walker/environment/ament_prefix_path.sh
[0.327s] -- Up-to-date symlink: /home/ri-one/ri_one_master_ws/install/kobuki_random_walker/share/kobuki_random_walker/environment/ament_prefix_path.dsv
[0.328s] -- Up-to-date symlink: /home/ri-one/ri_one_master_ws/install/kobuki_random_walker/share/kobuki_random_walker/environment/path.sh
[0.328s] -- Up-to-date symlink: /home/ri-one/ri_one_master_ws/install/kobuki_random_walker/share/kobuki_random_walker/environment/path.dsv
[0.328s] -- Up-to-date symlink: /home/ri-one/ri_one_master_ws/install/kobuki_random_walker/share/kobuki_random_walker/local_setup.bash
[0.328s] -- Up-to-date symlink: /home/ri-one/ri_one_master_ws/install/kobuki_random_walker/share/kobuki_random_walker/local_setup.sh
[0.328s] -- Up-to-date symlink: /home/ri-one/ri_one_master_ws/install/kobuki_random_walker/share/kobuki_random_walker/local_setup.zsh
[0.328s] -- Up-to-date symlink: /home/ri-one/ri_one_master_ws/install/kobuki_random_walker/share/kobuki_random_walker/local_setup.dsv
[0.329s] -- Symlinking: /home/ri-one/ri_one_master_ws/install/kobuki_random_walker/share/kobuki_random_walker/package.dsv
[0.348s] -- Up-to-date symlink: /home/ri-one/ri_one_master_ws/install/kobuki_random_walker/share/ament_index/resource_index/packages/kobuki_random_walker
[0.349s] -- Up-to-date symlink: /home/ri-one/ri_one_master_ws/install/kobuki_random_walker/share/ament_index/resource_index/rclcpp_components/kobuki_random_walker
[0.349s] -- Up-to-date symlink: /home/ri-one/ri_one_master_ws/install/kobuki_random_walker/share/kobuki_random_walker/cmake/kobuki_random_walkerConfig.cmake
[0.353s] -- Up-to-date symlink: /home/ri-one/ri_one_master_ws/install/kobuki_random_walker/share/kobuki_random_walker/cmake/kobuki_random_walkerConfig-version.cmake
[0.353s] -- Up-to-date symlink: /home/ri-one/ri_one_master_ws/install/kobuki_random_walker/share/kobuki_random_walker/package.xml
[0.395s] Invoked command in '/home/ri-one/ri_one_master_ws/build/kobuki_random_walker' returned '0': AMENT_PREFIX_PATH=/home/ri-one/ri_one_master_ws/install/kobuki_ros_interfaces:${AMENT_PREFIX_PATH} CMAKE_PREFIX_PATH=/home/ri-one/ri_one_master_ws/install/kobuki_ros_interfaces:/opt/ros/humble LD_LIBRARY_PATH=/home/ri-one/ri_one_master_ws/install/kobuki_ros_interfaces/lib:${LD_LIBRARY_PATH} PYTHONPATH=/home/ri-one/ri_one_master_ws/install/kobuki_ros_interfaces/local/lib/python3.10/dist-packages:${PYTHONPATH} /usr/bin/cmake --install /home/ri-one/ri_one_master_ws/build/kobuki_random_walker
