[0.033s] Invoking command in '/home/ri-one/ri_one_master_ws/build/kinect_ros2': CMAKE_PREFIX_PATH=/opt/ros/humble /usr/bin/cmake --build /home/ri-one/ri_one_master_ws/build/kinect_ros2 -- -j4 -l4
[0.245s] [100%] Built target kinect_ros2_node
[0.287s] Invoked command in '/home/ri-one/ri_one_master_ws/build/kinect_ros2' returned '0': CMAKE_PREFIX_PATH=/opt/ros/humble /usr/bin/cmake --build /home/ri-one/ri_one_master_ws/build/kinect_ros2 -- -j4 -l4
[0.294s] Invoking command in '/home/ri-one/ri_one_master_ws/build/kinect_ros2': CMAKE_PREFIX_PATH=/opt/ros/humble /usr/bin/cmake --install /home/ri-one/ri_one_master_ws/build/kinect_ros2
[0.307s] -- Install configuration: ""
[0.307s] -- Execute custom install script
[0.311s] -- Up-to-date symlink: /home/ri-one/ri_one_master_ws/install/kinect_ros2/lib/kinect_ros2/kinect_ros2_node
[0.312s] -- Up-to-date symlink: /home/ri-one/ri_one_master_ws/install/kinect_ros2/share/kinect_ros2/cfg/calibration_depth.yaml
[0.312s] -- Up-to-date symlink: /home/ri-one/ri_one_master_ws/install/kinect_ros2/share/kinect_ros2/cfg/calibration_rgb.yaml
[0.315s] -- Up-to-date symlink: /home/ri-one/ri_one_master_ws/install/kinect_ros2/share/ament_index/resource_index/package_run_dependencies/kinect_ros2
[0.315s] -- Up-to-date symlink: /home/ri-one/ri_one_master_ws/install/kinect_ros2/share/ament_index/resource_index/parent_prefix_path/kinect_ros2
[0.315s] -- Up-to-date symlink: /home/ri-one/ri_one_master_ws/install/kinect_ros2/share/kinect_ros2/environment/ament_prefix_path.sh
[0.315s] -- Up-to-date symlink: /home/ri-one/ri_one_master_ws/install/kinect_ros2/share/kinect_ros2/environment/ament_prefix_path.dsv
[0.317s] -- Up-to-date symlink: /home/ri-one/ri_one_master_ws/install/kinect_ros2/share/kinect_ros2/environment/path.sh
[0.317s] -- Up-to-date symlink: /home/ri-one/ri_one_master_ws/install/kinect_ros2/share/kinect_ros2/environment/path.dsv
[0.317s] -- Up-to-date symlink: /home/ri-one/ri_one_master_ws/install/kinect_ros2/share/kinect_ros2/local_setup.bash
[0.318s] -- Up-to-date symlink: /home/ri-one/ri_one_master_ws/install/kinect_ros2/share/kinect_ros2/local_setup.sh
[0.318s] -- Up-to-date symlink: /home/ri-one/ri_one_master_ws/install/kinect_ros2/share/kinect_ros2/local_setup.zsh
[0.320s] -- Up-to-date symlink: /home/ri-one/ri_one_master_ws/install/kinect_ros2/share/kinect_ros2/local_setup.dsv
[0.322s] -- Symlinking: /home/ri-one/ri_one_master_ws/install/kinect_ros2/share/kinect_ros2/package.dsv
[0.350s] -- Up-to-date symlink: /home/ri-one/ri_one_master_ws/install/kinect_ros2/share/ament_index/resource_index/packages/kinect_ros2
[0.351s] -- Up-to-date symlink: /home/ri-one/ri_one_master_ws/install/kinect_ros2/share/kinect_ros2/cmake/kinect_ros2Config.cmake
[0.352s] -- Up-to-date symlink: /home/ri-one/ri_one_master_ws/install/kinect_ros2/share/kinect_ros2/cmake/kinect_ros2Config-version.cmake
[0.355s] -- Up-to-date symlink: /home/ri-one/ri_one_master_ws/install/kinect_ros2/share/kinect_ros2/package.xml
[0.355s] Invoked command in '/home/ri-one/ri_one_master_ws/build/kinect_ros2' returned '0': CMAKE_PREFIX_PATH=/opt/ros/humble /usr/bin/cmake --install /home/ri-one/ri_one_master_ws/build/kinect_ros2
