[0.106s] Invoking command in '/home/ri-one/ri_one_master_ws/build/ecl_type_traits': AMENT_PREFIX_PATH=/home/ri-one/ri_one_master_ws/install/ecl_mpl:/home/ri-one/ri_one_master_ws/install/ecl_config:${AMENT_PREFIX_PATH} CMAKE_PREFIX_PATH=/home/ri-one/ri_one_master_ws/install/ecl_mpl:/home/ri-one/ri_one_master_ws/install/ecl_config:/home/ri-one/ros2_ws/install/libfreenect2:/home/ri-one/ros2_ws/install/kinect_ros2:/home/ri-one/ros2_ws/install/libfreenect:/home/ri-one/ros2_ws/install/kobuki_ros:/home/ri-one/ros2_ws/install/kobuki_safety_controller:/home/ri-one/ros2_ws/install/kobuki_random_walker:/home/ri-one/ros2_ws/install/kobuki_node:/home/ri-one/ros2_ws/install/kobuki_keyop:/home/ri-one/ros2_ws/install/kobuki_bumper2pc:/home/ri-one/ros2_ws/install/kobuki_auto_docking:/home/ri-one/ros2_ws/install/kobuki_ros_interfaces:/home/ri-one/ros2_ws/install/kobuki_description:/home/ri-one/ros2_ws/install/kobuki_core:/home/ri-one/ros2_ws/install/kinect2_calibration:/home/ri-one/ros2_ws/install/kinect2_bridge:/home/ri-one/ros2_ws/install/kinect2_registration:/home/ri-one/ros2_ws/install/ecl_core:/home/ri-one/ros2_ws/install/ecl_core_apps:/home/ri-one/ros2_ws/install/ecl_streams:/home/ri-one/ros2_ws/install/ecl_sigslots:/home/ri-one/ros2_ws/install/ecl_ipc:/home/ri-one/ros2_ws/install/ecl_devices:/home/ri-one/ros2_ws/install/ecl_threads:/home/ri-one/ros2_ws/install/ecl_mobile_robot:/home/ri-one/ros2_ws/install/ecl_manipulators:/home/ri-one/ros2_ws/install/ecl_geometry:/home/ri-one/ros2_ws/install/ecl_containers:/home/ri-one/ros2_ws/install/ecl_utilities:/home/ri-one/ros2_ws/install/ecl_statistics:/home/ri-one/ros2_ws/install/ecl_linear_algebra:/home/ri-one/ros2_ws/install/ecl_math:/home/ri-one/ros2_ws/install/ecl_formatters:/home/ri-one/ros2_ws/install/ecl_converters:/home/ri-one/ros2_ws/install/ecl_concepts:/home/ri-one/ros2_ws/install/ecl_type_traits:/home/ri-one/ros2_ws/install/ecl_time:/home/ri-one/ros2_ws/install/ecl_lite:/home/ri-one/ros2_ws/install/ecl_time_lite:/home/ri-one/ros2_ws/install/ecl_sigslots_lite:/home/ri-one/ros2_ws/install/ecl_mpl:/home/ri-one/ros2_ws/install/ecl_io:/home/ri-one/ros2_ws/install/ecl_filesystem:/home/ri-one/ros2_ws/install/ecl_exceptions:/home/ri-one/ros2_ws/install/ecl_errors:/home/ri-one/ros2_ws/install/ecl_eigen:/home/ri-one/ros2_ws/install/ecl_converters_lite:/home/ri-one/ros2_ws/install/ecl_console:/home/ri-one/ros2_ws/install/ecl_config:/home/ri-one/ros2_ws/install/ecl_command_line:/home/ri-one/ros2_ws/install/cmd_vel_mux:/opt/ros/humble PATH=/home/ri-one/ri_one_master_ws/install/ecl_config/bin:${PATH} /usr/bin/cmake /home/ri-one/ri_one_master_ws/src/turtlebot2_ros2/ecl_core/ecl_type_traits -DAMENT_CMAKE_SYMLINK_INSTALL=1 -DCMAKE_INSTALL_PREFIX=/home/ri-one/ri_one_master_ws/install/ecl_type_traits
[0.473s] -- The C compiler identification is GNU 11.4.0
[0.796s] -- The CXX compiler identification is GNU 11.4.0
[0.848s] -- Detecting C compiler ABI info
[1.314s] -- Detecting C compiler ABI info - done
[1.382s] -- Check for working C compiler: /usr/bin/cc - skipped
[1.382s] -- Detecting C compile features
[1.382s] -- Detecting C compile features - done
[1.407s] -- Detecting CXX compiler ABI info
[1.820s] -- Detecting CXX compiler ABI info - done
[1.865s] -- Check for working CXX compiler: /usr/bin/c++ - skipped
[1.867s] -- Detecting CXX compile features
[1.869s] -- Detecting CXX compile features - done
[1.924s] -- Found ament_cmake_ros: 0.10.0 (/opt/ros/humble/share/ament_cmake_ros/cmake)
[2.931s] -- Found Python3: /usr/bin/python3 (found version "3.10.12") found components: Interpreter 
[3.310s] -- Override CMake install command with custom implementation using symlinks instead of copying resources
[3.973s] -- Found ecl_build: 1.0.3 (/opt/ros/humble/share/ecl_build/cmake)
[4.007s] -- Found ecl_config: 1.2.0 (/home/ri-one/ri_one_master_ws/install/ecl_config/share/ecl_config/cmake)
[4.017s] -- Found ecl_mpl: 1.2.1 (/home/ri-one/ri_one_master_ws/install/ecl_mpl/share/ecl_mpl/cmake)
[4.441s] -- Found ament_lint_auto: 0.12.14 (/opt/ros/humble/share/ament_lint_auto/cmake)
[4.867s] -- Found gtest sources under '/opt/ros/humble/src/gtest_vendor': C++ tests using 'Google Test' will be built
[4.881s] -- Looking for pthread.h
[5.307s] -- Looking for pthread.h - found
[5.308s] -- Performing Test CMAKE_HAVE_LIBC_PTHREAD
[5.684s] -- Performing Test CMAKE_HAVE_LIBC_PTHREAD - Success
[5.684s] -- Found Threads: TRUE  
[5.773s] -- Configuring done
[5.900s] -- Generating done
[5.938s] -- Build files have been written to: /home/ri-one/ri_one_master_ws/build/ecl_type_traits
[5.958s] Invoked command in '/home/ri-one/ri_one_master_ws/build/ecl_type_traits' returned '0': AMENT_PREFIX_PATH=/home/ri-one/ri_one_master_ws/install/ecl_mpl:/home/ri-one/ri_one_master_ws/install/ecl_config:${AMENT_PREFIX_PATH} CMAKE_PREFIX_PATH=/home/ri-one/ri_one_master_ws/install/ecl_mpl:/home/ri-one/ri_one_master_ws/install/ecl_config:/home/ri-one/ros2_ws/install/libfreenect2:/home/ri-one/ros2_ws/install/kinect_ros2:/home/ri-one/ros2_ws/install/libfreenect:/home/ri-one/ros2_ws/install/kobuki_ros:/home/ri-one/ros2_ws/install/kobuki_safety_controller:/home/ri-one/ros2_ws/install/kobuki_random_walker:/home/ri-one/ros2_ws/install/kobuki_node:/home/ri-one/ros2_ws/install/kobuki_keyop:/home/ri-one/ros2_ws/install/kobuki_bumper2pc:/home/ri-one/ros2_ws/install/kobuki_auto_docking:/home/ri-one/ros2_ws/install/kobuki_ros_interfaces:/home/ri-one/ros2_ws/install/kobuki_description:/home/ri-one/ros2_ws/install/kobuki_core:/home/ri-one/ros2_ws/install/kinect2_calibration:/home/ri-one/ros2_ws/install/kinect2_bridge:/home/ri-one/ros2_ws/install/kinect2_registration:/home/ri-one/ros2_ws/install/ecl_core:/home/ri-one/ros2_ws/install/ecl_core_apps:/home/ri-one/ros2_ws/install/ecl_streams:/home/ri-one/ros2_ws/install/ecl_sigslots:/home/ri-one/ros2_ws/install/ecl_ipc:/home/ri-one/ros2_ws/install/ecl_devices:/home/ri-one/ros2_ws/install/ecl_threads:/home/ri-one/ros2_ws/install/ecl_mobile_robot:/home/ri-one/ros2_ws/install/ecl_manipulators:/home/ri-one/ros2_ws/install/ecl_geometry:/home/ri-one/ros2_ws/install/ecl_containers:/home/ri-one/ros2_ws/install/ecl_utilities:/home/ri-one/ros2_ws/install/ecl_statistics:/home/ri-one/ros2_ws/install/ecl_linear_algebra:/home/ri-one/ros2_ws/install/ecl_math:/home/ri-one/ros2_ws/install/ecl_formatters:/home/ri-one/ros2_ws/install/ecl_converters:/home/ri-one/ros2_ws/install/ecl_concepts:/home/ri-one/ros2_ws/install/ecl_type_traits:/home/ri-one/ros2_ws/install/ecl_time:/home/ri-one/ros2_ws/install/ecl_lite:/home/ri-one/ros2_ws/install/ecl_time_lite:/home/ri-one/ros2_ws/install/ecl_sigslots_lite:/home/ri-one/ros2_ws/install/ecl_mpl:/home/ri-one/ros2_ws/install/ecl_io:/home/ri-one/ros2_ws/install/ecl_filesystem:/home/ri-one/ros2_ws/install/ecl_exceptions:/home/ri-one/ros2_ws/install/ecl_errors:/home/ri-one/ros2_ws/install/ecl_eigen:/home/ri-one/ros2_ws/install/ecl_converters_lite:/home/ri-one/ros2_ws/install/ecl_console:/home/ri-one/ros2_ws/install/ecl_config:/home/ri-one/ros2_ws/install/ecl_command_line:/home/ri-one/ros2_ws/install/cmd_vel_mux:/opt/ros/humble PATH=/home/ri-one/ri_one_master_ws/install/ecl_config/bin:${PATH} /usr/bin/cmake /home/ri-one/ri_one_master_ws/src/turtlebot2_ros2/ecl_core/ecl_type_traits -DAMENT_CMAKE_SYMLINK_INSTALL=1 -DCMAKE_INSTALL_PREFIX=/home/ri-one/ri_one_master_ws/install/ecl_type_traits
[5.967s] Invoking command in '/home/ri-one/ri_one_master_ws/build/ecl_type_traits': AMENT_PREFIX_PATH=/home/ri-one/ri_one_master_ws/install/ecl_mpl:/home/ri-one/ri_one_master_ws/install/ecl_config:${AMENT_PREFIX_PATH} CMAKE_PREFIX_PATH=/home/ri-one/ri_one_master_ws/install/ecl_mpl:/home/ri-one/ri_one_master_ws/install/ecl_config:/home/ri-one/ros2_ws/install/libfreenect2:/home/ri-one/ros2_ws/install/kinect_ros2:/home/ri-one/ros2_ws/install/libfreenect:/home/ri-one/ros2_ws/install/kobuki_ros:/home/ri-one/ros2_ws/install/kobuki_safety_controller:/home/ri-one/ros2_ws/install/kobuki_random_walker:/home/ri-one/ros2_ws/install/kobuki_node:/home/ri-one/ros2_ws/install/kobuki_keyop:/home/ri-one/ros2_ws/install/kobuki_bumper2pc:/home/ri-one/ros2_ws/install/kobuki_auto_docking:/home/ri-one/ros2_ws/install/kobuki_ros_interfaces:/home/ri-one/ros2_ws/install/kobuki_description:/home/ri-one/ros2_ws/install/kobuki_core:/home/ri-one/ros2_ws/install/kinect2_calibration:/home/ri-one/ros2_ws/install/kinect2_bridge:/home/ri-one/ros2_ws/install/kinect2_registration:/home/ri-one/ros2_ws/install/ecl_core:/home/ri-one/ros2_ws/install/ecl_core_apps:/home/ri-one/ros2_ws/install/ecl_streams:/home/ri-one/ros2_ws/install/ecl_sigslots:/home/ri-one/ros2_ws/install/ecl_ipc:/home/ri-one/ros2_ws/install/ecl_devices:/home/ri-one/ros2_ws/install/ecl_threads:/home/ri-one/ros2_ws/install/ecl_mobile_robot:/home/ri-one/ros2_ws/install/ecl_manipulators:/home/ri-one/ros2_ws/install/ecl_geometry:/home/ri-one/ros2_ws/install/ecl_containers:/home/ri-one/ros2_ws/install/ecl_utilities:/home/ri-one/ros2_ws/install/ecl_statistics:/home/ri-one/ros2_ws/install/ecl_linear_algebra:/home/ri-one/ros2_ws/install/ecl_math:/home/ri-one/ros2_ws/install/ecl_formatters:/home/ri-one/ros2_ws/install/ecl_converters:/home/ri-one/ros2_ws/install/ecl_concepts:/home/ri-one/ros2_ws/install/ecl_type_traits:/home/ri-one/ros2_ws/install/ecl_time:/home/ri-one/ros2_ws/install/ecl_lite:/home/ri-one/ros2_ws/install/ecl_time_lite:/home/ri-one/ros2_ws/install/ecl_sigslots_lite:/home/ri-one/ros2_ws/install/ecl_mpl:/home/ri-one/ros2_ws/install/ecl_io:/home/ri-one/ros2_ws/install/ecl_filesystem:/home/ri-one/ros2_ws/install/ecl_exceptions:/home/ri-one/ros2_ws/install/ecl_errors:/home/ri-one/ros2_ws/install/ecl_eigen:/home/ri-one/ros2_ws/install/ecl_converters_lite:/home/ri-one/ros2_ws/install/ecl_console:/home/ri-one/ros2_ws/install/ecl_config:/home/ri-one/ros2_ws/install/ecl_command_line:/home/ri-one/ros2_ws/install/cmd_vel_mux:/opt/ros/humble PATH=/home/ri-one/ri_one_master_ws/install/ecl_config/bin:${PATH} /usr/bin/cmake --build /home/ri-one/ri_one_master_ws/build/ecl_type_traits -- -j4 -l4
[6.289s] [  8%] [32mBuilding CXX object src/lib/CMakeFiles/ecl_type_traits.dir/numeric_limits.cpp.o[0m
[6.528s] [ 16%] [32m[1mLinking CXX shared library libecl_type_traits.so[0m
[6.894s] [ 16%] Built target ecl_type_traits
[7.087s] [ 25%] [32mBuilding CXX object gtest/CMakeFiles/gtest.dir/src/gtest-all.cc.o[0m
[18.136s] [ 33%] [32m[1mLinking CXX static library libgtest.a[0m
[18.431s] [ 33%] Built target gtest
[18.561s] [ 41%] [32mBuilding CXX object src/utils/CMakeFiles/ecl_detect_sizes.dir/detect_sizes.cpp.o[0m
[19.559s] [ 50%] [32m[1mLinking CXX executable bin/ecl_detect_sizes[0m
[19.837s] [ 50%] Built target ecl_detect_sizes
[19.908s] [ 58%] [32mBuilding CXX object gtest/CMakeFiles/gtest_main.dir/src/gtest_main.cc.o[0m
[22.064s] [ 66%] [32m[1mLinking CXX static library libgtest_main.a[0m
[22.350s] [ 66%] Built target gtest_main
[22.463s] [ 75%] [32mBuilding CXX object src/test/CMakeFiles/test_numeric_limits.dir/numeric_limits.cpp.o[0m
[24.885s] [ 83%] [32m[1mLinking CXX executable test_numeric_limits[0m
[25.437s] [ 83%] Built target test_numeric_limits
[25.553s] [ 91%] [32mBuilding CXX object src/test/CMakeFiles/test_fundamental_types.dir/fundamental_types.cpp.o[0m
[27.385s] [100%] [32m[1mLinking CXX executable test_fundamental_types[0m
[27.776s] [100%] Built target test_fundamental_types
[27.822s] Invoked command in '/home/ri-one/ri_one_master_ws/build/ecl_type_traits' returned '0': AMENT_PREFIX_PATH=/home/ri-one/ri_one_master_ws/install/ecl_mpl:/home/ri-one/ri_one_master_ws/install/ecl_config:${AMENT_PREFIX_PATH} CMAKE_PREFIX_PATH=/home/ri-one/ri_one_master_ws/install/ecl_mpl:/home/ri-one/ri_one_master_ws/install/ecl_config:/home/ri-one/ros2_ws/install/libfreenect2:/home/ri-one/ros2_ws/install/kinect_ros2:/home/ri-one/ros2_ws/install/libfreenect:/home/ri-one/ros2_ws/install/kobuki_ros:/home/ri-one/ros2_ws/install/kobuki_safety_controller:/home/ri-one/ros2_ws/install/kobuki_random_walker:/home/ri-one/ros2_ws/install/kobuki_node:/home/ri-one/ros2_ws/install/kobuki_keyop:/home/ri-one/ros2_ws/install/kobuki_bumper2pc:/home/ri-one/ros2_ws/install/kobuki_auto_docking:/home/ri-one/ros2_ws/install/kobuki_ros_interfaces:/home/ri-one/ros2_ws/install/kobuki_description:/home/ri-one/ros2_ws/install/kobuki_core:/home/ri-one/ros2_ws/install/kinect2_calibration:/home/ri-one/ros2_ws/install/kinect2_bridge:/home/ri-one/ros2_ws/install/kinect2_registration:/home/ri-one/ros2_ws/install/ecl_core:/home/ri-one/ros2_ws/install/ecl_core_apps:/home/ri-one/ros2_ws/install/ecl_streams:/home/ri-one/ros2_ws/install/ecl_sigslots:/home/ri-one/ros2_ws/install/ecl_ipc:/home/ri-one/ros2_ws/install/ecl_devices:/home/ri-one/ros2_ws/install/ecl_threads:/home/ri-one/ros2_ws/install/ecl_mobile_robot:/home/ri-one/ros2_ws/install/ecl_manipulators:/home/ri-one/ros2_ws/install/ecl_geometry:/home/ri-one/ros2_ws/install/ecl_containers:/home/ri-one/ros2_ws/install/ecl_utilities:/home/ri-one/ros2_ws/install/ecl_statistics:/home/ri-one/ros2_ws/install/ecl_linear_algebra:/home/ri-one/ros2_ws/install/ecl_math:/home/ri-one/ros2_ws/install/ecl_formatters:/home/ri-one/ros2_ws/install/ecl_converters:/home/ri-one/ros2_ws/install/ecl_concepts:/home/ri-one/ros2_ws/install/ecl_type_traits:/home/ri-one/ros2_ws/install/ecl_time:/home/ri-one/ros2_ws/install/ecl_lite:/home/ri-one/ros2_ws/install/ecl_time_lite:/home/ri-one/ros2_ws/install/ecl_sigslots_lite:/home/ri-one/ros2_ws/install/ecl_mpl:/home/ri-one/ros2_ws/install/ecl_io:/home/ri-one/ros2_ws/install/ecl_filesystem:/home/ri-one/ros2_ws/install/ecl_exceptions:/home/ri-one/ros2_ws/install/ecl_errors:/home/ri-one/ros2_ws/install/ecl_eigen:/home/ri-one/ros2_ws/install/ecl_converters_lite:/home/ri-one/ros2_ws/install/ecl_console:/home/ri-one/ros2_ws/install/ecl_config:/home/ri-one/ros2_ws/install/ecl_command_line:/home/ri-one/ros2_ws/install/cmd_vel_mux:/opt/ros/humble PATH=/home/ri-one/ri_one_master_ws/install/ecl_config/bin:${PATH} /usr/bin/cmake --build /home/ri-one/ri_one_master_ws/build/ecl_type_traits -- -j4 -l4
[27.824s] Invoking command in '/home/ri-one/ri_one_master_ws/build/ecl_type_traits': AMENT_PREFIX_PATH=/home/ri-one/ri_one_master_ws/install/ecl_mpl:/home/ri-one/ri_one_master_ws/install/ecl_config:${AMENT_PREFIX_PATH} CMAKE_PREFIX_PATH=/home/ri-one/ri_one_master_ws/install/ecl_mpl:/home/ri-one/ri_one_master_ws/install/ecl_config:/home/ri-one/ros2_ws/install/libfreenect2:/home/ri-one/ros2_ws/install/kinect_ros2:/home/ri-one/ros2_ws/install/libfreenect:/home/ri-one/ros2_ws/install/kobuki_ros:/home/ri-one/ros2_ws/install/kobuki_safety_controller:/home/ri-one/ros2_ws/install/kobuki_random_walker:/home/ri-one/ros2_ws/install/kobuki_node:/home/ri-one/ros2_ws/install/kobuki_keyop:/home/ri-one/ros2_ws/install/kobuki_bumper2pc:/home/ri-one/ros2_ws/install/kobuki_auto_docking:/home/ri-one/ros2_ws/install/kobuki_ros_interfaces:/home/ri-one/ros2_ws/install/kobuki_description:/home/ri-one/ros2_ws/install/kobuki_core:/home/ri-one/ros2_ws/install/kinect2_calibration:/home/ri-one/ros2_ws/install/kinect2_bridge:/home/ri-one/ros2_ws/install/kinect2_registration:/home/ri-one/ros2_ws/install/ecl_core:/home/ri-one/ros2_ws/install/ecl_core_apps:/home/ri-one/ros2_ws/install/ecl_streams:/home/ri-one/ros2_ws/install/ecl_sigslots:/home/ri-one/ros2_ws/install/ecl_ipc:/home/ri-one/ros2_ws/install/ecl_devices:/home/ri-one/ros2_ws/install/ecl_threads:/home/ri-one/ros2_ws/install/ecl_mobile_robot:/home/ri-one/ros2_ws/install/ecl_manipulators:/home/ri-one/ros2_ws/install/ecl_geometry:/home/ri-one/ros2_ws/install/ecl_containers:/home/ri-one/ros2_ws/install/ecl_utilities:/home/ri-one/ros2_ws/install/ecl_statistics:/home/ri-one/ros2_ws/install/ecl_linear_algebra:/home/ri-one/ros2_ws/install/ecl_math:/home/ri-one/ros2_ws/install/ecl_formatters:/home/ri-one/ros2_ws/install/ecl_converters:/home/ri-one/ros2_ws/install/ecl_concepts:/home/ri-one/ros2_ws/install/ecl_type_traits:/home/ri-one/ros2_ws/install/ecl_time:/home/ri-one/ros2_ws/install/ecl_lite:/home/ri-one/ros2_ws/install/ecl_time_lite:/home/ri-one/ros2_ws/install/ecl_sigslots_lite:/home/ri-one/ros2_ws/install/ecl_mpl:/home/ri-one/ros2_ws/install/ecl_io:/home/ri-one/ros2_ws/install/ecl_filesystem:/home/ri-one/ros2_ws/install/ecl_exceptions:/home/ri-one/ros2_ws/install/ecl_errors:/home/ri-one/ros2_ws/install/ecl_eigen:/home/ri-one/ros2_ws/install/ecl_converters_lite:/home/ri-one/ros2_ws/install/ecl_console:/home/ri-one/ros2_ws/install/ecl_config:/home/ri-one/ros2_ws/install/ecl_command_line:/home/ri-one/ros2_ws/install/cmd_vel_mux:/opt/ros/humble PATH=/home/ri-one/ri_one_master_ws/install/ecl_config/bin:${PATH} /usr/bin/cmake --install /home/ri-one/ri_one_master_ws/build/ecl_type_traits
[27.856s] -- Install configuration: ""
[27.862s] -- Execute custom install script
[27.862s] -- Symlinking: /home/ri-one/ri_one_master_ws/install/ecl_type_traits/include/ecl/type_traits/fundamental_types.hpp
[27.888s] -- Symlinking: /home/ri-one/ri_one_master_ws/install/ecl_type_traits/include/ecl/type_traits/macros.hpp
[27.914s] -- Symlinking: /home/ri-one/ri_one_master_ws/install/ecl_type_traits/include/ecl/type_traits/numeric_limits.hpp
[27.941s] -- Symlinking: /home/ri-one/ri_one_master_ws/install/ecl_type_traits/include/ecl/type_traits/traits.hpp
[27.965s] -- Symlinking: /home/ri-one/ri_one_master_ws/install/ecl_type_traits/include/ecl/type_traits.hpp
[27.992s] -- Symlinking: /home/ri-one/ri_one_master_ws/install/ecl_type_traits/bin/ecl_detect_sizes
[28.017s] -- Symlinking: /home/ri-one/ri_one_master_ws/install/ecl_type_traits/share/ecl_type_traits/environment/library_path.sh
[28.042s] -- Symlinking: /home/ri-one/ri_one_master_ws/install/ecl_type_traits/share/ecl_type_traits/environment/library_path.dsv
[28.068s] -- Symlinking: /home/ri-one/ri_one_master_ws/install/ecl_type_traits/share/ament_index/resource_index/package_run_dependencies/ecl_type_traits
[28.093s] -- Symlinking: /home/ri-one/ri_one_master_ws/install/ecl_type_traits/share/ament_index/resource_index/parent_prefix_path/ecl_type_traits
[28.124s] -- Symlinking: /home/ri-one/ri_one_master_ws/install/ecl_type_traits/share/ecl_type_traits/environment/ament_prefix_path.sh
[28.151s] -- Symlinking: /home/ri-one/ri_one_master_ws/install/ecl_type_traits/share/ecl_type_traits/environment/ament_prefix_path.dsv
[28.201s] -- Symlinking: /home/ri-one/ri_one_master_ws/install/ecl_type_traits/share/ecl_type_traits/environment/path.sh
[28.241s] -- Symlinking: /home/ri-one/ri_one_master_ws/install/ecl_type_traits/share/ecl_type_traits/environment/path.dsv
[28.262s] -- Symlinking: /home/ri-one/ri_one_master_ws/install/ecl_type_traits/share/ecl_type_traits/local_setup.bash
[28.285s] -- Symlinking: /home/ri-one/ri_one_master_ws/install/ecl_type_traits/share/ecl_type_traits/local_setup.sh
[28.315s] -- Symlinking: /home/ri-one/ri_one_master_ws/install/ecl_type_traits/share/ecl_type_traits/local_setup.zsh
[28.349s] -- Symlinking: /home/ri-one/ri_one_master_ws/install/ecl_type_traits/share/ecl_type_traits/local_setup.dsv
[28.376s] -- Symlinking: /home/ri-one/ri_one_master_ws/install/ecl_type_traits/share/ecl_type_traits/package.dsv
[28.398s] -- Symlinking: /home/ri-one/ri_one_master_ws/install/ecl_type_traits/share/ament_index/resource_index/packages/ecl_type_traits
[28.430s] -- Symlinking: /home/ri-one/ri_one_master_ws/install/ecl_type_traits/share/ecl_type_traits/cmake/ament_cmake_export_targets-extras.cmake
[28.456s] -- Symlinking: /home/ri-one/ri_one_master_ws/install/ecl_type_traits/share/ecl_type_traits/cmake/ament_cmake_export_include_directories-extras.cmake
[28.480s] -- Symlinking: /home/ri-one/ri_one_master_ws/install/ecl_type_traits/share/ecl_type_traits/cmake/ament_cmake_export_libraries-extras.cmake
[28.507s] -- Symlinking: /home/ri-one/ri_one_master_ws/install/ecl_type_traits/share/ecl_type_traits/cmake/ament_cmake_export_dependencies-extras.cmake
[28.534s] -- Symlinking: /home/ri-one/ri_one_master_ws/install/ecl_type_traits/share/ecl_type_traits/cmake/ecl_type_traitsConfig.cmake
[28.562s] -- Symlinking: /home/ri-one/ri_one_master_ws/install/ecl_type_traits/share/ecl_type_traits/cmake/ecl_type_traitsConfig-version.cmake
[28.589s] -- Symlinking: /home/ri-one/ri_one_master_ws/install/ecl_type_traits/share/ecl_type_traits/package.xml
[28.616s] -- Installing: /home/ri-one/ri_one_master_ws/install/ecl_type_traits/share/ecl_type_traits/cmake/ecl_type_traitsExport.cmake
[28.616s] -- Installing: /home/ri-one/ri_one_master_ws/install/ecl_type_traits/share/ecl_type_traits/cmake/ecl_type_traitsExport-noconfig.cmake
[28.618s] -- Installing: /home/ri-one/ri_one_master_ws/install/ecl_type_traits/lib/libecl_type_traits.so.1.2.1
[28.620s] -- Installing: /home/ri-one/ri_one_master_ws/install/ecl_type_traits/lib/libecl_type_traits.so
[28.624s] Invoked command in '/home/ri-one/ri_one_master_ws/build/ecl_type_traits' returned '0': AMENT_PREFIX_PATH=/home/ri-one/ri_one_master_ws/install/ecl_mpl:/home/ri-one/ri_one_master_ws/install/ecl_config:${AMENT_PREFIX_PATH} CMAKE_PREFIX_PATH=/home/ri-one/ri_one_master_ws/install/ecl_mpl:/home/ri-one/ri_one_master_ws/install/ecl_config:/home/ri-one/ros2_ws/install/libfreenect2:/home/ri-one/ros2_ws/install/kinect_ros2:/home/ri-one/ros2_ws/install/libfreenect:/home/ri-one/ros2_ws/install/kobuki_ros:/home/ri-one/ros2_ws/install/kobuki_safety_controller:/home/ri-one/ros2_ws/install/kobuki_random_walker:/home/ri-one/ros2_ws/install/kobuki_node:/home/ri-one/ros2_ws/install/kobuki_keyop:/home/ri-one/ros2_ws/install/kobuki_bumper2pc:/home/ri-one/ros2_ws/install/kobuki_auto_docking:/home/ri-one/ros2_ws/install/kobuki_ros_interfaces:/home/ri-one/ros2_ws/install/kobuki_description:/home/ri-one/ros2_ws/install/kobuki_core:/home/ri-one/ros2_ws/install/kinect2_calibration:/home/ri-one/ros2_ws/install/kinect2_bridge:/home/ri-one/ros2_ws/install/kinect2_registration:/home/ri-one/ros2_ws/install/ecl_core:/home/ri-one/ros2_ws/install/ecl_core_apps:/home/ri-one/ros2_ws/install/ecl_streams:/home/ri-one/ros2_ws/install/ecl_sigslots:/home/ri-one/ros2_ws/install/ecl_ipc:/home/ri-one/ros2_ws/install/ecl_devices:/home/ri-one/ros2_ws/install/ecl_threads:/home/ri-one/ros2_ws/install/ecl_mobile_robot:/home/ri-one/ros2_ws/install/ecl_manipulators:/home/ri-one/ros2_ws/install/ecl_geometry:/home/ri-one/ros2_ws/install/ecl_containers:/home/ri-one/ros2_ws/install/ecl_utilities:/home/ri-one/ros2_ws/install/ecl_statistics:/home/ri-one/ros2_ws/install/ecl_linear_algebra:/home/ri-one/ros2_ws/install/ecl_math:/home/ri-one/ros2_ws/install/ecl_formatters:/home/ri-one/ros2_ws/install/ecl_converters:/home/ri-one/ros2_ws/install/ecl_concepts:/home/ri-one/ros2_ws/install/ecl_type_traits:/home/ri-one/ros2_ws/install/ecl_time:/home/ri-one/ros2_ws/install/ecl_lite:/home/ri-one/ros2_ws/install/ecl_time_lite:/home/ri-one/ros2_ws/install/ecl_sigslots_lite:/home/ri-one/ros2_ws/install/ecl_mpl:/home/ri-one/ros2_ws/install/ecl_io:/home/ri-one/ros2_ws/install/ecl_filesystem:/home/ri-one/ros2_ws/install/ecl_exceptions:/home/ri-one/ros2_ws/install/ecl_errors:/home/ri-one/ros2_ws/install/ecl_eigen:/home/ri-one/ros2_ws/install/ecl_converters_lite:/home/ri-one/ros2_ws/install/ecl_console:/home/ri-one/ros2_ws/install/ecl_config:/home/ri-one/ros2_ws/install/ecl_command_line:/home/ri-one/ros2_ws/install/cmd_vel_mux:/opt/ros/humble PATH=/home/ri-one/ri_one_master_ws/install/ecl_config/bin:${PATH} /usr/bin/cmake --install /home/ri-one/ri_one_master_ws/build/ecl_type_traits
