[0.059s] Invoking command in '/home/ri-one/ri_one_master_ws/build/ros2_kinect_led': CMAKE_PREFIX_PATH=${CMAKE_PREFIX_PATH}:/home/ri-one/ri_one_master_ws/install/ros2_tests:/home/ri-one/ri_one_master_ws/install/gesture_to_motion:/home/ri-one/ri_one_master_ws/install/gesture_detection:/opt/ros/humble /usr/bin/cmake --build /home/ri-one/ri_one_master_ws/build/ros2_kinect_led -- -j4 -l4
[0.532s] [100%] Built target ros2_kinect_led_node
[0.638s] Invoked command in '/home/ri-one/ri_one_master_ws/build/ros2_kinect_led' returned '0': CMAKE_PREFIX_PATH=${CMAKE_PREFIX_PATH}:/home/ri-one/ri_one_master_ws/install/ros2_tests:/home/ri-one/ri_one_master_ws/install/gesture_to_motion:/home/ri-one/ri_one_master_ws/install/gesture_detection:/opt/ros/humble /usr/bin/cmake --build /home/ri-one/ri_one_master_ws/build/ros2_kinect_led -- -j4 -l4
[0.643s] Invoking command in '/home/ri-one/ri_one_master_ws/build/ros2_kinect_led': CMAKE_PREFIX_PATH=${CMAKE_PREFIX_PATH}:/home/ri-one/ri_one_master_ws/install/ros2_tests:/home/ri-one/ri_one_master_ws/install/gesture_to_motion:/home/ri-one/ri_one_master_ws/install/gesture_detection:/opt/ros/humble /usr/bin/cmake --install /home/ri-one/ri_one_master_ws/build/ros2_kinect_led
[0.682s] -- Install configuration: ""
[0.687s] -- Execute custom install script
[0.687s] -- Up-to-date symlink: /home/ri-one/ri_one_master_ws/install/ros2_kinect_led/lib/ros2_kinect_led/ros2_kinect_led_node
[0.687s] -- Up-to-date symlink: /home/ri-one/ri_one_master_ws/install/ros2_kinect_led/share/ament_index/resource_index/package_run_dependencies/ros2_kinect_led
[0.687s] -- Up-to-date symlink: /home/ri-one/ri_one_master_ws/install/ros2_kinect_led/share/ament_index/resource_index/parent_prefix_path/ros2_kinect_led
[0.687s] -- Up-to-date symlink: /home/ri-one/ri_one_master_ws/install/ros2_kinect_led/share/ros2_kinect_led/environment/ament_prefix_path.sh
[0.687s] -- Up-to-date symlink: /home/ri-one/ri_one_master_ws/install/ros2_kinect_led/share/ros2_kinect_led/environment/ament_prefix_path.dsv
[0.688s] -- Up-to-date symlink: /home/ri-one/ri_one_master_ws/install/ros2_kinect_led/share/ros2_kinect_led/environment/path.sh
[0.699s] -- Up-to-date symlink: /home/ri-one/ri_one_master_ws/install/ros2_kinect_led/share/ros2_kinect_led/environment/path.dsv
[0.700s] -- Up-to-date symlink: /home/ri-one/ri_one_master_ws/install/ros2_kinect_led/share/ros2_kinect_led/local_setup.bash
[0.700s] -- Up-to-date symlink: /home/ri-one/ri_one_master_ws/install/ros2_kinect_led/share/ros2_kinect_led/local_setup.sh
[0.700s] -- Up-to-date symlink: /home/ri-one/ri_one_master_ws/install/ros2_kinect_led/share/ros2_kinect_led/local_setup.zsh
[0.700s] -- Up-to-date symlink: /home/ri-one/ri_one_master_ws/install/ros2_kinect_led/share/ros2_kinect_led/local_setup.dsv
[0.701s] -- Symlinking: /home/ri-one/ri_one_master_ws/install/ros2_kinect_led/share/ros2_kinect_led/package.dsv
[0.794s] -- Up-to-date symlink: /home/ri-one/ri_one_master_ws/install/ros2_kinect_led/share/ament_index/resource_index/packages/ros2_kinect_led
[0.794s] -- Up-to-date symlink: /home/ri-one/ri_one_master_ws/install/ros2_kinect_led/share/ros2_kinect_led/cmake/ros2_kinect_ledConfig.cmake
[0.797s] -- Up-to-date symlink: /home/ri-one/ri_one_master_ws/install/ros2_kinect_led/share/ros2_kinect_led/cmake/ros2_kinect_ledConfig-version.cmake
[0.800s] -- Up-to-date symlink: /home/ri-one/ri_one_master_ws/install/ros2_kinect_led/share/ros2_kinect_led/package.xml
[0.820s] Invoked command in '/home/ri-one/ri_one_master_ws/build/ros2_kinect_led' returned '0': CMAKE_PREFIX_PATH=${CMAKE_PREFIX_PATH}:/home/ri-one/ri_one_master_ws/install/ros2_tests:/home/ri-one/ri_one_master_ws/install/gesture_to_motion:/home/ri-one/ri_one_master_ws/install/gesture_detection:/opt/ros/humble /usr/bin/cmake --install /home/ri-one/ri_one_master_ws/build/ros2_kinect_led
