[0.112s] Invoking command in '/home/ri-one/ri_one_master_ws/build/ecl_containers': AMENT_PREFIX_PATH=/home/ri-one/ri_one_master_ws/install/ecl_formatters:/home/ri-one/ri_one_master_ws/install/ecl_utilities:/home/ri-one/ri_one_master_ws/install/ecl_converters:/home/ri-one/ri_one_master_ws/install/ecl_exceptions:/home/ri-one/ri_one_master_ws/install/ecl_concepts:/home/ri-one/ri_one_master_ws/install/ecl_type_traits:/home/ri-one/ri_one_master_ws/install/ecl_errors:/home/ri-one/ri_one_master_ws/install/ecl_mpl:/home/ri-one/ri_one_master_ws/install/ecl_config:${AMENT_PREFIX_PATH} CMAKE_PREFIX_PATH=/home/ri-one/ri_one_master_ws/install/ecl_formatters:/home/ri-one/ri_one_master_ws/install/ecl_utilities:/home/ri-one/ri_one_master_ws/install/ecl_converters:/home/ri-one/ri_one_master_ws/install/ecl_exceptions:/home/ri-one/ri_one_master_ws/install/ecl_concepts:/home/ri-one/ri_one_master_ws/install/ecl_type_traits:/home/ri-one/ri_one_master_ws/install/ecl_errors:/home/ri-one/ri_one_master_ws/install/ecl_mpl:/home/ri-one/ri_one_master_ws/install/ecl_config:/opt/ros/humble LD_LIBRARY_PATH=/home/ri-one/ri_one_master_ws/install/ecl_formatters/lib:/home/ri-one/ri_one_master_ws/install/ecl_exceptions/lib:/home/ri-one/ri_one_master_ws/install/ecl_type_traits/lib:/home/ri-one/ri_one_master_ws/install/ecl_errors/lib:${LD_LIBRARY_PATH} PATH=/home/ri-one/ri_one_master_ws/install/ecl_type_traits/bin:/home/ri-one/ri_one_master_ws/install/ecl_config/bin:${PATH} /usr/bin/cmake --build /home/ri-one/ri_one_master_ws/build/ecl_containers -- -j4 -l4
[0.359s] [ 11%] Built target ecl_demo_formatters
[0.390s] [ 22%] Built target gtest_main
[0.395s] [ 33%] Built target gtest
[0.506s] [ 44%] Built target ecl_test_container_converters
[0.514s] [ 55%] Built target ecl_test_stencil
[0.516s] [ 66%] Built target ecl_test_arrays
[0.519s] [ 77%] Built target ecl_test_arrays_mem_check
[0.583s] [ 88%] Built target ecl_test_push_and_pop
[0.588s] [100%] Built target ecl_test_fifo
[0.622s] Invoked command in '/home/ri-one/ri_one_master_ws/build/ecl_containers' returned '0': AMENT_PREFIX_PATH=/home/ri-one/ri_one_master_ws/install/ecl_formatters:/home/ri-one/ri_one_master_ws/install/ecl_utilities:/home/ri-one/ri_one_master_ws/install/ecl_converters:/home/ri-one/ri_one_master_ws/install/ecl_exceptions:/home/ri-one/ri_one_master_ws/install/ecl_concepts:/home/ri-one/ri_one_master_ws/install/ecl_type_traits:/home/ri-one/ri_one_master_ws/install/ecl_errors:/home/ri-one/ri_one_master_ws/install/ecl_mpl:/home/ri-one/ri_one_master_ws/install/ecl_config:${AMENT_PREFIX_PATH} CMAKE_PREFIX_PATH=/home/ri-one/ri_one_master_ws/install/ecl_formatters:/home/ri-one/ri_one_master_ws/install/ecl_utilities:/home/ri-one/ri_one_master_ws/install/ecl_converters:/home/ri-one/ri_one_master_ws/install/ecl_exceptions:/home/ri-one/ri_one_master_ws/install/ecl_concepts:/home/ri-one/ri_one_master_ws/install/ecl_type_traits:/home/ri-one/ri_one_master_ws/install/ecl_errors:/home/ri-one/ri_one_master_ws/install/ecl_mpl:/home/ri-one/ri_one_master_ws/install/ecl_config:/opt/ros/humble LD_LIBRARY_PATH=/home/ri-one/ri_one_master_ws/install/ecl_formatters/lib:/home/ri-one/ri_one_master_ws/install/ecl_exceptions/lib:/home/ri-one/ri_one_master_ws/install/ecl_type_traits/lib:/home/ri-one/ri_one_master_ws/install/ecl_errors/lib:${LD_LIBRARY_PATH} PATH=/home/ri-one/ri_one_master_ws/install/ecl_type_traits/bin:/home/ri-one/ri_one_master_ws/install/ecl_config/bin:${PATH} /usr/bin/cmake --build /home/ri-one/ri_one_master_ws/build/ecl_containers -- -j4 -l4
[0.624s] Invoking command in '/home/ri-one/ri_one_master_ws/build/ecl_containers': AMENT_PREFIX_PATH=/home/ri-one/ri_one_master_ws/install/ecl_formatters:/home/ri-one/ri_one_master_ws/install/ecl_utilities:/home/ri-one/ri_one_master_ws/install/ecl_converters:/home/ri-one/ri_one_master_ws/install/ecl_exceptions:/home/ri-one/ri_one_master_ws/install/ecl_concepts:/home/ri-one/ri_one_master_ws/install/ecl_type_traits:/home/ri-one/ri_one_master_ws/install/ecl_errors:/home/ri-one/ri_one_master_ws/install/ecl_mpl:/home/ri-one/ri_one_master_ws/install/ecl_config:${AMENT_PREFIX_PATH} CMAKE_PREFIX_PATH=/home/ri-one/ri_one_master_ws/install/ecl_formatters:/home/ri-one/ri_one_master_ws/install/ecl_utilities:/home/ri-one/ri_one_master_ws/install/ecl_converters:/home/ri-one/ri_one_master_ws/install/ecl_exceptions:/home/ri-one/ri_one_master_ws/install/ecl_concepts:/home/ri-one/ri_one_master_ws/install/ecl_type_traits:/home/ri-one/ri_one_master_ws/install/ecl_errors:/home/ri-one/ri_one_master_ws/install/ecl_mpl:/home/ri-one/ri_one_master_ws/install/ecl_config:/opt/ros/humble LD_LIBRARY_PATH=/home/ri-one/ri_one_master_ws/install/ecl_formatters/lib:/home/ri-one/ri_one_master_ws/install/ecl_exceptions/lib:/home/ri-one/ri_one_master_ws/install/ecl_type_traits/lib:/home/ri-one/ri_one_master_ws/install/ecl_errors/lib:${LD_LIBRARY_PATH} PATH=/home/ri-one/ri_one_master_ws/install/ecl_type_traits/bin:/home/ri-one/ri_one_master_ws/install/ecl_config/bin:${PATH} /usr/bin/cmake --install /home/ri-one/ri_one_master_ws/build/ecl_containers
[0.642s] -- Install configuration: ""
[0.644s] -- Execute custom install script
[0.645s] -- Up-to-date symlink: /home/ri-one/ri_one_master_ws/install/ecl_containers/include/ecl/containers/common/formatters.hpp
[0.645s] -- Up-to-date symlink: /home/ri-one/ri_one_master_ws/install/ecl_containers/include/ecl/containers/array/array_dynamic_mem_check.hpp
[0.645s] -- Up-to-date symlink: /home/ri-one/ri_one_master_ws/install/ecl_containers/include/ecl/containers/array/array_dynamic_no_mem_check.hpp
[0.647s] -- Up-to-date symlink: /home/ri-one/ri_one_master_ws/install/ecl_containers/include/ecl/containers/array/array_mem_check.hpp
[0.650s] -- Up-to-date symlink: /home/ri-one/ri_one_master_ws/install/ecl_containers/include/ecl/containers/array/array_no_mem_check.hpp
[0.651s] -- Up-to-date symlink: /home/ri-one/ri_one_master_ws/install/ecl_containers/include/ecl/containers/array/converters.hpp
[0.651s] -- Up-to-date symlink: /home/ri-one/ri_one_master_ws/install/ecl_containers/include/ecl/containers/array/formatters.hpp
[0.655s] -- Up-to-date symlink: /home/ri-one/ri_one_master_ws/install/ecl_containers/include/ecl/containers/push_and_pop/formatters.hpp
[0.655s] -- Up-to-date symlink: /home/ri-one/ri_one_master_ws/install/ecl_containers/include/ecl/containers/push_and_pop/push_and_pop_dynamic.hpp
[0.655s] -- Up-to-date symlink: /home/ri-one/ri_one_master_ws/install/ecl_containers/include/ecl/containers/push_and_pop/push_and_pop_fixed.hpp
[0.657s] -- Up-to-date symlink: /home/ri-one/ri_one_master_ws/install/ecl_containers/include/ecl/containers/stencil/converters.hpp
[0.657s] -- Up-to-date symlink: /home/ri-one/ri_one_master_ws/install/ecl_containers/include/ecl/containers/stencil/formatters.hpp
[0.661s] -- Up-to-date symlink: /home/ri-one/ri_one_master_ws/install/ecl_containers/include/ecl/containers/stencil/specialisations.hpp
[0.661s] -- Up-to-date symlink: /home/ri-one/ri_one_master_ws/install/ecl_containers/include/ecl/containers/stencil/stencil.hpp
[0.661s] -- Up-to-date symlink: /home/ri-one/ri_one_master_ws/install/ecl_containers/include/ecl/containers/array.hpp
[0.663s] -- Up-to-date symlink: /home/ri-one/ri_one_master_ws/install/ecl_containers/include/ecl/containers/converters.hpp
[0.664s] -- Up-to-date symlink: /home/ri-one/ri_one_master_ws/install/ecl_containers/include/ecl/containers/definitions.hpp
[0.667s] -- Up-to-date symlink: /home/ri-one/ri_one_master_ws/install/ecl_containers/include/ecl/containers/fifo.hpp
[0.667s] -- Up-to-date symlink: /home/ri-one/ri_one_master_ws/install/ecl_containers/include/ecl/containers/initialiser.hpp
[0.668s] -- Up-to-date symlink: /home/ri-one/ri_one_master_ws/install/ecl_containers/include/ecl/containers/push_and_pop.hpp
[0.668s] -- Up-to-date symlink: /home/ri-one/ri_one_master_ws/install/ecl_containers/include/ecl/containers/stencil.hpp
[0.670s] -- Up-to-date symlink: /home/ri-one/ri_one_master_ws/install/ecl_containers/include/ecl/containers.hpp
[0.671s] -- Up-to-date symlink: /home/ri-one/ri_one_master_ws/install/ecl_containers/lib/ecl_containers/demo_formatters
[0.672s] -- Up-to-date symlink: /home/ri-one/ri_one_master_ws/install/ecl_containers/share/ament_index/resource_index/package_run_dependencies/ecl_containers
[0.675s] -- Up-to-date symlink: /home/ri-one/ri_one_master_ws/install/ecl_containers/share/ament_index/resource_index/parent_prefix_path/ecl_containers
[0.676s] -- Up-to-date symlink: /home/ri-one/ri_one_master_ws/install/ecl_containers/share/ecl_containers/environment/ament_prefix_path.sh
[0.677s] -- Up-to-date symlink: /home/ri-one/ri_one_master_ws/install/ecl_containers/share/ecl_containers/environment/ament_prefix_path.dsv
[0.677s] -- Up-to-date symlink: /home/ri-one/ri_one_master_ws/install/ecl_containers/share/ecl_containers/environment/path.sh
[0.678s] -- Up-to-date symlink: /home/ri-one/ri_one_master_ws/install/ecl_containers/share/ecl_containers/environment/path.dsv
[0.681s] -- Up-to-date symlink: /home/ri-one/ri_one_master_ws/install/ecl_containers/share/ecl_containers/local_setup.bash
[0.682s] -- Up-to-date symlink: /home/ri-one/ri_one_master_ws/install/ecl_containers/share/ecl_containers/local_setup.sh
[0.682s] -- Up-to-date symlink: /home/ri-one/ri_one_master_ws/install/ecl_containers/share/ecl_containers/local_setup.zsh
[0.683s] -- Up-to-date symlink: /home/ri-one/ri_one_master_ws/install/ecl_containers/share/ecl_containers/local_setup.dsv
[0.686s] -- Symlinking: /home/ri-one/ri_one_master_ws/install/ecl_containers/share/ecl_containers/package.dsv
[0.720s] -- Up-to-date symlink: /home/ri-one/ri_one_master_ws/install/ecl_containers/share/ament_index/resource_index/packages/ecl_containers
[0.721s] -- Up-to-date symlink: /home/ri-one/ri_one_master_ws/install/ecl_containers/share/ecl_containers/cmake/ament_cmake_export_targets-extras.cmake
[0.724s] -- Up-to-date symlink: /home/ri-one/ri_one_master_ws/install/ecl_containers/share/ecl_containers/cmake/ament_cmake_export_include_directories-extras.cmake
[0.724s] -- Up-to-date symlink: /home/ri-one/ri_one_master_ws/install/ecl_containers/share/ecl_containers/cmake/ament_cmake_export_dependencies-extras.cmake
[0.727s] -- Up-to-date symlink: /home/ri-one/ri_one_master_ws/install/ecl_containers/share/ecl_containers/cmake/ecl_containersConfig.cmake
[0.727s] -- Up-to-date symlink: /home/ri-one/ri_one_master_ws/install/ecl_containers/share/ecl_containers/cmake/ecl_containersConfig-version.cmake
[0.730s] -- Up-to-date symlink: /home/ri-one/ri_one_master_ws/install/ecl_containers/share/ecl_containers/package.xml
[0.731s] -- Up-to-date: /home/ri-one/ri_one_master_ws/install/ecl_containers/share/ecl_containers/cmake/ecl_containersExport.cmake
[0.743s] Invoked command in '/home/ri-one/ri_one_master_ws/build/ecl_containers' returned '0': AMENT_PREFIX_PATH=/home/ri-one/ri_one_master_ws/install/ecl_formatters:/home/ri-one/ri_one_master_ws/install/ecl_utilities:/home/ri-one/ri_one_master_ws/install/ecl_converters:/home/ri-one/ri_one_master_ws/install/ecl_exceptions:/home/ri-one/ri_one_master_ws/install/ecl_concepts:/home/ri-one/ri_one_master_ws/install/ecl_type_traits:/home/ri-one/ri_one_master_ws/install/ecl_errors:/home/ri-one/ri_one_master_ws/install/ecl_mpl:/home/ri-one/ri_one_master_ws/install/ecl_config:${AMENT_PREFIX_PATH} CMAKE_PREFIX_PATH=/home/ri-one/ri_one_master_ws/install/ecl_formatters:/home/ri-one/ri_one_master_ws/install/ecl_utilities:/home/ri-one/ri_one_master_ws/install/ecl_converters:/home/ri-one/ri_one_master_ws/install/ecl_exceptions:/home/ri-one/ri_one_master_ws/install/ecl_concepts:/home/ri-one/ri_one_master_ws/install/ecl_type_traits:/home/ri-one/ri_one_master_ws/install/ecl_errors:/home/ri-one/ri_one_master_ws/install/ecl_mpl:/home/ri-one/ri_one_master_ws/install/ecl_config:/opt/ros/humble LD_LIBRARY_PATH=/home/ri-one/ri_one_master_ws/install/ecl_formatters/lib:/home/ri-one/ri_one_master_ws/install/ecl_exceptions/lib:/home/ri-one/ri_one_master_ws/install/ecl_type_traits/lib:/home/ri-one/ri_one_master_ws/install/ecl_errors/lib:${LD_LIBRARY_PATH} PATH=/home/ri-one/ri_one_master_ws/install/ecl_type_traits/bin:/home/ri-one/ri_one_master_ws/install/ecl_config/bin:${PATH} /usr/bin/cmake --install /home/ri-one/ri_one_master_ws/build/ecl_containers
