[0.112s] Invoking command in '/home/ri-one/ri_one_master_ws/build/ecl_mpl': CMAKE_PREFIX_PATH=${CMAKE_PREFIX_PATH}:/home/ri-one/ri_one_master_ws/install/ros2_tests:/home/ri-one/ri_one_master_ws/install/gesture_to_motion:/home/ri-one/ri_one_master_ws/install/gesture_detection:/opt/ros/humble /usr/bin/cmake --build /home/ri-one/ri_one_master_ws/build/ecl_mpl -- -j4 -l4
[0.284s] [ 33%] Built target gtest_main
[0.360s] [ 66%] Built target gtest
[0.428s] [100%] Built target test_enable_if
[0.478s] Invoked command in '/home/ri-one/ri_one_master_ws/build/ecl_mpl' returned '0': CMAKE_PREFIX_PATH=${CMAKE_PREFIX_PATH}:/home/ri-one/ri_one_master_ws/install/ros2_tests:/home/ri-one/ri_one_master_ws/install/gesture_to_motion:/home/ri-one/ri_one_master_ws/install/gesture_detection:/opt/ros/humble /usr/bin/cmake --build /home/ri-one/ri_one_master_ws/build/ecl_mpl -- -j4 -l4
[0.479s] Invoking command in '/home/ri-one/ri_one_master_ws/build/ecl_mpl': CMAKE_PREFIX_PATH=${CMAKE_PREFIX_PATH}:/home/ri-one/ri_one_master_ws/install/ros2_tests:/home/ri-one/ri_one_master_ws/install/gesture_to_motion:/home/ri-one/ri_one_master_ws/install/gesture_detection:/opt/ros/humble /usr/bin/cmake --install /home/ri-one/ri_one_master_ws/build/ecl_mpl
[0.507s] -- Install configuration: ""
[0.508s] -- Execute custom install script
[0.509s] -- Up-to-date symlink: /home/ri-one/ri_one_master_ws/install/ecl_mpl/include/ecl/mpl/bool.hpp
[0.510s] -- Up-to-date symlink: /home/ri-one/ri_one_master_ws/install/ecl_mpl/include/ecl/mpl/converters.hpp
[0.511s] -- Up-to-date symlink: /home/ri-one/ri_one_master_ws/install/ecl_mpl/include/ecl/mpl/enable_if.hpp
[0.511s] -- Up-to-date symlink: /home/ri-one/ri_one_master_ws/install/ecl_mpl/include/ecl/mpl/failed_object.hpp
[0.512s] -- Up-to-date symlink: /home/ri-one/ri_one_master_ws/install/ecl_mpl/include/ecl/mpl/if.hpp
[0.513s] -- Up-to-date symlink: /home/ri-one/ri_one_master_ws/install/ecl_mpl/include/ecl/mpl.hpp
[0.513s] -- Up-to-date symlink: /home/ri-one/ri_one_master_ws/install/ecl_mpl/share/ament_index/resource_index/package_run_dependencies/ecl_mpl
[0.514s] -- Up-to-date symlink: /home/ri-one/ri_one_master_ws/install/ecl_mpl/share/ament_index/resource_index/parent_prefix_path/ecl_mpl
[0.515s] -- Up-to-date symlink: /home/ri-one/ri_one_master_ws/install/ecl_mpl/share/ecl_mpl/environment/ament_prefix_path.sh
[0.516s] -- Up-to-date symlink: /home/ri-one/ri_one_master_ws/install/ecl_mpl/share/ecl_mpl/environment/ament_prefix_path.dsv
[0.517s] -- Up-to-date symlink: /home/ri-one/ri_one_master_ws/install/ecl_mpl/share/ecl_mpl/environment/path.sh
[0.517s] -- Up-to-date symlink: /home/ri-one/ri_one_master_ws/install/ecl_mpl/share/ecl_mpl/environment/path.dsv
[0.518s] -- Up-to-date symlink: /home/ri-one/ri_one_master_ws/install/ecl_mpl/share/ecl_mpl/local_setup.bash
[0.519s] -- Up-to-date symlink: /home/ri-one/ri_one_master_ws/install/ecl_mpl/share/ecl_mpl/local_setup.sh
[0.520s] -- Up-to-date symlink: /home/ri-one/ri_one_master_ws/install/ecl_mpl/share/ecl_mpl/local_setup.zsh
[0.520s] -- Up-to-date symlink: /home/ri-one/ri_one_master_ws/install/ecl_mpl/share/ecl_mpl/local_setup.dsv
[0.522s] -- Symlinking: /home/ri-one/ri_one_master_ws/install/ecl_mpl/share/ecl_mpl/package.dsv
[0.553s] -- Up-to-date symlink: /home/ri-one/ri_one_master_ws/install/ecl_mpl/share/ament_index/resource_index/packages/ecl_mpl
[0.553s] -- Up-to-date symlink: /home/ri-one/ri_one_master_ws/install/ecl_mpl/share/ecl_mpl/cmake/ament_cmake_export_targets-extras.cmake
[0.553s] -- Up-to-date symlink: /home/ri-one/ri_one_master_ws/install/ecl_mpl/share/ecl_mpl/cmake/ament_cmake_export_include_directories-extras.cmake
[0.553s] -- Up-to-date symlink: /home/ri-one/ri_one_master_ws/install/ecl_mpl/share/ecl_mpl/cmake/ecl_mplConfig.cmake
[0.555s] -- Up-to-date symlink: /home/ri-one/ri_one_master_ws/install/ecl_mpl/share/ecl_mpl/cmake/ecl_mplConfig-version.cmake
[0.556s] -- Up-to-date symlink: /home/ri-one/ri_one_master_ws/install/ecl_mpl/share/ecl_mpl/package.xml
[0.557s] -- Up-to-date: /home/ri-one/ri_one_master_ws/install/ecl_mpl/share/ecl_mpl/cmake/ecl_mplExport.cmake
[0.566s] Invoked command in '/home/ri-one/ri_one_master_ws/build/ecl_mpl' returned '0': CMAKE_PREFIX_PATH=${CMAKE_PREFIX_PATH}:/home/ri-one/ri_one_master_ws/install/ros2_tests:/home/ri-one/ri_one_master_ws/install/gesture_to_motion:/home/ri-one/ri_one_master_ws/install/gesture_detection:/opt/ros/humble /usr/bin/cmake --install /home/ri-one/ri_one_master_ws/build/ecl_mpl
