[0.033s] Invoking command in '/home/ri-one/ri_one_master_ws/build/ecl_io': AMENT_PREFIX_PATH=/home/ri-one/ri_one_master_ws/install/ecl_errors:/home/ri-one/ri_one_master_ws/install/ecl_config:${AMENT_PREFIX_PATH} CMAKE_PREFIX_PATH=/home/ri-one/ri_one_master_ws/install/ecl_errors:/home/ri-one/ri_one_master_ws/install/ecl_config:/opt/ros/humble LD_LIBRARY_PATH=/home/ri-one/ri_one_master_ws/install/ecl_errors/lib:${LD_LIBRARY_PATH} PATH=/home/ri-one/ri_one_master_ws/install/ecl_config/bin:${PATH} /usr/bin/cmake /home/ri-one/ri_one_master_ws/src/turtlebot2_ros2/ecl_lite/ecl_io -DAMENT_CMAKE_SYMLINK_INSTALL=1 -DCMAKE_INSTALL_PREFIX=/home/ri-one/ri_one_master_ws/install/ecl_io
[0.184s] -- The C compiler identification is GNU 11.4.0
[0.323s] -- The CXX compiler identification is GNU 11.4.0
[0.343s] -- Detecting C compiler ABI info
[0.553s] -- Detecting C compiler ABI info - done
[0.595s] -- Check for working C compiler: /usr/bin/cc - skipped
[0.595s] -- Detecting C compile features
[0.596s] -- Detecting C compile features - done
[0.612s] -- Detecting CXX compiler ABI info
[0.817s] -- Detecting CXX compiler ABI info - done
[0.864s] -- Check for working CXX compiler: /usr/bin/c++ - skipped
[0.869s] -- Detecting CXX compile features
[0.870s] -- Detecting CXX compile features - done
[0.881s] -- Found ament_cmake_ros: 0.10.0 (/opt/ros/humble/share/ament_cmake_ros/cmake)
[1.246s] -- Found Python3: /usr/bin/python3 (found version "3.10.12") found components: Interpreter 
[1.395s] -- Override CMake install command with custom implementation using symlinks instead of copying resources
[1.470s] -- Found ecl_build: 1.0.3 (/opt/ros/humble/share/ecl_build/cmake)
[1.484s] -- Found ecl_config: 1.2.0 (/home/ri-one/ri_one_master_ws/install/ecl_config/share/ecl_config/cmake)
[1.488s] -- Found ecl_errors: 1.2.0 (/home/ri-one/ri_one_master_ws/install/ecl_errors/share/ecl_errors/cmake)
[1.780s] -- Configuring done
[1.829s] -- Generating done
[1.838s] -- Build files have been written to: /home/ri-one/ri_one_master_ws/build/ecl_io
[1.860s] Invoked command in '/home/ri-one/ri_one_master_ws/build/ecl_io' returned '0': AMENT_PREFIX_PATH=/home/ri-one/ri_one_master_ws/install/ecl_errors:/home/ri-one/ri_one_master_ws/install/ecl_config:${AMENT_PREFIX_PATH} CMAKE_PREFIX_PATH=/home/ri-one/ri_one_master_ws/install/ecl_errors:/home/ri-one/ri_one_master_ws/install/ecl_config:/opt/ros/humble LD_LIBRARY_PATH=/home/ri-one/ri_one_master_ws/install/ecl_errors/lib:${LD_LIBRARY_PATH} PATH=/home/ri-one/ri_one_master_ws/install/ecl_config/bin:${PATH} /usr/bin/cmake /home/ri-one/ri_one_master_ws/src/turtlebot2_ros2/ecl_lite/ecl_io -DAMENT_CMAKE_SYMLINK_INSTALL=1 -DCMAKE_INSTALL_PREFIX=/home/ri-one/ri_one_master_ws/install/ecl_io
[1.861s] Invoking command in '/home/ri-one/ri_one_master_ws/build/ecl_io': AMENT_PREFIX_PATH=/home/ri-one/ri_one_master_ws/install/ecl_errors:/home/ri-one/ri_one_master_ws/install/ecl_config:${AMENT_PREFIX_PATH} CMAKE_PREFIX_PATH=/home/ri-one/ri_one_master_ws/install/ecl_errors:/home/ri-one/ri_one_master_ws/install/ecl_config:/opt/ros/humble LD_LIBRARY_PATH=/home/ri-one/ri_one_master_ws/install/ecl_errors/lib:${LD_LIBRARY_PATH} PATH=/home/ri-one/ri_one_master_ws/install/ecl_config/bin:${PATH} /usr/bin/cmake --build /home/ri-one/ri_one_master_ws/build/ecl_io -- -j4 -l4
[1.963s] [ 10%] [32mBuilding CXX object src/lib/CMakeFiles/ecl_io.dir/poll.cpp.o[0m
[2.298s] [ 20%] [32mBuilding CXX object src/lib/CMakeFiles/ecl_io.dir/sockets.cpp.o[0m
[2.651s] [ 30%] [32mBuilding CXX object src/lib/CMakeFiles/ecl_io.dir/socketpair.cpp.o[0m
[3.045s] [ 40%] [32m[1mLinking CXX shared library libecl_io.so[0m
[3.245s] [ 40%] Built target ecl_io
[3.284s] [ 50%] [32mBuilding CXX object src/examples/CMakeFiles/ecl_io_example_sockets.dir/sockets.cpp.o[0m
[3.773s] [ 60%] [32m[1mLinking CXX executable demo_sockets[0m
[3.946s] [ 60%] Built target ecl_io_example_sockets
[3.991s] [ 70%] [32mBuilding CXX object src/examples/CMakeFiles/ecl_io_example_poll.dir/poll.cpp.o[0m
[4.551s] [ 80%] [32m[1mLinking CXX executable demo_poll[0m
[4.732s] [ 80%] Built target ecl_io_example_poll
[4.777s] [ 90%] [32mBuilding CXX object src/examples/CMakeFiles/ecl_io_example_socketpair.dir/socketpair.cpp.o[0m
[5.321s] [100%] [32m[1mLinking CXX executable demo_socketpair[0m
[5.509s] [100%] Built target ecl_io_example_socketpair
[5.540s] Invoked command in '/home/ri-one/ri_one_master_ws/build/ecl_io' returned '0': AMENT_PREFIX_PATH=/home/ri-one/ri_one_master_ws/install/ecl_errors:/home/ri-one/ri_one_master_ws/install/ecl_config:${AMENT_PREFIX_PATH} CMAKE_PREFIX_PATH=/home/ri-one/ri_one_master_ws/install/ecl_errors:/home/ri-one/ri_one_master_ws/install/ecl_config:/opt/ros/humble LD_LIBRARY_PATH=/home/ri-one/ri_one_master_ws/install/ecl_errors/lib:${LD_LIBRARY_PATH} PATH=/home/ri-one/ri_one_master_ws/install/ecl_config/bin:${PATH} /usr/bin/cmake --build /home/ri-one/ri_one_master_ws/build/ecl_io -- -j4 -l4
[5.541s] Invoking command in '/home/ri-one/ri_one_master_ws/build/ecl_io': AMENT_PREFIX_PATH=/home/ri-one/ri_one_master_ws/install/ecl_errors:/home/ri-one/ri_one_master_ws/install/ecl_config:${AMENT_PREFIX_PATH} CMAKE_PREFIX_PATH=/home/ri-one/ri_one_master_ws/install/ecl_errors:/home/ri-one/ri_one_master_ws/install/ecl_config:/opt/ros/humble LD_LIBRARY_PATH=/home/ri-one/ri_one_master_ws/install/ecl_errors/lib:${LD_LIBRARY_PATH} PATH=/home/ri-one/ri_one_master_ws/install/ecl_config/bin:${PATH} /usr/bin/cmake --install /home/ri-one/ri_one_master_ws/build/ecl_io
[5.556s] -- Install configuration: ""
[5.557s] -- Execute custom install script
[5.557s] -- Symlinking: /home/ri-one/ri_one_master_ws/install/ecl_io/include/ecl/sockets/macros.hpp
[5.576s] -- Symlinking: /home/ri-one/ri_one_master_ws/install/ecl_io/include/ecl/sockets/poll.hpp
[5.594s] -- Symlinking: /home/ri-one/ri_one_master_ws/install/ecl_io/include/ecl/sockets/socketpair.hpp
[5.617s] -- Symlinking: /home/ri-one/ri_one_master_ws/install/ecl_io/include/ecl/sockets/sockets.hpp
[5.635s] -- Symlinking: /home/ri-one/ri_one_master_ws/install/ecl_io/include/ecl/io.hpp
[5.656s] -- Symlinking: /home/ri-one/ri_one_master_ws/install/ecl_io/lib/ecl_io/demo_sockets
[5.675s] -- Symlinking: /home/ri-one/ri_one_master_ws/install/ecl_io/lib/ecl_io/demo_socketpair
[5.695s] -- Symlinking: /home/ri-one/ri_one_master_ws/install/ecl_io/lib/ecl_io/demo_poll
[5.716s] -- Symlinking: /home/ri-one/ri_one_master_ws/install/ecl_io/share/ecl_io/environment/library_path.sh
[5.735s] -- Symlinking: /home/ri-one/ri_one_master_ws/install/ecl_io/share/ecl_io/environment/library_path.dsv
[5.755s] -- Symlinking: /home/ri-one/ri_one_master_ws/install/ecl_io/share/ament_index/resource_index/package_run_dependencies/ecl_io
[5.775s] -- Symlinking: /home/ri-one/ri_one_master_ws/install/ecl_io/share/ament_index/resource_index/parent_prefix_path/ecl_io
[5.795s] -- Symlinking: /home/ri-one/ri_one_master_ws/install/ecl_io/share/ecl_io/environment/ament_prefix_path.sh
[5.817s] -- Symlinking: /home/ri-one/ri_one_master_ws/install/ecl_io/share/ecl_io/environment/ament_prefix_path.dsv
[5.837s] -- Symlinking: /home/ri-one/ri_one_master_ws/install/ecl_io/share/ecl_io/environment/path.sh
[5.857s] -- Symlinking: /home/ri-one/ri_one_master_ws/install/ecl_io/share/ecl_io/environment/path.dsv
[5.876s] -- Symlinking: /home/ri-one/ri_one_master_ws/install/ecl_io/share/ecl_io/local_setup.bash
[5.899s] -- Symlinking: /home/ri-one/ri_one_master_ws/install/ecl_io/share/ecl_io/local_setup.sh
[5.922s] -- Symlinking: /home/ri-one/ri_one_master_ws/install/ecl_io/share/ecl_io/local_setup.zsh
[5.945s] -- Symlinking: /home/ri-one/ri_one_master_ws/install/ecl_io/share/ecl_io/local_setup.dsv
[5.967s] -- Symlinking: /home/ri-one/ri_one_master_ws/install/ecl_io/share/ecl_io/package.dsv
[5.991s] -- Symlinking: /home/ri-one/ri_one_master_ws/install/ecl_io/share/ament_index/resource_index/packages/ecl_io
[6.013s] -- Symlinking: /home/ri-one/ri_one_master_ws/install/ecl_io/share/ecl_io/cmake/ament_cmake_export_targets-extras.cmake
[6.036s] -- Symlinking: /home/ri-one/ri_one_master_ws/install/ecl_io/share/ecl_io/cmake/ament_cmake_export_include_directories-extras.cmake
[6.059s] -- Symlinking: /home/ri-one/ri_one_master_ws/install/ecl_io/share/ecl_io/cmake/ament_cmake_export_libraries-extras.cmake
[6.082s] -- Symlinking: /home/ri-one/ri_one_master_ws/install/ecl_io/share/ecl_io/cmake/ament_cmake_export_dependencies-extras.cmake
[6.108s] -- Symlinking: /home/ri-one/ri_one_master_ws/install/ecl_io/share/ecl_io/cmake/ecl_ioConfig.cmake
[6.131s] -- Symlinking: /home/ri-one/ri_one_master_ws/install/ecl_io/share/ecl_io/cmake/ecl_ioConfig-version.cmake
[6.155s] -- Symlinking: /home/ri-one/ri_one_master_ws/install/ecl_io/share/ecl_io/package.xml
[6.179s] -- Installing: /home/ri-one/ri_one_master_ws/install/ecl_io/share/ecl_io/cmake/ecl_ioExport.cmake
[6.181s] -- Installing: /home/ri-one/ri_one_master_ws/install/ecl_io/share/ecl_io/cmake/ecl_ioExport-noconfig.cmake
[6.182s] -- Installing: /home/ri-one/ri_one_master_ws/install/ecl_io/lib/libecl_io.so.1.2.0
[6.184s] -- Set runtime path of "/home/ri-one/ri_one_master_ws/install/ecl_io/lib/libecl_io.so.1.2.0" to ""
[6.185s] -- Installing: /home/ri-one/ri_one_master_ws/install/ecl_io/lib/libecl_io.so
[6.193s] Invoked command in '/home/ri-one/ri_one_master_ws/build/ecl_io' returned '0': AMENT_PREFIX_PATH=/home/ri-one/ri_one_master_ws/install/ecl_errors:/home/ri-one/ri_one_master_ws/install/ecl_config:${AMENT_PREFIX_PATH} CMAKE_PREFIX_PATH=/home/ri-one/ri_one_master_ws/install/ecl_errors:/home/ri-one/ri_one_master_ws/install/ecl_config:/opt/ros/humble LD_LIBRARY_PATH=/home/ri-one/ri_one_master_ws/install/ecl_errors/lib:${LD_LIBRARY_PATH} PATH=/home/ri-one/ri_one_master_ws/install/ecl_config/bin:${PATH} /usr/bin/cmake --install /home/ri-one/ri_one_master_ws/build/ecl_io
