[0.057s] Invoking command in '/home/ri-one/ri_one_master_ws/build/ecl_containers': AMENT_PREFIX_PATH=/home/ri-one/ri_one_master_ws/install/ecl_formatters:/home/ri-one/ri_one_master_ws/install/ecl_utilities:/home/ri-one/ri_one_master_ws/install/ecl_converters:/home/ri-one/ri_one_master_ws/install/ecl_exceptions:/home/ri-one/ri_one_master_ws/install/ecl_concepts:/home/ri-one/ri_one_master_ws/install/ecl_type_traits:/home/ri-one/ri_one_master_ws/install/ecl_errors:/home/ri-one/ri_one_master_ws/install/ecl_mpl:/home/ri-one/ri_one_master_ws/install/ecl_config:${AMENT_PREFIX_PATH} CMAKE_PREFIX_PATH=/home/ri-one/ri_one_master_ws/install/ecl_formatters:/home/ri-one/ri_one_master_ws/install/ecl_utilities:/home/ri-one/ri_one_master_ws/install/ecl_converters:/home/ri-one/ri_one_master_ws/install/ecl_exceptions:/home/ri-one/ri_one_master_ws/install/ecl_concepts:/home/ri-one/ri_one_master_ws/install/ecl_type_traits:/home/ri-one/ri_one_master_ws/install/ecl_errors:/home/ri-one/ri_one_master_ws/install/ecl_mpl:/home/ri-one/ri_one_master_ws/install/ecl_config:/opt/ros/humble LD_LIBRARY_PATH=/home/ri-one/ri_one_master_ws/install/ecl_formatters/lib:/home/ri-one/ri_one_master_ws/install/ecl_exceptions/lib:/home/ri-one/ri_one_master_ws/install/ecl_type_traits/lib:/home/ri-one/ri_one_master_ws/install/ecl_errors/lib:${LD_LIBRARY_PATH} PATH=/home/ri-one/ri_one_master_ws/install/ecl_type_traits/bin:/home/ri-one/ri_one_master_ws/install/ecl_config/bin:${PATH} /usr/bin/cmake /home/ri-one/ri_one_master_ws/src/turtlebot2_ros2/ecl_core/ecl_containers -DAMENT_CMAKE_SYMLINK_INSTALL=1 -DCMAKE_INSTALL_PREFIX=/home/ri-one/ri_one_master_ws/install/ecl_containers
[0.195s] -- The C compiler identification is GNU 11.4.0
[0.368s] -- The CXX compiler identification is GNU 11.4.0
[0.389s] -- Detecting C compiler ABI info
[0.582s] -- Detecting C compiler ABI info - done
[0.603s] -- Check for working C compiler: /usr/bin/cc - skipped
[0.604s] -- Detecting C compile features
[0.605s] -- Detecting C compile features - done
[0.616s] -- Detecting CXX compiler ABI info
[0.835s] -- Detecting CXX compiler ABI info - done
[0.871s] -- Check for working CXX compiler: /usr/bin/c++ - skipped
[0.871s] -- Detecting CXX compile features
[0.871s] -- Detecting CXX compile features - done
[0.879s] -- Found ament_cmake_ros: 0.10.0 (/opt/ros/humble/share/ament_cmake_ros/cmake)
[1.282s] -- Found Python3: /usr/bin/python3 (found version "3.10.12") found components: Interpreter 
[1.440s] -- Override CMake install command with custom implementation using symlinks instead of copying resources
[1.546s] -- Found ecl_build: 1.0.3 (/opt/ros/humble/share/ecl_build/cmake)
[1.562s] -- Found ecl_config: 1.2.0 (/home/ri-one/ri_one_master_ws/install/ecl_config/share/ecl_config/cmake)
[1.567s] -- Found ecl_converters: 1.2.1 (/home/ri-one/ri_one_master_ws/install/ecl_converters/share/ecl_converters/cmake)
[1.617s] -- Found ecl_formatters: 1.2.1 (/home/ri-one/ri_one_master_ws/install/ecl_formatters/share/ecl_formatters/cmake)
[1.623s] -- Found ecl_utilities: 1.2.1 (/home/ri-one/ri_one_master_ws/install/ecl_utilities/share/ecl_utilities/cmake)
[1.802s] -- Found ament_lint_auto: 0.12.14 (/opt/ros/humble/share/ament_lint_auto/cmake)
[1.865s] -- Found gtest sources under '/opt/ros/humble/src/gtest_vendor': C++ tests using 'Google Test' will be built
[1.874s] -- Looking for pthread.h
[2.071s] -- Looking for pthread.h - found
[2.071s] -- Performing Test CMAKE_HAVE_LIBC_PTHREAD
[2.277s] -- Performing Test CMAKE_HAVE_LIBC_PTHREAD - Success
[2.279s] -- Found Threads: TRUE  
[2.322s] -- Configuring done
[2.369s] -- Generating done
[2.385s] -- Build files have been written to: /home/ri-one/ri_one_master_ws/build/ecl_containers
[2.406s] Invoked command in '/home/ri-one/ri_one_master_ws/build/ecl_containers' returned '0': AMENT_PREFIX_PATH=/home/ri-one/ri_one_master_ws/install/ecl_formatters:/home/ri-one/ri_one_master_ws/install/ecl_utilities:/home/ri-one/ri_one_master_ws/install/ecl_converters:/home/ri-one/ri_one_master_ws/install/ecl_exceptions:/home/ri-one/ri_one_master_ws/install/ecl_concepts:/home/ri-one/ri_one_master_ws/install/ecl_type_traits:/home/ri-one/ri_one_master_ws/install/ecl_errors:/home/ri-one/ri_one_master_ws/install/ecl_mpl:/home/ri-one/ri_one_master_ws/install/ecl_config:${AMENT_PREFIX_PATH} CMAKE_PREFIX_PATH=/home/ri-one/ri_one_master_ws/install/ecl_formatters:/home/ri-one/ri_one_master_ws/install/ecl_utilities:/home/ri-one/ri_one_master_ws/install/ecl_converters:/home/ri-one/ri_one_master_ws/install/ecl_exceptions:/home/ri-one/ri_one_master_ws/install/ecl_concepts:/home/ri-one/ri_one_master_ws/install/ecl_type_traits:/home/ri-one/ri_one_master_ws/install/ecl_errors:/home/ri-one/ri_one_master_ws/install/ecl_mpl:/home/ri-one/ri_one_master_ws/install/ecl_config:/opt/ros/humble LD_LIBRARY_PATH=/home/ri-one/ri_one_master_ws/install/ecl_formatters/lib:/home/ri-one/ri_one_master_ws/install/ecl_exceptions/lib:/home/ri-one/ri_one_master_ws/install/ecl_type_traits/lib:/home/ri-one/ri_one_master_ws/install/ecl_errors/lib:${LD_LIBRARY_PATH} PATH=/home/ri-one/ri_one_master_ws/install/ecl_type_traits/bin:/home/ri-one/ri_one_master_ws/install/ecl_config/bin:${PATH} /usr/bin/cmake /home/ri-one/ri_one_master_ws/src/turtlebot2_ros2/ecl_core/ecl_containers -DAMENT_CMAKE_SYMLINK_INSTALL=1 -DCMAKE_INSTALL_PREFIX=/home/ri-one/ri_one_master_ws/install/ecl_containers
[2.409s] Invoking command in '/home/ri-one/ri_one_master_ws/build/ecl_containers': AMENT_PREFIX_PATH=/home/ri-one/ri_one_master_ws/install/ecl_formatters:/home/ri-one/ri_one_master_ws/install/ecl_utilities:/home/ri-one/ri_one_master_ws/install/ecl_converters:/home/ri-one/ri_one_master_ws/install/ecl_exceptions:/home/ri-one/ri_one_master_ws/install/ecl_concepts:/home/ri-one/ri_one_master_ws/install/ecl_type_traits:/home/ri-one/ri_one_master_ws/install/ecl_errors:/home/ri-one/ri_one_master_ws/install/ecl_mpl:/home/ri-one/ri_one_master_ws/install/ecl_config:${AMENT_PREFIX_PATH} CMAKE_PREFIX_PATH=/home/ri-one/ri_one_master_ws/install/ecl_formatters:/home/ri-one/ri_one_master_ws/install/ecl_utilities:/home/ri-one/ri_one_master_ws/install/ecl_converters:/home/ri-one/ri_one_master_ws/install/ecl_exceptions:/home/ri-one/ri_one_master_ws/install/ecl_concepts:/home/ri-one/ri_one_master_ws/install/ecl_type_traits:/home/ri-one/ri_one_master_ws/install/ecl_errors:/home/ri-one/ri_one_master_ws/install/ecl_mpl:/home/ri-one/ri_one_master_ws/install/ecl_config:/opt/ros/humble LD_LIBRARY_PATH=/home/ri-one/ri_one_master_ws/install/ecl_formatters/lib:/home/ri-one/ri_one_master_ws/install/ecl_exceptions/lib:/home/ri-one/ri_one_master_ws/install/ecl_type_traits/lib:/home/ri-one/ri_one_master_ws/install/ecl_errors/lib:${LD_LIBRARY_PATH} PATH=/home/ri-one/ri_one_master_ws/install/ecl_type_traits/bin:/home/ri-one/ri_one_master_ws/install/ecl_config/bin:${PATH} /usr/bin/cmake --build /home/ri-one/ri_one_master_ws/build/ecl_containers -- -j4 -l4
[2.572s] [  5%] [32mBuilding CXX object src/examples/CMakeFiles/ecl_demo_formatters.dir/formatters.cpp.o[0m
[4.410s] [ 11%] [32m[1mLinking CXX executable demo_formatters[0m
[4.675s] [ 11%] Built target ecl_demo_formatters
[4.719s] [ 16%] [32mBuilding CXX object gtest/CMakeFiles/gtest.dir/src/gtest-all.cc.o[0m
[11.010s] [ 22%] [32m[1mLinking CXX static library libgtest.a[0m
[11.211s] [ 22%] Built target gtest
[11.254s] [ 27%] [32mBuilding CXX object gtest/CMakeFiles/gtest_main.dir/src/gtest_main.cc.o[0m
[12.592s] [ 33%] [32m[1mLinking CXX static library libgtest_main.a[0m
[12.719s] [ 33%] Built target gtest_main
[12.760s] [ 38%] [32mBuilding CXX object src/test/CMakeFiles/ecl_test_arrays.dir/arrays.cpp.o[0m
[14.819s] [ 44%] [32m[1mLinking CXX executable ecl_test_arrays[0m
[15.197s] [ 44%] Built target ecl_test_arrays
[15.241s] [ 50%] [32mBuilding CXX object src/test/CMakeFiles/ecl_test_stencil.dir/stencil.cpp.o[0m
[17.344s] [ 55%] [32m[1mLinking CXX executable ecl_test_stencil[0m
[17.704s] [ 55%] Built target ecl_test_stencil
[17.749s] [ 61%] [32mBuilding CXX object src/test/CMakeFiles/ecl_test_fifo.dir/fifo.cpp.o[0m
[19.609s] [ 66%] [32m[1mLinking CXX executable ecl_test_fifo[0m
[19.956s] [ 66%] Built target ecl_test_fifo
[20.001s] [ 72%] [32mBuilding CXX object src/test/CMakeFiles/ecl_test_push_and_pop.dir/push_and_pop.cpp.o[0m
[22.016s] [ 77%] [32m[1mLinking CXX executable ecl_test_push_and_pop[0m
[22.392s] [ 77%] Built target ecl_test_push_and_pop
[22.435s] [ 83%] [32mBuilding CXX object src/test/CMakeFiles/ecl_test_container_converters.dir/container_converters.cpp.o[0m
[25.004s] [ 88%] [32m[1mLinking CXX executable ecl_test_container_converters[0m
[25.382s] [ 88%] Built target ecl_test_container_converters
[25.430s] [ 94%] [32mBuilding CXX object src/test/CMakeFiles/ecl_test_arrays_mem_check.dir/arrays_mem_check.cpp.o[0m
[27.682s] [100%] [32m[1mLinking CXX executable ecl_test_arrays_mem_check[0m
[28.032s] [100%] Built target ecl_test_arrays_mem_check
[28.056s] Invoked command in '/home/ri-one/ri_one_master_ws/build/ecl_containers' returned '0': AMENT_PREFIX_PATH=/home/ri-one/ri_one_master_ws/install/ecl_formatters:/home/ri-one/ri_one_master_ws/install/ecl_utilities:/home/ri-one/ri_one_master_ws/install/ecl_converters:/home/ri-one/ri_one_master_ws/install/ecl_exceptions:/home/ri-one/ri_one_master_ws/install/ecl_concepts:/home/ri-one/ri_one_master_ws/install/ecl_type_traits:/home/ri-one/ri_one_master_ws/install/ecl_errors:/home/ri-one/ri_one_master_ws/install/ecl_mpl:/home/ri-one/ri_one_master_ws/install/ecl_config:${AMENT_PREFIX_PATH} CMAKE_PREFIX_PATH=/home/ri-one/ri_one_master_ws/install/ecl_formatters:/home/ri-one/ri_one_master_ws/install/ecl_utilities:/home/ri-one/ri_one_master_ws/install/ecl_converters:/home/ri-one/ri_one_master_ws/install/ecl_exceptions:/home/ri-one/ri_one_master_ws/install/ecl_concepts:/home/ri-one/ri_one_master_ws/install/ecl_type_traits:/home/ri-one/ri_one_master_ws/install/ecl_errors:/home/ri-one/ri_one_master_ws/install/ecl_mpl:/home/ri-one/ri_one_master_ws/install/ecl_config:/opt/ros/humble LD_LIBRARY_PATH=/home/ri-one/ri_one_master_ws/install/ecl_formatters/lib:/home/ri-one/ri_one_master_ws/install/ecl_exceptions/lib:/home/ri-one/ri_one_master_ws/install/ecl_type_traits/lib:/home/ri-one/ri_one_master_ws/install/ecl_errors/lib:${LD_LIBRARY_PATH} PATH=/home/ri-one/ri_one_master_ws/install/ecl_type_traits/bin:/home/ri-one/ri_one_master_ws/install/ecl_config/bin:${PATH} /usr/bin/cmake --build /home/ri-one/ri_one_master_ws/build/ecl_containers -- -j4 -l4
[28.064s] Invoking command in '/home/ri-one/ri_one_master_ws/build/ecl_containers': AMENT_PREFIX_PATH=/home/ri-one/ri_one_master_ws/install/ecl_formatters:/home/ri-one/ri_one_master_ws/install/ecl_utilities:/home/ri-one/ri_one_master_ws/install/ecl_converters:/home/ri-one/ri_one_master_ws/install/ecl_exceptions:/home/ri-one/ri_one_master_ws/install/ecl_concepts:/home/ri-one/ri_one_master_ws/install/ecl_type_traits:/home/ri-one/ri_one_master_ws/install/ecl_errors:/home/ri-one/ri_one_master_ws/install/ecl_mpl:/home/ri-one/ri_one_master_ws/install/ecl_config:${AMENT_PREFIX_PATH} CMAKE_PREFIX_PATH=/home/ri-one/ri_one_master_ws/install/ecl_formatters:/home/ri-one/ri_one_master_ws/install/ecl_utilities:/home/ri-one/ri_one_master_ws/install/ecl_converters:/home/ri-one/ri_one_master_ws/install/ecl_exceptions:/home/ri-one/ri_one_master_ws/install/ecl_concepts:/home/ri-one/ri_one_master_ws/install/ecl_type_traits:/home/ri-one/ri_one_master_ws/install/ecl_errors:/home/ri-one/ri_one_master_ws/install/ecl_mpl:/home/ri-one/ri_one_master_ws/install/ecl_config:/opt/ros/humble LD_LIBRARY_PATH=/home/ri-one/ri_one_master_ws/install/ecl_formatters/lib:/home/ri-one/ri_one_master_ws/install/ecl_exceptions/lib:/home/ri-one/ri_one_master_ws/install/ecl_type_traits/lib:/home/ri-one/ri_one_master_ws/install/ecl_errors/lib:${LD_LIBRARY_PATH} PATH=/home/ri-one/ri_one_master_ws/install/ecl_type_traits/bin:/home/ri-one/ri_one_master_ws/install/ecl_config/bin:${PATH} /usr/bin/cmake --install /home/ri-one/ri_one_master_ws/build/ecl_containers
[28.085s] -- Install configuration: ""
[28.085s] -- Execute custom install script
[28.085s] -- Symlinking: /home/ri-one/ri_one_master_ws/install/ecl_containers/include/ecl/containers/common/formatters.hpp
[28.108s] -- Symlinking: /home/ri-one/ri_one_master_ws/install/ecl_containers/include/ecl/containers/array/array_dynamic_mem_check.hpp
[28.131s] -- Symlinking: /home/ri-one/ri_one_master_ws/install/ecl_containers/include/ecl/containers/array/array_dynamic_no_mem_check.hpp
[28.151s] -- Symlinking: /home/ri-one/ri_one_master_ws/install/ecl_containers/include/ecl/containers/array/array_mem_check.hpp
[28.172s] -- Symlinking: /home/ri-one/ri_one_master_ws/install/ecl_containers/include/ecl/containers/array/array_no_mem_check.hpp
[28.194s] -- Symlinking: /home/ri-one/ri_one_master_ws/install/ecl_containers/include/ecl/containers/array/converters.hpp
[28.213s] -- Symlinking: /home/ri-one/ri_one_master_ws/install/ecl_containers/include/ecl/containers/array/formatters.hpp
[28.234s] -- Symlinking: /home/ri-one/ri_one_master_ws/install/ecl_containers/include/ecl/containers/push_and_pop/formatters.hpp
[28.256s] -- Symlinking: /home/ri-one/ri_one_master_ws/install/ecl_containers/include/ecl/containers/push_and_pop/push_and_pop_dynamic.hpp
[28.276s] -- Symlinking: /home/ri-one/ri_one_master_ws/install/ecl_containers/include/ecl/containers/push_and_pop/push_and_pop_fixed.hpp
[28.298s] -- Symlinking: /home/ri-one/ri_one_master_ws/install/ecl_containers/include/ecl/containers/stencil/converters.hpp
[28.320s] -- Symlinking: /home/ri-one/ri_one_master_ws/install/ecl_containers/include/ecl/containers/stencil/formatters.hpp
[28.364s] -- Symlinking: /home/ri-one/ri_one_master_ws/install/ecl_containers/include/ecl/containers/stencil/specialisations.hpp
[28.390s] -- Symlinking: /home/ri-one/ri_one_master_ws/install/ecl_containers/include/ecl/containers/stencil/stencil.hpp
[28.432s] -- Symlinking: /home/ri-one/ri_one_master_ws/install/ecl_containers/include/ecl/containers/array.hpp
[28.463s] -- Symlinking: /home/ri-one/ri_one_master_ws/install/ecl_containers/include/ecl/containers/converters.hpp
[28.483s] -- Symlinking: /home/ri-one/ri_one_master_ws/install/ecl_containers/include/ecl/containers/definitions.hpp
[28.504s] -- Symlinking: /home/ri-one/ri_one_master_ws/install/ecl_containers/include/ecl/containers/fifo.hpp
[28.526s] -- Symlinking: /home/ri-one/ri_one_master_ws/install/ecl_containers/include/ecl/containers/initialiser.hpp
[28.552s] -- Symlinking: /home/ri-one/ri_one_master_ws/install/ecl_containers/include/ecl/containers/push_and_pop.hpp
[28.572s] -- Symlinking: /home/ri-one/ri_one_master_ws/install/ecl_containers/include/ecl/containers/stencil.hpp
[28.591s] -- Symlinking: /home/ri-one/ri_one_master_ws/install/ecl_containers/include/ecl/containers.hpp
[28.613s] -- Symlinking: /home/ri-one/ri_one_master_ws/install/ecl_containers/lib/ecl_containers/demo_formatters
[28.635s] -- Symlinking: /home/ri-one/ri_one_master_ws/install/ecl_containers/share/ament_index/resource_index/package_run_dependencies/ecl_containers
[28.658s] -- Symlinking: /home/ri-one/ri_one_master_ws/install/ecl_containers/share/ament_index/resource_index/parent_prefix_path/ecl_containers
[28.679s] -- Symlinking: /home/ri-one/ri_one_master_ws/install/ecl_containers/share/ecl_containers/environment/ament_prefix_path.sh
[28.701s] -- Symlinking: /home/ri-one/ri_one_master_ws/install/ecl_containers/share/ecl_containers/environment/ament_prefix_path.dsv
[28.721s] -- Symlinking: /home/ri-one/ri_one_master_ws/install/ecl_containers/share/ecl_containers/environment/path.sh
[28.742s] -- Symlinking: /home/ri-one/ri_one_master_ws/install/ecl_containers/share/ecl_containers/environment/path.dsv
[28.780s] -- Symlinking: /home/ri-one/ri_one_master_ws/install/ecl_containers/share/ecl_containers/local_setup.bash
[28.801s] -- Symlinking: /home/ri-one/ri_one_master_ws/install/ecl_containers/share/ecl_containers/local_setup.sh
[28.820s] -- Symlinking: /home/ri-one/ri_one_master_ws/install/ecl_containers/share/ecl_containers/local_setup.zsh
[28.842s] -- Symlinking: /home/ri-one/ri_one_master_ws/install/ecl_containers/share/ecl_containers/local_setup.dsv
[28.862s] -- Symlinking: /home/ri-one/ri_one_master_ws/install/ecl_containers/share/ecl_containers/package.dsv
[28.882s] -- Symlinking: /home/ri-one/ri_one_master_ws/install/ecl_containers/share/ament_index/resource_index/packages/ecl_containers
[28.920s] -- Symlinking: /home/ri-one/ri_one_master_ws/install/ecl_containers/share/ecl_containers/cmake/ament_cmake_export_targets-extras.cmake
[28.954s] -- Symlinking: /home/ri-one/ri_one_master_ws/install/ecl_containers/share/ecl_containers/cmake/ament_cmake_export_include_directories-extras.cmake
[28.979s] -- Symlinking: /home/ri-one/ri_one_master_ws/install/ecl_containers/share/ecl_containers/cmake/ament_cmake_export_dependencies-extras.cmake
[29.013s] -- Symlinking: /home/ri-one/ri_one_master_ws/install/ecl_containers/share/ecl_containers/cmake/ecl_containersConfig.cmake
[29.045s] -- Symlinking: /home/ri-one/ri_one_master_ws/install/ecl_containers/share/ecl_containers/cmake/ecl_containersConfig-version.cmake
[29.066s] -- Symlinking: /home/ri-one/ri_one_master_ws/install/ecl_containers/share/ecl_containers/package.xml
[29.086s] -- Installing: /home/ri-one/ri_one_master_ws/install/ecl_containers/share/ecl_containers/cmake/ecl_containersExport.cmake
[29.095s] Invoked command in '/home/ri-one/ri_one_master_ws/build/ecl_containers' returned '0': AMENT_PREFIX_PATH=/home/ri-one/ri_one_master_ws/install/ecl_formatters:/home/ri-one/ri_one_master_ws/install/ecl_utilities:/home/ri-one/ri_one_master_ws/install/ecl_converters:/home/ri-one/ri_one_master_ws/install/ecl_exceptions:/home/ri-one/ri_one_master_ws/install/ecl_concepts:/home/ri-one/ri_one_master_ws/install/ecl_type_traits:/home/ri-one/ri_one_master_ws/install/ecl_errors:/home/ri-one/ri_one_master_ws/install/ecl_mpl:/home/ri-one/ri_one_master_ws/install/ecl_config:${AMENT_PREFIX_PATH} CMAKE_PREFIX_PATH=/home/ri-one/ri_one_master_ws/install/ecl_formatters:/home/ri-one/ri_one_master_ws/install/ecl_utilities:/home/ri-one/ri_one_master_ws/install/ecl_converters:/home/ri-one/ri_one_master_ws/install/ecl_exceptions:/home/ri-one/ri_one_master_ws/install/ecl_concepts:/home/ri-one/ri_one_master_ws/install/ecl_type_traits:/home/ri-one/ri_one_master_ws/install/ecl_errors:/home/ri-one/ri_one_master_ws/install/ecl_mpl:/home/ri-one/ri_one_master_ws/install/ecl_config:/opt/ros/humble LD_LIBRARY_PATH=/home/ri-one/ri_one_master_ws/install/ecl_formatters/lib:/home/ri-one/ri_one_master_ws/install/ecl_exceptions/lib:/home/ri-one/ri_one_master_ws/install/ecl_type_traits/lib:/home/ri-one/ri_one_master_ws/install/ecl_errors/lib:${LD_LIBRARY_PATH} PATH=/home/ri-one/ri_one_master_ws/install/ecl_type_traits/bin:/home/ri-one/ri_one_master_ws/install/ecl_config/bin:${PATH} /usr/bin/cmake --install /home/ri-one/ri_one_master_ws/build/ecl_containers
