[0.056s] Invoking command in '/home/ri-one/ri_one_master_ws/build/ecl_threads': AMENT_PREFIX_PATH=/home/ri-one/ri_one_master_ws/install/ecl_utilities:/home/ri-one/ri_one_master_ws/install/ecl_time:/home/ri-one/ri_one_master_ws/install/ecl_time_lite:/home/ri-one/ri_one_master_ws/install/ecl_exceptions:/home/ri-one/ri_one_master_ws/install/ecl_concepts:/home/ri-one/ri_one_master_ws/install/ecl_type_traits:/home/ri-one/ri_one_master_ws/install/ecl_errors:/home/ri-one/ri_one_master_ws/install/ecl_mpl:/home/ri-one/ri_one_master_ws/install/ecl_config:${AMENT_PREFIX_PATH} CMAKE_PREFIX_PATH=/home/ri-one/ri_one_master_ws/install/ecl_utilities:/home/ri-one/ri_one_master_ws/install/ecl_time:/home/ri-one/ri_one_master_ws/install/ecl_time_lite:/home/ri-one/ri_one_master_ws/install/ecl_exceptions:/home/ri-one/ri_one_master_ws/install/ecl_concepts:/home/ri-one/ri_one_master_ws/install/ecl_type_traits:/home/ri-one/ri_one_master_ws/install/ecl_errors:/home/ri-one/ri_one_master_ws/install/ecl_mpl:/home/ri-one/ri_one_master_ws/install/ecl_config:/opt/ros/humble LD_LIBRARY_PATH=/home/ri-one/ri_one_master_ws/install/ecl_time/lib:/home/ri-one/ri_one_master_ws/install/ecl_time_lite/lib:/home/ri-one/ri_one_master_ws/install/ecl_exceptions/lib:/home/ri-one/ri_one_master_ws/install/ecl_type_traits/lib:/home/ri-one/ri_one_master_ws/install/ecl_errors/lib:${LD_LIBRARY_PATH} PATH=/home/ri-one/ri_one_master_ws/install/ecl_type_traits/bin:/home/ri-one/ri_one_master_ws/install/ecl_config/bin:${PATH} /usr/bin/cmake /home/ri-one/ri_one_master_ws/src/turtlebot2_ros2/ecl_core/ecl_threads -DAMENT_CMAKE_SYMLINK_INSTALL=1 -DCMAKE_INSTALL_PREFIX=/home/ri-one/ri_one_master_ws/install/ecl_threads
[0.209s] -- The C compiler identification is GNU 11.4.0
[0.351s] -- The CXX compiler identification is GNU 11.4.0
[0.369s] -- Detecting C compiler ABI info
[0.576s] -- Detecting C compiler ABI info - done
[0.628s] -- Check for working C compiler: /usr/bin/cc - skipped
[0.629s] -- Detecting C compile features
[0.629s] -- Detecting C compile features - done
[0.648s] -- Detecting CXX compiler ABI info
[0.864s] -- Detecting CXX compiler ABI info - done
[0.912s] -- Check for working CXX compiler: /usr/bin/c++ - skipped
[0.912s] -- Detecting CXX compile features
[0.914s] -- Detecting CXX compile features - done
[0.927s] -- Found ament_cmake_ros: 0.10.0 (/opt/ros/humble/share/ament_cmake_ros/cmake)
[1.340s] -- Found Python3: /usr/bin/python3 (found version "3.10.12") found components: Interpreter 
[1.491s] -- Override CMake install command with custom implementation using symlinks instead of copying resources
[1.582s] -- Found ecl_build: 1.0.3 (/opt/ros/humble/share/ecl_build/cmake)
[1.598s] -- Found ecl_config: 1.2.0 (/home/ri-one/ri_one_master_ws/install/ecl_config/share/ecl_config/cmake)
[1.606s] -- Found ecl_errors: 1.2.0 (/home/ri-one/ri_one_master_ws/install/ecl_errors/share/ecl_errors/cmake)
[1.614s] -- Found ecl_concepts: 1.2.1 (/home/ri-one/ri_one_master_ws/install/ecl_concepts/share/ecl_concepts/cmake)
[1.646s] -- Found ecl_exceptions: 1.2.1 (/home/ri-one/ri_one_master_ws/install/ecl_exceptions/share/ecl_exceptions/cmake)
[1.648s] -- Found ecl_time: 1.2.1 (/home/ri-one/ri_one_master_ws/install/ecl_time/share/ecl_time/cmake)
[1.663s] -- Found ecl_utilities: 1.2.1 (/home/ri-one/ri_one_master_ws/install/ecl_utilities/share/ecl_utilities/cmake)
[1.829s] -- Looking for pthread.h
[2.012s] -- Looking for pthread.h - found
[2.014s] -- Performing Test CMAKE_HAVE_LIBC_PTHREAD
[2.225s] -- Performing Test CMAKE_HAVE_LIBC_PTHREAD - Success
[2.234s] -- Found Threads: TRUE  
[2.259s] -- Found ament_lint_auto: 0.12.14 (/opt/ros/humble/share/ament_lint_auto/cmake)
[2.325s] -- Found gtest sources under '/opt/ros/humble/src/gtest_vendor': C++ tests using 'Google Test' will be built
[2.402s] -- Configuring done
[2.492s] -- Generating done
[2.529s] -- Build files have been written to: /home/ri-one/ri_one_master_ws/build/ecl_threads
[2.548s] Invoked command in '/home/ri-one/ri_one_master_ws/build/ecl_threads' returned '0': AMENT_PREFIX_PATH=/home/ri-one/ri_one_master_ws/install/ecl_utilities:/home/ri-one/ri_one_master_ws/install/ecl_time:/home/ri-one/ri_one_master_ws/install/ecl_time_lite:/home/ri-one/ri_one_master_ws/install/ecl_exceptions:/home/ri-one/ri_one_master_ws/install/ecl_concepts:/home/ri-one/ri_one_master_ws/install/ecl_type_traits:/home/ri-one/ri_one_master_ws/install/ecl_errors:/home/ri-one/ri_one_master_ws/install/ecl_mpl:/home/ri-one/ri_one_master_ws/install/ecl_config:${AMENT_PREFIX_PATH} CMAKE_PREFIX_PATH=/home/ri-one/ri_one_master_ws/install/ecl_utilities:/home/ri-one/ri_one_master_ws/install/ecl_time:/home/ri-one/ri_one_master_ws/install/ecl_time_lite:/home/ri-one/ri_one_master_ws/install/ecl_exceptions:/home/ri-one/ri_one_master_ws/install/ecl_concepts:/home/ri-one/ri_one_master_ws/install/ecl_type_traits:/home/ri-one/ri_one_master_ws/install/ecl_errors:/home/ri-one/ri_one_master_ws/install/ecl_mpl:/home/ri-one/ri_one_master_ws/install/ecl_config:/opt/ros/humble LD_LIBRARY_PATH=/home/ri-one/ri_one_master_ws/install/ecl_time/lib:/home/ri-one/ri_one_master_ws/install/ecl_time_lite/lib:/home/ri-one/ri_one_master_ws/install/ecl_exceptions/lib:/home/ri-one/ri_one_master_ws/install/ecl_type_traits/lib:/home/ri-one/ri_one_master_ws/install/ecl_errors/lib:${LD_LIBRARY_PATH} PATH=/home/ri-one/ri_one_master_ws/install/ecl_type_traits/bin:/home/ri-one/ri_one_master_ws/install/ecl_config/bin:${PATH} /usr/bin/cmake /home/ri-one/ri_one_master_ws/src/turtlebot2_ros2/ecl_core/ecl_threads -DAMENT_CMAKE_SYMLINK_INSTALL=1 -DCMAKE_INSTALL_PREFIX=/home/ri-one/ri_one_master_ws/install/ecl_threads
[2.554s] Invoking command in '/home/ri-one/ri_one_master_ws/build/ecl_threads': AMENT_PREFIX_PATH=/home/ri-one/ri_one_master_ws/install/ecl_utilities:/home/ri-one/ri_one_master_ws/install/ecl_time:/home/ri-one/ri_one_master_ws/install/ecl_time_lite:/home/ri-one/ri_one_master_ws/install/ecl_exceptions:/home/ri-one/ri_one_master_ws/install/ecl_concepts:/home/ri-one/ri_one_master_ws/install/ecl_type_traits:/home/ri-one/ri_one_master_ws/install/ecl_errors:/home/ri-one/ri_one_master_ws/install/ecl_mpl:/home/ri-one/ri_one_master_ws/install/ecl_config:${AMENT_PREFIX_PATH} CMAKE_PREFIX_PATH=/home/ri-one/ri_one_master_ws/install/ecl_utilities:/home/ri-one/ri_one_master_ws/install/ecl_time:/home/ri-one/ri_one_master_ws/install/ecl_time_lite:/home/ri-one/ri_one_master_ws/install/ecl_exceptions:/home/ri-one/ri_one_master_ws/install/ecl_concepts:/home/ri-one/ri_one_master_ws/install/ecl_type_traits:/home/ri-one/ri_one_master_ws/install/ecl_errors:/home/ri-one/ri_one_master_ws/install/ecl_mpl:/home/ri-one/ri_one_master_ws/install/ecl_config:/opt/ros/humble LD_LIBRARY_PATH=/home/ri-one/ri_one_master_ws/install/ecl_time/lib:/home/ri-one/ri_one_master_ws/install/ecl_time_lite/lib:/home/ri-one/ri_one_master_ws/install/ecl_exceptions/lib:/home/ri-one/ri_one_master_ws/install/ecl_type_traits/lib:/home/ri-one/ri_one_master_ws/install/ecl_errors/lib:${LD_LIBRARY_PATH} PATH=/home/ri-one/ri_one_master_ws/install/ecl_type_traits/bin:/home/ri-one/ri_one_master_ws/install/ecl_config/bin:${PATH} /usr/bin/cmake --build /home/ri-one/ri_one_master_ws/build/ecl_threads -- -j4 -l4
[2.679s] [  4%] [32mBuilding CXX object src/lib/CMakeFiles/ecl_threads.dir/mutex_pos.cpp.o[0m
[3.327s] [  8%] [32mBuilding CXX object src/lib/CMakeFiles/ecl_threads.dir/mutex_w32.cpp.o[0m
[3.377s] [ 13%] [32mBuilding CXX object src/lib/CMakeFiles/ecl_threads.dir/priority_pos.cpp.o[0m
[4.005s] [ 17%] [32mBuilding CXX object src/lib/CMakeFiles/ecl_threads.dir/priority_win.cpp.o[0m
[4.052s] [ 21%] [32mBuilding CXX object src/lib/CMakeFiles/ecl_threads.dir/thread_pos.cpp.o[0m
[4.744s] [ 26%] [32mBuilding CXX object src/lib/CMakeFiles/ecl_threads.dir/thread_win.cpp.o[0m
[4.790s] [ 30%] [32m[1mLinking CXX shared library libecl_threads.so[0m
[5.033s] [ 30%] Built target ecl_threads
[5.076s] [ 34%] [32mBuilding CXX object gtest/CMakeFiles/gtest.dir/src/gtest-all.cc.o[0m
[11.755s] [ 39%] [32m[1mLinking CXX static library libgtest.a[0m
[11.976s] [ 39%] Built target gtest
[12.016s] [ 43%] [32mBuilding CXX object src/examples/CMakeFiles/ecl_demo_mutex.dir/mutex.cpp.o[0m
[12.667s] [ 47%] [32m[1mLinking CXX executable demo_mutex[0m
[12.874s] [ 47%] Built target ecl_demo_mutex
[12.918s] [ 52%] [32mBuilding CXX object src/examples/CMakeFiles/ecl_demo_thread.dir/thread.cpp.o[0m
[13.702s] [ 56%] [32m[1mLinking CXX executable demo_thread[0m
[13.909s] [ 56%] Built target ecl_demo_thread
[13.959s] [ 60%] [32mBuilding CXX object gtest/CMakeFiles/gtest_main.dir/src/gtest_main.cc.o[0m
[15.369s] [ 65%] [32m[1mLinking CXX static library libgtest_main.a[0m
[15.502s] [ 65%] Built target gtest_main
[15.547s] [ 69%] [32mBuilding CXX object src/test/CMakeFiles/ecl_test_mutex.dir/mutex.cpp.o[0m
[17.064s] [ 73%] [32m[1mLinking CXX executable ecl_test_mutex[0m
[17.529s] [ 73%] Built target ecl_test_mutex
[17.579s] [ 78%] [32mBuilding CXX object src/test/CMakeFiles/ecl_test_threads.dir/threads.cpp.o[0m
[19.353s] [ 82%] [32m[1mLinking CXX executable ecl_test_threads[0m
[19.747s] [ 82%] Built target ecl_test_threads
[19.796s] [ 86%] [32mBuilding CXX object src/test/CMakeFiles/ecl_test_threadable.dir/threadable.cpp.o[0m
[21.486s] [ 91%] [32m[1mLinking CXX executable ecl_test_threadable[0m
[21.883s] [ 91%] Built target ecl_test_threadable
[21.926s] [ 95%] [32mBuilding CXX object src/test/CMakeFiles/ecl_test_priorities.dir/priorities.cpp.o[0m
[23.511s] [100%] [32m[1mLinking CXX executable ecl_test_priorities[0m
[23.883s] [100%] Built target ecl_test_priorities
[23.917s] Invoked command in '/home/ri-one/ri_one_master_ws/build/ecl_threads' returned '0': AMENT_PREFIX_PATH=/home/ri-one/ri_one_master_ws/install/ecl_utilities:/home/ri-one/ri_one_master_ws/install/ecl_time:/home/ri-one/ri_one_master_ws/install/ecl_time_lite:/home/ri-one/ri_one_master_ws/install/ecl_exceptions:/home/ri-one/ri_one_master_ws/install/ecl_concepts:/home/ri-one/ri_one_master_ws/install/ecl_type_traits:/home/ri-one/ri_one_master_ws/install/ecl_errors:/home/ri-one/ri_one_master_ws/install/ecl_mpl:/home/ri-one/ri_one_master_ws/install/ecl_config:${AMENT_PREFIX_PATH} CMAKE_PREFIX_PATH=/home/ri-one/ri_one_master_ws/install/ecl_utilities:/home/ri-one/ri_one_master_ws/install/ecl_time:/home/ri-one/ri_one_master_ws/install/ecl_time_lite:/home/ri-one/ri_one_master_ws/install/ecl_exceptions:/home/ri-one/ri_one_master_ws/install/ecl_concepts:/home/ri-one/ri_one_master_ws/install/ecl_type_traits:/home/ri-one/ri_one_master_ws/install/ecl_errors:/home/ri-one/ri_one_master_ws/install/ecl_mpl:/home/ri-one/ri_one_master_ws/install/ecl_config:/opt/ros/humble LD_LIBRARY_PATH=/home/ri-one/ri_one_master_ws/install/ecl_time/lib:/home/ri-one/ri_one_master_ws/install/ecl_time_lite/lib:/home/ri-one/ri_one_master_ws/install/ecl_exceptions/lib:/home/ri-one/ri_one_master_ws/install/ecl_type_traits/lib:/home/ri-one/ri_one_master_ws/install/ecl_errors/lib:${LD_LIBRARY_PATH} PATH=/home/ri-one/ri_one_master_ws/install/ecl_type_traits/bin:/home/ri-one/ri_one_master_ws/install/ecl_config/bin:${PATH} /usr/bin/cmake --build /home/ri-one/ri_one_master_ws/build/ecl_threads -- -j4 -l4
[23.918s] Invoking command in '/home/ri-one/ri_one_master_ws/build/ecl_threads': AMENT_PREFIX_PATH=/home/ri-one/ri_one_master_ws/install/ecl_utilities:/home/ri-one/ri_one_master_ws/install/ecl_time:/home/ri-one/ri_one_master_ws/install/ecl_time_lite:/home/ri-one/ri_one_master_ws/install/ecl_exceptions:/home/ri-one/ri_one_master_ws/install/ecl_concepts:/home/ri-one/ri_one_master_ws/install/ecl_type_traits:/home/ri-one/ri_one_master_ws/install/ecl_errors:/home/ri-one/ri_one_master_ws/install/ecl_mpl:/home/ri-one/ri_one_master_ws/install/ecl_config:${AMENT_PREFIX_PATH} CMAKE_PREFIX_PATH=/home/ri-one/ri_one_master_ws/install/ecl_utilities:/home/ri-one/ri_one_master_ws/install/ecl_time:/home/ri-one/ri_one_master_ws/install/ecl_time_lite:/home/ri-one/ri_one_master_ws/install/ecl_exceptions:/home/ri-one/ri_one_master_ws/install/ecl_concepts:/home/ri-one/ri_one_master_ws/install/ecl_type_traits:/home/ri-one/ri_one_master_ws/install/ecl_errors:/home/ri-one/ri_one_master_ws/install/ecl_mpl:/home/ri-one/ri_one_master_ws/install/ecl_config:/opt/ros/humble LD_LIBRARY_PATH=/home/ri-one/ri_one_master_ws/install/ecl_time/lib:/home/ri-one/ri_one_master_ws/install/ecl_time_lite/lib:/home/ri-one/ri_one_master_ws/install/ecl_exceptions/lib:/home/ri-one/ri_one_master_ws/install/ecl_type_traits/lib:/home/ri-one/ri_one_master_ws/install/ecl_errors/lib:${LD_LIBRARY_PATH} PATH=/home/ri-one/ri_one_master_ws/install/ecl_type_traits/bin:/home/ri-one/ri_one_master_ws/install/ecl_config/bin:${PATH} /usr/bin/cmake --install /home/ri-one/ri_one_master_ws/build/ecl_threads
[23.936s] -- Install configuration: ""
[23.937s] -- Execute custom install script
[23.937s] -- Symlinking: /home/ri-one/ri_one_master_ws/install/ecl_threads/include/ecl/threads/macros.hpp
[23.957s] -- Symlinking: /home/ri-one/ri_one_master_ws/install/ecl_threads/include/ecl/threads/mutex.hpp
[23.976s] -- Symlinking: /home/ri-one/ri_one_master_ws/install/ecl_threads/include/ecl/threads/mutex_pos.hpp
[23.995s] -- Symlinking: /home/ri-one/ri_one_master_ws/install/ecl_threads/include/ecl/threads/mutex_w32.hpp
[24.018s] -- Symlinking: /home/ri-one/ri_one_master_ws/install/ecl_threads/include/ecl/threads/priority.hpp
[24.039s] -- Symlinking: /home/ri-one/ri_one_master_ws/install/ecl_threads/include/ecl/threads/priority_common.hpp
[24.060s] -- Symlinking: /home/ri-one/ri_one_master_ws/install/ecl_threads/include/ecl/threads/priority_pos.hpp
[24.082s] -- Symlinking: /home/ri-one/ri_one_master_ws/install/ecl_threads/include/ecl/threads/priority_win.hpp
[24.103s] -- Symlinking: /home/ri-one/ri_one_master_ws/install/ecl_threads/include/ecl/threads/thread.hpp
[24.125s] -- Symlinking: /home/ri-one/ri_one_master_ws/install/ecl_threads/include/ecl/threads/thread_exceptions_pos.hpp
[24.145s] -- Symlinking: /home/ri-one/ri_one_master_ws/install/ecl_threads/include/ecl/threads/thread_pos.hpp
[24.167s] -- Symlinking: /home/ri-one/ri_one_master_ws/install/ecl_threads/include/ecl/threads/thread_win.hpp
[24.188s] -- Symlinking: /home/ri-one/ri_one_master_ws/install/ecl_threads/include/ecl/threads/threadable.hpp
[24.211s] -- Symlinking: /home/ri-one/ri_one_master_ws/install/ecl_threads/include/ecl/threads.hpp
[24.234s] -- Symlinking: /home/ri-one/ri_one_master_ws/install/ecl_threads/lib/ecl_threads/demo_thread
[24.256s] -- Symlinking: /home/ri-one/ri_one_master_ws/install/ecl_threads/lib/ecl_threads/demo_mutex
[24.278s] -- Symlinking: /home/ri-one/ri_one_master_ws/install/ecl_threads/share/ecl_threads/environment/library_path.sh
[24.300s] -- Symlinking: /home/ri-one/ri_one_master_ws/install/ecl_threads/share/ecl_threads/environment/library_path.dsv
[24.323s] -- Symlinking: /home/ri-one/ri_one_master_ws/install/ecl_threads/share/ament_index/resource_index/package_run_dependencies/ecl_threads
[24.344s] -- Symlinking: /home/ri-one/ri_one_master_ws/install/ecl_threads/share/ament_index/resource_index/parent_prefix_path/ecl_threads
[24.369s] -- Symlinking: /home/ri-one/ri_one_master_ws/install/ecl_threads/share/ecl_threads/environment/ament_prefix_path.sh
[24.391s] -- Symlinking: /home/ri-one/ri_one_master_ws/install/ecl_threads/share/ecl_threads/environment/ament_prefix_path.dsv
[24.413s] -- Symlinking: /home/ri-one/ri_one_master_ws/install/ecl_threads/share/ecl_threads/environment/path.sh
[24.435s] -- Symlinking: /home/ri-one/ri_one_master_ws/install/ecl_threads/share/ecl_threads/environment/path.dsv
[24.456s] -- Symlinking: /home/ri-one/ri_one_master_ws/install/ecl_threads/share/ecl_threads/local_setup.bash
[24.478s] -- Symlinking: /home/ri-one/ri_one_master_ws/install/ecl_threads/share/ecl_threads/local_setup.sh
[24.503s] -- Symlinking: /home/ri-one/ri_one_master_ws/install/ecl_threads/share/ecl_threads/local_setup.zsh
[24.535s] -- Symlinking: /home/ri-one/ri_one_master_ws/install/ecl_threads/share/ecl_threads/local_setup.dsv
[24.559s] -- Symlinking: /home/ri-one/ri_one_master_ws/install/ecl_threads/share/ecl_threads/package.dsv
[24.581s] -- Symlinking: /home/ri-one/ri_one_master_ws/install/ecl_threads/share/ament_index/resource_index/packages/ecl_threads
[24.603s] -- Symlinking: /home/ri-one/ri_one_master_ws/install/ecl_threads/share/ecl_threads/cmake/ecl_threads-extras.cmake
[24.625s] -- Symlinking: /home/ri-one/ri_one_master_ws/install/ecl_threads/share/ecl_threads/cmake/ament_cmake_export_targets-extras.cmake
[24.647s] -- Symlinking: /home/ri-one/ri_one_master_ws/install/ecl_threads/share/ecl_threads/cmake/ament_cmake_export_include_directories-extras.cmake
[24.683s] -- Symlinking: /home/ri-one/ri_one_master_ws/install/ecl_threads/share/ecl_threads/cmake/ament_cmake_export_libraries-extras.cmake
[24.706s] -- Symlinking: /home/ri-one/ri_one_master_ws/install/ecl_threads/share/ecl_threads/cmake/ament_cmake_export_dependencies-extras.cmake
[24.730s] -- Symlinking: /home/ri-one/ri_one_master_ws/install/ecl_threads/share/ecl_threads/cmake/ecl_threadsConfig.cmake
[24.755s] -- Symlinking: /home/ri-one/ri_one_master_ws/install/ecl_threads/share/ecl_threads/cmake/ecl_threadsConfig-version.cmake
[24.770s] -- Symlinking: /home/ri-one/ri_one_master_ws/install/ecl_threads/share/ecl_threads/package.xml
[24.788s] -- Installing: /home/ri-one/ri_one_master_ws/install/ecl_threads/share/ecl_threads/cmake/ecl_threadsExport.cmake
[24.788s] -- Installing: /home/ri-one/ri_one_master_ws/install/ecl_threads/share/ecl_threads/cmake/ecl_threadsExport-noconfig.cmake
[24.790s] -- Installing: /home/ri-one/ri_one_master_ws/install/ecl_threads/lib/libecl_threads.so.1.2.1
[24.791s] -- Set runtime path of "/home/ri-one/ri_one_master_ws/install/ecl_threads/lib/libecl_threads.so.1.2.1" to ""
[24.792s] -- Installing: /home/ri-one/ri_one_master_ws/install/ecl_threads/lib/libecl_threads.so
[24.798s] Invoked command in '/home/ri-one/ri_one_master_ws/build/ecl_threads' returned '0': AMENT_PREFIX_PATH=/home/ri-one/ri_one_master_ws/install/ecl_utilities:/home/ri-one/ri_one_master_ws/install/ecl_time:/home/ri-one/ri_one_master_ws/install/ecl_time_lite:/home/ri-one/ri_one_master_ws/install/ecl_exceptions:/home/ri-one/ri_one_master_ws/install/ecl_concepts:/home/ri-one/ri_one_master_ws/install/ecl_type_traits:/home/ri-one/ri_one_master_ws/install/ecl_errors:/home/ri-one/ri_one_master_ws/install/ecl_mpl:/home/ri-one/ri_one_master_ws/install/ecl_config:${AMENT_PREFIX_PATH} CMAKE_PREFIX_PATH=/home/ri-one/ri_one_master_ws/install/ecl_utilities:/home/ri-one/ri_one_master_ws/install/ecl_time:/home/ri-one/ri_one_master_ws/install/ecl_time_lite:/home/ri-one/ri_one_master_ws/install/ecl_exceptions:/home/ri-one/ri_one_master_ws/install/ecl_concepts:/home/ri-one/ri_one_master_ws/install/ecl_type_traits:/home/ri-one/ri_one_master_ws/install/ecl_errors:/home/ri-one/ri_one_master_ws/install/ecl_mpl:/home/ri-one/ri_one_master_ws/install/ecl_config:/opt/ros/humble LD_LIBRARY_PATH=/home/ri-one/ri_one_master_ws/install/ecl_time/lib:/home/ri-one/ri_one_master_ws/install/ecl_time_lite/lib:/home/ri-one/ri_one_master_ws/install/ecl_exceptions/lib:/home/ri-one/ri_one_master_ws/install/ecl_type_traits/lib:/home/ri-one/ri_one_master_ws/install/ecl_errors/lib:${LD_LIBRARY_PATH} PATH=/home/ri-one/ri_one_master_ws/install/ecl_type_traits/bin:/home/ri-one/ri_one_master_ws/install/ecl_config/bin:${PATH} /usr/bin/cmake --install /home/ri-one/ri_one_master_ws/build/ecl_threads
