[0.194s] Invoking command in '/home/ri-one/ri_one_master_ws/build/ros2_kinect_tilt': CMAKE_PREFIX_PATH=${CMAKE_PREFIX_PATH}:/home/ri-one/ri_one_master_ws/install/ros2_tests:/home/ri-one/ri_one_master_ws/install/gesture_to_motion:/home/ri-one/ri_one_master_ws/install/gesture_detection:/opt/ros/humble /usr/bin/cmake --build /home/ri-one/ri_one_master_ws/build/ros2_kinect_tilt -- -j4 -l4
[0.544s] [100%] Built target ros2_kinect_tilt_node
[0.684s] Invoked command in '/home/ri-one/ri_one_master_ws/build/ros2_kinect_tilt' returned '0': CMAKE_PREFIX_PATH=${CMAKE_PREFIX_PATH}:/home/ri-one/ri_one_master_ws/install/ros2_tests:/home/ri-one/ri_one_master_ws/install/gesture_to_motion:/home/ri-one/ri_one_master_ws/install/gesture_detection:/opt/ros/humble /usr/bin/cmake --build /home/ri-one/ri_one_master_ws/build/ros2_kinect_tilt -- -j4 -l4
[0.692s] Invoking command in '/home/ri-one/ri_one_master_ws/build/ros2_kinect_tilt': CMAKE_PREFIX_PATH=${CMAKE_PREFIX_PATH}:/home/ri-one/ri_one_master_ws/install/ros2_tests:/home/ri-one/ri_one_master_ws/install/gesture_to_motion:/home/ri-one/ri_one_master_ws/install/gesture_detection:/opt/ros/humble /usr/bin/cmake --install /home/ri-one/ri_one_master_ws/build/ros2_kinect_tilt
[0.729s] -- Install configuration: ""
[0.730s] -- Execute custom install script
[0.731s] -- Up-to-date symlink: /home/ri-one/ri_one_master_ws/install/ros2_kinect_tilt/lib/ros2_kinect_tilt/ros2_kinect_tilt_node
[0.731s] -- Up-to-date symlink: /home/ri-one/ri_one_master_ws/install/ros2_kinect_tilt/share/ament_index/resource_index/package_run_dependencies/ros2_kinect_tilt
[0.732s] -- Up-to-date symlink: /home/ri-one/ri_one_master_ws/install/ros2_kinect_tilt/share/ament_index/resource_index/parent_prefix_path/ros2_kinect_tilt
[0.734s] -- Up-to-date symlink: /home/ri-one/ri_one_master_ws/install/ros2_kinect_tilt/share/ros2_kinect_tilt/environment/ament_prefix_path.sh
[0.734s] -- Up-to-date symlink: /home/ri-one/ri_one_master_ws/install/ros2_kinect_tilt/share/ros2_kinect_tilt/environment/ament_prefix_path.dsv
[0.734s] -- Up-to-date symlink: /home/ri-one/ri_one_master_ws/install/ros2_kinect_tilt/share/ros2_kinect_tilt/environment/path.sh
[0.735s] -- Up-to-date symlink: /home/ri-one/ri_one_master_ws/install/ros2_kinect_tilt/share/ros2_kinect_tilt/environment/path.dsv
[0.735s] -- Up-to-date symlink: /home/ri-one/ri_one_master_ws/install/ros2_kinect_tilt/share/ros2_kinect_tilt/local_setup.bash
[0.735s] -- Up-to-date symlink: /home/ri-one/ri_one_master_ws/install/ros2_kinect_tilt/share/ros2_kinect_tilt/local_setup.sh
[0.735s] -- Up-to-date symlink: /home/ri-one/ri_one_master_ws/install/ros2_kinect_tilt/share/ros2_kinect_tilt/local_setup.zsh
[0.735s] -- Up-to-date symlink: /home/ri-one/ri_one_master_ws/install/ros2_kinect_tilt/share/ros2_kinect_tilt/local_setup.dsv
[0.738s] -- Symlinking: /home/ri-one/ri_one_master_ws/install/ros2_kinect_tilt/share/ros2_kinect_tilt/package.dsv
[0.781s] -- Up-to-date symlink: /home/ri-one/ri_one_master_ws/install/ros2_kinect_tilt/share/ament_index/resource_index/packages/ros2_kinect_tilt
[0.782s] -- Up-to-date symlink: /home/ri-one/ri_one_master_ws/install/ros2_kinect_tilt/share/ros2_kinect_tilt/cmake/ros2_kinect_tiltConfig.cmake
[0.783s] -- Up-to-date symlink: /home/ri-one/ri_one_master_ws/install/ros2_kinect_tilt/share/ros2_kinect_tilt/cmake/ros2_kinect_tiltConfig-version.cmake
[0.784s] -- Up-to-date symlink: /home/ri-one/ri_one_master_ws/install/ros2_kinect_tilt/share/ros2_kinect_tilt/package.xml
[1.509s] Invoked command in '/home/ri-one/ri_one_master_ws/build/ros2_kinect_tilt' returned '0': CMAKE_PREFIX_PATH=${CMAKE_PREFIX_PATH}:/home/ri-one/ri_one_master_ws/install/ros2_tests:/home/ri-one/ri_one_master_ws/install/gesture_to_motion:/home/ri-one/ri_one_master_ws/install/gesture_detection:/opt/ros/humble /usr/bin/cmake --install /home/ri-one/ri_one_master_ws/build/ros2_kinect_tilt
