[0.032s] Invoking command in '/home/ri-one/ri_one_master_ws/build/ros2_kinect_led': CMAKE_PREFIX_PATH=${CMAKE_PREFIX_PATH}:/home/ri-one/ri_one_master_ws/install/ros2_tests:/home/ri-one/ri_one_master_ws/install/gesture_to_motion:/home/ri-one/ri_one_master_ws/install/gesture_detection:/opt/ros/humble /usr/bin/cmake --build /home/ri-one/ri_one_master_ws/build/ros2_kinect_led -- -j4 -l4
[0.219s] [100%] Built target ros2_kinect_led_node
[0.254s] Invoked command in '/home/ri-one/ri_one_master_ws/build/ros2_kinect_led' returned '0': CMAKE_PREFIX_PATH=${CMAKE_PREFIX_PATH}:/home/ri-one/ri_one_master_ws/install/ros2_tests:/home/ri-one/ri_one_master_ws/install/gesture_to_motion:/home/ri-one/ri_one_master_ws/install/gesture_detection:/opt/ros/humble /usr/bin/cmake --build /home/ri-one/ri_one_master_ws/build/ros2_kinect_led -- -j4 -l4
[0.260s] Invoking command in '/home/ri-one/ri_one_master_ws/build/ros2_kinect_led': CMAKE_PREFIX_PATH=${CMAKE_PREFIX_PATH}:/home/ri-one/ri_one_master_ws/install/ros2_tests:/home/ri-one/ri_one_master_ws/install/gesture_to_motion:/home/ri-one/ri_one_master_ws/install/gesture_detection:/opt/ros/humble /usr/bin/cmake --install /home/ri-one/ri_one_master_ws/build/ros2_kinect_led
[0.289s] -- Install configuration: ""
[0.290s] -- Execute custom install script
[0.291s] -- Up-to-date symlink: /home/ri-one/ri_one_master_ws/install/ros2_kinect_led/lib/ros2_kinect_led/ros2_kinect_led_node
[0.297s] -- Up-to-date symlink: /home/ri-one/ri_one_master_ws/install/ros2_kinect_led/share/ament_index/resource_index/package_run_dependencies/ros2_kinect_led
[0.297s] -- Up-to-date symlink: /home/ri-one/ri_one_master_ws/install/ros2_kinect_led/share/ament_index/resource_index/parent_prefix_path/ros2_kinect_led
[0.297s] -- Up-to-date symlink: /home/ri-one/ri_one_master_ws/install/ros2_kinect_led/share/ros2_kinect_led/environment/ament_prefix_path.sh
[0.298s] -- Up-to-date symlink: /home/ri-one/ri_one_master_ws/install/ros2_kinect_led/share/ros2_kinect_led/environment/ament_prefix_path.dsv
[0.298s] -- Up-to-date symlink: /home/ri-one/ri_one_master_ws/install/ros2_kinect_led/share/ros2_kinect_led/environment/path.sh
[0.298s] -- Up-to-date symlink: /home/ri-one/ri_one_master_ws/install/ros2_kinect_led/share/ros2_kinect_led/environment/path.dsv
[0.298s] -- Up-to-date symlink: /home/ri-one/ri_one_master_ws/install/ros2_kinect_led/share/ros2_kinect_led/local_setup.bash
[0.299s] -- Up-to-date symlink: /home/ri-one/ri_one_master_ws/install/ros2_kinect_led/share/ros2_kinect_led/local_setup.sh
[0.299s] -- Up-to-date symlink: /home/ri-one/ri_one_master_ws/install/ros2_kinect_led/share/ros2_kinect_led/local_setup.zsh
[0.299s] -- Up-to-date symlink: /home/ri-one/ri_one_master_ws/install/ros2_kinect_led/share/ros2_kinect_led/local_setup.dsv
[0.299s] -- Symlinking: /home/ri-one/ri_one_master_ws/install/ros2_kinect_led/share/ros2_kinect_led/package.dsv
[0.328s] -- Up-to-date symlink: /home/ri-one/ri_one_master_ws/install/ros2_kinect_led/share/ament_index/resource_index/packages/ros2_kinect_led
[0.328s] -- Up-to-date symlink: /home/ri-one/ri_one_master_ws/install/ros2_kinect_led/share/ros2_kinect_led/cmake/ros2_kinect_ledConfig.cmake
[0.328s] -- Up-to-date symlink: /home/ri-one/ri_one_master_ws/install/ros2_kinect_led/share/ros2_kinect_led/cmake/ros2_kinect_ledConfig-version.cmake
[0.328s] -- Up-to-date symlink: /home/ri-one/ri_one_master_ws/install/ros2_kinect_led/share/ros2_kinect_led/package.xml
[0.334s] Invoked command in '/home/ri-one/ri_one_master_ws/build/ros2_kinect_led' returned '0': CMAKE_PREFIX_PATH=${CMAKE_PREFIX_PATH}:/home/ri-one/ri_one_master_ws/install/ros2_tests:/home/ri-one/ri_one_master_ws/install/gesture_to_motion:/home/ri-one/ri_one_master_ws/install/gesture_detection:/opt/ros/humble /usr/bin/cmake --install /home/ri-one/ri_one_master_ws/build/ros2_kinect_led
