[0.089s] Invoking command in '/home/ri-one/ri_one_master_ws/build/ecl_converters': AMENT_PREFIX_PATH=/home/ri-one/ri_one_master_ws/install/ecl_exceptions:/home/ri-one/ri_one_master_ws/install/ecl_concepts:/home/ri-one/ri_one_master_ws/install/ecl_type_traits:/home/ri-one/ri_one_master_ws/install/ecl_errors:/home/ri-one/ri_one_master_ws/install/ecl_mpl:/home/ri-one/ri_one_master_ws/install/ecl_config:${AMENT_PREFIX_PATH} CMAKE_PREFIX_PATH=/home/ri-one/ri_one_master_ws/install/ecl_exceptions:/home/ri-one/ri_one_master_ws/install/ecl_concepts:/home/ri-one/ri_one_master_ws/install/ecl_type_traits:/home/ri-one/ri_one_master_ws/install/ecl_errors:/home/ri-one/ri_one_master_ws/install/ecl_mpl:/home/ri-one/ri_one_master_ws/install/ecl_config:/opt/ros/humble LD_LIBRARY_PATH=/home/ri-one/ri_one_master_ws/install/ecl_exceptions/lib:/home/ri-one/ri_one_master_ws/install/ecl_type_traits/lib:/home/ri-one/ri_one_master_ws/install/ecl_errors/lib:${LD_LIBRARY_PATH} PATH=/home/ri-one/ri_one_master_ws/install/ecl_type_traits/bin:/home/ri-one/ri_one_master_ws/install/ecl_config/bin:${PATH} /usr/bin/cmake --build /home/ri-one/ri_one_master_ws/build/ecl_converters -- -j4 -l4
[0.284s] [ 20%] Built target gtest
[0.297s] [ 40%] Built target demo_float_converters
[0.329s] [ 60%] Built target gtest_main
[0.458s] [ 80%] Built target ecl_test_byte_array_converters
[0.527s] [100%] Built target ecl_test_converters
[0.583s] Invoked command in '/home/ri-one/ri_one_master_ws/build/ecl_converters' returned '0': AMENT_PREFIX_PATH=/home/ri-one/ri_one_master_ws/install/ecl_exceptions:/home/ri-one/ri_one_master_ws/install/ecl_concepts:/home/ri-one/ri_one_master_ws/install/ecl_type_traits:/home/ri-one/ri_one_master_ws/install/ecl_errors:/home/ri-one/ri_one_master_ws/install/ecl_mpl:/home/ri-one/ri_one_master_ws/install/ecl_config:${AMENT_PREFIX_PATH} CMAKE_PREFIX_PATH=/home/ri-one/ri_one_master_ws/install/ecl_exceptions:/home/ri-one/ri_one_master_ws/install/ecl_concepts:/home/ri-one/ri_one_master_ws/install/ecl_type_traits:/home/ri-one/ri_one_master_ws/install/ecl_errors:/home/ri-one/ri_one_master_ws/install/ecl_mpl:/home/ri-one/ri_one_master_ws/install/ecl_config:/opt/ros/humble LD_LIBRARY_PATH=/home/ri-one/ri_one_master_ws/install/ecl_exceptions/lib:/home/ri-one/ri_one_master_ws/install/ecl_type_traits/lib:/home/ri-one/ri_one_master_ws/install/ecl_errors/lib:${LD_LIBRARY_PATH} PATH=/home/ri-one/ri_one_master_ws/install/ecl_type_traits/bin:/home/ri-one/ri_one_master_ws/install/ecl_config/bin:${PATH} /usr/bin/cmake --build /home/ri-one/ri_one_master_ws/build/ecl_converters -- -j4 -l4
[0.584s] Invoking command in '/home/ri-one/ri_one_master_ws/build/ecl_converters': AMENT_PREFIX_PATH=/home/ri-one/ri_one_master_ws/install/ecl_exceptions:/home/ri-one/ri_one_master_ws/install/ecl_concepts:/home/ri-one/ri_one_master_ws/install/ecl_type_traits:/home/ri-one/ri_one_master_ws/install/ecl_errors:/home/ri-one/ri_one_master_ws/install/ecl_mpl:/home/ri-one/ri_one_master_ws/install/ecl_config:${AMENT_PREFIX_PATH} CMAKE_PREFIX_PATH=/home/ri-one/ri_one_master_ws/install/ecl_exceptions:/home/ri-one/ri_one_master_ws/install/ecl_concepts:/home/ri-one/ri_one_master_ws/install/ecl_type_traits:/home/ri-one/ri_one_master_ws/install/ecl_errors:/home/ri-one/ri_one_master_ws/install/ecl_mpl:/home/ri-one/ri_one_master_ws/install/ecl_config:/opt/ros/humble LD_LIBRARY_PATH=/home/ri-one/ri_one_master_ws/install/ecl_exceptions/lib:/home/ri-one/ri_one_master_ws/install/ecl_type_traits/lib:/home/ri-one/ri_one_master_ws/install/ecl_errors/lib:${LD_LIBRARY_PATH} PATH=/home/ri-one/ri_one_master_ws/install/ecl_type_traits/bin:/home/ri-one/ri_one_master_ws/install/ecl_config/bin:${PATH} /usr/bin/cmake --install /home/ri-one/ri_one_master_ws/build/ecl_converters
[0.638s] -- Install configuration: ""
[0.638s] -- Execute custom install script
[0.644s] -- Up-to-date symlink: /home/ri-one/ri_one_master_ws/install/ecl_converters/include/ecl/converters/char.hpp
[0.644s] -- Up-to-date symlink: /home/ri-one/ri_one_master_ws/install/ecl_converters/include/ecl/converters/char_strings.hpp
[0.644s] -- Up-to-date symlink: /home/ri-one/ri_one_master_ws/install/ecl_converters/include/ecl/converters/converter.hpp
[0.644s] -- Up-to-date symlink: /home/ri-one/ri_one_master_ws/install/ecl_converters/include/ecl/converters/from_byte_array.hpp
[0.644s] -- Up-to-date symlink: /home/ri-one/ri_one_master_ws/install/ecl_converters/include/ecl/converters/integers.hpp
[0.645s] -- Up-to-date symlink: /home/ri-one/ri_one_master_ws/install/ecl_converters/include/ecl/converters/string.hpp
[0.645s] -- Up-to-date symlink: /home/ri-one/ri_one_master_ws/install/ecl_converters/include/ecl/converters/to_byte_array.hpp
[0.645s] -- Up-to-date symlink: /home/ri-one/ri_one_master_ws/install/ecl_converters/include/ecl/converters.hpp
[0.653s] -- Up-to-date symlink: /home/ri-one/ri_one_master_ws/install/ecl_converters/lib/ecl_converters/demo_float_converters
[0.653s] -- Up-to-date symlink: /home/ri-one/ri_one_master_ws/install/ecl_converters/share/ament_index/resource_index/package_run_dependencies/ecl_converters
[0.653s] -- Up-to-date symlink: /home/ri-one/ri_one_master_ws/install/ecl_converters/share/ament_index/resource_index/parent_prefix_path/ecl_converters
[0.654s] -- Up-to-date symlink: /home/ri-one/ri_one_master_ws/install/ecl_converters/share/ecl_converters/environment/ament_prefix_path.sh
[0.655s] -- Up-to-date symlink: /home/ri-one/ri_one_master_ws/install/ecl_converters/share/ecl_converters/environment/ament_prefix_path.dsv
[0.656s] -- Up-to-date symlink: /home/ri-one/ri_one_master_ws/install/ecl_converters/share/ecl_converters/environment/path.sh
[0.656s] -- Up-to-date symlink: /home/ri-one/ri_one_master_ws/install/ecl_converters/share/ecl_converters/environment/path.dsv
[0.656s] -- Up-to-date symlink: /home/ri-one/ri_one_master_ws/install/ecl_converters/share/ecl_converters/local_setup.bash
[0.657s] -- Up-to-date symlink: /home/ri-one/ri_one_master_ws/install/ecl_converters/share/ecl_converters/local_setup.sh
[0.657s] -- Up-to-date symlink: /home/ri-one/ri_one_master_ws/install/ecl_converters/share/ecl_converters/local_setup.zsh
[0.657s] -- Up-to-date symlink: /home/ri-one/ri_one_master_ws/install/ecl_converters/share/ecl_converters/local_setup.dsv
[0.657s] -- Symlinking: /home/ri-one/ri_one_master_ws/install/ecl_converters/share/ecl_converters/package.dsv
[0.671s] -- Up-to-date symlink: /home/ri-one/ri_one_master_ws/install/ecl_converters/share/ament_index/resource_index/packages/ecl_converters
[0.672s] -- Up-to-date symlink: /home/ri-one/ri_one_master_ws/install/ecl_converters/share/ecl_converters/cmake/ament_cmake_export_targets-extras.cmake
[0.672s] -- Up-to-date symlink: /home/ri-one/ri_one_master_ws/install/ecl_converters/share/ecl_converters/cmake/ament_cmake_export_include_directories-extras.cmake
[0.672s] -- Up-to-date symlink: /home/ri-one/ri_one_master_ws/install/ecl_converters/share/ecl_converters/cmake/ament_cmake_export_dependencies-extras.cmake
[0.674s] -- Up-to-date symlink: /home/ri-one/ri_one_master_ws/install/ecl_converters/share/ecl_converters/cmake/ecl_convertersConfig.cmake
[0.674s] -- Up-to-date symlink: /home/ri-one/ri_one_master_ws/install/ecl_converters/share/ecl_converters/cmake/ecl_convertersConfig-version.cmake
[0.675s] -- Up-to-date symlink: /home/ri-one/ri_one_master_ws/install/ecl_converters/share/ecl_converters/package.xml
[0.675s] -- Up-to-date: /home/ri-one/ri_one_master_ws/install/ecl_converters/share/ecl_converters/cmake/ecl_convertersExport.cmake
[0.720s] Invoked command in '/home/ri-one/ri_one_master_ws/build/ecl_converters' returned '0': AMENT_PREFIX_PATH=/home/ri-one/ri_one_master_ws/install/ecl_exceptions:/home/ri-one/ri_one_master_ws/install/ecl_concepts:/home/ri-one/ri_one_master_ws/install/ecl_type_traits:/home/ri-one/ri_one_master_ws/install/ecl_errors:/home/ri-one/ri_one_master_ws/install/ecl_mpl:/home/ri-one/ri_one_master_ws/install/ecl_config:${AMENT_PREFIX_PATH} CMAKE_PREFIX_PATH=/home/ri-one/ri_one_master_ws/install/ecl_exceptions:/home/ri-one/ri_one_master_ws/install/ecl_concepts:/home/ri-one/ri_one_master_ws/install/ecl_type_traits:/home/ri-one/ri_one_master_ws/install/ecl_errors:/home/ri-one/ri_one_master_ws/install/ecl_mpl:/home/ri-one/ri_one_master_ws/install/ecl_config:/opt/ros/humble LD_LIBRARY_PATH=/home/ri-one/ri_one_master_ws/install/ecl_exceptions/lib:/home/ri-one/ri_one_master_ws/install/ecl_type_traits/lib:/home/ri-one/ri_one_master_ws/install/ecl_errors/lib:${LD_LIBRARY_PATH} PATH=/home/ri-one/ri_one_master_ws/install/ecl_type_traits/bin:/home/ri-one/ri_one_master_ws/install/ecl_config/bin:${PATH} /usr/bin/cmake --install /home/ri-one/ri_one_master_ws/build/ecl_converters
