[0.088s] Invoking command in '/home/ri-one/ri_one_master_ws/build/audio_common_msgs': CMAKE_PREFIX_PATH=/opt/ros/humble /usr/bin/cmake --build /home/ri-one/ri_one_master_ws/build/audio_common_msgs -- -j4 -l4
[0.298s] [  2%] Built target audio_common_msgs__cpp
[0.298s] [ 12%] Built target audio_common_msgs__rosidl_generator_c
[0.305s] [ 12%] Built target ament_cmake_python_symlink_audio_common_msgs
[0.404s] [ 23%] Built target audio_common_msgs__rosidl_typesupport_cpp
[0.404s] [ 55%] Built target audio_common_msgs__rosidl_typesupport_introspection_cpp
[0.404s] [ 34%] Built target audio_common_msgs__rosidl_typesupport_fastrtps_cpp
[0.408s] [ 44%] Built target audio_common_msgs__rosidl_typesupport_fastrtps_c
[0.496s] [ 65%] Built target audio_common_msgs__rosidl_typesupport_introspection_c
[0.496s] [ 76%] Built target audio_common_msgs__rosidl_typesupport_c
[0.607s] [ 76%] Built target audio_common_msgs
[0.701s] [ 78%] Built target audio_common_msgs__py
[0.810s] [ 87%] Built target audio_common_msgs__rosidl_generator_py
[0.895s] [ 91%] Built target audio_common_msgs__rosidl_typesupport_fastrtps_c__pyext
[0.918s] [ 95%] Built target audio_common_msgs__rosidl_typesupport_c__pyext
[0.931s] [100%] Built target audio_common_msgs__rosidl_typesupport_introspection_c__pyext
[1.301s] running egg_info
[1.305s] writing audio_common_msgs.egg-info/PKG-INFO
[1.306s] writing dependency_links to audio_common_msgs.egg-info/dependency_links.txt
[1.306s] writing top-level names to audio_common_msgs.egg-info/top_level.txt
[1.310s] reading manifest file 'audio_common_msgs.egg-info/SOURCES.txt'
[1.315s] writing manifest file 'audio_common_msgs.egg-info/SOURCES.txt'
[1.376s] [100%] Built target ament_cmake_python_build_audio_common_msgs_egg
[1.411s] Invoked command in '/home/ri-one/ri_one_master_ws/build/audio_common_msgs' returned '0': CMAKE_PREFIX_PATH=/opt/ros/humble /usr/bin/cmake --build /home/ri-one/ri_one_master_ws/build/audio_common_msgs -- -j4 -l4
[1.415s] Invoking command in '/home/ri-one/ri_one_master_ws/build/audio_common_msgs': CMAKE_PREFIX_PATH=/opt/ros/humble /usr/bin/cmake --install /home/ri-one/ri_one_master_ws/build/audio_common_msgs
[1.433s] -- Install configuration: ""
[1.433s] -- Execute custom install script
[1.433s] -- Up-to-date symlink: /home/ri-one/ri_one_master_ws/install/audio_common_msgs/share/ament_index/resource_index/rosidl_interfaces/audio_common_msgs
[1.434s] -- Up-to-date symlink: /home/ri-one/ri_one_master_ws/install/audio_common_msgs/include/audio_common_msgs/audio_common_msgs/msg/audio_data.h
[1.437s] -- Up-to-date symlink: /home/ri-one/ri_one_master_ws/install/audio_common_msgs/include/audio_common_msgs/audio_common_msgs/msg/audio_data_stamped.h
[1.439s] -- Up-to-date symlink: /home/ri-one/ri_one_master_ws/install/audio_common_msgs/include/audio_common_msgs/audio_common_msgs/msg/audio_info.h
[1.440s] -- Up-to-date symlink: /home/ri-one/ri_one_master_ws/install/audio_common_msgs/include/audio_common_msgs/audio_common_msgs/msg/detail/audio_data__functions.h
[1.440s] -- Up-to-date symlink: /home/ri-one/ri_one_master_ws/install/audio_common_msgs/include/audio_common_msgs/audio_common_msgs/msg/detail/audio_data__struct.h
[1.440s] -- Up-to-date symlink: /home/ri-one/ri_one_master_ws/install/audio_common_msgs/include/audio_common_msgs/audio_common_msgs/msg/detail/audio_data__type_support.h
[1.440s] -- Up-to-date symlink: /home/ri-one/ri_one_master_ws/install/audio_common_msgs/include/audio_common_msgs/audio_common_msgs/msg/detail/audio_data_stamped__functions.h
[1.440s] -- Up-to-date symlink: /home/ri-one/ri_one_master_ws/install/audio_common_msgs/include/audio_common_msgs/audio_common_msgs/msg/detail/audio_data_stamped__struct.h
[1.443s] -- Up-to-date symlink: /home/ri-one/ri_one_master_ws/install/audio_common_msgs/include/audio_common_msgs/audio_common_msgs/msg/detail/audio_data_stamped__type_support.h
[1.443s] -- Up-to-date symlink: /home/ri-one/ri_one_master_ws/install/audio_common_msgs/include/audio_common_msgs/audio_common_msgs/msg/detail/audio_info__functions.h
[1.444s] -- Up-to-date symlink: /home/ri-one/ri_one_master_ws/install/audio_common_msgs/include/audio_common_msgs/audio_common_msgs/msg/detail/audio_info__struct.h
[1.444s] -- Up-to-date symlink: /home/ri-one/ri_one_master_ws/install/audio_common_msgs/include/audio_common_msgs/audio_common_msgs/msg/detail/audio_info__type_support.h
[1.444s] -- Up-to-date symlink: /home/ri-one/ri_one_master_ws/install/audio_common_msgs/include/audio_common_msgs/audio_common_msgs/msg/rosidl_generator_c__visibility_control.h
[1.448s] -- Up-to-date symlink: /home/ri-one/ri_one_master_ws/install/audio_common_msgs/share/audio_common_msgs/environment/library_path.sh
[1.449s] -- Up-to-date symlink: /home/ri-one/ri_one_master_ws/install/audio_common_msgs/share/audio_common_msgs/environment/library_path.dsv
[1.449s] -- Up-to-date symlink: /home/ri-one/ri_one_master_ws/install/audio_common_msgs/include/audio_common_msgs/audio_common_msgs/msg/detail/audio_data__rosidl_typesupport_fastrtps_c.h
[1.449s] -- Up-to-date symlink: /home/ri-one/ri_one_master_ws/install/audio_common_msgs/include/audio_common_msgs/audio_common_msgs/msg/detail/audio_data_stamped__rosidl_typesupport_fastrtps_c.h
[1.449s] -- Up-to-date symlink: /home/ri-one/ri_one_master_ws/install/audio_common_msgs/include/audio_common_msgs/audio_common_msgs/msg/detail/audio_info__rosidl_typesupport_fastrtps_c.h
[1.449s] -- Up-to-date symlink: /home/ri-one/ri_one_master_ws/install/audio_common_msgs/include/audio_common_msgs/audio_common_msgs/msg/rosidl_typesupport_fastrtps_c__visibility_control.h
[1.452s] -- Up-to-date symlink: /home/ri-one/ri_one_master_ws/install/audio_common_msgs/include/audio_common_msgs/audio_common_msgs/msg/detail/audio_data__rosidl_typesupport_introspection_c.h
[1.452s] -- Up-to-date symlink: /home/ri-one/ri_one_master_ws/install/audio_common_msgs/include/audio_common_msgs/audio_common_msgs/msg/detail/audio_data_stamped__rosidl_typesupport_introspection_c.h
[1.453s] -- Up-to-date symlink: /home/ri-one/ri_one_master_ws/install/audio_common_msgs/include/audio_common_msgs/audio_common_msgs/msg/detail/audio_info__rosidl_typesupport_introspection_c.h
[1.453s] -- Up-to-date symlink: /home/ri-one/ri_one_master_ws/install/audio_common_msgs/include/audio_common_msgs/audio_common_msgs/msg/rosidl_typesupport_introspection_c__visibility_control.h
[1.453s] -- Up-to-date symlink: /home/ri-one/ri_one_master_ws/install/audio_common_msgs/include/audio_common_msgs/audio_common_msgs/msg/audio_data.hpp
[1.453s] -- Up-to-date symlink: /home/ri-one/ri_one_master_ws/install/audio_common_msgs/include/audio_common_msgs/audio_common_msgs/msg/audio_data_stamped.hpp
[1.453s] -- Up-to-date symlink: /home/ri-one/ri_one_master_ws/install/audio_common_msgs/include/audio_common_msgs/audio_common_msgs/msg/audio_info.hpp
[1.454s] -- Up-to-date symlink: /home/ri-one/ri_one_master_ws/install/audio_common_msgs/include/audio_common_msgs/audio_common_msgs/msg/detail/audio_data__builder.hpp
[1.454s] -- Up-to-date symlink: /home/ri-one/ri_one_master_ws/install/audio_common_msgs/include/audio_common_msgs/audio_common_msgs/msg/detail/audio_data__struct.hpp
[1.455s] -- Up-to-date symlink: /home/ri-one/ri_one_master_ws/install/audio_common_msgs/include/audio_common_msgs/audio_common_msgs/msg/detail/audio_data__traits.hpp
[1.456s] -- Up-to-date symlink: /home/ri-one/ri_one_master_ws/install/audio_common_msgs/include/audio_common_msgs/audio_common_msgs/msg/detail/audio_data__type_support.hpp
[1.457s] -- Up-to-date symlink: /home/ri-one/ri_one_master_ws/install/audio_common_msgs/include/audio_common_msgs/audio_common_msgs/msg/detail/audio_data_stamped__builder.hpp
[1.457s] -- Up-to-date symlink: /home/ri-one/ri_one_master_ws/install/audio_common_msgs/include/audio_common_msgs/audio_common_msgs/msg/detail/audio_data_stamped__struct.hpp
[1.458s] -- Up-to-date symlink: /home/ri-one/ri_one_master_ws/install/audio_common_msgs/include/audio_common_msgs/audio_common_msgs/msg/detail/audio_data_stamped__traits.hpp
[1.458s] -- Up-to-date symlink: /home/ri-one/ri_one_master_ws/install/audio_common_msgs/include/audio_common_msgs/audio_common_msgs/msg/detail/audio_data_stamped__type_support.hpp
[1.462s] -- Up-to-date symlink: /home/ri-one/ri_one_master_ws/install/audio_common_msgs/include/audio_common_msgs/audio_common_msgs/msg/detail/audio_info__builder.hpp
[1.463s] -- Up-to-date symlink: /home/ri-one/ri_one_master_ws/install/audio_common_msgs/include/audio_common_msgs/audio_common_msgs/msg/detail/audio_info__struct.hpp
[1.465s] -- Up-to-date symlink: /home/ri-one/ri_one_master_ws/install/audio_common_msgs/include/audio_common_msgs/audio_common_msgs/msg/detail/audio_info__traits.hpp
[1.466s] -- Up-to-date symlink: /home/ri-one/ri_one_master_ws/install/audio_common_msgs/include/audio_common_msgs/audio_common_msgs/msg/detail/audio_info__type_support.hpp
[1.466s] -- Up-to-date symlink: /home/ri-one/ri_one_master_ws/install/audio_common_msgs/include/audio_common_msgs/audio_common_msgs/msg/rosidl_generator_cpp__visibility_control.hpp
[1.467s] -- Up-to-date symlink: /home/ri-one/ri_one_master_ws/install/audio_common_msgs/include/audio_common_msgs/audio_common_msgs/msg/detail/audio_data__rosidl_typesupport_fastrtps_cpp.hpp
[1.468s] -- Up-to-date symlink: /home/ri-one/ri_one_master_ws/install/audio_common_msgs/include/audio_common_msgs/audio_common_msgs/msg/detail/audio_data_stamped__rosidl_typesupport_fastrtps_cpp.hpp
[1.469s] -- Up-to-date symlink: /home/ri-one/ri_one_master_ws/install/audio_common_msgs/include/audio_common_msgs/audio_common_msgs/msg/detail/audio_info__rosidl_typesupport_fastrtps_cpp.hpp
[1.469s] -- Up-to-date symlink: /home/ri-one/ri_one_master_ws/install/audio_common_msgs/include/audio_common_msgs/audio_common_msgs/msg/rosidl_typesupport_fastrtps_cpp__visibility_control.h
[1.469s] -- Up-to-date symlink: /home/ri-one/ri_one_master_ws/install/audio_common_msgs/include/audio_common_msgs/audio_common_msgs/msg/detail/audio_data__rosidl_typesupport_introspection_cpp.hpp
[1.470s] -- Up-to-date symlink: /home/ri-one/ri_one_master_ws/install/audio_common_msgs/include/audio_common_msgs/audio_common_msgs/msg/detail/audio_data_stamped__rosidl_typesupport_introspection_cpp.hpp
[1.470s] -- Up-to-date symlink: /home/ri-one/ri_one_master_ws/install/audio_common_msgs/include/audio_common_msgs/audio_common_msgs/msg/detail/audio_info__rosidl_typesupport_introspection_cpp.hpp
[1.470s] -- Up-to-date symlink: /home/ri-one/ri_one_master_ws/install/audio_common_msgs/share/audio_common_msgs/environment/pythonpath.sh
[1.471s] -- Up-to-date symlink: /home/ri-one/ri_one_master_ws/install/audio_common_msgs/share/audio_common_msgs/environment/pythonpath.dsv
[1.471s] -- Up-to-date symlink: /home/ri-one/ri_one_master_ws/install/audio_common_msgs/local/lib/python3.10/dist-packages/audio_common_msgs-0.3.12-py3.10.egg-info/PKG-INFO
[1.472s] -- Up-to-date symlink: /home/ri-one/ri_one_master_ws/install/audio_common_msgs/local/lib/python3.10/dist-packages/audio_common_msgs-0.3.12-py3.10.egg-info/SOURCES.txt
[1.473s] -- Up-to-date symlink: /home/ri-one/ri_one_master_ws/install/audio_common_msgs/local/lib/python3.10/dist-packages/audio_common_msgs-0.3.12-py3.10.egg-info/dependency_links.txt
[1.479s] -- Up-to-date symlink: /home/ri-one/ri_one_master_ws/install/audio_common_msgs/local/lib/python3.10/dist-packages/audio_common_msgs-0.3.12-py3.10.egg-info/top_level.txt
[1.479s] -- Up-to-date symlink: /home/ri-one/ri_one_master_ws/install/audio_common_msgs/local/lib/python3.10/dist-packages/audio_common_msgs/__init__.py
[1.479s] -- Up-to-date symlink: /home/ri-one/ri_one_master_ws/install/audio_common_msgs/local/lib/python3.10/dist-packages/audio_common_msgs/_audio_common_msgs_s.ep.rosidl_typesupport_c.c
[1.480s] -- Up-to-date symlink: /home/ri-one/ri_one_master_ws/install/audio_common_msgs/local/lib/python3.10/dist-packages/audio_common_msgs/_audio_common_msgs_s.ep.rosidl_typesupport_fastrtps_c.c
[1.480s] -- Up-to-date symlink: /home/ri-one/ri_one_master_ws/install/audio_common_msgs/local/lib/python3.10/dist-packages/audio_common_msgs/_audio_common_msgs_s.ep.rosidl_typesupport_introspection_c.c
[1.480s] -- Up-to-date symlink: /home/ri-one/ri_one_master_ws/install/audio_common_msgs/local/lib/python3.10/dist-packages/audio_common_msgs/audio_common_msgs_s__rosidl_typesupport_c.cpython-310-x86_64-linux-gnu.so
[1.480s] -- Up-to-date symlink: /home/ri-one/ri_one_master_ws/install/audio_common_msgs/local/lib/python3.10/dist-packages/audio_common_msgs/audio_common_msgs_s__rosidl_typesupport_fastrtps_c.cpython-310-x86_64-linux-gnu.so
[1.480s] -- Up-to-date symlink: /home/ri-one/ri_one_master_ws/install/audio_common_msgs/local/lib/python3.10/dist-packages/audio_common_msgs/audio_common_msgs_s__rosidl_typesupport_introspection_c.cpython-310-x86_64-linux-gnu.so
[1.481s] -- Up-to-date symlink: /home/ri-one/ri_one_master_ws/install/audio_common_msgs/local/lib/python3.10/dist-packages/audio_common_msgs/libaudio_common_msgs__rosidl_generator_py.so
[1.481s] -- Up-to-date symlink: /home/ri-one/ri_one_master_ws/install/audio_common_msgs/local/lib/python3.10/dist-packages/audio_common_msgs/msg/__init__.py
[1.486s] -- Up-to-date symlink: /home/ri-one/ri_one_master_ws/install/audio_common_msgs/local/lib/python3.10/dist-packages/audio_common_msgs/msg/_audio_data.py
[1.491s] -- Up-to-date symlink: /home/ri-one/ri_one_master_ws/install/audio_common_msgs/local/lib/python3.10/dist-packages/audio_common_msgs/msg/_audio_data_s.c
[1.491s] -- Up-to-date symlink: /home/ri-one/ri_one_master_ws/install/audio_common_msgs/local/lib/python3.10/dist-packages/audio_common_msgs/msg/_audio_data_stamped.py
[1.491s] -- Up-to-date symlink: /home/ri-one/ri_one_master_ws/install/audio_common_msgs/local/lib/python3.10/dist-packages/audio_common_msgs/msg/_audio_data_stamped_s.c
[1.492s] -- Up-to-date symlink: /home/ri-one/ri_one_master_ws/install/audio_common_msgs/local/lib/python3.10/dist-packages/audio_common_msgs/msg/_audio_info.py
[1.492s] -- Up-to-date symlink: /home/ri-one/ri_one_master_ws/install/audio_common_msgs/local/lib/python3.10/dist-packages/audio_common_msgs/msg/_audio_info_s.c
[1.492s] -- Up-to-date symlink: /home/ri-one/ri_one_master_ws/install/audio_common_msgs/local/lib/python3.10/dist-packages/audio_common_msgs/audio_common_msgs_s__rosidl_typesupport_fastrtps_c.cpython-310-x86_64-linux-gnu.so
[1.492s] -- Up-to-date symlink: /home/ri-one/ri_one_master_ws/install/audio_common_msgs/local/lib/python3.10/dist-packages/audio_common_msgs/audio_common_msgs_s__rosidl_typesupport_introspection_c.cpython-310-x86_64-linux-gnu.so
[1.492s] -- Up-to-date symlink: /home/ri-one/ri_one_master_ws/install/audio_common_msgs/local/lib/python3.10/dist-packages/audio_common_msgs/audio_common_msgs_s__rosidl_typesupport_c.cpython-310-x86_64-linux-gnu.so
[1.492s] -- Up-to-date symlink: /home/ri-one/ri_one_master_ws/install/audio_common_msgs/share/audio_common_msgs/msg/AudioData.idl
[1.493s] -- Up-to-date symlink: /home/ri-one/ri_one_master_ws/install/audio_common_msgs/share/audio_common_msgs/msg/AudioDataStamped.idl
[1.493s] -- Up-to-date symlink: /home/ri-one/ri_one_master_ws/install/audio_common_msgs/share/audio_common_msgs/msg/AudioInfo.idl
[1.497s] -- Up-to-date symlink: /home/ri-one/ri_one_master_ws/install/audio_common_msgs/share/audio_common_msgs/msg/AudioData.msg
[1.497s] -- Up-to-date symlink: /home/ri-one/ri_one_master_ws/install/audio_common_msgs/share/audio_common_msgs/msg/AudioDataStamped.msg
[1.497s] -- Up-to-date symlink: /home/ri-one/ri_one_master_ws/install/audio_common_msgs/share/audio_common_msgs/msg/AudioInfo.msg
[1.498s] -- Up-to-date symlink: /home/ri-one/ri_one_master_ws/install/audio_common_msgs/share/ament_index/resource_index/package_run_dependencies/audio_common_msgs
[1.498s] -- Up-to-date symlink: /home/ri-one/ri_one_master_ws/install/audio_common_msgs/share/ament_index/resource_index/parent_prefix_path/audio_common_msgs
[1.498s] -- Up-to-date symlink: /home/ri-one/ri_one_master_ws/install/audio_common_msgs/share/audio_common_msgs/environment/ament_prefix_path.sh
[1.498s] -- Up-to-date symlink: /home/ri-one/ri_one_master_ws/install/audio_common_msgs/share/audio_common_msgs/environment/ament_prefix_path.dsv
[1.501s] -- Up-to-date symlink: /home/ri-one/ri_one_master_ws/install/audio_common_msgs/share/audio_common_msgs/environment/path.sh
[1.501s] -- Up-to-date symlink: /home/ri-one/ri_one_master_ws/install/audio_common_msgs/share/audio_common_msgs/environment/path.dsv
[1.501s] -- Up-to-date symlink: /home/ri-one/ri_one_master_ws/install/audio_common_msgs/share/audio_common_msgs/local_setup.bash
[1.501s] -- Up-to-date symlink: /home/ri-one/ri_one_master_ws/install/audio_common_msgs/share/audio_common_msgs/local_setup.sh
[1.501s] -- Up-to-date symlink: /home/ri-one/ri_one_master_ws/install/audio_common_msgs/share/audio_common_msgs/local_setup.zsh
[1.502s] -- Up-to-date symlink: /home/ri-one/ri_one_master_ws/install/audio_common_msgs/share/audio_common_msgs/local_setup.dsv
[1.511s] -- Symlinking: /home/ri-one/ri_one_master_ws/install/audio_common_msgs/share/audio_common_msgs/package.dsv
[1.511s] -- Up-to-date symlink: /home/ri-one/ri_one_master_ws/install/audio_common_msgs/share/ament_index/resource_index/packages/audio_common_msgs
[1.512s] -- Up-to-date symlink: /home/ri-one/ri_one_master_ws/install/audio_common_msgs/share/audio_common_msgs/cmake/rosidl_cmake-extras.cmake
[1.512s] -- Up-to-date symlink: /home/ri-one/ri_one_master_ws/install/audio_common_msgs/share/audio_common_msgs/cmake/ament_cmake_export_dependencies-extras.cmake
[1.512s] -- Up-to-date symlink: /home/ri-one/ri_one_master_ws/install/audio_common_msgs/share/audio_common_msgs/cmake/ament_cmake_export_include_directories-extras.cmake
[1.512s] -- Up-to-date symlink: /home/ri-one/ri_one_master_ws/install/audio_common_msgs/share/audio_common_msgs/cmake/ament_cmake_export_libraries-extras.cmake
[1.512s] -- Up-to-date symlink: /home/ri-one/ri_one_master_ws/install/audio_common_msgs/share/audio_common_msgs/cmake/ament_cmake_export_targets-extras.cmake
[1.512s] -- Up-to-date symlink: /home/ri-one/ri_one_master_ws/install/audio_common_msgs/share/audio_common_msgs/cmake/rosidl_cmake_export_typesupport_targets-extras.cmake
[1.513s] -- Up-to-date symlink: /home/ri-one/ri_one_master_ws/install/audio_common_msgs/share/audio_common_msgs/cmake/rosidl_cmake_export_typesupport_libraries-extras.cmake
[1.513s] -- Up-to-date symlink: /home/ri-one/ri_one_master_ws/install/audio_common_msgs/share/audio_common_msgs/cmake/audio_common_msgsConfig.cmake
[1.513s] -- Up-to-date symlink: /home/ri-one/ri_one_master_ws/install/audio_common_msgs/share/audio_common_msgs/cmake/audio_common_msgsConfig-version.cmake
[1.513s] -- Up-to-date symlink: /home/ri-one/ri_one_master_ws/install/audio_common_msgs/share/audio_common_msgs/package.xml
[1.513s] -- Up-to-date: /home/ri-one/ri_one_master_ws/install/audio_common_msgs/lib/libaudio_common_msgs__rosidl_generator_c.so
[1.513s] -- Up-to-date: /home/ri-one/ri_one_master_ws/install/audio_common_msgs/lib/libaudio_common_msgs__rosidl_typesupport_fastrtps_c.so
[1.513s] -- Up-to-date: /home/ri-one/ri_one_master_ws/install/audio_common_msgs/lib/libaudio_common_msgs__rosidl_typesupport_introspection_c.so
[1.514s] -- Up-to-date: /home/ri-one/ri_one_master_ws/install/audio_common_msgs/lib/libaudio_common_msgs__rosidl_typesupport_c.so
[1.514s] -- Up-to-date: /home/ri-one/ri_one_master_ws/install/audio_common_msgs/lib/libaudio_common_msgs__rosidl_typesupport_fastrtps_cpp.so
[1.526s] -- Up-to-date: /home/ri-one/ri_one_master_ws/install/audio_common_msgs/lib/libaudio_common_msgs__rosidl_typesupport_introspection_cpp.so
[1.526s] -- Up-to-date: /home/ri-one/ri_one_master_ws/install/audio_common_msgs/lib/libaudio_common_msgs__rosidl_typesupport_cpp.so
[1.633s] Listing '/home/ri-one/ri_one_master_ws/install/audio_common_msgs/local/lib/python3.10/dist-packages/audio_common_msgs'...
[1.633s] Listing '/home/ri-one/ri_one_master_ws/install/audio_common_msgs/local/lib/python3.10/dist-packages/audio_common_msgs/msg'...
[1.663s] -- Up-to-date: /home/ri-one/ri_one_master_ws/install/audio_common_msgs/lib/libaudio_common_msgs__rosidl_generator_py.so
[1.663s] -- Up-to-date: /home/ri-one/ri_one_master_ws/install/audio_common_msgs/share/audio_common_msgs/cmake/export_audio_common_msgs__rosidl_generator_cExport.cmake
[1.664s] -- Up-to-date: /home/ri-one/ri_one_master_ws/install/audio_common_msgs/share/audio_common_msgs/cmake/export_audio_common_msgs__rosidl_generator_cExport-noconfig.cmake
[1.665s] -- Up-to-date: /home/ri-one/ri_one_master_ws/install/audio_common_msgs/share/audio_common_msgs/cmake/export_audio_common_msgs__rosidl_typesupport_fastrtps_cExport.cmake
[1.666s] -- Up-to-date: /home/ri-one/ri_one_master_ws/install/audio_common_msgs/share/audio_common_msgs/cmake/export_audio_common_msgs__rosidl_typesupport_fastrtps_cExport-noconfig.cmake
[1.667s] -- Up-to-date: /home/ri-one/ri_one_master_ws/install/audio_common_msgs/share/audio_common_msgs/cmake/audio_common_msgs__rosidl_typesupport_introspection_cExport.cmake
[1.672s] -- Up-to-date: /home/ri-one/ri_one_master_ws/install/audio_common_msgs/share/audio_common_msgs/cmake/audio_common_msgs__rosidl_typesupport_introspection_cExport-noconfig.cmake
[1.672s] -- Up-to-date: /home/ri-one/ri_one_master_ws/install/audio_common_msgs/share/audio_common_msgs/cmake/audio_common_msgs__rosidl_typesupport_cExport.cmake
[1.672s] -- Up-to-date: /home/ri-one/ri_one_master_ws/install/audio_common_msgs/share/audio_common_msgs/cmake/audio_common_msgs__rosidl_typesupport_cExport-noconfig.cmake
[1.672s] -- Up-to-date: /home/ri-one/ri_one_master_ws/install/audio_common_msgs/share/audio_common_msgs/cmake/export_audio_common_msgs__rosidl_generator_cppExport.cmake
[1.672s] -- Up-to-date: /home/ri-one/ri_one_master_ws/install/audio_common_msgs/share/audio_common_msgs/cmake/export_audio_common_msgs__rosidl_typesupport_fastrtps_cppExport.cmake
[1.673s] -- Up-to-date: /home/ri-one/ri_one_master_ws/install/audio_common_msgs/share/audio_common_msgs/cmake/export_audio_common_msgs__rosidl_typesupport_fastrtps_cppExport-noconfig.cmake
[1.673s] -- Up-to-date: /home/ri-one/ri_one_master_ws/install/audio_common_msgs/share/audio_common_msgs/cmake/audio_common_msgs__rosidl_typesupport_introspection_cppExport.cmake
[1.673s] -- Up-to-date: /home/ri-one/ri_one_master_ws/install/audio_common_msgs/share/audio_common_msgs/cmake/audio_common_msgs__rosidl_typesupport_introspection_cppExport-noconfig.cmake
[1.674s] -- Up-to-date: /home/ri-one/ri_one_master_ws/install/audio_common_msgs/share/audio_common_msgs/cmake/audio_common_msgs__rosidl_typesupport_cppExport.cmake
[1.675s] -- Up-to-date: /home/ri-one/ri_one_master_ws/install/audio_common_msgs/share/audio_common_msgs/cmake/audio_common_msgs__rosidl_typesupport_cppExport-noconfig.cmake
[1.677s] -- Up-to-date: /home/ri-one/ri_one_master_ws/install/audio_common_msgs/share/audio_common_msgs/cmake/export_audio_common_msgs__rosidl_generator_pyExport.cmake
[1.677s] -- Up-to-date: /home/ri-one/ri_one_master_ws/install/audio_common_msgs/share/audio_common_msgs/cmake/export_audio_common_msgs__rosidl_generator_pyExport-noconfig.cmake
[1.686s] Invoked command in '/home/ri-one/ri_one_master_ws/build/audio_common_msgs' returned '0': CMAKE_PREFIX_PATH=/opt/ros/humble /usr/bin/cmake --install /home/ri-one/ri_one_master_ws/build/audio_common_msgs
