[0.094s] Invoking command in '/home/ri-one/ri_one_master_ws/build/ecl_mobile_robot': AMENT_PREFIX_PATH=/home/ri-one/ri_one_master_ws/install/ecl_geometry:/home/ri-one/ri_one_master_ws/install/ecl_linear_algebra:/home/ri-one/ri_one_master_ws/install/ecl_containers:/home/ri-one/ri_one_master_ws/install/ecl_formatters:/home/ri-one/ri_one_master_ws/install/ecl_utilities:/home/ri-one/ri_one_master_ws/install/ecl_converters:/home/ri-one/ri_one_master_ws/install/ecl_math:/home/ri-one/ri_one_master_ws/install/ecl_exceptions:/home/ri-one/ri_one_master_ws/install/ecl_concepts:/home/ri-one/ri_one_master_ws/install/ecl_type_traits:/home/ri-one/ri_one_master_ws/install/ecl_errors:/home/ri-one/ri_one_master_ws/install/ecl_mpl:/home/ri-one/ri_one_master_ws/install/ecl_eigen:/home/ri-one/ri_one_master_ws/install/ecl_config:${AMENT_PREFIX_PATH} CMAKE_PREFIX_PATH=/home/ri-one/ri_one_master_ws/install/ecl_geometry:/home/ri-one/ri_one_master_ws/install/ecl_linear_algebra:/home/ri-one/ri_one_master_ws/install/ecl_containers:/home/ri-one/ri_one_master_ws/install/ecl_formatters:/home/ri-one/ri_one_master_ws/install/ecl_utilities:/home/ri-one/ri_one_master_ws/install/ecl_converters:/home/ri-one/ri_one_master_ws/install/ecl_math:/home/ri-one/ri_one_master_ws/install/ecl_exceptions:/home/ri-one/ri_one_master_ws/install/ecl_concepts:/home/ri-one/ri_one_master_ws/install/ecl_type_traits:/home/ri-one/ri_one_master_ws/install/ecl_errors:/home/ri-one/ri_one_master_ws/install/ecl_mpl:/home/ri-one/ri_one_master_ws/install/ecl_eigen:/home/ri-one/ri_one_master_ws/install/ecl_config:/opt/ros/humble LD_LIBRARY_PATH=/home/ri-one/ri_one_master_ws/install/ecl_geometry/lib:/home/ri-one/ri_one_master_ws/install/ecl_linear_algebra/lib:/home/ri-one/ri_one_master_ws/install/ecl_formatters/lib:/home/ri-one/ri_one_master_ws/install/ecl_exceptions/lib:/home/ri-one/ri_one_master_ws/install/ecl_type_traits/lib:/home/ri-one/ri_one_master_ws/install/ecl_errors/lib:${LD_LIBRARY_PATH} PATH=/home/ri-one/ri_one_master_ws/install/ecl_type_traits/bin:/home/ri-one/ri_one_master_ws/install/ecl_config/bin:${PATH} /usr/bin/cmake /home/ri-one/ri_one_master_ws/src/turtlebot2_ros2/ecl_core/ecl_mobile_robot -DAMENT_CMAKE_SYMLINK_INSTALL=1 -DCMAKE_INSTALL_PREFIX=/home/ri-one/ri_one_master_ws/install/ecl_mobile_robot
[0.259s] -- The C compiler identification is GNU 11.4.0
[0.399s] -- The CXX compiler identification is GNU 11.4.0
[0.417s] -- Detecting C compiler ABI info
[0.644s] -- Detecting C compiler ABI info - done
[0.685s] -- Check for working C compiler: /usr/bin/cc - skipped
[0.685s] -- Detecting C compile features
[0.694s] -- Detecting C compile features - done
[0.709s] -- Detecting CXX compiler ABI info
[0.978s] -- Detecting CXX compiler ABI info - done
[1.053s] -- Check for working CXX compiler: /usr/bin/c++ - skipped
[1.054s] -- Detecting CXX compile features
[1.055s] -- Detecting CXX compile features - done
[1.065s] -- Found ament_cmake_ros: 0.10.0 (/opt/ros/humble/share/ament_cmake_ros/cmake)
[1.443s] -- Found Python3: /usr/bin/python3 (found version "3.10.12") found components: Interpreter 
[1.593s] -- Override CMake install command with custom implementation using symlinks instead of copying resources
[1.700s] -- Found ecl_build: 1.0.3 (/opt/ros/humble/share/ecl_build/cmake)
[1.715s] -- Found ecl_errors: 1.2.0 (/home/ri-one/ri_one_master_ws/install/ecl_errors/share/ecl_errors/cmake)
[1.731s] -- Found ecl_formatters: 1.2.1 (/home/ri-one/ri_one_master_ws/install/ecl_formatters/share/ecl_formatters/cmake)
[1.782s] -- Found ecl_geometry: 1.2.1 (/home/ri-one/ri_one_master_ws/install/ecl_geometry/share/ecl_geometry/cmake)
[2.522s] -- Found ament_lint_auto: 0.12.14 (/opt/ros/humble/share/ament_lint_auto/cmake)
[2.603s] -- Found gtest sources under '/opt/ros/humble/src/gtest_vendor': C++ tests using 'Google Test' will be built
[2.606s] -- Found Threads: TRUE  
[2.631s] -- Configuring done
[2.679s] -- Generating done
[2.704s] -- Build files have been written to: /home/ri-one/ri_one_master_ws/build/ecl_mobile_robot
[2.716s] Invoked command in '/home/ri-one/ri_one_master_ws/build/ecl_mobile_robot' returned '0': AMENT_PREFIX_PATH=/home/ri-one/ri_one_master_ws/install/ecl_geometry:/home/ri-one/ri_one_master_ws/install/ecl_linear_algebra:/home/ri-one/ri_one_master_ws/install/ecl_containers:/home/ri-one/ri_one_master_ws/install/ecl_formatters:/home/ri-one/ri_one_master_ws/install/ecl_utilities:/home/ri-one/ri_one_master_ws/install/ecl_converters:/home/ri-one/ri_one_master_ws/install/ecl_math:/home/ri-one/ri_one_master_ws/install/ecl_exceptions:/home/ri-one/ri_one_master_ws/install/ecl_concepts:/home/ri-one/ri_one_master_ws/install/ecl_type_traits:/home/ri-one/ri_one_master_ws/install/ecl_errors:/home/ri-one/ri_one_master_ws/install/ecl_mpl:/home/ri-one/ri_one_master_ws/install/ecl_eigen:/home/ri-one/ri_one_master_ws/install/ecl_config:${AMENT_PREFIX_PATH} CMAKE_PREFIX_PATH=/home/ri-one/ri_one_master_ws/install/ecl_geometry:/home/ri-one/ri_one_master_ws/install/ecl_linear_algebra:/home/ri-one/ri_one_master_ws/install/ecl_containers:/home/ri-one/ri_one_master_ws/install/ecl_formatters:/home/ri-one/ri_one_master_ws/install/ecl_utilities:/home/ri-one/ri_one_master_ws/install/ecl_converters:/home/ri-one/ri_one_master_ws/install/ecl_math:/home/ri-one/ri_one_master_ws/install/ecl_exceptions:/home/ri-one/ri_one_master_ws/install/ecl_concepts:/home/ri-one/ri_one_master_ws/install/ecl_type_traits:/home/ri-one/ri_one_master_ws/install/ecl_errors:/home/ri-one/ri_one_master_ws/install/ecl_mpl:/home/ri-one/ri_one_master_ws/install/ecl_eigen:/home/ri-one/ri_one_master_ws/install/ecl_config:/opt/ros/humble LD_LIBRARY_PATH=/home/ri-one/ri_one_master_ws/install/ecl_geometry/lib:/home/ri-one/ri_one_master_ws/install/ecl_linear_algebra/lib:/home/ri-one/ri_one_master_ws/install/ecl_formatters/lib:/home/ri-one/ri_one_master_ws/install/ecl_exceptions/lib:/home/ri-one/ri_one_master_ws/install/ecl_type_traits/lib:/home/ri-one/ri_one_master_ws/install/ecl_errors/lib:${LD_LIBRARY_PATH} PATH=/home/ri-one/ri_one_master_ws/install/ecl_type_traits/bin:/home/ri-one/ri_one_master_ws/install/ecl_config/bin:${PATH} /usr/bin/cmake /home/ri-one/ri_one_master_ws/src/turtlebot2_ros2/ecl_core/ecl_mobile_robot -DAMENT_CMAKE_SYMLINK_INSTALL=1 -DCMAKE_INSTALL_PREFIX=/home/ri-one/ri_one_master_ws/install/ecl_mobile_robot
[2.722s] Invoking command in '/home/ri-one/ri_one_master_ws/build/ecl_mobile_robot': AMENT_PREFIX_PATH=/home/ri-one/ri_one_master_ws/install/ecl_geometry:/home/ri-one/ri_one_master_ws/install/ecl_linear_algebra:/home/ri-one/ri_one_master_ws/install/ecl_containers:/home/ri-one/ri_one_master_ws/install/ecl_formatters:/home/ri-one/ri_one_master_ws/install/ecl_utilities:/home/ri-one/ri_one_master_ws/install/ecl_converters:/home/ri-one/ri_one_master_ws/install/ecl_math:/home/ri-one/ri_one_master_ws/install/ecl_exceptions:/home/ri-one/ri_one_master_ws/install/ecl_concepts:/home/ri-one/ri_one_master_ws/install/ecl_type_traits:/home/ri-one/ri_one_master_ws/install/ecl_errors:/home/ri-one/ri_one_master_ws/install/ecl_mpl:/home/ri-one/ri_one_master_ws/install/ecl_eigen:/home/ri-one/ri_one_master_ws/install/ecl_config:${AMENT_PREFIX_PATH} CMAKE_PREFIX_PATH=/home/ri-one/ri_one_master_ws/install/ecl_geometry:/home/ri-one/ri_one_master_ws/install/ecl_linear_algebra:/home/ri-one/ri_one_master_ws/install/ecl_containers:/home/ri-one/ri_one_master_ws/install/ecl_formatters:/home/ri-one/ri_one_master_ws/install/ecl_utilities:/home/ri-one/ri_one_master_ws/install/ecl_converters:/home/ri-one/ri_one_master_ws/install/ecl_math:/home/ri-one/ri_one_master_ws/install/ecl_exceptions:/home/ri-one/ri_one_master_ws/install/ecl_concepts:/home/ri-one/ri_one_master_ws/install/ecl_type_traits:/home/ri-one/ri_one_master_ws/install/ecl_errors:/home/ri-one/ri_one_master_ws/install/ecl_mpl:/home/ri-one/ri_one_master_ws/install/ecl_eigen:/home/ri-one/ri_one_master_ws/install/ecl_config:/opt/ros/humble LD_LIBRARY_PATH=/home/ri-one/ri_one_master_ws/install/ecl_geometry/lib:/home/ri-one/ri_one_master_ws/install/ecl_linear_algebra/lib:/home/ri-one/ri_one_master_ws/install/ecl_formatters/lib:/home/ri-one/ri_one_master_ws/install/ecl_exceptions/lib:/home/ri-one/ri_one_master_ws/install/ecl_type_traits/lib:/home/ri-one/ri_one_master_ws/install/ecl_errors/lib:${LD_LIBRARY_PATH} PATH=/home/ri-one/ri_one_master_ws/install/ecl_type_traits/bin:/home/ri-one/ri_one_master_ws/install/ecl_config/bin:${PATH} /usr/bin/cmake --build /home/ri-one/ri_one_master_ws/build/ecl_mobile_robot -- -j4 -l4
[2.841s] [ 12%] [32mBuilding CXX object src/lib/CMakeFiles/ecl_mobile_robot.dir/differential_drive.cpp.o[0m
[7.193s] [ 25%] [32m[1mLinking CXX shared library libecl_mobile_robot.so[0m
[7.508s] [ 25%] Built target ecl_mobile_robot
[7.555s] [ 37%] [32mBuilding CXX object gtest/CMakeFiles/gtest.dir/src/gtest-all.cc.o[0m
[14.689s] [ 50%] [32m[1mLinking CXX static library libgtest.a[0m
[14.902s] [ 50%] Built target gtest
[14.952s] [ 62%] [32mBuilding CXX object gtest/CMakeFiles/gtest_main.dir/src/gtest_main.cc.o[0m
[16.535s] [ 75%] [32m[1mLinking CXX static library libgtest_main.a[0m
[16.672s] [ 75%] Built target gtest_main
[16.721s] [ 87%] [32mBuilding CXX object src/test/CMakeFiles/ecl_test_partial_inverse.dir/partial_inverse.cpp.o[0m
[20.596s] [100%] [32m[1mLinking CXX executable ecl_test_partial_inverse[0m
[20.882s] [100%] Built target ecl_test_partial_inverse
