[0.036s] Invoking command in '/home/ri-one/ri_one_master_ws/build/kobuki_keyop': AMENT_PREFIX_PATH=/home/ri-one/ri_one_master_ws/install/kobuki_ros_interfaces:/home/ri-one/ri_one_master_ws/install/cmd_vel_mux:${AMENT_PREFIX_PATH} CMAKE_PREFIX_PATH=/home/ri-one/ri_one_master_ws/install/kobuki_ros_interfaces:/home/ri-one/ri_one_master_ws/install/cmd_vel_mux:/opt/ros/humble LD_LIBRARY_PATH=/home/ri-one/ri_one_master_ws/install/kobuki_ros_interfaces/lib:/home/ri-one/ri_one_master_ws/install/cmd_vel_mux/lib:${LD_LIBRARY_PATH} PYTHONPATH=/home/ri-one/ri_one_master_ws/install/kobuki_ros_interfaces/local/lib/python3.10/dist-packages:${PYTHONPATH} /usr/bin/cmake --build /home/ri-one/ri_one_master_ws/build/kobuki_keyop -- -j4 -l4
[0.170s] [ 50%] Built target kobuki_keyop_node
[0.196s] [100%] Built target kobuki_keyop
[0.233s] Invoked command in '/home/ri-one/ri_one_master_ws/build/kobuki_keyop' returned '0': AMENT_PREFIX_PATH=/home/ri-one/ri_one_master_ws/install/kobuki_ros_interfaces:/home/ri-one/ri_one_master_ws/install/cmd_vel_mux:${AMENT_PREFIX_PATH} CMAKE_PREFIX_PATH=/home/ri-one/ri_one_master_ws/install/kobuki_ros_interfaces:/home/ri-one/ri_one_master_ws/install/cmd_vel_mux:/opt/ros/humble LD_LIBRARY_PATH=/home/ri-one/ri_one_master_ws/install/kobuki_ros_interfaces/lib:/home/ri-one/ri_one_master_ws/install/cmd_vel_mux/lib:${LD_LIBRARY_PATH} PYTHONPATH=/home/ri-one/ri_one_master_ws/install/kobuki_ros_interfaces/local/lib/python3.10/dist-packages:${PYTHONPATH} /usr/bin/cmake --build /home/ri-one/ri_one_master_ws/build/kobuki_keyop -- -j4 -l4
[0.238s] Invoking command in '/home/ri-one/ri_one_master_ws/build/kobuki_keyop': AMENT_PREFIX_PATH=/home/ri-one/ri_one_master_ws/install/kobuki_ros_interfaces:/home/ri-one/ri_one_master_ws/install/cmd_vel_mux:${AMENT_PREFIX_PATH} CMAKE_PREFIX_PATH=/home/ri-one/ri_one_master_ws/install/kobuki_ros_interfaces:/home/ri-one/ri_one_master_ws/install/cmd_vel_mux:/opt/ros/humble LD_LIBRARY_PATH=/home/ri-one/ri_one_master_ws/install/kobuki_ros_interfaces/lib:/home/ri-one/ri_one_master_ws/install/cmd_vel_mux/lib:${LD_LIBRARY_PATH} PYTHONPATH=/home/ri-one/ri_one_master_ws/install/kobuki_ros_interfaces/local/lib/python3.10/dist-packages:${PYTHONPATH} /usr/bin/cmake --install /home/ri-one/ri_one_master_ws/build/kobuki_keyop
[0.272s] -- Install configuration: ""
[0.272s] -- Execute custom install script
[0.273s] -- Up-to-date symlink: /home/ri-one/ri_one_master_ws/install/kobuki_keyop/lib/kobuki_keyop/kobuki_keyop_node
[0.276s] -- Up-to-date symlink: /home/ri-one/ri_one_master_ws/install/kobuki_keyop/lib/libkobuki_keyop.so
[0.282s] -- Up-to-date symlink: /home/ri-one/ri_one_master_ws/install/kobuki_keyop/include/kobuki_keyop/keyop.hpp
[0.286s] -- Up-to-date symlink: /home/ri-one/ri_one_master_ws/install/kobuki_keyop/share/kobuki_keyop/config/keyop_params.yaml
[0.286s] -- Up-to-date symlink: /home/ri-one/ri_one_master_ws/install/kobuki_keyop/share/ament_index/resource_index/package_run_dependencies/kobuki_keyop
[0.288s] -- Up-to-date symlink: /home/ri-one/ri_one_master_ws/install/kobuki_keyop/share/ament_index/resource_index/parent_prefix_path/kobuki_keyop
[0.289s] -- Up-to-date symlink: /home/ri-one/ri_one_master_ws/install/kobuki_keyop/share/kobuki_keyop/environment/ament_prefix_path.sh
[0.290s] -- Up-to-date symlink: /home/ri-one/ri_one_master_ws/install/kobuki_keyop/share/kobuki_keyop/environment/ament_prefix_path.dsv
[0.290s] -- Up-to-date symlink: /home/ri-one/ri_one_master_ws/install/kobuki_keyop/share/kobuki_keyop/environment/path.sh
[0.291s] -- Up-to-date symlink: /home/ri-one/ri_one_master_ws/install/kobuki_keyop/share/kobuki_keyop/environment/path.dsv
[0.291s] -- Up-to-date symlink: /home/ri-one/ri_one_master_ws/install/kobuki_keyop/share/kobuki_keyop/local_setup.bash
[0.291s] -- Up-to-date symlink: /home/ri-one/ri_one_master_ws/install/kobuki_keyop/share/kobuki_keyop/local_setup.sh
[0.291s] -- Up-to-date symlink: /home/ri-one/ri_one_master_ws/install/kobuki_keyop/share/kobuki_keyop/local_setup.zsh
[0.291s] -- Up-to-date symlink: /home/ri-one/ri_one_master_ws/install/kobuki_keyop/share/kobuki_keyop/local_setup.dsv
[0.291s] -- Symlinking: /home/ri-one/ri_one_master_ws/install/kobuki_keyop/share/kobuki_keyop/package.dsv
[0.315s] -- Up-to-date symlink: /home/ri-one/ri_one_master_ws/install/kobuki_keyop/share/ament_index/resource_index/packages/kobuki_keyop
[0.316s] -- Up-to-date symlink: /home/ri-one/ri_one_master_ws/install/kobuki_keyop/share/ament_index/resource_index/rclcpp_components/kobuki_keyop
[0.317s] -- Up-to-date symlink: /home/ri-one/ri_one_master_ws/install/kobuki_keyop/share/kobuki_keyop/cmake/kobuki_keyopConfig.cmake
[0.320s] -- Up-to-date symlink: /home/ri-one/ri_one_master_ws/install/kobuki_keyop/share/kobuki_keyop/cmake/kobuki_keyopConfig-version.cmake
[0.320s] -- Up-to-date symlink: /home/ri-one/ri_one_master_ws/install/kobuki_keyop/share/kobuki_keyop/package.xml
[0.355s] Invoked command in '/home/ri-one/ri_one_master_ws/build/kobuki_keyop' returned '0': AMENT_PREFIX_PATH=/home/ri-one/ri_one_master_ws/install/kobuki_ros_interfaces:/home/ri-one/ri_one_master_ws/install/cmd_vel_mux:${AMENT_PREFIX_PATH} CMAKE_PREFIX_PATH=/home/ri-one/ri_one_master_ws/install/kobuki_ros_interfaces:/home/ri-one/ri_one_master_ws/install/cmd_vel_mux:/opt/ros/humble LD_LIBRARY_PATH=/home/ri-one/ri_one_master_ws/install/kobuki_ros_interfaces/lib:/home/ri-one/ri_one_master_ws/install/cmd_vel_mux/lib:${LD_LIBRARY_PATH} PYTHONPATH=/home/ri-one/ri_one_master_ws/install/kobuki_ros_interfaces/local/lib/python3.10/dist-packages:${PYTHONPATH} /usr/bin/cmake --install /home/ri-one/ri_one_master_ws/build/kobuki_keyop
