[0.023s] Invoking command in '/home/ri-one/ros2_ws/src/build/kobuki_bumper2pc': AMENT_PREFIX_PATH=/home/ri-one/ros2_ws/src/install/kobuki_ros_interfaces:${AMENT_PREFIX_PATH} CMAKE_PREFIX_PATH=/home/ri-one/ros2_ws/src/install/kobuki_ros_interfaces:/opt/ros/humble LD_LIBRARY_PATH=/home/ri-one/ros2_ws/src/install/kobuki_ros_interfaces/lib:${LD_LIBRARY_PATH} PYTHONPATH=/home/ri-one/ros2_ws/src/install/kobuki_ros_interfaces/local/lib/python3.10/dist-packages:${PYTHONPATH} /usr/bin/cmake /home/ri-one/ros2_ws/src/turtlebot2_ros2/kobuki_ros/kobuki_bumper2pc -DCMAKE_INSTALL_PREFIX=/home/ri-one/ros2_ws/src/install/kobuki_bumper2pc
[0.166s] -- The C compiler identification is GNU 11.4.0
[0.305s] -- The CXX compiler identification is GNU 11.4.0
[0.322s] -- Detecting C compiler ABI info
[0.474s] -- Detecting C compiler ABI info - done
[0.494s] -- Check for working C compiler: /usr/bin/cc - skipped
[0.495s] -- Detecting C compile features
[0.498s] -- Detecting C compile features - done
[0.505s] -- Detecting CXX compiler ABI info
[0.684s] -- Detecting CXX compiler ABI info - done
[0.706s] -- Check for working CXX compiler: /usr/bin/c++ - skipped
[0.708s] -- Detecting CXX compile features
[0.710s] -- Detecting CXX compile features - done
[0.717s] -- Found ament_cmake_ros: 0.10.0 (/opt/ros/humble/share/ament_cmake_ros/cmake)
[1.095s] -- Found Python3: /usr/bin/python3 (found version "3.10.12") found components: Interpreter 
[1.305s] -- Found kobuki_ros_interfaces: 1.0.0 (/home/ri-one/ros2_ws/src/install/kobuki_ros_interfaces/share/kobuki_ros_interfaces/cmake)
[1.384s] -- Found rosidl_generator_c: 3.1.7 (/opt/ros/humble/share/rosidl_generator_c/cmake)
[1.395s] -- Found rosidl_adapter: 3.1.7 (/opt/ros/humble/share/rosidl_adapter/cmake)
[1.415s] -- Found rosidl_generator_cpp: 3.1.7 (/opt/ros/humble/share/rosidl_generator_cpp/cmake)
[1.443s] -- Using all available rosidl_typesupport_c: rosidl_typesupport_fastrtps_c;rosidl_typesupport_introspection_c
[1.479s] -- Using all available rosidl_typesupport_cpp: rosidl_typesupport_fastrtps_cpp;rosidl_typesupport_introspection_cpp
[1.669s] -- Found rcl_interfaces: 1.2.2 (/opt/ros/humble/share/rcl_interfaces/cmake)
[1.700s] -- Found rclcpp: 16.0.15 (/opt/ros/humble/share/rclcpp/cmake)
[1.754s] -- Found rmw_implementation_cmake: 6.1.2 (/opt/ros/humble/share/rmw_implementation_cmake/cmake)
[1.760s] -- Found rmw_fastrtps_cpp: 6.2.9 (/opt/ros/humble/share/rmw_fastrtps_cpp/cmake)
[1.967s] -- Found OpenSSL: /usr/lib/x86_64-linux-gnu/libcrypto.so (found version "3.0.2")  
[2.024s] -- Found FastRTPS: /opt/ros/humble/include  
[2.109s] -- Using RMW implementation 'rmw_fastrtps_cpp' as default
[2.129s] -- Looking for pthread.h
[2.286s] -- Looking for pthread.h - found
[2.287s] -- Performing Test CMAKE_HAVE_LIBC_PTHREAD
[2.453s] -- Performing Test CMAKE_HAVE_LIBC_PTHREAD - Success
[2.455s] -- Found Threads: TRUE  
[2.556s] -- Found rclcpp_components: 16.0.15 (/opt/ros/humble/share/rclcpp_components/cmake)
[2.623s] -- Found sensor_msgs: 4.9.0 (/opt/ros/humble/share/sensor_msgs/cmake)
[2.860s] -- Configuring done
[2.898s] -- Generating done
[2.913s] -- Build files have been written to: /home/ri-one/ros2_ws/src/build/kobuki_bumper2pc
[2.938s] Invoked command in '/home/ri-one/ros2_ws/src/build/kobuki_bumper2pc' returned '0': AMENT_PREFIX_PATH=/home/ri-one/ros2_ws/src/install/kobuki_ros_interfaces:${AMENT_PREFIX_PATH} CMAKE_PREFIX_PATH=/home/ri-one/ros2_ws/src/install/kobuki_ros_interfaces:/opt/ros/humble LD_LIBRARY_PATH=/home/ri-one/ros2_ws/src/install/kobuki_ros_interfaces/lib:${LD_LIBRARY_PATH} PYTHONPATH=/home/ri-one/ros2_ws/src/install/kobuki_ros_interfaces/local/lib/python3.10/dist-packages:${PYTHONPATH} /usr/bin/cmake /home/ri-one/ros2_ws/src/turtlebot2_ros2/kobuki_ros/kobuki_bumper2pc -DCMAKE_INSTALL_PREFIX=/home/ri-one/ros2_ws/src/install/kobuki_bumper2pc
[2.942s] Invoking command in '/home/ri-one/ros2_ws/src/build/kobuki_bumper2pc': AMENT_PREFIX_PATH=/home/ri-one/ros2_ws/src/install/kobuki_ros_interfaces:${AMENT_PREFIX_PATH} CMAKE_PREFIX_PATH=/home/ri-one/ros2_ws/src/install/kobuki_ros_interfaces:/opt/ros/humble LD_LIBRARY_PATH=/home/ri-one/ros2_ws/src/install/kobuki_ros_interfaces/lib:${LD_LIBRARY_PATH} PYTHONPATH=/home/ri-one/ros2_ws/src/install/kobuki_ros_interfaces/local/lib/python3.10/dist-packages:${PYTHONPATH} /usr/bin/cmake --build /home/ri-one/ros2_ws/src/build/kobuki_bumper2pc -- -j4 -l4
[3.048s] [ 25%] [32mBuilding CXX object CMakeFiles/kobuki_bumper2pc.dir/src/kobuki_bumper2pc.cpp.o[0m
[29.634s] [ 50%] [32m[1mLinking CXX shared library libkobuki_bumper2pc.so[0m
[31.387s] [ 50%] Built target kobuki_bumper2pc
[31.430s] [ 75%] [32mBuilding CXX object CMakeFiles/kobuki_bumper2pc_node.dir/rclcpp_components/node_main_kobuki_bumper2pc_node.cpp.o[0m
[38.853s] [100%] [32m[1mLinking CXX executable kobuki_bumper2pc_node[0m
[39.170s] [100%] Built target kobuki_bumper2pc_node
[39.194s] Invoked command in '/home/ri-one/ros2_ws/src/build/kobuki_bumper2pc' returned '0': AMENT_PREFIX_PATH=/home/ri-one/ros2_ws/src/install/kobuki_ros_interfaces:${AMENT_PREFIX_PATH} CMAKE_PREFIX_PATH=/home/ri-one/ros2_ws/src/install/kobuki_ros_interfaces:/opt/ros/humble LD_LIBRARY_PATH=/home/ri-one/ros2_ws/src/install/kobuki_ros_interfaces/lib:${LD_LIBRARY_PATH} PYTHONPATH=/home/ri-one/ros2_ws/src/install/kobuki_ros_interfaces/local/lib/python3.10/dist-packages:${PYTHONPATH} /usr/bin/cmake --build /home/ri-one/ros2_ws/src/build/kobuki_bumper2pc -- -j4 -l4
[39.195s] Invoking command in '/home/ri-one/ros2_ws/src/build/kobuki_bumper2pc': AMENT_PREFIX_PATH=/home/ri-one/ros2_ws/src/install/kobuki_ros_interfaces:${AMENT_PREFIX_PATH} CMAKE_PREFIX_PATH=/home/ri-one/ros2_ws/src/install/kobuki_ros_interfaces:/opt/ros/humble LD_LIBRARY_PATH=/home/ri-one/ros2_ws/src/install/kobuki_ros_interfaces/lib:${LD_LIBRARY_PATH} PYTHONPATH=/home/ri-one/ros2_ws/src/install/kobuki_ros_interfaces/local/lib/python3.10/dist-packages:${PYTHONPATH} /usr/bin/cmake --install /home/ri-one/ros2_ws/src/build/kobuki_bumper2pc
[39.214s] -- Install configuration: ""
[39.214s] -- Installing: /home/ri-one/ros2_ws/src/install/kobuki_bumper2pc/lib/kobuki_bumper2pc/kobuki_bumper2pc_node
[39.217s] -- Set runtime path of "/home/ri-one/ros2_ws/src/install/kobuki_bumper2pc/lib/kobuki_bumper2pc/kobuki_bumper2pc_node" to ""
[39.218s] -- Installing: /home/ri-one/ros2_ws/src/install/kobuki_bumper2pc/lib/libkobuki_bumper2pc.so
[39.236s] -- Set runtime path of "/home/ri-one/ros2_ws/src/install/kobuki_bumper2pc/lib/libkobuki_bumper2pc.so" to ""
[39.236s] -- Installing: /home/ri-one/ros2_ws/src/install/kobuki_bumper2pc/include/kobuki_bumper2pc
[39.236s] -- Installing: /home/ri-one/ros2_ws/src/install/kobuki_bumper2pc/include/kobuki_bumper2pc/kobuki_bumper2pc.hpp
[39.237s] -- Installing: /home/ri-one/ros2_ws/src/install/kobuki_bumper2pc/share/kobuki_bumper2pc/launch
[39.238s] -- Installing: /home/ri-one/ros2_ws/src/install/kobuki_bumper2pc/share/kobuki_bumper2pc/launch/kobuki_bumper2pc-launch.py
[39.239s] -- Installing: /home/ri-one/ros2_ws/src/install/kobuki_bumper2pc/share/ament_index/resource_index/package_run_dependencies/kobuki_bumper2pc
[39.242s] -- Installing: /home/ri-one/ros2_ws/src/install/kobuki_bumper2pc/share/ament_index/resource_index/parent_prefix_path/kobuki_bumper2pc
[39.243s] -- Installing: /home/ri-one/ros2_ws/src/install/kobuki_bumper2pc/share/kobuki_bumper2pc/environment/ament_prefix_path.sh
[39.243s] -- Installing: /home/ri-one/ros2_ws/src/install/kobuki_bumper2pc/share/kobuki_bumper2pc/environment/ament_prefix_path.dsv
[39.243s] -- Installing: /home/ri-one/ros2_ws/src/install/kobuki_bumper2pc/share/kobuki_bumper2pc/environment/path.sh
[39.243s] -- Installing: /home/ri-one/ros2_ws/src/install/kobuki_bumper2pc/share/kobuki_bumper2pc/environment/path.dsv
[39.243s] -- Installing: /home/ri-one/ros2_ws/src/install/kobuki_bumper2pc/share/kobuki_bumper2pc/local_setup.bash
[39.243s] -- Installing: /home/ri-one/ros2_ws/src/install/kobuki_bumper2pc/share/kobuki_bumper2pc/local_setup.sh
[39.244s] -- Installing: /home/ri-one/ros2_ws/src/install/kobuki_bumper2pc/share/kobuki_bumper2pc/local_setup.zsh
[39.244s] -- Installing: /home/ri-one/ros2_ws/src/install/kobuki_bumper2pc/share/kobuki_bumper2pc/local_setup.dsv
[39.246s] -- Installing: /home/ri-one/ros2_ws/src/install/kobuki_bumper2pc/share/kobuki_bumper2pc/package.dsv
[39.246s] -- Installing: /home/ri-one/ros2_ws/src/install/kobuki_bumper2pc/share/ament_index/resource_index/packages/kobuki_bumper2pc
[39.246s] -- Installing: /home/ri-one/ros2_ws/src/install/kobuki_bumper2pc/share/ament_index/resource_index/rclcpp_components/kobuki_bumper2pc
[39.247s] -- Installing: /home/ri-one/ros2_ws/src/install/kobuki_bumper2pc/share/kobuki_bumper2pc/cmake/kobuki_bumper2pcConfig.cmake
[39.247s] -- Installing: /home/ri-one/ros2_ws/src/install/kobuki_bumper2pc/share/kobuki_bumper2pc/cmake/kobuki_bumper2pcConfig-version.cmake
[39.248s] -- Installing: /home/ri-one/ros2_ws/src/install/kobuki_bumper2pc/share/kobuki_bumper2pc/package.xml
[39.253s] Invoked command in '/home/ri-one/ros2_ws/src/build/kobuki_bumper2pc' returned '0': AMENT_PREFIX_PATH=/home/ri-one/ros2_ws/src/install/kobuki_ros_interfaces:${AMENT_PREFIX_PATH} CMAKE_PREFIX_PATH=/home/ri-one/ros2_ws/src/install/kobuki_ros_interfaces:/opt/ros/humble LD_LIBRARY_PATH=/home/ri-one/ros2_ws/src/install/kobuki_ros_interfaces/lib:${LD_LIBRARY_PATH} PYTHONPATH=/home/ri-one/ros2_ws/src/install/kobuki_ros_interfaces/local/lib/python3.10/dist-packages:${PYTHONPATH} /usr/bin/cmake --install /home/ri-one/ros2_ws/src/build/kobuki_bumper2pc
