[0.049s] Invoking command in '/home/ri-one/ri_one_master_ws/build/ecl_type_traits': AMENT_PREFIX_PATH=/home/ri-one/ri_one_master_ws/install/ecl_mpl:/home/ri-one/ri_one_master_ws/install/ecl_config:${AMENT_PREFIX_PATH} CMAKE_PREFIX_PATH=/home/ri-one/ri_one_master_ws/install/ecl_mpl:/home/ri-one/ri_one_master_ws/install/ecl_config:/opt/ros/humble PATH=/home/ri-one/ri_one_master_ws/install/ecl_config/bin:${PATH} /usr/bin/cmake --build /home/ri-one/ri_one_master_ws/build/ecl_type_traits -- -j4 -l4
[0.250s] [ 16%] Built target gtest
[0.261s] [ 33%] Built target ecl_type_traits
[0.269s] [ 50%] Built target gtest_main
[0.336s] [ 66%] Built target ecl_detect_sizes
[0.352s] [ 83%] Built target test_numeric_limits
[0.357s] [100%] Built target test_fundamental_types
[0.399s] Invoked command in '/home/ri-one/ri_one_master_ws/build/ecl_type_traits' returned '0': AMENT_PREFIX_PATH=/home/ri-one/ri_one_master_ws/install/ecl_mpl:/home/ri-one/ri_one_master_ws/install/ecl_config:${AMENT_PREFIX_PATH} CMAKE_PREFIX_PATH=/home/ri-one/ri_one_master_ws/install/ecl_mpl:/home/ri-one/ri_one_master_ws/install/ecl_config:/opt/ros/humble PATH=/home/ri-one/ri_one_master_ws/install/ecl_config/bin:${PATH} /usr/bin/cmake --build /home/ri-one/ri_one_master_ws/build/ecl_type_traits -- -j4 -l4
[0.405s] Invoking command in '/home/ri-one/ri_one_master_ws/build/ecl_type_traits': AMENT_PREFIX_PATH=/home/ri-one/ri_one_master_ws/install/ecl_mpl:/home/ri-one/ri_one_master_ws/install/ecl_config:${AMENT_PREFIX_PATH} CMAKE_PREFIX_PATH=/home/ri-one/ri_one_master_ws/install/ecl_mpl:/home/ri-one/ri_one_master_ws/install/ecl_config:/opt/ros/humble PATH=/home/ri-one/ri_one_master_ws/install/ecl_config/bin:${PATH} /usr/bin/cmake --install /home/ri-one/ri_one_master_ws/build/ecl_type_traits
[0.420s] -- Install configuration: ""
[0.421s] -- Execute custom install script
[0.421s] -- Up-to-date symlink: /home/ri-one/ri_one_master_ws/install/ecl_type_traits/include/ecl/type_traits/fundamental_types.hpp
[0.421s] -- Up-to-date symlink: /home/ri-one/ri_one_master_ws/install/ecl_type_traits/include/ecl/type_traits/macros.hpp
[0.421s] -- Up-to-date symlink: /home/ri-one/ri_one_master_ws/install/ecl_type_traits/include/ecl/type_traits/numeric_limits.hpp
[0.421s] -- Up-to-date symlink: /home/ri-one/ri_one_master_ws/install/ecl_type_traits/include/ecl/type_traits/traits.hpp
[0.421s] -- Up-to-date symlink: /home/ri-one/ri_one_master_ws/install/ecl_type_traits/include/ecl/type_traits.hpp
[0.421s] -- Up-to-date symlink: /home/ri-one/ri_one_master_ws/install/ecl_type_traits/bin/ecl_detect_sizes
[0.426s] -- Up-to-date symlink: /home/ri-one/ri_one_master_ws/install/ecl_type_traits/share/ecl_type_traits/environment/library_path.sh
[0.426s] -- Up-to-date symlink: /home/ri-one/ri_one_master_ws/install/ecl_type_traits/share/ecl_type_traits/environment/library_path.dsv
[0.426s] -- Up-to-date symlink: /home/ri-one/ri_one_master_ws/install/ecl_type_traits/share/ament_index/resource_index/package_run_dependencies/ecl_type_traits
[0.426s] -- Up-to-date symlink: /home/ri-one/ri_one_master_ws/install/ecl_type_traits/share/ament_index/resource_index/parent_prefix_path/ecl_type_traits
[0.427s] -- Up-to-date symlink: /home/ri-one/ri_one_master_ws/install/ecl_type_traits/share/ecl_type_traits/environment/ament_prefix_path.sh
[0.427s] -- Up-to-date symlink: /home/ri-one/ri_one_master_ws/install/ecl_type_traits/share/ecl_type_traits/environment/ament_prefix_path.dsv
[0.427s] -- Up-to-date symlink: /home/ri-one/ri_one_master_ws/install/ecl_type_traits/share/ecl_type_traits/environment/path.sh
[0.427s] -- Up-to-date symlink: /home/ri-one/ri_one_master_ws/install/ecl_type_traits/share/ecl_type_traits/environment/path.dsv
[0.427s] -- Up-to-date symlink: /home/ri-one/ri_one_master_ws/install/ecl_type_traits/share/ecl_type_traits/local_setup.bash
[0.427s] -- Up-to-date symlink: /home/ri-one/ri_one_master_ws/install/ecl_type_traits/share/ecl_type_traits/local_setup.sh
[0.427s] -- Up-to-date symlink: /home/ri-one/ri_one_master_ws/install/ecl_type_traits/share/ecl_type_traits/local_setup.zsh
[0.427s] -- Up-to-date symlink: /home/ri-one/ri_one_master_ws/install/ecl_type_traits/share/ecl_type_traits/local_setup.dsv
[0.428s] -- Symlinking: /home/ri-one/ri_one_master_ws/install/ecl_type_traits/share/ecl_type_traits/package.dsv
[0.441s] -- Up-to-date symlink: /home/ri-one/ri_one_master_ws/install/ecl_type_traits/share/ament_index/resource_index/packages/ecl_type_traits
[0.443s] -- Up-to-date symlink: /home/ri-one/ri_one_master_ws/install/ecl_type_traits/share/ecl_type_traits/cmake/ament_cmake_export_targets-extras.cmake
[0.443s] -- Up-to-date symlink: /home/ri-one/ri_one_master_ws/install/ecl_type_traits/share/ecl_type_traits/cmake/ament_cmake_export_include_directories-extras.cmake
[0.443s] -- Up-to-date symlink: /home/ri-one/ri_one_master_ws/install/ecl_type_traits/share/ecl_type_traits/cmake/ament_cmake_export_libraries-extras.cmake
[0.446s] -- Up-to-date symlink: /home/ri-one/ri_one_master_ws/install/ecl_type_traits/share/ecl_type_traits/cmake/ament_cmake_export_dependencies-extras.cmake
[0.446s] -- Up-to-date symlink: /home/ri-one/ri_one_master_ws/install/ecl_type_traits/share/ecl_type_traits/cmake/ecl_type_traitsConfig.cmake
[0.446s] -- Up-to-date symlink: /home/ri-one/ri_one_master_ws/install/ecl_type_traits/share/ecl_type_traits/cmake/ecl_type_traitsConfig-version.cmake
[0.447s] -- Up-to-date symlink: /home/ri-one/ri_one_master_ws/install/ecl_type_traits/share/ecl_type_traits/package.xml
[0.449s] -- Up-to-date: /home/ri-one/ri_one_master_ws/install/ecl_type_traits/share/ecl_type_traits/cmake/ecl_type_traitsExport.cmake
[0.449s] -- Up-to-date: /home/ri-one/ri_one_master_ws/install/ecl_type_traits/share/ecl_type_traits/cmake/ecl_type_traitsExport-noconfig.cmake
[0.451s] -- Up-to-date: /home/ri-one/ri_one_master_ws/install/ecl_type_traits/lib/libecl_type_traits.so.1.2.1
[0.451s] -- Up-to-date: /home/ri-one/ri_one_master_ws/install/ecl_type_traits/lib/libecl_type_traits.so
[0.455s] Invoked command in '/home/ri-one/ri_one_master_ws/build/ecl_type_traits' returned '0': AMENT_PREFIX_PATH=/home/ri-one/ri_one_master_ws/install/ecl_mpl:/home/ri-one/ri_one_master_ws/install/ecl_config:${AMENT_PREFIX_PATH} CMAKE_PREFIX_PATH=/home/ri-one/ri_one_master_ws/install/ecl_mpl:/home/ri-one/ri_one_master_ws/install/ecl_config:/opt/ros/humble PATH=/home/ri-one/ri_one_master_ws/install/ecl_config/bin:${PATH} /usr/bin/cmake --install /home/ri-one/ri_one_master_ws/build/ecl_type_traits
