[0.043s] Invoking command in '/home/ri-one/ri_one_master_ws/build/ecl_time': AMENT_PREFIX_PATH=/home/ri-one/ri_one_master_ws/install/ecl_time_lite:/home/ri-one/ri_one_master_ws/install/ecl_exceptions:/home/ri-one/ri_one_master_ws/install/ecl_errors:/home/ri-one/ri_one_master_ws/install/ecl_config:${AMENT_PREFIX_PATH} CMAKE_PREFIX_PATH=/home/ri-one/ri_one_master_ws/install/ecl_time_lite:/home/ri-one/ri_one_master_ws/install/ecl_exceptions:/home/ri-one/ri_one_master_ws/install/ecl_errors:/home/ri-one/ri_one_master_ws/install/ecl_config:/opt/ros/humble LD_LIBRARY_PATH=/home/ri-one/ri_one_master_ws/install/ecl_time_lite/lib:/home/ri-one/ri_one_master_ws/install/ecl_exceptions/lib:/home/ri-one/ri_one_master_ws/install/ecl_errors/lib:${LD_LIBRARY_PATH} PATH=/home/ri-one/ri_one_master_ws/install/ecl_config/bin:${PATH} /usr/bin/cmake --build /home/ri-one/ri_one_master_ws/build/ecl_time -- -j4 -l4
[0.297s] [ 35%] Built target ecl_time
[0.306s] [ 41%] Built target gtest_main
[0.327s] [ 47%] Built target gtest
[0.491s] [ 52%] Built target ecl_test_cpuwatch_rt
[0.524s] [ 58%] Built target ecl_time_example_random_number_generator
[0.555s] [ 64%] Built target ecl_time_example_sleep
[0.555s] [ 70%] Built target ecl_test_frequency
[0.625s] [ 76%] Built target ecl_test_snooze
[0.635s] [ 82%] Built target ecl_test_sleep
[0.685s] [ 88%] Built target ecl_test_time_data
[0.692s] [ 94%] Built target ecl_test_timestamp
[0.713s] [100%] Built target ecl_test_stopwatch
[0.802s] Invoked command in '/home/ri-one/ri_one_master_ws/build/ecl_time' returned '0': AMENT_PREFIX_PATH=/home/ri-one/ri_one_master_ws/install/ecl_time_lite:/home/ri-one/ri_one_master_ws/install/ecl_exceptions:/home/ri-one/ri_one_master_ws/install/ecl_errors:/home/ri-one/ri_one_master_ws/install/ecl_config:${AMENT_PREFIX_PATH} CMAKE_PREFIX_PATH=/home/ri-one/ri_one_master_ws/install/ecl_time_lite:/home/ri-one/ri_one_master_ws/install/ecl_exceptions:/home/ri-one/ri_one_master_ws/install/ecl_errors:/home/ri-one/ri_one_master_ws/install/ecl_config:/opt/ros/humble LD_LIBRARY_PATH=/home/ri-one/ri_one_master_ws/install/ecl_time_lite/lib:/home/ri-one/ri_one_master_ws/install/ecl_exceptions/lib:/home/ri-one/ri_one_master_ws/install/ecl_errors/lib:${LD_LIBRARY_PATH} PATH=/home/ri-one/ri_one_master_ws/install/ecl_config/bin:${PATH} /usr/bin/cmake --build /home/ri-one/ri_one_master_ws/build/ecl_time -- -j4 -l4
[0.803s] Invoking command in '/home/ri-one/ri_one_master_ws/build/ecl_time': AMENT_PREFIX_PATH=/home/ri-one/ri_one_master_ws/install/ecl_time_lite:/home/ri-one/ri_one_master_ws/install/ecl_exceptions:/home/ri-one/ri_one_master_ws/install/ecl_errors:/home/ri-one/ri_one_master_ws/install/ecl_config:${AMENT_PREFIX_PATH} CMAKE_PREFIX_PATH=/home/ri-one/ri_one_master_ws/install/ecl_time_lite:/home/ri-one/ri_one_master_ws/install/ecl_exceptions:/home/ri-one/ri_one_master_ws/install/ecl_errors:/home/ri-one/ri_one_master_ws/install/ecl_config:/opt/ros/humble LD_LIBRARY_PATH=/home/ri-one/ri_one_master_ws/install/ecl_time_lite/lib:/home/ri-one/ri_one_master_ws/install/ecl_exceptions/lib:/home/ri-one/ri_one_master_ws/install/ecl_errors/lib:${LD_LIBRARY_PATH} PATH=/home/ri-one/ri_one_master_ws/install/ecl_config/bin:${PATH} /usr/bin/cmake --install /home/ri-one/ri_one_master_ws/build/ecl_time
[0.825s] -- Install configuration: ""
[0.830s] -- Execute custom install script
[0.831s] -- Up-to-date symlink: /home/ri-one/ri_one_master_ws/install/ecl_time/include/ecl/time/cpuwatch.hpp
[0.831s] -- Up-to-date symlink: /home/ri-one/ri_one_master_ws/install/ecl_time/include/ecl/time/cpuwatch_rt.hpp
[0.832s] -- Up-to-date symlink: /home/ri-one/ri_one_master_ws/install/ecl_time/include/ecl/time/duration.hpp
[0.832s] -- Up-to-date symlink: /home/ri-one/ri_one_master_ws/install/ecl_time/include/ecl/time/frequency.hpp
[0.832s] -- Up-to-date symlink: /home/ri-one/ri_one_master_ws/install/ecl_time/include/ecl/time/macros.hpp
[0.832s] -- Up-to-date symlink: /home/ri-one/ri_one_master_ws/install/ecl_time/include/ecl/time/random_number_generator.hpp
[0.832s] -- Up-to-date symlink: /home/ri-one/ri_one_master_ws/install/ecl_time/include/ecl/time/sleep.hpp
[0.832s] -- Up-to-date symlink: /home/ri-one/ri_one_master_ws/install/ecl_time/include/ecl/time/sleep_pos.hpp
[0.832s] -- Up-to-date symlink: /home/ri-one/ri_one_master_ws/install/ecl_time/include/ecl/time/sleep_win.hpp
[0.836s] -- Up-to-date symlink: /home/ri-one/ri_one_master_ws/install/ecl_time/include/ecl/time/snooze.hpp
[0.837s] -- Up-to-date symlink: /home/ri-one/ri_one_master_ws/install/ecl_time/include/ecl/time/snooze_pos.hpp
[0.837s] -- Up-to-date symlink: /home/ri-one/ri_one_master_ws/install/ecl_time/include/ecl/time/snooze_win.hpp
[0.837s] -- Up-to-date symlink: /home/ri-one/ri_one_master_ws/install/ecl_time/include/ecl/time/stopwatch.hpp
[0.837s] -- Up-to-date symlink: /home/ri-one/ri_one_master_ws/install/ecl_time/include/ecl/time/time_data.hpp
[0.837s] -- Up-to-date symlink: /home/ri-one/ri_one_master_ws/install/ecl_time/include/ecl/time/timestamp.hpp
[0.837s] -- Up-to-date symlink: /home/ri-one/ri_one_master_ws/install/ecl_time/include/ecl/time/timestamp_base.hpp
[0.837s] -- Up-to-date symlink: /home/ri-one/ri_one_master_ws/install/ecl_time/include/ecl/time/timestamp_pos.hpp
[0.838s] -- Up-to-date symlink: /home/ri-one/ri_one_master_ws/install/ecl_time/include/ecl/time/timestamp_win.hpp
[0.838s] -- Up-to-date symlink: /home/ri-one/ri_one_master_ws/install/ecl_time/include/ecl/time.hpp
[0.840s] -- Up-to-date symlink: /home/ri-one/ri_one_master_ws/install/ecl_time/lib/ecl_time/demo_random_number_generator
[0.840s] -- Up-to-date symlink: /home/ri-one/ri_one_master_ws/install/ecl_time/lib/ecl_time/demo_sleep
[0.840s] -- Up-to-date symlink: /home/ri-one/ri_one_master_ws/install/ecl_time/share/ecl_time/environment/library_path.sh
[0.840s] -- Up-to-date symlink: /home/ri-one/ri_one_master_ws/install/ecl_time/share/ecl_time/environment/library_path.dsv
[0.841s] -- Up-to-date symlink: /home/ri-one/ri_one_master_ws/install/ecl_time/share/ament_index/resource_index/package_run_dependencies/ecl_time
[0.841s] -- Up-to-date symlink: /home/ri-one/ri_one_master_ws/install/ecl_time/share/ament_index/resource_index/parent_prefix_path/ecl_time
[0.841s] -- Up-to-date symlink: /home/ri-one/ri_one_master_ws/install/ecl_time/share/ecl_time/environment/ament_prefix_path.sh
[0.842s] -- Up-to-date symlink: /home/ri-one/ri_one_master_ws/install/ecl_time/share/ecl_time/environment/ament_prefix_path.dsv
[0.842s] -- Up-to-date symlink: /home/ri-one/ri_one_master_ws/install/ecl_time/share/ecl_time/environment/path.sh
[0.842s] -- Up-to-date symlink: /home/ri-one/ri_one_master_ws/install/ecl_time/share/ecl_time/environment/path.dsv
[0.843s] -- Up-to-date symlink: /home/ri-one/ri_one_master_ws/install/ecl_time/share/ecl_time/local_setup.bash
[0.843s] -- Up-to-date symlink: /home/ri-one/ri_one_master_ws/install/ecl_time/share/ecl_time/local_setup.sh
[0.843s] -- Up-to-date symlink: /home/ri-one/ri_one_master_ws/install/ecl_time/share/ecl_time/local_setup.zsh
[0.846s] -- Up-to-date symlink: /home/ri-one/ri_one_master_ws/install/ecl_time/share/ecl_time/local_setup.dsv
[0.846s] -- Symlinking: /home/ri-one/ri_one_master_ws/install/ecl_time/share/ecl_time/package.dsv
[0.873s] -- Up-to-date symlink: /home/ri-one/ri_one_master_ws/install/ecl_time/share/ament_index/resource_index/packages/ecl_time
[0.874s] -- Up-to-date symlink: /home/ri-one/ri_one_master_ws/install/ecl_time/share/ecl_time/cmake/ament_cmake_export_targets-extras.cmake
[0.875s] -- Up-to-date symlink: /home/ri-one/ri_one_master_ws/install/ecl_time/share/ecl_time/cmake/ament_cmake_export_include_directories-extras.cmake
[0.876s] -- Up-to-date symlink: /home/ri-one/ri_one_master_ws/install/ecl_time/share/ecl_time/cmake/ament_cmake_export_libraries-extras.cmake
[0.877s] -- Up-to-date symlink: /home/ri-one/ri_one_master_ws/install/ecl_time/share/ecl_time/cmake/ament_cmake_export_dependencies-extras.cmake
[0.877s] -- Up-to-date symlink: /home/ri-one/ri_one_master_ws/install/ecl_time/share/ecl_time/cmake/ecl_timeConfig.cmake
[0.878s] -- Up-to-date symlink: /home/ri-one/ri_one_master_ws/install/ecl_time/share/ecl_time/cmake/ecl_timeConfig-version.cmake
[0.879s] -- Up-to-date symlink: /home/ri-one/ri_one_master_ws/install/ecl_time/share/ecl_time/package.xml
[0.880s] -- Up-to-date: /home/ri-one/ri_one_master_ws/install/ecl_time/share/ecl_time/cmake/ecl_timeExport.cmake
[0.883s] -- Up-to-date: /home/ri-one/ri_one_master_ws/install/ecl_time/share/ecl_time/cmake/ecl_timeExport-noconfig.cmake
[0.887s] -- Up-to-date: /home/ri-one/ri_one_master_ws/install/ecl_time/lib/libecl_time.so.1.2.1
[0.891s] -- Up-to-date: /home/ri-one/ri_one_master_ws/install/ecl_time/lib/libecl_time.so
[0.902s] Invoked command in '/home/ri-one/ri_one_master_ws/build/ecl_time' returned '0': AMENT_PREFIX_PATH=/home/ri-one/ri_one_master_ws/install/ecl_time_lite:/home/ri-one/ri_one_master_ws/install/ecl_exceptions:/home/ri-one/ri_one_master_ws/install/ecl_errors:/home/ri-one/ri_one_master_ws/install/ecl_config:${AMENT_PREFIX_PATH} CMAKE_PREFIX_PATH=/home/ri-one/ri_one_master_ws/install/ecl_time_lite:/home/ri-one/ri_one_master_ws/install/ecl_exceptions:/home/ri-one/ri_one_master_ws/install/ecl_errors:/home/ri-one/ri_one_master_ws/install/ecl_config:/opt/ros/humble LD_LIBRARY_PATH=/home/ri-one/ri_one_master_ws/install/ecl_time_lite/lib:/home/ri-one/ri_one_master_ws/install/ecl_exceptions/lib:/home/ri-one/ri_one_master_ws/install/ecl_errors/lib:${LD_LIBRARY_PATH} PATH=/home/ri-one/ri_one_master_ws/install/ecl_config/bin:${PATH} /usr/bin/cmake --install /home/ri-one/ri_one_master_ws/build/ecl_time
