[0.049s] Invoking command in '/home/ri-one/ri_one_master_ws/build/realsense2_camera': AMENT_PREFIX_PATH=/home/ri-one/ri_one_master_ws/install/realsense2_camera_msgs:${AMENT_PREFIX_PATH} CMAKE_PREFIX_PATH=/home/ri-one/ri_one_master_ws/install/realsense2_camera_msgs:/opt/ros/humble LD_LIBRARY_PATH=/home/ri-one/ri_one_master_ws/install/realsense2_camera_msgs/lib:${LD_LIBRARY_PATH} PYTHONPATH=/home/ri-one/ri_one_master_ws/install/realsense2_camera_msgs/local/lib/python3.10/dist-packages:${PYTHONPATH} /usr/bin/cmake /home/ri-one/ri_one_master_ws/src/realsense-ros/realsense2_camera -DAMENT_CMAKE_SYMLINK_INSTALL=1 -DCMAKE_INSTALL_PREFIX=/home/ri-one/ri_one_master_ws/install/realsense2_camera
[0.084s] -- Create Release Build.
[0.084s] -- Found ament_cmake: 1.3.12 (/opt/ros/humble/share/ament_cmake/cmake)
[0.370s] -- Override CMake install command with custom implementation using symlinks instead of copying resources
[0.386s] -- Found builtin_interfaces: 1.2.2 (/opt/ros/humble/share/builtin_interfaces/cmake)
[0.442s] -- Found rosidl_generator_c: 3.1.7 (/opt/ros/humble/share/rosidl_generator_c/cmake)
[0.451s] -- Found rosidl_adapter: 3.1.7 (/opt/ros/humble/share/rosidl_adapter/cmake)
[0.468s] -- Found rosidl_generator_cpp: 3.1.7 (/opt/ros/humble/share/rosidl_generator_cpp/cmake)
[0.491s] -- Using all available rosidl_typesupport_c: rosidl_typesupport_fastrtps_c;rosidl_typesupport_introspection_c
[0.523s] -- Using all available rosidl_typesupport_cpp: rosidl_typesupport_fastrtps_cpp;rosidl_typesupport_introspection_cpp
[0.552s] -- Found rclcpp: 16.0.15 (/opt/ros/humble/share/rclcpp/cmake)
[0.628s] -- Found rmw_implementation_cmake: 6.1.2 (/opt/ros/humble/share/rmw_implementation_cmake/cmake)
[0.632s] -- Found rmw_fastrtps_cpp: 6.2.9 (/opt/ros/humble/share/rmw_fastrtps_cpp/cmake)
[0.863s] -- Using RMW implementation 'rmw_fastrtps_cpp' as default
[0.988s] -- Found rclcpp_action: 16.0.15 (/opt/ros/humble/share/rclcpp_action/cmake)
[1.065s] -- Found realsense2_camera_msgs: 4.57.6 (/home/ri-one/ri_one_master_ws/install/realsense2_camera_msgs/share/realsense2_camera_msgs/cmake)
[1.182s] -- Found std_srvs: 4.9.0 (/opt/ros/humble/share/std_srvs/cmake)
[1.205s] -- Found nav_msgs: 4.9.0 (/opt/ros/humble/share/nav_msgs/cmake)
[1.253s] -- Found tf2_ros: 0.25.16 (/opt/ros/humble/share/tf2_ros/cmake)
[1.465s] -- Found diagnostic_updater: 4.0.6 (/opt/ros/humble/share/diagnostic_updater/cmake)
[1.529s] -- Found image_transport: 3.1.12 (/opt/ros/humble/share/image_transport/cmake)
[1.559s] -- Found cv_bridge: 3.2.1 (/opt/ros/humble/share/cv_bridge/cmake)
[1.593s] [33mCMake Warning at CMakeLists.txt:155 (find_package):
[1.593s]   Could not find a configuration file for package "realsense2" that is
[1.593s]   compatible with requested version "2.56.6".
[1.593s] 
[1.593s]   The following configuration files were considered but not accepted:
[1.594s] 
[1.596s]     /opt/ros/humble/lib/x86_64-linux-gnu/cmake/realsense2/realsense2Config.cmake, version: 2.56.4
[1.596s]     /usr/lib/x86_64-linux-gnu/cmake/realsense2/realsense2Config.cmake, version: 2.56.5
[1.599s]     /lib/x86_64-linux-gnu/cmake/realsense2/realsense2Config.cmake, version: 2.56.5
[1.599s] 
[1.599s] 
[1.599s] [0m
[1.600s] [31mCMake Error at CMakeLists.txt:160 (message):
[1.600s]   
[1.600s] 
[1.600s]   
[1.600s] 
[1.600s]    RealSense SDK 2.0 is missing, please install it from https://github.com/realsenseai/librealsense/releases
[1.600s] 
[1.600s]   
[1.601s] 
[1.601s] 
[1.601s] [0m
[1.601s] -- Configuring incomplete, errors occurred!
[1.601s] See also "/home/ri-one/ri_one_master_ws/build/realsense2_camera/CMakeFiles/CMakeOutput.log".
[1.638s] Invoked command in '/home/ri-one/ri_one_master_ws/build/realsense2_camera' returned '1': AMENT_PREFIX_PATH=/home/ri-one/ri_one_master_ws/install/realsense2_camera_msgs:${AMENT_PREFIX_PATH} CMAKE_PREFIX_PATH=/home/ri-one/ri_one_master_ws/install/realsense2_camera_msgs:/opt/ros/humble LD_LIBRARY_PATH=/home/ri-one/ri_one_master_ws/install/realsense2_camera_msgs/lib:${LD_LIBRARY_PATH} PYTHONPATH=/home/ri-one/ri_one_master_ws/install/realsense2_camera_msgs/local/lib/python3.10/dist-packages:${PYTHONPATH} /usr/bin/cmake /home/ri-one/ri_one_master_ws/src/realsense-ros/realsense2_camera -DAMENT_CMAKE_SYMLINK_INSTALL=1 -DCMAKE_INSTALL_PREFIX=/home/ri-one/ri_one_master_ws/install/realsense2_camera
