[0.053s] Invoking command in '/home/ri-one/ri_one_master_ws/build/ecl_mpl': CMAKE_PREFIX_PATH=${CMAKE_PREFIX_PATH}:/home/ri-one/ri_one_master_ws/install/ros2_tests:/home/ri-one/ri_one_master_ws/install/gesture_to_motion:/home/ri-one/ri_one_master_ws/install/gesture_detection:/opt/ros/humble /usr/bin/cmake --build /home/ri-one/ri_one_master_ws/build/ecl_mpl -- -j4 -l4
[0.290s] [ 33%] Built target gtest_main
[0.300s] [ 66%] Built target gtest
[0.455s] [100%] Built target test_enable_if
[0.543s] Invoked command in '/home/ri-one/ri_one_master_ws/build/ecl_mpl' returned '0': CMAKE_PREFIX_PATH=${CMAKE_PREFIX_PATH}:/home/ri-one/ri_one_master_ws/install/ros2_tests:/home/ri-one/ri_one_master_ws/install/gesture_to_motion:/home/ri-one/ri_one_master_ws/install/gesture_detection:/opt/ros/humble /usr/bin/cmake --build /home/ri-one/ri_one_master_ws/build/ecl_mpl -- -j4 -l4
[0.558s] Invoking command in '/home/ri-one/ri_one_master_ws/build/ecl_mpl': CMAKE_PREFIX_PATH=${CMAKE_PREFIX_PATH}:/home/ri-one/ri_one_master_ws/install/ros2_tests:/home/ri-one/ri_one_master_ws/install/gesture_to_motion:/home/ri-one/ri_one_master_ws/install/gesture_detection:/opt/ros/humble /usr/bin/cmake --install /home/ri-one/ri_one_master_ws/build/ecl_mpl
[0.594s] -- Install configuration: ""
[0.594s] -- Execute custom install script
[0.595s] -- Up-to-date symlink: /home/ri-one/ri_one_master_ws/install/ecl_mpl/include/ecl/mpl/bool.hpp
[0.598s] -- Up-to-date symlink: /home/ri-one/ri_one_master_ws/install/ecl_mpl/include/ecl/mpl/converters.hpp
[0.599s] -- Up-to-date symlink: /home/ri-one/ri_one_master_ws/install/ecl_mpl/include/ecl/mpl/enable_if.hpp
[0.601s] -- Up-to-date symlink: /home/ri-one/ri_one_master_ws/install/ecl_mpl/include/ecl/mpl/failed_object.hpp
[0.601s] -- Up-to-date symlink: /home/ri-one/ri_one_master_ws/install/ecl_mpl/include/ecl/mpl/if.hpp
[0.601s] -- Up-to-date symlink: /home/ri-one/ri_one_master_ws/install/ecl_mpl/include/ecl/mpl.hpp
[0.604s] -- Up-to-date symlink: /home/ri-one/ri_one_master_ws/install/ecl_mpl/share/ament_index/resource_index/package_run_dependencies/ecl_mpl
[0.604s] -- Up-to-date symlink: /home/ri-one/ri_one_master_ws/install/ecl_mpl/share/ament_index/resource_index/parent_prefix_path/ecl_mpl
[0.605s] -- Up-to-date symlink: /home/ri-one/ri_one_master_ws/install/ecl_mpl/share/ecl_mpl/environment/ament_prefix_path.sh
[0.605s] -- Up-to-date symlink: /home/ri-one/ri_one_master_ws/install/ecl_mpl/share/ecl_mpl/environment/ament_prefix_path.dsv
[0.608s] -- Up-to-date symlink: /home/ri-one/ri_one_master_ws/install/ecl_mpl/share/ecl_mpl/environment/path.sh
[0.608s] -- Up-to-date symlink: /home/ri-one/ri_one_master_ws/install/ecl_mpl/share/ecl_mpl/environment/path.dsv
[0.609s] -- Up-to-date symlink: /home/ri-one/ri_one_master_ws/install/ecl_mpl/share/ecl_mpl/local_setup.bash
[0.609s] -- Up-to-date symlink: /home/ri-one/ri_one_master_ws/install/ecl_mpl/share/ecl_mpl/local_setup.sh
[0.609s] -- Up-to-date symlink: /home/ri-one/ri_one_master_ws/install/ecl_mpl/share/ecl_mpl/local_setup.zsh
[0.610s] -- Up-to-date symlink: /home/ri-one/ri_one_master_ws/install/ecl_mpl/share/ecl_mpl/local_setup.dsv
[0.610s] -- Symlinking: /home/ri-one/ri_one_master_ws/install/ecl_mpl/share/ecl_mpl/package.dsv
[0.666s] -- Up-to-date symlink: /home/ri-one/ri_one_master_ws/install/ecl_mpl/share/ament_index/resource_index/packages/ecl_mpl
[0.666s] -- Up-to-date symlink: /home/ri-one/ri_one_master_ws/install/ecl_mpl/share/ecl_mpl/cmake/ament_cmake_export_targets-extras.cmake
[0.666s] -- Up-to-date symlink: /home/ri-one/ri_one_master_ws/install/ecl_mpl/share/ecl_mpl/cmake/ament_cmake_export_include_directories-extras.cmake
[0.667s] -- Up-to-date symlink: /home/ri-one/ri_one_master_ws/install/ecl_mpl/share/ecl_mpl/cmake/ecl_mplConfig.cmake
[0.667s] -- Up-to-date symlink: /home/ri-one/ri_one_master_ws/install/ecl_mpl/share/ecl_mpl/cmake/ecl_mplConfig-version.cmake
[0.667s] -- Up-to-date symlink: /home/ri-one/ri_one_master_ws/install/ecl_mpl/share/ecl_mpl/package.xml
[0.668s] -- Up-to-date: /home/ri-one/ri_one_master_ws/install/ecl_mpl/share/ecl_mpl/cmake/ecl_mplExport.cmake
[0.679s] Invoked command in '/home/ri-one/ri_one_master_ws/build/ecl_mpl' returned '0': CMAKE_PREFIX_PATH=${CMAKE_PREFIX_PATH}:/home/ri-one/ri_one_master_ws/install/ros2_tests:/home/ri-one/ri_one_master_ws/install/gesture_to_motion:/home/ri-one/ri_one_master_ws/install/gesture_detection:/opt/ros/humble /usr/bin/cmake --install /home/ri-one/ri_one_master_ws/build/ecl_mpl
