[0.022s] Invoking command in '/home/ri-one/ros2_ws/src/build/kobuki_safety_controller': AMENT_PREFIX_PATH=/home/ri-one/ros2_ws/src/install/kobuki_ros_interfaces:${AMENT_PREFIX_PATH} CMAKE_PREFIX_PATH=/home/ri-one/ros2_ws/src/install/kobuki_ros_interfaces:/opt/ros/humble LD_LIBRARY_PATH=/home/ri-one/ros2_ws/src/install/kobuki_ros_interfaces/lib:${LD_LIBRARY_PATH} PYTHONPATH=/home/ri-one/ros2_ws/src/install/kobuki_ros_interfaces/local/lib/python3.10/dist-packages:${PYTHONPATH} /usr/bin/cmake /home/ri-one/ros2_ws/src/turtlebot2_ros2/kobuki_ros/kobuki_safety_controller -DCMAKE_INSTALL_PREFIX=/home/ri-one/ros2_ws/src/install/kobuki_safety_controller
[0.167s] -- The C compiler identification is GNU 11.4.0
[0.312s] -- The CXX compiler identification is GNU 11.4.0
[0.328s] -- Detecting C compiler ABI info
[0.477s] -- Detecting C compiler ABI info - done
[0.497s] -- Check for working C compiler: /usr/bin/cc - skipped
[0.498s] -- Detecting C compile features
[0.499s] -- Detecting C compile features - done
[0.506s] -- Detecting CXX compiler ABI info
[0.678s] -- Detecting CXX compiler ABI info - done
[0.704s] -- Check for working CXX compiler: /usr/bin/c++ - skipped
[0.704s] -- Detecting CXX compile features
[0.704s] -- Detecting CXX compile features - done
[0.709s] -- Found ament_cmake_ros: 0.10.0 (/opt/ros/humble/share/ament_cmake_ros/cmake)
[1.067s] -- Found Python3: /usr/bin/python3 (found version "3.10.12") found components: Interpreter 
[1.267s] -- Found ecl_build: 1.0.3 (/opt/ros/humble/share/ecl_build/cmake)
[1.280s] -- Found geometry_msgs: 4.9.0 (/opt/ros/humble/share/geometry_msgs/cmake)
[1.356s] -- Found rosidl_generator_c: 3.1.7 (/opt/ros/humble/share/rosidl_generator_c/cmake)
[1.368s] -- Found rosidl_adapter: 3.1.7 (/opt/ros/humble/share/rosidl_adapter/cmake)
[1.387s] -- Found rosidl_generator_cpp: 3.1.7 (/opt/ros/humble/share/rosidl_generator_cpp/cmake)
[1.415s] -- Using all available rosidl_typesupport_c: rosidl_typesupport_fastrtps_c;rosidl_typesupport_introspection_c
[1.453s] -- Using all available rosidl_typesupport_cpp: rosidl_typesupport_fastrtps_cpp;rosidl_typesupport_introspection_cpp
[1.548s] -- Found kobuki_ros_interfaces: 1.0.0 (/home/ri-one/ros2_ws/src/install/kobuki_ros_interfaces/share/kobuki_ros_interfaces/cmake)
[1.675s] -- Found rclcpp: 16.0.15 (/opt/ros/humble/share/rclcpp/cmake)
[1.760s] -- Found rmw_implementation_cmake: 6.1.2 (/opt/ros/humble/share/rmw_implementation_cmake/cmake)
[1.766s] -- Found rmw_fastrtps_cpp: 6.2.9 (/opt/ros/humble/share/rmw_fastrtps_cpp/cmake)
[1.960s] -- Found OpenSSL: /usr/lib/x86_64-linux-gnu/libcrypto.so (found version "3.0.2")  
[2.021s] -- Found FastRTPS: /opt/ros/humble/include  
[2.111s] -- Using RMW implementation 'rmw_fastrtps_cpp' as default
[2.131s] -- Looking for pthread.h
[2.296s] -- Looking for pthread.h - found
[2.296s] -- Performing Test CMAKE_HAVE_LIBC_PTHREAD
[2.463s] -- Performing Test CMAKE_HAVE_LIBC_PTHREAD - Success
[2.466s] -- Found Threads: TRUE  
[2.559s] -- Found rclcpp_components: 16.0.15 (/opt/ros/humble/share/rclcpp_components/cmake)
[2.810s] -- Configuring done
[2.853s] -- Generating done
[2.868s] -- Build files have been written to: /home/ri-one/ros2_ws/src/build/kobuki_safety_controller
[2.888s] Invoked command in '/home/ri-one/ros2_ws/src/build/kobuki_safety_controller' returned '0': AMENT_PREFIX_PATH=/home/ri-one/ros2_ws/src/install/kobuki_ros_interfaces:${AMENT_PREFIX_PATH} CMAKE_PREFIX_PATH=/home/ri-one/ros2_ws/src/install/kobuki_ros_interfaces:/opt/ros/humble LD_LIBRARY_PATH=/home/ri-one/ros2_ws/src/install/kobuki_ros_interfaces/lib:${LD_LIBRARY_PATH} PYTHONPATH=/home/ri-one/ros2_ws/src/install/kobuki_ros_interfaces/local/lib/python3.10/dist-packages:${PYTHONPATH} /usr/bin/cmake /home/ri-one/ros2_ws/src/turtlebot2_ros2/kobuki_ros/kobuki_safety_controller -DCMAKE_INSTALL_PREFIX=/home/ri-one/ros2_ws/src/install/kobuki_safety_controller
[2.894s] Invoking command in '/home/ri-one/ros2_ws/src/build/kobuki_safety_controller': AMENT_PREFIX_PATH=/home/ri-one/ros2_ws/src/install/kobuki_ros_interfaces:${AMENT_PREFIX_PATH} CMAKE_PREFIX_PATH=/home/ri-one/ros2_ws/src/install/kobuki_ros_interfaces:/opt/ros/humble LD_LIBRARY_PATH=/home/ri-one/ros2_ws/src/install/kobuki_ros_interfaces/lib:${LD_LIBRARY_PATH} PYTHONPATH=/home/ri-one/ros2_ws/src/install/kobuki_ros_interfaces/local/lib/python3.10/dist-packages:${PYTHONPATH} /usr/bin/cmake --build /home/ri-one/ros2_ws/src/build/kobuki_safety_controller -- -j4 -l4
[2.994s] [ 25%] [32mBuilding CXX object CMakeFiles/kobuki_safety_controller.dir/src/safety_controller.cpp.o[0m
[40.209s] [ 50%] [32m[1mLinking CXX shared library libkobuki_safety_controller.so[0m
[42.826s] [ 50%] Built target kobuki_safety_controller
[42.868s] [ 75%] [32mBuilding CXX object CMakeFiles/kobuki_safety_controller_node.dir/rclcpp_components/node_main_kobuki_safety_controller_node.cpp.o[0m
[49.882s] [100%] [32m[1mLinking CXX executable kobuki_safety_controller_node[0m
[50.187s] [100%] Built target kobuki_safety_controller_node
[50.213s] Invoked command in '/home/ri-one/ros2_ws/src/build/kobuki_safety_controller' returned '0': AMENT_PREFIX_PATH=/home/ri-one/ros2_ws/src/install/kobuki_ros_interfaces:${AMENT_PREFIX_PATH} CMAKE_PREFIX_PATH=/home/ri-one/ros2_ws/src/install/kobuki_ros_interfaces:/opt/ros/humble LD_LIBRARY_PATH=/home/ri-one/ros2_ws/src/install/kobuki_ros_interfaces/lib:${LD_LIBRARY_PATH} PYTHONPATH=/home/ri-one/ros2_ws/src/install/kobuki_ros_interfaces/local/lib/python3.10/dist-packages:${PYTHONPATH} /usr/bin/cmake --build /home/ri-one/ros2_ws/src/build/kobuki_safety_controller -- -j4 -l4
[50.214s] Invoking command in '/home/ri-one/ros2_ws/src/build/kobuki_safety_controller': AMENT_PREFIX_PATH=/home/ri-one/ros2_ws/src/install/kobuki_ros_interfaces:${AMENT_PREFIX_PATH} CMAKE_PREFIX_PATH=/home/ri-one/ros2_ws/src/install/kobuki_ros_interfaces:/opt/ros/humble LD_LIBRARY_PATH=/home/ri-one/ros2_ws/src/install/kobuki_ros_interfaces/lib:${LD_LIBRARY_PATH} PYTHONPATH=/home/ri-one/ros2_ws/src/install/kobuki_ros_interfaces/local/lib/python3.10/dist-packages:${PYTHONPATH} /usr/bin/cmake --install /home/ri-one/ros2_ws/src/build/kobuki_safety_controller
[50.229s] -- Install configuration: ""
[50.230s] -- Installing: /home/ri-one/ros2_ws/src/install/kobuki_safety_controller/lib/kobuki_safety_controller/kobuki_safety_controller_node
[50.232s] -- Set runtime path of "/home/ri-one/ros2_ws/src/install/kobuki_safety_controller/lib/kobuki_safety_controller/kobuki_safety_controller_node" to ""
[50.233s] -- Installing: /home/ri-one/ros2_ws/src/install/kobuki_safety_controller/lib/libkobuki_safety_controller.so
[50.263s] -- Set runtime path of "/home/ri-one/ros2_ws/src/install/kobuki_safety_controller/lib/libkobuki_safety_controller.so" to ""
[50.263s] -- Installing: /home/ri-one/ros2_ws/src/install/kobuki_safety_controller/include/kobuki_safety_controller
[50.266s] -- Installing: /home/ri-one/ros2_ws/src/install/kobuki_safety_controller/include/kobuki_safety_controller/safety_controller.hpp
[50.267s] -- Installing: /home/ri-one/ros2_ws/src/install/kobuki_safety_controller/share/kobuki_safety_controller/config
[50.268s] -- Installing: /home/ri-one/ros2_ws/src/install/kobuki_safety_controller/share/kobuki_safety_controller/config/safety_controller_params.yaml
[50.270s] -- Installing: /home/ri-one/ros2_ws/src/install/kobuki_safety_controller/share/kobuki_safety_controller/launch
[50.270s] -- Installing: /home/ri-one/ros2_ws/src/install/kobuki_safety_controller/share/kobuki_safety_controller/launch/safety_controller-composed-launch.py
[50.270s] -- Installing: /home/ri-one/ros2_ws/src/install/kobuki_safety_controller/share/kobuki_safety_controller/launch/safety_controller-launch.py
[50.273s] -- Installing: /home/ri-one/ros2_ws/src/install/kobuki_safety_controller/share/ament_index/resource_index/package_run_dependencies/kobuki_safety_controller
[50.273s] -- Installing: /home/ri-one/ros2_ws/src/install/kobuki_safety_controller/share/ament_index/resource_index/parent_prefix_path/kobuki_safety_controller
[50.274s] -- Installing: /home/ri-one/ros2_ws/src/install/kobuki_safety_controller/share/kobuki_safety_controller/environment/ament_prefix_path.sh
[50.275s] -- Installing: /home/ri-one/ros2_ws/src/install/kobuki_safety_controller/share/kobuki_safety_controller/environment/ament_prefix_path.dsv
[50.275s] -- Installing: /home/ri-one/ros2_ws/src/install/kobuki_safety_controller/share/kobuki_safety_controller/environment/path.sh
[50.276s] -- Installing: /home/ri-one/ros2_ws/src/install/kobuki_safety_controller/share/kobuki_safety_controller/environment/path.dsv
[50.277s] -- Installing: /home/ri-one/ros2_ws/src/install/kobuki_safety_controller/share/kobuki_safety_controller/local_setup.bash
[50.278s] -- Installing: /home/ri-one/ros2_ws/src/install/kobuki_safety_controller/share/kobuki_safety_controller/local_setup.sh
[50.278s] -- Installing: /home/ri-one/ros2_ws/src/install/kobuki_safety_controller/share/kobuki_safety_controller/local_setup.zsh
[50.278s] -- Installing: /home/ri-one/ros2_ws/src/install/kobuki_safety_controller/share/kobuki_safety_controller/local_setup.dsv
[50.278s] -- Installing: /home/ri-one/ros2_ws/src/install/kobuki_safety_controller/share/kobuki_safety_controller/package.dsv
[50.278s] -- Installing: /home/ri-one/ros2_ws/src/install/kobuki_safety_controller/share/ament_index/resource_index/packages/kobuki_safety_controller
[50.279s] -- Installing: /home/ri-one/ros2_ws/src/install/kobuki_safety_controller/share/ament_index/resource_index/rclcpp_components/kobuki_safety_controller
[50.279s] -- Installing: /home/ri-one/ros2_ws/src/install/kobuki_safety_controller/share/kobuki_safety_controller/cmake/kobuki_safety_controllerConfig.cmake
[50.281s] -- Installing: /home/ri-one/ros2_ws/src/install/kobuki_safety_controller/share/kobuki_safety_controller/cmake/kobuki_safety_controllerConfig-version.cmake
[50.281s] -- Installing: /home/ri-one/ros2_ws/src/install/kobuki_safety_controller/share/kobuki_safety_controller/package.xml
[50.284s] Invoked command in '/home/ri-one/ros2_ws/src/build/kobuki_safety_controller' returned '0': AMENT_PREFIX_PATH=/home/ri-one/ros2_ws/src/install/kobuki_ros_interfaces:${AMENT_PREFIX_PATH} CMAKE_PREFIX_PATH=/home/ri-one/ros2_ws/src/install/kobuki_ros_interfaces:/opt/ros/humble LD_LIBRARY_PATH=/home/ri-one/ros2_ws/src/install/kobuki_ros_interfaces/lib:${LD_LIBRARY_PATH} PYTHONPATH=/home/ri-one/ros2_ws/src/install/kobuki_ros_interfaces/local/lib/python3.10/dist-packages:${PYTHONPATH} /usr/bin/cmake --install /home/ri-one/ros2_ws/src/build/kobuki_safety_controller
