[0.036s] Invoking command in '/home/ri-one/ri_one_master_ws/build/kobuki_keyop': AMENT_PREFIX_PATH=/home/ri-one/ri_one_master_ws/install/kobuki_ros_interfaces:/home/ri-one/ri_one_master_ws/install/cmd_vel_mux:${AMENT_PREFIX_PATH} CMAKE_PREFIX_PATH=/home/ri-one/ri_one_master_ws/install/kobuki_ros_interfaces:/home/ri-one/ri_one_master_ws/install/cmd_vel_mux:/opt/ros/humble LD_LIBRARY_PATH=/home/ri-one/ri_one_master_ws/install/kobuki_ros_interfaces/lib:/home/ri-one/ri_one_master_ws/install/cmd_vel_mux/lib:${LD_LIBRARY_PATH} PYTHONPATH=/home/ri-one/ri_one_master_ws/install/kobuki_ros_interfaces/local/lib/python3.10/dist-packages:${PYTHONPATH} /usr/bin/cmake /home/ri-one/ri_one_master_ws/src/turtlebot2_ros2/kobuki_ros/kobuki_keyop -DAMENT_CMAKE_SYMLINK_INSTALL=1 -DCMAKE_INSTALL_PREFIX=/home/ri-one/ri_one_master_ws/install/kobuki_keyop
[0.172s] -- The C compiler identification is GNU 11.4.0
[0.321s] -- The CXX compiler identification is GNU 11.4.0
[0.342s] -- Detecting C compiler ABI info
[0.508s] -- Detecting C compiler ABI info - done
[0.528s] -- Check for working C compiler: /usr/bin/cc - skipped
[0.529s] -- Detecting C compile features
[0.530s] -- Detecting C compile features - done
[0.538s] -- Detecting CXX compiler ABI info
[0.739s] -- Detecting CXX compiler ABI info - done
[0.786s] -- Check for working CXX compiler: /usr/bin/c++ - skipped
[0.787s] -- Detecting CXX compile features
[0.793s] -- Detecting CXX compile features - done
[0.801s] -- Found ament_cmake_ros: 0.10.0 (/opt/ros/humble/share/ament_cmake_ros/cmake)
[1.189s] -- Found Python3: /usr/bin/python3 (found version "3.10.12") found components: Interpreter 
[1.354s] -- Override CMake install command with custom implementation using symlinks instead of copying resources
[1.425s] -- Found ecl_build: 1.0.3 (/opt/ros/humble/share/ecl_build/cmake)
[1.443s] -- Found geometry_msgs: 4.9.0 (/opt/ros/humble/share/geometry_msgs/cmake)
[1.528s] -- Found rosidl_generator_c: 3.1.7 (/opt/ros/humble/share/rosidl_generator_c/cmake)
[1.538s] -- Found rosidl_adapter: 3.1.7 (/opt/ros/humble/share/rosidl_adapter/cmake)
[1.557s] -- Found rosidl_generator_cpp: 3.1.7 (/opt/ros/humble/share/rosidl_generator_cpp/cmake)
[1.589s] -- Using all available rosidl_typesupport_c: rosidl_typesupport_fastrtps_c;rosidl_typesupport_introspection_c
[1.628s] -- Using all available rosidl_typesupport_cpp: rosidl_typesupport_fastrtps_cpp;rosidl_typesupport_introspection_cpp
[1.727s] -- Found kobuki_ros_interfaces: 1.0.0 (/home/ri-one/ri_one_master_ws/install/kobuki_ros_interfaces/share/kobuki_ros_interfaces/cmake)
[1.836s] -- Found rclcpp: 16.0.15 (/opt/ros/humble/share/rclcpp/cmake)
[1.926s] -- Found rmw_implementation_cmake: 6.1.2 (/opt/ros/humble/share/rmw_implementation_cmake/cmake)
[1.932s] -- Found rmw_fastrtps_cpp: 6.2.9 (/opt/ros/humble/share/rmw_fastrtps_cpp/cmake)
[2.136s] -- Found OpenSSL: /usr/lib/x86_64-linux-gnu/libcrypto.so (found version "3.0.2")  
[2.200s] -- Found FastRTPS: /opt/ros/humble/include  
[2.298s] -- Using RMW implementation 'rmw_fastrtps_cpp' as default
[2.319s] -- Looking for pthread.h
[2.520s] -- Looking for pthread.h - found
[2.521s] -- Performing Test CMAKE_HAVE_LIBC_PTHREAD
[2.714s] -- Performing Test CMAKE_HAVE_LIBC_PTHREAD - Success
[2.721s] -- Found Threads: TRUE  
[2.832s] -- Found rclcpp_components: 16.0.15 (/opt/ros/humble/share/rclcpp_components/cmake)
[3.084s] -- Configuring done
[3.149s] -- Generating done
[3.161s] -- Build files have been written to: /home/ri-one/ri_one_master_ws/build/kobuki_keyop
[3.196s] Invoked command in '/home/ri-one/ri_one_master_ws/build/kobuki_keyop' returned '0': AMENT_PREFIX_PATH=/home/ri-one/ri_one_master_ws/install/kobuki_ros_interfaces:/home/ri-one/ri_one_master_ws/install/cmd_vel_mux:${AMENT_PREFIX_PATH} CMAKE_PREFIX_PATH=/home/ri-one/ri_one_master_ws/install/kobuki_ros_interfaces:/home/ri-one/ri_one_master_ws/install/cmd_vel_mux:/opt/ros/humble LD_LIBRARY_PATH=/home/ri-one/ri_one_master_ws/install/kobuki_ros_interfaces/lib:/home/ri-one/ri_one_master_ws/install/cmd_vel_mux/lib:${LD_LIBRARY_PATH} PYTHONPATH=/home/ri-one/ri_one_master_ws/install/kobuki_ros_interfaces/local/lib/python3.10/dist-packages:${PYTHONPATH} /usr/bin/cmake /home/ri-one/ri_one_master_ws/src/turtlebot2_ros2/kobuki_ros/kobuki_keyop -DAMENT_CMAKE_SYMLINK_INSTALL=1 -DCMAKE_INSTALL_PREFIX=/home/ri-one/ri_one_master_ws/install/kobuki_keyop
[3.197s] Invoking command in '/home/ri-one/ri_one_master_ws/build/kobuki_keyop': AMENT_PREFIX_PATH=/home/ri-one/ri_one_master_ws/install/kobuki_ros_interfaces:/home/ri-one/ri_one_master_ws/install/cmd_vel_mux:${AMENT_PREFIX_PATH} CMAKE_PREFIX_PATH=/home/ri-one/ri_one_master_ws/install/kobuki_ros_interfaces:/home/ri-one/ri_one_master_ws/install/cmd_vel_mux:/opt/ros/humble LD_LIBRARY_PATH=/home/ri-one/ri_one_master_ws/install/kobuki_ros_interfaces/lib:/home/ri-one/ri_one_master_ws/install/cmd_vel_mux/lib:${LD_LIBRARY_PATH} PYTHONPATH=/home/ri-one/ri_one_master_ws/install/kobuki_ros_interfaces/local/lib/python3.10/dist-packages:${PYTHONPATH} /usr/bin/cmake --build /home/ri-one/ri_one_master_ws/build/kobuki_keyop -- -j4 -l4
[3.321s] [ 25%] [32mBuilding CXX object CMakeFiles/kobuki_keyop.dir/src/keyop.cpp.o[0m
[24.060s] [ 50%] [32m[1mLinking CXX shared library libkobuki_keyop.so[0m
[25.581s] [ 50%] Built target kobuki_keyop
[25.627s] [ 75%] [32mBuilding CXX object CMakeFiles/kobuki_keyop_node.dir/rclcpp_components/node_main_kobuki_keyop_node.cpp.o[0m
[32.603s] [100%] [32m[1mLinking CXX executable kobuki_keyop_node[0m
[33.059s] [100%] Built target kobuki_keyop_node
[33.098s] Invoked command in '/home/ri-one/ri_one_master_ws/build/kobuki_keyop' returned '0': AMENT_PREFIX_PATH=/home/ri-one/ri_one_master_ws/install/kobuki_ros_interfaces:/home/ri-one/ri_one_master_ws/install/cmd_vel_mux:${AMENT_PREFIX_PATH} CMAKE_PREFIX_PATH=/home/ri-one/ri_one_master_ws/install/kobuki_ros_interfaces:/home/ri-one/ri_one_master_ws/install/cmd_vel_mux:/opt/ros/humble LD_LIBRARY_PATH=/home/ri-one/ri_one_master_ws/install/kobuki_ros_interfaces/lib:/home/ri-one/ri_one_master_ws/install/cmd_vel_mux/lib:${LD_LIBRARY_PATH} PYTHONPATH=/home/ri-one/ri_one_master_ws/install/kobuki_ros_interfaces/local/lib/python3.10/dist-packages:${PYTHONPATH} /usr/bin/cmake --build /home/ri-one/ri_one_master_ws/build/kobuki_keyop -- -j4 -l4
[33.099s] Invoking command in '/home/ri-one/ri_one_master_ws/build/kobuki_keyop': AMENT_PREFIX_PATH=/home/ri-one/ri_one_master_ws/install/kobuki_ros_interfaces:/home/ri-one/ri_one_master_ws/install/cmd_vel_mux:${AMENT_PREFIX_PATH} CMAKE_PREFIX_PATH=/home/ri-one/ri_one_master_ws/install/kobuki_ros_interfaces:/home/ri-one/ri_one_master_ws/install/cmd_vel_mux:/opt/ros/humble LD_LIBRARY_PATH=/home/ri-one/ri_one_master_ws/install/kobuki_ros_interfaces/lib:/home/ri-one/ri_one_master_ws/install/cmd_vel_mux/lib:${LD_LIBRARY_PATH} PYTHONPATH=/home/ri-one/ri_one_master_ws/install/kobuki_ros_interfaces/local/lib/python3.10/dist-packages:${PYTHONPATH} /usr/bin/cmake --install /home/ri-one/ri_one_master_ws/build/kobuki_keyop
[33.116s] -- Install configuration: ""
[33.117s] -- Execute custom install script
[33.117s] -- Symlinking: /home/ri-one/ri_one_master_ws/install/kobuki_keyop/lib/kobuki_keyop/kobuki_keyop_node
[33.137s] -- Symlinking: /home/ri-one/ri_one_master_ws/install/kobuki_keyop/lib/libkobuki_keyop.so
[33.164s] -- Symlinking: /home/ri-one/ri_one_master_ws/install/kobuki_keyop/include/kobuki_keyop/keyop.hpp
[33.178s] -- Symlinking: /home/ri-one/ri_one_master_ws/install/kobuki_keyop/share/kobuki_keyop/config/keyop_params.yaml
[33.199s] -- Symlinking: /home/ri-one/ri_one_master_ws/install/kobuki_keyop/share/ament_index/resource_index/package_run_dependencies/kobuki_keyop
[33.219s] -- Symlinking: /home/ri-one/ri_one_master_ws/install/kobuki_keyop/share/ament_index/resource_index/parent_prefix_path/kobuki_keyop
[33.240s] -- Symlinking: /home/ri-one/ri_one_master_ws/install/kobuki_keyop/share/kobuki_keyop/environment/ament_prefix_path.sh
[33.259s] -- Symlinking: /home/ri-one/ri_one_master_ws/install/kobuki_keyop/share/kobuki_keyop/environment/ament_prefix_path.dsv
[33.280s] -- Symlinking: /home/ri-one/ri_one_master_ws/install/kobuki_keyop/share/kobuki_keyop/environment/path.sh
[33.300s] -- Symlinking: /home/ri-one/ri_one_master_ws/install/kobuki_keyop/share/kobuki_keyop/environment/path.dsv
[33.321s] -- Symlinking: /home/ri-one/ri_one_master_ws/install/kobuki_keyop/share/kobuki_keyop/local_setup.bash
[33.346s] -- Symlinking: /home/ri-one/ri_one_master_ws/install/kobuki_keyop/share/kobuki_keyop/local_setup.sh
[33.375s] -- Symlinking: /home/ri-one/ri_one_master_ws/install/kobuki_keyop/share/kobuki_keyop/local_setup.zsh
[33.397s] -- Symlinking: /home/ri-one/ri_one_master_ws/install/kobuki_keyop/share/kobuki_keyop/local_setup.dsv
[33.418s] -- Symlinking: /home/ri-one/ri_one_master_ws/install/kobuki_keyop/share/kobuki_keyop/package.dsv
[33.438s] -- Symlinking: /home/ri-one/ri_one_master_ws/install/kobuki_keyop/share/ament_index/resource_index/packages/kobuki_keyop
[33.462s] -- Symlinking: /home/ri-one/ri_one_master_ws/install/kobuki_keyop/share/ament_index/resource_index/rclcpp_components/kobuki_keyop
[33.489s] -- Symlinking: /home/ri-one/ri_one_master_ws/install/kobuki_keyop/share/kobuki_keyop/cmake/kobuki_keyopConfig.cmake
[33.513s] -- Symlinking: /home/ri-one/ri_one_master_ws/install/kobuki_keyop/share/kobuki_keyop/cmake/kobuki_keyopConfig-version.cmake
[33.531s] -- Symlinking: /home/ri-one/ri_one_master_ws/install/kobuki_keyop/share/kobuki_keyop/package.xml
[33.557s] Invoked command in '/home/ri-one/ri_one_master_ws/build/kobuki_keyop' returned '0': AMENT_PREFIX_PATH=/home/ri-one/ri_one_master_ws/install/kobuki_ros_interfaces:/home/ri-one/ri_one_master_ws/install/cmd_vel_mux:${AMENT_PREFIX_PATH} CMAKE_PREFIX_PATH=/home/ri-one/ri_one_master_ws/install/kobuki_ros_interfaces:/home/ri-one/ri_one_master_ws/install/cmd_vel_mux:/opt/ros/humble LD_LIBRARY_PATH=/home/ri-one/ri_one_master_ws/install/kobuki_ros_interfaces/lib:/home/ri-one/ri_one_master_ws/install/cmd_vel_mux/lib:${LD_LIBRARY_PATH} PYTHONPATH=/home/ri-one/ri_one_master_ws/install/kobuki_ros_interfaces/local/lib/python3.10/dist-packages:${PYTHONPATH} /usr/bin/cmake --install /home/ri-one/ri_one_master_ws/build/kobuki_keyop
