[0.180s] Invoking command in '/home/ri-one/ri_one_master_ws/build/ecl_linear_algebra': AMENT_PREFIX_PATH=/home/ri-one/ri_one_master_ws/install/ecl_formatters:/home/ri-one/ri_one_master_ws/install/ecl_converters:/home/ri-one/ri_one_master_ws/install/ecl_math:/home/ri-one/ri_one_master_ws/install/ecl_exceptions:/home/ri-one/ri_one_master_ws/install/ecl_concepts:/home/ri-one/ri_one_master_ws/install/ecl_type_traits:/home/ri-one/ri_one_master_ws/install/ecl_errors:/home/ri-one/ri_one_master_ws/install/ecl_mpl:/home/ri-one/ri_one_master_ws/install/ecl_eigen:/home/ri-one/ri_one_master_ws/install/ecl_config:${AMENT_PREFIX_PATH} CMAKE_PREFIX_PATH=/home/ri-one/ri_one_master_ws/install/ecl_formatters:/home/ri-one/ri_one_master_ws/install/ecl_converters:/home/ri-one/ri_one_master_ws/install/ecl_math:/home/ri-one/ri_one_master_ws/install/ecl_exceptions:/home/ri-one/ri_one_master_ws/install/ecl_concepts:/home/ri-one/ri_one_master_ws/install/ecl_type_traits:/home/ri-one/ri_one_master_ws/install/ecl_errors:/home/ri-one/ri_one_master_ws/install/ecl_mpl:/home/ri-one/ri_one_master_ws/install/ecl_eigen:/home/ri-one/ri_one_master_ws/install/ecl_config:/opt/ros/humble LD_LIBRARY_PATH=/home/ri-one/ri_one_master_ws/install/ecl_formatters/lib:/home/ri-one/ri_one_master_ws/install/ecl_exceptions/lib:/home/ri-one/ri_one_master_ws/install/ecl_type_traits/lib:/home/ri-one/ri_one_master_ws/install/ecl_errors/lib:${LD_LIBRARY_PATH} PATH=/home/ri-one/ri_one_master_ws/install/ecl_type_traits/bin:/home/ri-one/ri_one_master_ws/install/ecl_config/bin:${PATH} /usr/bin/cmake --build /home/ri-one/ri_one_master_ws/build/ecl_linear_algebra -- -j4 -l4
[0.463s] [ 23%] Built target ecl_linear_algebra
[0.481s] [ 38%] Built target gtest_main
[0.483s] [ 53%] Built target gtest
[0.669s] [ 69%] Built target ecl_test_linear_algebra_plugin
[0.674s] [ 84%] Built target ecl_test_linear_algebra_formatters
[0.765s] [100%] Built target ecl_test_linear_algebra_interpolators
[0.803s] Invoked command in '/home/ri-one/ri_one_master_ws/build/ecl_linear_algebra' returned '0': AMENT_PREFIX_PATH=/home/ri-one/ri_one_master_ws/install/ecl_formatters:/home/ri-one/ri_one_master_ws/install/ecl_converters:/home/ri-one/ri_one_master_ws/install/ecl_math:/home/ri-one/ri_one_master_ws/install/ecl_exceptions:/home/ri-one/ri_one_master_ws/install/ecl_concepts:/home/ri-one/ri_one_master_ws/install/ecl_type_traits:/home/ri-one/ri_one_master_ws/install/ecl_errors:/home/ri-one/ri_one_master_ws/install/ecl_mpl:/home/ri-one/ri_one_master_ws/install/ecl_eigen:/home/ri-one/ri_one_master_ws/install/ecl_config:${AMENT_PREFIX_PATH} CMAKE_PREFIX_PATH=/home/ri-one/ri_one_master_ws/install/ecl_formatters:/home/ri-one/ri_one_master_ws/install/ecl_converters:/home/ri-one/ri_one_master_ws/install/ecl_math:/home/ri-one/ri_one_master_ws/install/ecl_exceptions:/home/ri-one/ri_one_master_ws/install/ecl_concepts:/home/ri-one/ri_one_master_ws/install/ecl_type_traits:/home/ri-one/ri_one_master_ws/install/ecl_errors:/home/ri-one/ri_one_master_ws/install/ecl_mpl:/home/ri-one/ri_one_master_ws/install/ecl_eigen:/home/ri-one/ri_one_master_ws/install/ecl_config:/opt/ros/humble LD_LIBRARY_PATH=/home/ri-one/ri_one_master_ws/install/ecl_formatters/lib:/home/ri-one/ri_one_master_ws/install/ecl_exceptions/lib:/home/ri-one/ri_one_master_ws/install/ecl_type_traits/lib:/home/ri-one/ri_one_master_ws/install/ecl_errors/lib:${LD_LIBRARY_PATH} PATH=/home/ri-one/ri_one_master_ws/install/ecl_type_traits/bin:/home/ri-one/ri_one_master_ws/install/ecl_config/bin:${PATH} /usr/bin/cmake --build /home/ri-one/ri_one_master_ws/build/ecl_linear_algebra -- -j4 -l4
[0.807s] Invoking command in '/home/ri-one/ri_one_master_ws/build/ecl_linear_algebra': AMENT_PREFIX_PATH=/home/ri-one/ri_one_master_ws/install/ecl_formatters:/home/ri-one/ri_one_master_ws/install/ecl_converters:/home/ri-one/ri_one_master_ws/install/ecl_math:/home/ri-one/ri_one_master_ws/install/ecl_exceptions:/home/ri-one/ri_one_master_ws/install/ecl_concepts:/home/ri-one/ri_one_master_ws/install/ecl_type_traits:/home/ri-one/ri_one_master_ws/install/ecl_errors:/home/ri-one/ri_one_master_ws/install/ecl_mpl:/home/ri-one/ri_one_master_ws/install/ecl_eigen:/home/ri-one/ri_one_master_ws/install/ecl_config:${AMENT_PREFIX_PATH} CMAKE_PREFIX_PATH=/home/ri-one/ri_one_master_ws/install/ecl_formatters:/home/ri-one/ri_one_master_ws/install/ecl_converters:/home/ri-one/ri_one_master_ws/install/ecl_math:/home/ri-one/ri_one_master_ws/install/ecl_exceptions:/home/ri-one/ri_one_master_ws/install/ecl_concepts:/home/ri-one/ri_one_master_ws/install/ecl_type_traits:/home/ri-one/ri_one_master_ws/install/ecl_errors:/home/ri-one/ri_one_master_ws/install/ecl_mpl:/home/ri-one/ri_one_master_ws/install/ecl_eigen:/home/ri-one/ri_one_master_ws/install/ecl_config:/opt/ros/humble LD_LIBRARY_PATH=/home/ri-one/ri_one_master_ws/install/ecl_formatters/lib:/home/ri-one/ri_one_master_ws/install/ecl_exceptions/lib:/home/ri-one/ri_one_master_ws/install/ecl_type_traits/lib:/home/ri-one/ri_one_master_ws/install/ecl_errors/lib:${LD_LIBRARY_PATH} PATH=/home/ri-one/ri_one_master_ws/install/ecl_type_traits/bin:/home/ri-one/ri_one_master_ws/install/ecl_config/bin:${PATH} /usr/bin/cmake --install /home/ri-one/ri_one_master_ws/build/ecl_linear_algebra
[0.821s] -- Install configuration: ""
[0.821s] -- Execute custom install script
[0.822s] -- Up-to-date symlink: /home/ri-one/ri_one_master_ws/install/ecl_linear_algebra/include/ecl/linear_algebra/eigen/unsupported/nonlinear_optimization.hpp
[0.823s] -- Up-to-date symlink: /home/ri-one/ri_one_master_ws/install/ecl_linear_algebra/include/ecl/linear_algebra/eigen/unsupported/numerical_diff.hpp
[0.824s] -- Up-to-date symlink: /home/ri-one/ri_one_master_ws/install/ecl_linear_algebra/include/ecl/linear_algebra/eigen/formatters.hpp
[0.824s] -- Up-to-date symlink: /home/ri-one/ri_one_master_ws/install/ecl_linear_algebra/include/ecl/linear_algebra/eigen/plugin.hpp
[0.825s] -- Up-to-date symlink: /home/ri-one/ri_one_master_ws/install/ecl_linear_algebra/include/ecl/linear_algebra/sophus/formatters.hpp
[0.825s] -- Up-to-date symlink: /home/ri-one/ri_one_master_ws/install/ecl_linear_algebra/include/ecl/linear_algebra/sophus/helpers.hpp
[0.826s] -- Up-to-date symlink: /home/ri-one/ri_one_master_ws/install/ecl_linear_algebra/include/ecl/linear_algebra/sophus/interpolators.hpp
[0.826s] -- Up-to-date symlink: /home/ri-one/ri_one_master_ws/install/ecl_linear_algebra/include/ecl/linear_algebra/eigen.hpp
[0.827s] -- Up-to-date symlink: /home/ri-one/ri_one_master_ws/install/ecl_linear_algebra/include/ecl/linear_algebra/sophus.hpp
[0.832s] -- Up-to-date symlink: /home/ri-one/ri_one_master_ws/install/ecl_linear_algebra/include/ecl/linear_algebra.hpp
[0.832s] -- Up-to-date symlink: /home/ri-one/ri_one_master_ws/install/ecl_linear_algebra/share/ecl_linear_algebra/environment/library_path.sh
[0.832s] -- Up-to-date symlink: /home/ri-one/ri_one_master_ws/install/ecl_linear_algebra/share/ecl_linear_algebra/environment/library_path.dsv
[0.832s] -- Up-to-date symlink: /home/ri-one/ri_one_master_ws/install/ecl_linear_algebra/share/ament_index/resource_index/package_run_dependencies/ecl_linear_algebra
[0.832s] -- Up-to-date symlink: /home/ri-one/ri_one_master_ws/install/ecl_linear_algebra/share/ament_index/resource_index/parent_prefix_path/ecl_linear_algebra
[0.833s] -- Up-to-date symlink: /home/ri-one/ri_one_master_ws/install/ecl_linear_algebra/share/ecl_linear_algebra/environment/ament_prefix_path.sh
[0.833s] -- Up-to-date symlink: /home/ri-one/ri_one_master_ws/install/ecl_linear_algebra/share/ecl_linear_algebra/environment/ament_prefix_path.dsv
[0.833s] -- Up-to-date symlink: /home/ri-one/ri_one_master_ws/install/ecl_linear_algebra/share/ecl_linear_algebra/environment/path.sh
[0.833s] -- Up-to-date symlink: /home/ri-one/ri_one_master_ws/install/ecl_linear_algebra/share/ecl_linear_algebra/environment/path.dsv
[0.833s] -- Up-to-date symlink: /home/ri-one/ri_one_master_ws/install/ecl_linear_algebra/share/ecl_linear_algebra/local_setup.bash
[0.833s] -- Up-to-date symlink: /home/ri-one/ri_one_master_ws/install/ecl_linear_algebra/share/ecl_linear_algebra/local_setup.sh
[0.834s] -- Up-to-date symlink: /home/ri-one/ri_one_master_ws/install/ecl_linear_algebra/share/ecl_linear_algebra/local_setup.zsh
[0.834s] -- Up-to-date symlink: /home/ri-one/ri_one_master_ws/install/ecl_linear_algebra/share/ecl_linear_algebra/local_setup.dsv
[0.834s] -- Symlinking: /home/ri-one/ri_one_master_ws/install/ecl_linear_algebra/share/ecl_linear_algebra/package.dsv
[0.856s] -- Up-to-date symlink: /home/ri-one/ri_one_master_ws/install/ecl_linear_algebra/share/ament_index/resource_index/packages/ecl_linear_algebra
[0.865s] -- Up-to-date symlink: /home/ri-one/ri_one_master_ws/install/ecl_linear_algebra/share/ecl_linear_algebra/cmake/ament_cmake_export_targets-extras.cmake
[0.866s] -- Up-to-date symlink: /home/ri-one/ri_one_master_ws/install/ecl_linear_algebra/share/ecl_linear_algebra/cmake/ament_cmake_export_include_directories-extras.cmake
[0.867s] -- Up-to-date symlink: /home/ri-one/ri_one_master_ws/install/ecl_linear_algebra/share/ecl_linear_algebra/cmake/ament_cmake_export_libraries-extras.cmake
[0.867s] -- Up-to-date symlink: /home/ri-one/ri_one_master_ws/install/ecl_linear_algebra/share/ecl_linear_algebra/cmake/ament_cmake_export_dependencies-extras.cmake
[0.868s] -- Up-to-date symlink: /home/ri-one/ri_one_master_ws/install/ecl_linear_algebra/share/ecl_linear_algebra/cmake/ecl_linear_algebraConfig.cmake
[0.868s] -- Up-to-date symlink: /home/ri-one/ri_one_master_ws/install/ecl_linear_algebra/share/ecl_linear_algebra/cmake/ecl_linear_algebraConfig-version.cmake
[0.868s] -- Up-to-date symlink: /home/ri-one/ri_one_master_ws/install/ecl_linear_algebra/share/ecl_linear_algebra/package.xml
[0.868s] -- Up-to-date: /home/ri-one/ri_one_master_ws/install/ecl_linear_algebra/share/ecl_linear_algebra/cmake/ecl_linear_algebraExport.cmake
[0.869s] -- Up-to-date: /home/ri-one/ri_one_master_ws/install/ecl_linear_algebra/share/ecl_linear_algebra/cmake/ecl_linear_algebraExport-noconfig.cmake
[0.869s] -- Up-to-date: /home/ri-one/ri_one_master_ws/install/ecl_linear_algebra/lib/libecl_linear_algebra.so.1.2.1
[0.869s] -- Up-to-date: /home/ri-one/ri_one_master_ws/install/ecl_linear_algebra/lib/libecl_linear_algebra.so
[0.897s] Invoked command in '/home/ri-one/ri_one_master_ws/build/ecl_linear_algebra' returned '0': AMENT_PREFIX_PATH=/home/ri-one/ri_one_master_ws/install/ecl_formatters:/home/ri-one/ri_one_master_ws/install/ecl_converters:/home/ri-one/ri_one_master_ws/install/ecl_math:/home/ri-one/ri_one_master_ws/install/ecl_exceptions:/home/ri-one/ri_one_master_ws/install/ecl_concepts:/home/ri-one/ri_one_master_ws/install/ecl_type_traits:/home/ri-one/ri_one_master_ws/install/ecl_errors:/home/ri-one/ri_one_master_ws/install/ecl_mpl:/home/ri-one/ri_one_master_ws/install/ecl_eigen:/home/ri-one/ri_one_master_ws/install/ecl_config:${AMENT_PREFIX_PATH} CMAKE_PREFIX_PATH=/home/ri-one/ri_one_master_ws/install/ecl_formatters:/home/ri-one/ri_one_master_ws/install/ecl_converters:/home/ri-one/ri_one_master_ws/install/ecl_math:/home/ri-one/ri_one_master_ws/install/ecl_exceptions:/home/ri-one/ri_one_master_ws/install/ecl_concepts:/home/ri-one/ri_one_master_ws/install/ecl_type_traits:/home/ri-one/ri_one_master_ws/install/ecl_errors:/home/ri-one/ri_one_master_ws/install/ecl_mpl:/home/ri-one/ri_one_master_ws/install/ecl_eigen:/home/ri-one/ri_one_master_ws/install/ecl_config:/opt/ros/humble LD_LIBRARY_PATH=/home/ri-one/ri_one_master_ws/install/ecl_formatters/lib:/home/ri-one/ri_one_master_ws/install/ecl_exceptions/lib:/home/ri-one/ri_one_master_ws/install/ecl_type_traits/lib:/home/ri-one/ri_one_master_ws/install/ecl_errors/lib:${LD_LIBRARY_PATH} PATH=/home/ri-one/ri_one_master_ws/install/ecl_type_traits/bin:/home/ri-one/ri_one_master_ws/install/ecl_config/bin:${PATH} /usr/bin/cmake --install /home/ri-one/ri_one_master_ws/build/ecl_linear_algebra
