[0.095s] Invoking command in '/home/ri-one/ri_one_master_ws/build/kobuki_description': CMAKE_PREFIX_PATH=${CMAKE_PREFIX_PATH}:/home/ri-one/ri_one_master_ws/install/realsense2_ros_mqtt_bridge:/home/ri-one/ri_one_master_ws/install/gesture_to_motion:/home/ri-one/ri_one_master_ws/install/gesture_detection:/opt/ros/humble /usr/bin/cmake --build /home/ri-one/ri_one_master_ws/build/kobuki_description -- -j4 -l4
[0.853s] Invoked command in '/home/ri-one/ri_one_master_ws/build/kobuki_description' returned '0': CMAKE_PREFIX_PATH=${CMAKE_PREFIX_PATH}:/home/ri-one/ri_one_master_ws/install/realsense2_ros_mqtt_bridge:/home/ri-one/ri_one_master_ws/install/gesture_to_motion:/home/ri-one/ri_one_master_ws/install/gesture_detection:/opt/ros/humble /usr/bin/cmake --build /home/ri-one/ri_one_master_ws/build/kobuki_description -- -j4 -l4
[0.857s] Invoking command in '/home/ri-one/ri_one_master_ws/build/kobuki_description': CMAKE_PREFIX_PATH=${CMAKE_PREFIX_PATH}:/home/ri-one/ri_one_master_ws/install/realsense2_ros_mqtt_bridge:/home/ri-one/ri_one_master_ws/install/gesture_to_motion:/home/ri-one/ri_one_master_ws/install/gesture_detection:/opt/ros/humble /usr/bin/cmake --install /home/ri-one/ri_one_master_ws/build/kobuki_description
[0.876s] -- Install configuration: ""
[0.876s] -- Execute custom install script
[0.876s] -- Up-to-date symlink: /home/ri-one/ri_one_master_ws/install/kobuki_description/share/kobuki_description/launch/robot_description.launch.py
[0.877s] -- Up-to-date symlink: /home/ri-one/ri_one_master_ws/install/kobuki_description/share/kobuki_description/meshes/images/main_body.jpg
[0.877s] -- Up-to-date symlink: /home/ri-one/ri_one_master_ws/install/kobuki_description/share/kobuki_description/meshes/images/wheel.jpg
[0.878s] -- Up-to-date symlink: /home/ri-one/ri_one_master_ws/install/kobuki_description/share/kobuki_description/meshes/main_body.dae
[0.878s] -- Up-to-date symlink: /home/ri-one/ri_one_master_ws/install/kobuki_description/share/kobuki_description/meshes/wheel.dae
[0.879s] -- Up-to-date symlink: /home/ri-one/ri_one_master_ws/install/kobuki_description/share/kobuki_description/rviz/model.rviz
[0.880s] -- Up-to-date symlink: /home/ri-one/ri_one_master_ws/install/kobuki_description/share/kobuki_description/urdf/common_properties.urdf.xacro
[0.882s] -- Up-to-date symlink: /home/ri-one/ri_one_master_ws/install/kobuki_description/share/kobuki_description/urdf/kobuki.urdf.xacro
[0.882s] -- Up-to-date symlink: /home/ri-one/ri_one_master_ws/install/kobuki_description/share/kobuki_description/urdf/kobuki_gazebo.urdf.xacro
[0.882s] -- Up-to-date symlink: /home/ri-one/ri_one_master_ws/install/kobuki_description/share/kobuki_description/urdf/kobuki_standalone.urdf.xacro
[0.882s] -- Up-to-date symlink: /home/ri-one/ri_one_master_ws/install/kobuki_description/share/ament_index/resource_index/package_run_dependencies/kobuki_description
[0.884s] -- Up-to-date symlink: /home/ri-one/ri_one_master_ws/install/kobuki_description/share/ament_index/resource_index/parent_prefix_path/kobuki_description
[0.885s] -- Up-to-date symlink: /home/ri-one/ri_one_master_ws/install/kobuki_description/share/kobuki_description/environment/ament_prefix_path.sh
[0.885s] -- Up-to-date symlink: /home/ri-one/ri_one_master_ws/install/kobuki_description/share/kobuki_description/environment/ament_prefix_path.dsv
[0.885s] -- Up-to-date symlink: /home/ri-one/ri_one_master_ws/install/kobuki_description/share/kobuki_description/environment/path.sh
[0.885s] -- Up-to-date symlink: /home/ri-one/ri_one_master_ws/install/kobuki_description/share/kobuki_description/environment/path.dsv
[0.889s] -- Up-to-date symlink: /home/ri-one/ri_one_master_ws/install/kobuki_description/share/kobuki_description/local_setup.bash
[0.889s] -- Up-to-date symlink: /home/ri-one/ri_one_master_ws/install/kobuki_description/share/kobuki_description/local_setup.sh
[0.890s] -- Up-to-date symlink: /home/ri-one/ri_one_master_ws/install/kobuki_description/share/kobuki_description/local_setup.zsh
[0.890s] -- Up-to-date symlink: /home/ri-one/ri_one_master_ws/install/kobuki_description/share/kobuki_description/local_setup.dsv
[0.890s] -- Symlinking: /home/ri-one/ri_one_master_ws/install/kobuki_description/share/kobuki_description/package.dsv
[0.911s] -- Up-to-date symlink: /home/ri-one/ri_one_master_ws/install/kobuki_description/share/ament_index/resource_index/packages/kobuki_description
[0.912s] -- Up-to-date symlink: /home/ri-one/ri_one_master_ws/install/kobuki_description/share/kobuki_description/cmake/kobuki_descriptionConfig.cmake
[0.912s] -- Up-to-date symlink: /home/ri-one/ri_one_master_ws/install/kobuki_description/share/kobuki_description/cmake/kobuki_descriptionConfig-version.cmake
[0.912s] -- Up-to-date symlink: /home/ri-one/ri_one_master_ws/install/kobuki_description/share/kobuki_description/package.xml
[0.924s] Invoked command in '/home/ri-one/ri_one_master_ws/build/kobuki_description' returned '0': CMAKE_PREFIX_PATH=${CMAKE_PREFIX_PATH}:/home/ri-one/ri_one_master_ws/install/realsense2_ros_mqtt_bridge:/home/ri-one/ri_one_master_ws/install/gesture_to_motion:/home/ri-one/ri_one_master_ws/install/gesture_detection:/opt/ros/humble /usr/bin/cmake --install /home/ri-one/ri_one_master_ws/build/kobuki_description
