[0.076s] Invoking command in '/home/ri-one/ri_one_master_ws/build/kobuki_ros_interfaces': CMAKE_PREFIX_PATH=${CMAKE_PREFIX_PATH}:/home/ri-one/ri_one_master_ws/install/ros2_tests:/home/ri-one/ri_one_master_ws/install/realsense_vision:/home/ri-one/ri_one_master_ws/install/realsense2_ros_mqtt_bridge:/home/ri-one/ri_one_master_ws/install/gesture_to_motion:/home/ri-one/ri_one_master_ws/install/gesture_detection:/opt/ros/humble /usr/bin/cmake --build /home/ri-one/ri_one_master_ws/build/kobuki_ros_interfaces -- -j4 -l4
[0.414s] [  0%] Built target kobuki_ros_interfaces__cpp
[0.456s] [ 12%] Built target kobuki_ros_interfaces__rosidl_generator_c
[0.456s] [ 12%] Built target ament_cmake_python_symlink_kobuki_ros_interfaces
[0.608s] [ 24%] Built target kobuki_ros_interfaces__rosidl_typesupport_cpp
[0.612s] [ 36%] Built target kobuki_ros_interfaces__rosidl_typesupport_fastrtps_cpp
[0.677s] [ 48%] Built target kobuki_ros_interfaces__rosidl_typesupport_introspection_cpp
[0.681s] [ 60%] Built target kobuki_ros_interfaces__rosidl_typesupport_fastrtps_c
[0.733s] [ 72%] Built target kobuki_ros_interfaces__rosidl_typesupport_c
[0.764s] [ 84%] Built target kobuki_ros_interfaces__rosidl_typesupport_introspection_c
[0.899s] [ 84%] Built target kobuki_ros_interfaces
[0.977s] [ 85%] Built target kobuki_ros_interfaces__py
[1.198s] [ 96%] Built target kobuki_ros_interfaces__rosidl_generator_py
[1.319s] [ 97%] Built target kobuki_ros_interfaces__rosidl_typesupport_fastrtps_c__pyext
[1.348s] [ 99%] Built target kobuki_ros_interfaces__rosidl_typesupport_introspection_c__pyext
[1.361s] [100%] Built target kobuki_ros_interfaces__rosidl_typesupport_c__pyext
[1.760s] running egg_info
[1.761s] writing kobuki_ros_interfaces.egg-info/PKG-INFO
[1.762s] writing dependency_links to kobuki_ros_interfaces.egg-info/dependency_links.txt
[1.764s] writing top-level names to kobuki_ros_interfaces.egg-info/top_level.txt
[1.768s] reading manifest file 'kobuki_ros_interfaces.egg-info/SOURCES.txt'
[1.773s] writing manifest file 'kobuki_ros_interfaces.egg-info/SOURCES.txt'
[1.875s] [100%] Built target ament_cmake_python_build_kobuki_ros_interfaces_egg
[1.992s] Invoked command in '/home/ri-one/ri_one_master_ws/build/kobuki_ros_interfaces' returned '0': CMAKE_PREFIX_PATH=${CMAKE_PREFIX_PATH}:/home/ri-one/ri_one_master_ws/install/ros2_tests:/home/ri-one/ri_one_master_ws/install/realsense_vision:/home/ri-one/ri_one_master_ws/install/realsense2_ros_mqtt_bridge:/home/ri-one/ri_one_master_ws/install/gesture_to_motion:/home/ri-one/ri_one_master_ws/install/gesture_detection:/opt/ros/humble /usr/bin/cmake --build /home/ri-one/ri_one_master_ws/build/kobuki_ros_interfaces -- -j4 -l4
[1.994s] Invoking command in '/home/ri-one/ri_one_master_ws/build/kobuki_ros_interfaces': CMAKE_PREFIX_PATH=${CMAKE_PREFIX_PATH}:/home/ri-one/ri_one_master_ws/install/ros2_tests:/home/ri-one/ri_one_master_ws/install/realsense_vision:/home/ri-one/ri_one_master_ws/install/realsense2_ros_mqtt_bridge:/home/ri-one/ri_one_master_ws/install/gesture_to_motion:/home/ri-one/ri_one_master_ws/install/gesture_detection:/opt/ros/humble /usr/bin/cmake --install /home/ri-one/ri_one_master_ws/build/kobuki_ros_interfaces
[2.018s] -- Install configuration: ""
[2.018s] -- Execute custom install script
[2.018s] -- Up-to-date symlink: /home/ri-one/ri_one_master_ws/install/kobuki_ros_interfaces/share/ament_index/resource_index/rosidl_interfaces/kobuki_ros_interfaces
[2.022s] -- Up-to-date symlink: /home/ri-one/ri_one_master_ws/install/kobuki_ros_interfaces/include/kobuki_ros_interfaces/kobuki_ros_interfaces/action/auto_docking.h
[2.023s] -- Up-to-date symlink: /home/ri-one/ri_one_master_ws/install/kobuki_ros_interfaces/include/kobuki_ros_interfaces/kobuki_ros_interfaces/action/detail/auto_docking__functions.h
[2.023s] -- Up-to-date symlink: /home/ri-one/ri_one_master_ws/install/kobuki_ros_interfaces/include/kobuki_ros_interfaces/kobuki_ros_interfaces/action/detail/auto_docking__struct.h
[2.027s] -- Up-to-date symlink: /home/ri-one/ri_one_master_ws/install/kobuki_ros_interfaces/include/kobuki_ros_interfaces/kobuki_ros_interfaces/action/detail/auto_docking__type_support.h
[2.028s] -- Up-to-date symlink: /home/ri-one/ri_one_master_ws/install/kobuki_ros_interfaces/include/kobuki_ros_interfaces/kobuki_ros_interfaces/msg/bumper_event.h
[2.028s] -- Up-to-date symlink: /home/ri-one/ri_one_master_ws/install/kobuki_ros_interfaces/include/kobuki_ros_interfaces/kobuki_ros_interfaces/msg/button_event.h
[2.029s] -- Up-to-date symlink: /home/ri-one/ri_one_master_ws/install/kobuki_ros_interfaces/include/kobuki_ros_interfaces/kobuki_ros_interfaces/msg/cliff_event.h
[2.029s] -- Up-to-date symlink: /home/ri-one/ri_one_master_ws/install/kobuki_ros_interfaces/include/kobuki_ros_interfaces/kobuki_ros_interfaces/msg/controller_info.h
[2.030s] -- Up-to-date symlink: /home/ri-one/ri_one_master_ws/install/kobuki_ros_interfaces/include/kobuki_ros_interfaces/kobuki_ros_interfaces/msg/detail/bumper_event__functions.h
[2.031s] -- Up-to-date symlink: /home/ri-one/ri_one_master_ws/install/kobuki_ros_interfaces/include/kobuki_ros_interfaces/kobuki_ros_interfaces/msg/detail/bumper_event__struct.h
[2.031s] -- Up-to-date symlink: /home/ri-one/ri_one_master_ws/install/kobuki_ros_interfaces/include/kobuki_ros_interfaces/kobuki_ros_interfaces/msg/detail/bumper_event__type_support.h
[2.031s] -- Up-to-date symlink: /home/ri-one/ri_one_master_ws/install/kobuki_ros_interfaces/include/kobuki_ros_interfaces/kobuki_ros_interfaces/msg/detail/button_event__functions.h
[2.032s] -- Up-to-date symlink: /home/ri-one/ri_one_master_ws/install/kobuki_ros_interfaces/include/kobuki_ros_interfaces/kobuki_ros_interfaces/msg/detail/button_event__struct.h
[2.033s] -- Up-to-date symlink: /home/ri-one/ri_one_master_ws/install/kobuki_ros_interfaces/include/kobuki_ros_interfaces/kobuki_ros_interfaces/msg/detail/button_event__type_support.h
[2.033s] -- Up-to-date symlink: /home/ri-one/ri_one_master_ws/install/kobuki_ros_interfaces/include/kobuki_ros_interfaces/kobuki_ros_interfaces/msg/detail/cliff_event__functions.h
[2.034s] -- Up-to-date symlink: /home/ri-one/ri_one_master_ws/install/kobuki_ros_interfaces/include/kobuki_ros_interfaces/kobuki_ros_interfaces/msg/detail/cliff_event__struct.h
[2.035s] -- Up-to-date symlink: /home/ri-one/ri_one_master_ws/install/kobuki_ros_interfaces/include/kobuki_ros_interfaces/kobuki_ros_interfaces/msg/detail/cliff_event__type_support.h
[2.035s] -- Up-to-date symlink: /home/ri-one/ri_one_master_ws/install/kobuki_ros_interfaces/include/kobuki_ros_interfaces/kobuki_ros_interfaces/msg/detail/controller_info__functions.h
[2.036s] -- Up-to-date symlink: /home/ri-one/ri_one_master_ws/install/kobuki_ros_interfaces/include/kobuki_ros_interfaces/kobuki_ros_interfaces/msg/detail/controller_info__struct.h
[2.037s] -- Up-to-date symlink: /home/ri-one/ri_one_master_ws/install/kobuki_ros_interfaces/include/kobuki_ros_interfaces/kobuki_ros_interfaces/msg/detail/controller_info__type_support.h
[2.038s] -- Up-to-date symlink: /home/ri-one/ri_one_master_ws/install/kobuki_ros_interfaces/include/kobuki_ros_interfaces/kobuki_ros_interfaces/msg/detail/digital_input_event__functions.h
[2.038s] -- Up-to-date symlink: /home/ri-one/ri_one_master_ws/install/kobuki_ros_interfaces/include/kobuki_ros_interfaces/kobuki_ros_interfaces/msg/detail/digital_input_event__struct.h
[2.038s] -- Up-to-date symlink: /home/ri-one/ri_one_master_ws/install/kobuki_ros_interfaces/include/kobuki_ros_interfaces/kobuki_ros_interfaces/msg/detail/digital_input_event__type_support.h
[2.038s] -- Up-to-date symlink: /home/ri-one/ri_one_master_ws/install/kobuki_ros_interfaces/include/kobuki_ros_interfaces/kobuki_ros_interfaces/msg/detail/digital_output__functions.h
[2.038s] -- Up-to-date symlink: /home/ri-one/ri_one_master_ws/install/kobuki_ros_interfaces/include/kobuki_ros_interfaces/kobuki_ros_interfaces/msg/detail/digital_output__struct.h
[2.038s] -- Up-to-date symlink: /home/ri-one/ri_one_master_ws/install/kobuki_ros_interfaces/include/kobuki_ros_interfaces/kobuki_ros_interfaces/msg/detail/digital_output__type_support.h
[2.039s] -- Up-to-date symlink: /home/ri-one/ri_one_master_ws/install/kobuki_ros_interfaces/include/kobuki_ros_interfaces/kobuki_ros_interfaces/msg/detail/dock_infra_red__functions.h
[2.039s] -- Up-to-date symlink: /home/ri-one/ri_one_master_ws/install/kobuki_ros_interfaces/include/kobuki_ros_interfaces/kobuki_ros_interfaces/msg/detail/dock_infra_red__struct.h
[2.039s] -- Up-to-date symlink: /home/ri-one/ri_one_master_ws/install/kobuki_ros_interfaces/include/kobuki_ros_interfaces/kobuki_ros_interfaces/msg/detail/dock_infra_red__type_support.h
[2.042s] -- Up-to-date symlink: /home/ri-one/ri_one_master_ws/install/kobuki_ros_interfaces/include/kobuki_ros_interfaces/kobuki_ros_interfaces/msg/detail/external_power__functions.h
[2.043s] -- Up-to-date symlink: /home/ri-one/ri_one_master_ws/install/kobuki_ros_interfaces/include/kobuki_ros_interfaces/kobuki_ros_interfaces/msg/detail/external_power__struct.h
[2.046s] -- Up-to-date symlink: /home/ri-one/ri_one_master_ws/install/kobuki_ros_interfaces/include/kobuki_ros_interfaces/kobuki_ros_interfaces/msg/detail/external_power__type_support.h
[2.046s] -- Up-to-date symlink: /home/ri-one/ri_one_master_ws/install/kobuki_ros_interfaces/include/kobuki_ros_interfaces/kobuki_ros_interfaces/msg/detail/keyboard_input__functions.h
[2.047s] -- Up-to-date symlink: /home/ri-one/ri_one_master_ws/install/kobuki_ros_interfaces/include/kobuki_ros_interfaces/kobuki_ros_interfaces/msg/detail/keyboard_input__struct.h
[2.050s] -- Up-to-date symlink: /home/ri-one/ri_one_master_ws/install/kobuki_ros_interfaces/include/kobuki_ros_interfaces/kobuki_ros_interfaces/msg/detail/keyboard_input__type_support.h
[2.050s] -- Up-to-date symlink: /home/ri-one/ri_one_master_ws/install/kobuki_ros_interfaces/include/kobuki_ros_interfaces/kobuki_ros_interfaces/msg/detail/led__functions.h
[2.053s] -- Up-to-date symlink: /home/ri-one/ri_one_master_ws/install/kobuki_ros_interfaces/include/kobuki_ros_interfaces/kobuki_ros_interfaces/msg/detail/led__struct.h
[2.053s] -- Up-to-date symlink: /home/ri-one/ri_one_master_ws/install/kobuki_ros_interfaces/include/kobuki_ros_interfaces/kobuki_ros_interfaces/msg/detail/led__type_support.h
[2.054s] -- Up-to-date symlink: /home/ri-one/ri_one_master_ws/install/kobuki_ros_interfaces/include/kobuki_ros_interfaces/kobuki_ros_interfaces/msg/detail/motor_power__functions.h
[2.054s] -- Up-to-date symlink: /home/ri-one/ri_one_master_ws/install/kobuki_ros_interfaces/include/kobuki_ros_interfaces/kobuki_ros_interfaces/msg/detail/motor_power__struct.h
[2.056s] -- Up-to-date symlink: /home/ri-one/ri_one_master_ws/install/kobuki_ros_interfaces/include/kobuki_ros_interfaces/kobuki_ros_interfaces/msg/detail/motor_power__type_support.h
[2.056s] -- Up-to-date symlink: /home/ri-one/ri_one_master_ws/install/kobuki_ros_interfaces/include/kobuki_ros_interfaces/kobuki_ros_interfaces/msg/detail/power_system_event__functions.h
[2.057s] -- Up-to-date symlink: /home/ri-one/ri_one_master_ws/install/kobuki_ros_interfaces/include/kobuki_ros_interfaces/kobuki_ros_interfaces/msg/detail/power_system_event__struct.h
[2.058s] -- Up-to-date symlink: /home/ri-one/ri_one_master_ws/install/kobuki_ros_interfaces/include/kobuki_ros_interfaces/kobuki_ros_interfaces/msg/detail/power_system_event__type_support.h
[2.059s] -- Up-to-date symlink: /home/ri-one/ri_one_master_ws/install/kobuki_ros_interfaces/include/kobuki_ros_interfaces/kobuki_ros_interfaces/msg/detail/robot_state_event__functions.h
[2.062s] -- Up-to-date symlink: /home/ri-one/ri_one_master_ws/install/kobuki_ros_interfaces/include/kobuki_ros_interfaces/kobuki_ros_interfaces/msg/detail/robot_state_event__struct.h
[2.063s] -- Up-to-date symlink: /home/ri-one/ri_one_master_ws/install/kobuki_ros_interfaces/include/kobuki_ros_interfaces/kobuki_ros_interfaces/msg/detail/robot_state_event__type_support.h
[2.064s] -- Up-to-date symlink: /home/ri-one/ri_one_master_ws/install/kobuki_ros_interfaces/include/kobuki_ros_interfaces/kobuki_ros_interfaces/msg/detail/scan_angle__functions.h
[2.064s] -- Up-to-date symlink: /home/ri-one/ri_one_master_ws/install/kobuki_ros_interfaces/include/kobuki_ros_interfaces/kobuki_ros_interfaces/msg/detail/scan_angle__struct.h
[2.065s] -- Up-to-date symlink: /home/ri-one/ri_one_master_ws/install/kobuki_ros_interfaces/include/kobuki_ros_interfaces/kobuki_ros_interfaces/msg/detail/scan_angle__type_support.h
[2.065s] -- Up-to-date symlink: /home/ri-one/ri_one_master_ws/install/kobuki_ros_interfaces/include/kobuki_ros_interfaces/kobuki_ros_interfaces/msg/detail/sensor_state__functions.h
[2.066s] -- Up-to-date symlink: /home/ri-one/ri_one_master_ws/install/kobuki_ros_interfaces/include/kobuki_ros_interfaces/kobuki_ros_interfaces/msg/detail/sensor_state__struct.h
[2.066s] -- Up-to-date symlink: /home/ri-one/ri_one_master_ws/install/kobuki_ros_interfaces/include/kobuki_ros_interfaces/kobuki_ros_interfaces/msg/detail/sensor_state__type_support.h
[2.067s] -- Up-to-date symlink: /home/ri-one/ri_one_master_ws/install/kobuki_ros_interfaces/include/kobuki_ros_interfaces/kobuki_ros_interfaces/msg/detail/sound__functions.h
[2.067s] -- Up-to-date symlink: /home/ri-one/ri_one_master_ws/install/kobuki_ros_interfaces/include/kobuki_ros_interfaces/kobuki_ros_interfaces/msg/detail/sound__struct.h
[2.068s] -- Up-to-date symlink: /home/ri-one/ri_one_master_ws/install/kobuki_ros_interfaces/include/kobuki_ros_interfaces/kobuki_ros_interfaces/msg/detail/sound__type_support.h
[2.068s] -- Up-to-date symlink: /home/ri-one/ri_one_master_ws/install/kobuki_ros_interfaces/include/kobuki_ros_interfaces/kobuki_ros_interfaces/msg/detail/version_info__functions.h
[2.068s] -- Up-to-date symlink: /home/ri-one/ri_one_master_ws/install/kobuki_ros_interfaces/include/kobuki_ros_interfaces/kobuki_ros_interfaces/msg/detail/version_info__struct.h
[2.068s] -- Up-to-date symlink: /home/ri-one/ri_one_master_ws/install/kobuki_ros_interfaces/include/kobuki_ros_interfaces/kobuki_ros_interfaces/msg/detail/version_info__type_support.h
[2.071s] -- Up-to-date symlink: /home/ri-one/ri_one_master_ws/install/kobuki_ros_interfaces/include/kobuki_ros_interfaces/kobuki_ros_interfaces/msg/detail/wheel_drop_event__functions.h
[2.072s] -- Up-to-date symlink: /home/ri-one/ri_one_master_ws/install/kobuki_ros_interfaces/include/kobuki_ros_interfaces/kobuki_ros_interfaces/msg/detail/wheel_drop_event__struct.h
[2.072s] -- Up-to-date symlink: /home/ri-one/ri_one_master_ws/install/kobuki_ros_interfaces/include/kobuki_ros_interfaces/kobuki_ros_interfaces/msg/detail/wheel_drop_event__type_support.h
[2.072s] -- Up-to-date symlink: /home/ri-one/ri_one_master_ws/install/kobuki_ros_interfaces/include/kobuki_ros_interfaces/kobuki_ros_interfaces/msg/digital_input_event.h
[2.073s] -- Up-to-date symlink: /home/ri-one/ri_one_master_ws/install/kobuki_ros_interfaces/include/kobuki_ros_interfaces/kobuki_ros_interfaces/msg/digital_output.h
[2.073s] -- Up-to-date symlink: /home/ri-one/ri_one_master_ws/install/kobuki_ros_interfaces/include/kobuki_ros_interfaces/kobuki_ros_interfaces/msg/dock_infra_red.h
[2.074s] -- Up-to-date symlink: /home/ri-one/ri_one_master_ws/install/kobuki_ros_interfaces/include/kobuki_ros_interfaces/kobuki_ros_interfaces/msg/external_power.h
[2.074s] -- Up-to-date symlink: /home/ri-one/ri_one_master_ws/install/kobuki_ros_interfaces/include/kobuki_ros_interfaces/kobuki_ros_interfaces/msg/keyboard_input.h
[2.074s] -- Up-to-date symlink: /home/ri-one/ri_one_master_ws/install/kobuki_ros_interfaces/include/kobuki_ros_interfaces/kobuki_ros_interfaces/msg/led.h
[2.074s] -- Up-to-date symlink: /home/ri-one/ri_one_master_ws/install/kobuki_ros_interfaces/include/kobuki_ros_interfaces/kobuki_ros_interfaces/msg/motor_power.h
[2.074s] -- Up-to-date symlink: /home/ri-one/ri_one_master_ws/install/kobuki_ros_interfaces/include/kobuki_ros_interfaces/kobuki_ros_interfaces/msg/power_system_event.h
[2.074s] -- Up-to-date symlink: /home/ri-one/ri_one_master_ws/install/kobuki_ros_interfaces/include/kobuki_ros_interfaces/kobuki_ros_interfaces/msg/robot_state_event.h
[2.074s] -- Up-to-date symlink: /home/ri-one/ri_one_master_ws/install/kobuki_ros_interfaces/include/kobuki_ros_interfaces/kobuki_ros_interfaces/msg/rosidl_generator_c__visibility_control.h
[2.075s] -- Up-to-date symlink: /home/ri-one/ri_one_master_ws/install/kobuki_ros_interfaces/include/kobuki_ros_interfaces/kobuki_ros_interfaces/msg/scan_angle.h
[2.075s] -- Up-to-date symlink: /home/ri-one/ri_one_master_ws/install/kobuki_ros_interfaces/include/kobuki_ros_interfaces/kobuki_ros_interfaces/msg/sensor_state.h
[2.075s] -- Up-to-date symlink: /home/ri-one/ri_one_master_ws/install/kobuki_ros_interfaces/include/kobuki_ros_interfaces/kobuki_ros_interfaces/msg/sound.h
[2.075s] -- Up-to-date symlink: /home/ri-one/ri_one_master_ws/install/kobuki_ros_interfaces/include/kobuki_ros_interfaces/kobuki_ros_interfaces/msg/version_info.h
[2.078s] -- Up-to-date symlink: /home/ri-one/ri_one_master_ws/install/kobuki_ros_interfaces/include/kobuki_ros_interfaces/kobuki_ros_interfaces/msg/wheel_drop_event.h
[2.078s] -- Up-to-date symlink: /home/ri-one/ri_one_master_ws/install/kobuki_ros_interfaces/share/kobuki_ros_interfaces/environment/library_path.sh
[2.078s] -- Up-to-date symlink: /home/ri-one/ri_one_master_ws/install/kobuki_ros_interfaces/share/kobuki_ros_interfaces/environment/library_path.dsv
[2.079s] -- Up-to-date symlink: /home/ri-one/ri_one_master_ws/install/kobuki_ros_interfaces/include/kobuki_ros_interfaces/kobuki_ros_interfaces/action/detail/auto_docking__rosidl_typesupport_fastrtps_c.h
[2.079s] -- Up-to-date symlink: /home/ri-one/ri_one_master_ws/install/kobuki_ros_interfaces/include/kobuki_ros_interfaces/kobuki_ros_interfaces/msg/detail/bumper_event__rosidl_typesupport_fastrtps_c.h
[2.079s] -- Up-to-date symlink: /home/ri-one/ri_one_master_ws/install/kobuki_ros_interfaces/include/kobuki_ros_interfaces/kobuki_ros_interfaces/msg/detail/button_event__rosidl_typesupport_fastrtps_c.h
[2.080s] -- Up-to-date symlink: /home/ri-one/ri_one_master_ws/install/kobuki_ros_interfaces/include/kobuki_ros_interfaces/kobuki_ros_interfaces/msg/detail/cliff_event__rosidl_typesupport_fastrtps_c.h
[2.080s] -- Up-to-date symlink: /home/ri-one/ri_one_master_ws/install/kobuki_ros_interfaces/include/kobuki_ros_interfaces/kobuki_ros_interfaces/msg/detail/controller_info__rosidl_typesupport_fastrtps_c.h
[2.080s] -- Up-to-date symlink: /home/ri-one/ri_one_master_ws/install/kobuki_ros_interfaces/include/kobuki_ros_interfaces/kobuki_ros_interfaces/msg/detail/digital_input_event__rosidl_typesupport_fastrtps_c.h
[2.080s] -- Up-to-date symlink: /home/ri-one/ri_one_master_ws/install/kobuki_ros_interfaces/include/kobuki_ros_interfaces/kobuki_ros_interfaces/msg/detail/digital_output__rosidl_typesupport_fastrtps_c.h
[2.081s] -- Up-to-date symlink: /home/ri-one/ri_one_master_ws/install/kobuki_ros_interfaces/include/kobuki_ros_interfaces/kobuki_ros_interfaces/msg/detail/dock_infra_red__rosidl_typesupport_fastrtps_c.h
[2.081s] -- Up-to-date symlink: /home/ri-one/ri_one_master_ws/install/kobuki_ros_interfaces/include/kobuki_ros_interfaces/kobuki_ros_interfaces/msg/detail/external_power__rosidl_typesupport_fastrtps_c.h
[2.081s] -- Up-to-date symlink: /home/ri-one/ri_one_master_ws/install/kobuki_ros_interfaces/include/kobuki_ros_interfaces/kobuki_ros_interfaces/msg/detail/keyboard_input__rosidl_typesupport_fastrtps_c.h
[2.083s] -- Up-to-date symlink: /home/ri-one/ri_one_master_ws/install/kobuki_ros_interfaces/include/kobuki_ros_interfaces/kobuki_ros_interfaces/msg/detail/led__rosidl_typesupport_fastrtps_c.h
[2.084s] -- Up-to-date symlink: /home/ri-one/ri_one_master_ws/install/kobuki_ros_interfaces/include/kobuki_ros_interfaces/kobuki_ros_interfaces/msg/detail/motor_power__rosidl_typesupport_fastrtps_c.h
[2.084s] -- Up-to-date symlink: /home/ri-one/ri_one_master_ws/install/kobuki_ros_interfaces/include/kobuki_ros_interfaces/kobuki_ros_interfaces/msg/detail/power_system_event__rosidl_typesupport_fastrtps_c.h
[2.084s] -- Up-to-date symlink: /home/ri-one/ri_one_master_ws/install/kobuki_ros_interfaces/include/kobuki_ros_interfaces/kobuki_ros_interfaces/msg/detail/robot_state_event__rosidl_typesupport_fastrtps_c.h
[2.084s] -- Up-to-date symlink: /home/ri-one/ri_one_master_ws/install/kobuki_ros_interfaces/include/kobuki_ros_interfaces/kobuki_ros_interfaces/msg/detail/scan_angle__rosidl_typesupport_fastrtps_c.h
[2.084s] -- Up-to-date symlink: /home/ri-one/ri_one_master_ws/install/kobuki_ros_interfaces/include/kobuki_ros_interfaces/kobuki_ros_interfaces/msg/detail/sensor_state__rosidl_typesupport_fastrtps_c.h
[2.085s] -- Up-to-date symlink: /home/ri-one/ri_one_master_ws/install/kobuki_ros_interfaces/include/kobuki_ros_interfaces/kobuki_ros_interfaces/msg/detail/sound__rosidl_typesupport_fastrtps_c.h
[2.085s] -- Up-to-date symlink: /home/ri-one/ri_one_master_ws/install/kobuki_ros_interfaces/include/kobuki_ros_interfaces/kobuki_ros_interfaces/msg/detail/version_info__rosidl_typesupport_fastrtps_c.h
[2.085s] -- Up-to-date symlink: /home/ri-one/ri_one_master_ws/install/kobuki_ros_interfaces/include/kobuki_ros_interfaces/kobuki_ros_interfaces/msg/detail/wheel_drop_event__rosidl_typesupport_fastrtps_c.h
[2.086s] -- Up-to-date symlink: /home/ri-one/ri_one_master_ws/install/kobuki_ros_interfaces/include/kobuki_ros_interfaces/kobuki_ros_interfaces/msg/rosidl_typesupport_fastrtps_c__visibility_control.h
[2.086s] -- Up-to-date symlink: /home/ri-one/ri_one_master_ws/install/kobuki_ros_interfaces/include/kobuki_ros_interfaces/kobuki_ros_interfaces/action/auto_docking.hpp
[2.086s] -- Up-to-date symlink: /home/ri-one/ri_one_master_ws/install/kobuki_ros_interfaces/include/kobuki_ros_interfaces/kobuki_ros_interfaces/action/detail/auto_docking__builder.hpp
[2.086s] -- Up-to-date symlink: /home/ri-one/ri_one_master_ws/install/kobuki_ros_interfaces/include/kobuki_ros_interfaces/kobuki_ros_interfaces/action/detail/auto_docking__struct.hpp
[2.087s] -- Up-to-date symlink: /home/ri-one/ri_one_master_ws/install/kobuki_ros_interfaces/include/kobuki_ros_interfaces/kobuki_ros_interfaces/action/detail/auto_docking__traits.hpp
[2.087s] -- Up-to-date symlink: /home/ri-one/ri_one_master_ws/install/kobuki_ros_interfaces/include/kobuki_ros_interfaces/kobuki_ros_interfaces/action/detail/auto_docking__type_support.hpp
[2.087s] -- Up-to-date symlink: /home/ri-one/ri_one_master_ws/install/kobuki_ros_interfaces/include/kobuki_ros_interfaces/kobuki_ros_interfaces/msg/bumper_event.hpp
[2.087s] -- Up-to-date symlink: /home/ri-one/ri_one_master_ws/install/kobuki_ros_interfaces/include/kobuki_ros_interfaces/kobuki_ros_interfaces/msg/button_event.hpp
[2.089s] -- Up-to-date symlink: /home/ri-one/ri_one_master_ws/install/kobuki_ros_interfaces/include/kobuki_ros_interfaces/kobuki_ros_interfaces/msg/cliff_event.hpp
[2.089s] -- Up-to-date symlink: /home/ri-one/ri_one_master_ws/install/kobuki_ros_interfaces/include/kobuki_ros_interfaces/kobuki_ros_interfaces/msg/controller_info.hpp
[2.090s] -- Up-to-date symlink: /home/ri-one/ri_one_master_ws/install/kobuki_ros_interfaces/include/kobuki_ros_interfaces/kobuki_ros_interfaces/msg/detail/bumper_event__builder.hpp
[2.091s] -- Up-to-date symlink: /home/ri-one/ri_one_master_ws/install/kobuki_ros_interfaces/include/kobuki_ros_interfaces/kobuki_ros_interfaces/msg/detail/bumper_event__struct.hpp
[2.091s] -- Up-to-date symlink: /home/ri-one/ri_one_master_ws/install/kobuki_ros_interfaces/include/kobuki_ros_interfaces/kobuki_ros_interfaces/msg/detail/bumper_event__traits.hpp
[2.092s] -- Up-to-date symlink: /home/ri-one/ri_one_master_ws/install/kobuki_ros_interfaces/include/kobuki_ros_interfaces/kobuki_ros_interfaces/msg/detail/bumper_event__type_support.hpp
[2.092s] -- Up-to-date symlink: /home/ri-one/ri_one_master_ws/install/kobuki_ros_interfaces/include/kobuki_ros_interfaces/kobuki_ros_interfaces/msg/detail/button_event__builder.hpp
[2.092s] -- Up-to-date symlink: /home/ri-one/ri_one_master_ws/install/kobuki_ros_interfaces/include/kobuki_ros_interfaces/kobuki_ros_interfaces/msg/detail/button_event__struct.hpp
[2.092s] -- Up-to-date symlink: /home/ri-one/ri_one_master_ws/install/kobuki_ros_interfaces/include/kobuki_ros_interfaces/kobuki_ros_interfaces/msg/detail/button_event__traits.hpp
[2.093s] -- Up-to-date symlink: /home/ri-one/ri_one_master_ws/install/kobuki_ros_interfaces/include/kobuki_ros_interfaces/kobuki_ros_interfaces/msg/detail/button_event__type_support.hpp
[2.093s] -- Up-to-date symlink: /home/ri-one/ri_one_master_ws/install/kobuki_ros_interfaces/include/kobuki_ros_interfaces/kobuki_ros_interfaces/msg/detail/cliff_event__builder.hpp
[2.094s] -- Up-to-date symlink: /home/ri-one/ri_one_master_ws/install/kobuki_ros_interfaces/include/kobuki_ros_interfaces/kobuki_ros_interfaces/msg/detail/cliff_event__struct.hpp
[2.094s] -- Up-to-date symlink: /home/ri-one/ri_one_master_ws/install/kobuki_ros_interfaces/include/kobuki_ros_interfaces/kobuki_ros_interfaces/msg/detail/cliff_event__traits.hpp
[2.095s] -- Up-to-date symlink: /home/ri-one/ri_one_master_ws/install/kobuki_ros_interfaces/include/kobuki_ros_interfaces/kobuki_ros_interfaces/msg/detail/cliff_event__type_support.hpp
[2.095s] -- Up-to-date symlink: /home/ri-one/ri_one_master_ws/install/kobuki_ros_interfaces/include/kobuki_ros_interfaces/kobuki_ros_interfaces/msg/detail/controller_info__builder.hpp
[2.095s] -- Up-to-date symlink: /home/ri-one/ri_one_master_ws/install/kobuki_ros_interfaces/include/kobuki_ros_interfaces/kobuki_ros_interfaces/msg/detail/controller_info__struct.hpp
[2.095s] -- Up-to-date symlink: /home/ri-one/ri_one_master_ws/install/kobuki_ros_interfaces/include/kobuki_ros_interfaces/kobuki_ros_interfaces/msg/detail/controller_info__traits.hpp
[2.096s] -- Up-to-date symlink: /home/ri-one/ri_one_master_ws/install/kobuki_ros_interfaces/include/kobuki_ros_interfaces/kobuki_ros_interfaces/msg/detail/controller_info__type_support.hpp
[2.096s] -- Up-to-date symlink: /home/ri-one/ri_one_master_ws/install/kobuki_ros_interfaces/include/kobuki_ros_interfaces/kobuki_ros_interfaces/msg/detail/digital_input_event__builder.hpp
[2.096s] -- Up-to-date symlink: /home/ri-one/ri_one_master_ws/install/kobuki_ros_interfaces/include/kobuki_ros_interfaces/kobuki_ros_interfaces/msg/detail/digital_input_event__struct.hpp
[2.096s] -- Up-to-date symlink: /home/ri-one/ri_one_master_ws/install/kobuki_ros_interfaces/include/kobuki_ros_interfaces/kobuki_ros_interfaces/msg/detail/digital_input_event__traits.hpp
[2.096s] -- Up-to-date symlink: /home/ri-one/ri_one_master_ws/install/kobuki_ros_interfaces/include/kobuki_ros_interfaces/kobuki_ros_interfaces/msg/detail/digital_input_event__type_support.hpp
[2.096s] -- Up-to-date symlink: /home/ri-one/ri_one_master_ws/install/kobuki_ros_interfaces/include/kobuki_ros_interfaces/kobuki_ros_interfaces/msg/detail/digital_output__builder.hpp
[2.097s] -- Up-to-date symlink: /home/ri-one/ri_one_master_ws/install/kobuki_ros_interfaces/include/kobuki_ros_interfaces/kobuki_ros_interfaces/msg/detail/digital_output__struct.hpp
[2.097s] -- Up-to-date symlink: /home/ri-one/ri_one_master_ws/install/kobuki_ros_interfaces/include/kobuki_ros_interfaces/kobuki_ros_interfaces/msg/detail/digital_output__traits.hpp
[2.097s] -- Up-to-date symlink: /home/ri-one/ri_one_master_ws/install/kobuki_ros_interfaces/include/kobuki_ros_interfaces/kobuki_ros_interfaces/msg/detail/digital_output__type_support.hpp
[2.097s] -- Up-to-date symlink: /home/ri-one/ri_one_master_ws/install/kobuki_ros_interfaces/include/kobuki_ros_interfaces/kobuki_ros_interfaces/msg/detail/dock_infra_red__builder.hpp
[2.099s] -- Up-to-date symlink: /home/ri-one/ri_one_master_ws/install/kobuki_ros_interfaces/include/kobuki_ros_interfaces/kobuki_ros_interfaces/msg/detail/dock_infra_red__struct.hpp
[2.100s] -- Up-to-date symlink: /home/ri-one/ri_one_master_ws/install/kobuki_ros_interfaces/include/kobuki_ros_interfaces/kobuki_ros_interfaces/msg/detail/dock_infra_red__traits.hpp
[2.101s] -- Up-to-date symlink: /home/ri-one/ri_one_master_ws/install/kobuki_ros_interfaces/include/kobuki_ros_interfaces/kobuki_ros_interfaces/msg/detail/dock_infra_red__type_support.hpp
[2.101s] -- Up-to-date symlink: /home/ri-one/ri_one_master_ws/install/kobuki_ros_interfaces/include/kobuki_ros_interfaces/kobuki_ros_interfaces/msg/detail/external_power__builder.hpp
[2.101s] -- Up-to-date symlink: /home/ri-one/ri_one_master_ws/install/kobuki_ros_interfaces/include/kobuki_ros_interfaces/kobuki_ros_interfaces/msg/detail/external_power__struct.hpp
[2.102s] -- Up-to-date symlink: /home/ri-one/ri_one_master_ws/install/kobuki_ros_interfaces/include/kobuki_ros_interfaces/kobuki_ros_interfaces/msg/detail/external_power__traits.hpp
[2.103s] -- Up-to-date symlink: /home/ri-one/ri_one_master_ws/install/kobuki_ros_interfaces/include/kobuki_ros_interfaces/kobuki_ros_interfaces/msg/detail/external_power__type_support.hpp
[2.103s] -- Up-to-date symlink: /home/ri-one/ri_one_master_ws/install/kobuki_ros_interfaces/include/kobuki_ros_interfaces/kobuki_ros_interfaces/msg/detail/keyboard_input__builder.hpp
[2.103s] -- Up-to-date symlink: /home/ri-one/ri_one_master_ws/install/kobuki_ros_interfaces/include/kobuki_ros_interfaces/kobuki_ros_interfaces/msg/detail/keyboard_input__struct.hpp
[2.104s] -- Up-to-date symlink: /home/ri-one/ri_one_master_ws/install/kobuki_ros_interfaces/include/kobuki_ros_interfaces/kobuki_ros_interfaces/msg/detail/keyboard_input__traits.hpp
[2.105s] -- Up-to-date symlink: /home/ri-one/ri_one_master_ws/install/kobuki_ros_interfaces/include/kobuki_ros_interfaces/kobuki_ros_interfaces/msg/detail/keyboard_input__type_support.hpp
[2.105s] -- Up-to-date symlink: /home/ri-one/ri_one_master_ws/install/kobuki_ros_interfaces/include/kobuki_ros_interfaces/kobuki_ros_interfaces/msg/detail/led__builder.hpp
[2.106s] -- Up-to-date symlink: /home/ri-one/ri_one_master_ws/install/kobuki_ros_interfaces/include/kobuki_ros_interfaces/kobuki_ros_interfaces/msg/detail/led__struct.hpp
[2.107s] -- Up-to-date symlink: /home/ri-one/ri_one_master_ws/install/kobuki_ros_interfaces/include/kobuki_ros_interfaces/kobuki_ros_interfaces/msg/detail/led__traits.hpp
[2.108s] -- Up-to-date symlink: /home/ri-one/ri_one_master_ws/install/kobuki_ros_interfaces/include/kobuki_ros_interfaces/kobuki_ros_interfaces/msg/detail/led__type_support.hpp
[2.108s] -- Up-to-date symlink: /home/ri-one/ri_one_master_ws/install/kobuki_ros_interfaces/include/kobuki_ros_interfaces/kobuki_ros_interfaces/msg/detail/motor_power__builder.hpp
[2.108s] -- Up-to-date symlink: /home/ri-one/ri_one_master_ws/install/kobuki_ros_interfaces/include/kobuki_ros_interfaces/kobuki_ros_interfaces/msg/detail/motor_power__struct.hpp
[2.109s] -- Up-to-date symlink: /home/ri-one/ri_one_master_ws/install/kobuki_ros_interfaces/include/kobuki_ros_interfaces/kobuki_ros_interfaces/msg/detail/motor_power__traits.hpp
[2.112s] -- Up-to-date symlink: /home/ri-one/ri_one_master_ws/install/kobuki_ros_interfaces/include/kobuki_ros_interfaces/kobuki_ros_interfaces/msg/detail/motor_power__type_support.hpp
[2.112s] -- Up-to-date symlink: /home/ri-one/ri_one_master_ws/install/kobuki_ros_interfaces/include/kobuki_ros_interfaces/kobuki_ros_interfaces/msg/detail/power_system_event__builder.hpp
[2.113s] -- Up-to-date symlink: /home/ri-one/ri_one_master_ws/install/kobuki_ros_interfaces/include/kobuki_ros_interfaces/kobuki_ros_interfaces/msg/detail/power_system_event__struct.hpp
[2.115s] -- Up-to-date symlink: /home/ri-one/ri_one_master_ws/install/kobuki_ros_interfaces/include/kobuki_ros_interfaces/kobuki_ros_interfaces/msg/detail/power_system_event__traits.hpp
[2.117s] -- Up-to-date symlink: /home/ri-one/ri_one_master_ws/install/kobuki_ros_interfaces/include/kobuki_ros_interfaces/kobuki_ros_interfaces/msg/detail/power_system_event__type_support.hpp
[2.118s] -- Up-to-date symlink: /home/ri-one/ri_one_master_ws/install/kobuki_ros_interfaces/include/kobuki_ros_interfaces/kobuki_ros_interfaces/msg/detail/robot_state_event__builder.hpp
[2.119s] -- Up-to-date symlink: /home/ri-one/ri_one_master_ws/install/kobuki_ros_interfaces/include/kobuki_ros_interfaces/kobuki_ros_interfaces/msg/detail/robot_state_event__struct.hpp
[2.120s] -- Up-to-date symlink: /home/ri-one/ri_one_master_ws/install/kobuki_ros_interfaces/include/kobuki_ros_interfaces/kobuki_ros_interfaces/msg/detail/robot_state_event__traits.hpp
[2.120s] -- Up-to-date symlink: /home/ri-one/ri_one_master_ws/install/kobuki_ros_interfaces/include/kobuki_ros_interfaces/kobuki_ros_interfaces/msg/detail/robot_state_event__type_support.hpp
[2.121s] -- Up-to-date symlink: /home/ri-one/ri_one_master_ws/install/kobuki_ros_interfaces/include/kobuki_ros_interfaces/kobuki_ros_interfaces/msg/detail/scan_angle__builder.hpp
[2.121s] -- Up-to-date symlink: /home/ri-one/ri_one_master_ws/install/kobuki_ros_interfaces/include/kobuki_ros_interfaces/kobuki_ros_interfaces/msg/detail/scan_angle__struct.hpp
[2.121s] -- Up-to-date symlink: /home/ri-one/ri_one_master_ws/install/kobuki_ros_interfaces/include/kobuki_ros_interfaces/kobuki_ros_interfaces/msg/detail/scan_angle__traits.hpp
[2.122s] -- Up-to-date symlink: /home/ri-one/ri_one_master_ws/install/kobuki_ros_interfaces/include/kobuki_ros_interfaces/kobuki_ros_interfaces/msg/detail/scan_angle__type_support.hpp
[2.122s] -- Up-to-date symlink: /home/ri-one/ri_one_master_ws/install/kobuki_ros_interfaces/include/kobuki_ros_interfaces/kobuki_ros_interfaces/msg/detail/sensor_state__builder.hpp
[2.122s] -- Up-to-date symlink: /home/ri-one/ri_one_master_ws/install/kobuki_ros_interfaces/include/kobuki_ros_interfaces/kobuki_ros_interfaces/msg/detail/sensor_state__struct.hpp
[2.122s] -- Up-to-date symlink: /home/ri-one/ri_one_master_ws/install/kobuki_ros_interfaces/include/kobuki_ros_interfaces/kobuki_ros_interfaces/msg/detail/sensor_state__traits.hpp
[2.122s] -- Up-to-date symlink: /home/ri-one/ri_one_master_ws/install/kobuki_ros_interfaces/include/kobuki_ros_interfaces/kobuki_ros_interfaces/msg/detail/sensor_state__type_support.hpp
[2.122s] -- Up-to-date symlink: /home/ri-one/ri_one_master_ws/install/kobuki_ros_interfaces/include/kobuki_ros_interfaces/kobuki_ros_interfaces/msg/detail/sound__builder.hpp
[2.122s] -- Up-to-date symlink: /home/ri-one/ri_one_master_ws/install/kobuki_ros_interfaces/include/kobuki_ros_interfaces/kobuki_ros_interfaces/msg/detail/sound__struct.hpp
[2.126s] -- Up-to-date symlink: /home/ri-one/ri_one_master_ws/install/kobuki_ros_interfaces/include/kobuki_ros_interfaces/kobuki_ros_interfaces/msg/detail/sound__traits.hpp
[2.127s] -- Up-to-date symlink: /home/ri-one/ri_one_master_ws/install/kobuki_ros_interfaces/include/kobuki_ros_interfaces/kobuki_ros_interfaces/msg/detail/sound__type_support.hpp
[2.127s] -- Up-to-date symlink: /home/ri-one/ri_one_master_ws/install/kobuki_ros_interfaces/include/kobuki_ros_interfaces/kobuki_ros_interfaces/msg/detail/version_info__builder.hpp
[2.128s] -- Up-to-date symlink: /home/ri-one/ri_one_master_ws/install/kobuki_ros_interfaces/include/kobuki_ros_interfaces/kobuki_ros_interfaces/msg/detail/version_info__struct.hpp
[2.128s] -- Up-to-date symlink: /home/ri-one/ri_one_master_ws/install/kobuki_ros_interfaces/include/kobuki_ros_interfaces/kobuki_ros_interfaces/msg/detail/version_info__traits.hpp
[2.129s] -- Up-to-date symlink: /home/ri-one/ri_one_master_ws/install/kobuki_ros_interfaces/include/kobuki_ros_interfaces/kobuki_ros_interfaces/msg/detail/version_info__type_support.hpp
[2.129s] -- Up-to-date symlink: /home/ri-one/ri_one_master_ws/install/kobuki_ros_interfaces/include/kobuki_ros_interfaces/kobuki_ros_interfaces/msg/detail/wheel_drop_event__builder.hpp
[2.130s] -- Up-to-date symlink: /home/ri-one/ri_one_master_ws/install/kobuki_ros_interfaces/include/kobuki_ros_interfaces/kobuki_ros_interfaces/msg/detail/wheel_drop_event__struct.hpp
[2.130s] -- Up-to-date symlink: /home/ri-one/ri_one_master_ws/install/kobuki_ros_interfaces/include/kobuki_ros_interfaces/kobuki_ros_interfaces/msg/detail/wheel_drop_event__traits.hpp
[2.131s] -- Up-to-date symlink: /home/ri-one/ri_one_master_ws/install/kobuki_ros_interfaces/include/kobuki_ros_interfaces/kobuki_ros_interfaces/msg/detail/wheel_drop_event__type_support.hpp
[2.131s] -- Up-to-date symlink: /home/ri-one/ri_one_master_ws/install/kobuki_ros_interfaces/include/kobuki_ros_interfaces/kobuki_ros_interfaces/msg/digital_input_event.hpp
[2.133s] -- Up-to-date symlink: /home/ri-one/ri_one_master_ws/install/kobuki_ros_interfaces/include/kobuki_ros_interfaces/kobuki_ros_interfaces/msg/digital_output.hpp
[2.134s] -- Up-to-date symlink: /home/ri-one/ri_one_master_ws/install/kobuki_ros_interfaces/include/kobuki_ros_interfaces/kobuki_ros_interfaces/msg/dock_infra_red.hpp
[2.134s] -- Up-to-date symlink: /home/ri-one/ri_one_master_ws/install/kobuki_ros_interfaces/include/kobuki_ros_interfaces/kobuki_ros_interfaces/msg/external_power.hpp
[2.135s] -- Up-to-date symlink: /home/ri-one/ri_one_master_ws/install/kobuki_ros_interfaces/include/kobuki_ros_interfaces/kobuki_ros_interfaces/msg/keyboard_input.hpp
[2.135s] -- Up-to-date symlink: /home/ri-one/ri_one_master_ws/install/kobuki_ros_interfaces/include/kobuki_ros_interfaces/kobuki_ros_interfaces/msg/led.hpp
[2.137s] -- Up-to-date symlink: /home/ri-one/ri_one_master_ws/install/kobuki_ros_interfaces/include/kobuki_ros_interfaces/kobuki_ros_interfaces/msg/motor_power.hpp
[2.138s] -- Up-to-date symlink: /home/ri-one/ri_one_master_ws/install/kobuki_ros_interfaces/include/kobuki_ros_interfaces/kobuki_ros_interfaces/msg/power_system_event.hpp
[2.138s] -- Up-to-date symlink: /home/ri-one/ri_one_master_ws/install/kobuki_ros_interfaces/include/kobuki_ros_interfaces/kobuki_ros_interfaces/msg/robot_state_event.hpp
[2.138s] -- Up-to-date symlink: /home/ri-one/ri_one_master_ws/install/kobuki_ros_interfaces/include/kobuki_ros_interfaces/kobuki_ros_interfaces/msg/rosidl_generator_cpp__visibility_control.hpp
[2.138s] -- Up-to-date symlink: /home/ri-one/ri_one_master_ws/install/kobuki_ros_interfaces/include/kobuki_ros_interfaces/kobuki_ros_interfaces/msg/scan_angle.hpp
[2.138s] -- Up-to-date symlink: /home/ri-one/ri_one_master_ws/install/kobuki_ros_interfaces/include/kobuki_ros_interfaces/kobuki_ros_interfaces/msg/sensor_state.hpp
[2.139s] -- Up-to-date symlink: /home/ri-one/ri_one_master_ws/install/kobuki_ros_interfaces/include/kobuki_ros_interfaces/kobuki_ros_interfaces/msg/sound.hpp
[2.139s] -- Up-to-date symlink: /home/ri-one/ri_one_master_ws/install/kobuki_ros_interfaces/include/kobuki_ros_interfaces/kobuki_ros_interfaces/msg/version_info.hpp
[2.139s] -- Up-to-date symlink: /home/ri-one/ri_one_master_ws/install/kobuki_ros_interfaces/include/kobuki_ros_interfaces/kobuki_ros_interfaces/msg/wheel_drop_event.hpp
[2.139s] -- Up-to-date symlink: /home/ri-one/ri_one_master_ws/install/kobuki_ros_interfaces/include/kobuki_ros_interfaces/kobuki_ros_interfaces/action/detail/auto_docking__rosidl_typesupport_fastrtps_cpp.hpp
[2.141s] -- Up-to-date symlink: /home/ri-one/ri_one_master_ws/install/kobuki_ros_interfaces/include/kobuki_ros_interfaces/kobuki_ros_interfaces/msg/detail/bumper_event__rosidl_typesupport_fastrtps_cpp.hpp
[2.141s] -- Up-to-date symlink: /home/ri-one/ri_one_master_ws/install/kobuki_ros_interfaces/include/kobuki_ros_interfaces/kobuki_ros_interfaces/msg/detail/button_event__rosidl_typesupport_fastrtps_cpp.hpp
[2.142s] -- Up-to-date symlink: /home/ri-one/ri_one_master_ws/install/kobuki_ros_interfaces/include/kobuki_ros_interfaces/kobuki_ros_interfaces/msg/detail/cliff_event__rosidl_typesupport_fastrtps_cpp.hpp
[2.142s] -- Up-to-date symlink: /home/ri-one/ri_one_master_ws/install/kobuki_ros_interfaces/include/kobuki_ros_interfaces/kobuki_ros_interfaces/msg/detail/controller_info__rosidl_typesupport_fastrtps_cpp.hpp
[2.143s] -- Up-to-date symlink: /home/ri-one/ri_one_master_ws/install/kobuki_ros_interfaces/include/kobuki_ros_interfaces/kobuki_ros_interfaces/msg/detail/digital_input_event__rosidl_typesupport_fastrtps_cpp.hpp
[2.143s] -- Up-to-date symlink: /home/ri-one/ri_one_master_ws/install/kobuki_ros_interfaces/include/kobuki_ros_interfaces/kobuki_ros_interfaces/msg/detail/digital_output__rosidl_typesupport_fastrtps_cpp.hpp
[2.144s] -- Up-to-date symlink: /home/ri-one/ri_one_master_ws/install/kobuki_ros_interfaces/include/kobuki_ros_interfaces/kobuki_ros_interfaces/msg/detail/dock_infra_red__rosidl_typesupport_fastrtps_cpp.hpp
[2.144s] -- Up-to-date symlink: /home/ri-one/ri_one_master_ws/install/kobuki_ros_interfaces/include/kobuki_ros_interfaces/kobuki_ros_interfaces/msg/detail/external_power__rosidl_typesupport_fastrtps_cpp.hpp
[2.144s] -- Up-to-date symlink: /home/ri-one/ri_one_master_ws/install/kobuki_ros_interfaces/include/kobuki_ros_interfaces/kobuki_ros_interfaces/msg/detail/keyboard_input__rosidl_typesupport_fastrtps_cpp.hpp
[2.145s] -- Up-to-date symlink: /home/ri-one/ri_one_master_ws/install/kobuki_ros_interfaces/include/kobuki_ros_interfaces/kobuki_ros_interfaces/msg/detail/led__rosidl_typesupport_fastrtps_cpp.hpp
[2.146s] -- Up-to-date symlink: /home/ri-one/ri_one_master_ws/install/kobuki_ros_interfaces/include/kobuki_ros_interfaces/kobuki_ros_interfaces/msg/detail/motor_power__rosidl_typesupport_fastrtps_cpp.hpp
[2.147s] -- Up-to-date symlink: /home/ri-one/ri_one_master_ws/install/kobuki_ros_interfaces/include/kobuki_ros_interfaces/kobuki_ros_interfaces/msg/detail/power_system_event__rosidl_typesupport_fastrtps_cpp.hpp
[2.147s] -- Up-to-date symlink: /home/ri-one/ri_one_master_ws/install/kobuki_ros_interfaces/include/kobuki_ros_interfaces/kobuki_ros_interfaces/msg/detail/robot_state_event__rosidl_typesupport_fastrtps_cpp.hpp
[2.147s] -- Up-to-date symlink: /home/ri-one/ri_one_master_ws/install/kobuki_ros_interfaces/include/kobuki_ros_interfaces/kobuki_ros_interfaces/msg/detail/scan_angle__rosidl_typesupport_fastrtps_cpp.hpp
[2.152s] -- Up-to-date symlink: /home/ri-one/ri_one_master_ws/install/kobuki_ros_interfaces/include/kobuki_ros_interfaces/kobuki_ros_interfaces/msg/detail/sensor_state__rosidl_typesupport_fastrtps_cpp.hpp
[2.153s] -- Up-to-date symlink: /home/ri-one/ri_one_master_ws/install/kobuki_ros_interfaces/include/kobuki_ros_interfaces/kobuki_ros_interfaces/msg/detail/sound__rosidl_typesupport_fastrtps_cpp.hpp
[2.153s] -- Up-to-date symlink: /home/ri-one/ri_one_master_ws/install/kobuki_ros_interfaces/include/kobuki_ros_interfaces/kobuki_ros_interfaces/msg/detail/version_info__rosidl_typesupport_fastrtps_cpp.hpp
[2.153s] -- Up-to-date symlink: /home/ri-one/ri_one_master_ws/install/kobuki_ros_interfaces/include/kobuki_ros_interfaces/kobuki_ros_interfaces/msg/detail/wheel_drop_event__rosidl_typesupport_fastrtps_cpp.hpp
[2.153s] -- Up-to-date symlink: /home/ri-one/ri_one_master_ws/install/kobuki_ros_interfaces/include/kobuki_ros_interfaces/kobuki_ros_interfaces/msg/rosidl_typesupport_fastrtps_cpp__visibility_control.h
[2.159s] -- Up-to-date symlink: /home/ri-one/ri_one_master_ws/install/kobuki_ros_interfaces/include/kobuki_ros_interfaces/kobuki_ros_interfaces/action/detail/auto_docking__rosidl_typesupport_introspection_c.h
[2.159s] -- Up-to-date symlink: /home/ri-one/ri_one_master_ws/install/kobuki_ros_interfaces/include/kobuki_ros_interfaces/kobuki_ros_interfaces/msg/detail/bumper_event__rosidl_typesupport_introspection_c.h
[2.160s] -- Up-to-date symlink: /home/ri-one/ri_one_master_ws/install/kobuki_ros_interfaces/include/kobuki_ros_interfaces/kobuki_ros_interfaces/msg/detail/button_event__rosidl_typesupport_introspection_c.h
[2.160s] -- Up-to-date symlink: /home/ri-one/ri_one_master_ws/install/kobuki_ros_interfaces/include/kobuki_ros_interfaces/kobuki_ros_interfaces/msg/detail/cliff_event__rosidl_typesupport_introspection_c.h
[2.160s] -- Up-to-date symlink: /home/ri-one/ri_one_master_ws/install/kobuki_ros_interfaces/include/kobuki_ros_interfaces/kobuki_ros_interfaces/msg/detail/controller_info__rosidl_typesupport_introspection_c.h
[2.160s] -- Up-to-date symlink: /home/ri-one/ri_one_master_ws/install/kobuki_ros_interfaces/include/kobuki_ros_interfaces/kobuki_ros_interfaces/msg/detail/digital_input_event__rosidl_typesupport_introspection_c.h
[2.161s] -- Up-to-date symlink: /home/ri-one/ri_one_master_ws/install/kobuki_ros_interfaces/include/kobuki_ros_interfaces/kobuki_ros_interfaces/msg/detail/digital_output__rosidl_typesupport_introspection_c.h
[2.163s] -- Up-to-date symlink: /home/ri-one/ri_one_master_ws/install/kobuki_ros_interfaces/include/kobuki_ros_interfaces/kobuki_ros_interfaces/msg/detail/dock_infra_red__rosidl_typesupport_introspection_c.h
[2.164s] -- Up-to-date symlink: /home/ri-one/ri_one_master_ws/install/kobuki_ros_interfaces/include/kobuki_ros_interfaces/kobuki_ros_interfaces/msg/detail/external_power__rosidl_typesupport_introspection_c.h
[2.164s] -- Up-to-date symlink: /home/ri-one/ri_one_master_ws/install/kobuki_ros_interfaces/include/kobuki_ros_interfaces/kobuki_ros_interfaces/msg/detail/keyboard_input__rosidl_typesupport_introspection_c.h
[2.164s] -- Up-to-date symlink: /home/ri-one/ri_one_master_ws/install/kobuki_ros_interfaces/include/kobuki_ros_interfaces/kobuki_ros_interfaces/msg/detail/led__rosidl_typesupport_introspection_c.h
[2.164s] -- Up-to-date symlink: /home/ri-one/ri_one_master_ws/install/kobuki_ros_interfaces/include/kobuki_ros_interfaces/kobuki_ros_interfaces/msg/detail/motor_power__rosidl_typesupport_introspection_c.h
[2.165s] -- Up-to-date symlink: /home/ri-one/ri_one_master_ws/install/kobuki_ros_interfaces/include/kobuki_ros_interfaces/kobuki_ros_interfaces/msg/detail/power_system_event__rosidl_typesupport_introspection_c.h
[2.165s] -- Up-to-date symlink: /home/ri-one/ri_one_master_ws/install/kobuki_ros_interfaces/include/kobuki_ros_interfaces/kobuki_ros_interfaces/msg/detail/robot_state_event__rosidl_typesupport_introspection_c.h
[2.165s] -- Up-to-date symlink: /home/ri-one/ri_one_master_ws/install/kobuki_ros_interfaces/include/kobuki_ros_interfaces/kobuki_ros_interfaces/msg/detail/scan_angle__rosidl_typesupport_introspection_c.h
[2.165s] -- Up-to-date symlink: /home/ri-one/ri_one_master_ws/install/kobuki_ros_interfaces/include/kobuki_ros_interfaces/kobuki_ros_interfaces/msg/detail/sensor_state__rosidl_typesupport_introspection_c.h
[2.165s] -- Up-to-date symlink: /home/ri-one/ri_one_master_ws/install/kobuki_ros_interfaces/include/kobuki_ros_interfaces/kobuki_ros_interfaces/msg/detail/sound__rosidl_typesupport_introspection_c.h
[2.165s] -- Up-to-date symlink: /home/ri-one/ri_one_master_ws/install/kobuki_ros_interfaces/include/kobuki_ros_interfaces/kobuki_ros_interfaces/msg/detail/version_info__rosidl_typesupport_introspection_c.h
[2.166s] -- Up-to-date symlink: /home/ri-one/ri_one_master_ws/install/kobuki_ros_interfaces/include/kobuki_ros_interfaces/kobuki_ros_interfaces/msg/detail/wheel_drop_event__rosidl_typesupport_introspection_c.h
[2.166s] -- Up-to-date symlink: /home/ri-one/ri_one_master_ws/install/kobuki_ros_interfaces/include/kobuki_ros_interfaces/kobuki_ros_interfaces/msg/rosidl_typesupport_introspection_c__visibility_control.h
[2.166s] -- Up-to-date symlink: /home/ri-one/ri_one_master_ws/install/kobuki_ros_interfaces/include/kobuki_ros_interfaces/kobuki_ros_interfaces/action/detail/auto_docking__rosidl_typesupport_introspection_cpp.hpp
[2.168s] -- Up-to-date symlink: /home/ri-one/ri_one_master_ws/install/kobuki_ros_interfaces/include/kobuki_ros_interfaces/kobuki_ros_interfaces/msg/detail/bumper_event__rosidl_typesupport_introspection_cpp.hpp
[2.169s] -- Up-to-date symlink: /home/ri-one/ri_one_master_ws/install/kobuki_ros_interfaces/include/kobuki_ros_interfaces/kobuki_ros_interfaces/msg/detail/button_event__rosidl_typesupport_introspection_cpp.hpp
[2.169s] -- Up-to-date symlink: /home/ri-one/ri_one_master_ws/install/kobuki_ros_interfaces/include/kobuki_ros_interfaces/kobuki_ros_interfaces/msg/detail/cliff_event__rosidl_typesupport_introspection_cpp.hpp
[2.169s] -- Up-to-date symlink: /home/ri-one/ri_one_master_ws/install/kobuki_ros_interfaces/include/kobuki_ros_interfaces/kobuki_ros_interfaces/msg/detail/controller_info__rosidl_typesupport_introspection_cpp.hpp
[2.169s] -- Up-to-date symlink: /home/ri-one/ri_one_master_ws/install/kobuki_ros_interfaces/include/kobuki_ros_interfaces/kobuki_ros_interfaces/msg/detail/digital_input_event__rosidl_typesupport_introspection_cpp.hpp
[2.169s] -- Up-to-date symlink: /home/ri-one/ri_one_master_ws/install/kobuki_ros_interfaces/include/kobuki_ros_interfaces/kobuki_ros_interfaces/msg/detail/digital_output__rosidl_typesupport_introspection_cpp.hpp
[2.170s] -- Up-to-date symlink: /home/ri-one/ri_one_master_ws/install/kobuki_ros_interfaces/include/kobuki_ros_interfaces/kobuki_ros_interfaces/msg/detail/dock_infra_red__rosidl_typesupport_introspection_cpp.hpp
[2.170s] -- Up-to-date symlink: /home/ri-one/ri_one_master_ws/install/kobuki_ros_interfaces/include/kobuki_ros_interfaces/kobuki_ros_interfaces/msg/detail/external_power__rosidl_typesupport_introspection_cpp.hpp
[2.170s] -- Up-to-date symlink: /home/ri-one/ri_one_master_ws/install/kobuki_ros_interfaces/include/kobuki_ros_interfaces/kobuki_ros_interfaces/msg/detail/keyboard_input__rosidl_typesupport_introspection_cpp.hpp
[2.170s] -- Up-to-date symlink: /home/ri-one/ri_one_master_ws/install/kobuki_ros_interfaces/include/kobuki_ros_interfaces/kobuki_ros_interfaces/msg/detail/led__rosidl_typesupport_introspection_cpp.hpp
[2.170s] -- Up-to-date symlink: /home/ri-one/ri_one_master_ws/install/kobuki_ros_interfaces/include/kobuki_ros_interfaces/kobuki_ros_interfaces/msg/detail/motor_power__rosidl_typesupport_introspection_cpp.hpp
[2.170s] -- Up-to-date symlink: /home/ri-one/ri_one_master_ws/install/kobuki_ros_interfaces/include/kobuki_ros_interfaces/kobuki_ros_interfaces/msg/detail/power_system_event__rosidl_typesupport_introspection_cpp.hpp
[2.173s] -- Up-to-date symlink: /home/ri-one/ri_one_master_ws/install/kobuki_ros_interfaces/include/kobuki_ros_interfaces/kobuki_ros_interfaces/msg/detail/robot_state_event__rosidl_typesupport_introspection_cpp.hpp
[2.174s] -- Up-to-date symlink: /home/ri-one/ri_one_master_ws/install/kobuki_ros_interfaces/include/kobuki_ros_interfaces/kobuki_ros_interfaces/msg/detail/scan_angle__rosidl_typesupport_introspection_cpp.hpp
[2.174s] -- Up-to-date symlink: /home/ri-one/ri_one_master_ws/install/kobuki_ros_interfaces/include/kobuki_ros_interfaces/kobuki_ros_interfaces/msg/detail/sensor_state__rosidl_typesupport_introspection_cpp.hpp
[2.174s] -- Up-to-date symlink: /home/ri-one/ri_one_master_ws/install/kobuki_ros_interfaces/include/kobuki_ros_interfaces/kobuki_ros_interfaces/msg/detail/sound__rosidl_typesupport_introspection_cpp.hpp
[2.174s] -- Up-to-date symlink: /home/ri-one/ri_one_master_ws/install/kobuki_ros_interfaces/include/kobuki_ros_interfaces/kobuki_ros_interfaces/msg/detail/version_info__rosidl_typesupport_introspection_cpp.hpp
[2.174s] -- Up-to-date symlink: /home/ri-one/ri_one_master_ws/install/kobuki_ros_interfaces/include/kobuki_ros_interfaces/kobuki_ros_interfaces/msg/detail/wheel_drop_event__rosidl_typesupport_introspection_cpp.hpp
[2.175s] -- Up-to-date symlink: /home/ri-one/ri_one_master_ws/install/kobuki_ros_interfaces/share/kobuki_ros_interfaces/environment/pythonpath.sh
[2.175s] -- Up-to-date symlink: /home/ri-one/ri_one_master_ws/install/kobuki_ros_interfaces/share/kobuki_ros_interfaces/environment/pythonpath.dsv
[2.175s] -- Up-to-date symlink: /home/ri-one/ri_one_master_ws/install/kobuki_ros_interfaces/local/lib/python3.10/dist-packages/kobuki_ros_interfaces-1.0.0-py3.10.egg-info/PKG-INFO
[2.175s] -- Up-to-date symlink: /home/ri-one/ri_one_master_ws/install/kobuki_ros_interfaces/local/lib/python3.10/dist-packages/kobuki_ros_interfaces-1.0.0-py3.10.egg-info/SOURCES.txt
[2.175s] -- Up-to-date symlink: /home/ri-one/ri_one_master_ws/install/kobuki_ros_interfaces/local/lib/python3.10/dist-packages/kobuki_ros_interfaces-1.0.0-py3.10.egg-info/dependency_links.txt
[2.176s] -- Up-to-date symlink: /home/ri-one/ri_one_master_ws/install/kobuki_ros_interfaces/local/lib/python3.10/dist-packages/kobuki_ros_interfaces-1.0.0-py3.10.egg-info/top_level.txt
[2.179s] -- Up-to-date symlink: /home/ri-one/ri_one_master_ws/install/kobuki_ros_interfaces/local/lib/python3.10/dist-packages/kobuki_ros_interfaces/__init__.py
[2.179s] -- Up-to-date symlink: /home/ri-one/ri_one_master_ws/install/kobuki_ros_interfaces/local/lib/python3.10/dist-packages/kobuki_ros_interfaces/_kobuki_ros_interfaces_s.ep.rosidl_typesupport_c.c
[2.179s] -- Up-to-date symlink: /home/ri-one/ri_one_master_ws/install/kobuki_ros_interfaces/local/lib/python3.10/dist-packages/kobuki_ros_interfaces/_kobuki_ros_interfaces_s.ep.rosidl_typesupport_fastrtps_c.c
[2.179s] -- Up-to-date symlink: /home/ri-one/ri_one_master_ws/install/kobuki_ros_interfaces/local/lib/python3.10/dist-packages/kobuki_ros_interfaces/_kobuki_ros_interfaces_s.ep.rosidl_typesupport_introspection_c.c
[2.179s] -- Up-to-date symlink: /home/ri-one/ri_one_master_ws/install/kobuki_ros_interfaces/local/lib/python3.10/dist-packages/kobuki_ros_interfaces/action/__init__.py
[2.179s] -- Up-to-date symlink: /home/ri-one/ri_one_master_ws/install/kobuki_ros_interfaces/local/lib/python3.10/dist-packages/kobuki_ros_interfaces/action/_auto_docking.py
[2.180s] -- Up-to-date symlink: /home/ri-one/ri_one_master_ws/install/kobuki_ros_interfaces/local/lib/python3.10/dist-packages/kobuki_ros_interfaces/action/_auto_docking_s.c
[2.180s] -- Up-to-date symlink: /home/ri-one/ri_one_master_ws/install/kobuki_ros_interfaces/local/lib/python3.10/dist-packages/kobuki_ros_interfaces/kobuki_ros_interfaces_s__rosidl_typesupport_c.cpython-310-x86_64-linux-gnu.so
[2.180s] -- Up-to-date symlink: /home/ri-one/ri_one_master_ws/install/kobuki_ros_interfaces/local/lib/python3.10/dist-packages/kobuki_ros_interfaces/kobuki_ros_interfaces_s__rosidl_typesupport_fastrtps_c.cpython-310-x86_64-linux-gnu.so
[2.180s] -- Up-to-date symlink: /home/ri-one/ri_one_master_ws/install/kobuki_ros_interfaces/local/lib/python3.10/dist-packages/kobuki_ros_interfaces/kobuki_ros_interfaces_s__rosidl_typesupport_introspection_c.cpython-310-x86_64-linux-gnu.so
[2.180s] -- Up-to-date symlink: /home/ri-one/ri_one_master_ws/install/kobuki_ros_interfaces/local/lib/python3.10/dist-packages/kobuki_ros_interfaces/libkobuki_ros_interfaces__rosidl_generator_py.so
[2.180s] -- Up-to-date symlink: /home/ri-one/ri_one_master_ws/install/kobuki_ros_interfaces/local/lib/python3.10/dist-packages/kobuki_ros_interfaces/msg/__init__.py
[2.180s] -- Up-to-date symlink: /home/ri-one/ri_one_master_ws/install/kobuki_ros_interfaces/local/lib/python3.10/dist-packages/kobuki_ros_interfaces/msg/_bumper_event.py
[2.181s] -- Up-to-date symlink: /home/ri-one/ri_one_master_ws/install/kobuki_ros_interfaces/local/lib/python3.10/dist-packages/kobuki_ros_interfaces/msg/_bumper_event_s.c
[2.183s] -- Up-to-date symlink: /home/ri-one/ri_one_master_ws/install/kobuki_ros_interfaces/local/lib/python3.10/dist-packages/kobuki_ros_interfaces/msg/_button_event.py
[2.183s] -- Up-to-date symlink: /home/ri-one/ri_one_master_ws/install/kobuki_ros_interfaces/local/lib/python3.10/dist-packages/kobuki_ros_interfaces/msg/_button_event_s.c
[2.184s] -- Up-to-date symlink: /home/ri-one/ri_one_master_ws/install/kobuki_ros_interfaces/local/lib/python3.10/dist-packages/kobuki_ros_interfaces/msg/_cliff_event.py
[2.184s] -- Up-to-date symlink: /home/ri-one/ri_one_master_ws/install/kobuki_ros_interfaces/local/lib/python3.10/dist-packages/kobuki_ros_interfaces/msg/_cliff_event_s.c
[2.184s] -- Up-to-date symlink: /home/ri-one/ri_one_master_ws/install/kobuki_ros_interfaces/local/lib/python3.10/dist-packages/kobuki_ros_interfaces/msg/_controller_info.py
[2.185s] -- Up-to-date symlink: /home/ri-one/ri_one_master_ws/install/kobuki_ros_interfaces/local/lib/python3.10/dist-packages/kobuki_ros_interfaces/msg/_controller_info_s.c
[2.185s] -- Up-to-date symlink: /home/ri-one/ri_one_master_ws/install/kobuki_ros_interfaces/local/lib/python3.10/dist-packages/kobuki_ros_interfaces/msg/_digital_input_event.py
[2.185s] -- Up-to-date symlink: /home/ri-one/ri_one_master_ws/install/kobuki_ros_interfaces/local/lib/python3.10/dist-packages/kobuki_ros_interfaces/msg/_digital_input_event_s.c
[2.185s] -- Up-to-date symlink: /home/ri-one/ri_one_master_ws/install/kobuki_ros_interfaces/local/lib/python3.10/dist-packages/kobuki_ros_interfaces/msg/_digital_output.py
[2.188s] -- Up-to-date symlink: /home/ri-one/ri_one_master_ws/install/kobuki_ros_interfaces/local/lib/python3.10/dist-packages/kobuki_ros_interfaces/msg/_digital_output_s.c
[2.189s] -- Up-to-date symlink: /home/ri-one/ri_one_master_ws/install/kobuki_ros_interfaces/local/lib/python3.10/dist-packages/kobuki_ros_interfaces/msg/_dock_infra_red.py
[2.189s] -- Up-to-date symlink: /home/ri-one/ri_one_master_ws/install/kobuki_ros_interfaces/local/lib/python3.10/dist-packages/kobuki_ros_interfaces/msg/_dock_infra_red_s.c
[2.189s] -- Up-to-date symlink: /home/ri-one/ri_one_master_ws/install/kobuki_ros_interfaces/local/lib/python3.10/dist-packages/kobuki_ros_interfaces/msg/_external_power.py
[2.189s] -- Up-to-date symlink: /home/ri-one/ri_one_master_ws/install/kobuki_ros_interfaces/local/lib/python3.10/dist-packages/kobuki_ros_interfaces/msg/_external_power_s.c
[2.189s] -- Up-to-date symlink: /home/ri-one/ri_one_master_ws/install/kobuki_ros_interfaces/local/lib/python3.10/dist-packages/kobuki_ros_interfaces/msg/_keyboard_input.py
[2.190s] -- Up-to-date symlink: /home/ri-one/ri_one_master_ws/install/kobuki_ros_interfaces/local/lib/python3.10/dist-packages/kobuki_ros_interfaces/msg/_keyboard_input_s.c
[2.190s] -- Up-to-date symlink: /home/ri-one/ri_one_master_ws/install/kobuki_ros_interfaces/local/lib/python3.10/dist-packages/kobuki_ros_interfaces/msg/_led.py
[2.190s] -- Up-to-date symlink: /home/ri-one/ri_one_master_ws/install/kobuki_ros_interfaces/local/lib/python3.10/dist-packages/kobuki_ros_interfaces/msg/_led_s.c
[2.190s] -- Up-to-date symlink: /home/ri-one/ri_one_master_ws/install/kobuki_ros_interfaces/local/lib/python3.10/dist-packages/kobuki_ros_interfaces/msg/_motor_power.py
[2.191s] -- Up-to-date symlink: /home/ri-one/ri_one_master_ws/install/kobuki_ros_interfaces/local/lib/python3.10/dist-packages/kobuki_ros_interfaces/msg/_motor_power_s.c
[2.191s] -- Up-to-date symlink: /home/ri-one/ri_one_master_ws/install/kobuki_ros_interfaces/local/lib/python3.10/dist-packages/kobuki_ros_interfaces/msg/_power_system_event.py
[2.191s] -- Up-to-date symlink: /home/ri-one/ri_one_master_ws/install/kobuki_ros_interfaces/local/lib/python3.10/dist-packages/kobuki_ros_interfaces/msg/_power_system_event_s.c
[2.192s] -- Up-to-date symlink: /home/ri-one/ri_one_master_ws/install/kobuki_ros_interfaces/local/lib/python3.10/dist-packages/kobuki_ros_interfaces/msg/_robot_state_event.py
[2.192s] -- Up-to-date symlink: /home/ri-one/ri_one_master_ws/install/kobuki_ros_interfaces/local/lib/python3.10/dist-packages/kobuki_ros_interfaces/msg/_robot_state_event_s.c
[2.192s] -- Up-to-date symlink: /home/ri-one/ri_one_master_ws/install/kobuki_ros_interfaces/local/lib/python3.10/dist-packages/kobuki_ros_interfaces/msg/_scan_angle.py
[2.192s] -- Up-to-date symlink: /home/ri-one/ri_one_master_ws/install/kobuki_ros_interfaces/local/lib/python3.10/dist-packages/kobuki_ros_interfaces/msg/_scan_angle_s.c
[2.193s] -- Up-to-date symlink: /home/ri-one/ri_one_master_ws/install/kobuki_ros_interfaces/local/lib/python3.10/dist-packages/kobuki_ros_interfaces/msg/_sensor_state.py
[2.193s] -- Up-to-date symlink: /home/ri-one/ri_one_master_ws/install/kobuki_ros_interfaces/local/lib/python3.10/dist-packages/kobuki_ros_interfaces/msg/_sensor_state_s.c
[2.193s] -- Up-to-date symlink: /home/ri-one/ri_one_master_ws/install/kobuki_ros_interfaces/local/lib/python3.10/dist-packages/kobuki_ros_interfaces/msg/_sound.py
[2.196s] -- Up-to-date symlink: /home/ri-one/ri_one_master_ws/install/kobuki_ros_interfaces/local/lib/python3.10/dist-packages/kobuki_ros_interfaces/msg/_sound_s.c
[2.197s] -- Up-to-date symlink: /home/ri-one/ri_one_master_ws/install/kobuki_ros_interfaces/local/lib/python3.10/dist-packages/kobuki_ros_interfaces/msg/_version_info.py
[2.197s] -- Up-to-date symlink: /home/ri-one/ri_one_master_ws/install/kobuki_ros_interfaces/local/lib/python3.10/dist-packages/kobuki_ros_interfaces/msg/_version_info_s.c
[2.197s] -- Up-to-date symlink: /home/ri-one/ri_one_master_ws/install/kobuki_ros_interfaces/local/lib/python3.10/dist-packages/kobuki_ros_interfaces/msg/_wheel_drop_event.py
[2.200s] -- Up-to-date symlink: /home/ri-one/ri_one_master_ws/install/kobuki_ros_interfaces/local/lib/python3.10/dist-packages/kobuki_ros_interfaces/msg/_wheel_drop_event_s.c
[2.201s] -- Up-to-date symlink: /home/ri-one/ri_one_master_ws/install/kobuki_ros_interfaces/local/lib/python3.10/dist-packages/kobuki_ros_interfaces/kobuki_ros_interfaces_s__rosidl_typesupport_fastrtps_c.cpython-310-x86_64-linux-gnu.so
[2.201s] -- Up-to-date symlink: /home/ri-one/ri_one_master_ws/install/kobuki_ros_interfaces/local/lib/python3.10/dist-packages/kobuki_ros_interfaces/kobuki_ros_interfaces_s__rosidl_typesupport_introspection_c.cpython-310-x86_64-linux-gnu.so
[2.201s] -- Up-to-date symlink: /home/ri-one/ri_one_master_ws/install/kobuki_ros_interfaces/local/lib/python3.10/dist-packages/kobuki_ros_interfaces/kobuki_ros_interfaces_s__rosidl_typesupport_c.cpython-310-x86_64-linux-gnu.so
[2.201s] -- Up-to-date symlink: /home/ri-one/ri_one_master_ws/install/kobuki_ros_interfaces/share/kobuki_ros_interfaces/msg/BumperEvent.idl
[2.201s] -- Up-to-date symlink: /home/ri-one/ri_one_master_ws/install/kobuki_ros_interfaces/share/kobuki_ros_interfaces/msg/CliffEvent.idl
[2.201s] -- Up-to-date symlink: /home/ri-one/ri_one_master_ws/install/kobuki_ros_interfaces/share/kobuki_ros_interfaces/msg/DigitalOutput.idl
[2.201s] -- Up-to-date symlink: /home/ri-one/ri_one_master_ws/install/kobuki_ros_interfaces/share/kobuki_ros_interfaces/msg/ExternalPower.idl
[2.202s] -- Up-to-date symlink: /home/ri-one/ri_one_master_ws/install/kobuki_ros_interfaces/share/kobuki_ros_interfaces/msg/Led.idl
[2.202s] -- Up-to-date symlink: /home/ri-one/ri_one_master_ws/install/kobuki_ros_interfaces/share/kobuki_ros_interfaces/msg/PowerSystemEvent.idl
[2.202s] -- Up-to-date symlink: /home/ri-one/ri_one_master_ws/install/kobuki_ros_interfaces/share/kobuki_ros_interfaces/msg/SensorState.idl
[2.202s] -- Up-to-date symlink: /home/ri-one/ri_one_master_ws/install/kobuki_ros_interfaces/share/kobuki_ros_interfaces/msg/VersionInfo.idl
[2.202s] -- Up-to-date symlink: /home/ri-one/ri_one_master_ws/install/kobuki_ros_interfaces/share/kobuki_ros_interfaces/msg/ControllerInfo.idl
[2.202s] -- Up-to-date symlink: /home/ri-one/ri_one_master_ws/install/kobuki_ros_interfaces/share/kobuki_ros_interfaces/msg/ButtonEvent.idl
[2.202s] -- Up-to-date symlink: /home/ri-one/ri_one_master_ws/install/kobuki_ros_interfaces/share/kobuki_ros_interfaces/msg/DigitalInputEvent.idl
[2.202s] -- Up-to-date symlink: /home/ri-one/ri_one_master_ws/install/kobuki_ros_interfaces/share/kobuki_ros_interfaces/msg/DockInfraRed.idl
[2.202s] -- Up-to-date symlink: /home/ri-one/ri_one_master_ws/install/kobuki_ros_interfaces/share/kobuki_ros_interfaces/msg/KeyboardInput.idl
[2.203s] -- Up-to-date symlink: /home/ri-one/ri_one_master_ws/install/kobuki_ros_interfaces/share/kobuki_ros_interfaces/msg/MotorPower.idl
[2.203s] -- Up-to-date symlink: /home/ri-one/ri_one_master_ws/install/kobuki_ros_interfaces/share/kobuki_ros_interfaces/msg/RobotStateEvent.idl
[2.203s] -- Up-to-date symlink: /home/ri-one/ri_one_master_ws/install/kobuki_ros_interfaces/share/kobuki_ros_interfaces/msg/Sound.idl
[2.203s] -- Up-to-date symlink: /home/ri-one/ri_one_master_ws/install/kobuki_ros_interfaces/share/kobuki_ros_interfaces/msg/ScanAngle.idl
[2.203s] -- Up-to-date symlink: /home/ri-one/ri_one_master_ws/install/kobuki_ros_interfaces/share/kobuki_ros_interfaces/msg/WheelDropEvent.idl
[2.207s] -- Up-to-date symlink: /home/ri-one/ri_one_master_ws/install/kobuki_ros_interfaces/share/kobuki_ros_interfaces/action/AutoDocking.idl
[2.207s] -- Up-to-date symlink: /home/ri-one/ri_one_master_ws/install/kobuki_ros_interfaces/share/kobuki_ros_interfaces/msg/BumperEvent.msg
[2.207s] -- Up-to-date symlink: /home/ri-one/ri_one_master_ws/install/kobuki_ros_interfaces/share/kobuki_ros_interfaces/msg/CliffEvent.msg
[2.207s] -- Up-to-date symlink: /home/ri-one/ri_one_master_ws/install/kobuki_ros_interfaces/share/kobuki_ros_interfaces/msg/DigitalOutput.msg
[2.207s] -- Up-to-date symlink: /home/ri-one/ri_one_master_ws/install/kobuki_ros_interfaces/share/kobuki_ros_interfaces/msg/ExternalPower.msg
[2.207s] -- Up-to-date symlink: /home/ri-one/ri_one_master_ws/install/kobuki_ros_interfaces/share/kobuki_ros_interfaces/msg/Led.msg
[2.207s] -- Up-to-date symlink: /home/ri-one/ri_one_master_ws/install/kobuki_ros_interfaces/share/kobuki_ros_interfaces/msg/PowerSystemEvent.msg
[2.208s] -- Up-to-date symlink: /home/ri-one/ri_one_master_ws/install/kobuki_ros_interfaces/share/kobuki_ros_interfaces/msg/SensorState.msg
[2.208s] -- Up-to-date symlink: /home/ri-one/ri_one_master_ws/install/kobuki_ros_interfaces/share/kobuki_ros_interfaces/msg/VersionInfo.msg
[2.208s] -- Up-to-date symlink: /home/ri-one/ri_one_master_ws/install/kobuki_ros_interfaces/share/kobuki_ros_interfaces/msg/ControllerInfo.msg
[2.208s] -- Up-to-date symlink: /home/ri-one/ri_one_master_ws/install/kobuki_ros_interfaces/share/kobuki_ros_interfaces/msg/ButtonEvent.msg
[2.208s] -- Up-to-date symlink: /home/ri-one/ri_one_master_ws/install/kobuki_ros_interfaces/share/kobuki_ros_interfaces/msg/DigitalInputEvent.msg
[2.208s] -- Up-to-date symlink: /home/ri-one/ri_one_master_ws/install/kobuki_ros_interfaces/share/kobuki_ros_interfaces/msg/DockInfraRed.msg
[2.208s] -- Up-to-date symlink: /home/ri-one/ri_one_master_ws/install/kobuki_ros_interfaces/share/kobuki_ros_interfaces/msg/KeyboardInput.msg
[2.208s] -- Up-to-date symlink: /home/ri-one/ri_one_master_ws/install/kobuki_ros_interfaces/share/kobuki_ros_interfaces/msg/MotorPower.msg
[2.209s] -- Up-to-date symlink: /home/ri-one/ri_one_master_ws/install/kobuki_ros_interfaces/share/kobuki_ros_interfaces/msg/RobotStateEvent.msg
[2.209s] -- Up-to-date symlink: /home/ri-one/ri_one_master_ws/install/kobuki_ros_interfaces/share/kobuki_ros_interfaces/msg/Sound.msg
[2.209s] -- Up-to-date symlink: /home/ri-one/ri_one_master_ws/install/kobuki_ros_interfaces/share/kobuki_ros_interfaces/msg/ScanAngle.msg
[2.209s] -- Up-to-date symlink: /home/ri-one/ri_one_master_ws/install/kobuki_ros_interfaces/share/kobuki_ros_interfaces/msg/WheelDropEvent.msg
[2.209s] -- Up-to-date symlink: /home/ri-one/ri_one_master_ws/install/kobuki_ros_interfaces/share/kobuki_ros_interfaces/action/AutoDocking.action
[2.212s] -- Up-to-date symlink: /home/ri-one/ri_one_master_ws/install/kobuki_ros_interfaces/share/ament_index/resource_index/package_run_dependencies/kobuki_ros_interfaces
[2.213s] -- Up-to-date symlink: /home/ri-one/ri_one_master_ws/install/kobuki_ros_interfaces/share/ament_index/resource_index/parent_prefix_path/kobuki_ros_interfaces
[2.213s] -- Up-to-date symlink: /home/ri-one/ri_one_master_ws/install/kobuki_ros_interfaces/share/kobuki_ros_interfaces/environment/ament_prefix_path.sh
[2.216s] -- Up-to-date symlink: /home/ri-one/ri_one_master_ws/install/kobuki_ros_interfaces/share/kobuki_ros_interfaces/environment/ament_prefix_path.dsv
[2.216s] -- Up-to-date symlink: /home/ri-one/ri_one_master_ws/install/kobuki_ros_interfaces/share/kobuki_ros_interfaces/environment/path.sh
[2.216s] -- Up-to-date symlink: /home/ri-one/ri_one_master_ws/install/kobuki_ros_interfaces/share/kobuki_ros_interfaces/environment/path.dsv
[2.217s] -- Up-to-date symlink: /home/ri-one/ri_one_master_ws/install/kobuki_ros_interfaces/share/kobuki_ros_interfaces/local_setup.bash
[2.217s] -- Up-to-date symlink: /home/ri-one/ri_one_master_ws/install/kobuki_ros_interfaces/share/kobuki_ros_interfaces/local_setup.sh
[2.217s] -- Up-to-date symlink: /home/ri-one/ri_one_master_ws/install/kobuki_ros_interfaces/share/kobuki_ros_interfaces/local_setup.zsh
[2.217s] -- Up-to-date symlink: /home/ri-one/ri_one_master_ws/install/kobuki_ros_interfaces/share/kobuki_ros_interfaces/local_setup.dsv
[2.217s] -- Symlinking: /home/ri-one/ri_one_master_ws/install/kobuki_ros_interfaces/share/kobuki_ros_interfaces/package.dsv
[2.241s] -- Up-to-date symlink: /home/ri-one/ri_one_master_ws/install/kobuki_ros_interfaces/share/ament_index/resource_index/packages/kobuki_ros_interfaces
[2.241s] -- Up-to-date symlink: /home/ri-one/ri_one_master_ws/install/kobuki_ros_interfaces/share/kobuki_ros_interfaces/cmake/rosidl_cmake-extras.cmake
[2.241s] -- Up-to-date symlink: /home/ri-one/ri_one_master_ws/install/kobuki_ros_interfaces/share/kobuki_ros_interfaces/cmake/ament_cmake_export_dependencies-extras.cmake
[2.241s] -- Up-to-date symlink: /home/ri-one/ri_one_master_ws/install/kobuki_ros_interfaces/share/kobuki_ros_interfaces/cmake/ament_cmake_export_include_directories-extras.cmake
[2.241s] -- Up-to-date symlink: /home/ri-one/ri_one_master_ws/install/kobuki_ros_interfaces/share/kobuki_ros_interfaces/cmake/ament_cmake_export_libraries-extras.cmake
[2.241s] -- Up-to-date symlink: /home/ri-one/ri_one_master_ws/install/kobuki_ros_interfaces/share/kobuki_ros_interfaces/cmake/ament_cmake_export_targets-extras.cmake
[2.242s] -- Up-to-date symlink: /home/ri-one/ri_one_master_ws/install/kobuki_ros_interfaces/share/kobuki_ros_interfaces/cmake/rosidl_cmake_export_typesupport_targets-extras.cmake
[2.242s] -- Up-to-date symlink: /home/ri-one/ri_one_master_ws/install/kobuki_ros_interfaces/share/kobuki_ros_interfaces/cmake/rosidl_cmake_export_typesupport_libraries-extras.cmake
[2.242s] -- Up-to-date symlink: /home/ri-one/ri_one_master_ws/install/kobuki_ros_interfaces/share/kobuki_ros_interfaces/cmake/kobuki_ros_interfacesConfig.cmake
[2.242s] -- Up-to-date symlink: /home/ri-one/ri_one_master_ws/install/kobuki_ros_interfaces/share/kobuki_ros_interfaces/cmake/kobuki_ros_interfacesConfig-version.cmake
[2.242s] -- Up-to-date symlink: /home/ri-one/ri_one_master_ws/install/kobuki_ros_interfaces/share/kobuki_ros_interfaces/package.xml
[2.242s] -- Up-to-date: /home/ri-one/ri_one_master_ws/install/kobuki_ros_interfaces/lib/libkobuki_ros_interfaces__rosidl_generator_c.so
[2.242s] -- Up-to-date: /home/ri-one/ri_one_master_ws/install/kobuki_ros_interfaces/lib/libkobuki_ros_interfaces__rosidl_typesupport_fastrtps_c.so
[2.242s] -- Up-to-date: /home/ri-one/ri_one_master_ws/install/kobuki_ros_interfaces/lib/libkobuki_ros_interfaces__rosidl_typesupport_fastrtps_cpp.so
[2.242s] -- Up-to-date: /home/ri-one/ri_one_master_ws/install/kobuki_ros_interfaces/lib/libkobuki_ros_interfaces__rosidl_typesupport_introspection_c.so
[2.243s] -- Up-to-date: /home/ri-one/ri_one_master_ws/install/kobuki_ros_interfaces/lib/libkobuki_ros_interfaces__rosidl_typesupport_c.so
[2.243s] -- Up-to-date: /home/ri-one/ri_one_master_ws/install/kobuki_ros_interfaces/lib/libkobuki_ros_interfaces__rosidl_typesupport_introspection_cpp.so
[2.243s] -- Up-to-date: /home/ri-one/ri_one_master_ws/install/kobuki_ros_interfaces/lib/libkobuki_ros_interfaces__rosidl_typesupport_cpp.so
[2.374s] Listing '/home/ri-one/ri_one_master_ws/install/kobuki_ros_interfaces/local/lib/python3.10/dist-packages/kobuki_ros_interfaces'...
[2.375s] Listing '/home/ri-one/ri_one_master_ws/install/kobuki_ros_interfaces/local/lib/python3.10/dist-packages/kobuki_ros_interfaces/action'...
[2.375s] Listing '/home/ri-one/ri_one_master_ws/install/kobuki_ros_interfaces/local/lib/python3.10/dist-packages/kobuki_ros_interfaces/msg'...
[2.388s] -- Up-to-date: /home/ri-one/ri_one_master_ws/install/kobuki_ros_interfaces/lib/libkobuki_ros_interfaces__rosidl_generator_py.so
[2.389s] -- Up-to-date: /home/ri-one/ri_one_master_ws/install/kobuki_ros_interfaces/share/kobuki_ros_interfaces/cmake/export_kobuki_ros_interfaces__rosidl_generator_cExport.cmake
[2.392s] -- Up-to-date: /home/ri-one/ri_one_master_ws/install/kobuki_ros_interfaces/share/kobuki_ros_interfaces/cmake/export_kobuki_ros_interfaces__rosidl_generator_cExport-noconfig.cmake
[2.394s] -- Up-to-date: /home/ri-one/ri_one_master_ws/install/kobuki_ros_interfaces/share/kobuki_ros_interfaces/cmake/export_kobuki_ros_interfaces__rosidl_typesupport_fastrtps_cExport.cmake
[2.394s] -- Up-to-date: /home/ri-one/ri_one_master_ws/install/kobuki_ros_interfaces/share/kobuki_ros_interfaces/cmake/export_kobuki_ros_interfaces__rosidl_typesupport_fastrtps_cExport-noconfig.cmake
[2.394s] -- Up-to-date: /home/ri-one/ri_one_master_ws/install/kobuki_ros_interfaces/share/kobuki_ros_interfaces/cmake/export_kobuki_ros_interfaces__rosidl_generator_cppExport.cmake
[2.395s] -- Up-to-date: /home/ri-one/ri_one_master_ws/install/kobuki_ros_interfaces/share/kobuki_ros_interfaces/cmake/export_kobuki_ros_interfaces__rosidl_typesupport_fastrtps_cppExport.cmake
[2.397s] -- Up-to-date: /home/ri-one/ri_one_master_ws/install/kobuki_ros_interfaces/share/kobuki_ros_interfaces/cmake/export_kobuki_ros_interfaces__rosidl_typesupport_fastrtps_cppExport-noconfig.cmake
[2.398s] -- Up-to-date: /home/ri-one/ri_one_master_ws/install/kobuki_ros_interfaces/share/kobuki_ros_interfaces/cmake/kobuki_ros_interfaces__rosidl_typesupport_introspection_cExport.cmake
[2.399s] -- Up-to-date: /home/ri-one/ri_one_master_ws/install/kobuki_ros_interfaces/share/kobuki_ros_interfaces/cmake/kobuki_ros_interfaces__rosidl_typesupport_introspection_cExport-noconfig.cmake
[2.399s] -- Up-to-date: /home/ri-one/ri_one_master_ws/install/kobuki_ros_interfaces/share/kobuki_ros_interfaces/cmake/kobuki_ros_interfaces__rosidl_typesupport_cExport.cmake
[2.399s] -- Up-to-date: /home/ri-one/ri_one_master_ws/install/kobuki_ros_interfaces/share/kobuki_ros_interfaces/cmake/kobuki_ros_interfaces__rosidl_typesupport_cExport-noconfig.cmake
[2.399s] -- Up-to-date: /home/ri-one/ri_one_master_ws/install/kobuki_ros_interfaces/share/kobuki_ros_interfaces/cmake/kobuki_ros_interfaces__rosidl_typesupport_introspection_cppExport.cmake
[2.399s] -- Up-to-date: /home/ri-one/ri_one_master_ws/install/kobuki_ros_interfaces/share/kobuki_ros_interfaces/cmake/kobuki_ros_interfaces__rosidl_typesupport_introspection_cppExport-noconfig.cmake
[2.400s] -- Up-to-date: /home/ri-one/ri_one_master_ws/install/kobuki_ros_interfaces/share/kobuki_ros_interfaces/cmake/kobuki_ros_interfaces__rosidl_typesupport_cppExport.cmake
[2.400s] -- Up-to-date: /home/ri-one/ri_one_master_ws/install/kobuki_ros_interfaces/share/kobuki_ros_interfaces/cmake/kobuki_ros_interfaces__rosidl_typesupport_cppExport-noconfig.cmake
[2.401s] -- Up-to-date: /home/ri-one/ri_one_master_ws/install/kobuki_ros_interfaces/share/kobuki_ros_interfaces/cmake/export_kobuki_ros_interfaces__rosidl_generator_pyExport.cmake
[2.401s] -- Up-to-date: /home/ri-one/ri_one_master_ws/install/kobuki_ros_interfaces/share/kobuki_ros_interfaces/cmake/export_kobuki_ros_interfaces__rosidl_generator_pyExport-noconfig.cmake
[2.417s] Invoked command in '/home/ri-one/ri_one_master_ws/build/kobuki_ros_interfaces' returned '0': CMAKE_PREFIX_PATH=${CMAKE_PREFIX_PATH}:/home/ri-one/ri_one_master_ws/install/ros2_tests:/home/ri-one/ri_one_master_ws/install/realsense_vision:/home/ri-one/ri_one_master_ws/install/realsense2_ros_mqtt_bridge:/home/ri-one/ri_one_master_ws/install/gesture_to_motion:/home/ri-one/ri_one_master_ws/install/gesture_detection:/opt/ros/humble /usr/bin/cmake --install /home/ri-one/ri_one_master_ws/build/kobuki_ros_interfaces
