[0.023s] Invoking command in '/home/ri-one/ri_one_master_ws/build/ros2_kinect_tilt': CMAKE_PREFIX_PATH=/opt/ros/humble /usr/bin/cmake --build /home/ri-one/ri_one_master_ws/build/ros2_kinect_tilt -- -j4 -l4
[0.154s] [100%] Built target ros2_kinect_tilt_node
[0.193s] Invoked command in '/home/ri-one/ri_one_master_ws/build/ros2_kinect_tilt' returned '0': CMAKE_PREFIX_PATH=/opt/ros/humble /usr/bin/cmake --build /home/ri-one/ri_one_master_ws/build/ros2_kinect_tilt -- -j4 -l4
[0.201s] Invoking command in '/home/ri-one/ri_one_master_ws/build/ros2_kinect_tilt': CMAKE_PREFIX_PATH=/opt/ros/humble /usr/bin/cmake --install /home/ri-one/ri_one_master_ws/build/ros2_kinect_tilt
[0.215s] -- Install configuration: ""
[0.216s] -- Execute custom install script
[0.217s] -- Up-to-date symlink: /home/ri-one/ri_one_master_ws/install/ros2_kinect_tilt/lib/ros2_kinect_tilt/ros2_kinect_tilt_node
[0.218s] -- Up-to-date symlink: /home/ri-one/ri_one_master_ws/install/ros2_kinect_tilt/share/ament_index/resource_index/package_run_dependencies/ros2_kinect_tilt
[0.218s] -- Up-to-date symlink: /home/ri-one/ri_one_master_ws/install/ros2_kinect_tilt/share/ament_index/resource_index/parent_prefix_path/ros2_kinect_tilt
[0.225s] -- Up-to-date symlink: /home/ri-one/ri_one_master_ws/install/ros2_kinect_tilt/share/ros2_kinect_tilt/environment/ament_prefix_path.sh
[0.225s] -- Up-to-date symlink: /home/ri-one/ri_one_master_ws/install/ros2_kinect_tilt/share/ros2_kinect_tilt/environment/ament_prefix_path.dsv
[0.225s] -- Up-to-date symlink: /home/ri-one/ri_one_master_ws/install/ros2_kinect_tilt/share/ros2_kinect_tilt/environment/path.sh
[0.225s] -- Up-to-date symlink: /home/ri-one/ri_one_master_ws/install/ros2_kinect_tilt/share/ros2_kinect_tilt/environment/path.dsv
[0.226s] -- Up-to-date symlink: /home/ri-one/ri_one_master_ws/install/ros2_kinect_tilt/share/ros2_kinect_tilt/local_setup.bash
[0.227s] -- Up-to-date symlink: /home/ri-one/ri_one_master_ws/install/ros2_kinect_tilt/share/ros2_kinect_tilt/local_setup.sh
[0.227s] -- Up-to-date symlink: /home/ri-one/ri_one_master_ws/install/ros2_kinect_tilt/share/ros2_kinect_tilt/local_setup.zsh
[0.227s] -- Up-to-date symlink: /home/ri-one/ri_one_master_ws/install/ros2_kinect_tilt/share/ros2_kinect_tilt/local_setup.dsv
[0.227s] -- Symlinking: /home/ri-one/ri_one_master_ws/install/ros2_kinect_tilt/share/ros2_kinect_tilt/package.dsv
[0.250s] -- Up-to-date symlink: /home/ri-one/ri_one_master_ws/install/ros2_kinect_tilt/share/ament_index/resource_index/packages/ros2_kinect_tilt
[0.250s] -- Up-to-date symlink: /home/ri-one/ri_one_master_ws/install/ros2_kinect_tilt/share/ros2_kinect_tilt/cmake/ros2_kinect_tiltConfig.cmake
[0.250s] -- Up-to-date symlink: /home/ri-one/ri_one_master_ws/install/ros2_kinect_tilt/share/ros2_kinect_tilt/cmake/ros2_kinect_tiltConfig-version.cmake
[0.250s] -- Up-to-date symlink: /home/ri-one/ri_one_master_ws/install/ros2_kinect_tilt/share/ros2_kinect_tilt/package.xml
[0.282s] Invoked command in '/home/ri-one/ri_one_master_ws/build/ros2_kinect_tilt' returned '0': CMAKE_PREFIX_PATH=/opt/ros/humble /usr/bin/cmake --install /home/ri-one/ri_one_master_ws/build/ros2_kinect_tilt
