[0.084s] Invoking command in '/home/ri-one/ri_one_master_ws/build/realsense2_camera': CMAKE_PREFIX_PATH=/home/ri-one/ri_one_master_ws/install/realsense2_camera_msgs:/home/ri-one/ri_one_master_ws/install/ecl_filesystem:/home/ri-one/ri_one_master_ws/install/kinect2_calibration:/home/ri-one/ri_one_master_ws/install/ros2_kinect_mic_node:/home/ri-one/ri_one_master_ws/install/realsense2_rviz_plugin:/home/ri-one/ri_one_master_ws/install/realsense2_description:/home/ri-one/ri_one_master_ws/install/kobuki_node:/home/ri-one/ri_one_master_ws/install/kobuki_auto_docking:/home/ri-one/ri_one_master_ws/install/kobuki_core:/home/ri-one/ri_one_master_ws/install/ros2_kinect_tilt:/home/ri-one/ri_one_master_ws/install/ecl_core_apps:/home/ri-one/ri_one_master_ws/install/ecl_mobile_robot:/home/ri-one/ri_one_master_ws/install/ros2_kinect_rgb:/home/ri-one/ri_one_master_ws/install/ros2_kinect_led:/home/ri-one/ri_one_master_ws/install/ros2_kinect_depth:/home/ri-one/ri_one_master_ws/install/kobuki_safety_controller:/home/ri-one/ri_one_master_ws/install/kobuki_random_walker:/home/ri-one/ri_one_master_ws/install/kobuki_keyop:/home/ri-one/ri_one_master_ws/install/kobuki_bumper2pc:/home/ri-one/ri_one_master_ws/install/kobuki_ros_interfaces:/home/ri-one/ri_one_master_ws/install/kobuki_description:/home/ri-one/ri_one_master_ws/install/kinect_ros2:/home/ri-one/ri_one_master_ws/install/kinect2_bridge:/home/ri-one/ri_one_master_ws/install/kinect2_registration:/home/ri-one/ri_one_master_ws/install/ecl_streams:/home/ri-one/ri_one_master_ws/install/ecl_sigslots:/home/ri-one/ri_one_master_ws/install/ecl_ipc:/home/ri-one/ri_one_master_ws/install/ecl_devices:/home/ri-one/ri_one_master_ws/install/ecl_threads:/home/ri-one/ri_one_master_ws/install/ecl_geometry:/home/ri-one/ri_one_master_ws/install/ecl_containers:/home/ri-one/ri_one_master_ws/install/ecl_utilities:/home/ri-one/ri_one_master_ws/install/ecl_statistics:/home/ri-one/ri_one_master_ws/install/ecl_linear_algebra:/home/ri-one/ri_one_master_ws/install/ecl_math:/home/ri-one/ri_one_master_ws/install/ecl_formatters:/home/ri-one/ri_one_master_ws/install/ecl_converters:/home/ri-one/ri_one_master_ws/install/ecl_concepts:/home/ri-one/ri_one_master_ws/install/ecl_type_traits:/home/ri-one/ri_one_master_ws/install/ecl_time:/home/ri-one/ri_one_master_ws/install/ecl_time_lite:/home/ri-one/ri_one_master_ws/install/ecl_sigslots_lite:/home/ri-one/ri_one_master_ws/install/ecl_mpl:/home/ri-one/ri_one_master_ws/install/ecl_io:/home/ri-one/ri_one_master_ws/install/ecl_exceptions:/home/ri-one/ri_one_master_ws/install/ecl_errors:/home/ri-one/ri_one_master_ws/install/ecl_eigen:/home/ri-one/ri_one_master_ws/install/ecl_converters_lite:/home/ri-one/ri_one_master_ws/install/ecl_console:/home/ri-one/ri_one_master_ws/install/ecl_config:/home/ri-one/ri_one_master_ws/install/ecl_command_line:/home/ri-one/ri_one_master_ws/install/cmd_vel_mux:/home/ri-one/ri_one_master_ws/install/audio_common:/home/ri-one/ri_one_master_ws/install/audio_common_msgs:/home/ri-one/ri_one_master_ws/install/ros2_tests:/home/ri-one/ri_one_master_ws/install/realsense_vision:/home/ri-one/ri_one_master_ws/install/realsense2_ros_mqtt_bridge:/home/ri-one/ri_one_master_ws/install/gesture_to_motion:/home/ri-one/ri_one_master_ws/install/gesture_detection:/opt/ros/humble LD_LIBRARY_PATH=/home/ri-one/ri_one_master_ws/install/realsense2_camera_msgs/lib:/home/ri-one/ri_one_master_ws/install/kobuki_node/lib:/home/ri-one/ri_one_master_ws/install/kobuki_auto_docking/lib:/home/ri-one/ri_one_master_ws/install/kobuki_core/lib:/home/ri-one/ri_one_master_ws/install/ecl_filesystem/lib:/home/ri-one/ri_one_master_ws/install/ecl_mobile_robot/lib:/home/ri-one/ri_one_master_ws/install/kobuki_safety_controller/lib:/home/ri-one/ri_one_master_ws/install/kobuki_random_walker/lib:/home/ri-one/ri_one_master_ws/install/kobuki_keyop/lib:/home/ri-one/ri_one_master_ws/install/kobuki_bumper2pc/lib:/home/ri-one/ri_one_master_ws/install/kobuki_ros_interfaces/lib:/home/ri-one/ri_one_master_ws/install/kinect2_registration/lib:/home/ri-one/ri_one_master_ws/install/ecl_streams/lib:/home/ri-one/ri_one_master_ws/install/ecl_ipc/lib:/home/ri-one/ri_one_master_ws/install/ecl_devices/lib:/home/ri-one/ri_one_master_ws/install/ecl_threads/lib:/home/ri-one/ri_one_master_ws/install/ecl_geometry/lib:/home/ri-one/ri_one_master_ws/install/ecl_statistics/lib:/home/ri-one/ri_one_master_ws/install/ecl_linear_algebra/lib:/home/ri-one/ri_one_master_ws/install/ecl_formatters/lib:/home/ri-one/ri_one_master_ws/install/ecl_type_traits/lib:/home/ri-one/ri_one_master_ws/install/ecl_time/lib:/home/ri-one/ri_one_master_ws/install/ecl_time_lite/lib:/home/ri-one/ri_one_master_ws/install/ecl_io/lib:/home/ri-one/ri_one_master_ws/install/ecl_exceptions/lib:/home/ri-one/ri_one_master_ws/install/ecl_errors/lib:/home/ri-one/ri_one_master_ws/install/cmd_vel_mux/lib:/home/ri-one/ri_one_master_ws/install/audio_common_msgs/lib:/opt/ros/humble/opt/rviz_ogre_vendor/lib:/opt/ros/humble/lib/x86_64-linux-gnu:/opt/ros/humble/lib /usr/bin/cmake /home/ri-one/ri_one_master_ws/src/realsense-ros/realsense2_camera -DAMENT_CMAKE_SYMLINK_INSTALL=1 -DCMAKE_INSTALL_PREFIX=/home/ri-one/ri_one_master_ws/install/realsense2_camera
[0.114s] -- Create Release Build.
[0.115s] -- Found ament_cmake: 1.3.12 (/opt/ros/humble/share/ament_cmake/cmake)
[0.454s] -- Override CMake install command with custom implementation using symlinks instead of copying resources
[0.465s] -- Found builtin_interfaces: 1.2.2 (/opt/ros/humble/share/builtin_interfaces/cmake)
[0.534s] -- Found rosidl_generator_c: 3.1.7 (/opt/ros/humble/share/rosidl_generator_c/cmake)
[0.541s] -- Found rosidl_adapter: 3.1.7 (/opt/ros/humble/share/rosidl_adapter/cmake)
[0.556s] -- Found rosidl_generator_cpp: 3.1.7 (/opt/ros/humble/share/rosidl_generator_cpp/cmake)
[0.587s] -- Using all available rosidl_typesupport_c: rosidl_typesupport_fastrtps_c;rosidl_typesupport_introspection_c
[0.627s] -- Using all available rosidl_typesupport_cpp: rosidl_typesupport_fastrtps_cpp;rosidl_typesupport_introspection_cpp
[0.660s] -- Found rclcpp: 16.0.15 (/opt/ros/humble/share/rclcpp/cmake)
[0.726s] -- Found rmw_implementation_cmake: 6.1.2 (/opt/ros/humble/share/rmw_implementation_cmake/cmake)
[0.738s] -- Found rmw_fastrtps_cpp: 6.2.9 (/opt/ros/humble/share/rmw_fastrtps_cpp/cmake)
[0.995s] -- Using RMW implementation 'rmw_fastrtps_cpp' as default
[1.118s] -- Found rclcpp_action: 16.0.15 (/opt/ros/humble/share/rclcpp_action/cmake)
[1.214s] -- Found realsense2_camera_msgs: 4.57.6 (/home/ri-one/ri_one_master_ws/install/realsense2_camera_msgs/share/realsense2_camera_msgs/cmake)
[1.350s] -- Found std_srvs: 4.9.0 (/opt/ros/humble/share/std_srvs/cmake)
[1.370s] -- Found nav_msgs: 4.9.0 (/opt/ros/humble/share/nav_msgs/cmake)
[1.418s] -- Found tf2_ros: 0.25.16 (/opt/ros/humble/share/tf2_ros/cmake)
[1.559s] -- Found diagnostic_updater: 4.0.6 (/opt/ros/humble/share/diagnostic_updater/cmake)
[1.606s] -- Found image_transport: 3.1.12 (/opt/ros/humble/share/image_transport/cmake)
[1.659s] -- Found cv_bridge: 3.2.1 (/opt/ros/humble/share/cv_bridge/cmake)
[1.699s] [33mCMake Warning at CMakeLists.txt:155 (find_package):
[1.699s]   Could not find a configuration file for package "realsense2" that is
[1.699s]   compatible with requested version "2.56.6".
[1.699s] 
[1.699s]   The following configuration files were considered but not accepted:
[1.699s] 
[1.699s]     /usr/lib/x86_64-linux-gnu/cmake/realsense2/realsense2Config.cmake, version: 2.56.5
[1.700s]     /opt/ros/humble/lib/x86_64-linux-gnu/cmake/realsense2/realsense2Config.cmake, version: 2.56.4
[1.700s]     /lib/x86_64-linux-gnu/cmake/realsense2/realsense2Config.cmake, version: 2.56.5
[1.700s] 
[1.700s] 
[1.704s] [0m
[1.704s] [31mCMake Error at CMakeLists.txt:160 (message):
[1.705s]   
[1.705s] 
[1.705s]   
[1.705s] 
[1.705s]    RealSense SDK 2.0 is missing, please install it from https://github.com/realsenseai/librealsense/releases
[1.705s] 
[1.705s]   
[1.705s] 
[1.708s] 
[1.708s] [0m
[1.708s] -- Configuring incomplete, errors occurred!
[1.708s] See also "/home/ri-one/ri_one_master_ws/build/realsense2_camera/CMakeFiles/CMakeOutput.log".
[1.731s] Invoked command in '/home/ri-one/ri_one_master_ws/build/realsense2_camera' returned '1': CMAKE_PREFIX_PATH=/home/ri-one/ri_one_master_ws/install/realsense2_camera_msgs:/home/ri-one/ri_one_master_ws/install/ecl_filesystem:/home/ri-one/ri_one_master_ws/install/kinect2_calibration:/home/ri-one/ri_one_master_ws/install/ros2_kinect_mic_node:/home/ri-one/ri_one_master_ws/install/realsense2_rviz_plugin:/home/ri-one/ri_one_master_ws/install/realsense2_description:/home/ri-one/ri_one_master_ws/install/kobuki_node:/home/ri-one/ri_one_master_ws/install/kobuki_auto_docking:/home/ri-one/ri_one_master_ws/install/kobuki_core:/home/ri-one/ri_one_master_ws/install/ros2_kinect_tilt:/home/ri-one/ri_one_master_ws/install/ecl_core_apps:/home/ri-one/ri_one_master_ws/install/ecl_mobile_robot:/home/ri-one/ri_one_master_ws/install/ros2_kinect_rgb:/home/ri-one/ri_one_master_ws/install/ros2_kinect_led:/home/ri-one/ri_one_master_ws/install/ros2_kinect_depth:/home/ri-one/ri_one_master_ws/install/kobuki_safety_controller:/home/ri-one/ri_one_master_ws/install/kobuki_random_walker:/home/ri-one/ri_one_master_ws/install/kobuki_keyop:/home/ri-one/ri_one_master_ws/install/kobuki_bumper2pc:/home/ri-one/ri_one_master_ws/install/kobuki_ros_interfaces:/home/ri-one/ri_one_master_ws/install/kobuki_description:/home/ri-one/ri_one_master_ws/install/kinect_ros2:/home/ri-one/ri_one_master_ws/install/kinect2_bridge:/home/ri-one/ri_one_master_ws/install/kinect2_registration:/home/ri-one/ri_one_master_ws/install/ecl_streams:/home/ri-one/ri_one_master_ws/install/ecl_sigslots:/home/ri-one/ri_one_master_ws/install/ecl_ipc:/home/ri-one/ri_one_master_ws/install/ecl_devices:/home/ri-one/ri_one_master_ws/install/ecl_threads:/home/ri-one/ri_one_master_ws/install/ecl_geometry:/home/ri-one/ri_one_master_ws/install/ecl_containers:/home/ri-one/ri_one_master_ws/install/ecl_utilities:/home/ri-one/ri_one_master_ws/install/ecl_statistics:/home/ri-one/ri_one_master_ws/install/ecl_linear_algebra:/home/ri-one/ri_one_master_ws/install/ecl_math:/home/ri-one/ri_one_master_ws/install/ecl_formatters:/home/ri-one/ri_one_master_ws/install/ecl_converters:/home/ri-one/ri_one_master_ws/install/ecl_concepts:/home/ri-one/ri_one_master_ws/install/ecl_type_traits:/home/ri-one/ri_one_master_ws/install/ecl_time:/home/ri-one/ri_one_master_ws/install/ecl_time_lite:/home/ri-one/ri_one_master_ws/install/ecl_sigslots_lite:/home/ri-one/ri_one_master_ws/install/ecl_mpl:/home/ri-one/ri_one_master_ws/install/ecl_io:/home/ri-one/ri_one_master_ws/install/ecl_exceptions:/home/ri-one/ri_one_master_ws/install/ecl_errors:/home/ri-one/ri_one_master_ws/install/ecl_eigen:/home/ri-one/ri_one_master_ws/install/ecl_converters_lite:/home/ri-one/ri_one_master_ws/install/ecl_console:/home/ri-one/ri_one_master_ws/install/ecl_config:/home/ri-one/ri_one_master_ws/install/ecl_command_line:/home/ri-one/ri_one_master_ws/install/cmd_vel_mux:/home/ri-one/ri_one_master_ws/install/audio_common:/home/ri-one/ri_one_master_ws/install/audio_common_msgs:/home/ri-one/ri_one_master_ws/install/ros2_tests:/home/ri-one/ri_one_master_ws/install/realsense_vision:/home/ri-one/ri_one_master_ws/install/realsense2_ros_mqtt_bridge:/home/ri-one/ri_one_master_ws/install/gesture_to_motion:/home/ri-one/ri_one_master_ws/install/gesture_detection:/opt/ros/humble LD_LIBRARY_PATH=/home/ri-one/ri_one_master_ws/install/realsense2_camera_msgs/lib:/home/ri-one/ri_one_master_ws/install/kobuki_node/lib:/home/ri-one/ri_one_master_ws/install/kobuki_auto_docking/lib:/home/ri-one/ri_one_master_ws/install/kobuki_core/lib:/home/ri-one/ri_one_master_ws/install/ecl_filesystem/lib:/home/ri-one/ri_one_master_ws/install/ecl_mobile_robot/lib:/home/ri-one/ri_one_master_ws/install/kobuki_safety_controller/lib:/home/ri-one/ri_one_master_ws/install/kobuki_random_walker/lib:/home/ri-one/ri_one_master_ws/install/kobuki_keyop/lib:/home/ri-one/ri_one_master_ws/install/kobuki_bumper2pc/lib:/home/ri-one/ri_one_master_ws/install/kobuki_ros_interfaces/lib:/home/ri-one/ri_one_master_ws/install/kinect2_registration/lib:/home/ri-one/ri_one_master_ws/install/ecl_streams/lib:/home/ri-one/ri_one_master_ws/install/ecl_ipc/lib:/home/ri-one/ri_one_master_ws/install/ecl_devices/lib:/home/ri-one/ri_one_master_ws/install/ecl_threads/lib:/home/ri-one/ri_one_master_ws/install/ecl_geometry/lib:/home/ri-one/ri_one_master_ws/install/ecl_statistics/lib:/home/ri-one/ri_one_master_ws/install/ecl_linear_algebra/lib:/home/ri-one/ri_one_master_ws/install/ecl_formatters/lib:/home/ri-one/ri_one_master_ws/install/ecl_type_traits/lib:/home/ri-one/ri_one_master_ws/install/ecl_time/lib:/home/ri-one/ri_one_master_ws/install/ecl_time_lite/lib:/home/ri-one/ri_one_master_ws/install/ecl_io/lib:/home/ri-one/ri_one_master_ws/install/ecl_exceptions/lib:/home/ri-one/ri_one_master_ws/install/ecl_errors/lib:/home/ri-one/ri_one_master_ws/install/cmd_vel_mux/lib:/home/ri-one/ri_one_master_ws/install/audio_common_msgs/lib:/opt/ros/humble/opt/rviz_ogre_vendor/lib:/opt/ros/humble/lib/x86_64-linux-gnu:/opt/ros/humble/lib /usr/bin/cmake /home/ri-one/ri_one_master_ws/src/realsense-ros/realsense2_camera -DAMENT_CMAKE_SYMLINK_INSTALL=1 -DCMAKE_INSTALL_PREFIX=/home/ri-one/ri_one_master_ws/install/realsense2_camera
