[0.058s] Invoking command in '/home/ri-one/ri_one_master_ws/build/ros2_kinect_led': CMAKE_PREFIX_PATH=${CMAKE_PREFIX_PATH}:/opt/ros/humble /usr/bin/cmake /home/ri-one/ri_one_master_ws/src/ros2_kinect_led -DAMENT_CMAKE_SYMLINK_INSTALL=1 -DCMAKE_INSTALL_PREFIX=/home/ri-one/ri_one_master_ws/install/ros2_kinect_led
[0.394s] -- The C compiler identification is GNU 11.4.0
[0.618s] -- The CXX compiler identification is GNU 11.4.0
[0.641s] -- Detecting C compiler ABI info
[0.938s] -- Detecting C compiler ABI info - done
[0.969s] -- Check for working C compiler: /usr/bin/cc - skipped
[0.972s] -- Detecting C compile features
[0.975s] -- Detecting C compile features - done
[0.987s] -- Detecting CXX compiler ABI info
[1.342s] -- Detecting CXX compiler ABI info - done
[1.378s] -- Check for working CXX compiler: /usr/bin/c++ - skipped
[1.380s] -- Detecting CXX compile features
[1.381s] -- Detecting CXX compile features - done
[1.403s] -- Found ament_cmake: 1.3.12 (/opt/ros/humble/share/ament_cmake/cmake)
[1.804s] -- Found Python3: /usr/bin/python3 (found version "3.10.12") found components: Interpreter 
[1.954s] -- Override CMake install command with custom implementation using symlinks instead of copying resources
[2.186s] -- Found rclcpp: 16.0.15 (/opt/ros/humble/share/rclcpp/cmake)
[2.431s] -- Found rosidl_generator_c: 3.1.7 (/opt/ros/humble/share/rosidl_generator_c/cmake)
[2.471s] -- Found rosidl_adapter: 3.1.7 (/opt/ros/humble/share/rosidl_adapter/cmake)
[2.513s] -- Found rosidl_generator_cpp: 3.1.7 (/opt/ros/humble/share/rosidl_generator_cpp/cmake)
[2.571s] -- Using all available rosidl_typesupport_c: rosidl_typesupport_fastrtps_c;rosidl_typesupport_introspection_c
[2.654s] -- Using all available rosidl_typesupport_cpp: rosidl_typesupport_fastrtps_cpp;rosidl_typesupport_introspection_cpp
[2.913s] -- Found rmw_implementation_cmake: 6.1.2 (/opt/ros/humble/share/rmw_implementation_cmake/cmake)
[2.938s] -- Found rmw_fastrtps_cpp: 6.2.9 (/opt/ros/humble/share/rmw_fastrtps_cpp/cmake)
[3.321s] -- Found OpenSSL: /usr/lib/x86_64-linux-gnu/libcrypto.so (found version "3.0.2")  
[3.410s] -- Found FastRTPS: /opt/ros/humble/include  
[3.540s] -- Using RMW implementation 'rmw_fastrtps_cpp' as default
[3.608s] -- Looking for pthread.h
[3.828s] -- Looking for pthread.h - found
[3.828s] -- Performing Test CMAKE_HAVE_LIBC_PTHREAD
[4.035s] -- Performing Test CMAKE_HAVE_LIBC_PTHREAD - Success
[4.038s] -- Found Threads: TRUE  
[4.242s] -- Found PkgConfig: /usr/bin/pkg-config (found version "0.29.2") 
[4.244s] -- Checking for module 'libfreenect'
[4.308s] --   Found libfreenect, version 0
[4.816s] -- Configuring done
[4.855s] -- Generating done
[4.871s] -- Build files have been written to: /home/ri-one/ri_one_master_ws/build/ros2_kinect_led
[4.917s] Invoked command in '/home/ri-one/ri_one_master_ws/build/ros2_kinect_led' returned '0': CMAKE_PREFIX_PATH=${CMAKE_PREFIX_PATH}:/opt/ros/humble /usr/bin/cmake /home/ri-one/ri_one_master_ws/src/ros2_kinect_led -DAMENT_CMAKE_SYMLINK_INSTALL=1 -DCMAKE_INSTALL_PREFIX=/home/ri-one/ri_one_master_ws/install/ros2_kinect_led
[4.918s] Invoking command in '/home/ri-one/ri_one_master_ws/build/ros2_kinect_led': CMAKE_PREFIX_PATH=${CMAKE_PREFIX_PATH}:/opt/ros/humble /usr/bin/cmake --build /home/ri-one/ri_one_master_ws/build/ros2_kinect_led -- -j4 -l4
[5.090s] [ 50%] [32mBuilding CXX object CMakeFiles/ros2_kinect_led_node.dir/src/ros2_kinect_led_node.cpp.o[0m
[26.999s] [100%] [32m[1mLinking CXX executable ros2_kinect_led_node[0m
[28.087s] [100%] Built target ros2_kinect_led_node
[28.126s] Invoked command in '/home/ri-one/ri_one_master_ws/build/ros2_kinect_led' returned '0': CMAKE_PREFIX_PATH=${CMAKE_PREFIX_PATH}:/opt/ros/humble /usr/bin/cmake --build /home/ri-one/ri_one_master_ws/build/ros2_kinect_led -- -j4 -l4
[28.127s] Invoking command in '/home/ri-one/ri_one_master_ws/build/ros2_kinect_led': CMAKE_PREFIX_PATH=${CMAKE_PREFIX_PATH}:/opt/ros/humble /usr/bin/cmake --install /home/ri-one/ri_one_master_ws/build/ros2_kinect_led
[28.152s] -- Install configuration: ""
[28.152s] -- Execute custom install script
[28.155s] -- Symlinking: /home/ri-one/ri_one_master_ws/install/ros2_kinect_led/lib/ros2_kinect_led/ros2_kinect_led_node
[28.182s] -- Symlinking: /home/ri-one/ri_one_master_ws/install/ros2_kinect_led/share/ament_index/resource_index/package_run_dependencies/ros2_kinect_led
[28.207s] -- Symlinking: /home/ri-one/ri_one_master_ws/install/ros2_kinect_led/share/ament_index/resource_index/parent_prefix_path/ros2_kinect_led
[28.233s] -- Symlinking: /home/ri-one/ri_one_master_ws/install/ros2_kinect_led/share/ros2_kinect_led/environment/ament_prefix_path.sh
[28.257s] -- Symlinking: /home/ri-one/ri_one_master_ws/install/ros2_kinect_led/share/ros2_kinect_led/environment/ament_prefix_path.dsv
[28.284s] -- Symlinking: /home/ri-one/ri_one_master_ws/install/ros2_kinect_led/share/ros2_kinect_led/environment/path.sh
[28.314s] -- Symlinking: /home/ri-one/ri_one_master_ws/install/ros2_kinect_led/share/ros2_kinect_led/environment/path.dsv
[28.333s] -- Symlinking: /home/ri-one/ri_one_master_ws/install/ros2_kinect_led/share/ros2_kinect_led/local_setup.bash
[28.358s] -- Symlinking: /home/ri-one/ri_one_master_ws/install/ros2_kinect_led/share/ros2_kinect_led/local_setup.sh
[28.384s] -- Symlinking: /home/ri-one/ri_one_master_ws/install/ros2_kinect_led/share/ros2_kinect_led/local_setup.zsh
[28.406s] -- Symlinking: /home/ri-one/ri_one_master_ws/install/ros2_kinect_led/share/ros2_kinect_led/local_setup.dsv
[28.430s] -- Symlinking: /home/ri-one/ri_one_master_ws/install/ros2_kinect_led/share/ros2_kinect_led/package.dsv
[28.464s] -- Symlinking: /home/ri-one/ri_one_master_ws/install/ros2_kinect_led/share/ament_index/resource_index/packages/ros2_kinect_led
[28.496s] -- Symlinking: /home/ri-one/ri_one_master_ws/install/ros2_kinect_led/share/ros2_kinect_led/cmake/ros2_kinect_ledConfig.cmake
[28.519s] -- Symlinking: /home/ri-one/ri_one_master_ws/install/ros2_kinect_led/share/ros2_kinect_led/cmake/ros2_kinect_ledConfig-version.cmake
[28.545s] -- Symlinking: /home/ri-one/ri_one_master_ws/install/ros2_kinect_led/share/ros2_kinect_led/package.xml
[28.584s] Invoked command in '/home/ri-one/ri_one_master_ws/build/ros2_kinect_led' returned '0': CMAKE_PREFIX_PATH=${CMAKE_PREFIX_PATH}:/opt/ros/humble /usr/bin/cmake --install /home/ri-one/ri_one_master_ws/build/ros2_kinect_led
