[0.031s] Invoking command in '/home/ri-one/ri_one_master_ws/build/kinect2_calibration': AMENT_PREFIX_PATH=/home/ri-one/ri_one_master_ws/install/kinect2_bridge:/home/ri-one/ri_one_master_ws/install/kinect2_registration:${AMENT_PREFIX_PATH} CMAKE_PREFIX_PATH=/home/ri-one/ri_one_master_ws/install/kinect2_bridge:/home/ri-one/ri_one_master_ws/install/kinect2_registration:/opt/ros/humble LD_LIBRARY_PATH=/home/ri-one/ri_one_master_ws/install/kinect2_registration/lib:${LD_LIBRARY_PATH} /usr/bin/cmake --build /home/ri-one/ri_one_master_ws/build/kinect2_calibration -- -j4 -l4
[0.232s] [100%] Built target kinect2_calibration_node
[0.262s] Invoked command in '/home/ri-one/ri_one_master_ws/build/kinect2_calibration' returned '0': AMENT_PREFIX_PATH=/home/ri-one/ri_one_master_ws/install/kinect2_bridge:/home/ri-one/ri_one_master_ws/install/kinect2_registration:${AMENT_PREFIX_PATH} CMAKE_PREFIX_PATH=/home/ri-one/ri_one_master_ws/install/kinect2_bridge:/home/ri-one/ri_one_master_ws/install/kinect2_registration:/opt/ros/humble LD_LIBRARY_PATH=/home/ri-one/ri_one_master_ws/install/kinect2_registration/lib:${LD_LIBRARY_PATH} /usr/bin/cmake --build /home/ri-one/ri_one_master_ws/build/kinect2_calibration -- -j4 -l4
[0.266s] Invoking command in '/home/ri-one/ri_one_master_ws/build/kinect2_calibration': AMENT_PREFIX_PATH=/home/ri-one/ri_one_master_ws/install/kinect2_bridge:/home/ri-one/ri_one_master_ws/install/kinect2_registration:${AMENT_PREFIX_PATH} CMAKE_PREFIX_PATH=/home/ri-one/ri_one_master_ws/install/kinect2_bridge:/home/ri-one/ri_one_master_ws/install/kinect2_registration:/opt/ros/humble LD_LIBRARY_PATH=/home/ri-one/ri_one_master_ws/install/kinect2_registration/lib:${LD_LIBRARY_PATH} /usr/bin/cmake --install /home/ri-one/ri_one_master_ws/build/kinect2_calibration
[0.293s] -- Install configuration: ""
[0.294s] -- Execute custom install script
[0.295s] -- Up-to-date symlink: /home/ri-one/ri_one_master_ws/install/kinect2_calibration/lib/kinect2_calibration/kinect2_calibration_node
[0.296s] -- Up-to-date symlink: /home/ri-one/ri_one_master_ws/install/kinect2_calibration/share/ament_index/resource_index/package_run_dependencies/kinect2_calibration
[0.296s] -- Up-to-date symlink: /home/ri-one/ri_one_master_ws/install/kinect2_calibration/share/ament_index/resource_index/parent_prefix_path/kinect2_calibration
[0.297s] -- Up-to-date symlink: /home/ri-one/ri_one_master_ws/install/kinect2_calibration/share/kinect2_calibration/environment/ament_prefix_path.sh
[0.297s] -- Up-to-date symlink: /home/ri-one/ri_one_master_ws/install/kinect2_calibration/share/kinect2_calibration/environment/ament_prefix_path.dsv
[0.297s] -- Up-to-date symlink: /home/ri-one/ri_one_master_ws/install/kinect2_calibration/share/kinect2_calibration/environment/path.sh
[0.297s] -- Up-to-date symlink: /home/ri-one/ri_one_master_ws/install/kinect2_calibration/share/kinect2_calibration/environment/path.dsv
[0.298s] -- Up-to-date symlink: /home/ri-one/ri_one_master_ws/install/kinect2_calibration/share/kinect2_calibration/local_setup.bash
[0.298s] -- Up-to-date symlink: /home/ri-one/ri_one_master_ws/install/kinect2_calibration/share/kinect2_calibration/local_setup.sh
[0.299s] -- Up-to-date symlink: /home/ri-one/ri_one_master_ws/install/kinect2_calibration/share/kinect2_calibration/local_setup.zsh
[0.300s] -- Up-to-date symlink: /home/ri-one/ri_one_master_ws/install/kinect2_calibration/share/kinect2_calibration/local_setup.dsv
[0.300s] -- Symlinking: /home/ri-one/ri_one_master_ws/install/kinect2_calibration/share/kinect2_calibration/package.dsv
[0.318s] -- Up-to-date symlink: /home/ri-one/ri_one_master_ws/install/kinect2_calibration/share/ament_index/resource_index/packages/kinect2_calibration
[0.319s] -- Up-to-date symlink: /home/ri-one/ri_one_master_ws/install/kinect2_calibration/share/kinect2_calibration/cmake/kinect2_calibrationConfig.cmake
[0.320s] -- Up-to-date symlink: /home/ri-one/ri_one_master_ws/install/kinect2_calibration/share/kinect2_calibration/cmake/kinect2_calibrationConfig-version.cmake
[0.320s] -- Up-to-date symlink: /home/ri-one/ri_one_master_ws/install/kinect2_calibration/share/kinect2_calibration/package.xml
[0.336s] Invoked command in '/home/ri-one/ri_one_master_ws/build/kinect2_calibration' returned '0': AMENT_PREFIX_PATH=/home/ri-one/ri_one_master_ws/install/kinect2_bridge:/home/ri-one/ri_one_master_ws/install/kinect2_registration:${AMENT_PREFIX_PATH} CMAKE_PREFIX_PATH=/home/ri-one/ri_one_master_ws/install/kinect2_bridge:/home/ri-one/ri_one_master_ws/install/kinect2_registration:/opt/ros/humble LD_LIBRARY_PATH=/home/ri-one/ri_one_master_ws/install/kinect2_registration/lib:${LD_LIBRARY_PATH} /usr/bin/cmake --install /home/ri-one/ri_one_master_ws/build/kinect2_calibration
