[0.055s] Invoking command in '/home/ri-one/ri_one_master_ws/build/kinect_ros2': CMAKE_PREFIX_PATH=${CMAKE_PREFIX_PATH}:/home/ri-one/ri_one_master_ws/install/realsense_vision:/home/ri-one/ri_one_master_ws/install/realsense2_ros_mqtt_bridge:/home/ri-one/ri_one_master_ws/install/gesture_to_motion:/home/ri-one/ri_one_master_ws/install/ros2_tests:/home/ri-one/ri_one_master_ws/install/gesture_detection:/opt/ros/humble /usr/bin/cmake --build /home/ri-one/ri_one_master_ws/build/kinect_ros2 -- -j4 -l4
[0.344s] [100%] Built target kinect_ros2_node
[0.383s] Invoked command in '/home/ri-one/ri_one_master_ws/build/kinect_ros2' returned '0': CMAKE_PREFIX_PATH=${CMAKE_PREFIX_PATH}:/home/ri-one/ri_one_master_ws/install/realsense_vision:/home/ri-one/ri_one_master_ws/install/realsense2_ros_mqtt_bridge:/home/ri-one/ri_one_master_ws/install/gesture_to_motion:/home/ri-one/ri_one_master_ws/install/ros2_tests:/home/ri-one/ri_one_master_ws/install/gesture_detection:/opt/ros/humble /usr/bin/cmake --build /home/ri-one/ri_one_master_ws/build/kinect_ros2 -- -j4 -l4
[0.387s] Invoking command in '/home/ri-one/ri_one_master_ws/build/kinect_ros2': CMAKE_PREFIX_PATH=${CMAKE_PREFIX_PATH}:/home/ri-one/ri_one_master_ws/install/realsense_vision:/home/ri-one/ri_one_master_ws/install/realsense2_ros_mqtt_bridge:/home/ri-one/ri_one_master_ws/install/gesture_to_motion:/home/ri-one/ri_one_master_ws/install/ros2_tests:/home/ri-one/ri_one_master_ws/install/gesture_detection:/opt/ros/humble /usr/bin/cmake --install /home/ri-one/ri_one_master_ws/build/kinect_ros2
[0.442s] -- Install configuration: ""
[0.443s] -- Execute custom install script
[0.443s] -- Up-to-date symlink: /home/ri-one/ri_one_master_ws/install/kinect_ros2/lib/kinect_ros2/kinect_ros2_node
[0.444s] -- Up-to-date symlink: /home/ri-one/ri_one_master_ws/install/kinect_ros2/share/kinect_ros2/cfg/calibration_depth.yaml
[0.444s] -- Up-to-date symlink: /home/ri-one/ri_one_master_ws/install/kinect_ros2/share/kinect_ros2/cfg/calibration_rgb.yaml
[0.445s] -- Up-to-date symlink: /home/ri-one/ri_one_master_ws/install/kinect_ros2/share/ament_index/resource_index/package_run_dependencies/kinect_ros2
[0.446s] -- Up-to-date symlink: /home/ri-one/ri_one_master_ws/install/kinect_ros2/share/ament_index/resource_index/parent_prefix_path/kinect_ros2
[0.447s] -- Up-to-date symlink: /home/ri-one/ri_one_master_ws/install/kinect_ros2/share/kinect_ros2/environment/ament_prefix_path.sh
[0.447s] -- Up-to-date symlink: /home/ri-one/ri_one_master_ws/install/kinect_ros2/share/kinect_ros2/environment/ament_prefix_path.dsv
[0.448s] -- Up-to-date symlink: /home/ri-one/ri_one_master_ws/install/kinect_ros2/share/kinect_ros2/environment/path.sh
[0.448s] -- Up-to-date symlink: /home/ri-one/ri_one_master_ws/install/kinect_ros2/share/kinect_ros2/environment/path.dsv
[0.448s] -- Up-to-date symlink: /home/ri-one/ri_one_master_ws/install/kinect_ros2/share/kinect_ros2/local_setup.bash
[0.448s] -- Up-to-date symlink: /home/ri-one/ri_one_master_ws/install/kinect_ros2/share/kinect_ros2/local_setup.sh
[0.449s] -- Up-to-date symlink: /home/ri-one/ri_one_master_ws/install/kinect_ros2/share/kinect_ros2/local_setup.zsh
[0.449s] -- Up-to-date symlink: /home/ri-one/ri_one_master_ws/install/kinect_ros2/share/kinect_ros2/local_setup.dsv
[0.449s] -- Symlinking: /home/ri-one/ri_one_master_ws/install/kinect_ros2/share/kinect_ros2/package.dsv
[0.484s] -- Up-to-date symlink: /home/ri-one/ri_one_master_ws/install/kinect_ros2/share/ament_index/resource_index/packages/kinect_ros2
[0.484s] -- Up-to-date symlink: /home/ri-one/ri_one_master_ws/install/kinect_ros2/share/kinect_ros2/cmake/kinect_ros2Config.cmake
[0.484s] -- Up-to-date symlink: /home/ri-one/ri_one_master_ws/install/kinect_ros2/share/kinect_ros2/cmake/kinect_ros2Config-version.cmake
[0.485s] -- Up-to-date symlink: /home/ri-one/ri_one_master_ws/install/kinect_ros2/share/kinect_ros2/package.xml
[0.538s] Invoked command in '/home/ri-one/ri_one_master_ws/build/kinect_ros2' returned '0': CMAKE_PREFIX_PATH=${CMAKE_PREFIX_PATH}:/home/ri-one/ri_one_master_ws/install/realsense_vision:/home/ri-one/ri_one_master_ws/install/realsense2_ros_mqtt_bridge:/home/ri-one/ri_one_master_ws/install/gesture_to_motion:/home/ri-one/ri_one_master_ws/install/ros2_tests:/home/ri-one/ri_one_master_ws/install/gesture_detection:/opt/ros/humble /usr/bin/cmake --install /home/ri-one/ri_one_master_ws/build/kinect_ros2
