[0.050s] Invoking command in '/home/ri-one/ri_one_master_ws/build/kobuki_keyop': AMENT_PREFIX_PATH=/home/ri-one/ri_one_master_ws/install/kobuki_ros_interfaces:/home/ri-one/ri_one_master_ws/install/cmd_vel_mux:${AMENT_PREFIX_PATH} CMAKE_PREFIX_PATH=/home/ri-one/ri_one_master_ws/install/kobuki_ros_interfaces:/home/ri-one/ri_one_master_ws/install/cmd_vel_mux:/opt/ros/humble LD_LIBRARY_PATH=/home/ri-one/ri_one_master_ws/install/kobuki_ros_interfaces/lib:/home/ri-one/ri_one_master_ws/install/cmd_vel_mux/lib:${LD_LIBRARY_PATH} PYTHONPATH=/home/ri-one/ri_one_master_ws/install/kobuki_ros_interfaces/local/lib/python3.10/dist-packages:${PYTHONPATH} /usr/bin/cmake --build /home/ri-one/ri_one_master_ws/build/kobuki_keyop -- -j4 -l4
[0.206s] [ 50%] Built target kobuki_keyop
[0.229s] [100%] Built target kobuki_keyop_node
[0.276s] Invoked command in '/home/ri-one/ri_one_master_ws/build/kobuki_keyop' returned '0': AMENT_PREFIX_PATH=/home/ri-one/ri_one_master_ws/install/kobuki_ros_interfaces:/home/ri-one/ri_one_master_ws/install/cmd_vel_mux:${AMENT_PREFIX_PATH} CMAKE_PREFIX_PATH=/home/ri-one/ri_one_master_ws/install/kobuki_ros_interfaces:/home/ri-one/ri_one_master_ws/install/cmd_vel_mux:/opt/ros/humble LD_LIBRARY_PATH=/home/ri-one/ri_one_master_ws/install/kobuki_ros_interfaces/lib:/home/ri-one/ri_one_master_ws/install/cmd_vel_mux/lib:${LD_LIBRARY_PATH} PYTHONPATH=/home/ri-one/ri_one_master_ws/install/kobuki_ros_interfaces/local/lib/python3.10/dist-packages:${PYTHONPATH} /usr/bin/cmake --build /home/ri-one/ri_one_master_ws/build/kobuki_keyop -- -j4 -l4
[0.280s] Invoking command in '/home/ri-one/ri_one_master_ws/build/kobuki_keyop': AMENT_PREFIX_PATH=/home/ri-one/ri_one_master_ws/install/kobuki_ros_interfaces:/home/ri-one/ri_one_master_ws/install/cmd_vel_mux:${AMENT_PREFIX_PATH} CMAKE_PREFIX_PATH=/home/ri-one/ri_one_master_ws/install/kobuki_ros_interfaces:/home/ri-one/ri_one_master_ws/install/cmd_vel_mux:/opt/ros/humble LD_LIBRARY_PATH=/home/ri-one/ri_one_master_ws/install/kobuki_ros_interfaces/lib:/home/ri-one/ri_one_master_ws/install/cmd_vel_mux/lib:${LD_LIBRARY_PATH} PYTHONPATH=/home/ri-one/ri_one_master_ws/install/kobuki_ros_interfaces/local/lib/python3.10/dist-packages:${PYTHONPATH} /usr/bin/cmake --install /home/ri-one/ri_one_master_ws/build/kobuki_keyop
[0.309s] -- Install configuration: ""
[0.310s] -- Execute custom install script
[0.310s] -- Up-to-date symlink: /home/ri-one/ri_one_master_ws/install/kobuki_keyop/lib/kobuki_keyop/kobuki_keyop_node
[0.311s] -- Up-to-date symlink: /home/ri-one/ri_one_master_ws/install/kobuki_keyop/lib/libkobuki_keyop.so
[0.312s] -- Up-to-date symlink: /home/ri-one/ri_one_master_ws/install/kobuki_keyop/include/kobuki_keyop/keyop.hpp
[0.314s] -- Up-to-date symlink: /home/ri-one/ri_one_master_ws/install/kobuki_keyop/share/kobuki_keyop/config/keyop_params.yaml
[0.315s] -- Up-to-date symlink: /home/ri-one/ri_one_master_ws/install/kobuki_keyop/share/ament_index/resource_index/package_run_dependencies/kobuki_keyop
[0.317s] -- Up-to-date symlink: /home/ri-one/ri_one_master_ws/install/kobuki_keyop/share/ament_index/resource_index/parent_prefix_path/kobuki_keyop
[0.317s] -- Up-to-date symlink: /home/ri-one/ri_one_master_ws/install/kobuki_keyop/share/kobuki_keyop/environment/ament_prefix_path.sh
[0.317s] -- Up-to-date symlink: /home/ri-one/ri_one_master_ws/install/kobuki_keyop/share/kobuki_keyop/environment/ament_prefix_path.dsv
[0.317s] -- Up-to-date symlink: /home/ri-one/ri_one_master_ws/install/kobuki_keyop/share/kobuki_keyop/environment/path.sh
[0.317s] -- Up-to-date symlink: /home/ri-one/ri_one_master_ws/install/kobuki_keyop/share/kobuki_keyop/environment/path.dsv
[0.318s] -- Up-to-date symlink: /home/ri-one/ri_one_master_ws/install/kobuki_keyop/share/kobuki_keyop/local_setup.bash
[0.318s] -- Up-to-date symlink: /home/ri-one/ri_one_master_ws/install/kobuki_keyop/share/kobuki_keyop/local_setup.sh
[0.318s] -- Up-to-date symlink: /home/ri-one/ri_one_master_ws/install/kobuki_keyop/share/kobuki_keyop/local_setup.zsh
[0.318s] -- Up-to-date symlink: /home/ri-one/ri_one_master_ws/install/kobuki_keyop/share/kobuki_keyop/local_setup.dsv
[0.318s] -- Symlinking: /home/ri-one/ri_one_master_ws/install/kobuki_keyop/share/kobuki_keyop/package.dsv
[0.340s] -- Up-to-date symlink: /home/ri-one/ri_one_master_ws/install/kobuki_keyop/share/ament_index/resource_index/packages/kobuki_keyop
[0.340s] -- Up-to-date symlink: /home/ri-one/ri_one_master_ws/install/kobuki_keyop/share/ament_index/resource_index/rclcpp_components/kobuki_keyop
[0.341s] -- Up-to-date symlink: /home/ri-one/ri_one_master_ws/install/kobuki_keyop/share/kobuki_keyop/cmake/kobuki_keyopConfig.cmake
[0.343s] -- Up-to-date symlink: /home/ri-one/ri_one_master_ws/install/kobuki_keyop/share/kobuki_keyop/cmake/kobuki_keyopConfig-version.cmake
[0.343s] -- Up-to-date symlink: /home/ri-one/ri_one_master_ws/install/kobuki_keyop/share/kobuki_keyop/package.xml
[0.350s] Invoked command in '/home/ri-one/ri_one_master_ws/build/kobuki_keyop' returned '0': AMENT_PREFIX_PATH=/home/ri-one/ri_one_master_ws/install/kobuki_ros_interfaces:/home/ri-one/ri_one_master_ws/install/cmd_vel_mux:${AMENT_PREFIX_PATH} CMAKE_PREFIX_PATH=/home/ri-one/ri_one_master_ws/install/kobuki_ros_interfaces:/home/ri-one/ri_one_master_ws/install/cmd_vel_mux:/opt/ros/humble LD_LIBRARY_PATH=/home/ri-one/ri_one_master_ws/install/kobuki_ros_interfaces/lib:/home/ri-one/ri_one_master_ws/install/cmd_vel_mux/lib:${LD_LIBRARY_PATH} PYTHONPATH=/home/ri-one/ri_one_master_ws/install/kobuki_ros_interfaces/local/lib/python3.10/dist-packages:${PYTHONPATH} /usr/bin/cmake --install /home/ri-one/ri_one_master_ws/build/kobuki_keyop
