[0.043s] Invoking command in '/home/ri-one/ros2_ws/src/build/ecl_eigen': CMAKE_PREFIX_PATH=${CMAKE_PREFIX_PATH}:/opt/ros/humble /usr/bin/cmake --build /home/ri-one/ros2_ws/src/build/ecl_eigen -- -j4 -l4
[0.157s] Invoked command in '/home/ri-one/ros2_ws/src/build/ecl_eigen' returned '0': CMAKE_PREFIX_PATH=${CMAKE_PREFIX_PATH}:/opt/ros/humble /usr/bin/cmake --build /home/ri-one/ros2_ws/src/build/ecl_eigen -- -j4 -l4
[0.214s] Invoking command in '/home/ri-one/ros2_ws/src/build/ecl_eigen': CMAKE_PREFIX_PATH=${CMAKE_PREFIX_PATH}:/opt/ros/humble /usr/bin/cmake --install /home/ri-one/ros2_ws/src/build/ecl_eigen
[0.253s] -- Install configuration: ""
[0.253s] -- Up-to-date: /home/ri-one/ros2_ws/src/install/ecl_eigen/include/ecl/eigen.hpp
[0.253s] -- Up-to-date: /home/ri-one/ros2_ws/src/install/ecl_eigen/share/ament_index/resource_index/package_run_dependencies/ecl_eigen
[0.254s] -- Up-to-date: /home/ri-one/ros2_ws/src/install/ecl_eigen/share/ament_index/resource_index/parent_prefix_path/ecl_eigen
[0.254s] -- Up-to-date: /home/ri-one/ros2_ws/src/install/ecl_eigen/share/ecl_eigen/environment/ament_prefix_path.sh
[0.254s] -- Up-to-date: /home/ri-one/ros2_ws/src/install/ecl_eigen/share/ecl_eigen/environment/ament_prefix_path.dsv
[0.257s] -- Up-to-date: /home/ri-one/ros2_ws/src/install/ecl_eigen/share/ecl_eigen/environment/path.sh
[0.257s] -- Up-to-date: /home/ri-one/ros2_ws/src/install/ecl_eigen/share/ecl_eigen/environment/path.dsv
[0.257s] -- Up-to-date: /home/ri-one/ros2_ws/src/install/ecl_eigen/share/ecl_eigen/local_setup.bash
[0.257s] -- Up-to-date: /home/ri-one/ros2_ws/src/install/ecl_eigen/share/ecl_eigen/local_setup.sh
[0.258s] -- Up-to-date: /home/ri-one/ros2_ws/src/install/ecl_eigen/share/ecl_eigen/local_setup.zsh
[0.258s] -- Up-to-date: /home/ri-one/ros2_ws/src/install/ecl_eigen/share/ecl_eigen/local_setup.dsv
[0.258s] -- Up-to-date: /home/ri-one/ros2_ws/src/install/ecl_eigen/share/ecl_eigen/package.dsv
[0.258s] -- Up-to-date: /home/ri-one/ros2_ws/src/install/ecl_eigen/share/ament_index/resource_index/packages/ecl_eigen
[0.258s] -- Up-to-date: /home/ri-one/ros2_ws/src/install/ecl_eigen/share/ecl_eigen/cmake/ecl_eigenExport.cmake
[0.259s] -- Up-to-date: /home/ri-one/ros2_ws/src/install/ecl_eigen/share/ecl_eigen/cmake/ament_cmake_export_targets-extras.cmake
[0.259s] -- Up-to-date: /home/ri-one/ros2_ws/src/install/ecl_eigen/share/ecl_eigen/cmake/ament_cmake_export_include_directories-extras.cmake
[0.259s] -- Up-to-date: /home/ri-one/ros2_ws/src/install/ecl_eigen/share/ecl_eigen/cmake/ament_cmake_export_dependencies-extras.cmake
[0.259s] -- Up-to-date: /home/ri-one/ros2_ws/src/install/ecl_eigen/share/ecl_eigen/cmake/ecl_eigenConfig.cmake
[0.259s] -- Up-to-date: /home/ri-one/ros2_ws/src/install/ecl_eigen/share/ecl_eigen/cmake/ecl_eigenConfig-version.cmake
[0.259s] -- Up-to-date: /home/ri-one/ros2_ws/src/install/ecl_eigen/share/ecl_eigen/package.xml
[0.263s] -- Up-to-date: /home/ri-one/ros2_ws/src/install/ecl_eigen/share/licenses/eigen/COPYING.LESSER
[0.268s] Invoked command in '/home/ri-one/ros2_ws/src/build/ecl_eigen' returned '0': CMAKE_PREFIX_PATH=${CMAKE_PREFIX_PATH}:/opt/ros/humble /usr/bin/cmake --install /home/ri-one/ros2_ws/src/build/ecl_eigen
