-- Install configuration: ""
-- Execute custom install script
-- Symlinking: /home/ri-one/ri_one_master_ws/install/realsense2_description/share/realsense2_description/launch/launch_utils.py
-- Symlinking: /home/ri-one/ri_one_master_ws/install/realsense2_description/share/realsense2_description/launch/view_model.launch.py
-- Symlinking: /home/ri-one/ri_one_master_ws/install/realsense2_description/share/realsense2_description/meshes/d405.stl
-- Symlinking: /home/ri-one/ri_one_master_ws/install/realsense2_description/share/realsense2_description/meshes/d415.stl
-- Symlinking: /home/ri-one/ri_one_master_ws/install/realsense2_description/share/realsense2_description/meshes/d435.dae
-- Symlinking: /home/ri-one/ri_one_master_ws/install/realsense2_description/share/realsense2_description/meshes/d436.dae
-- Symlinking: /home/ri-one/ri_one_master_ws/install/realsense2_description/share/realsense2_description/meshes/d455.stl
-- Symlinking: /home/ri-one/ri_one_master_ws/install/realsense2_description/share/realsense2_description/meshes/d585.stl
-- Symlinking: /home/ri-one/ri_one_master_ws/install/realsense2_description/share/realsense2_description/meshes/l515.dae
-- Symlinking: /home/ri-one/ri_one_master_ws/install/realsense2_description/share/realsense2_description/meshes/plug.stl
-- Symlinking: /home/ri-one/ri_one_master_ws/install/realsense2_description/share/realsense2_description/meshes/plug_collision.stl
-- Symlinking: /home/ri-one/ri_one_master_ws/install/realsense2_description/share/realsense2_description/rviz/urdf.rviz
-- Symlinking: /home/ri-one/ri_one_master_ws/install/realsense2_description/share/realsense2_description/urdf/_d405.urdf.xacro
-- Symlinking: /home/ri-one/ri_one_master_ws/install/realsense2_description/share/realsense2_description/urdf/_d415.urdf.xacro
-- Symlinking: /home/ri-one/ri_one_master_ws/install/realsense2_description/share/realsense2_description/urdf/_d435.urdf.xacro
-- Symlinking: /home/ri-one/ri_one_master_ws/install/realsense2_description/share/realsense2_description/urdf/_d435i.urdf.xacro
-- Symlinking: /home/ri-one/ri_one_master_ws/install/realsense2_description/share/realsense2_description/urdf/_d435i_imu_modules.urdf.xacro
-- Symlinking: /home/ri-one/ri_one_master_ws/install/realsense2_description/share/realsense2_description/urdf/_d436.urdf.xacro
-- Symlinking: /home/ri-one/ri_one_master_ws/install/realsense2_description/share/realsense2_description/urdf/_d455.urdf.xacro
-- Symlinking: /home/ri-one/ri_one_master_ws/install/realsense2_description/share/realsense2_description/urdf/_d585.urdf.xacro
-- Symlinking: /home/ri-one/ri_one_master_ws/install/realsense2_description/share/realsense2_description/urdf/_materials.urdf.xacro
-- Symlinking: /home/ri-one/ri_one_master_ws/install/realsense2_description/share/realsense2_description/urdf/_r410.urdf.xacro
-- Symlinking: /home/ri-one/ri_one_master_ws/install/realsense2_description/share/realsense2_description/urdf/_r430.urdf.xacro
-- Symlinking: /home/ri-one/ri_one_master_ws/install/realsense2_description/share/realsense2_description/urdf/_usb_plug.urdf.xacro
-- Symlinking: /home/ri-one/ri_one_master_ws/install/realsense2_description/share/realsense2_description/urdf/test_d405_camera.urdf.xacro
-- Symlinking: /home/ri-one/ri_one_master_ws/install/realsense2_description/share/realsense2_description/urdf/test_d415_camera.urdf.xacro
-- Symlinking: /home/ri-one/ri_one_master_ws/install/realsense2_description/share/realsense2_description/urdf/test_d435_camera.urdf.xacro
-- Symlinking: /home/ri-one/ri_one_master_ws/install/realsense2_description/share/realsense2_description/urdf/test_d435_multiple_cameras.urdf.xacro
-- Symlinking: /home/ri-one/ri_one_master_ws/install/realsense2_description/share/realsense2_description/urdf/test_d435i_camera.urdf.xacro
-- Symlinking: /home/ri-one/ri_one_master_ws/install/realsense2_description/share/realsense2_description/urdf/test_d436_camera.urdf.xacro
-- Symlinking: /home/ri-one/ri_one_master_ws/install/realsense2_description/share/realsense2_description/urdf/test_d455_camera.urdf.xacro
-- Symlinking: /home/ri-one/ri_one_master_ws/install/realsense2_description/share/realsense2_description/urdf/test_d585_camera.urdf.xacro
-- Symlinking: /home/ri-one/ri_one_master_ws/install/realsense2_description/share/realsense2_description/urdf/test_r410_camera.urdf.xacro
-- Symlinking: /home/ri-one/ri_one_master_ws/install/realsense2_description/share/realsense2_description/urdf/test_r430_camera.urdf.xacro
-- Symlinking: /home/ri-one/ri_one_master_ws/install/realsense2_description/share/ament_index/resource_index/package_run_dependencies/realsense2_description
-- Symlinking: /home/ri-one/ri_one_master_ws/install/realsense2_description/share/ament_index/resource_index/parent_prefix_path/realsense2_description
-- Symlinking: /home/ri-one/ri_one_master_ws/install/realsense2_description/share/realsense2_description/environment/ament_prefix_path.sh
-- Symlinking: /home/ri-one/ri_one_master_ws/install/realsense2_description/share/realsense2_description/environment/ament_prefix_path.dsv
-- Symlinking: /home/ri-one/ri_one_master_ws/install/realsense2_description/share/realsense2_description/environment/path.sh
-- Symlinking: /home/ri-one/ri_one_master_ws/install/realsense2_description/share/realsense2_description/environment/path.dsv
-- Symlinking: /home/ri-one/ri_one_master_ws/install/realsense2_description/share/realsense2_description/local_setup.bash
-- Symlinking: /home/ri-one/ri_one_master_ws/install/realsense2_description/share/realsense2_description/local_setup.sh
-- Symlinking: /home/ri-one/ri_one_master_ws/install/realsense2_description/share/realsense2_description/local_setup.zsh
-- Symlinking: /home/ri-one/ri_one_master_ws/install/realsense2_description/share/realsense2_description/local_setup.dsv
-- Symlinking: /home/ri-one/ri_one_master_ws/install/realsense2_description/share/realsense2_description/package.dsv
-- Symlinking: /home/ri-one/ri_one_master_ws/install/realsense2_description/share/ament_index/resource_index/packages/realsense2_description
-- Symlinking: /home/ri-one/ri_one_master_ws/install/realsense2_description/share/realsense2_description/cmake/realsense2_descriptionConfig.cmake
-- Symlinking: /home/ri-one/ri_one_master_ws/install/realsense2_description/share/realsense2_description/cmake/realsense2_descriptionConfig-version.cmake
-- Symlinking: /home/ri-one/ri_one_master_ws/install/realsense2_description/share/realsense2_description/package.xml
