[1.969s] Invoking command in '/home/ri-one/ri_one_master_ws/build/gesture_to_motion': PYTHONPATH=/home/ri-one/ri_one_master_ws/build/gesture_to_motion/prefix_override:/usr/lib/python3/dist-packages/colcon_core/task/python/colcon_distutils_commands:/home/ri-one/ri_one_master_ws/install/gesture_to_motion/lib/python3.10/site-packages:${PYTHONPATH} /usr/bin/python3 -W ignore:setup.py install is deprecated -W ignore:easy_install command is deprecated setup.py develop --editable --build-directory /home/ri-one/ri_one_master_ws/build/gesture_to_motion/build --no-deps symlink_data
[2.671s] running develop
[3.134s] running egg_info
[3.135s] creating gesture_to_motion.egg-info
[3.135s] writing gesture_to_motion.egg-info/PKG-INFO
[3.136s] writing dependency_links to gesture_to_motion.egg-info/dependency_links.txt
[3.137s] writing entry points to gesture_to_motion.egg-info/entry_points.txt
[3.137s] writing requirements to gesture_to_motion.egg-info/requires.txt
[3.138s] writing top-level names to gesture_to_motion.egg-info/top_level.txt
[3.138s] writing manifest file 'gesture_to_motion.egg-info/SOURCES.txt'
[3.144s] reading manifest file 'gesture_to_motion.egg-info/SOURCES.txt'
[3.144s] writing manifest file 'gesture_to_motion.egg-info/SOURCES.txt'
[3.147s] running build_ext
[3.148s] Creating /home/ri-one/ri_one_master_ws/install/gesture_to_motion/lib/python3.10/site-packages/gesture-to-motion.egg-link (link to .)
[3.150s] Installing gesture_to_motion script to /home/ri-one/ri_one_master_ws/install/gesture_to_motion/lib/gesture_to_motion
[3.150s] 
[3.150s] Installed /home/ri-one/ri_one_master_ws/build/gesture_to_motion
[3.151s] running symlink_data
[3.152s] creating /home/ri-one/ri_one_master_ws/install/gesture_to_motion/share/ament_index
[3.152s] creating /home/ri-one/ri_one_master_ws/install/gesture_to_motion/share/ament_index/resource_index
[3.152s] creating /home/ri-one/ri_one_master_ws/install/gesture_to_motion/share/ament_index/resource_index/packages
[3.153s] symbolically linking /home/ri-one/ri_one_master_ws/build/gesture_to_motion/resource/gesture_to_motion -> /home/ri-one/ri_one_master_ws/install/gesture_to_motion/share/ament_index/resource_index/packages
[3.153s] symbolically linking /home/ri-one/ri_one_master_ws/build/gesture_to_motion/package.xml -> /home/ri-one/ri_one_master_ws/install/gesture_to_motion/share/gesture_to_motion
[3.280s] Invoked command in '/home/ri-one/ri_one_master_ws/build/gesture_to_motion' returned '0': PYTHONPATH=/home/ri-one/ri_one_master_ws/build/gesture_to_motion/prefix_override:/usr/lib/python3/dist-packages/colcon_core/task/python/colcon_distutils_commands:/home/ri-one/ri_one_master_ws/install/gesture_to_motion/lib/python3.10/site-packages:${PYTHONPATH} /usr/bin/python3 -W ignore:setup.py install is deprecated -W ignore:easy_install command is deprecated setup.py develop --editable --build-directory /home/ri-one/ri_one_master_ws/build/gesture_to_motion/build --no-deps symlink_data
