[0.065s] Invoking command in '/home/ri-one/ri_one_master_ws/build/ecl_statistics': AMENT_PREFIX_PATH=/home/ri-one/ri_one_master_ws/install/ecl_linear_algebra:/home/ri-one/ri_one_master_ws/install/ecl_formatters:/home/ri-one/ri_one_master_ws/install/ecl_converters:/home/ri-one/ri_one_master_ws/install/ecl_math:/home/ri-one/ri_one_master_ws/install/ecl_exceptions:/home/ri-one/ri_one_master_ws/install/ecl_concepts:/home/ri-one/ri_one_master_ws/install/ecl_type_traits:/home/ri-one/ri_one_master_ws/install/ecl_errors:/home/ri-one/ri_one_master_ws/install/ecl_mpl:/home/ri-one/ri_one_master_ws/install/ecl_eigen:/home/ri-one/ri_one_master_ws/install/ecl_config:${AMENT_PREFIX_PATH} CMAKE_PREFIX_PATH=/home/ri-one/ri_one_master_ws/install/ecl_linear_algebra:/home/ri-one/ri_one_master_ws/install/ecl_formatters:/home/ri-one/ri_one_master_ws/install/ecl_converters:/home/ri-one/ri_one_master_ws/install/ecl_math:/home/ri-one/ri_one_master_ws/install/ecl_exceptions:/home/ri-one/ri_one_master_ws/install/ecl_concepts:/home/ri-one/ri_one_master_ws/install/ecl_type_traits:/home/ri-one/ri_one_master_ws/install/ecl_errors:/home/ri-one/ri_one_master_ws/install/ecl_mpl:/home/ri-one/ri_one_master_ws/install/ecl_eigen:/home/ri-one/ri_one_master_ws/install/ecl_config:/opt/ros/humble LD_LIBRARY_PATH=/home/ri-one/ri_one_master_ws/install/ecl_linear_algebra/lib:/home/ri-one/ri_one_master_ws/install/ecl_formatters/lib:/home/ri-one/ri_one_master_ws/install/ecl_exceptions/lib:/home/ri-one/ri_one_master_ws/install/ecl_type_traits/lib:/home/ri-one/ri_one_master_ws/install/ecl_errors/lib:${LD_LIBRARY_PATH} PATH=/home/ri-one/ri_one_master_ws/install/ecl_type_traits/bin:/home/ri-one/ri_one_master_ws/install/ecl_config/bin:${PATH} /usr/bin/cmake --build /home/ri-one/ri_one_master_ws/build/ecl_statistics -- -j4 -l4
[0.225s] [ 20%] Built target gtest_main
[0.250s] [ 40%] Built target ecl_statistics
[0.272s] [ 60%] Built target gtest
[0.361s] [ 80%] Built target ecl_test_cumulative_statistics
[0.393s] [100%] Built target ecl_test_covariance_ellipsoids
[0.783s] Invoked command in '/home/ri-one/ri_one_master_ws/build/ecl_statistics' returned '0': AMENT_PREFIX_PATH=/home/ri-one/ri_one_master_ws/install/ecl_linear_algebra:/home/ri-one/ri_one_master_ws/install/ecl_formatters:/home/ri-one/ri_one_master_ws/install/ecl_converters:/home/ri-one/ri_one_master_ws/install/ecl_math:/home/ri-one/ri_one_master_ws/install/ecl_exceptions:/home/ri-one/ri_one_master_ws/install/ecl_concepts:/home/ri-one/ri_one_master_ws/install/ecl_type_traits:/home/ri-one/ri_one_master_ws/install/ecl_errors:/home/ri-one/ri_one_master_ws/install/ecl_mpl:/home/ri-one/ri_one_master_ws/install/ecl_eigen:/home/ri-one/ri_one_master_ws/install/ecl_config:${AMENT_PREFIX_PATH} CMAKE_PREFIX_PATH=/home/ri-one/ri_one_master_ws/install/ecl_linear_algebra:/home/ri-one/ri_one_master_ws/install/ecl_formatters:/home/ri-one/ri_one_master_ws/install/ecl_converters:/home/ri-one/ri_one_master_ws/install/ecl_math:/home/ri-one/ri_one_master_ws/install/ecl_exceptions:/home/ri-one/ri_one_master_ws/install/ecl_concepts:/home/ri-one/ri_one_master_ws/install/ecl_type_traits:/home/ri-one/ri_one_master_ws/install/ecl_errors:/home/ri-one/ri_one_master_ws/install/ecl_mpl:/home/ri-one/ri_one_master_ws/install/ecl_eigen:/home/ri-one/ri_one_master_ws/install/ecl_config:/opt/ros/humble LD_LIBRARY_PATH=/home/ri-one/ri_one_master_ws/install/ecl_linear_algebra/lib:/home/ri-one/ri_one_master_ws/install/ecl_formatters/lib:/home/ri-one/ri_one_master_ws/install/ecl_exceptions/lib:/home/ri-one/ri_one_master_ws/install/ecl_type_traits/lib:/home/ri-one/ri_one_master_ws/install/ecl_errors/lib:${LD_LIBRARY_PATH} PATH=/home/ri-one/ri_one_master_ws/install/ecl_type_traits/bin:/home/ri-one/ri_one_master_ws/install/ecl_config/bin:${PATH} /usr/bin/cmake --build /home/ri-one/ri_one_master_ws/build/ecl_statistics -- -j4 -l4
[0.786s] Invoking command in '/home/ri-one/ri_one_master_ws/build/ecl_statistics': AMENT_PREFIX_PATH=/home/ri-one/ri_one_master_ws/install/ecl_linear_algebra:/home/ri-one/ri_one_master_ws/install/ecl_formatters:/home/ri-one/ri_one_master_ws/install/ecl_converters:/home/ri-one/ri_one_master_ws/install/ecl_math:/home/ri-one/ri_one_master_ws/install/ecl_exceptions:/home/ri-one/ri_one_master_ws/install/ecl_concepts:/home/ri-one/ri_one_master_ws/install/ecl_type_traits:/home/ri-one/ri_one_master_ws/install/ecl_errors:/home/ri-one/ri_one_master_ws/install/ecl_mpl:/home/ri-one/ri_one_master_ws/install/ecl_eigen:/home/ri-one/ri_one_master_ws/install/ecl_config:${AMENT_PREFIX_PATH} CMAKE_PREFIX_PATH=/home/ri-one/ri_one_master_ws/install/ecl_linear_algebra:/home/ri-one/ri_one_master_ws/install/ecl_formatters:/home/ri-one/ri_one_master_ws/install/ecl_converters:/home/ri-one/ri_one_master_ws/install/ecl_math:/home/ri-one/ri_one_master_ws/install/ecl_exceptions:/home/ri-one/ri_one_master_ws/install/ecl_concepts:/home/ri-one/ri_one_master_ws/install/ecl_type_traits:/home/ri-one/ri_one_master_ws/install/ecl_errors:/home/ri-one/ri_one_master_ws/install/ecl_mpl:/home/ri-one/ri_one_master_ws/install/ecl_eigen:/home/ri-one/ri_one_master_ws/install/ecl_config:/opt/ros/humble LD_LIBRARY_PATH=/home/ri-one/ri_one_master_ws/install/ecl_linear_algebra/lib:/home/ri-one/ri_one_master_ws/install/ecl_formatters/lib:/home/ri-one/ri_one_master_ws/install/ecl_exceptions/lib:/home/ri-one/ri_one_master_ws/install/ecl_type_traits/lib:/home/ri-one/ri_one_master_ws/install/ecl_errors/lib:${LD_LIBRARY_PATH} PATH=/home/ri-one/ri_one_master_ws/install/ecl_type_traits/bin:/home/ri-one/ri_one_master_ws/install/ecl_config/bin:${PATH} /usr/bin/cmake --install /home/ri-one/ri_one_master_ws/build/ecl_statistics
[0.800s] -- Install configuration: ""
[0.800s] -- Execute custom install script
[0.801s] -- Up-to-date symlink: /home/ri-one/ri_one_master_ws/install/ecl_statistics/include/ecl/statistics/covariance_ellipsoid.hpp
[0.802s] -- Up-to-date symlink: /home/ri-one/ri_one_master_ws/install/ecl_statistics/include/ecl/statistics/cumulative_statistics.hpp
[0.803s] -- Up-to-date symlink: /home/ri-one/ri_one_master_ws/install/ecl_statistics/include/ecl/statistics.hpp
[0.803s] -- Up-to-date symlink: /home/ri-one/ri_one_master_ws/install/ecl_statistics/share/ecl_statistics/environment/library_path.sh
[0.805s] -- Up-to-date symlink: /home/ri-one/ri_one_master_ws/install/ecl_statistics/share/ecl_statistics/environment/library_path.dsv
[0.805s] -- Up-to-date symlink: /home/ri-one/ri_one_master_ws/install/ecl_statistics/share/ament_index/resource_index/package_run_dependencies/ecl_statistics
[0.806s] -- Up-to-date symlink: /home/ri-one/ri_one_master_ws/install/ecl_statistics/share/ament_index/resource_index/parent_prefix_path/ecl_statistics
[0.807s] -- Up-to-date symlink: /home/ri-one/ri_one_master_ws/install/ecl_statistics/share/ecl_statistics/environment/ament_prefix_path.sh
[0.808s] -- Up-to-date symlink: /home/ri-one/ri_one_master_ws/install/ecl_statistics/share/ecl_statistics/environment/ament_prefix_path.dsv
[0.808s] -- Up-to-date symlink: /home/ri-one/ri_one_master_ws/install/ecl_statistics/share/ecl_statistics/environment/path.sh
[0.808s] -- Up-to-date symlink: /home/ri-one/ri_one_master_ws/install/ecl_statistics/share/ecl_statistics/environment/path.dsv
[0.808s] -- Up-to-date symlink: /home/ri-one/ri_one_master_ws/install/ecl_statistics/share/ecl_statistics/local_setup.bash
[0.808s] -- Up-to-date symlink: /home/ri-one/ri_one_master_ws/install/ecl_statistics/share/ecl_statistics/local_setup.sh
[0.809s] -- Up-to-date symlink: /home/ri-one/ri_one_master_ws/install/ecl_statistics/share/ecl_statistics/local_setup.zsh
[0.809s] -- Up-to-date symlink: /home/ri-one/ri_one_master_ws/install/ecl_statistics/share/ecl_statistics/local_setup.dsv
[0.809s] -- Symlinking: /home/ri-one/ri_one_master_ws/install/ecl_statistics/share/ecl_statistics/package.dsv
[0.832s] -- Up-to-date symlink: /home/ri-one/ri_one_master_ws/install/ecl_statistics/share/ament_index/resource_index/packages/ecl_statistics
[0.832s] -- Up-to-date symlink: /home/ri-one/ri_one_master_ws/install/ecl_statistics/share/ecl_statistics/cmake/ament_cmake_export_targets-extras.cmake
[0.832s] -- Up-to-date symlink: /home/ri-one/ri_one_master_ws/install/ecl_statistics/share/ecl_statistics/cmake/ament_cmake_export_include_directories-extras.cmake
[0.833s] -- Up-to-date symlink: /home/ri-one/ri_one_master_ws/install/ecl_statistics/share/ecl_statistics/cmake/ament_cmake_export_libraries-extras.cmake
[0.834s] -- Up-to-date symlink: /home/ri-one/ri_one_master_ws/install/ecl_statistics/share/ecl_statistics/cmake/ament_cmake_export_dependencies-extras.cmake
[0.835s] -- Up-to-date symlink: /home/ri-one/ri_one_master_ws/install/ecl_statistics/share/ecl_statistics/cmake/ecl_statisticsConfig.cmake
[0.839s] -- Up-to-date symlink: /home/ri-one/ri_one_master_ws/install/ecl_statistics/share/ecl_statistics/cmake/ecl_statisticsConfig-version.cmake
[0.839s] -- Up-to-date symlink: /home/ri-one/ri_one_master_ws/install/ecl_statistics/share/ecl_statistics/package.xml
[0.839s] -- Up-to-date: /home/ri-one/ri_one_master_ws/install/ecl_statistics/share/ecl_statistics/cmake/ecl_statisticsExport.cmake
[0.839s] -- Up-to-date: /home/ri-one/ri_one_master_ws/install/ecl_statistics/share/ecl_statistics/cmake/ecl_statisticsExport-noconfig.cmake
[0.844s] -- Up-to-date: /home/ri-one/ri_one_master_ws/install/ecl_statistics/lib/libecl_statistics.so.1.2.1
[0.844s] -- Up-to-date: /home/ri-one/ri_one_master_ws/install/ecl_statistics/lib/libecl_statistics.so
[0.856s] Invoked command in '/home/ri-one/ri_one_master_ws/build/ecl_statistics' returned '0': AMENT_PREFIX_PATH=/home/ri-one/ri_one_master_ws/install/ecl_linear_algebra:/home/ri-one/ri_one_master_ws/install/ecl_formatters:/home/ri-one/ri_one_master_ws/install/ecl_converters:/home/ri-one/ri_one_master_ws/install/ecl_math:/home/ri-one/ri_one_master_ws/install/ecl_exceptions:/home/ri-one/ri_one_master_ws/install/ecl_concepts:/home/ri-one/ri_one_master_ws/install/ecl_type_traits:/home/ri-one/ri_one_master_ws/install/ecl_errors:/home/ri-one/ri_one_master_ws/install/ecl_mpl:/home/ri-one/ri_one_master_ws/install/ecl_eigen:/home/ri-one/ri_one_master_ws/install/ecl_config:${AMENT_PREFIX_PATH} CMAKE_PREFIX_PATH=/home/ri-one/ri_one_master_ws/install/ecl_linear_algebra:/home/ri-one/ri_one_master_ws/install/ecl_formatters:/home/ri-one/ri_one_master_ws/install/ecl_converters:/home/ri-one/ri_one_master_ws/install/ecl_math:/home/ri-one/ri_one_master_ws/install/ecl_exceptions:/home/ri-one/ri_one_master_ws/install/ecl_concepts:/home/ri-one/ri_one_master_ws/install/ecl_type_traits:/home/ri-one/ri_one_master_ws/install/ecl_errors:/home/ri-one/ri_one_master_ws/install/ecl_mpl:/home/ri-one/ri_one_master_ws/install/ecl_eigen:/home/ri-one/ri_one_master_ws/install/ecl_config:/opt/ros/humble LD_LIBRARY_PATH=/home/ri-one/ri_one_master_ws/install/ecl_linear_algebra/lib:/home/ri-one/ri_one_master_ws/install/ecl_formatters/lib:/home/ri-one/ri_one_master_ws/install/ecl_exceptions/lib:/home/ri-one/ri_one_master_ws/install/ecl_type_traits/lib:/home/ri-one/ri_one_master_ws/install/ecl_errors/lib:${LD_LIBRARY_PATH} PATH=/home/ri-one/ri_one_master_ws/install/ecl_type_traits/bin:/home/ri-one/ri_one_master_ws/install/ecl_config/bin:${PATH} /usr/bin/cmake --install /home/ri-one/ri_one_master_ws/build/ecl_statistics
