[0.030s] Invoking command in '/home/ri-one/ri_one_master_ws/build/realsense2_camera': AMENT_PREFIX_PATH=/home/ri-one/ri_one_master_ws/install/realsense2_camera_msgs:${AMENT_PREFIX_PATH} CMAKE_PREFIX_PATH=/home/ri-one/ri_one_master_ws/install/realsense2_camera_msgs:/opt/ros/humble LD_LIBRARY_PATH=/home/ri-one/ri_one_master_ws/install/realsense2_camera_msgs/lib:${LD_LIBRARY_PATH} PYTHONPATH=/home/ri-one/ri_one_master_ws/install/realsense2_camera_msgs/local/lib/python3.10/dist-packages:${PYTHONPATH} /usr/bin/cmake /home/ri-one/ri_one_master_ws/src/realsense-ros/realsense2_camera -DAMENT_CMAKE_SYMLINK_INSTALL=1 -DCMAKE_INSTALL_PREFIX=/home/ri-one/ri_one_master_ws/install/realsense2_camera
[0.061s] -- Create Release Build.
[0.062s] -- Found ament_cmake: 1.3.12 (/opt/ros/humble/share/ament_cmake/cmake)
[0.395s] -- Override CMake install command with custom implementation using symlinks instead of copying resources
[0.421s] -- Found builtin_interfaces: 1.2.2 (/opt/ros/humble/share/builtin_interfaces/cmake)
[0.486s] -- Found rosidl_generator_c: 3.1.7 (/opt/ros/humble/share/rosidl_generator_c/cmake)
[0.496s] -- Found rosidl_adapter: 3.1.7 (/opt/ros/humble/share/rosidl_adapter/cmake)
[0.510s] -- Found rosidl_generator_cpp: 3.1.7 (/opt/ros/humble/share/rosidl_generator_cpp/cmake)
[0.537s] -- Using all available rosidl_typesupport_c: rosidl_typesupport_fastrtps_c;rosidl_typesupport_introspection_c
[0.574s] -- Using all available rosidl_typesupport_cpp: rosidl_typesupport_fastrtps_cpp;rosidl_typesupport_introspection_cpp
[0.622s] -- Found rclcpp: 16.0.15 (/opt/ros/humble/share/rclcpp/cmake)
[0.710s] -- Found rmw_implementation_cmake: 6.1.2 (/opt/ros/humble/share/rmw_implementation_cmake/cmake)
[0.715s] -- Found rmw_fastrtps_cpp: 6.2.9 (/opt/ros/humble/share/rmw_fastrtps_cpp/cmake)
[1.012s] -- Using RMW implementation 'rmw_fastrtps_cpp' as default
[1.159s] -- Found rclcpp_action: 16.0.15 (/opt/ros/humble/share/rclcpp_action/cmake)
[1.233s] -- Found realsense2_camera_msgs: 4.57.6 (/home/ri-one/ri_one_master_ws/install/realsense2_camera_msgs/share/realsense2_camera_msgs/cmake)
[1.310s] -- Found std_srvs: 4.9.0 (/opt/ros/humble/share/std_srvs/cmake)
[1.322s] -- Found nav_msgs: 4.9.0 (/opt/ros/humble/share/nav_msgs/cmake)
[1.347s] -- Found tf2_ros: 0.25.16 (/opt/ros/humble/share/tf2_ros/cmake)
[1.422s] -- Found diagnostic_updater: 4.0.6 (/opt/ros/humble/share/diagnostic_updater/cmake)
[1.451s] -- Found image_transport: 3.1.12 (/opt/ros/humble/share/image_transport/cmake)
[1.473s] -- Found cv_bridge: 3.2.1 (/opt/ros/humble/share/cv_bridge/cmake)
[1.493s] [33mCMake Warning at CMakeLists.txt:155 (find_package):
[1.493s]   Could not find a configuration file for package "realsense2" that is
[1.493s]   compatible with requested version "2.56.6".
[1.493s] 
[1.493s]   The following configuration files were considered but not accepted:
[1.494s] 
[1.494s]     /opt/ros/humble/lib/x86_64-linux-gnu/cmake/realsense2/realsense2Config.cmake, version: 2.56.4
[1.494s]     /usr/lib/x86_64-linux-gnu/cmake/realsense2/realsense2Config.cmake, version: 2.56.5
[1.494s]     /lib/x86_64-linux-gnu/cmake/realsense2/realsense2Config.cmake, version: 2.56.5
[1.494s] 
[1.494s] 
[1.494s] [0m
[1.495s] [31mCMake Error at CMakeLists.txt:160 (message):
[1.495s]   
[1.495s] 
[1.495s]   
[1.495s] 
[1.495s]    RealSense SDK 2.0 is missing, please install it from https://github.com/realsenseai/librealsense/releases
[1.495s] 
[1.495s]   
[1.496s] 
[1.496s] 
[1.496s] [0m
[1.496s] -- Configuring incomplete, errors occurred!
[1.496s] See also "/home/ri-one/ri_one_master_ws/build/realsense2_camera/CMakeFiles/CMakeOutput.log".
[1.563s] Invoked command in '/home/ri-one/ri_one_master_ws/build/realsense2_camera' returned '1': AMENT_PREFIX_PATH=/home/ri-one/ri_one_master_ws/install/realsense2_camera_msgs:${AMENT_PREFIX_PATH} CMAKE_PREFIX_PATH=/home/ri-one/ri_one_master_ws/install/realsense2_camera_msgs:/opt/ros/humble LD_LIBRARY_PATH=/home/ri-one/ri_one_master_ws/install/realsense2_camera_msgs/lib:${LD_LIBRARY_PATH} PYTHONPATH=/home/ri-one/ri_one_master_ws/install/realsense2_camera_msgs/local/lib/python3.10/dist-packages:${PYTHONPATH} /usr/bin/cmake /home/ri-one/ri_one_master_ws/src/realsense-ros/realsense2_camera -DAMENT_CMAKE_SYMLINK_INSTALL=1 -DCMAKE_INSTALL_PREFIX=/home/ri-one/ri_one_master_ws/install/realsense2_camera
