[0.035s] Invoking command in '/home/ri-one/ros2_ws/src/build/ecl_config': CMAKE_PREFIX_PATH=/opt/ros/humble /usr/bin/cmake /home/ri-one/ros2_ws/src/turtlebot2_ros2/ecl_lite/ecl_config -DCMAKE_INSTALL_PREFIX=/home/ri-one/ros2_ws/src/install/ecl_config
[0.169s] -- The C compiler identification is GNU 11.4.0
[0.307s] -- The CXX compiler identification is GNU 11.4.0
[0.325s] -- Detecting C compiler ABI info
[0.485s] -- Detecting C compiler ABI info - done
[0.510s] -- Check for working C compiler: /usr/bin/cc - skipped
[0.510s] -- Detecting C compile features
[0.511s] -- Detecting C compile features - done
[0.517s] -- Detecting CXX compiler ABI info
[0.697s] -- Detecting CXX compiler ABI info - done
[0.718s] -- Check for working CXX compiler: /usr/bin/c++ - skipped
[0.719s] -- Detecting CXX compile features
[0.721s] -- Detecting CXX compile features - done
[0.726s] -- Found ament_cmake_ros: 0.10.0 (/opt/ros/humble/share/ament_cmake_ros/cmake)
[1.176s] -- Found Python3: /usr/bin/python3 (found version "3.10.12") found components: Interpreter 
[1.382s] -- Found ecl_build: 1.0.3 (/opt/ros/humble/share/ecl_build/cmake)
[1.396s] -- Looking for _POSIX_VERSION
[1.545s] -- Looking for _POSIX_VERSION - found
[1.546s] -- Looking for realpath in rt
[1.699s] -- Looking for realpath in rt - found
[1.699s] -- Looking for clock_nanosleep in rt
[1.842s] -- Looking for clock_nanosleep in rt - found
[1.842s] -- Looking for clock_gettime in rt
[1.992s] -- Looking for clock_gettime in rt - found
[1.994s] -- Looking for pthread_mutex_timedlock in pthread
[2.132s] -- Looking for pthread_mutex_timedlock in pthread - found
[2.132s] -- Looking for nanosleep in pthread
[2.311s] -- Looking for nanosleep in pthread - found
[2.311s] -- Looking for shm_open in rt
[2.499s] -- Looking for shm_open in rt - found
[2.499s] -- Looking for sched_setscheduler in pthread
[2.646s] -- Looking for sched_setscheduler in pthread - found
[2.647s] -- Looking for sem_timedwait in pthread
[2.885s] -- Looking for sem_timedwait in pthread - found
[2.887s] -- Looking for sem_init in pthread
[3.160s] -- Looking for sem_init in pthread - found
[3.162s] -- Looking for CLOCK_MONOTONIC
[3.369s] -- Looking for CLOCK_MONOTONIC - found
[3.370s] -- Looking for CLOCK_PROCESS_CPUTIME_ID
[3.581s] -- Looking for CLOCK_PROCESS_CPUTIME_ID - found
[3.583s] -- Looking for pthread.h
[3.768s] -- Looking for pthread.h - found
[3.770s] -- Performing Test CMAKE_HAVE_LIBC_PTHREAD
[3.936s] -- Performing Test CMAKE_HAVE_LIBC_PTHREAD - Success
[3.939s] -- Found Threads: TRUE  
[3.942s] -- Looking for sys/types.h
[4.091s] -- Looking for sys/types.h - found
[4.092s] -- Looking for stdint.h
[4.245s] -- Looking for stdint.h - found
[4.246s] -- Looking for stddef.h
[4.400s] -- Looking for stddef.h - found
[4.401s] -- Check size of char
[4.560s] -- Check size of char - done
[4.562s] -- Check size of short
[4.717s] -- Check size of short - done
[4.718s] -- Check size of int
[4.877s] -- Check size of int - done
[4.879s] -- Check size of long
[5.058s] -- Check size of long - done
[5.058s] -- Check size of long long
[5.338s] -- Check size of long long - done
[5.339s] -- Check size of float
[5.564s] -- Check size of float - done
[5.565s] -- Check size of double
[5.719s] -- Check size of double - done
[5.721s] -- Check size of long double
[5.970s] -- Check size of long double - done
[5.988s] -- -------------------------------------------------------------------
[5.989s] -- Platform Summary
[5.989s] -- -------------------------------------------------------------------
[5.989s] -- 
[5.989s] -- System type.....................posix
[5.989s] -- Operating System................Linux-6.8.0-84-generic
[5.989s] -- Timer model.....................real-time
[5.989s] -- Thread model....................posix
[5.990s] -- Size of char....................1
[5.990s] -- Size of short...................2
[5.990s] -- Size of int.....................4
[5.991s] -- Size of long....................8
[5.992s] -- Size of long long...............8
[5.992s] -- Size of float...................4
[5.992s] -- Size of double..................8
[5.993s] -- Size of long double.............16
[5.993s] -- Size of pointer.................64-bit
[5.993s] -- Endianness......................little-endian
[5.994s] -- 
[5.994s] -- -------------------------------------------------------------------
[5.994s] -- Posix Specifications
[5.996s] -- -------------------------------------------------------------------
[5.996s] -- 
[5.996s] -- Clock selection.................yes
[5.996s] -- Monotonic clock.................yes
[5.997s] -- Priority scheduling.............yes
[5.997s] -- Semaphores......................yes
[5.997s] -- Shared memory objects...........yes
[5.997s] -- Timers..........................yes
[5.997s] -- Timeouts........................yes
[5.997s] --  - clock_gettime................yes
[5.997s] --  - clock_nanosleep..............yes
[5.998s] --  - nanosleep....................yes
[5.998s] --  - pthread_mutex_timedlock......yes
[6.001s] --  - sched_setscheduler...........yes
[6.001s] --  - sem_init.....................yes
[6.001s] --  - sem_timedwait................yes
[6.001s] --  - shm_open.....................yes
[6.002s] -- 
[6.002s] -- -------------------------------------------------------------------
[6.002s] -- Build Environment
[6.002s] -- -------------------------------------------------------------------
[6.002s] -- 
[6.002s] -- Compiler......................../usr/bin/c++
[6.002s] --  - version......................c++ (Ubuntu 11.4.0-1ubuntu1~22.04.2) 11.4.0
[6.002s] Copyright (C) 2021 Free Software Foundation, Inc.
[6.003s] This is free software see the source for copying conditions.  There is NO
[6.003s] warranty not even for MERCHANTABILITY or FITNESS FOR A PARTICULAR PURPOSE.
[6.003s] 
[6.003s] 
[6.003s] -- 
[6.015s] -- Found ament_lint_auto: 0.12.14 (/opt/ros/humble/share/ament_lint_auto/cmake)
[6.225s] -- Found gtest sources under '/opt/ros/humble/src/gtest_vendor': C++ tests using 'Google Test' will be built
[6.468s] -- Configuring done
[6.537s] -- Generating done
[6.551s] -- Build files have been written to: /home/ri-one/ros2_ws/src/build/ecl_config
[6.568s] Invoked command in '/home/ri-one/ros2_ws/src/build/ecl_config' returned '0': CMAKE_PREFIX_PATH=/opt/ros/humble /usr/bin/cmake /home/ri-one/ros2_ws/src/turtlebot2_ros2/ecl_lite/ecl_config -DCMAKE_INSTALL_PREFIX=/home/ri-one/ros2_ws/src/install/ecl_config
[6.568s] Invoking command in '/home/ri-one/ros2_ws/src/build/ecl_config': CMAKE_PREFIX_PATH=/opt/ros/humble /usr/bin/cmake --build /home/ri-one/ros2_ws/src/build/ecl_config -- -j4 -l4
[6.753s] [  6%] [32mBuilding CXX object gtest/CMakeFiles/gtest.dir/src/gtest-all.cc.o[0m
[6.761s] [ 12%] [32mBuilding CXX object src/utilities/CMakeFiles/ecl_detect_posix.dir/detect_posix.cpp.o[0m
[6.762s] [ 18%] [32mBuilding CXX object gtest/CMakeFiles/gtest_main.dir/src/gtest_main.cc.o[0m
[6.771s] [ 25%] [32mBuilding CXX object src/utilities/CMakeFiles/ecl_detect_endian.dir/detect_endian.cpp.o[0m
[7.815s] [ 31%] [32m[1mLinking CXX executable bin/ecl_detect_endian[0m
[7.958s] [ 37%] [32m[1mLinking CXX executable bin/ecl_detect_posix[0m
[8.192s] [ 37%] Built target ecl_detect_posix
[8.203s] [ 37%] Built target ecl_detect_endian
[9.249s] [ 43%] [32m[1mLinking CXX static library libgtest_main.a[0m
[9.373s] [ 43%] Built target gtest_main
[17.919s] [ 50%] [32m[1mLinking CXX static library libgtest.a[0m
[18.195s] [ 50%] Built target gtest
[18.295s] [ 56%] [32mBuilding CXX object src/test/CMakeFiles/ecl_test_macros.dir/macros.cpp.o[0m
[18.330s] [ 62%] [32mBuilding CXX object src/test/CMakeFiles/ecl_test_portable_types.dir/portable_types.cpp.o[0m
[18.344s] [ 68%] [32mBuilding CXX object src/test/CMakeFiles/ecl_test_char_sign.dir/char_sign.cpp.o[0m
[18.356s] [ 75%] [32mBuilding CXX object src/test/CMakeFiles/ecl_test_endianness.dir/endianness.cpp.o[0m
[22.147s] [ 81%] [32m[1mLinking CXX executable ecl_test_char_sign[0m
[22.443s] [ 87%] [32m[1mLinking CXX executable ecl_test_macros[0m
[22.739s] [ 93%] [32m[1mLinking CXX executable ecl_test_portable_types[0m
[22.890s] [100%] [32m[1mLinking CXX executable ecl_test_endianness[0m
[23.219s] [100%] Built target ecl_test_char_sign
[23.370s] [100%] Built target ecl_test_macros
[23.570s] [100%] Built target ecl_test_portable_types
[23.778s] [100%] Built target ecl_test_endianness
[23.841s] Invoked command in '/home/ri-one/ros2_ws/src/build/ecl_config' returned '0': CMAKE_PREFIX_PATH=/opt/ros/humble /usr/bin/cmake --build /home/ri-one/ros2_ws/src/build/ecl_config -- -j4 -l4
[23.843s] Invoking command in '/home/ri-one/ros2_ws/src/build/ecl_config': CMAKE_PREFIX_PATH=/opt/ros/humble /usr/bin/cmake --install /home/ri-one/ros2_ws/src/build/ecl_config
[23.893s] -- Install configuration: ""
[23.893s] -- Installing: /home/ri-one/ros2_ws/src/install/ecl_config/share/ament_index/resource_index/package_run_dependencies/ecl_config
[23.893s] -- Installing: /home/ri-one/ros2_ws/src/install/ecl_config/share/ament_index/resource_index/parent_prefix_path/ecl_config
[23.895s] -- Installing: /home/ri-one/ros2_ws/src/install/ecl_config/share/ecl_config/environment/ament_prefix_path.sh
[23.895s] -- Installing: /home/ri-one/ros2_ws/src/install/ecl_config/share/ecl_config/environment/ament_prefix_path.dsv
[23.899s] -- Installing: /home/ri-one/ros2_ws/src/install/ecl_config/share/ecl_config/environment/path.sh
[23.899s] -- Installing: /home/ri-one/ros2_ws/src/install/ecl_config/share/ecl_config/environment/path.dsv
[23.900s] -- Installing: /home/ri-one/ros2_ws/src/install/ecl_config/share/ecl_config/local_setup.bash
[23.900s] -- Installing: /home/ri-one/ros2_ws/src/install/ecl_config/share/ecl_config/local_setup.sh
[23.900s] -- Installing: /home/ri-one/ros2_ws/src/install/ecl_config/share/ecl_config/local_setup.zsh
[23.900s] -- Installing: /home/ri-one/ros2_ws/src/install/ecl_config/share/ecl_config/local_setup.dsv
[23.901s] -- Installing: /home/ri-one/ros2_ws/src/install/ecl_config/share/ecl_config/package.dsv
[23.902s] -- Installing: /home/ri-one/ros2_ws/src/install/ecl_config/share/ament_index/resource_index/packages/ecl_config
[23.907s] -- Installing: /home/ri-one/ros2_ws/src/install/ecl_config/share/ecl_config/cmake/ecl_configExport.cmake
[23.907s] -- Installing: /home/ri-one/ros2_ws/src/install/ecl_config/share/ecl_config/cmake/ament_cmake_export_targets-extras.cmake
[23.908s] -- Installing: /home/ri-one/ros2_ws/src/install/ecl_config/share/ecl_config/cmake/ament_cmake_export_include_directories-extras.cmake
[23.908s] -- Installing: /home/ri-one/ros2_ws/src/install/ecl_config/share/ecl_config/cmake/ecl_configConfig.cmake
[23.908s] -- Installing: /home/ri-one/ros2_ws/src/install/ecl_config/share/ecl_config/cmake/ecl_configConfig-version.cmake
[23.908s] -- Installing: /home/ri-one/ros2_ws/src/install/ecl_config/share/ecl_config/package.xml
[23.913s] -- Installing: /home/ri-one/ros2_ws/src/install/ecl_config/include/ecl/config.hpp
[23.916s] -- Installing: /home/ri-one/ros2_ws/src/install/ecl_config/include/ecl/config/ecl.hpp
[23.916s] -- Installing: /home/ri-one/ros2_ws/src/install/ecl_config/include/ecl/config/char_sign.hpp
[23.917s] -- Installing: /home/ri-one/ros2_ws/src/install/ecl_config/include/ecl/config/ecl_unknown.hpp
[23.919s] -- Installing: /home/ri-one/ros2_ws/src/install/ecl_config/include/ecl/config/endianness.hpp
[23.920s] -- Installing: /home/ri-one/ros2_ws/src/install/ecl_config/include/ecl/config/macros.hpp
[23.920s] -- Installing: /home/ri-one/ros2_ws/src/install/ecl_config/include/ecl/config/portable_types.hpp
[23.920s] -- Installing: /home/ri-one/ros2_ws/src/install/ecl_config/include/ecl/config/windows.hpp
[23.925s] -- Installing: /home/ri-one/ros2_ws/src/install/ecl_config/bin/ecl_detect_endian
[23.928s] -- Installing: /home/ri-one/ros2_ws/src/install/ecl_config/bin/ecl_detect_posix
[23.950s] Invoked command in '/home/ri-one/ros2_ws/src/build/ecl_config' returned '0': CMAKE_PREFIX_PATH=/opt/ros/humble /usr/bin/cmake --install /home/ri-one/ros2_ws/src/build/ecl_config
