[0.088s] Invoking command in '/home/ri-one/ri_one_master_ws/build/ecl_config': CMAKE_PREFIX_PATH=${CMAKE_PREFIX_PATH}:/home/ri-one/ri_one_master_ws/install/gesture_to_motion:/home/ri-one/ri_one_master_ws/install/ros2_tests:/home/ri-one/ri_one_master_ws/install/gesture_detection:/opt/ros/humble /usr/bin/cmake --build /home/ri-one/ri_one_master_ws/build/ecl_config -- -j4 -l4
[0.354s] [ 12%] Built target ecl_detect_endian
[0.369s] [ 25%] Built target ecl_detect_posix
[0.412s] [ 37%] Built target gtest_main
[0.472s] [ 50%] Built target gtest
[0.726s] [ 62%] Built target ecl_test_endianness
[0.734s] [ 75%] Built target ecl_test_char_sign
[0.804s] [100%] Built target ecl_test_portable_types
[0.809s] [100%] Built target ecl_test_macros
[0.909s] Invoked command in '/home/ri-one/ri_one_master_ws/build/ecl_config' returned '0': CMAKE_PREFIX_PATH=${CMAKE_PREFIX_PATH}:/home/ri-one/ri_one_master_ws/install/gesture_to_motion:/home/ri-one/ri_one_master_ws/install/ros2_tests:/home/ri-one/ri_one_master_ws/install/gesture_detection:/opt/ros/humble /usr/bin/cmake --build /home/ri-one/ri_one_master_ws/build/ecl_config -- -j4 -l4
[0.910s] Invoking command in '/home/ri-one/ri_one_master_ws/build/ecl_config': CMAKE_PREFIX_PATH=${CMAKE_PREFIX_PATH}:/home/ri-one/ri_one_master_ws/install/gesture_to_motion:/home/ri-one/ri_one_master_ws/install/ros2_tests:/home/ri-one/ri_one_master_ws/install/gesture_detection:/opt/ros/humble /usr/bin/cmake --install /home/ri-one/ri_one_master_ws/build/ecl_config
[0.987s] -- Install configuration: ""
[0.989s] -- Execute custom install script
[0.995s] -- Up-to-date symlink: /home/ri-one/ri_one_master_ws/install/ecl_config/include/ecl/config/ecl.hpp
[0.995s] -- Up-to-date symlink: /home/ri-one/ri_one_master_ws/install/ecl_config/include/ecl/config/char_sign.hpp
[0.995s] -- Up-to-date symlink: /home/ri-one/ri_one_master_ws/install/ecl_config/include/ecl/config/ecl_unknown.hpp
[0.995s] -- Up-to-date symlink: /home/ri-one/ri_one_master_ws/install/ecl_config/include/ecl/config/endianness.hpp
[0.995s] -- Up-to-date symlink: /home/ri-one/ri_one_master_ws/install/ecl_config/include/ecl/config/macros.hpp
[0.995s] -- Up-to-date symlink: /home/ri-one/ri_one_master_ws/install/ecl_config/include/ecl/config/portable_types.hpp
[0.996s] -- Up-to-date symlink: /home/ri-one/ri_one_master_ws/install/ecl_config/include/ecl/config/windows.hpp
[0.997s] -- Up-to-date symlink: /home/ri-one/ri_one_master_ws/install/ecl_config/include/ecl/config.hpp
[0.997s] -- Up-to-date symlink: /home/ri-one/ri_one_master_ws/install/ecl_config/bin/ecl_detect_endian
[0.997s] -- Up-to-date symlink: /home/ri-one/ri_one_master_ws/install/ecl_config/bin/ecl_detect_posix
[0.997s] -- Up-to-date symlink: /home/ri-one/ri_one_master_ws/install/ecl_config/share/ament_index/resource_index/package_run_dependencies/ecl_config
[0.998s] -- Up-to-date symlink: /home/ri-one/ri_one_master_ws/install/ecl_config/share/ament_index/resource_index/parent_prefix_path/ecl_config
[0.998s] -- Up-to-date symlink: /home/ri-one/ri_one_master_ws/install/ecl_config/share/ecl_config/environment/ament_prefix_path.sh
[0.998s] -- Up-to-date symlink: /home/ri-one/ri_one_master_ws/install/ecl_config/share/ecl_config/environment/ament_prefix_path.dsv
[0.998s] -- Up-to-date symlink: /home/ri-one/ri_one_master_ws/install/ecl_config/share/ecl_config/environment/path.sh
[1.000s] -- Up-to-date symlink: /home/ri-one/ri_one_master_ws/install/ecl_config/share/ecl_config/environment/path.dsv
[1.001s] -- Up-to-date symlink: /home/ri-one/ri_one_master_ws/install/ecl_config/share/ecl_config/local_setup.bash
[1.001s] -- Up-to-date symlink: /home/ri-one/ri_one_master_ws/install/ecl_config/share/ecl_config/local_setup.sh
[1.001s] -- Up-to-date symlink: /home/ri-one/ri_one_master_ws/install/ecl_config/share/ecl_config/local_setup.zsh
[1.001s] -- Up-to-date symlink: /home/ri-one/ri_one_master_ws/install/ecl_config/share/ecl_config/local_setup.dsv
[1.001s] -- Symlinking: /home/ri-one/ri_one_master_ws/install/ecl_config/share/ecl_config/package.dsv
[1.040s] -- Up-to-date symlink: /home/ri-one/ri_one_master_ws/install/ecl_config/share/ament_index/resource_index/packages/ecl_config
[1.040s] -- Up-to-date symlink: /home/ri-one/ri_one_master_ws/install/ecl_config/share/ecl_config/cmake/ament_cmake_export_targets-extras.cmake
[1.040s] -- Up-to-date symlink: /home/ri-one/ri_one_master_ws/install/ecl_config/share/ecl_config/cmake/ament_cmake_export_include_directories-extras.cmake
[1.040s] -- Up-to-date symlink: /home/ri-one/ri_one_master_ws/install/ecl_config/share/ecl_config/cmake/ecl_configConfig.cmake
[1.042s] -- Up-to-date symlink: /home/ri-one/ri_one_master_ws/install/ecl_config/share/ecl_config/cmake/ecl_configConfig-version.cmake
[1.042s] -- Up-to-date symlink: /home/ri-one/ri_one_master_ws/install/ecl_config/share/ecl_config/package.xml
[1.042s] -- Up-to-date: /home/ri-one/ri_one_master_ws/install/ecl_config/share/ecl_config/cmake/ecl_configExport.cmake
[1.092s] Invoked command in '/home/ri-one/ri_one_master_ws/build/ecl_config' returned '0': CMAKE_PREFIX_PATH=${CMAKE_PREFIX_PATH}:/home/ri-one/ri_one_master_ws/install/gesture_to_motion:/home/ri-one/ri_one_master_ws/install/ros2_tests:/home/ri-one/ri_one_master_ws/install/gesture_detection:/opt/ros/humble /usr/bin/cmake --install /home/ri-one/ri_one_master_ws/build/ecl_config
