[0.026s] Invoking command in '/home/ri-one/ri_one_master_ws/build/ros2_kinect_rgb': CMAKE_PREFIX_PATH=/opt/ros/humble /usr/bin/cmake --build /home/ri-one/ri_one_master_ws/build/ros2_kinect_rgb -- -j4 -l4
[0.146s] [100%] Built target rgb_node
[0.193s] Invoked command in '/home/ri-one/ri_one_master_ws/build/ros2_kinect_rgb' returned '0': CMAKE_PREFIX_PATH=/opt/ros/humble /usr/bin/cmake --build /home/ri-one/ri_one_master_ws/build/ros2_kinect_rgb -- -j4 -l4
[0.194s] Invoking command in '/home/ri-one/ri_one_master_ws/build/ros2_kinect_rgb': CMAKE_PREFIX_PATH=/opt/ros/humble /usr/bin/cmake --install /home/ri-one/ri_one_master_ws/build/ros2_kinect_rgb
[0.216s] -- Install configuration: ""
[0.218s] -- Execute custom install script
[0.219s] -- Up-to-date symlink: /home/ri-one/ri_one_master_ws/install/ros2_kinect_rgb/lib/ros2_kinect_rgb/rgb_node
[0.227s] -- Up-to-date symlink: /home/ri-one/ri_one_master_ws/install/ros2_kinect_rgb/share/ament_index/resource_index/package_run_dependencies/ros2_kinect_rgb
[0.228s] -- Up-to-date symlink: /home/ri-one/ri_one_master_ws/install/ros2_kinect_rgb/share/ament_index/resource_index/parent_prefix_path/ros2_kinect_rgb
[0.228s] -- Up-to-date symlink: /home/ri-one/ri_one_master_ws/install/ros2_kinect_rgb/share/ros2_kinect_rgb/environment/ament_prefix_path.sh
[0.228s] -- Up-to-date symlink: /home/ri-one/ri_one_master_ws/install/ros2_kinect_rgb/share/ros2_kinect_rgb/environment/ament_prefix_path.dsv
[0.228s] -- Up-to-date symlink: /home/ri-one/ri_one_master_ws/install/ros2_kinect_rgb/share/ros2_kinect_rgb/environment/path.sh
[0.228s] -- Up-to-date symlink: /home/ri-one/ri_one_master_ws/install/ros2_kinect_rgb/share/ros2_kinect_rgb/environment/path.dsv
[0.228s] -- Up-to-date symlink: /home/ri-one/ri_one_master_ws/install/ros2_kinect_rgb/share/ros2_kinect_rgb/local_setup.bash
[0.229s] -- Up-to-date symlink: /home/ri-one/ri_one_master_ws/install/ros2_kinect_rgb/share/ros2_kinect_rgb/local_setup.sh
[0.238s] -- Up-to-date symlink: /home/ri-one/ri_one_master_ws/install/ros2_kinect_rgb/share/ros2_kinect_rgb/local_setup.zsh
[0.238s] -- Up-to-date symlink: /home/ri-one/ri_one_master_ws/install/ros2_kinect_rgb/share/ros2_kinect_rgb/local_setup.dsv
[0.238s] -- Symlinking: /home/ri-one/ri_one_master_ws/install/ros2_kinect_rgb/share/ros2_kinect_rgb/package.dsv
[0.259s] -- Up-to-date symlink: /home/ri-one/ri_one_master_ws/install/ros2_kinect_rgb/share/ament_index/resource_index/packages/ros2_kinect_rgb
[0.262s] -- Up-to-date symlink: /home/ri-one/ri_one_master_ws/install/ros2_kinect_rgb/share/ros2_kinect_rgb/cmake/ros2_kinect_rgbConfig.cmake
[0.262s] -- Up-to-date symlink: /home/ri-one/ri_one_master_ws/install/ros2_kinect_rgb/share/ros2_kinect_rgb/cmake/ros2_kinect_rgbConfig-version.cmake
[0.262s] -- Up-to-date symlink: /home/ri-one/ri_one_master_ws/install/ros2_kinect_rgb/share/ros2_kinect_rgb/package.xml
[0.280s] Invoked command in '/home/ri-one/ri_one_master_ws/build/ros2_kinect_rgb' returned '0': CMAKE_PREFIX_PATH=/opt/ros/humble /usr/bin/cmake --install /home/ri-one/ri_one_master_ws/build/ros2_kinect_rgb
