[0.041s] Invoking command in '/home/ri-one/ri_one_master_ws/build/ecl_sigslots_lite': AMENT_PREFIX_PATH=/home/ri-one/ri_one_master_ws/install/ecl_errors:/home/ri-one/ri_one_master_ws/install/ecl_config:${AMENT_PREFIX_PATH} CMAKE_PREFIX_PATH=/home/ri-one/ri_one_master_ws/install/ecl_errors:/home/ri-one/ri_one_master_ws/install/ecl_config:/opt/ros/humble LD_LIBRARY_PATH=/home/ri-one/ri_one_master_ws/install/ecl_errors/lib:${LD_LIBRARY_PATH} PATH=/home/ri-one/ri_one_master_ws/install/ecl_config/bin:${PATH} /usr/bin/cmake --build /home/ri-one/ri_one_master_ws/build/ecl_sigslots_lite -- -j4 -l4
[0.193s] [100%] Built target demo_sigslots_lite
[0.255s] Invoked command in '/home/ri-one/ri_one_master_ws/build/ecl_sigslots_lite' returned '0': AMENT_PREFIX_PATH=/home/ri-one/ri_one_master_ws/install/ecl_errors:/home/ri-one/ri_one_master_ws/install/ecl_config:${AMENT_PREFIX_PATH} CMAKE_PREFIX_PATH=/home/ri-one/ri_one_master_ws/install/ecl_errors:/home/ri-one/ri_one_master_ws/install/ecl_config:/opt/ros/humble LD_LIBRARY_PATH=/home/ri-one/ri_one_master_ws/install/ecl_errors/lib:${LD_LIBRARY_PATH} PATH=/home/ri-one/ri_one_master_ws/install/ecl_config/bin:${PATH} /usr/bin/cmake --build /home/ri-one/ri_one_master_ws/build/ecl_sigslots_lite -- -j4 -l4
[0.262s] Invoking command in '/home/ri-one/ri_one_master_ws/build/ecl_sigslots_lite': AMENT_PREFIX_PATH=/home/ri-one/ri_one_master_ws/install/ecl_errors:/home/ri-one/ri_one_master_ws/install/ecl_config:${AMENT_PREFIX_PATH} CMAKE_PREFIX_PATH=/home/ri-one/ri_one_master_ws/install/ecl_errors:/home/ri-one/ri_one_master_ws/install/ecl_config:/opt/ros/humble LD_LIBRARY_PATH=/home/ri-one/ri_one_master_ws/install/ecl_errors/lib:${LD_LIBRARY_PATH} PATH=/home/ri-one/ri_one_master_ws/install/ecl_config/bin:${PATH} /usr/bin/cmake --install /home/ri-one/ri_one_master_ws/build/ecl_sigslots_lite
[0.277s] -- Install configuration: ""
[0.279s] -- Execute custom install script
[0.280s] -- Up-to-date symlink: /home/ri-one/ri_one_master_ws/install/ecl_sigslots_lite/include/ecl/sigslots_lite/connect.hpp
[0.281s] -- Up-to-date symlink: /home/ri-one/ri_one_master_ws/install/ecl_sigslots_lite/include/ecl/sigslots_lite/errors.hpp
[0.281s] -- Up-to-date symlink: /home/ri-one/ri_one_master_ws/install/ecl_sigslots_lite/include/ecl/sigslots_lite/managers.hpp
[0.281s] -- Up-to-date symlink: /home/ri-one/ri_one_master_ws/install/ecl_sigslots_lite/include/ecl/sigslots_lite/signal.hpp
[0.282s] -- Up-to-date symlink: /home/ri-one/ri_one_master_ws/install/ecl_sigslots_lite/include/ecl/sigslots_lite/slot.hpp
[0.283s] -- Up-to-date symlink: /home/ri-one/ri_one_master_ws/install/ecl_sigslots_lite/include/ecl/sigslots_lite/utilities.hpp
[0.283s] -- Up-to-date symlink: /home/ri-one/ri_one_master_ws/install/ecl_sigslots_lite/include/ecl/sigslots_lite.hpp
[0.283s] -- Up-to-date symlink: /home/ri-one/ri_one_master_ws/install/ecl_sigslots_lite/lib/ecl_sigslots_lite/demo_sigslots_lite
[0.284s] -- Up-to-date symlink: /home/ri-one/ri_one_master_ws/install/ecl_sigslots_lite/share/ament_index/resource_index/package_run_dependencies/ecl_sigslots_lite
[0.286s] -- Up-to-date symlink: /home/ri-one/ri_one_master_ws/install/ecl_sigslots_lite/share/ament_index/resource_index/parent_prefix_path/ecl_sigslots_lite
[0.286s] -- Up-to-date symlink: /home/ri-one/ri_one_master_ws/install/ecl_sigslots_lite/share/ecl_sigslots_lite/environment/ament_prefix_path.sh
[0.288s] -- Up-to-date symlink: /home/ri-one/ri_one_master_ws/install/ecl_sigslots_lite/share/ecl_sigslots_lite/environment/ament_prefix_path.dsv
[0.289s] -- Up-to-date symlink: /home/ri-one/ri_one_master_ws/install/ecl_sigslots_lite/share/ecl_sigslots_lite/environment/path.sh
[0.289s] -- Up-to-date symlink: /home/ri-one/ri_one_master_ws/install/ecl_sigslots_lite/share/ecl_sigslots_lite/environment/path.dsv
[0.290s] -- Up-to-date symlink: /home/ri-one/ri_one_master_ws/install/ecl_sigslots_lite/share/ecl_sigslots_lite/local_setup.bash
[0.290s] -- Up-to-date symlink: /home/ri-one/ri_one_master_ws/install/ecl_sigslots_lite/share/ecl_sigslots_lite/local_setup.sh
[0.290s] -- Up-to-date symlink: /home/ri-one/ri_one_master_ws/install/ecl_sigslots_lite/share/ecl_sigslots_lite/local_setup.zsh
[0.290s] -- Up-to-date symlink: /home/ri-one/ri_one_master_ws/install/ecl_sigslots_lite/share/ecl_sigslots_lite/local_setup.dsv
[0.290s] -- Symlinking: /home/ri-one/ri_one_master_ws/install/ecl_sigslots_lite/share/ecl_sigslots_lite/package.dsv
[0.350s] -- Up-to-date symlink: /home/ri-one/ri_one_master_ws/install/ecl_sigslots_lite/share/ament_index/resource_index/packages/ecl_sigslots_lite
[0.350s] -- Up-to-date symlink: /home/ri-one/ri_one_master_ws/install/ecl_sigslots_lite/share/ecl_sigslots_lite/cmake/ament_cmake_export_targets-extras.cmake
[0.354s] -- Up-to-date symlink: /home/ri-one/ri_one_master_ws/install/ecl_sigslots_lite/share/ecl_sigslots_lite/cmake/ament_cmake_export_include_directories-extras.cmake
[0.354s] -- Up-to-date symlink: /home/ri-one/ri_one_master_ws/install/ecl_sigslots_lite/share/ecl_sigslots_lite/cmake/ament_cmake_export_dependencies-extras.cmake
[0.354s] -- Up-to-date symlink: /home/ri-one/ri_one_master_ws/install/ecl_sigslots_lite/share/ecl_sigslots_lite/cmake/ecl_sigslots_liteConfig.cmake
[0.358s] -- Up-to-date symlink: /home/ri-one/ri_one_master_ws/install/ecl_sigslots_lite/share/ecl_sigslots_lite/cmake/ecl_sigslots_liteConfig-version.cmake
[0.360s] -- Up-to-date symlink: /home/ri-one/ri_one_master_ws/install/ecl_sigslots_lite/share/ecl_sigslots_lite/package.xml
[0.360s] -- Up-to-date: /home/ri-one/ri_one_master_ws/install/ecl_sigslots_lite/share/ecl_sigslots_lite/cmake/ecl_sigslots_liteExport.cmake
[0.452s] Invoked command in '/home/ri-one/ri_one_master_ws/build/ecl_sigslots_lite' returned '0': AMENT_PREFIX_PATH=/home/ri-one/ri_one_master_ws/install/ecl_errors:/home/ri-one/ri_one_master_ws/install/ecl_config:${AMENT_PREFIX_PATH} CMAKE_PREFIX_PATH=/home/ri-one/ri_one_master_ws/install/ecl_errors:/home/ri-one/ri_one_master_ws/install/ecl_config:/opt/ros/humble LD_LIBRARY_PATH=/home/ri-one/ri_one_master_ws/install/ecl_errors/lib:${LD_LIBRARY_PATH} PATH=/home/ri-one/ri_one_master_ws/install/ecl_config/bin:${PATH} /usr/bin/cmake --install /home/ri-one/ri_one_master_ws/build/ecl_sigslots_lite
