[0.076s] Invoking command in '/home/ri-one/ri_one_master_ws/build/ecl_command_line': CMAKE_PREFIX_PATH=${CMAKE_PREFIX_PATH}:/home/ri-one/ri_one_master_ws/install/kinect2_calibration:/home/ri-one/ri_one_master_ws/install/ros2_tests:/home/ri-one/ri_one_master_ws/install/realsense_vision:/home/ri-one/ri_one_master_ws/install/ecl_filesystem:/home/ri-one/ri_one_master_ws/install/realsense2_ros_mqtt_bridge:/home/ri-one/ri_one_master_ws/install/gesture_to_motion:/home/ri-one/ri_one_master_ws/install/gesture_detection:/opt/ros/humble /usr/bin/cmake --build /home/ri-one/ri_one_master_ws/build/ecl_command_line -- -j4 -l4
[0.322s] [100%] Built target ecl_demo_command_line
[0.378s] Invoked command in '/home/ri-one/ri_one_master_ws/build/ecl_command_line' returned '0': CMAKE_PREFIX_PATH=${CMAKE_PREFIX_PATH}:/home/ri-one/ri_one_master_ws/install/kinect2_calibration:/home/ri-one/ri_one_master_ws/install/ros2_tests:/home/ri-one/ri_one_master_ws/install/realsense_vision:/home/ri-one/ri_one_master_ws/install/ecl_filesystem:/home/ri-one/ri_one_master_ws/install/realsense2_ros_mqtt_bridge:/home/ri-one/ri_one_master_ws/install/gesture_to_motion:/home/ri-one/ri_one_master_ws/install/gesture_detection:/opt/ros/humble /usr/bin/cmake --build /home/ri-one/ri_one_master_ws/build/ecl_command_line -- -j4 -l4
[0.387s] Invoking command in '/home/ri-one/ri_one_master_ws/build/ecl_command_line': CMAKE_PREFIX_PATH=${CMAKE_PREFIX_PATH}:/home/ri-one/ri_one_master_ws/install/kinect2_calibration:/home/ri-one/ri_one_master_ws/install/ros2_tests:/home/ri-one/ri_one_master_ws/install/realsense_vision:/home/ri-one/ri_one_master_ws/install/ecl_filesystem:/home/ri-one/ri_one_master_ws/install/realsense2_ros_mqtt_bridge:/home/ri-one/ri_one_master_ws/install/gesture_to_motion:/home/ri-one/ri_one_master_ws/install/gesture_detection:/opt/ros/humble /usr/bin/cmake --install /home/ri-one/ri_one_master_ws/build/ecl_command_line
[0.411s] -- Install configuration: ""
[0.411s] -- Execute custom install script
[0.412s] -- Up-to-date symlink: /home/ri-one/ri_one_master_ws/install/ecl_command_line/include/ecl/command_line/arg.hpp
[0.412s] -- Up-to-date symlink: /home/ri-one/ri_one_master_ws/install/ecl_command_line/include/ecl/command_line/arg_exception.hpp
[0.413s] -- Up-to-date symlink: /home/ri-one/ri_one_master_ws/install/ecl_command_line/include/ecl/command_line/cmd_line.hpp
[0.414s] -- Up-to-date symlink: /home/ri-one/ri_one_master_ws/install/ecl_command_line/include/ecl/command_line/cmd_line_interface.hpp
[0.416s] -- Up-to-date symlink: /home/ri-one/ri_one_master_ws/install/ecl_command_line/include/ecl/command_line/cmd_line_output.hpp
[0.417s] -- Up-to-date symlink: /home/ri-one/ri_one_master_ws/install/ecl_command_line/include/ecl/command_line/constraint.hpp
[0.417s] -- Up-to-date symlink: /home/ri-one/ri_one_master_ws/install/ecl_command_line/include/ecl/command_line/docbook_output.hpp
[0.417s] -- Up-to-date symlink: /home/ri-one/ri_one_master_ws/install/ecl_command_line/include/ecl/command_line/help_visitor.hpp
[0.418s] -- Up-to-date symlink: /home/ri-one/ri_one_master_ws/install/ecl_command_line/include/ecl/command_line/ignore_rest_visitor.hpp
[0.418s] -- Up-to-date symlink: /home/ri-one/ri_one_master_ws/install/ecl_command_line/include/ecl/command_line/multi_arg.hpp
[0.418s] -- Up-to-date symlink: /home/ri-one/ri_one_master_ws/install/ecl_command_line/include/ecl/command_line/multi_switch_arg.hpp
[0.418s] -- Up-to-date symlink: /home/ri-one/ri_one_master_ws/install/ecl_command_line/include/ecl/command_line/optional_unlabeled_tracker.hpp
[0.418s] -- Up-to-date symlink: /home/ri-one/ri_one_master_ws/install/ecl_command_line/include/ecl/command_line/std_output.hpp
[0.418s] -- Up-to-date symlink: /home/ri-one/ri_one_master_ws/install/ecl_command_line/include/ecl/command_line/switch_arg.hpp
[0.419s] -- Up-to-date symlink: /home/ri-one/ri_one_master_ws/install/ecl_command_line/include/ecl/command_line/unlabeled_multi_arg.hpp
[0.419s] -- Up-to-date symlink: /home/ri-one/ri_one_master_ws/install/ecl_command_line/include/ecl/command_line/unlabeled_value_arg.hpp
[0.420s] -- Up-to-date symlink: /home/ri-one/ri_one_master_ws/install/ecl_command_line/include/ecl/command_line/value_arg.hpp
[0.420s] -- Up-to-date symlink: /home/ri-one/ri_one_master_ws/install/ecl_command_line/include/ecl/command_line/values_constraint.hpp
[0.420s] -- Up-to-date symlink: /home/ri-one/ri_one_master_ws/install/ecl_command_line/include/ecl/command_line/version_visitor.hpp
[0.421s] -- Up-to-date symlink: /home/ri-one/ri_one_master_ws/install/ecl_command_line/include/ecl/command_line/visitor.hpp
[0.421s] -- Up-to-date symlink: /home/ri-one/ri_one_master_ws/install/ecl_command_line/include/ecl/command_line/xor_handler.hpp
[0.421s] -- Up-to-date symlink: /home/ri-one/ri_one_master_ws/install/ecl_command_line/include/ecl/command_line.hpp
[0.421s] -- Up-to-date symlink: /home/ri-one/ri_one_master_ws/install/ecl_command_line/lib/ecl_command_line/demo_command_line
[0.422s] -- Up-to-date symlink: /home/ri-one/ri_one_master_ws/install/ecl_command_line/share/ament_index/resource_index/package_run_dependencies/ecl_command_line
[0.423s] -- Up-to-date symlink: /home/ri-one/ri_one_master_ws/install/ecl_command_line/share/ament_index/resource_index/parent_prefix_path/ecl_command_line
[0.423s] -- Up-to-date symlink: /home/ri-one/ri_one_master_ws/install/ecl_command_line/share/ecl_command_line/environment/ament_prefix_path.sh
[0.423s] -- Up-to-date symlink: /home/ri-one/ri_one_master_ws/install/ecl_command_line/share/ecl_command_line/environment/ament_prefix_path.dsv
[0.424s] -- Up-to-date symlink: /home/ri-one/ri_one_master_ws/install/ecl_command_line/share/ecl_command_line/environment/path.sh
[0.425s] -- Up-to-date symlink: /home/ri-one/ri_one_master_ws/install/ecl_command_line/share/ecl_command_line/environment/path.dsv
[0.427s] -- Up-to-date symlink: /home/ri-one/ri_one_master_ws/install/ecl_command_line/share/ecl_command_line/local_setup.bash
[0.427s] -- Up-to-date symlink: /home/ri-one/ri_one_master_ws/install/ecl_command_line/share/ecl_command_line/local_setup.sh
[0.427s] -- Up-to-date symlink: /home/ri-one/ri_one_master_ws/install/ecl_command_line/share/ecl_command_line/local_setup.zsh
[0.428s] -- Up-to-date symlink: /home/ri-one/ri_one_master_ws/install/ecl_command_line/share/ecl_command_line/local_setup.dsv
[0.428s] -- Symlinking: /home/ri-one/ri_one_master_ws/install/ecl_command_line/share/ecl_command_line/package.dsv
[0.453s] -- Up-to-date symlink: /home/ri-one/ri_one_master_ws/install/ecl_command_line/share/ament_index/resource_index/packages/ecl_command_line
[0.454s] -- Up-to-date symlink: /home/ri-one/ri_one_master_ws/install/ecl_command_line/share/ecl_command_line/cmake/ament_cmake_export_targets-extras.cmake
[0.454s] -- Up-to-date symlink: /home/ri-one/ri_one_master_ws/install/ecl_command_line/share/ecl_command_line/cmake/ament_cmake_export_include_directories-extras.cmake
[0.454s] -- Up-to-date symlink: /home/ri-one/ri_one_master_ws/install/ecl_command_line/share/ecl_command_line/cmake/ecl_command_lineConfig.cmake
[0.455s] -- Up-to-date symlink: /home/ri-one/ri_one_master_ws/install/ecl_command_line/share/ecl_command_line/cmake/ecl_command_lineConfig-version.cmake
[0.456s] -- Up-to-date symlink: /home/ri-one/ri_one_master_ws/install/ecl_command_line/share/ecl_command_line/package.xml
[0.456s] -- Up-to-date: /home/ri-one/ri_one_master_ws/install/ecl_command_line/share/ecl_command_line/cmake/ecl_command_lineExport.cmake
[0.462s] Invoked command in '/home/ri-one/ri_one_master_ws/build/ecl_command_line' returned '0': CMAKE_PREFIX_PATH=${CMAKE_PREFIX_PATH}:/home/ri-one/ri_one_master_ws/install/kinect2_calibration:/home/ri-one/ri_one_master_ws/install/ros2_tests:/home/ri-one/ri_one_master_ws/install/realsense_vision:/home/ri-one/ri_one_master_ws/install/ecl_filesystem:/home/ri-one/ri_one_master_ws/install/realsense2_ros_mqtt_bridge:/home/ri-one/ri_one_master_ws/install/gesture_to_motion:/home/ri-one/ri_one_master_ws/install/gesture_detection:/opt/ros/humble /usr/bin/cmake --install /home/ri-one/ri_one_master_ws/build/ecl_command_line
