[0.047s] Invoking command in '/home/ri-one/ri_one_master_ws/build/ecl_type_traits': AMENT_PREFIX_PATH=/home/ri-one/ri_one_master_ws/install/ecl_mpl:/home/ri-one/ri_one_master_ws/install/ecl_config:${AMENT_PREFIX_PATH} CMAKE_PREFIX_PATH=/home/ri-one/ri_one_master_ws/install/ecl_mpl:/home/ri-one/ri_one_master_ws/install/ecl_config:/opt/ros/humble PATH=/home/ri-one/ri_one_master_ws/install/ecl_config/bin:${PATH} /usr/bin/cmake /home/ri-one/ri_one_master_ws/src/turtlebot2_ros2/ecl_core/ecl_type_traits -DAMENT_CMAKE_SYMLINK_INSTALL=1 -DCMAKE_INSTALL_PREFIX=/home/ri-one/ri_one_master_ws/install/ecl_type_traits
[0.361s] -- The C compiler identification is GNU 11.4.0
[0.488s] -- The CXX compiler identification is GNU 11.4.0
[0.505s] -- Detecting C compiler ABI info
[0.811s] -- Detecting C compiler ABI info - done
[0.893s] -- Check for working C compiler: /usr/bin/cc - skipped
[0.895s] -- Detecting C compile features
[0.895s] -- Detecting C compile features - done
[0.924s] -- Detecting CXX compiler ABI info
[1.207s] -- Detecting CXX compiler ABI info - done
[1.295s] -- Check for working CXX compiler: /usr/bin/c++ - skipped
[1.305s] -- Detecting CXX compile features
[1.306s] -- Detecting CXX compile features - done
[1.321s] -- Found ament_cmake_ros: 0.10.0 (/opt/ros/humble/share/ament_cmake_ros/cmake)
[2.102s] -- Found Python3: /usr/bin/python3 (found version "3.10.12") found components: Interpreter 
[2.426s] -- Override CMake install command with custom implementation using symlinks instead of copying resources
[2.586s] -- Found ecl_build: 1.0.3 (/opt/ros/humble/share/ecl_build/cmake)
[2.628s] -- Found ecl_config: 1.2.0 (/home/ri-one/ri_one_master_ws/install/ecl_config/share/ecl_config/cmake)
[2.636s] -- Found ecl_mpl: 1.2.1 (/home/ri-one/ri_one_master_ws/install/ecl_mpl/share/ecl_mpl/cmake)
[3.133s] -- Found ament_lint_auto: 0.12.14 (/opt/ros/humble/share/ament_lint_auto/cmake)
[3.252s] -- Found gtest sources under '/opt/ros/humble/src/gtest_vendor': C++ tests using 'Google Test' will be built
[3.260s] -- Looking for pthread.h
[3.534s] -- Looking for pthread.h - found
[3.540s] -- Performing Test CMAKE_HAVE_LIBC_PTHREAD
[3.889s] -- Performing Test CMAKE_HAVE_LIBC_PTHREAD - Success
[3.894s] -- Found Threads: TRUE  
[3.961s] -- Configuring done
[4.000s] -- Generating done
[4.014s] -- Build files have been written to: /home/ri-one/ri_one_master_ws/build/ecl_type_traits
[4.030s] Invoked command in '/home/ri-one/ri_one_master_ws/build/ecl_type_traits' returned '0': AMENT_PREFIX_PATH=/home/ri-one/ri_one_master_ws/install/ecl_mpl:/home/ri-one/ri_one_master_ws/install/ecl_config:${AMENT_PREFIX_PATH} CMAKE_PREFIX_PATH=/home/ri-one/ri_one_master_ws/install/ecl_mpl:/home/ri-one/ri_one_master_ws/install/ecl_config:/opt/ros/humble PATH=/home/ri-one/ri_one_master_ws/install/ecl_config/bin:${PATH} /usr/bin/cmake /home/ri-one/ri_one_master_ws/src/turtlebot2_ros2/ecl_core/ecl_type_traits -DAMENT_CMAKE_SYMLINK_INSTALL=1 -DCMAKE_INSTALL_PREFIX=/home/ri-one/ri_one_master_ws/install/ecl_type_traits
[4.037s] Invoking command in '/home/ri-one/ri_one_master_ws/build/ecl_type_traits': AMENT_PREFIX_PATH=/home/ri-one/ri_one_master_ws/install/ecl_mpl:/home/ri-one/ri_one_master_ws/install/ecl_config:${AMENT_PREFIX_PATH} CMAKE_PREFIX_PATH=/home/ri-one/ri_one_master_ws/install/ecl_mpl:/home/ri-one/ri_one_master_ws/install/ecl_config:/opt/ros/humble PATH=/home/ri-one/ri_one_master_ws/install/ecl_config/bin:${PATH} /usr/bin/cmake --build /home/ri-one/ri_one_master_ws/build/ecl_type_traits -- -j4 -l4
[4.236s] [  8%] [32mBuilding CXX object src/lib/CMakeFiles/ecl_type_traits.dir/numeric_limits.cpp.o[0m
[4.369s] [ 16%] [32m[1mLinking CXX shared library libecl_type_traits.so[0m
[4.638s] [ 16%] Built target ecl_type_traits
[4.725s] [ 25%] [32mBuilding CXX object gtest/CMakeFiles/gtest.dir/src/gtest-all.cc.o[0m
[16.640s] [ 33%] [32m[1mLinking CXX static library libgtest.a[0m
[16.898s] [ 33%] Built target gtest
[16.985s] [ 41%] [32mBuilding CXX object src/utils/CMakeFiles/ecl_detect_sizes.dir/detect_sizes.cpp.o[0m
[18.171s] [ 50%] [32m[1mLinking CXX executable bin/ecl_detect_sizes[0m
[18.470s] [ 50%] Built target ecl_detect_sizes
[18.559s] [ 58%] [32mBuilding CXX object gtest/CMakeFiles/gtest_main.dir/src/gtest_main.cc.o[0m
[20.099s] [ 66%] [32m[1mLinking CXX static library libgtest_main.a[0m
[20.361s] [ 66%] Built target gtest_main
[20.411s] [ 75%] [32mBuilding CXX object src/test/CMakeFiles/test_numeric_limits.dir/numeric_limits.cpp.o[0m
[22.706s] [ 83%] [32m[1mLinking CXX executable test_numeric_limits[0m
[23.279s] [ 83%] Built target test_numeric_limits
[23.359s] [ 91%] [32mBuilding CXX object src/test/CMakeFiles/test_fundamental_types.dir/fundamental_types.cpp.o[0m
[25.297s] [100%] [32m[1mLinking CXX executable test_fundamental_types[0m
[25.665s] [100%] Built target test_fundamental_types
[25.693s] Invoked command in '/home/ri-one/ri_one_master_ws/build/ecl_type_traits' returned '0': AMENT_PREFIX_PATH=/home/ri-one/ri_one_master_ws/install/ecl_mpl:/home/ri-one/ri_one_master_ws/install/ecl_config:${AMENT_PREFIX_PATH} CMAKE_PREFIX_PATH=/home/ri-one/ri_one_master_ws/install/ecl_mpl:/home/ri-one/ri_one_master_ws/install/ecl_config:/opt/ros/humble PATH=/home/ri-one/ri_one_master_ws/install/ecl_config/bin:${PATH} /usr/bin/cmake --build /home/ri-one/ri_one_master_ws/build/ecl_type_traits -- -j4 -l4
[25.695s] Invoking command in '/home/ri-one/ri_one_master_ws/build/ecl_type_traits': AMENT_PREFIX_PATH=/home/ri-one/ri_one_master_ws/install/ecl_mpl:/home/ri-one/ri_one_master_ws/install/ecl_config:${AMENT_PREFIX_PATH} CMAKE_PREFIX_PATH=/home/ri-one/ri_one_master_ws/install/ecl_mpl:/home/ri-one/ri_one_master_ws/install/ecl_config:/opt/ros/humble PATH=/home/ri-one/ri_one_master_ws/install/ecl_config/bin:${PATH} /usr/bin/cmake --install /home/ri-one/ri_one_master_ws/build/ecl_type_traits
[25.712s] -- Install configuration: ""
[25.713s] -- Execute custom install script
[25.716s] -- Symlinking: /home/ri-one/ri_one_master_ws/install/ecl_type_traits/include/ecl/type_traits/fundamental_types.hpp
[25.733s] -- Symlinking: /home/ri-one/ri_one_master_ws/install/ecl_type_traits/include/ecl/type_traits/macros.hpp
[25.750s] -- Symlinking: /home/ri-one/ri_one_master_ws/install/ecl_type_traits/include/ecl/type_traits/numeric_limits.hpp
[25.768s] -- Symlinking: /home/ri-one/ri_one_master_ws/install/ecl_type_traits/include/ecl/type_traits/traits.hpp
[25.787s] -- Symlinking: /home/ri-one/ri_one_master_ws/install/ecl_type_traits/include/ecl/type_traits.hpp
[25.812s] -- Symlinking: /home/ri-one/ri_one_master_ws/install/ecl_type_traits/bin/ecl_detect_sizes
[25.829s] -- Symlinking: /home/ri-one/ri_one_master_ws/install/ecl_type_traits/share/ecl_type_traits/environment/library_path.sh
[25.848s] -- Symlinking: /home/ri-one/ri_one_master_ws/install/ecl_type_traits/share/ecl_type_traits/environment/library_path.dsv
[25.869s] -- Symlinking: /home/ri-one/ri_one_master_ws/install/ecl_type_traits/share/ament_index/resource_index/package_run_dependencies/ecl_type_traits
[25.890s] -- Symlinking: /home/ri-one/ri_one_master_ws/install/ecl_type_traits/share/ament_index/resource_index/parent_prefix_path/ecl_type_traits
[25.910s] -- Symlinking: /home/ri-one/ri_one_master_ws/install/ecl_type_traits/share/ecl_type_traits/environment/ament_prefix_path.sh
[25.928s] -- Symlinking: /home/ri-one/ri_one_master_ws/install/ecl_type_traits/share/ecl_type_traits/environment/ament_prefix_path.dsv
[25.947s] -- Symlinking: /home/ri-one/ri_one_master_ws/install/ecl_type_traits/share/ecl_type_traits/environment/path.sh
[25.962s] -- Symlinking: /home/ri-one/ri_one_master_ws/install/ecl_type_traits/share/ecl_type_traits/environment/path.dsv
[25.981s] -- Symlinking: /home/ri-one/ri_one_master_ws/install/ecl_type_traits/share/ecl_type_traits/local_setup.bash
[26.002s] -- Symlinking: /home/ri-one/ri_one_master_ws/install/ecl_type_traits/share/ecl_type_traits/local_setup.sh
[26.020s] -- Symlinking: /home/ri-one/ri_one_master_ws/install/ecl_type_traits/share/ecl_type_traits/local_setup.zsh
[26.038s] -- Symlinking: /home/ri-one/ri_one_master_ws/install/ecl_type_traits/share/ecl_type_traits/local_setup.dsv
[26.056s] -- Symlinking: /home/ri-one/ri_one_master_ws/install/ecl_type_traits/share/ecl_type_traits/package.dsv
[26.076s] -- Symlinking: /home/ri-one/ri_one_master_ws/install/ecl_type_traits/share/ament_index/resource_index/packages/ecl_type_traits
[26.097s] -- Symlinking: /home/ri-one/ri_one_master_ws/install/ecl_type_traits/share/ecl_type_traits/cmake/ament_cmake_export_targets-extras.cmake
[26.117s] -- Symlinking: /home/ri-one/ri_one_master_ws/install/ecl_type_traits/share/ecl_type_traits/cmake/ament_cmake_export_include_directories-extras.cmake
[26.134s] -- Symlinking: /home/ri-one/ri_one_master_ws/install/ecl_type_traits/share/ecl_type_traits/cmake/ament_cmake_export_libraries-extras.cmake
[26.155s] -- Symlinking: /home/ri-one/ri_one_master_ws/install/ecl_type_traits/share/ecl_type_traits/cmake/ament_cmake_export_dependencies-extras.cmake
[26.176s] -- Symlinking: /home/ri-one/ri_one_master_ws/install/ecl_type_traits/share/ecl_type_traits/cmake/ecl_type_traitsConfig.cmake
[26.195s] -- Symlinking: /home/ri-one/ri_one_master_ws/install/ecl_type_traits/share/ecl_type_traits/cmake/ecl_type_traitsConfig-version.cmake
[26.215s] -- Symlinking: /home/ri-one/ri_one_master_ws/install/ecl_type_traits/share/ecl_type_traits/package.xml
[26.233s] -- Installing: /home/ri-one/ri_one_master_ws/install/ecl_type_traits/share/ecl_type_traits/cmake/ecl_type_traitsExport.cmake
[26.234s] -- Installing: /home/ri-one/ri_one_master_ws/install/ecl_type_traits/share/ecl_type_traits/cmake/ecl_type_traitsExport-noconfig.cmake
[26.238s] -- Installing: /home/ri-one/ri_one_master_ws/install/ecl_type_traits/lib/libecl_type_traits.so.1.2.1
[26.238s] -- Installing: /home/ri-one/ri_one_master_ws/install/ecl_type_traits/lib/libecl_type_traits.so
[26.243s] Invoked command in '/home/ri-one/ri_one_master_ws/build/ecl_type_traits' returned '0': AMENT_PREFIX_PATH=/home/ri-one/ri_one_master_ws/install/ecl_mpl:/home/ri-one/ri_one_master_ws/install/ecl_config:${AMENT_PREFIX_PATH} CMAKE_PREFIX_PATH=/home/ri-one/ri_one_master_ws/install/ecl_mpl:/home/ri-one/ri_one_master_ws/install/ecl_config:/opt/ros/humble PATH=/home/ri-one/ri_one_master_ws/install/ecl_config/bin:${PATH} /usr/bin/cmake --install /home/ri-one/ri_one_master_ws/build/ecl_type_traits
