[0.134s] Invoking command in '/home/ri-one/ri_one_master_ws/build/ecl_math': AMENT_PREFIX_PATH=/home/ri-one/ri_one_master_ws/install/ecl_type_traits:/home/ri-one/ri_one_master_ws/install/ecl_mpl:/home/ri-one/ri_one_master_ws/install/ecl_config:${AMENT_PREFIX_PATH} CMAKE_PREFIX_PATH=/home/ri-one/ri_one_master_ws/install/ecl_type_traits:/home/ri-one/ri_one_master_ws/install/ecl_mpl:/home/ri-one/ri_one_master_ws/install/ecl_config:/opt/ros/humble LD_LIBRARY_PATH=/home/ri-one/ri_one_master_ws/install/ecl_type_traits/lib:${LD_LIBRARY_PATH} PATH=/home/ri-one/ri_one_master_ws/install/ecl_type_traits/bin:/home/ri-one/ri_one_master_ws/install/ecl_config/bin:${PATH} /usr/bin/cmake --build /home/ri-one/ri_one_master_ws/build/ecl_math -- -j4 -l4
[0.315s] [ 16%] Built target gtest
[0.346s] [ 33%] Built target gtest_main
[0.443s] [ 50%] Built target ecl_test_norms
[0.477s] [ 66%] Built target ecl_test_constants
[0.501s] [ 83%] Built target ecl_test_simple
[0.526s] [100%] Built target ecl_test_fuzzy
[0.554s] Invoked command in '/home/ri-one/ri_one_master_ws/build/ecl_math' returned '0': AMENT_PREFIX_PATH=/home/ri-one/ri_one_master_ws/install/ecl_type_traits:/home/ri-one/ri_one_master_ws/install/ecl_mpl:/home/ri-one/ri_one_master_ws/install/ecl_config:${AMENT_PREFIX_PATH} CMAKE_PREFIX_PATH=/home/ri-one/ri_one_master_ws/install/ecl_type_traits:/home/ri-one/ri_one_master_ws/install/ecl_mpl:/home/ri-one/ri_one_master_ws/install/ecl_config:/opt/ros/humble LD_LIBRARY_PATH=/home/ri-one/ri_one_master_ws/install/ecl_type_traits/lib:${LD_LIBRARY_PATH} PATH=/home/ri-one/ri_one_master_ws/install/ecl_type_traits/bin:/home/ri-one/ri_one_master_ws/install/ecl_config/bin:${PATH} /usr/bin/cmake --build /home/ri-one/ri_one_master_ws/build/ecl_math -- -j4 -l4
[0.560s] Invoking command in '/home/ri-one/ri_one_master_ws/build/ecl_math': AMENT_PREFIX_PATH=/home/ri-one/ri_one_master_ws/install/ecl_type_traits:/home/ri-one/ri_one_master_ws/install/ecl_mpl:/home/ri-one/ri_one_master_ws/install/ecl_config:${AMENT_PREFIX_PATH} CMAKE_PREFIX_PATH=/home/ri-one/ri_one_master_ws/install/ecl_type_traits:/home/ri-one/ri_one_master_ws/install/ecl_mpl:/home/ri-one/ri_one_master_ws/install/ecl_config:/opt/ros/humble LD_LIBRARY_PATH=/home/ri-one/ri_one_master_ws/install/ecl_type_traits/lib:${LD_LIBRARY_PATH} PATH=/home/ri-one/ri_one_master_ws/install/ecl_type_traits/bin:/home/ri-one/ri_one_master_ws/install/ecl_config/bin:${PATH} /usr/bin/cmake --install /home/ri-one/ri_one_master_ws/build/ecl_math
[0.578s] -- Install configuration: ""
[0.580s] -- Execute custom install script
[0.580s] -- Up-to-date symlink: /home/ri-one/ri_one_master_ws/install/ecl_math/include/ecl/math/constants.hpp
[0.580s] -- Up-to-date symlink: /home/ri-one/ri_one_master_ws/install/ecl_math/include/ecl/math/fuzzy.hpp
[0.581s] -- Up-to-date symlink: /home/ri-one/ri_one_master_ws/install/ecl_math/include/ecl/math/norms.hpp
[0.581s] -- Up-to-date symlink: /home/ri-one/ri_one_master_ws/install/ecl_math/include/ecl/math/simple.hpp
[0.582s] -- Up-to-date symlink: /home/ri-one/ri_one_master_ws/install/ecl_math/include/ecl/math.hpp
[0.582s] -- Up-to-date symlink: /home/ri-one/ri_one_master_ws/install/ecl_math/share/ament_index/resource_index/package_run_dependencies/ecl_math
[0.582s] -- Up-to-date symlink: /home/ri-one/ri_one_master_ws/install/ecl_math/share/ament_index/resource_index/parent_prefix_path/ecl_math
[0.582s] -- Up-to-date symlink: /home/ri-one/ri_one_master_ws/install/ecl_math/share/ecl_math/environment/ament_prefix_path.sh
[0.583s] -- Up-to-date symlink: /home/ri-one/ri_one_master_ws/install/ecl_math/share/ecl_math/environment/ament_prefix_path.dsv
[0.590s] -- Up-to-date symlink: /home/ri-one/ri_one_master_ws/install/ecl_math/share/ecl_math/environment/path.sh
[0.591s] -- Up-to-date symlink: /home/ri-one/ri_one_master_ws/install/ecl_math/share/ecl_math/environment/path.dsv
[0.591s] -- Up-to-date symlink: /home/ri-one/ri_one_master_ws/install/ecl_math/share/ecl_math/local_setup.bash
[0.591s] -- Up-to-date symlink: /home/ri-one/ri_one_master_ws/install/ecl_math/share/ecl_math/local_setup.sh
[0.592s] -- Up-to-date symlink: /home/ri-one/ri_one_master_ws/install/ecl_math/share/ecl_math/local_setup.zsh
[0.592s] -- Up-to-date symlink: /home/ri-one/ri_one_master_ws/install/ecl_math/share/ecl_math/local_setup.dsv
[0.592s] -- Symlinking: /home/ri-one/ri_one_master_ws/install/ecl_math/share/ecl_math/package.dsv
[0.653s] -- Up-to-date symlink: /home/ri-one/ri_one_master_ws/install/ecl_math/share/ament_index/resource_index/packages/ecl_math
[0.660s] -- Up-to-date symlink: /home/ri-one/ri_one_master_ws/install/ecl_math/share/ecl_math/cmake/ament_cmake_export_targets-extras.cmake
[0.660s] -- Up-to-date symlink: /home/ri-one/ri_one_master_ws/install/ecl_math/share/ecl_math/cmake/ament_cmake_export_include_directories-extras.cmake
[0.660s] -- Up-to-date symlink: /home/ri-one/ri_one_master_ws/install/ecl_math/share/ecl_math/cmake/ament_cmake_export_dependencies-extras.cmake
[0.660s] -- Up-to-date symlink: /home/ri-one/ri_one_master_ws/install/ecl_math/share/ecl_math/cmake/ecl_mathConfig.cmake
[0.665s] -- Up-to-date symlink: /home/ri-one/ri_one_master_ws/install/ecl_math/share/ecl_math/cmake/ecl_mathConfig-version.cmake
[0.665s] -- Up-to-date symlink: /home/ri-one/ri_one_master_ws/install/ecl_math/share/ecl_math/package.xml
[0.665s] -- Up-to-date: /home/ri-one/ri_one_master_ws/install/ecl_math/share/ecl_math/cmake/ecl_mathExport.cmake
[0.669s] Invoked command in '/home/ri-one/ri_one_master_ws/build/ecl_math' returned '0': AMENT_PREFIX_PATH=/home/ri-one/ri_one_master_ws/install/ecl_type_traits:/home/ri-one/ri_one_master_ws/install/ecl_mpl:/home/ri-one/ri_one_master_ws/install/ecl_config:${AMENT_PREFIX_PATH} CMAKE_PREFIX_PATH=/home/ri-one/ri_one_master_ws/install/ecl_type_traits:/home/ri-one/ri_one_master_ws/install/ecl_mpl:/home/ri-one/ri_one_master_ws/install/ecl_config:/opt/ros/humble LD_LIBRARY_PATH=/home/ri-one/ri_one_master_ws/install/ecl_type_traits/lib:${LD_LIBRARY_PATH} PATH=/home/ri-one/ri_one_master_ws/install/ecl_type_traits/bin:/home/ri-one/ri_one_master_ws/install/ecl_config/bin:${PATH} /usr/bin/cmake --install /home/ri-one/ri_one_master_ws/build/ecl_math
