[0.051s] Invoking command in '/home/ri-one/ri_one_master_ws/build/ros2_kinect_rgb': CMAKE_PREFIX_PATH=${CMAKE_PREFIX_PATH}:/home/ri-one/ri_one_master_ws/install/ros2_tests:/home/ri-one/ri_one_master_ws/install/gesture_detection:/home/ri-one/ri_one_master_ws/install/ecl_geometry:/opt/ros/humble /usr/bin/cmake --build /home/ri-one/ri_one_master_ws/build/ros2_kinect_rgb -- -j4 -l4
[0.212s] [35m[1mConsolidate compiler generated dependencies of target rgb_node[0m
[0.270s] [100%] Built target rgb_node
[0.365s] Invoked command in '/home/ri-one/ri_one_master_ws/build/ros2_kinect_rgb' returned '0': CMAKE_PREFIX_PATH=${CMAKE_PREFIX_PATH}:/home/ri-one/ri_one_master_ws/install/ros2_tests:/home/ri-one/ri_one_master_ws/install/gesture_detection:/home/ri-one/ri_one_master_ws/install/ecl_geometry:/opt/ros/humble /usr/bin/cmake --build /home/ri-one/ri_one_master_ws/build/ros2_kinect_rgb -- -j4 -l4
[0.367s] Invoking command in '/home/ri-one/ri_one_master_ws/build/ros2_kinect_rgb': CMAKE_PREFIX_PATH=${CMAKE_PREFIX_PATH}:/home/ri-one/ri_one_master_ws/install/ros2_tests:/home/ri-one/ri_one_master_ws/install/gesture_detection:/home/ri-one/ri_one_master_ws/install/ecl_geometry:/opt/ros/humble /usr/bin/cmake --install /home/ri-one/ri_one_master_ws/build/ros2_kinect_rgb
[0.402s] -- Install configuration: ""
[0.402s] -- Execute custom install script
[0.402s] -- Up-to-date symlink: /home/ri-one/ri_one_master_ws/install/ros2_kinect_rgb/lib/ros2_kinect_rgb/rgb_node
[0.402s] -- Up-to-date symlink: /home/ri-one/ri_one_master_ws/install/ros2_kinect_rgb/share/ament_index/resource_index/package_run_dependencies/ros2_kinect_rgb
[0.403s] -- Up-to-date symlink: /home/ri-one/ri_one_master_ws/install/ros2_kinect_rgb/share/ament_index/resource_index/parent_prefix_path/ros2_kinect_rgb
[0.403s] -- Up-to-date symlink: /home/ri-one/ri_one_master_ws/install/ros2_kinect_rgb/share/ros2_kinect_rgb/environment/ament_prefix_path.sh
[0.403s] -- Up-to-date symlink: /home/ri-one/ri_one_master_ws/install/ros2_kinect_rgb/share/ros2_kinect_rgb/environment/ament_prefix_path.dsv
[0.403s] -- Up-to-date symlink: /home/ri-one/ri_one_master_ws/install/ros2_kinect_rgb/share/ros2_kinect_rgb/environment/path.sh
[0.403s] -- Up-to-date symlink: /home/ri-one/ri_one_master_ws/install/ros2_kinect_rgb/share/ros2_kinect_rgb/environment/path.dsv
[0.403s] -- Up-to-date symlink: /home/ri-one/ri_one_master_ws/install/ros2_kinect_rgb/share/ros2_kinect_rgb/local_setup.bash
[0.403s] -- Up-to-date symlink: /home/ri-one/ri_one_master_ws/install/ros2_kinect_rgb/share/ros2_kinect_rgb/local_setup.sh
[0.404s] -- Up-to-date symlink: /home/ri-one/ri_one_master_ws/install/ros2_kinect_rgb/share/ros2_kinect_rgb/local_setup.zsh
[0.404s] -- Up-to-date symlink: /home/ri-one/ri_one_master_ws/install/ros2_kinect_rgb/share/ros2_kinect_rgb/local_setup.dsv
[0.404s] -- Symlinking: /home/ri-one/ri_one_master_ws/install/ros2_kinect_rgb/share/ros2_kinect_rgb/package.dsv
[0.437s] -- Up-to-date symlink: /home/ri-one/ri_one_master_ws/install/ros2_kinect_rgb/share/ament_index/resource_index/packages/ros2_kinect_rgb
[0.437s] -- Up-to-date symlink: /home/ri-one/ri_one_master_ws/install/ros2_kinect_rgb/share/ros2_kinect_rgb/cmake/ros2_kinect_rgbConfig.cmake
[0.437s] -- Up-to-date symlink: /home/ri-one/ri_one_master_ws/install/ros2_kinect_rgb/share/ros2_kinect_rgb/cmake/ros2_kinect_rgbConfig-version.cmake
[0.437s] -- Up-to-date symlink: /home/ri-one/ri_one_master_ws/install/ros2_kinect_rgb/share/ros2_kinect_rgb/package.xml
[0.442s] Invoked command in '/home/ri-one/ri_one_master_ws/build/ros2_kinect_rgb' returned '0': CMAKE_PREFIX_PATH=${CMAKE_PREFIX_PATH}:/home/ri-one/ri_one_master_ws/install/ros2_tests:/home/ri-one/ri_one_master_ws/install/gesture_detection:/home/ri-one/ri_one_master_ws/install/ecl_geometry:/opt/ros/humble /usr/bin/cmake --install /home/ri-one/ri_one_master_ws/build/ros2_kinect_rgb
