[0.026s] Invoking command in '/home/ri-one/ri_one_master_ws/build/ecl_time_lite': AMENT_PREFIX_PATH=/home/ri-one/ri_one_master_ws/install/ecl_errors:/home/ri-one/ri_one_master_ws/install/ecl_config:${AMENT_PREFIX_PATH} CMAKE_PREFIX_PATH=/home/ri-one/ri_one_master_ws/install/ecl_errors:/home/ri-one/ri_one_master_ws/install/ecl_config:/opt/ros/humble LD_LIBRARY_PATH=/home/ri-one/ri_one_master_ws/install/ecl_errors/lib:${LD_LIBRARY_PATH} PATH=/home/ri-one/ri_one_master_ws/install/ecl_config/bin:${PATH} /usr/bin/cmake --build /home/ri-one/ri_one_master_ws/build/ecl_time_lite -- -j4 -l4
[0.150s] [ 77%] Built target ecl_time_lite
[0.189s] [100%] Built target demo_time_functions
[0.222s] Invoked command in '/home/ri-one/ri_one_master_ws/build/ecl_time_lite' returned '0': AMENT_PREFIX_PATH=/home/ri-one/ri_one_master_ws/install/ecl_errors:/home/ri-one/ri_one_master_ws/install/ecl_config:${AMENT_PREFIX_PATH} CMAKE_PREFIX_PATH=/home/ri-one/ri_one_master_ws/install/ecl_errors:/home/ri-one/ri_one_master_ws/install/ecl_config:/opt/ros/humble LD_LIBRARY_PATH=/home/ri-one/ri_one_master_ws/install/ecl_errors/lib:${LD_LIBRARY_PATH} PATH=/home/ri-one/ri_one_master_ws/install/ecl_config/bin:${PATH} /usr/bin/cmake --build /home/ri-one/ri_one_master_ws/build/ecl_time_lite -- -j4 -l4
[0.223s] Invoking command in '/home/ri-one/ri_one_master_ws/build/ecl_time_lite': AMENT_PREFIX_PATH=/home/ri-one/ri_one_master_ws/install/ecl_errors:/home/ri-one/ri_one_master_ws/install/ecl_config:${AMENT_PREFIX_PATH} CMAKE_PREFIX_PATH=/home/ri-one/ri_one_master_ws/install/ecl_errors:/home/ri-one/ri_one_master_ws/install/ecl_config:/opt/ros/humble LD_LIBRARY_PATH=/home/ri-one/ri_one_master_ws/install/ecl_errors/lib:${LD_LIBRARY_PATH} PATH=/home/ri-one/ri_one_master_ws/install/ecl_config/bin:${PATH} /usr/bin/cmake --install /home/ri-one/ri_one_master_ws/build/ecl_time_lite
[0.242s] -- Install configuration: ""
[0.242s] -- Execute custom install script
[0.242s] -- Up-to-date symlink: /home/ri-one/ri_one_master_ws/install/ecl_time_lite/include/ecl/time_lite/cpu_time.hpp
[0.242s] -- Up-to-date symlink: /home/ri-one/ri_one_master_ws/install/ecl_time_lite/include/ecl/time_lite/date.hpp
[0.243s] -- Up-to-date symlink: /home/ri-one/ri_one_master_ws/install/ecl_time_lite/include/ecl/time_lite/errors.hpp
[0.243s] -- Up-to-date symlink: /home/ri-one/ri_one_master_ws/install/ecl_time_lite/include/ecl/time_lite/functions.hpp
[0.243s] -- Up-to-date symlink: /home/ri-one/ri_one_master_ws/install/ecl_time_lite/include/ecl/time_lite/functions_mac.hpp
[0.243s] -- Up-to-date symlink: /home/ri-one/ri_one_master_ws/install/ecl_time_lite/include/ecl/time_lite/functions_pos.hpp
[0.244s] -- Up-to-date symlink: /home/ri-one/ri_one_master_ws/install/ecl_time_lite/include/ecl/time_lite/functions_rt.hpp
[0.245s] -- Up-to-date symlink: /home/ri-one/ri_one_master_ws/install/ecl_time_lite/include/ecl/time_lite/functions_win.hpp
[0.246s] -- Up-to-date symlink: /home/ri-one/ri_one_master_ws/install/ecl_time_lite/include/ecl/time_lite/macros.hpp
[0.246s] -- Up-to-date symlink: /home/ri-one/ri_one_master_ws/install/ecl_time_lite/include/ecl/time_lite/types.hpp
[0.247s] -- Up-to-date symlink: /home/ri-one/ri_one_master_ws/install/ecl_time_lite/include/ecl/time_lite/types_pos.hpp
[0.247s] -- Up-to-date symlink: /home/ri-one/ri_one_master_ws/install/ecl_time_lite/include/ecl/time_lite/types_win.hpp
[0.250s] -- Up-to-date symlink: /home/ri-one/ri_one_master_ws/install/ecl_time_lite/include/ecl/time_lite/config.hpp
[0.252s] -- Up-to-date symlink: /home/ri-one/ri_one_master_ws/install/ecl_time_lite/include/ecl/time_lite.hpp
[0.252s] -- Up-to-date symlink: /home/ri-one/ri_one_master_ws/install/ecl_time_lite/lib/ecl_time_lite/demo_time_functions
[0.256s] -- Up-to-date symlink: /home/ri-one/ri_one_master_ws/install/ecl_time_lite/share/ecl_time_lite/environment/library_path.sh
[0.256s] -- Up-to-date symlink: /home/ri-one/ri_one_master_ws/install/ecl_time_lite/share/ecl_time_lite/environment/library_path.dsv
[0.256s] -- Up-to-date symlink: /home/ri-one/ri_one_master_ws/install/ecl_time_lite/share/ament_index/resource_index/package_run_dependencies/ecl_time_lite
[0.256s] -- Up-to-date symlink: /home/ri-one/ri_one_master_ws/install/ecl_time_lite/share/ament_index/resource_index/parent_prefix_path/ecl_time_lite
[0.257s] -- Up-to-date symlink: /home/ri-one/ri_one_master_ws/install/ecl_time_lite/share/ecl_time_lite/environment/ament_prefix_path.sh
[0.257s] -- Up-to-date symlink: /home/ri-one/ri_one_master_ws/install/ecl_time_lite/share/ecl_time_lite/environment/ament_prefix_path.dsv
[0.257s] -- Up-to-date symlink: /home/ri-one/ri_one_master_ws/install/ecl_time_lite/share/ecl_time_lite/environment/path.sh
[0.257s] -- Up-to-date symlink: /home/ri-one/ri_one_master_ws/install/ecl_time_lite/share/ecl_time_lite/environment/path.dsv
[0.257s] -- Up-to-date symlink: /home/ri-one/ri_one_master_ws/install/ecl_time_lite/share/ecl_time_lite/local_setup.bash
[0.257s] -- Up-to-date symlink: /home/ri-one/ri_one_master_ws/install/ecl_time_lite/share/ecl_time_lite/local_setup.sh
[0.257s] -- Up-to-date symlink: /home/ri-one/ri_one_master_ws/install/ecl_time_lite/share/ecl_time_lite/local_setup.zsh
[0.258s] -- Up-to-date symlink: /home/ri-one/ri_one_master_ws/install/ecl_time_lite/share/ecl_time_lite/local_setup.dsv
[0.259s] -- Symlinking: /home/ri-one/ri_one_master_ws/install/ecl_time_lite/share/ecl_time_lite/package.dsv
[0.284s] -- Up-to-date symlink: /home/ri-one/ri_one_master_ws/install/ecl_time_lite/share/ament_index/resource_index/packages/ecl_time_lite
[0.284s] -- Up-to-date symlink: /home/ri-one/ri_one_master_ws/install/ecl_time_lite/share/ecl_time_lite/cmake/ament_cmake_export_targets-extras.cmake
[0.285s] -- Up-to-date symlink: /home/ri-one/ri_one_master_ws/install/ecl_time_lite/share/ecl_time_lite/cmake/ament_cmake_export_include_directories-extras.cmake
[0.291s] -- Up-to-date symlink: /home/ri-one/ri_one_master_ws/install/ecl_time_lite/share/ecl_time_lite/cmake/ament_cmake_export_libraries-extras.cmake
[0.291s] -- Up-to-date symlink: /home/ri-one/ri_one_master_ws/install/ecl_time_lite/share/ecl_time_lite/cmake/ament_cmake_export_dependencies-extras.cmake
[0.291s] -- Up-to-date symlink: /home/ri-one/ri_one_master_ws/install/ecl_time_lite/share/ecl_time_lite/cmake/ecl_time_liteConfig.cmake
[0.291s] -- Up-to-date symlink: /home/ri-one/ri_one_master_ws/install/ecl_time_lite/share/ecl_time_lite/cmake/ecl_time_liteConfig-version.cmake
[0.292s] -- Up-to-date symlink: /home/ri-one/ri_one_master_ws/install/ecl_time_lite/share/ecl_time_lite/package.xml
[0.294s] -- Up-to-date: /home/ri-one/ri_one_master_ws/install/ecl_time_lite/share/ecl_time_lite/cmake/ecl_time_liteExport.cmake
[0.297s] -- Up-to-date: /home/ri-one/ri_one_master_ws/install/ecl_time_lite/share/ecl_time_lite/cmake/ecl_time_liteExport-noconfig.cmake
[0.299s] -- Up-to-date: /home/ri-one/ri_one_master_ws/install/ecl_time_lite/lib/libecl_time_lite.so.1.2.0
[0.299s] -- Up-to-date: /home/ri-one/ri_one_master_ws/install/ecl_time_lite/lib/libecl_time_lite.so
[0.324s] Invoked command in '/home/ri-one/ri_one_master_ws/build/ecl_time_lite' returned '0': AMENT_PREFIX_PATH=/home/ri-one/ri_one_master_ws/install/ecl_errors:/home/ri-one/ri_one_master_ws/install/ecl_config:${AMENT_PREFIX_PATH} CMAKE_PREFIX_PATH=/home/ri-one/ri_one_master_ws/install/ecl_errors:/home/ri-one/ri_one_master_ws/install/ecl_config:/opt/ros/humble LD_LIBRARY_PATH=/home/ri-one/ri_one_master_ws/install/ecl_errors/lib:${LD_LIBRARY_PATH} PATH=/home/ri-one/ri_one_master_ws/install/ecl_config/bin:${PATH} /usr/bin/cmake --install /home/ri-one/ri_one_master_ws/build/ecl_time_lite
