[0.045s] Invoking command in '/home/ri-one/ri_one_master_ws/build/ros2_kinect_depth': CMAKE_PREFIX_PATH=${CMAKE_PREFIX_PATH}:/home/ri-one/ri_one_master_ws/install/ros2_tests:/home/ri-one/ri_one_master_ws/install/gesture_to_motion:/home/ri-one/ri_one_master_ws/install/gesture_detection:/opt/ros/humble /usr/bin/cmake --build /home/ri-one/ri_one_master_ws/build/ros2_kinect_depth -- -j4 -l4
[0.238s] [100%] Built target depth_node
[0.311s] Invoked command in '/home/ri-one/ri_one_master_ws/build/ros2_kinect_depth' returned '0': CMAKE_PREFIX_PATH=${CMAKE_PREFIX_PATH}:/home/ri-one/ri_one_master_ws/install/ros2_tests:/home/ri-one/ri_one_master_ws/install/gesture_to_motion:/home/ri-one/ri_one_master_ws/install/gesture_detection:/opt/ros/humble /usr/bin/cmake --build /home/ri-one/ri_one_master_ws/build/ros2_kinect_depth -- -j4 -l4
[0.316s] Invoking command in '/home/ri-one/ri_one_master_ws/build/ros2_kinect_depth': CMAKE_PREFIX_PATH=${CMAKE_PREFIX_PATH}:/home/ri-one/ri_one_master_ws/install/ros2_tests:/home/ri-one/ri_one_master_ws/install/gesture_to_motion:/home/ri-one/ri_one_master_ws/install/gesture_detection:/opt/ros/humble /usr/bin/cmake --install /home/ri-one/ri_one_master_ws/build/ros2_kinect_depth
[0.342s] -- Install configuration: ""
[0.342s] -- Execute custom install script
[0.343s] -- Up-to-date symlink: /home/ri-one/ri_one_master_ws/install/ros2_kinect_depth/lib/ros2_kinect_depth/depth_node
[0.343s] -- Up-to-date symlink: /home/ri-one/ri_one_master_ws/install/ros2_kinect_depth/share/ament_index/resource_index/package_run_dependencies/ros2_kinect_depth
[0.344s] -- Up-to-date symlink: /home/ri-one/ri_one_master_ws/install/ros2_kinect_depth/share/ament_index/resource_index/parent_prefix_path/ros2_kinect_depth
[0.345s] -- Up-to-date symlink: /home/ri-one/ri_one_master_ws/install/ros2_kinect_depth/share/ros2_kinect_depth/environment/ament_prefix_path.sh
[0.346s] -- Up-to-date symlink: /home/ri-one/ri_one_master_ws/install/ros2_kinect_depth/share/ros2_kinect_depth/environment/ament_prefix_path.dsv
[0.347s] -- Up-to-date symlink: /home/ri-one/ri_one_master_ws/install/ros2_kinect_depth/share/ros2_kinect_depth/environment/path.sh
[0.353s] -- Up-to-date symlink: /home/ri-one/ri_one_master_ws/install/ros2_kinect_depth/share/ros2_kinect_depth/environment/path.dsv
[0.353s] -- Up-to-date symlink: /home/ri-one/ri_one_master_ws/install/ros2_kinect_depth/share/ros2_kinect_depth/local_setup.bash
[0.354s] -- Up-to-date symlink: /home/ri-one/ri_one_master_ws/install/ros2_kinect_depth/share/ros2_kinect_depth/local_setup.sh
[0.354s] -- Up-to-date symlink: /home/ri-one/ri_one_master_ws/install/ros2_kinect_depth/share/ros2_kinect_depth/local_setup.zsh
[0.354s] -- Up-to-date symlink: /home/ri-one/ri_one_master_ws/install/ros2_kinect_depth/share/ros2_kinect_depth/local_setup.dsv
[0.354s] -- Symlinking: /home/ri-one/ri_one_master_ws/install/ros2_kinect_depth/share/ros2_kinect_depth/package.dsv
[0.390s] -- Up-to-date symlink: /home/ri-one/ri_one_master_ws/install/ros2_kinect_depth/share/ament_index/resource_index/packages/ros2_kinect_depth
[0.391s] -- Up-to-date symlink: /home/ri-one/ri_one_master_ws/install/ros2_kinect_depth/share/ros2_kinect_depth/cmake/ros2_kinect_depthConfig.cmake
[0.394s] -- Up-to-date symlink: /home/ri-one/ri_one_master_ws/install/ros2_kinect_depth/share/ros2_kinect_depth/cmake/ros2_kinect_depthConfig-version.cmake
[0.396s] -- Up-to-date symlink: /home/ri-one/ri_one_master_ws/install/ros2_kinect_depth/share/ros2_kinect_depth/package.xml
[0.401s] Invoked command in '/home/ri-one/ri_one_master_ws/build/ros2_kinect_depth' returned '0': CMAKE_PREFIX_PATH=${CMAKE_PREFIX_PATH}:/home/ri-one/ri_one_master_ws/install/ros2_tests:/home/ri-one/ri_one_master_ws/install/gesture_to_motion:/home/ri-one/ri_one_master_ws/install/gesture_detection:/opt/ros/humble /usr/bin/cmake --install /home/ri-one/ri_one_master_ws/build/ros2_kinect_depth
