[0.026s] Invoking command in '/home/ri-one/ri_one_master_ws/build/ros2_kinect_depth': CMAKE_PREFIX_PATH=/opt/ros/humble /usr/bin/cmake /home/ri-one/ri_one_master_ws/src/ros2_kinect_depth -DAMENT_CMAKE_SYMLINK_INSTALL=1 -DCMAKE_INSTALL_PREFIX=/home/ri-one/ri_one_master_ws/install/ros2_kinect_depth
[0.237s] -- The C compiler identification is GNU 11.4.0
[0.364s] -- The CXX compiler identification is GNU 11.4.0
[0.383s] -- Detecting C compiler ABI info
[0.657s] -- Detecting C compiler ABI info - done
[0.722s] -- Check for working C compiler: /usr/bin/cc - skipped
[0.724s] -- Detecting C compile features
[0.733s] -- Detecting C compile features - done
[0.741s] -- Detecting CXX compiler ABI info
[0.957s] -- Detecting CXX compiler ABI info - done
[0.973s] -- Check for working CXX compiler: /usr/bin/c++ - skipped
[0.974s] -- Detecting CXX compile features
[0.976s] -- Detecting CXX compile features - done
[0.980s] -- Found ament_cmake: 1.3.12 (/opt/ros/humble/share/ament_cmake/cmake)
[1.288s] -- Found Python3: /usr/bin/python3 (found version "3.10.12") found components: Interpreter 
[1.448s] -- Override CMake install command with custom implementation using symlinks instead of copying resources
[1.507s] -- Found rclcpp: 16.0.15 (/opt/ros/humble/share/rclcpp/cmake)
[1.595s] -- Found rosidl_generator_c: 3.1.7 (/opt/ros/humble/share/rosidl_generator_c/cmake)
[1.607s] -- Found rosidl_adapter: 3.1.7 (/opt/ros/humble/share/rosidl_adapter/cmake)
[1.629s] -- Found rosidl_generator_cpp: 3.1.7 (/opt/ros/humble/share/rosidl_generator_cpp/cmake)
[1.654s] -- Using all available rosidl_typesupport_c: rosidl_typesupport_fastrtps_c;rosidl_typesupport_introspection_c
[1.695s] -- Using all available rosidl_typesupport_cpp: rosidl_typesupport_fastrtps_cpp;rosidl_typesupport_introspection_cpp
[1.794s] -- Found rmw_implementation_cmake: 6.1.2 (/opt/ros/humble/share/rmw_implementation_cmake/cmake)
[1.799s] -- Found rmw_fastrtps_cpp: 6.2.9 (/opt/ros/humble/share/rmw_fastrtps_cpp/cmake)
[1.988s] -- Found OpenSSL: /usr/lib/x86_64-linux-gnu/libcrypto.so (found version "3.0.2")  
[2.051s] -- Found FastRTPS: /opt/ros/humble/include  
[2.142s] -- Using RMW implementation 'rmw_fastrtps_cpp' as default
[2.162s] -- Looking for pthread.h
[2.339s] -- Looking for pthread.h - found
[2.342s] -- Performing Test CMAKE_HAVE_LIBC_PTHREAD
[2.495s] -- Performing Test CMAKE_HAVE_LIBC_PTHREAD - Success
[2.501s] -- Found Threads: TRUE  
[2.627s] -- Found sensor_msgs: 4.9.0 (/opt/ros/humble/share/sensor_msgs/cmake)
[2.706s] -- Found image_transport: 3.1.12 (/opt/ros/humble/share/image_transport/cmake)
[2.771s] -- Found camera_info_manager: 3.1.12 (/opt/ros/humble/share/camera_info_manager/cmake)
[2.794s] -- Checking for module 'libfreenect'
[2.825s] --   Found libfreenect, version 0
[2.897s] -- Found ament_lint_auto: 0.12.14 (/opt/ros/humble/share/ament_lint_auto/cmake)
[3.080s] -- Added test 'cppcheck' to perform static code analysis on C / C++ code
[3.080s] -- Configured cppcheck include dirs: /home/ri-one/ri_one_master_ws/src/ros2_kinect_depth/include
[3.080s] -- Configured cppcheck exclude dirs and/or files: 
[3.081s] -- Added test 'lint_cmake' to check CMake code style
[3.084s] -- Added test 'uncrustify' to check C / C++ code style
[3.084s] -- Configured uncrustify additional arguments: 
[3.087s] -- Added test 'xmllint' to check XML markup files
[3.094s] -- Configuring done
[3.131s] -- Generating done
[3.149s] -- Build files have been written to: /home/ri-one/ri_one_master_ws/build/ros2_kinect_depth
[3.169s] Invoked command in '/home/ri-one/ri_one_master_ws/build/ros2_kinect_depth' returned '0': CMAKE_PREFIX_PATH=/opt/ros/humble /usr/bin/cmake /home/ri-one/ri_one_master_ws/src/ros2_kinect_depth -DAMENT_CMAKE_SYMLINK_INSTALL=1 -DCMAKE_INSTALL_PREFIX=/home/ri-one/ri_one_master_ws/install/ros2_kinect_depth
[3.173s] Invoking command in '/home/ri-one/ri_one_master_ws/build/ros2_kinect_depth': CMAKE_PREFIX_PATH=/opt/ros/humble /usr/bin/cmake --build /home/ri-one/ri_one_master_ws/build/ros2_kinect_depth -- -j4 -l4
[3.271s] [ 50%] [32mBuilding CXX object CMakeFiles/depth_node.dir/src/depth_node.cpp.o[0m
[13.540s] [100%] [32m[1mLinking CXX executable depth_node[0m
[14.152s] [100%] Built target depth_node
[14.192s] Invoked command in '/home/ri-one/ri_one_master_ws/build/ros2_kinect_depth' returned '0': CMAKE_PREFIX_PATH=/opt/ros/humble /usr/bin/cmake --build /home/ri-one/ri_one_master_ws/build/ros2_kinect_depth -- -j4 -l4
[14.199s] Invoking command in '/home/ri-one/ri_one_master_ws/build/ros2_kinect_depth': CMAKE_PREFIX_PATH=/opt/ros/humble /usr/bin/cmake --install /home/ri-one/ri_one_master_ws/build/ros2_kinect_depth
[14.230s] -- Install configuration: ""
[14.230s] -- Execute custom install script
[14.231s] -- Symlinking: /home/ri-one/ri_one_master_ws/install/ros2_kinect_depth/lib/ros2_kinect_depth/depth_node
[14.254s] -- Symlinking: /home/ri-one/ri_one_master_ws/install/ros2_kinect_depth/share/ament_index/resource_index/package_run_dependencies/ros2_kinect_depth
[14.272s] -- Symlinking: /home/ri-one/ri_one_master_ws/install/ros2_kinect_depth/share/ament_index/resource_index/parent_prefix_path/ros2_kinect_depth
[14.290s] -- Symlinking: /home/ri-one/ri_one_master_ws/install/ros2_kinect_depth/share/ros2_kinect_depth/environment/ament_prefix_path.sh
[14.310s] -- Symlinking: /home/ri-one/ri_one_master_ws/install/ros2_kinect_depth/share/ros2_kinect_depth/environment/ament_prefix_path.dsv
[14.331s] -- Symlinking: /home/ri-one/ri_one_master_ws/install/ros2_kinect_depth/share/ros2_kinect_depth/environment/path.sh
[14.349s] -- Symlinking: /home/ri-one/ri_one_master_ws/install/ros2_kinect_depth/share/ros2_kinect_depth/environment/path.dsv
[14.368s] -- Symlinking: /home/ri-one/ri_one_master_ws/install/ros2_kinect_depth/share/ros2_kinect_depth/local_setup.bash
[14.387s] -- Symlinking: /home/ri-one/ri_one_master_ws/install/ros2_kinect_depth/share/ros2_kinect_depth/local_setup.sh
[14.407s] -- Symlinking: /home/ri-one/ri_one_master_ws/install/ros2_kinect_depth/share/ros2_kinect_depth/local_setup.zsh
[14.427s] -- Symlinking: /home/ri-one/ri_one_master_ws/install/ros2_kinect_depth/share/ros2_kinect_depth/local_setup.dsv
[14.444s] -- Symlinking: /home/ri-one/ri_one_master_ws/install/ros2_kinect_depth/share/ros2_kinect_depth/package.dsv
[14.463s] -- Symlinking: /home/ri-one/ri_one_master_ws/install/ros2_kinect_depth/share/ament_index/resource_index/packages/ros2_kinect_depth
[14.482s] -- Symlinking: /home/ri-one/ri_one_master_ws/install/ros2_kinect_depth/share/ros2_kinect_depth/cmake/ros2_kinect_depthConfig.cmake
[14.502s] -- Symlinking: /home/ri-one/ri_one_master_ws/install/ros2_kinect_depth/share/ros2_kinect_depth/cmake/ros2_kinect_depthConfig-version.cmake
[14.523s] -- Symlinking: /home/ri-one/ri_one_master_ws/install/ros2_kinect_depth/share/ros2_kinect_depth/package.xml
[14.545s] Invoked command in '/home/ri-one/ri_one_master_ws/build/ros2_kinect_depth' returned '0': CMAKE_PREFIX_PATH=/opt/ros/humble /usr/bin/cmake --install /home/ri-one/ri_one_master_ws/build/ros2_kinect_depth
