[0.034s] Invoking command in '/home/ri-one/ri_one_master_ws/build/kobuki_description': CMAKE_PREFIX_PATH=${CMAKE_PREFIX_PATH}:/home/ri-one/ri_one_master_ws/install/ros2_tests:/home/ri-one/ri_one_master_ws/install/gesture_to_motion:/home/ri-one/ri_one_master_ws/install/gesture_detection:/opt/ros/humble /usr/bin/cmake --build /home/ri-one/ri_one_master_ws/build/kobuki_description -- -j4 -l4
[0.146s] Invoked command in '/home/ri-one/ri_one_master_ws/build/kobuki_description' returned '0': CMAKE_PREFIX_PATH=${CMAKE_PREFIX_PATH}:/home/ri-one/ri_one_master_ws/install/ros2_tests:/home/ri-one/ri_one_master_ws/install/gesture_to_motion:/home/ri-one/ri_one_master_ws/install/gesture_detection:/opt/ros/humble /usr/bin/cmake --build /home/ri-one/ri_one_master_ws/build/kobuki_description -- -j4 -l4
[0.151s] Invoking command in '/home/ri-one/ri_one_master_ws/build/kobuki_description': CMAKE_PREFIX_PATH=${CMAKE_PREFIX_PATH}:/home/ri-one/ri_one_master_ws/install/ros2_tests:/home/ri-one/ri_one_master_ws/install/gesture_to_motion:/home/ri-one/ri_one_master_ws/install/gesture_detection:/opt/ros/humble /usr/bin/cmake --install /home/ri-one/ri_one_master_ws/build/kobuki_description
[0.171s] -- Install configuration: ""
[0.173s] -- Execute custom install script
[0.173s] -- Up-to-date symlink: /home/ri-one/ri_one_master_ws/install/kobuki_description/share/kobuki_description/launch/robot_description.launch.py
[0.174s] -- Up-to-date symlink: /home/ri-one/ri_one_master_ws/install/kobuki_description/share/kobuki_description/meshes/images/main_body.jpg
[0.175s] -- Up-to-date symlink: /home/ri-one/ri_one_master_ws/install/kobuki_description/share/kobuki_description/meshes/images/wheel.jpg
[0.176s] -- Up-to-date symlink: /home/ri-one/ri_one_master_ws/install/kobuki_description/share/kobuki_description/meshes/main_body.dae
[0.177s] -- Up-to-date symlink: /home/ri-one/ri_one_master_ws/install/kobuki_description/share/kobuki_description/meshes/wheel.dae
[0.177s] -- Up-to-date symlink: /home/ri-one/ri_one_master_ws/install/kobuki_description/share/kobuki_description/rviz/model.rviz
[0.179s] -- Up-to-date symlink: /home/ri-one/ri_one_master_ws/install/kobuki_description/share/kobuki_description/urdf/common_properties.urdf.xacro
[0.179s] -- Up-to-date symlink: /home/ri-one/ri_one_master_ws/install/kobuki_description/share/kobuki_description/urdf/kobuki.urdf.xacro
[0.179s] -- Up-to-date symlink: /home/ri-one/ri_one_master_ws/install/kobuki_description/share/kobuki_description/urdf/kobuki_gazebo.urdf.xacro
[0.181s] -- Up-to-date symlink: /home/ri-one/ri_one_master_ws/install/kobuki_description/share/kobuki_description/urdf/kobuki_standalone.urdf.xacro
[0.182s] -- Up-to-date symlink: /home/ri-one/ri_one_master_ws/install/kobuki_description/share/ament_index/resource_index/package_run_dependencies/kobuki_description
[0.183s] -- Up-to-date symlink: /home/ri-one/ri_one_master_ws/install/kobuki_description/share/ament_index/resource_index/parent_prefix_path/kobuki_description
[0.184s] -- Up-to-date symlink: /home/ri-one/ri_one_master_ws/install/kobuki_description/share/kobuki_description/environment/ament_prefix_path.sh
[0.184s] -- Up-to-date symlink: /home/ri-one/ri_one_master_ws/install/kobuki_description/share/kobuki_description/environment/ament_prefix_path.dsv
[0.185s] -- Up-to-date symlink: /home/ri-one/ri_one_master_ws/install/kobuki_description/share/kobuki_description/environment/path.sh
[0.186s] -- Up-to-date symlink: /home/ri-one/ri_one_master_ws/install/kobuki_description/share/kobuki_description/environment/path.dsv
[0.186s] -- Up-to-date symlink: /home/ri-one/ri_one_master_ws/install/kobuki_description/share/kobuki_description/local_setup.bash
[0.187s] -- Up-to-date symlink: /home/ri-one/ri_one_master_ws/install/kobuki_description/share/kobuki_description/local_setup.sh
[0.188s] -- Up-to-date symlink: /home/ri-one/ri_one_master_ws/install/kobuki_description/share/kobuki_description/local_setup.zsh
[0.188s] -- Up-to-date symlink: /home/ri-one/ri_one_master_ws/install/kobuki_description/share/kobuki_description/local_setup.dsv
[0.189s] -- Symlinking: /home/ri-one/ri_one_master_ws/install/kobuki_description/share/kobuki_description/package.dsv
[0.213s] -- Up-to-date symlink: /home/ri-one/ri_one_master_ws/install/kobuki_description/share/ament_index/resource_index/packages/kobuki_description
[0.214s] -- Up-to-date symlink: /home/ri-one/ri_one_master_ws/install/kobuki_description/share/kobuki_description/cmake/kobuki_descriptionConfig.cmake
[0.215s] -- Up-to-date symlink: /home/ri-one/ri_one_master_ws/install/kobuki_description/share/kobuki_description/cmake/kobuki_descriptionConfig-version.cmake
[0.215s] -- Up-to-date symlink: /home/ri-one/ri_one_master_ws/install/kobuki_description/share/kobuki_description/package.xml
[0.218s] Invoked command in '/home/ri-one/ri_one_master_ws/build/kobuki_description' returned '0': CMAKE_PREFIX_PATH=${CMAKE_PREFIX_PATH}:/home/ri-one/ri_one_master_ws/install/ros2_tests:/home/ri-one/ri_one_master_ws/install/gesture_to_motion:/home/ri-one/ri_one_master_ws/install/gesture_detection:/opt/ros/humble /usr/bin/cmake --install /home/ri-one/ri_one_master_ws/build/kobuki_description
