[0.053s] Invoking command in '/home/ri-one/ri_one_master_ws/build/ros2_kinect_rgb': CMAKE_PREFIX_PATH=/opt/ros/humble /usr/bin/cmake --build /home/ri-one/ri_one_master_ws/build/ros2_kinect_rgb -- -j4 -l4
[0.191s] [100%] Built target rgb_node
[0.218s] Invoked command in '/home/ri-one/ri_one_master_ws/build/ros2_kinect_rgb' returned '0': CMAKE_PREFIX_PATH=/opt/ros/humble /usr/bin/cmake --build /home/ri-one/ri_one_master_ws/build/ros2_kinect_rgb -- -j4 -l4
[0.219s] Invoking command in '/home/ri-one/ri_one_master_ws/build/ros2_kinect_rgb': CMAKE_PREFIX_PATH=/opt/ros/humble /usr/bin/cmake --install /home/ri-one/ri_one_master_ws/build/ros2_kinect_rgb
[0.238s] -- Install configuration: ""
[0.238s] -- Execute custom install script
[0.247s] -- Up-to-date symlink: /home/ri-one/ri_one_master_ws/install/ros2_kinect_rgb/lib/ros2_kinect_rgb/rgb_node
[0.249s] -- Up-to-date symlink: /home/ri-one/ri_one_master_ws/install/ros2_kinect_rgb/share/ament_index/resource_index/package_run_dependencies/ros2_kinect_rgb
[0.249s] -- Up-to-date symlink: /home/ri-one/ri_one_master_ws/install/ros2_kinect_rgb/share/ament_index/resource_index/parent_prefix_path/ros2_kinect_rgb
[0.249s] -- Up-to-date symlink: /home/ri-one/ri_one_master_ws/install/ros2_kinect_rgb/share/ros2_kinect_rgb/environment/ament_prefix_path.sh
[0.250s] -- Up-to-date symlink: /home/ri-one/ri_one_master_ws/install/ros2_kinect_rgb/share/ros2_kinect_rgb/environment/ament_prefix_path.dsv
[0.253s] -- Up-to-date symlink: /home/ri-one/ri_one_master_ws/install/ros2_kinect_rgb/share/ros2_kinect_rgb/environment/path.sh
[0.253s] -- Up-to-date symlink: /home/ri-one/ri_one_master_ws/install/ros2_kinect_rgb/share/ros2_kinect_rgb/environment/path.dsv
[0.253s] -- Up-to-date symlink: /home/ri-one/ri_one_master_ws/install/ros2_kinect_rgb/share/ros2_kinect_rgb/local_setup.bash
[0.254s] -- Up-to-date symlink: /home/ri-one/ri_one_master_ws/install/ros2_kinect_rgb/share/ros2_kinect_rgb/local_setup.sh
[0.254s] -- Up-to-date symlink: /home/ri-one/ri_one_master_ws/install/ros2_kinect_rgb/share/ros2_kinect_rgb/local_setup.zsh
[0.254s] -- Up-to-date symlink: /home/ri-one/ri_one_master_ws/install/ros2_kinect_rgb/share/ros2_kinect_rgb/local_setup.dsv
[0.254s] -- Symlinking: /home/ri-one/ri_one_master_ws/install/ros2_kinect_rgb/share/ros2_kinect_rgb/package.dsv
[0.268s] -- Up-to-date symlink: /home/ri-one/ri_one_master_ws/install/ros2_kinect_rgb/share/ament_index/resource_index/packages/ros2_kinect_rgb
[0.268s] -- Up-to-date symlink: /home/ri-one/ri_one_master_ws/install/ros2_kinect_rgb/share/ros2_kinect_rgb/cmake/ros2_kinect_rgbConfig.cmake
[0.269s] -- Up-to-date symlink: /home/ri-one/ri_one_master_ws/install/ros2_kinect_rgb/share/ros2_kinect_rgb/cmake/ros2_kinect_rgbConfig-version.cmake
[0.269s] -- Up-to-date symlink: /home/ri-one/ri_one_master_ws/install/ros2_kinect_rgb/share/ros2_kinect_rgb/package.xml
[0.284s] Invoked command in '/home/ri-one/ri_one_master_ws/build/ros2_kinect_rgb' returned '0': CMAKE_PREFIX_PATH=/opt/ros/humble /usr/bin/cmake --install /home/ri-one/ri_one_master_ws/build/ros2_kinect_rgb
