[0.014s] Invoking command in '/home/ri-one/ri_one_master_ws/build/kobuki_description': CMAKE_PREFIX_PATH=/opt/ros/humble /usr/bin/cmake /home/ri-one/ri_one_master_ws/src/turtlebot2_ros2/kobuki_ros/kobuki_description -DAMENT_CMAKE_SYMLINK_INSTALL=1 -DCMAKE_INSTALL_PREFIX=/home/ri-one/ri_one_master_ws/install/kobuki_description
[0.143s] -- The C compiler identification is GNU 11.4.0
[0.278s] -- The CXX compiler identification is GNU 11.4.0
[0.298s] -- Detecting C compiler ABI info
[0.527s] -- Detecting C compiler ABI info - done
[0.547s] -- Check for working C compiler: /usr/bin/cc - skipped
[0.548s] -- Detecting C compile features
[0.549s] -- Detecting C compile features - done
[0.559s] -- Detecting CXX compiler ABI info
[0.754s] -- Detecting CXX compiler ABI info - done
[0.793s] -- Check for working CXX compiler: /usr/bin/c++ - skipped
[0.795s] -- Detecting CXX compile features
[0.797s] -- Detecting CXX compile features - done
[0.810s] -- Found ament_cmake: 1.3.12 (/opt/ros/humble/share/ament_cmake/cmake)
[1.202s] -- Found Python3: /usr/bin/python3 (found version "3.10.12") found components: Interpreter 
[1.364s] -- Override CMake install command with custom implementation using symlinks instead of copying resources
[1.422s] -- Found ament_lint_auto: 0.12.14 (/opt/ros/humble/share/ament_lint_auto/cmake)
[1.626s] -- Added test 'copyright' to check source files copyright and LICENSE
[1.635s] -- Added test 'flake8' to check Python code syntax and style conventions
[1.637s] -- Added test 'lint_cmake' to check CMake code style
[1.639s] -- Added test 'pep257' to check Python code against some of the docstring style conventions in PEP 257
[1.645s] -- Added test 'xmllint' to check XML markup files
[1.652s] -- Configuring done
[1.667s] -- Generating done
[1.679s] -- Build files have been written to: /home/ri-one/ri_one_master_ws/build/kobuki_description
[1.694s] Invoked command in '/home/ri-one/ri_one_master_ws/build/kobuki_description' returned '0': CMAKE_PREFIX_PATH=/opt/ros/humble /usr/bin/cmake /home/ri-one/ri_one_master_ws/src/turtlebot2_ros2/kobuki_ros/kobuki_description -DAMENT_CMAKE_SYMLINK_INSTALL=1 -DCMAKE_INSTALL_PREFIX=/home/ri-one/ri_one_master_ws/install/kobuki_description
[1.705s] Invoking command in '/home/ri-one/ri_one_master_ws/build/kobuki_description': CMAKE_PREFIX_PATH=/opt/ros/humble /usr/bin/cmake --build /home/ri-one/ri_one_master_ws/build/kobuki_description -- -j4 -l4
[1.817s] Invoked command in '/home/ri-one/ri_one_master_ws/build/kobuki_description' returned '0': CMAKE_PREFIX_PATH=/opt/ros/humble /usr/bin/cmake --build /home/ri-one/ri_one_master_ws/build/kobuki_description -- -j4 -l4
[1.819s] Invoking command in '/home/ri-one/ri_one_master_ws/build/kobuki_description': CMAKE_PREFIX_PATH=/opt/ros/humble /usr/bin/cmake --install /home/ri-one/ri_one_master_ws/build/kobuki_description
[1.834s] -- Install configuration: ""
[1.836s] -- Execute custom install script
[1.837s] -- Symlinking: /home/ri-one/ri_one_master_ws/install/kobuki_description/share/kobuki_description/launch/robot_description.launch.py
[1.857s] -- Symlinking: /home/ri-one/ri_one_master_ws/install/kobuki_description/share/kobuki_description/meshes/images/main_body.jpg
[1.876s] -- Symlinking: /home/ri-one/ri_one_master_ws/install/kobuki_description/share/kobuki_description/meshes/images/wheel.jpg
[1.897s] -- Symlinking: /home/ri-one/ri_one_master_ws/install/kobuki_description/share/kobuki_description/meshes/main_body.dae
[1.915s] -- Symlinking: /home/ri-one/ri_one_master_ws/install/kobuki_description/share/kobuki_description/meshes/wheel.dae
[1.935s] -- Symlinking: /home/ri-one/ri_one_master_ws/install/kobuki_description/share/kobuki_description/rviz/model.rviz
[1.954s] -- Symlinking: /home/ri-one/ri_one_master_ws/install/kobuki_description/share/kobuki_description/urdf/common_properties.urdf.xacro
[1.974s] -- Symlinking: /home/ri-one/ri_one_master_ws/install/kobuki_description/share/kobuki_description/urdf/kobuki.urdf.xacro
[1.994s] -- Symlinking: /home/ri-one/ri_one_master_ws/install/kobuki_description/share/kobuki_description/urdf/kobuki_gazebo.urdf.xacro
[2.013s] -- Symlinking: /home/ri-one/ri_one_master_ws/install/kobuki_description/share/kobuki_description/urdf/kobuki_standalone.urdf.xacro
[2.033s] -- Symlinking: /home/ri-one/ri_one_master_ws/install/kobuki_description/share/ament_index/resource_index/package_run_dependencies/kobuki_description
[2.054s] -- Symlinking: /home/ri-one/ri_one_master_ws/install/kobuki_description/share/ament_index/resource_index/parent_prefix_path/kobuki_description
[2.073s] -- Symlinking: /home/ri-one/ri_one_master_ws/install/kobuki_description/share/kobuki_description/environment/ament_prefix_path.sh
[2.092s] -- Symlinking: /home/ri-one/ri_one_master_ws/install/kobuki_description/share/kobuki_description/environment/ament_prefix_path.dsv
[2.112s] -- Symlinking: /home/ri-one/ri_one_master_ws/install/kobuki_description/share/kobuki_description/environment/path.sh
[2.131s] -- Symlinking: /home/ri-one/ri_one_master_ws/install/kobuki_description/share/kobuki_description/environment/path.dsv
[2.151s] -- Symlinking: /home/ri-one/ri_one_master_ws/install/kobuki_description/share/kobuki_description/local_setup.bash
[2.171s] -- Symlinking: /home/ri-one/ri_one_master_ws/install/kobuki_description/share/kobuki_description/local_setup.sh
[2.190s] -- Symlinking: /home/ri-one/ri_one_master_ws/install/kobuki_description/share/kobuki_description/local_setup.zsh
[2.209s] -- Symlinking: /home/ri-one/ri_one_master_ws/install/kobuki_description/share/kobuki_description/local_setup.dsv
[2.228s] -- Symlinking: /home/ri-one/ri_one_master_ws/install/kobuki_description/share/kobuki_description/package.dsv
[2.247s] -- Symlinking: /home/ri-one/ri_one_master_ws/install/kobuki_description/share/ament_index/resource_index/packages/kobuki_description
[2.269s] -- Symlinking: /home/ri-one/ri_one_master_ws/install/kobuki_description/share/kobuki_description/cmake/kobuki_descriptionConfig.cmake
[2.289s] -- Symlinking: /home/ri-one/ri_one_master_ws/install/kobuki_description/share/kobuki_description/cmake/kobuki_descriptionConfig-version.cmake
[2.308s] -- Symlinking: /home/ri-one/ri_one_master_ws/install/kobuki_description/share/kobuki_description/package.xml
[2.333s] Invoked command in '/home/ri-one/ri_one_master_ws/build/kobuki_description' returned '0': CMAKE_PREFIX_PATH=/opt/ros/humble /usr/bin/cmake --install /home/ri-one/ri_one_master_ws/build/kobuki_description
