[0.114s] Invoking command in '/home/ri-one/ri_one_master_ws/build/ecl_ipc': AMENT_PREFIX_PATH=/home/ri-one/ri_one_master_ws/install/ecl_threads:/home/ri-one/ri_one_master_ws/install/ecl_utilities:/home/ri-one/ri_one_master_ws/install/ecl_time:/home/ri-one/ri_one_master_ws/install/ecl_time_lite:/home/ri-one/ri_one_master_ws/install/ecl_exceptions:/home/ri-one/ri_one_master_ws/install/ecl_concepts:/home/ri-one/ri_one_master_ws/install/ecl_type_traits:/home/ri-one/ri_one_master_ws/install/ecl_errors:/home/ri-one/ri_one_master_ws/install/ecl_mpl:/home/ri-one/ri_one_master_ws/install/ecl_config:${AMENT_PREFIX_PATH} CMAKE_PREFIX_PATH=/home/ri-one/ri_one_master_ws/install/ecl_threads:/home/ri-one/ri_one_master_ws/install/ecl_utilities:/home/ri-one/ri_one_master_ws/install/ecl_time:/home/ri-one/ri_one_master_ws/install/ecl_time_lite:/home/ri-one/ri_one_master_ws/install/ecl_exceptions:/home/ri-one/ri_one_master_ws/install/ecl_concepts:/home/ri-one/ri_one_master_ws/install/ecl_type_traits:/home/ri-one/ri_one_master_ws/install/ecl_errors:/home/ri-one/ri_one_master_ws/install/ecl_mpl:/home/ri-one/ri_one_master_ws/install/ecl_config:/opt/ros/humble LD_LIBRARY_PATH=/home/ri-one/ri_one_master_ws/install/ecl_threads/lib:/home/ri-one/ri_one_master_ws/install/ecl_time/lib:/home/ri-one/ri_one_master_ws/install/ecl_time_lite/lib:/home/ri-one/ri_one_master_ws/install/ecl_exceptions/lib:/home/ri-one/ri_one_master_ws/install/ecl_type_traits/lib:/home/ri-one/ri_one_master_ws/install/ecl_errors/lib:${LD_LIBRARY_PATH} PATH=/home/ri-one/ri_one_master_ws/install/ecl_type_traits/bin:/home/ri-one/ri_one_master_ws/install/ecl_config/bin:${PATH} /usr/bin/cmake --build /home/ri-one/ri_one_master_ws/build/ecl_ipc -- -j4 -l4
[0.378s] [ 23%] Built target ecl_ipc
[0.385s] [ 38%] Built target gtest_main
[0.388s] [ 53%] Built target gtest
[0.543s] [ 69%] Built target ecl_test_semaphores_timed
[0.563s] [ 84%] Built target ecl_test_semaphores
[0.570s] [100%] Built target ecl_test_shared_memory
[0.621s] Invoked command in '/home/ri-one/ri_one_master_ws/build/ecl_ipc' returned '0': AMENT_PREFIX_PATH=/home/ri-one/ri_one_master_ws/install/ecl_threads:/home/ri-one/ri_one_master_ws/install/ecl_utilities:/home/ri-one/ri_one_master_ws/install/ecl_time:/home/ri-one/ri_one_master_ws/install/ecl_time_lite:/home/ri-one/ri_one_master_ws/install/ecl_exceptions:/home/ri-one/ri_one_master_ws/install/ecl_concepts:/home/ri-one/ri_one_master_ws/install/ecl_type_traits:/home/ri-one/ri_one_master_ws/install/ecl_errors:/home/ri-one/ri_one_master_ws/install/ecl_mpl:/home/ri-one/ri_one_master_ws/install/ecl_config:${AMENT_PREFIX_PATH} CMAKE_PREFIX_PATH=/home/ri-one/ri_one_master_ws/install/ecl_threads:/home/ri-one/ri_one_master_ws/install/ecl_utilities:/home/ri-one/ri_one_master_ws/install/ecl_time:/home/ri-one/ri_one_master_ws/install/ecl_time_lite:/home/ri-one/ri_one_master_ws/install/ecl_exceptions:/home/ri-one/ri_one_master_ws/install/ecl_concepts:/home/ri-one/ri_one_master_ws/install/ecl_type_traits:/home/ri-one/ri_one_master_ws/install/ecl_errors:/home/ri-one/ri_one_master_ws/install/ecl_mpl:/home/ri-one/ri_one_master_ws/install/ecl_config:/opt/ros/humble LD_LIBRARY_PATH=/home/ri-one/ri_one_master_ws/install/ecl_threads/lib:/home/ri-one/ri_one_master_ws/install/ecl_time/lib:/home/ri-one/ri_one_master_ws/install/ecl_time_lite/lib:/home/ri-one/ri_one_master_ws/install/ecl_exceptions/lib:/home/ri-one/ri_one_master_ws/install/ecl_type_traits/lib:/home/ri-one/ri_one_master_ws/install/ecl_errors/lib:${LD_LIBRARY_PATH} PATH=/home/ri-one/ri_one_master_ws/install/ecl_type_traits/bin:/home/ri-one/ri_one_master_ws/install/ecl_config/bin:${PATH} /usr/bin/cmake --build /home/ri-one/ri_one_master_ws/build/ecl_ipc -- -j4 -l4
[0.622s] Invoking command in '/home/ri-one/ri_one_master_ws/build/ecl_ipc': AMENT_PREFIX_PATH=/home/ri-one/ri_one_master_ws/install/ecl_threads:/home/ri-one/ri_one_master_ws/install/ecl_utilities:/home/ri-one/ri_one_master_ws/install/ecl_time:/home/ri-one/ri_one_master_ws/install/ecl_time_lite:/home/ri-one/ri_one_master_ws/install/ecl_exceptions:/home/ri-one/ri_one_master_ws/install/ecl_concepts:/home/ri-one/ri_one_master_ws/install/ecl_type_traits:/home/ri-one/ri_one_master_ws/install/ecl_errors:/home/ri-one/ri_one_master_ws/install/ecl_mpl:/home/ri-one/ri_one_master_ws/install/ecl_config:${AMENT_PREFIX_PATH} CMAKE_PREFIX_PATH=/home/ri-one/ri_one_master_ws/install/ecl_threads:/home/ri-one/ri_one_master_ws/install/ecl_utilities:/home/ri-one/ri_one_master_ws/install/ecl_time:/home/ri-one/ri_one_master_ws/install/ecl_time_lite:/home/ri-one/ri_one_master_ws/install/ecl_exceptions:/home/ri-one/ri_one_master_ws/install/ecl_concepts:/home/ri-one/ri_one_master_ws/install/ecl_type_traits:/home/ri-one/ri_one_master_ws/install/ecl_errors:/home/ri-one/ri_one_master_ws/install/ecl_mpl:/home/ri-one/ri_one_master_ws/install/ecl_config:/opt/ros/humble LD_LIBRARY_PATH=/home/ri-one/ri_one_master_ws/install/ecl_threads/lib:/home/ri-one/ri_one_master_ws/install/ecl_time/lib:/home/ri-one/ri_one_master_ws/install/ecl_time_lite/lib:/home/ri-one/ri_one_master_ws/install/ecl_exceptions/lib:/home/ri-one/ri_one_master_ws/install/ecl_type_traits/lib:/home/ri-one/ri_one_master_ws/install/ecl_errors/lib:${LD_LIBRARY_PATH} PATH=/home/ri-one/ri_one_master_ws/install/ecl_type_traits/bin:/home/ri-one/ri_one_master_ws/install/ecl_config/bin:${PATH} /usr/bin/cmake --install /home/ri-one/ri_one_master_ws/build/ecl_ipc
[0.668s] -- Install configuration: ""
[0.674s] -- Execute custom install script
[0.674s] -- Up-to-date symlink: /home/ri-one/ri_one_master_ws/install/ecl_ipc/include/ecl/ipc/semaphore.hpp
[0.674s] -- Up-to-date symlink: /home/ri-one/ri_one_master_ws/install/ecl_ipc/include/ecl/ipc/semaphore_pos.hpp
[0.674s] -- Up-to-date symlink: /home/ri-one/ri_one_master_ws/install/ecl_ipc/include/ecl/ipc/shared_memory.hpp
[0.674s] -- Up-to-date symlink: /home/ri-one/ri_one_master_ws/install/ecl_ipc/include/ecl/ipc/shared_memory_pos.hpp
[0.674s] -- Up-to-date symlink: /home/ri-one/ri_one_master_ws/install/ecl_ipc/include/ecl/ipc.hpp
[0.675s] -- Up-to-date symlink: /home/ri-one/ri_one_master_ws/install/ecl_ipc/share/ecl_ipc/environment/library_path.sh
[0.675s] -- Up-to-date symlink: /home/ri-one/ri_one_master_ws/install/ecl_ipc/share/ecl_ipc/environment/library_path.dsv
[0.675s] -- Up-to-date symlink: /home/ri-one/ri_one_master_ws/install/ecl_ipc/share/ament_index/resource_index/package_run_dependencies/ecl_ipc
[0.675s] -- Up-to-date symlink: /home/ri-one/ri_one_master_ws/install/ecl_ipc/share/ament_index/resource_index/parent_prefix_path/ecl_ipc
[0.675s] -- Up-to-date symlink: /home/ri-one/ri_one_master_ws/install/ecl_ipc/share/ecl_ipc/environment/ament_prefix_path.sh
[0.680s] -- Up-to-date symlink: /home/ri-one/ri_one_master_ws/install/ecl_ipc/share/ecl_ipc/environment/ament_prefix_path.dsv
[0.681s] -- Up-to-date symlink: /home/ri-one/ri_one_master_ws/install/ecl_ipc/share/ecl_ipc/environment/path.sh
[0.681s] -- Up-to-date symlink: /home/ri-one/ri_one_master_ws/install/ecl_ipc/share/ecl_ipc/environment/path.dsv
[0.681s] -- Up-to-date symlink: /home/ri-one/ri_one_master_ws/install/ecl_ipc/share/ecl_ipc/local_setup.bash
[0.681s] -- Up-to-date symlink: /home/ri-one/ri_one_master_ws/install/ecl_ipc/share/ecl_ipc/local_setup.sh
[0.681s] -- Up-to-date symlink: /home/ri-one/ri_one_master_ws/install/ecl_ipc/share/ecl_ipc/local_setup.zsh
[0.681s] -- Up-to-date symlink: /home/ri-one/ri_one_master_ws/install/ecl_ipc/share/ecl_ipc/local_setup.dsv
[0.681s] -- Symlinking: /home/ri-one/ri_one_master_ws/install/ecl_ipc/share/ecl_ipc/package.dsv
[0.761s] -- Up-to-date symlink: /home/ri-one/ri_one_master_ws/install/ecl_ipc/share/ament_index/resource_index/packages/ecl_ipc
[0.761s] -- Up-to-date symlink: /home/ri-one/ri_one_master_ws/install/ecl_ipc/share/ecl_ipc/cmake/ament_cmake_export_targets-extras.cmake
[0.762s] -- Up-to-date symlink: /home/ri-one/ri_one_master_ws/install/ecl_ipc/share/ecl_ipc/cmake/ament_cmake_export_include_directories-extras.cmake
[0.762s] -- Up-to-date symlink: /home/ri-one/ri_one_master_ws/install/ecl_ipc/share/ecl_ipc/cmake/ament_cmake_export_libraries-extras.cmake
[0.764s] -- Up-to-date symlink: /home/ri-one/ri_one_master_ws/install/ecl_ipc/share/ecl_ipc/cmake/ament_cmake_export_dependencies-extras.cmake
[0.769s] -- Up-to-date symlink: /home/ri-one/ri_one_master_ws/install/ecl_ipc/share/ecl_ipc/cmake/ecl_ipcConfig.cmake
[0.769s] -- Up-to-date symlink: /home/ri-one/ri_one_master_ws/install/ecl_ipc/share/ecl_ipc/cmake/ecl_ipcConfig-version.cmake
[0.769s] -- Up-to-date symlink: /home/ri-one/ri_one_master_ws/install/ecl_ipc/share/ecl_ipc/package.xml
[0.770s] -- Up-to-date: /home/ri-one/ri_one_master_ws/install/ecl_ipc/share/ecl_ipc/cmake/ecl_ipcExport.cmake
[0.770s] -- Up-to-date: /home/ri-one/ri_one_master_ws/install/ecl_ipc/share/ecl_ipc/cmake/ecl_ipcExport-noconfig.cmake
[0.778s] -- Up-to-date: /home/ri-one/ri_one_master_ws/install/ecl_ipc/lib/libecl_ipc.so.1.2.1
[0.779s] -- Up-to-date: /home/ri-one/ri_one_master_ws/install/ecl_ipc/lib/libecl_ipc.so
[0.811s] Invoked command in '/home/ri-one/ri_one_master_ws/build/ecl_ipc' returned '0': AMENT_PREFIX_PATH=/home/ri-one/ri_one_master_ws/install/ecl_threads:/home/ri-one/ri_one_master_ws/install/ecl_utilities:/home/ri-one/ri_one_master_ws/install/ecl_time:/home/ri-one/ri_one_master_ws/install/ecl_time_lite:/home/ri-one/ri_one_master_ws/install/ecl_exceptions:/home/ri-one/ri_one_master_ws/install/ecl_concepts:/home/ri-one/ri_one_master_ws/install/ecl_type_traits:/home/ri-one/ri_one_master_ws/install/ecl_errors:/home/ri-one/ri_one_master_ws/install/ecl_mpl:/home/ri-one/ri_one_master_ws/install/ecl_config:${AMENT_PREFIX_PATH} CMAKE_PREFIX_PATH=/home/ri-one/ri_one_master_ws/install/ecl_threads:/home/ri-one/ri_one_master_ws/install/ecl_utilities:/home/ri-one/ri_one_master_ws/install/ecl_time:/home/ri-one/ri_one_master_ws/install/ecl_time_lite:/home/ri-one/ri_one_master_ws/install/ecl_exceptions:/home/ri-one/ri_one_master_ws/install/ecl_concepts:/home/ri-one/ri_one_master_ws/install/ecl_type_traits:/home/ri-one/ri_one_master_ws/install/ecl_errors:/home/ri-one/ri_one_master_ws/install/ecl_mpl:/home/ri-one/ri_one_master_ws/install/ecl_config:/opt/ros/humble LD_LIBRARY_PATH=/home/ri-one/ri_one_master_ws/install/ecl_threads/lib:/home/ri-one/ri_one_master_ws/install/ecl_time/lib:/home/ri-one/ri_one_master_ws/install/ecl_time_lite/lib:/home/ri-one/ri_one_master_ws/install/ecl_exceptions/lib:/home/ri-one/ri_one_master_ws/install/ecl_type_traits/lib:/home/ri-one/ri_one_master_ws/install/ecl_errors/lib:${LD_LIBRARY_PATH} PATH=/home/ri-one/ri_one_master_ws/install/ecl_type_traits/bin:/home/ri-one/ri_one_master_ws/install/ecl_config/bin:${PATH} /usr/bin/cmake --install /home/ri-one/ri_one_master_ws/build/ecl_ipc
