[0.147s] Invoking command in '/home/ri-one/ri_one_master_ws/build/ecl_sigslots': AMENT_PREFIX_PATH=/home/ri-one/ri_one_master_ws/install/ecl_threads:/home/ri-one/ri_one_master_ws/install/ecl_utilities:/home/ri-one/ri_one_master_ws/install/ecl_time:/home/ri-one/ri_one_master_ws/install/ecl_time_lite:/home/ri-one/ri_one_master_ws/install/ecl_exceptions:/home/ri-one/ri_one_master_ws/install/ecl_concepts:/home/ri-one/ri_one_master_ws/install/ecl_type_traits:/home/ri-one/ri_one_master_ws/install/ecl_errors:/home/ri-one/ri_one_master_ws/install/ecl_mpl:/home/ri-one/ri_one_master_ws/install/ecl_config:${AMENT_PREFIX_PATH} CMAKE_PREFIX_PATH=/home/ri-one/ri_one_master_ws/install/ecl_threads:/home/ri-one/ri_one_master_ws/install/ecl_utilities:/home/ri-one/ri_one_master_ws/install/ecl_time:/home/ri-one/ri_one_master_ws/install/ecl_time_lite:/home/ri-one/ri_one_master_ws/install/ecl_exceptions:/home/ri-one/ri_one_master_ws/install/ecl_concepts:/home/ri-one/ri_one_master_ws/install/ecl_type_traits:/home/ri-one/ri_one_master_ws/install/ecl_errors:/home/ri-one/ri_one_master_ws/install/ecl_mpl:/home/ri-one/ri_one_master_ws/install/ecl_config:/opt/ros/humble LD_LIBRARY_PATH=/home/ri-one/ri_one_master_ws/install/ecl_threads/lib:/home/ri-one/ri_one_master_ws/install/ecl_time/lib:/home/ri-one/ri_one_master_ws/install/ecl_time_lite/lib:/home/ri-one/ri_one_master_ws/install/ecl_exceptions/lib:/home/ri-one/ri_one_master_ws/install/ecl_type_traits/lib:/home/ri-one/ri_one_master_ws/install/ecl_errors/lib:${LD_LIBRARY_PATH} PATH=/home/ri-one/ri_one_master_ws/install/ecl_type_traits/bin:/home/ri-one/ri_one_master_ws/install/ecl_config/bin:${PATH} /usr/bin/cmake --build /home/ri-one/ri_one_master_ws/build/ecl_sigslots -- -j4 -l4
[0.339s] [ 20%] Built target ecl_demo_sigslots
[0.378s] [ 40%] Built target ecl_demo_sigslots_manager
[0.379s] [ 60%] Built target gtest_main
[0.404s] [ 80%] Built target gtest
[0.482s] [100%] Built target ecl_test_sigslots
[0.546s] Invoked command in '/home/ri-one/ri_one_master_ws/build/ecl_sigslots' returned '0': AMENT_PREFIX_PATH=/home/ri-one/ri_one_master_ws/install/ecl_threads:/home/ri-one/ri_one_master_ws/install/ecl_utilities:/home/ri-one/ri_one_master_ws/install/ecl_time:/home/ri-one/ri_one_master_ws/install/ecl_time_lite:/home/ri-one/ri_one_master_ws/install/ecl_exceptions:/home/ri-one/ri_one_master_ws/install/ecl_concepts:/home/ri-one/ri_one_master_ws/install/ecl_type_traits:/home/ri-one/ri_one_master_ws/install/ecl_errors:/home/ri-one/ri_one_master_ws/install/ecl_mpl:/home/ri-one/ri_one_master_ws/install/ecl_config:${AMENT_PREFIX_PATH} CMAKE_PREFIX_PATH=/home/ri-one/ri_one_master_ws/install/ecl_threads:/home/ri-one/ri_one_master_ws/install/ecl_utilities:/home/ri-one/ri_one_master_ws/install/ecl_time:/home/ri-one/ri_one_master_ws/install/ecl_time_lite:/home/ri-one/ri_one_master_ws/install/ecl_exceptions:/home/ri-one/ri_one_master_ws/install/ecl_concepts:/home/ri-one/ri_one_master_ws/install/ecl_type_traits:/home/ri-one/ri_one_master_ws/install/ecl_errors:/home/ri-one/ri_one_master_ws/install/ecl_mpl:/home/ri-one/ri_one_master_ws/install/ecl_config:/opt/ros/humble LD_LIBRARY_PATH=/home/ri-one/ri_one_master_ws/install/ecl_threads/lib:/home/ri-one/ri_one_master_ws/install/ecl_time/lib:/home/ri-one/ri_one_master_ws/install/ecl_time_lite/lib:/home/ri-one/ri_one_master_ws/install/ecl_exceptions/lib:/home/ri-one/ri_one_master_ws/install/ecl_type_traits/lib:/home/ri-one/ri_one_master_ws/install/ecl_errors/lib:${LD_LIBRARY_PATH} PATH=/home/ri-one/ri_one_master_ws/install/ecl_type_traits/bin:/home/ri-one/ri_one_master_ws/install/ecl_config/bin:${PATH} /usr/bin/cmake --build /home/ri-one/ri_one_master_ws/build/ecl_sigslots -- -j4 -l4
[0.554s] Invoking command in '/home/ri-one/ri_one_master_ws/build/ecl_sigslots': AMENT_PREFIX_PATH=/home/ri-one/ri_one_master_ws/install/ecl_threads:/home/ri-one/ri_one_master_ws/install/ecl_utilities:/home/ri-one/ri_one_master_ws/install/ecl_time:/home/ri-one/ri_one_master_ws/install/ecl_time_lite:/home/ri-one/ri_one_master_ws/install/ecl_exceptions:/home/ri-one/ri_one_master_ws/install/ecl_concepts:/home/ri-one/ri_one_master_ws/install/ecl_type_traits:/home/ri-one/ri_one_master_ws/install/ecl_errors:/home/ri-one/ri_one_master_ws/install/ecl_mpl:/home/ri-one/ri_one_master_ws/install/ecl_config:${AMENT_PREFIX_PATH} CMAKE_PREFIX_PATH=/home/ri-one/ri_one_master_ws/install/ecl_threads:/home/ri-one/ri_one_master_ws/install/ecl_utilities:/home/ri-one/ri_one_master_ws/install/ecl_time:/home/ri-one/ri_one_master_ws/install/ecl_time_lite:/home/ri-one/ri_one_master_ws/install/ecl_exceptions:/home/ri-one/ri_one_master_ws/install/ecl_concepts:/home/ri-one/ri_one_master_ws/install/ecl_type_traits:/home/ri-one/ri_one_master_ws/install/ecl_errors:/home/ri-one/ri_one_master_ws/install/ecl_mpl:/home/ri-one/ri_one_master_ws/install/ecl_config:/opt/ros/humble LD_LIBRARY_PATH=/home/ri-one/ri_one_master_ws/install/ecl_threads/lib:/home/ri-one/ri_one_master_ws/install/ecl_time/lib:/home/ri-one/ri_one_master_ws/install/ecl_time_lite/lib:/home/ri-one/ri_one_master_ws/install/ecl_exceptions/lib:/home/ri-one/ri_one_master_ws/install/ecl_type_traits/lib:/home/ri-one/ri_one_master_ws/install/ecl_errors/lib:${LD_LIBRARY_PATH} PATH=/home/ri-one/ri_one_master_ws/install/ecl_type_traits/bin:/home/ri-one/ri_one_master_ws/install/ecl_config/bin:${PATH} /usr/bin/cmake --install /home/ri-one/ri_one_master_ws/build/ecl_sigslots
[0.600s] -- Install configuration: ""
[0.604s] -- Execute custom install script
[0.605s] -- Up-to-date symlink: /home/ri-one/ri_one_master_ws/install/ecl_sigslots/include/ecl/sigslots/macros.hpp
[0.608s] -- Up-to-date symlink: /home/ri-one/ri_one_master_ws/install/ecl_sigslots/include/ecl/sigslots/manager.hpp
[0.609s] -- Up-to-date symlink: /home/ri-one/ri_one_master_ws/install/ecl_sigslots/include/ecl/sigslots/signal.hpp
[0.611s] -- Up-to-date symlink: /home/ri-one/ri_one_master_ws/install/ecl_sigslots/include/ecl/sigslots/sigslot.hpp
[0.616s] -- Up-to-date symlink: /home/ri-one/ri_one_master_ws/install/ecl_sigslots/include/ecl/sigslots/slot.hpp
[0.617s] -- Up-to-date symlink: /home/ri-one/ri_one_master_ws/install/ecl_sigslots/include/ecl/sigslots/topic.hpp
[0.617s] -- Up-to-date symlink: /home/ri-one/ri_one_master_ws/install/ecl_sigslots/include/ecl/sigslots.hpp
[0.622s] -- Up-to-date symlink: /home/ri-one/ri_one_master_ws/install/ecl_sigslots/lib/ecl_sigslots/demo_sigslots
[0.622s] -- Up-to-date symlink: /home/ri-one/ri_one_master_ws/install/ecl_sigslots/lib/ecl_sigslots/demo_sigslots_manager
[0.622s] -- Up-to-date symlink: /home/ri-one/ri_one_master_ws/install/ecl_sigslots/share/ament_index/resource_index/package_run_dependencies/ecl_sigslots
[0.623s] -- Up-to-date symlink: /home/ri-one/ri_one_master_ws/install/ecl_sigslots/share/ament_index/resource_index/parent_prefix_path/ecl_sigslots
[0.623s] -- Up-to-date symlink: /home/ri-one/ri_one_master_ws/install/ecl_sigslots/share/ecl_sigslots/environment/ament_prefix_path.sh
[0.623s] -- Up-to-date symlink: /home/ri-one/ri_one_master_ws/install/ecl_sigslots/share/ecl_sigslots/environment/ament_prefix_path.dsv
[0.623s] -- Up-to-date symlink: /home/ri-one/ri_one_master_ws/install/ecl_sigslots/share/ecl_sigslots/environment/path.sh
[0.623s] -- Up-to-date symlink: /home/ri-one/ri_one_master_ws/install/ecl_sigslots/share/ecl_sigslots/environment/path.dsv
[0.626s] -- Up-to-date symlink: /home/ri-one/ri_one_master_ws/install/ecl_sigslots/share/ecl_sigslots/local_setup.bash
[0.627s] -- Up-to-date symlink: /home/ri-one/ri_one_master_ws/install/ecl_sigslots/share/ecl_sigslots/local_setup.sh
[0.627s] -- Up-to-date symlink: /home/ri-one/ri_one_master_ws/install/ecl_sigslots/share/ecl_sigslots/local_setup.zsh
[0.627s] -- Up-to-date symlink: /home/ri-one/ri_one_master_ws/install/ecl_sigslots/share/ecl_sigslots/local_setup.dsv
[0.627s] -- Symlinking: /home/ri-one/ri_one_master_ws/install/ecl_sigslots/share/ecl_sigslots/package.dsv
[0.660s] -- Up-to-date symlink: /home/ri-one/ri_one_master_ws/install/ecl_sigslots/share/ament_index/resource_index/packages/ecl_sigslots
[0.666s] -- Up-to-date symlink: /home/ri-one/ri_one_master_ws/install/ecl_sigslots/share/ecl_sigslots/cmake/ament_cmake_export_targets-extras.cmake
[0.666s] -- Up-to-date symlink: /home/ri-one/ri_one_master_ws/install/ecl_sigslots/share/ecl_sigslots/cmake/ament_cmake_export_include_directories-extras.cmake
[0.666s] -- Up-to-date symlink: /home/ri-one/ri_one_master_ws/install/ecl_sigslots/share/ecl_sigslots/cmake/ament_cmake_export_dependencies-extras.cmake
[0.667s] -- Up-to-date symlink: /home/ri-one/ri_one_master_ws/install/ecl_sigslots/share/ecl_sigslots/cmake/ecl_sigslotsConfig.cmake
[0.667s] -- Up-to-date symlink: /home/ri-one/ri_one_master_ws/install/ecl_sigslots/share/ecl_sigslots/cmake/ecl_sigslotsConfig-version.cmake
[0.667s] -- Up-to-date symlink: /home/ri-one/ri_one_master_ws/install/ecl_sigslots/share/ecl_sigslots/package.xml
[0.667s] -- Up-to-date: /home/ri-one/ri_one_master_ws/install/ecl_sigslots/share/ecl_sigslots/cmake/ecl_sigslotsExport.cmake
[0.703s] Invoked command in '/home/ri-one/ri_one_master_ws/build/ecl_sigslots' returned '0': AMENT_PREFIX_PATH=/home/ri-one/ri_one_master_ws/install/ecl_threads:/home/ri-one/ri_one_master_ws/install/ecl_utilities:/home/ri-one/ri_one_master_ws/install/ecl_time:/home/ri-one/ri_one_master_ws/install/ecl_time_lite:/home/ri-one/ri_one_master_ws/install/ecl_exceptions:/home/ri-one/ri_one_master_ws/install/ecl_concepts:/home/ri-one/ri_one_master_ws/install/ecl_type_traits:/home/ri-one/ri_one_master_ws/install/ecl_errors:/home/ri-one/ri_one_master_ws/install/ecl_mpl:/home/ri-one/ri_one_master_ws/install/ecl_config:${AMENT_PREFIX_PATH} CMAKE_PREFIX_PATH=/home/ri-one/ri_one_master_ws/install/ecl_threads:/home/ri-one/ri_one_master_ws/install/ecl_utilities:/home/ri-one/ri_one_master_ws/install/ecl_time:/home/ri-one/ri_one_master_ws/install/ecl_time_lite:/home/ri-one/ri_one_master_ws/install/ecl_exceptions:/home/ri-one/ri_one_master_ws/install/ecl_concepts:/home/ri-one/ri_one_master_ws/install/ecl_type_traits:/home/ri-one/ri_one_master_ws/install/ecl_errors:/home/ri-one/ri_one_master_ws/install/ecl_mpl:/home/ri-one/ri_one_master_ws/install/ecl_config:/opt/ros/humble LD_LIBRARY_PATH=/home/ri-one/ri_one_master_ws/install/ecl_threads/lib:/home/ri-one/ri_one_master_ws/install/ecl_time/lib:/home/ri-one/ri_one_master_ws/install/ecl_time_lite/lib:/home/ri-one/ri_one_master_ws/install/ecl_exceptions/lib:/home/ri-one/ri_one_master_ws/install/ecl_type_traits/lib:/home/ri-one/ri_one_master_ws/install/ecl_errors/lib:${LD_LIBRARY_PATH} PATH=/home/ri-one/ri_one_master_ws/install/ecl_type_traits/bin:/home/ri-one/ri_one_master_ws/install/ecl_config/bin:${PATH} /usr/bin/cmake --install /home/ri-one/ri_one_master_ws/build/ecl_sigslots
