[0.075s] Invoking command in '/home/ri-one/ros2_ws/src/build/kinect2_registration': CMAKE_PREFIX_PATH=${CMAKE_PREFIX_PATH}:/opt/ros/humble /usr/bin/cmake --build /home/ri-one/ros2_ws/src/build/kinect2_registration -- -j4 -l4
[0.231s] [35m[1mConsolidate compiler generated dependencies of target kinect2_registration[0m
[0.337s] [100%] Built target kinect2_registration
[0.388s] Invoked command in '/home/ri-one/ros2_ws/src/build/kinect2_registration' returned '0': CMAKE_PREFIX_PATH=${CMAKE_PREFIX_PATH}:/opt/ros/humble /usr/bin/cmake --build /home/ri-one/ros2_ws/src/build/kinect2_registration -- -j4 -l4
[0.398s] Invoking command in '/home/ri-one/ros2_ws/src/build/kinect2_registration': CMAKE_PREFIX_PATH=${CMAKE_PREFIX_PATH}:/opt/ros/humble /usr/bin/cmake --install /home/ri-one/ros2_ws/src/build/kinect2_registration
[0.436s] -- Install configuration: ""
[0.437s] -- Up-to-date: /home/ri-one/ros2_ws/src/install/kinect2_registration/include/kinect2_registration
[0.437s] -- Up-to-date: /home/ri-one/ros2_ws/src/install/kinect2_registration/include/kinect2_registration/kinect2_registration.h
[0.437s] -- Up-to-date: /home/ri-one/ros2_ws/src/install/kinect2_registration/include/kinect2_registration/kinect2_console.h
[0.440s] -- Up-to-date: /home/ri-one/ros2_ws/src/install/kinect2_registration/lib/libkinect2_registration.a
[0.440s] -- Up-to-date: /home/ri-one/ros2_ws/src/install/kinect2_registration/share/kinect2_registration/environment/library_path.sh
[0.441s] -- Up-to-date: /home/ri-one/ros2_ws/src/install/kinect2_registration/share/kinect2_registration/environment/library_path.dsv
[0.442s] -- Up-to-date: /home/ri-one/ros2_ws/src/install/kinect2_registration/share/ament_index/resource_index/package_run_dependencies/kinect2_registration
[0.442s] -- Up-to-date: /home/ri-one/ros2_ws/src/install/kinect2_registration/share/ament_index/resource_index/parent_prefix_path/kinect2_registration
[0.442s] -- Up-to-date: /home/ri-one/ros2_ws/src/install/kinect2_registration/share/kinect2_registration/environment/ament_prefix_path.sh
[0.442s] -- Up-to-date: /home/ri-one/ros2_ws/src/install/kinect2_registration/share/kinect2_registration/environment/ament_prefix_path.dsv
[0.442s] -- Up-to-date: /home/ri-one/ros2_ws/src/install/kinect2_registration/share/kinect2_registration/environment/path.sh
[0.442s] -- Up-to-date: /home/ri-one/ros2_ws/src/install/kinect2_registration/share/kinect2_registration/environment/path.dsv
[0.443s] -- Up-to-date: /home/ri-one/ros2_ws/src/install/kinect2_registration/share/kinect2_registration/local_setup.bash
[0.443s] -- Up-to-date: /home/ri-one/ros2_ws/src/install/kinect2_registration/share/kinect2_registration/local_setup.sh
[0.443s] -- Up-to-date: /home/ri-one/ros2_ws/src/install/kinect2_registration/share/kinect2_registration/local_setup.zsh
[0.443s] -- Up-to-date: /home/ri-one/ros2_ws/src/install/kinect2_registration/share/kinect2_registration/local_setup.dsv
[0.448s] -- Installing: /home/ri-one/ros2_ws/src/install/kinect2_registration/share/kinect2_registration/package.dsv
[0.448s] -- Up-to-date: /home/ri-one/ros2_ws/src/install/kinect2_registration/share/ament_index/resource_index/packages/kinect2_registration
[0.448s] -- Up-to-date: /home/ri-one/ros2_ws/src/install/kinect2_registration/share/kinect2_registration/cmake/ament_cmake_export_include_directories-extras.cmake
[0.448s] -- Up-to-date: /home/ri-one/ros2_ws/src/install/kinect2_registration/share/kinect2_registration/cmake/ament_cmake_export_libraries-extras.cmake
[0.448s] -- Up-to-date: /home/ri-one/ros2_ws/src/install/kinect2_registration/share/kinect2_registration/cmake/kinect2_registrationConfig.cmake
[0.448s] -- Up-to-date: /home/ri-one/ros2_ws/src/install/kinect2_registration/share/kinect2_registration/cmake/kinect2_registrationConfig-version.cmake
[0.449s] -- Up-to-date: /home/ri-one/ros2_ws/src/install/kinect2_registration/share/kinect2_registration/package.xml
[0.460s] Invoked command in '/home/ri-one/ros2_ws/src/build/kinect2_registration' returned '0': CMAKE_PREFIX_PATH=${CMAKE_PREFIX_PATH}:/opt/ros/humble /usr/bin/cmake --install /home/ri-one/ros2_ws/src/build/kinect2_registration
