[0.051s] Invoking command in '/home/ri-one/ros2_ws/src/build/ecl_converters': AMENT_PREFIX_PATH=/home/ri-one/ros2_ws/src/install/ecl_exceptions:/home/ri-one/ros2_ws/src/install/ecl_concepts:/home/ri-one/ros2_ws/src/install/ecl_type_traits:/home/ri-one/ros2_ws/src/install/ecl_errors:/home/ri-one/ros2_ws/src/install/ecl_mpl:/home/ri-one/ros2_ws/src/install/ecl_config:${AMENT_PREFIX_PATH} CMAKE_PREFIX_PATH=/home/ri-one/ros2_ws/src/install/ecl_exceptions:/home/ri-one/ros2_ws/src/install/ecl_concepts:/home/ri-one/ros2_ws/src/install/ecl_type_traits:/home/ri-one/ros2_ws/src/install/ecl_errors:/home/ri-one/ros2_ws/src/install/ecl_mpl:/home/ri-one/ros2_ws/src/install/ecl_config:/opt/ros/humble LD_LIBRARY_PATH=/home/ri-one/ros2_ws/src/install/ecl_exceptions/lib:/home/ri-one/ros2_ws/src/install/ecl_type_traits/lib:/home/ri-one/ros2_ws/src/install/ecl_errors/lib:${LD_LIBRARY_PATH} PATH=/home/ri-one/ros2_ws/src/install/ecl_type_traits/bin:/home/ri-one/ros2_ws/src/install/ecl_config/bin:${PATH} /usr/bin/cmake /home/ri-one/ros2_ws/src/turtlebot2_ros2/ecl_core/ecl_converters -DCMAKE_INSTALL_PREFIX=/home/ri-one/ros2_ws/src/install/ecl_converters
[0.173s] -- The C compiler identification is GNU 11.4.0
[0.294s] -- The CXX compiler identification is GNU 11.4.0
[0.308s] -- Detecting C compiler ABI info
[0.455s] -- Detecting C compiler ABI info - done
[0.474s] -- Check for working C compiler: /usr/bin/cc - skipped
[0.474s] -- Detecting C compile features
[0.476s] -- Detecting C compile features - done
[0.482s] -- Detecting CXX compiler ABI info
[0.650s] -- Detecting CXX compiler ABI info - done
[0.670s] -- Check for working CXX compiler: /usr/bin/c++ - skipped
[0.672s] -- Detecting CXX compile features
[0.672s] -- Detecting CXX compile features - done
[0.679s] -- Found ament_cmake_ros: 0.10.0 (/opt/ros/humble/share/ament_cmake_ros/cmake)
[1.028s] -- Found Python3: /usr/bin/python3 (found version "3.10.12") found components: Interpreter 
[1.253s] -- Found ecl_build: 1.0.3 (/opt/ros/humble/share/ecl_build/cmake)
[1.265s] -- Found ecl_config: 1.2.0 (/home/ri-one/ros2_ws/src/install/ecl_config/share/ecl_config/cmake)
[1.269s] -- Found ecl_concepts: 1.2.1 (/home/ri-one/ros2_ws/src/install/ecl_concepts/share/ecl_concepts/cmake)
[1.286s] -- Found ecl_errors: 1.2.0 (/home/ri-one/ros2_ws/src/install/ecl_errors/share/ecl_errors/cmake)
[1.292s] -- Found ecl_exceptions: 1.2.1 (/home/ri-one/ros2_ws/src/install/ecl_exceptions/share/ecl_exceptions/cmake)
[1.456s] -- Found ament_lint_auto: 0.12.14 (/opt/ros/humble/share/ament_lint_auto/cmake)
[1.507s] -- Found gtest sources under '/opt/ros/humble/src/gtest_vendor': C++ tests using 'Google Test' will be built
[1.512s] -- Looking for pthread.h
[1.678s] -- Looking for pthread.h - found
[1.678s] -- Performing Test CMAKE_HAVE_LIBC_PTHREAD
[1.847s] -- Performing Test CMAKE_HAVE_LIBC_PTHREAD - Success
[1.851s] -- Found Threads: TRUE  
[1.872s] -- Configuring done
[1.906s] -- Generating done
[1.916s] -- Build files have been written to: /home/ri-one/ros2_ws/src/build/ecl_converters
[1.932s] Invoked command in '/home/ri-one/ros2_ws/src/build/ecl_converters' returned '0': AMENT_PREFIX_PATH=/home/ri-one/ros2_ws/src/install/ecl_exceptions:/home/ri-one/ros2_ws/src/install/ecl_concepts:/home/ri-one/ros2_ws/src/install/ecl_type_traits:/home/ri-one/ros2_ws/src/install/ecl_errors:/home/ri-one/ros2_ws/src/install/ecl_mpl:/home/ri-one/ros2_ws/src/install/ecl_config:${AMENT_PREFIX_PATH} CMAKE_PREFIX_PATH=/home/ri-one/ros2_ws/src/install/ecl_exceptions:/home/ri-one/ros2_ws/src/install/ecl_concepts:/home/ri-one/ros2_ws/src/install/ecl_type_traits:/home/ri-one/ros2_ws/src/install/ecl_errors:/home/ri-one/ros2_ws/src/install/ecl_mpl:/home/ri-one/ros2_ws/src/install/ecl_config:/opt/ros/humble LD_LIBRARY_PATH=/home/ri-one/ros2_ws/src/install/ecl_exceptions/lib:/home/ri-one/ros2_ws/src/install/ecl_type_traits/lib:/home/ri-one/ros2_ws/src/install/ecl_errors/lib:${LD_LIBRARY_PATH} PATH=/home/ri-one/ros2_ws/src/install/ecl_type_traits/bin:/home/ri-one/ros2_ws/src/install/ecl_config/bin:${PATH} /usr/bin/cmake /home/ri-one/ros2_ws/src/turtlebot2_ros2/ecl_core/ecl_converters -DCMAKE_INSTALL_PREFIX=/home/ri-one/ros2_ws/src/install/ecl_converters
[1.935s] Invoking command in '/home/ri-one/ros2_ws/src/build/ecl_converters': AMENT_PREFIX_PATH=/home/ri-one/ros2_ws/src/install/ecl_exceptions:/home/ri-one/ros2_ws/src/install/ecl_concepts:/home/ri-one/ros2_ws/src/install/ecl_type_traits:/home/ri-one/ros2_ws/src/install/ecl_errors:/home/ri-one/ros2_ws/src/install/ecl_mpl:/home/ri-one/ros2_ws/src/install/ecl_config:${AMENT_PREFIX_PATH} CMAKE_PREFIX_PATH=/home/ri-one/ros2_ws/src/install/ecl_exceptions:/home/ri-one/ros2_ws/src/install/ecl_concepts:/home/ri-one/ros2_ws/src/install/ecl_type_traits:/home/ri-one/ros2_ws/src/install/ecl_errors:/home/ri-one/ros2_ws/src/install/ecl_mpl:/home/ri-one/ros2_ws/src/install/ecl_config:/opt/ros/humble LD_LIBRARY_PATH=/home/ri-one/ros2_ws/src/install/ecl_exceptions/lib:/home/ri-one/ros2_ws/src/install/ecl_type_traits/lib:/home/ri-one/ros2_ws/src/install/ecl_errors/lib:${LD_LIBRARY_PATH} PATH=/home/ri-one/ros2_ws/src/install/ecl_type_traits/bin:/home/ri-one/ros2_ws/src/install/ecl_config/bin:${PATH} /usr/bin/cmake --build /home/ri-one/ros2_ws/src/build/ecl_converters -- -j4 -l4
[2.036s] [ 10%] [32mBuilding CXX object src/examples/CMakeFiles/demo_float_converters.dir/float_converters.cpp.o[0m
[2.735s] [ 20%] [32m[1mLinking CXX executable demo_float_converters[0m
[2.942s] [ 20%] Built target demo_float_converters
[2.984s] [ 30%] [32mBuilding CXX object gtest/CMakeFiles/gtest.dir/src/gtest-all.cc.o[0m
[9.636s] [ 40%] [32m[1mLinking CXX static library libgtest.a[0m
[9.758s] [ 40%] Built target gtest
[9.800s] [ 50%] [32mBuilding CXX object gtest/CMakeFiles/gtest_main.dir/src/gtest_main.cc.o[0m
[11.138s] [ 60%] [32m[1mLinking CXX static library libgtest_main.a[0m
[11.204s] [ 60%] Built target gtest_main
[11.246s] [ 70%] [32mBuilding CXX object src/test/CMakeFiles/ecl_test_byte_array_converters.dir/byte_array_converters.cpp.o[0m
[13.158s] [ 80%] [32m[1mLinking CXX executable ecl_test_byte_array_converters[0m
[13.554s] [ 80%] Built target ecl_test_byte_array_converters
[13.604s] [ 90%] [32mBuilding CXX object src/test/CMakeFiles/ecl_test_converters.dir/converters.cpp.o[0m
[15.441s] [100%] [32m[1mLinking CXX executable ecl_test_converters[0m
[15.789s] [100%] Built target ecl_test_converters
[15.817s] Invoked command in '/home/ri-one/ros2_ws/src/build/ecl_converters' returned '0': AMENT_PREFIX_PATH=/home/ri-one/ros2_ws/src/install/ecl_exceptions:/home/ri-one/ros2_ws/src/install/ecl_concepts:/home/ri-one/ros2_ws/src/install/ecl_type_traits:/home/ri-one/ros2_ws/src/install/ecl_errors:/home/ri-one/ros2_ws/src/install/ecl_mpl:/home/ri-one/ros2_ws/src/install/ecl_config:${AMENT_PREFIX_PATH} CMAKE_PREFIX_PATH=/home/ri-one/ros2_ws/src/install/ecl_exceptions:/home/ri-one/ros2_ws/src/install/ecl_concepts:/home/ri-one/ros2_ws/src/install/ecl_type_traits:/home/ri-one/ros2_ws/src/install/ecl_errors:/home/ri-one/ros2_ws/src/install/ecl_mpl:/home/ri-one/ros2_ws/src/install/ecl_config:/opt/ros/humble LD_LIBRARY_PATH=/home/ri-one/ros2_ws/src/install/ecl_exceptions/lib:/home/ri-one/ros2_ws/src/install/ecl_type_traits/lib:/home/ri-one/ros2_ws/src/install/ecl_errors/lib:${LD_LIBRARY_PATH} PATH=/home/ri-one/ros2_ws/src/install/ecl_type_traits/bin:/home/ri-one/ros2_ws/src/install/ecl_config/bin:${PATH} /usr/bin/cmake --build /home/ri-one/ros2_ws/src/build/ecl_converters -- -j4 -l4
[15.818s] Invoking command in '/home/ri-one/ros2_ws/src/build/ecl_converters': AMENT_PREFIX_PATH=/home/ri-one/ros2_ws/src/install/ecl_exceptions:/home/ri-one/ros2_ws/src/install/ecl_concepts:/home/ri-one/ros2_ws/src/install/ecl_type_traits:/home/ri-one/ros2_ws/src/install/ecl_errors:/home/ri-one/ros2_ws/src/install/ecl_mpl:/home/ri-one/ros2_ws/src/install/ecl_config:${AMENT_PREFIX_PATH} CMAKE_PREFIX_PATH=/home/ri-one/ros2_ws/src/install/ecl_exceptions:/home/ri-one/ros2_ws/src/install/ecl_concepts:/home/ri-one/ros2_ws/src/install/ecl_type_traits:/home/ri-one/ros2_ws/src/install/ecl_errors:/home/ri-one/ros2_ws/src/install/ecl_mpl:/home/ri-one/ros2_ws/src/install/ecl_config:/opt/ros/humble LD_LIBRARY_PATH=/home/ri-one/ros2_ws/src/install/ecl_exceptions/lib:/home/ri-one/ros2_ws/src/install/ecl_type_traits/lib:/home/ri-one/ros2_ws/src/install/ecl_errors/lib:${LD_LIBRARY_PATH} PATH=/home/ri-one/ros2_ws/src/install/ecl_type_traits/bin:/home/ri-one/ros2_ws/src/install/ecl_config/bin:${PATH} /usr/bin/cmake --install /home/ri-one/ros2_ws/src/build/ecl_converters
[15.834s] -- Install configuration: ""
[15.835s] -- Installing: /home/ri-one/ros2_ws/src/install/ecl_converters/share/ament_index/resource_index/package_run_dependencies/ecl_converters
[15.835s] -- Installing: /home/ri-one/ros2_ws/src/install/ecl_converters/share/ament_index/resource_index/parent_prefix_path/ecl_converters
[15.837s] -- Installing: /home/ri-one/ros2_ws/src/install/ecl_converters/share/ecl_converters/environment/ament_prefix_path.sh
[15.837s] -- Installing: /home/ri-one/ros2_ws/src/install/ecl_converters/share/ecl_converters/environment/ament_prefix_path.dsv
[15.838s] -- Installing: /home/ri-one/ros2_ws/src/install/ecl_converters/share/ecl_converters/environment/path.sh
[15.839s] -- Installing: /home/ri-one/ros2_ws/src/install/ecl_converters/share/ecl_converters/environment/path.dsv
[15.839s] -- Installing: /home/ri-one/ros2_ws/src/install/ecl_converters/share/ecl_converters/local_setup.bash
[15.840s] -- Installing: /home/ri-one/ros2_ws/src/install/ecl_converters/share/ecl_converters/local_setup.sh
[15.841s] -- Installing: /home/ri-one/ros2_ws/src/install/ecl_converters/share/ecl_converters/local_setup.zsh
[15.842s] -- Installing: /home/ri-one/ros2_ws/src/install/ecl_converters/share/ecl_converters/local_setup.dsv
[15.842s] -- Installing: /home/ri-one/ros2_ws/src/install/ecl_converters/share/ecl_converters/package.dsv
[15.843s] -- Installing: /home/ri-one/ros2_ws/src/install/ecl_converters/share/ament_index/resource_index/packages/ecl_converters
[15.847s] -- Installing: /home/ri-one/ros2_ws/src/install/ecl_converters/share/ecl_converters/cmake/ecl_convertersExport.cmake
[15.849s] -- Installing: /home/ri-one/ros2_ws/src/install/ecl_converters/share/ecl_converters/cmake/ament_cmake_export_targets-extras.cmake
[15.850s] -- Installing: /home/ri-one/ros2_ws/src/install/ecl_converters/share/ecl_converters/cmake/ament_cmake_export_include_directories-extras.cmake
[15.850s] -- Installing: /home/ri-one/ros2_ws/src/install/ecl_converters/share/ecl_converters/cmake/ament_cmake_export_dependencies-extras.cmake
[15.850s] -- Installing: /home/ri-one/ros2_ws/src/install/ecl_converters/share/ecl_converters/cmake/ecl_convertersConfig.cmake
[15.850s] -- Installing: /home/ri-one/ros2_ws/src/install/ecl_converters/share/ecl_converters/cmake/ecl_convertersConfig-version.cmake
[15.852s] -- Installing: /home/ri-one/ros2_ws/src/install/ecl_converters/share/ecl_converters/package.xml
[15.852s] -- Installing: /home/ri-one/ros2_ws/src/install/ecl_converters/include/ecl/converters.hpp
[15.853s] -- Installing: /home/ri-one/ros2_ws/src/install/ecl_converters/include/ecl/converters/char.hpp
[15.854s] -- Installing: /home/ri-one/ros2_ws/src/install/ecl_converters/include/ecl/converters/char_strings.hpp
[15.855s] -- Installing: /home/ri-one/ros2_ws/src/install/ecl_converters/include/ecl/converters/converter.hpp
[15.855s] -- Installing: /home/ri-one/ros2_ws/src/install/ecl_converters/include/ecl/converters/from_byte_array.hpp
[15.856s] -- Installing: /home/ri-one/ros2_ws/src/install/ecl_converters/include/ecl/converters/integers.hpp
[15.857s] -- Installing: /home/ri-one/ros2_ws/src/install/ecl_converters/include/ecl/converters/string.hpp
[15.857s] -- Installing: /home/ri-one/ros2_ws/src/install/ecl_converters/include/ecl/converters/to_byte_array.hpp
[15.860s] -- Installing: /home/ri-one/ros2_ws/src/install/ecl_converters/lib/ecl_converters/demo_float_converters
[15.860s] -- Set runtime path of "/home/ri-one/ros2_ws/src/install/ecl_converters/lib/ecl_converters/demo_float_converters" to ""
[15.865s] Invoked command in '/home/ri-one/ros2_ws/src/build/ecl_converters' returned '0': AMENT_PREFIX_PATH=/home/ri-one/ros2_ws/src/install/ecl_exceptions:/home/ri-one/ros2_ws/src/install/ecl_concepts:/home/ri-one/ros2_ws/src/install/ecl_type_traits:/home/ri-one/ros2_ws/src/install/ecl_errors:/home/ri-one/ros2_ws/src/install/ecl_mpl:/home/ri-one/ros2_ws/src/install/ecl_config:${AMENT_PREFIX_PATH} CMAKE_PREFIX_PATH=/home/ri-one/ros2_ws/src/install/ecl_exceptions:/home/ri-one/ros2_ws/src/install/ecl_concepts:/home/ri-one/ros2_ws/src/install/ecl_type_traits:/home/ri-one/ros2_ws/src/install/ecl_errors:/home/ri-one/ros2_ws/src/install/ecl_mpl:/home/ri-one/ros2_ws/src/install/ecl_config:/opt/ros/humble LD_LIBRARY_PATH=/home/ri-one/ros2_ws/src/install/ecl_exceptions/lib:/home/ri-one/ros2_ws/src/install/ecl_type_traits/lib:/home/ri-one/ros2_ws/src/install/ecl_errors/lib:${LD_LIBRARY_PATH} PATH=/home/ri-one/ros2_ws/src/install/ecl_type_traits/bin:/home/ri-one/ros2_ws/src/install/ecl_config/bin:${PATH} /usr/bin/cmake --install /home/ri-one/ros2_ws/src/build/ecl_converters
