[0.145s] Invoking command in '/home/ri-one/ri_one_master_ws/build/ecl_devices': AMENT_PREFIX_PATH=/home/ri-one/ri_one_master_ws/install/ecl_containers:/home/ri-one/ri_one_master_ws/install/ecl_threads:/home/ri-one/ri_one_master_ws/install/ecl_formatters:/home/ri-one/ri_one_master_ws/install/ecl_utilities:/home/ri-one/ri_one_master_ws/install/ecl_time:/home/ri-one/ri_one_master_ws/install/ecl_converters:/home/ri-one/ri_one_master_ws/install/ecl_time_lite:/home/ri-one/ri_one_master_ws/install/ecl_exceptions:/home/ri-one/ri_one_master_ws/install/ecl_concepts:/home/ri-one/ri_one_master_ws/install/ecl_type_traits:/home/ri-one/ri_one_master_ws/install/ecl_errors:/home/ri-one/ri_one_master_ws/install/ecl_mpl:/home/ri-one/ri_one_master_ws/install/ecl_config:${AMENT_PREFIX_PATH} CMAKE_PREFIX_PATH=/home/ri-one/ri_one_master_ws/install/ecl_containers:/home/ri-one/ri_one_master_ws/install/ecl_threads:/home/ri-one/ri_one_master_ws/install/ecl_formatters:/home/ri-one/ri_one_master_ws/install/ecl_utilities:/home/ri-one/ri_one_master_ws/install/ecl_time:/home/ri-one/ri_one_master_ws/install/ecl_converters:/home/ri-one/ri_one_master_ws/install/ecl_time_lite:/home/ri-one/ri_one_master_ws/install/ecl_exceptions:/home/ri-one/ri_one_master_ws/install/ecl_concepts:/home/ri-one/ri_one_master_ws/install/ecl_type_traits:/home/ri-one/ri_one_master_ws/install/ecl_errors:/home/ri-one/ri_one_master_ws/install/ecl_mpl:/home/ri-one/ri_one_master_ws/install/ecl_config:/opt/ros/humble LD_LIBRARY_PATH=/home/ri-one/ri_one_master_ws/install/ecl_threads/lib:/home/ri-one/ri_one_master_ws/install/ecl_formatters/lib:/home/ri-one/ri_one_master_ws/install/ecl_time/lib:/home/ri-one/ri_one_master_ws/install/ecl_time_lite/lib:/home/ri-one/ri_one_master_ws/install/ecl_exceptions/lib:/home/ri-one/ri_one_master_ws/install/ecl_type_traits/lib:/home/ri-one/ri_one_master_ws/install/ecl_errors/lib:${LD_LIBRARY_PATH} PATH=/home/ri-one/ri_one_master_ws/install/ecl_type_traits/bin:/home/ri-one/ri_one_master_ws/install/ecl_config/bin:${PATH} /usr/bin/cmake --build /home/ri-one/ri_one_master_ws/build/ecl_devices -- -j4 -l4
[0.464s] [  8%] Built target gtest_main
[0.506s] [ 66%] Built target ecl_devices
[0.570s] [ 75%] Built target gtest
[0.633s] [ 83%] Built target ecl_demo_serial_timeouts
[0.647s] [ 91%] Built target ecl_test_shared_files
[0.670s] [100%] Built target ecl_test_files
[0.757s] Invoked command in '/home/ri-one/ri_one_master_ws/build/ecl_devices' returned '0': AMENT_PREFIX_PATH=/home/ri-one/ri_one_master_ws/install/ecl_containers:/home/ri-one/ri_one_master_ws/install/ecl_threads:/home/ri-one/ri_one_master_ws/install/ecl_formatters:/home/ri-one/ri_one_master_ws/install/ecl_utilities:/home/ri-one/ri_one_master_ws/install/ecl_time:/home/ri-one/ri_one_master_ws/install/ecl_converters:/home/ri-one/ri_one_master_ws/install/ecl_time_lite:/home/ri-one/ri_one_master_ws/install/ecl_exceptions:/home/ri-one/ri_one_master_ws/install/ecl_concepts:/home/ri-one/ri_one_master_ws/install/ecl_type_traits:/home/ri-one/ri_one_master_ws/install/ecl_errors:/home/ri-one/ri_one_master_ws/install/ecl_mpl:/home/ri-one/ri_one_master_ws/install/ecl_config:${AMENT_PREFIX_PATH} CMAKE_PREFIX_PATH=/home/ri-one/ri_one_master_ws/install/ecl_containers:/home/ri-one/ri_one_master_ws/install/ecl_threads:/home/ri-one/ri_one_master_ws/install/ecl_formatters:/home/ri-one/ri_one_master_ws/install/ecl_utilities:/home/ri-one/ri_one_master_ws/install/ecl_time:/home/ri-one/ri_one_master_ws/install/ecl_converters:/home/ri-one/ri_one_master_ws/install/ecl_time_lite:/home/ri-one/ri_one_master_ws/install/ecl_exceptions:/home/ri-one/ri_one_master_ws/install/ecl_concepts:/home/ri-one/ri_one_master_ws/install/ecl_type_traits:/home/ri-one/ri_one_master_ws/install/ecl_errors:/home/ri-one/ri_one_master_ws/install/ecl_mpl:/home/ri-one/ri_one_master_ws/install/ecl_config:/opt/ros/humble LD_LIBRARY_PATH=/home/ri-one/ri_one_master_ws/install/ecl_threads/lib:/home/ri-one/ri_one_master_ws/install/ecl_formatters/lib:/home/ri-one/ri_one_master_ws/install/ecl_time/lib:/home/ri-one/ri_one_master_ws/install/ecl_time_lite/lib:/home/ri-one/ri_one_master_ws/install/ecl_exceptions/lib:/home/ri-one/ri_one_master_ws/install/ecl_type_traits/lib:/home/ri-one/ri_one_master_ws/install/ecl_errors/lib:${LD_LIBRARY_PATH} PATH=/home/ri-one/ri_one_master_ws/install/ecl_type_traits/bin:/home/ri-one/ri_one_master_ws/install/ecl_config/bin:${PATH} /usr/bin/cmake --build /home/ri-one/ri_one_master_ws/build/ecl_devices -- -j4 -l4
[0.759s] Invoking command in '/home/ri-one/ri_one_master_ws/build/ecl_devices': AMENT_PREFIX_PATH=/home/ri-one/ri_one_master_ws/install/ecl_containers:/home/ri-one/ri_one_master_ws/install/ecl_threads:/home/ri-one/ri_one_master_ws/install/ecl_formatters:/home/ri-one/ri_one_master_ws/install/ecl_utilities:/home/ri-one/ri_one_master_ws/install/ecl_time:/home/ri-one/ri_one_master_ws/install/ecl_converters:/home/ri-one/ri_one_master_ws/install/ecl_time_lite:/home/ri-one/ri_one_master_ws/install/ecl_exceptions:/home/ri-one/ri_one_master_ws/install/ecl_concepts:/home/ri-one/ri_one_master_ws/install/ecl_type_traits:/home/ri-one/ri_one_master_ws/install/ecl_errors:/home/ri-one/ri_one_master_ws/install/ecl_mpl:/home/ri-one/ri_one_master_ws/install/ecl_config:${AMENT_PREFIX_PATH} CMAKE_PREFIX_PATH=/home/ri-one/ri_one_master_ws/install/ecl_containers:/home/ri-one/ri_one_master_ws/install/ecl_threads:/home/ri-one/ri_one_master_ws/install/ecl_formatters:/home/ri-one/ri_one_master_ws/install/ecl_utilities:/home/ri-one/ri_one_master_ws/install/ecl_time:/home/ri-one/ri_one_master_ws/install/ecl_converters:/home/ri-one/ri_one_master_ws/install/ecl_time_lite:/home/ri-one/ri_one_master_ws/install/ecl_exceptions:/home/ri-one/ri_one_master_ws/install/ecl_concepts:/home/ri-one/ri_one_master_ws/install/ecl_type_traits:/home/ri-one/ri_one_master_ws/install/ecl_errors:/home/ri-one/ri_one_master_ws/install/ecl_mpl:/home/ri-one/ri_one_master_ws/install/ecl_config:/opt/ros/humble LD_LIBRARY_PATH=/home/ri-one/ri_one_master_ws/install/ecl_threads/lib:/home/ri-one/ri_one_master_ws/install/ecl_formatters/lib:/home/ri-one/ri_one_master_ws/install/ecl_time/lib:/home/ri-one/ri_one_master_ws/install/ecl_time_lite/lib:/home/ri-one/ri_one_master_ws/install/ecl_exceptions/lib:/home/ri-one/ri_one_master_ws/install/ecl_type_traits/lib:/home/ri-one/ri_one_master_ws/install/ecl_errors/lib:${LD_LIBRARY_PATH} PATH=/home/ri-one/ri_one_master_ws/install/ecl_type_traits/bin:/home/ri-one/ri_one_master_ws/install/ecl_config/bin:${PATH} /usr/bin/cmake --install /home/ri-one/ri_one_master_ws/build/ecl_devices
[0.779s] -- Install configuration: ""
[0.781s] -- Execute custom install script
[0.781s] -- Up-to-date symlink: /home/ri-one/ri_one_master_ws/install/ecl_devices/include/ecl/devices/detail/character_buffer.hpp
[0.781s] -- Up-to-date symlink: /home/ri-one/ri_one_master_ws/install/ecl_devices/include/ecl/devices/detail/error_handler.hpp
[0.795s] -- Up-to-date symlink: /home/ri-one/ri_one_master_ws/install/ecl_devices/include/ecl/devices/detail/exception_handler_pos.hpp
[0.795s] -- Up-to-date symlink: /home/ri-one/ri_one_master_ws/install/ecl_devices/include/ecl/devices/detail/socket_error_handler_pos.hpp
[0.796s] -- Up-to-date symlink: /home/ri-one/ri_one_master_ws/install/ecl_devices/include/ecl/devices/detail/socket_exception_handler_pos.hpp
[0.796s] -- Up-to-date symlink: /home/ri-one/ri_one_master_ws/install/ecl_devices/include/ecl/devices/console.hpp
[0.797s] -- Up-to-date symlink: /home/ri-one/ri_one_master_ws/install/ecl_devices/include/ecl/devices/macros.hpp
[0.797s] -- Up-to-date symlink: /home/ri-one/ri_one_master_ws/install/ecl_devices/include/ecl/devices/modes.hpp
[0.798s] -- Up-to-date symlink: /home/ri-one/ri_one_master_ws/install/ecl_devices/include/ecl/devices/ofile.hpp
[0.798s] -- Up-to-date symlink: /home/ri-one/ri_one_master_ws/install/ecl_devices/include/ecl/devices/ofile_pos.hpp
[0.798s] -- Up-to-date symlink: /home/ri-one/ri_one_master_ws/install/ecl_devices/include/ecl/devices/ofile_w32.hpp
[0.799s] -- Up-to-date symlink: /home/ri-one/ri_one_master_ws/install/ecl_devices/include/ecl/devices/serial.hpp
[0.800s] -- Up-to-date symlink: /home/ri-one/ri_one_master_ws/install/ecl_devices/include/ecl/devices/serial_parameters.hpp
[0.800s] -- Up-to-date symlink: /home/ri-one/ri_one_master_ws/install/ecl_devices/include/ecl/devices/serial_pos.hpp
[0.800s] -- Up-to-date symlink: /home/ri-one/ri_one_master_ws/install/ecl_devices/include/ecl/devices/serial_w32.hpp
[0.801s] -- Up-to-date symlink: /home/ri-one/ri_one_master_ws/install/ecl_devices/include/ecl/devices/shared_file.hpp
[0.801s] -- Up-to-date symlink: /home/ri-one/ri_one_master_ws/install/ecl_devices/include/ecl/devices/socket.hpp
[0.801s] -- Up-to-date symlink: /home/ri-one/ri_one_master_ws/install/ecl_devices/include/ecl/devices/socket_client_pos.hpp
[0.801s] -- Up-to-date symlink: /home/ri-one/ri_one_master_ws/install/ecl_devices/include/ecl/devices/socket_connection_status.hpp
[0.801s] -- Up-to-date symlink: /home/ri-one/ri_one_master_ws/install/ecl_devices/include/ecl/devices/socket_server_pos.hpp
[0.802s] -- Up-to-date symlink: /home/ri-one/ri_one_master_ws/install/ecl_devices/include/ecl/devices/string.hpp
[0.802s] -- Up-to-date symlink: /home/ri-one/ri_one_master_ws/install/ecl_devices/include/ecl/devices/traits.hpp
[0.802s] -- Up-to-date symlink: /home/ri-one/ri_one_master_ws/install/ecl_devices/include/ecl/devices.hpp
[0.808s] -- Up-to-date symlink: /home/ri-one/ri_one_master_ws/install/ecl_devices/lib/ecl_devices/demo_serial_timeouts
[0.808s] -- Up-to-date symlink: /home/ri-one/ri_one_master_ws/install/ecl_devices/share/ecl_devices/environment/library_path.sh
[0.808s] -- Up-to-date symlink: /home/ri-one/ri_one_master_ws/install/ecl_devices/share/ecl_devices/environment/library_path.dsv
[0.808s] -- Up-to-date symlink: /home/ri-one/ri_one_master_ws/install/ecl_devices/share/ament_index/resource_index/package_run_dependencies/ecl_devices
[0.809s] -- Up-to-date symlink: /home/ri-one/ri_one_master_ws/install/ecl_devices/share/ament_index/resource_index/parent_prefix_path/ecl_devices
[0.809s] -- Up-to-date symlink: /home/ri-one/ri_one_master_ws/install/ecl_devices/share/ecl_devices/environment/ament_prefix_path.sh
[0.809s] -- Up-to-date symlink: /home/ri-one/ri_one_master_ws/install/ecl_devices/share/ecl_devices/environment/ament_prefix_path.dsv
[0.809s] -- Up-to-date symlink: /home/ri-one/ri_one_master_ws/install/ecl_devices/share/ecl_devices/environment/path.sh
[0.810s] -- Up-to-date symlink: /home/ri-one/ri_one_master_ws/install/ecl_devices/share/ecl_devices/environment/path.dsv
[0.810s] -- Up-to-date symlink: /home/ri-one/ri_one_master_ws/install/ecl_devices/share/ecl_devices/local_setup.bash
[0.810s] -- Up-to-date symlink: /home/ri-one/ri_one_master_ws/install/ecl_devices/share/ecl_devices/local_setup.sh
[0.810s] -- Up-to-date symlink: /home/ri-one/ri_one_master_ws/install/ecl_devices/share/ecl_devices/local_setup.zsh
[0.811s] -- Up-to-date symlink: /home/ri-one/ri_one_master_ws/install/ecl_devices/share/ecl_devices/local_setup.dsv
[0.811s] -- Symlinking: /home/ri-one/ri_one_master_ws/install/ecl_devices/share/ecl_devices/package.dsv
[0.836s] -- Up-to-date symlink: /home/ri-one/ri_one_master_ws/install/ecl_devices/share/ament_index/resource_index/packages/ecl_devices
[0.839s] -- Up-to-date symlink: /home/ri-one/ri_one_master_ws/install/ecl_devices/share/ecl_devices/cmake/ament_cmake_export_targets-extras.cmake
[0.839s] -- Up-to-date symlink: /home/ri-one/ri_one_master_ws/install/ecl_devices/share/ecl_devices/cmake/ament_cmake_export_include_directories-extras.cmake
[0.839s] -- Up-to-date symlink: /home/ri-one/ri_one_master_ws/install/ecl_devices/share/ecl_devices/cmake/ament_cmake_export_libraries-extras.cmake
[0.839s] -- Up-to-date symlink: /home/ri-one/ri_one_master_ws/install/ecl_devices/share/ecl_devices/cmake/ament_cmake_export_dependencies-extras.cmake
[0.839s] -- Up-to-date symlink: /home/ri-one/ri_one_master_ws/install/ecl_devices/share/ecl_devices/cmake/ecl_devicesConfig.cmake
[0.840s] -- Up-to-date symlink: /home/ri-one/ri_one_master_ws/install/ecl_devices/share/ecl_devices/cmake/ecl_devicesConfig-version.cmake
[0.840s] -- Up-to-date symlink: /home/ri-one/ri_one_master_ws/install/ecl_devices/share/ecl_devices/package.xml
[0.850s] -- Up-to-date: /home/ri-one/ri_one_master_ws/install/ecl_devices/share/ecl_devices/cmake/ecl_devicesExport.cmake
[0.850s] -- Up-to-date: /home/ri-one/ri_one_master_ws/install/ecl_devices/share/ecl_devices/cmake/ecl_devicesExport-noconfig.cmake
[0.851s] -- Up-to-date: /home/ri-one/ri_one_master_ws/install/ecl_devices/lib/libecl_devices.so.1.2.1
[0.851s] -- Up-to-date: /home/ri-one/ri_one_master_ws/install/ecl_devices/lib/libecl_devices.so
[0.867s] Invoked command in '/home/ri-one/ri_one_master_ws/build/ecl_devices' returned '0': AMENT_PREFIX_PATH=/home/ri-one/ri_one_master_ws/install/ecl_containers:/home/ri-one/ri_one_master_ws/install/ecl_threads:/home/ri-one/ri_one_master_ws/install/ecl_formatters:/home/ri-one/ri_one_master_ws/install/ecl_utilities:/home/ri-one/ri_one_master_ws/install/ecl_time:/home/ri-one/ri_one_master_ws/install/ecl_converters:/home/ri-one/ri_one_master_ws/install/ecl_time_lite:/home/ri-one/ri_one_master_ws/install/ecl_exceptions:/home/ri-one/ri_one_master_ws/install/ecl_concepts:/home/ri-one/ri_one_master_ws/install/ecl_type_traits:/home/ri-one/ri_one_master_ws/install/ecl_errors:/home/ri-one/ri_one_master_ws/install/ecl_mpl:/home/ri-one/ri_one_master_ws/install/ecl_config:${AMENT_PREFIX_PATH} CMAKE_PREFIX_PATH=/home/ri-one/ri_one_master_ws/install/ecl_containers:/home/ri-one/ri_one_master_ws/install/ecl_threads:/home/ri-one/ri_one_master_ws/install/ecl_formatters:/home/ri-one/ri_one_master_ws/install/ecl_utilities:/home/ri-one/ri_one_master_ws/install/ecl_time:/home/ri-one/ri_one_master_ws/install/ecl_converters:/home/ri-one/ri_one_master_ws/install/ecl_time_lite:/home/ri-one/ri_one_master_ws/install/ecl_exceptions:/home/ri-one/ri_one_master_ws/install/ecl_concepts:/home/ri-one/ri_one_master_ws/install/ecl_type_traits:/home/ri-one/ri_one_master_ws/install/ecl_errors:/home/ri-one/ri_one_master_ws/install/ecl_mpl:/home/ri-one/ri_one_master_ws/install/ecl_config:/opt/ros/humble LD_LIBRARY_PATH=/home/ri-one/ri_one_master_ws/install/ecl_threads/lib:/home/ri-one/ri_one_master_ws/install/ecl_formatters/lib:/home/ri-one/ri_one_master_ws/install/ecl_time/lib:/home/ri-one/ri_one_master_ws/install/ecl_time_lite/lib:/home/ri-one/ri_one_master_ws/install/ecl_exceptions/lib:/home/ri-one/ri_one_master_ws/install/ecl_type_traits/lib:/home/ri-one/ri_one_master_ws/install/ecl_errors/lib:${LD_LIBRARY_PATH} PATH=/home/ri-one/ri_one_master_ws/install/ecl_type_traits/bin:/home/ri-one/ri_one_master_ws/install/ecl_config/bin:${PATH} /usr/bin/cmake --install /home/ri-one/ri_one_master_ws/build/ecl_devices
