[0.045s] Invoking command in '/home/ri-one/ri_one_master_ws/build/kobuki_bumper2pc': AMENT_PREFIX_PATH=/home/ri-one/ri_one_master_ws/install/kobuki_ros_interfaces:${AMENT_PREFIX_PATH} CMAKE_PREFIX_PATH=/home/ri-one/ri_one_master_ws/install/kobuki_ros_interfaces:/opt/ros/humble LD_LIBRARY_PATH=/home/ri-one/ri_one_master_ws/install/kobuki_ros_interfaces/lib:${LD_LIBRARY_PATH} PYTHONPATH=/home/ri-one/ri_one_master_ws/install/kobuki_ros_interfaces/local/lib/python3.10/dist-packages:${PYTHONPATH} /usr/bin/cmake --build /home/ri-one/ri_one_master_ws/build/kobuki_bumper2pc -- -j4 -l4
[0.221s] [ 50%] Built target kobuki_bumper2pc_node
[0.234s] [100%] Built target kobuki_bumper2pc
[0.329s] Invoked command in '/home/ri-one/ri_one_master_ws/build/kobuki_bumper2pc' returned '0': AMENT_PREFIX_PATH=/home/ri-one/ri_one_master_ws/install/kobuki_ros_interfaces:${AMENT_PREFIX_PATH} CMAKE_PREFIX_PATH=/home/ri-one/ri_one_master_ws/install/kobuki_ros_interfaces:/opt/ros/humble LD_LIBRARY_PATH=/home/ri-one/ri_one_master_ws/install/kobuki_ros_interfaces/lib:${LD_LIBRARY_PATH} PYTHONPATH=/home/ri-one/ri_one_master_ws/install/kobuki_ros_interfaces/local/lib/python3.10/dist-packages:${PYTHONPATH} /usr/bin/cmake --build /home/ri-one/ri_one_master_ws/build/kobuki_bumper2pc -- -j4 -l4
[0.330s] Invoking command in '/home/ri-one/ri_one_master_ws/build/kobuki_bumper2pc': AMENT_PREFIX_PATH=/home/ri-one/ri_one_master_ws/install/kobuki_ros_interfaces:${AMENT_PREFIX_PATH} CMAKE_PREFIX_PATH=/home/ri-one/ri_one_master_ws/install/kobuki_ros_interfaces:/opt/ros/humble LD_LIBRARY_PATH=/home/ri-one/ri_one_master_ws/install/kobuki_ros_interfaces/lib:${LD_LIBRARY_PATH} PYTHONPATH=/home/ri-one/ri_one_master_ws/install/kobuki_ros_interfaces/local/lib/python3.10/dist-packages:${PYTHONPATH} /usr/bin/cmake --install /home/ri-one/ri_one_master_ws/build/kobuki_bumper2pc
[0.351s] -- Install configuration: ""
[0.354s] -- Execute custom install script
[0.355s] -- Up-to-date symlink: /home/ri-one/ri_one_master_ws/install/kobuki_bumper2pc/lib/kobuki_bumper2pc/kobuki_bumper2pc_node
[0.355s] -- Up-to-date symlink: /home/ri-one/ri_one_master_ws/install/kobuki_bumper2pc/lib/libkobuki_bumper2pc.so
[0.356s] -- Up-to-date symlink: /home/ri-one/ri_one_master_ws/install/kobuki_bumper2pc/include/kobuki_bumper2pc/kobuki_bumper2pc.hpp
[0.357s] -- Up-to-date symlink: /home/ri-one/ri_one_master_ws/install/kobuki_bumper2pc/share/kobuki_bumper2pc/launch/kobuki_bumper2pc-launch.py
[0.357s] -- Up-to-date symlink: /home/ri-one/ri_one_master_ws/install/kobuki_bumper2pc/share/ament_index/resource_index/package_run_dependencies/kobuki_bumper2pc
[0.357s] -- Up-to-date symlink: /home/ri-one/ri_one_master_ws/install/kobuki_bumper2pc/share/ament_index/resource_index/parent_prefix_path/kobuki_bumper2pc
[0.357s] -- Up-to-date symlink: /home/ri-one/ri_one_master_ws/install/kobuki_bumper2pc/share/kobuki_bumper2pc/environment/ament_prefix_path.sh
[0.358s] -- Up-to-date symlink: /home/ri-one/ri_one_master_ws/install/kobuki_bumper2pc/share/kobuki_bumper2pc/environment/ament_prefix_path.dsv
[0.358s] -- Up-to-date symlink: /home/ri-one/ri_one_master_ws/install/kobuki_bumper2pc/share/kobuki_bumper2pc/environment/path.sh
[0.358s] -- Up-to-date symlink: /home/ri-one/ri_one_master_ws/install/kobuki_bumper2pc/share/kobuki_bumper2pc/environment/path.dsv
[0.358s] -- Up-to-date symlink: /home/ri-one/ri_one_master_ws/install/kobuki_bumper2pc/share/kobuki_bumper2pc/local_setup.bash
[0.358s] -- Up-to-date symlink: /home/ri-one/ri_one_master_ws/install/kobuki_bumper2pc/share/kobuki_bumper2pc/local_setup.sh
[0.358s] -- Up-to-date symlink: /home/ri-one/ri_one_master_ws/install/kobuki_bumper2pc/share/kobuki_bumper2pc/local_setup.zsh
[0.358s] -- Up-to-date symlink: /home/ri-one/ri_one_master_ws/install/kobuki_bumper2pc/share/kobuki_bumper2pc/local_setup.dsv
[0.358s] -- Symlinking: /home/ri-one/ri_one_master_ws/install/kobuki_bumper2pc/share/kobuki_bumper2pc/package.dsv
[0.382s] -- Up-to-date symlink: /home/ri-one/ri_one_master_ws/install/kobuki_bumper2pc/share/ament_index/resource_index/packages/kobuki_bumper2pc
[0.383s] -- Up-to-date symlink: /home/ri-one/ri_one_master_ws/install/kobuki_bumper2pc/share/ament_index/resource_index/rclcpp_components/kobuki_bumper2pc
[0.383s] -- Up-to-date symlink: /home/ri-one/ri_one_master_ws/install/kobuki_bumper2pc/share/kobuki_bumper2pc/cmake/kobuki_bumper2pcConfig.cmake
[0.385s] -- Up-to-date symlink: /home/ri-one/ri_one_master_ws/install/kobuki_bumper2pc/share/kobuki_bumper2pc/cmake/kobuki_bumper2pcConfig-version.cmake
[0.386s] -- Up-to-date symlink: /home/ri-one/ri_one_master_ws/install/kobuki_bumper2pc/share/kobuki_bumper2pc/package.xml
[0.395s] Invoked command in '/home/ri-one/ri_one_master_ws/build/kobuki_bumper2pc' returned '0': AMENT_PREFIX_PATH=/home/ri-one/ri_one_master_ws/install/kobuki_ros_interfaces:${AMENT_PREFIX_PATH} CMAKE_PREFIX_PATH=/home/ri-one/ri_one_master_ws/install/kobuki_ros_interfaces:/opt/ros/humble LD_LIBRARY_PATH=/home/ri-one/ri_one_master_ws/install/kobuki_ros_interfaces/lib:${LD_LIBRARY_PATH} PYTHONPATH=/home/ri-one/ri_one_master_ws/install/kobuki_ros_interfaces/local/lib/python3.10/dist-packages:${PYTHONPATH} /usr/bin/cmake --install /home/ri-one/ri_one_master_ws/build/kobuki_bumper2pc
