[0.046s] Invoking command in '/home/ri-one/ri_one_master_ws/build/ecl_linear_algebra': AMENT_PREFIX_PATH=/home/ri-one/ri_one_master_ws/install/ecl_formatters:/home/ri-one/ri_one_master_ws/install/ecl_converters:/home/ri-one/ri_one_master_ws/install/ecl_math:/home/ri-one/ri_one_master_ws/install/ecl_exceptions:/home/ri-one/ri_one_master_ws/install/ecl_concepts:/home/ri-one/ri_one_master_ws/install/ecl_type_traits:/home/ri-one/ri_one_master_ws/install/ecl_errors:/home/ri-one/ri_one_master_ws/install/ecl_mpl:/home/ri-one/ri_one_master_ws/install/ecl_eigen:/home/ri-one/ri_one_master_ws/install/ecl_config:${AMENT_PREFIX_PATH} CMAKE_PREFIX_PATH=/home/ri-one/ri_one_master_ws/install/ecl_formatters:/home/ri-one/ri_one_master_ws/install/ecl_converters:/home/ri-one/ri_one_master_ws/install/ecl_math:/home/ri-one/ri_one_master_ws/install/ecl_exceptions:/home/ri-one/ri_one_master_ws/install/ecl_concepts:/home/ri-one/ri_one_master_ws/install/ecl_type_traits:/home/ri-one/ri_one_master_ws/install/ecl_errors:/home/ri-one/ri_one_master_ws/install/ecl_mpl:/home/ri-one/ri_one_master_ws/install/ecl_eigen:/home/ri-one/ri_one_master_ws/install/ecl_config:/opt/ros/humble LD_LIBRARY_PATH=/home/ri-one/ri_one_master_ws/install/ecl_formatters/lib:/home/ri-one/ri_one_master_ws/install/ecl_exceptions/lib:/home/ri-one/ri_one_master_ws/install/ecl_type_traits/lib:/home/ri-one/ri_one_master_ws/install/ecl_errors/lib:${LD_LIBRARY_PATH} PATH=/home/ri-one/ri_one_master_ws/install/ecl_type_traits/bin:/home/ri-one/ri_one_master_ws/install/ecl_config/bin:${PATH} /usr/bin/cmake --build /home/ri-one/ri_one_master_ws/build/ecl_linear_algebra -- -j4 -l4
[0.234s] [ 23%] Built target ecl_linear_algebra
[0.287s] [ 38%] Built target gtest
[0.304s] [ 53%] Built target gtest_main
[0.455s] [ 69%] Built target ecl_test_linear_algebra_interpolators
[0.472s] [ 84%] Built target ecl_test_linear_algebra_formatters
[0.475s] [100%] Built target ecl_test_linear_algebra_plugin
[0.503s] Invoked command in '/home/ri-one/ri_one_master_ws/build/ecl_linear_algebra' returned '0': AMENT_PREFIX_PATH=/home/ri-one/ri_one_master_ws/install/ecl_formatters:/home/ri-one/ri_one_master_ws/install/ecl_converters:/home/ri-one/ri_one_master_ws/install/ecl_math:/home/ri-one/ri_one_master_ws/install/ecl_exceptions:/home/ri-one/ri_one_master_ws/install/ecl_concepts:/home/ri-one/ri_one_master_ws/install/ecl_type_traits:/home/ri-one/ri_one_master_ws/install/ecl_errors:/home/ri-one/ri_one_master_ws/install/ecl_mpl:/home/ri-one/ri_one_master_ws/install/ecl_eigen:/home/ri-one/ri_one_master_ws/install/ecl_config:${AMENT_PREFIX_PATH} CMAKE_PREFIX_PATH=/home/ri-one/ri_one_master_ws/install/ecl_formatters:/home/ri-one/ri_one_master_ws/install/ecl_converters:/home/ri-one/ri_one_master_ws/install/ecl_math:/home/ri-one/ri_one_master_ws/install/ecl_exceptions:/home/ri-one/ri_one_master_ws/install/ecl_concepts:/home/ri-one/ri_one_master_ws/install/ecl_type_traits:/home/ri-one/ri_one_master_ws/install/ecl_errors:/home/ri-one/ri_one_master_ws/install/ecl_mpl:/home/ri-one/ri_one_master_ws/install/ecl_eigen:/home/ri-one/ri_one_master_ws/install/ecl_config:/opt/ros/humble LD_LIBRARY_PATH=/home/ri-one/ri_one_master_ws/install/ecl_formatters/lib:/home/ri-one/ri_one_master_ws/install/ecl_exceptions/lib:/home/ri-one/ri_one_master_ws/install/ecl_type_traits/lib:/home/ri-one/ri_one_master_ws/install/ecl_errors/lib:${LD_LIBRARY_PATH} PATH=/home/ri-one/ri_one_master_ws/install/ecl_type_traits/bin:/home/ri-one/ri_one_master_ws/install/ecl_config/bin:${PATH} /usr/bin/cmake --build /home/ri-one/ri_one_master_ws/build/ecl_linear_algebra -- -j4 -l4
[0.509s] Invoking command in '/home/ri-one/ri_one_master_ws/build/ecl_linear_algebra': AMENT_PREFIX_PATH=/home/ri-one/ri_one_master_ws/install/ecl_formatters:/home/ri-one/ri_one_master_ws/install/ecl_converters:/home/ri-one/ri_one_master_ws/install/ecl_math:/home/ri-one/ri_one_master_ws/install/ecl_exceptions:/home/ri-one/ri_one_master_ws/install/ecl_concepts:/home/ri-one/ri_one_master_ws/install/ecl_type_traits:/home/ri-one/ri_one_master_ws/install/ecl_errors:/home/ri-one/ri_one_master_ws/install/ecl_mpl:/home/ri-one/ri_one_master_ws/install/ecl_eigen:/home/ri-one/ri_one_master_ws/install/ecl_config:${AMENT_PREFIX_PATH} CMAKE_PREFIX_PATH=/home/ri-one/ri_one_master_ws/install/ecl_formatters:/home/ri-one/ri_one_master_ws/install/ecl_converters:/home/ri-one/ri_one_master_ws/install/ecl_math:/home/ri-one/ri_one_master_ws/install/ecl_exceptions:/home/ri-one/ri_one_master_ws/install/ecl_concepts:/home/ri-one/ri_one_master_ws/install/ecl_type_traits:/home/ri-one/ri_one_master_ws/install/ecl_errors:/home/ri-one/ri_one_master_ws/install/ecl_mpl:/home/ri-one/ri_one_master_ws/install/ecl_eigen:/home/ri-one/ri_one_master_ws/install/ecl_config:/opt/ros/humble LD_LIBRARY_PATH=/home/ri-one/ri_one_master_ws/install/ecl_formatters/lib:/home/ri-one/ri_one_master_ws/install/ecl_exceptions/lib:/home/ri-one/ri_one_master_ws/install/ecl_type_traits/lib:/home/ri-one/ri_one_master_ws/install/ecl_errors/lib:${LD_LIBRARY_PATH} PATH=/home/ri-one/ri_one_master_ws/install/ecl_type_traits/bin:/home/ri-one/ri_one_master_ws/install/ecl_config/bin:${PATH} /usr/bin/cmake --install /home/ri-one/ri_one_master_ws/build/ecl_linear_algebra
[0.527s] -- Install configuration: ""
[0.532s] -- Execute custom install script
[0.532s] -- Up-to-date symlink: /home/ri-one/ri_one_master_ws/install/ecl_linear_algebra/include/ecl/linear_algebra/eigen/unsupported/nonlinear_optimization.hpp
[0.532s] -- Up-to-date symlink: /home/ri-one/ri_one_master_ws/install/ecl_linear_algebra/include/ecl/linear_algebra/eigen/unsupported/numerical_diff.hpp
[0.532s] -- Up-to-date symlink: /home/ri-one/ri_one_master_ws/install/ecl_linear_algebra/include/ecl/linear_algebra/eigen/formatters.hpp
[0.534s] -- Up-to-date symlink: /home/ri-one/ri_one_master_ws/install/ecl_linear_algebra/include/ecl/linear_algebra/eigen/plugin.hpp
[0.536s] -- Up-to-date symlink: /home/ri-one/ri_one_master_ws/install/ecl_linear_algebra/include/ecl/linear_algebra/sophus/formatters.hpp
[0.537s] -- Up-to-date symlink: /home/ri-one/ri_one_master_ws/install/ecl_linear_algebra/include/ecl/linear_algebra/sophus/helpers.hpp
[0.538s] -- Up-to-date symlink: /home/ri-one/ri_one_master_ws/install/ecl_linear_algebra/include/ecl/linear_algebra/sophus/interpolators.hpp
[0.538s] -- Up-to-date symlink: /home/ri-one/ri_one_master_ws/install/ecl_linear_algebra/include/ecl/linear_algebra/eigen.hpp
[0.538s] -- Up-to-date symlink: /home/ri-one/ri_one_master_ws/install/ecl_linear_algebra/include/ecl/linear_algebra/sophus.hpp
[0.539s] -- Up-to-date symlink: /home/ri-one/ri_one_master_ws/install/ecl_linear_algebra/include/ecl/linear_algebra.hpp
[0.539s] -- Up-to-date symlink: /home/ri-one/ri_one_master_ws/install/ecl_linear_algebra/share/ecl_linear_algebra/environment/library_path.sh
[0.539s] -- Up-to-date symlink: /home/ri-one/ri_one_master_ws/install/ecl_linear_algebra/share/ecl_linear_algebra/environment/library_path.dsv
[0.539s] -- Up-to-date symlink: /home/ri-one/ri_one_master_ws/install/ecl_linear_algebra/share/ament_index/resource_index/package_run_dependencies/ecl_linear_algebra
[0.542s] -- Up-to-date symlink: /home/ri-one/ri_one_master_ws/install/ecl_linear_algebra/share/ament_index/resource_index/parent_prefix_path/ecl_linear_algebra
[0.542s] -- Up-to-date symlink: /home/ri-one/ri_one_master_ws/install/ecl_linear_algebra/share/ecl_linear_algebra/environment/ament_prefix_path.sh
[0.542s] -- Up-to-date symlink: /home/ri-one/ri_one_master_ws/install/ecl_linear_algebra/share/ecl_linear_algebra/environment/ament_prefix_path.dsv
[0.543s] -- Up-to-date symlink: /home/ri-one/ri_one_master_ws/install/ecl_linear_algebra/share/ecl_linear_algebra/environment/path.sh
[0.544s] -- Up-to-date symlink: /home/ri-one/ri_one_master_ws/install/ecl_linear_algebra/share/ecl_linear_algebra/environment/path.dsv
[0.544s] -- Up-to-date symlink: /home/ri-one/ri_one_master_ws/install/ecl_linear_algebra/share/ecl_linear_algebra/local_setup.bash
[0.545s] -- Up-to-date symlink: /home/ri-one/ri_one_master_ws/install/ecl_linear_algebra/share/ecl_linear_algebra/local_setup.sh
[0.545s] -- Up-to-date symlink: /home/ri-one/ri_one_master_ws/install/ecl_linear_algebra/share/ecl_linear_algebra/local_setup.zsh
[0.546s] -- Up-to-date symlink: /home/ri-one/ri_one_master_ws/install/ecl_linear_algebra/share/ecl_linear_algebra/local_setup.dsv
[0.547s] -- Symlinking: /home/ri-one/ri_one_master_ws/install/ecl_linear_algebra/share/ecl_linear_algebra/package.dsv
[0.561s] -- Up-to-date symlink: /home/ri-one/ri_one_master_ws/install/ecl_linear_algebra/share/ament_index/resource_index/packages/ecl_linear_algebra
[0.561s] -- Up-to-date symlink: /home/ri-one/ri_one_master_ws/install/ecl_linear_algebra/share/ecl_linear_algebra/cmake/ament_cmake_export_targets-extras.cmake
[0.561s] -- Up-to-date symlink: /home/ri-one/ri_one_master_ws/install/ecl_linear_algebra/share/ecl_linear_algebra/cmake/ament_cmake_export_include_directories-extras.cmake
[0.563s] -- Up-to-date symlink: /home/ri-one/ri_one_master_ws/install/ecl_linear_algebra/share/ecl_linear_algebra/cmake/ament_cmake_export_libraries-extras.cmake
[0.563s] -- Up-to-date symlink: /home/ri-one/ri_one_master_ws/install/ecl_linear_algebra/share/ecl_linear_algebra/cmake/ament_cmake_export_dependencies-extras.cmake
[0.563s] -- Up-to-date symlink: /home/ri-one/ri_one_master_ws/install/ecl_linear_algebra/share/ecl_linear_algebra/cmake/ecl_linear_algebraConfig.cmake
[0.563s] -- Up-to-date symlink: /home/ri-one/ri_one_master_ws/install/ecl_linear_algebra/share/ecl_linear_algebra/cmake/ecl_linear_algebraConfig-version.cmake
[0.564s] -- Up-to-date symlink: /home/ri-one/ri_one_master_ws/install/ecl_linear_algebra/share/ecl_linear_algebra/package.xml
[0.564s] -- Up-to-date: /home/ri-one/ri_one_master_ws/install/ecl_linear_algebra/share/ecl_linear_algebra/cmake/ecl_linear_algebraExport.cmake
[0.564s] -- Up-to-date: /home/ri-one/ri_one_master_ws/install/ecl_linear_algebra/share/ecl_linear_algebra/cmake/ecl_linear_algebraExport-noconfig.cmake
[0.566s] -- Up-to-date: /home/ri-one/ri_one_master_ws/install/ecl_linear_algebra/lib/libecl_linear_algebra.so.1.2.1
[0.567s] -- Up-to-date: /home/ri-one/ri_one_master_ws/install/ecl_linear_algebra/lib/libecl_linear_algebra.so
[0.593s] Invoked command in '/home/ri-one/ri_one_master_ws/build/ecl_linear_algebra' returned '0': AMENT_PREFIX_PATH=/home/ri-one/ri_one_master_ws/install/ecl_formatters:/home/ri-one/ri_one_master_ws/install/ecl_converters:/home/ri-one/ri_one_master_ws/install/ecl_math:/home/ri-one/ri_one_master_ws/install/ecl_exceptions:/home/ri-one/ri_one_master_ws/install/ecl_concepts:/home/ri-one/ri_one_master_ws/install/ecl_type_traits:/home/ri-one/ri_one_master_ws/install/ecl_errors:/home/ri-one/ri_one_master_ws/install/ecl_mpl:/home/ri-one/ri_one_master_ws/install/ecl_eigen:/home/ri-one/ri_one_master_ws/install/ecl_config:${AMENT_PREFIX_PATH} CMAKE_PREFIX_PATH=/home/ri-one/ri_one_master_ws/install/ecl_formatters:/home/ri-one/ri_one_master_ws/install/ecl_converters:/home/ri-one/ri_one_master_ws/install/ecl_math:/home/ri-one/ri_one_master_ws/install/ecl_exceptions:/home/ri-one/ri_one_master_ws/install/ecl_concepts:/home/ri-one/ri_one_master_ws/install/ecl_type_traits:/home/ri-one/ri_one_master_ws/install/ecl_errors:/home/ri-one/ri_one_master_ws/install/ecl_mpl:/home/ri-one/ri_one_master_ws/install/ecl_eigen:/home/ri-one/ri_one_master_ws/install/ecl_config:/opt/ros/humble LD_LIBRARY_PATH=/home/ri-one/ri_one_master_ws/install/ecl_formatters/lib:/home/ri-one/ri_one_master_ws/install/ecl_exceptions/lib:/home/ri-one/ri_one_master_ws/install/ecl_type_traits/lib:/home/ri-one/ri_one_master_ws/install/ecl_errors/lib:${LD_LIBRARY_PATH} PATH=/home/ri-one/ri_one_master_ws/install/ecl_type_traits/bin:/home/ri-one/ri_one_master_ws/install/ecl_config/bin:${PATH} /usr/bin/cmake --install /home/ri-one/ri_one_master_ws/build/ecl_linear_algebra
