[0.044s] Invoking command in '/home/ri-one/ros2_ws/src/build/kobuki_ros_interfaces': CMAKE_PREFIX_PATH=${CMAKE_PREFIX_PATH}:/opt/ros/humble /usr/bin/cmake --build /home/ri-one/ros2_ws/src/build/kobuki_ros_interfaces -- -j4 -l4
[0.334s] [35m[1mConsolidate compiler generated dependencies of target kobuki_ros_interfaces__rosidl_generator_c[0m
[0.370s] [  0%] Built target kobuki_ros_interfaces__cpp
[0.428s] [ 12%] Built target kobuki_ros_interfaces__rosidl_generator_c
[0.461s] [ 12%] Built target ament_cmake_python_copy_kobuki_ros_interfaces
[0.474s] [35m[1mConsolidate compiler generated dependencies of target kobuki_ros_interfaces__rosidl_typesupport_cpp[0m
[0.489s] [35m[1mConsolidate compiler generated dependencies of target kobuki_ros_interfaces__rosidl_typesupport_fastrtps_cpp[0m
[0.532s] [35m[1mConsolidate compiler generated dependencies of target kobuki_ros_interfaces__rosidl_typesupport_introspection_cpp[0m
[0.543s] [35m[1mConsolidate compiler generated dependencies of target kobuki_ros_interfaces__rosidl_typesupport_fastrtps_c[0m
[0.574s] [ 24%] Built target kobuki_ros_interfaces__rosidl_typesupport_cpp
[0.609s] [ 36%] Built target kobuki_ros_interfaces__rosidl_typesupport_fastrtps_cpp
[0.628s] [ 48%] Built target kobuki_ros_interfaces__rosidl_typesupport_introspection_cpp
[0.641s] [35m[1mConsolidate compiler generated dependencies of target kobuki_ros_interfaces__rosidl_typesupport_introspection_c[0m
[0.647s] [ 60%] Built target kobuki_ros_interfaces__rosidl_typesupport_fastrtps_c
[0.673s] [35m[1mConsolidate compiler generated dependencies of target kobuki_ros_interfaces__rosidl_typesupport_c[0m
[0.723s] [ 72%] Built target kobuki_ros_interfaces__rosidl_typesupport_introspection_c
[0.732s] [ 84%] Built target kobuki_ros_interfaces__rosidl_typesupport_c
[0.810s] [ 84%] Built target kobuki_ros_interfaces
[0.898s] [ 85%] Built target kobuki_ros_interfaces__py
[0.980s] [35m[1mConsolidate compiler generated dependencies of target kobuki_ros_interfaces__rosidl_generator_py[0m
[1.073s] [ 96%] Built target kobuki_ros_interfaces__rosidl_generator_py
[1.138s] [35m[1mConsolidate compiler generated dependencies of target kobuki_ros_interfaces__rosidl_typesupport_fastrtps_c__pyext[0m
[1.149s] [35m[1mConsolidate compiler generated dependencies of target kobuki_ros_interfaces__rosidl_typesupport_c__pyext[0m
[1.161s] [35m[1mConsolidate compiler generated dependencies of target kobuki_ros_interfaces__rosidl_typesupport_introspection_c__pyext[0m
[1.206s] [ 97%] Built target kobuki_ros_interfaces__rosidl_typesupport_c__pyext
[1.214s] [ 98%] Built target kobuki_ros_interfaces__rosidl_typesupport_fastrtps_c__pyext
[1.218s] [100%] Built target kobuki_ros_interfaces__rosidl_typesupport_introspection_c__pyext
[1.471s] running egg_info
[1.471s] writing kobuki_ros_interfaces.egg-info/PKG-INFO
[1.471s] writing dependency_links to kobuki_ros_interfaces.egg-info/dependency_links.txt
[1.472s] writing top-level names to kobuki_ros_interfaces.egg-info/top_level.txt
[1.478s] reading manifest file 'kobuki_ros_interfaces.egg-info/SOURCES.txt'
[1.481s] writing manifest file 'kobuki_ros_interfaces.egg-info/SOURCES.txt'
[1.575s] [100%] Built target ament_cmake_python_build_kobuki_ros_interfaces_egg
[1.628s] Invoked command in '/home/ri-one/ros2_ws/src/build/kobuki_ros_interfaces' returned '0': CMAKE_PREFIX_PATH=${CMAKE_PREFIX_PATH}:/opt/ros/humble /usr/bin/cmake --build /home/ri-one/ros2_ws/src/build/kobuki_ros_interfaces -- -j4 -l4
[1.637s] Invoking command in '/home/ri-one/ros2_ws/src/build/kobuki_ros_interfaces': CMAKE_PREFIX_PATH=${CMAKE_PREFIX_PATH}:/opt/ros/humble /usr/bin/cmake --install /home/ri-one/ros2_ws/src/build/kobuki_ros_interfaces
[1.661s] -- Install configuration: ""
[1.662s] -- Up-to-date: /home/ri-one/ros2_ws/src/install/kobuki_ros_interfaces/share/ament_index/resource_index/rosidl_interfaces/kobuki_ros_interfaces
[1.663s] -- Up-to-date: /home/ri-one/ros2_ws/src/install/kobuki_ros_interfaces/include/kobuki_ros_interfaces/kobuki_ros_interfaces
[1.663s] -- Up-to-date: /home/ri-one/ros2_ws/src/install/kobuki_ros_interfaces/include/kobuki_ros_interfaces/kobuki_ros_interfaces/msg
[1.663s] -- Up-to-date: /home/ri-one/ros2_ws/src/install/kobuki_ros_interfaces/include/kobuki_ros_interfaces/kobuki_ros_interfaces/msg/motor_power.h
[1.663s] -- Up-to-date: /home/ri-one/ros2_ws/src/install/kobuki_ros_interfaces/include/kobuki_ros_interfaces/kobuki_ros_interfaces/msg/keyboard_input.h
[1.664s] -- Up-to-date: /home/ri-one/ros2_ws/src/install/kobuki_ros_interfaces/include/kobuki_ros_interfaces/kobuki_ros_interfaces/msg/dock_infra_red.h
[1.664s] -- Up-to-date: /home/ri-one/ros2_ws/src/install/kobuki_ros_interfaces/include/kobuki_ros_interfaces/kobuki_ros_interfaces/msg/robot_state_event.h
[1.665s] -- Up-to-date: /home/ri-one/ros2_ws/src/install/kobuki_ros_interfaces/include/kobuki_ros_interfaces/kobuki_ros_interfaces/msg/detail
[1.665s] -- Up-to-date: /home/ri-one/ros2_ws/src/install/kobuki_ros_interfaces/include/kobuki_ros_interfaces/kobuki_ros_interfaces/msg/detail/sensor_state__struct.h
[1.666s] -- Up-to-date: /home/ri-one/ros2_ws/src/install/kobuki_ros_interfaces/include/kobuki_ros_interfaces/kobuki_ros_interfaces/msg/detail/cliff_event__functions.c
[1.666s] -- Up-to-date: /home/ri-one/ros2_ws/src/install/kobuki_ros_interfaces/include/kobuki_ros_interfaces/kobuki_ros_interfaces/msg/detail/sound__type_support.h
[1.667s] -- Up-to-date: /home/ri-one/ros2_ws/src/install/kobuki_ros_interfaces/include/kobuki_ros_interfaces/kobuki_ros_interfaces/msg/detail/keyboard_input__functions.c
[1.668s] -- Up-to-date: /home/ri-one/ros2_ws/src/install/kobuki_ros_interfaces/include/kobuki_ros_interfaces/kobuki_ros_interfaces/msg/detail/version_info__functions.c
[1.669s] -- Up-to-date: /home/ri-one/ros2_ws/src/install/kobuki_ros_interfaces/include/kobuki_ros_interfaces/kobuki_ros_interfaces/msg/detail/external_power__type_support.h
[1.670s] -- Up-to-date: /home/ri-one/ros2_ws/src/install/kobuki_ros_interfaces/include/kobuki_ros_interfaces/kobuki_ros_interfaces/msg/detail/led__functions.h
[1.670s] -- Up-to-date: /home/ri-one/ros2_ws/src/install/kobuki_ros_interfaces/include/kobuki_ros_interfaces/kobuki_ros_interfaces/msg/detail/digital_output__functions.h
[1.671s] -- Up-to-date: /home/ri-one/ros2_ws/src/install/kobuki_ros_interfaces/include/kobuki_ros_interfaces/kobuki_ros_interfaces/msg/detail/dock_infra_red__functions.c
[1.674s] -- Up-to-date: /home/ri-one/ros2_ws/src/install/kobuki_ros_interfaces/include/kobuki_ros_interfaces/kobuki_ros_interfaces/msg/detail/sensor_state__functions.c
[1.675s] -- Up-to-date: /home/ri-one/ros2_ws/src/install/kobuki_ros_interfaces/include/kobuki_ros_interfaces/kobuki_ros_interfaces/msg/detail/version_info__struct.h
[1.675s] -- Up-to-date: /home/ri-one/ros2_ws/src/install/kobuki_ros_interfaces/include/kobuki_ros_interfaces/kobuki_ros_interfaces/msg/detail/digital_input_event__functions.c
[1.675s] -- Up-to-date: /home/ri-one/ros2_ws/src/install/kobuki_ros_interfaces/include/kobuki_ros_interfaces/kobuki_ros_interfaces/msg/detail/digital_input_event__type_support.h
[1.675s] -- Up-to-date: /home/ri-one/ros2_ws/src/install/kobuki_ros_interfaces/include/kobuki_ros_interfaces/kobuki_ros_interfaces/msg/detail/dock_infra_red__type_support.h
[1.676s] -- Up-to-date: /home/ri-one/ros2_ws/src/install/kobuki_ros_interfaces/include/kobuki_ros_interfaces/kobuki_ros_interfaces/msg/detail/wheel_drop_event__functions.c
[1.676s] -- Up-to-date: /home/ri-one/ros2_ws/src/install/kobuki_ros_interfaces/include/kobuki_ros_interfaces/kobuki_ros_interfaces/msg/detail/motor_power__type_support.h
[1.678s] -- Up-to-date: /home/ri-one/ros2_ws/src/install/kobuki_ros_interfaces/include/kobuki_ros_interfaces/kobuki_ros_interfaces/msg/detail/wheel_drop_event__type_support.h
[1.678s] -- Up-to-date: /home/ri-one/ros2_ws/src/install/kobuki_ros_interfaces/include/kobuki_ros_interfaces/kobuki_ros_interfaces/msg/detail/bumper_event__struct.h
[1.678s] -- Up-to-date: /home/ri-one/ros2_ws/src/install/kobuki_ros_interfaces/include/kobuki_ros_interfaces/kobuki_ros_interfaces/msg/detail/button_event__struct.h
[1.679s] -- Up-to-date: /home/ri-one/ros2_ws/src/install/kobuki_ros_interfaces/include/kobuki_ros_interfaces/kobuki_ros_interfaces/msg/detail/cliff_event__struct.h
[1.679s] -- Up-to-date: /home/ri-one/ros2_ws/src/install/kobuki_ros_interfaces/include/kobuki_ros_interfaces/kobuki_ros_interfaces/msg/detail/scan_angle__functions.c
[1.679s] -- Up-to-date: /home/ri-one/ros2_ws/src/install/kobuki_ros_interfaces/include/kobuki_ros_interfaces/kobuki_ros_interfaces/msg/detail/external_power__functions.c
[1.679s] -- Up-to-date: /home/ri-one/ros2_ws/src/install/kobuki_ros_interfaces/include/kobuki_ros_interfaces/kobuki_ros_interfaces/msg/detail/digital_input_event__struct.h
[1.679s] -- Up-to-date: /home/ri-one/ros2_ws/src/install/kobuki_ros_interfaces/include/kobuki_ros_interfaces/kobuki_ros_interfaces/msg/detail/sound__functions.c
[1.680s] -- Up-to-date: /home/ri-one/ros2_ws/src/install/kobuki_ros_interfaces/include/kobuki_ros_interfaces/kobuki_ros_interfaces/msg/detail/sensor_state__type_support.h
[1.680s] -- Up-to-date: /home/ri-one/ros2_ws/src/install/kobuki_ros_interfaces/include/kobuki_ros_interfaces/kobuki_ros_interfaces/msg/detail/power_system_event__struct.h
[1.680s] -- Up-to-date: /home/ri-one/ros2_ws/src/install/kobuki_ros_interfaces/include/kobuki_ros_interfaces/kobuki_ros_interfaces/msg/detail/motor_power__struct.h
[1.680s] -- Up-to-date: /home/ri-one/ros2_ws/src/install/kobuki_ros_interfaces/include/kobuki_ros_interfaces/kobuki_ros_interfaces/msg/detail/wheel_drop_event__functions.h
[1.680s] -- Up-to-date: /home/ri-one/ros2_ws/src/install/kobuki_ros_interfaces/include/kobuki_ros_interfaces/kobuki_ros_interfaces/msg/detail/digital_output__functions.c
[1.680s] -- Up-to-date: /home/ri-one/ros2_ws/src/install/kobuki_ros_interfaces/include/kobuki_ros_interfaces/kobuki_ros_interfaces/msg/detail/controller_info__functions.c
[1.681s] -- Up-to-date: /home/ri-one/ros2_ws/src/install/kobuki_ros_interfaces/include/kobuki_ros_interfaces/kobuki_ros_interfaces/msg/detail/keyboard_input__struct.h
[1.683s] -- Up-to-date: /home/ri-one/ros2_ws/src/install/kobuki_ros_interfaces/include/kobuki_ros_interfaces/kobuki_ros_interfaces/msg/detail/controller_info__functions.h
[1.685s] -- Up-to-date: /home/ri-one/ros2_ws/src/install/kobuki_ros_interfaces/include/kobuki_ros_interfaces/kobuki_ros_interfaces/msg/detail/sound__functions.h
[1.685s] -- Up-to-date: /home/ri-one/ros2_ws/src/install/kobuki_ros_interfaces/include/kobuki_ros_interfaces/kobuki_ros_interfaces/msg/detail/button_event__functions.h
[1.685s] -- Up-to-date: /home/ri-one/ros2_ws/src/install/kobuki_ros_interfaces/include/kobuki_ros_interfaces/kobuki_ros_interfaces/msg/detail/sound__struct.h
[1.685s] -- Up-to-date: /home/ri-one/ros2_ws/src/install/kobuki_ros_interfaces/include/kobuki_ros_interfaces/kobuki_ros_interfaces/msg/detail/button_event__type_support.h
[1.685s] -- Up-to-date: /home/ri-one/ros2_ws/src/install/kobuki_ros_interfaces/include/kobuki_ros_interfaces/kobuki_ros_interfaces/msg/detail/power_system_event__functions.c
[1.685s] -- Up-to-date: /home/ri-one/ros2_ws/src/install/kobuki_ros_interfaces/include/kobuki_ros_interfaces/kobuki_ros_interfaces/msg/detail/controller_info__type_support.h
[1.686s] -- Up-to-date: /home/ri-one/ros2_ws/src/install/kobuki_ros_interfaces/include/kobuki_ros_interfaces/kobuki_ros_interfaces/msg/detail/digital_output__struct.h
[1.686s] -- Up-to-date: /home/ri-one/ros2_ws/src/install/kobuki_ros_interfaces/include/kobuki_ros_interfaces/kobuki_ros_interfaces/msg/detail/power_system_event__functions.h
[1.686s] -- Up-to-date: /home/ri-one/ros2_ws/src/install/kobuki_ros_interfaces/include/kobuki_ros_interfaces/kobuki_ros_interfaces/msg/detail/button_event__functions.c
[1.686s] -- Up-to-date: /home/ri-one/ros2_ws/src/install/kobuki_ros_interfaces/include/kobuki_ros_interfaces/kobuki_ros_interfaces/msg/detail/external_power__functions.h
[1.686s] -- Up-to-date: /home/ri-one/ros2_ws/src/install/kobuki_ros_interfaces/include/kobuki_ros_interfaces/kobuki_ros_interfaces/msg/detail/led__type_support.h
[1.686s] -- Up-to-date: /home/ri-one/ros2_ws/src/install/kobuki_ros_interfaces/include/kobuki_ros_interfaces/kobuki_ros_interfaces/msg/detail/cliff_event__type_support.h
[1.687s] -- Up-to-date: /home/ri-one/ros2_ws/src/install/kobuki_ros_interfaces/include/kobuki_ros_interfaces/kobuki_ros_interfaces/msg/detail/controller_info__struct.h
[1.687s] -- Up-to-date: /home/ri-one/ros2_ws/src/install/kobuki_ros_interfaces/include/kobuki_ros_interfaces/kobuki_ros_interfaces/msg/detail/robot_state_event__functions.c
[1.687s] -- Up-to-date: /home/ri-one/ros2_ws/src/install/kobuki_ros_interfaces/include/kobuki_ros_interfaces/kobuki_ros_interfaces/msg/detail/robot_state_event__functions.h
[1.689s] -- Up-to-date: /home/ri-one/ros2_ws/src/install/kobuki_ros_interfaces/include/kobuki_ros_interfaces/kobuki_ros_interfaces/msg/detail/cliff_event__functions.h
[1.689s] -- Up-to-date: /home/ri-one/ros2_ws/src/install/kobuki_ros_interfaces/include/kobuki_ros_interfaces/kobuki_ros_interfaces/msg/detail/scan_angle__type_support.h
[1.691s] -- Up-to-date: /home/ri-one/ros2_ws/src/install/kobuki_ros_interfaces/include/kobuki_ros_interfaces/kobuki_ros_interfaces/msg/detail/motor_power__functions.h
[1.691s] -- Up-to-date: /home/ri-one/ros2_ws/src/install/kobuki_ros_interfaces/include/kobuki_ros_interfaces/kobuki_ros_interfaces/msg/detail/power_system_event__type_support.h
[1.691s] -- Up-to-date: /home/ri-one/ros2_ws/src/install/kobuki_ros_interfaces/include/kobuki_ros_interfaces/kobuki_ros_interfaces/msg/detail/dock_infra_red__struct.h
[1.692s] -- Up-to-date: /home/ri-one/ros2_ws/src/install/kobuki_ros_interfaces/include/kobuki_ros_interfaces/kobuki_ros_interfaces/msg/detail/scan_angle__struct.h
[1.692s] -- Up-to-date: /home/ri-one/ros2_ws/src/install/kobuki_ros_interfaces/include/kobuki_ros_interfaces/kobuki_ros_interfaces/msg/detail/motor_power__functions.c
[1.692s] -- Up-to-date: /home/ri-one/ros2_ws/src/install/kobuki_ros_interfaces/include/kobuki_ros_interfaces/kobuki_ros_interfaces/msg/detail/keyboard_input__functions.h
[1.692s] -- Up-to-date: /home/ri-one/ros2_ws/src/install/kobuki_ros_interfaces/include/kobuki_ros_interfaces/kobuki_ros_interfaces/msg/detail/bumper_event__functions.c
[1.692s] -- Up-to-date: /home/ri-one/ros2_ws/src/install/kobuki_ros_interfaces/include/kobuki_ros_interfaces/kobuki_ros_interfaces/msg/detail/sensor_state__functions.h
[1.692s] -- Up-to-date: /home/ri-one/ros2_ws/src/install/kobuki_ros_interfaces/include/kobuki_ros_interfaces/kobuki_ros_interfaces/msg/detail/keyboard_input__type_support.h
[1.692s] -- Up-to-date: /home/ri-one/ros2_ws/src/install/kobuki_ros_interfaces/include/kobuki_ros_interfaces/kobuki_ros_interfaces/msg/detail/version_info__type_support.h
[1.693s] -- Up-to-date: /home/ri-one/ros2_ws/src/install/kobuki_ros_interfaces/include/kobuki_ros_interfaces/kobuki_ros_interfaces/msg/detail/external_power__struct.h
[1.693s] -- Up-to-date: /home/ri-one/ros2_ws/src/install/kobuki_ros_interfaces/include/kobuki_ros_interfaces/kobuki_ros_interfaces/msg/detail/digital_input_event__functions.h
[1.694s] -- Up-to-date: /home/ri-one/ros2_ws/src/install/kobuki_ros_interfaces/include/kobuki_ros_interfaces/kobuki_ros_interfaces/msg/detail/digital_output__type_support.h
[1.694s] -- Up-to-date: /home/ri-one/ros2_ws/src/install/kobuki_ros_interfaces/include/kobuki_ros_interfaces/kobuki_ros_interfaces/msg/detail/bumper_event__functions.h
[1.694s] -- Up-to-date: /home/ri-one/ros2_ws/src/install/kobuki_ros_interfaces/include/kobuki_ros_interfaces/kobuki_ros_interfaces/msg/detail/dock_infra_red__functions.h
[1.695s] -- Up-to-date: /home/ri-one/ros2_ws/src/install/kobuki_ros_interfaces/include/kobuki_ros_interfaces/kobuki_ros_interfaces/msg/detail/led__functions.c
[1.695s] -- Up-to-date: /home/ri-one/ros2_ws/src/install/kobuki_ros_interfaces/include/kobuki_ros_interfaces/kobuki_ros_interfaces/msg/detail/robot_state_event__type_support.h
[1.695s] -- Up-to-date: /home/ri-one/ros2_ws/src/install/kobuki_ros_interfaces/include/kobuki_ros_interfaces/kobuki_ros_interfaces/msg/detail/bumper_event__type_support.h
[1.695s] -- Up-to-date: /home/ri-one/ros2_ws/src/install/kobuki_ros_interfaces/include/kobuki_ros_interfaces/kobuki_ros_interfaces/msg/detail/version_info__functions.h
[1.695s] -- Up-to-date: /home/ri-one/ros2_ws/src/install/kobuki_ros_interfaces/include/kobuki_ros_interfaces/kobuki_ros_interfaces/msg/detail/led__struct.h
[1.696s] -- Up-to-date: /home/ri-one/ros2_ws/src/install/kobuki_ros_interfaces/include/kobuki_ros_interfaces/kobuki_ros_interfaces/msg/detail/scan_angle__functions.h
[1.699s] -- Up-to-date: /home/ri-one/ros2_ws/src/install/kobuki_ros_interfaces/include/kobuki_ros_interfaces/kobuki_ros_interfaces/msg/detail/wheel_drop_event__struct.h
[1.699s] -- Up-to-date: /home/ri-one/ros2_ws/src/install/kobuki_ros_interfaces/include/kobuki_ros_interfaces/kobuki_ros_interfaces/msg/detail/robot_state_event__struct.h
[1.699s] -- Up-to-date: /home/ri-one/ros2_ws/src/install/kobuki_ros_interfaces/include/kobuki_ros_interfaces/kobuki_ros_interfaces/msg/led.h
[1.699s] -- Up-to-date: /home/ri-one/ros2_ws/src/install/kobuki_ros_interfaces/include/kobuki_ros_interfaces/kobuki_ros_interfaces/msg/bumper_event.h
[1.701s] -- Up-to-date: /home/ri-one/ros2_ws/src/install/kobuki_ros_interfaces/include/kobuki_ros_interfaces/kobuki_ros_interfaces/msg/scan_angle.h
[1.701s] -- Up-to-date: /home/ri-one/ros2_ws/src/install/kobuki_ros_interfaces/include/kobuki_ros_interfaces/kobuki_ros_interfaces/msg/controller_info.h
[1.701s] -- Up-to-date: /home/ri-one/ros2_ws/src/install/kobuki_ros_interfaces/include/kobuki_ros_interfaces/kobuki_ros_interfaces/msg/power_system_event.h
[1.701s] -- Up-to-date: /home/ri-one/ros2_ws/src/install/kobuki_ros_interfaces/include/kobuki_ros_interfaces/kobuki_ros_interfaces/msg/version_info.h
[1.702s] -- Up-to-date: /home/ri-one/ros2_ws/src/install/kobuki_ros_interfaces/include/kobuki_ros_interfaces/kobuki_ros_interfaces/msg/external_power.h
[1.702s] -- Up-to-date: /home/ri-one/ros2_ws/src/install/kobuki_ros_interfaces/include/kobuki_ros_interfaces/kobuki_ros_interfaces/msg/button_event.h
[1.703s] -- Up-to-date: /home/ri-one/ros2_ws/src/install/kobuki_ros_interfaces/include/kobuki_ros_interfaces/kobuki_ros_interfaces/msg/rosidl_generator_c__visibility_control.h
[1.704s] -- Up-to-date: /home/ri-one/ros2_ws/src/install/kobuki_ros_interfaces/include/kobuki_ros_interfaces/kobuki_ros_interfaces/msg/digital_output.h
[1.707s] -- Up-to-date: /home/ri-one/ros2_ws/src/install/kobuki_ros_interfaces/include/kobuki_ros_interfaces/kobuki_ros_interfaces/msg/digital_input_event.h
[1.707s] -- Up-to-date: /home/ri-one/ros2_ws/src/install/kobuki_ros_interfaces/include/kobuki_ros_interfaces/kobuki_ros_interfaces/msg/sensor_state.h
[1.707s] -- Up-to-date: /home/ri-one/ros2_ws/src/install/kobuki_ros_interfaces/include/kobuki_ros_interfaces/kobuki_ros_interfaces/msg/wheel_drop_event.h
[1.708s] -- Up-to-date: /home/ri-one/ros2_ws/src/install/kobuki_ros_interfaces/include/kobuki_ros_interfaces/kobuki_ros_interfaces/msg/sound.h
[1.708s] -- Up-to-date: /home/ri-one/ros2_ws/src/install/kobuki_ros_interfaces/include/kobuki_ros_interfaces/kobuki_ros_interfaces/msg/cliff_event.h
[1.708s] -- Up-to-date: /home/ri-one/ros2_ws/src/install/kobuki_ros_interfaces/include/kobuki_ros_interfaces/kobuki_ros_interfaces/action
[1.708s] -- Up-to-date: /home/ri-one/ros2_ws/src/install/kobuki_ros_interfaces/include/kobuki_ros_interfaces/kobuki_ros_interfaces/action/auto_docking.h
[1.709s] -- Up-to-date: /home/ri-one/ros2_ws/src/install/kobuki_ros_interfaces/include/kobuki_ros_interfaces/kobuki_ros_interfaces/action/detail
[1.709s] -- Up-to-date: /home/ri-one/ros2_ws/src/install/kobuki_ros_interfaces/include/kobuki_ros_interfaces/kobuki_ros_interfaces/action/detail/auto_docking__functions.c
[1.709s] -- Up-to-date: /home/ri-one/ros2_ws/src/install/kobuki_ros_interfaces/include/kobuki_ros_interfaces/kobuki_ros_interfaces/action/detail/auto_docking__functions.h
[1.709s] -- Up-to-date: /home/ri-one/ros2_ws/src/install/kobuki_ros_interfaces/include/kobuki_ros_interfaces/kobuki_ros_interfaces/action/detail/auto_docking__struct.h
[1.709s] -- Up-to-date: /home/ri-one/ros2_ws/src/install/kobuki_ros_interfaces/include/kobuki_ros_interfaces/kobuki_ros_interfaces/action/detail/auto_docking__type_support.h
[1.709s] -- Up-to-date: /home/ri-one/ros2_ws/src/install/kobuki_ros_interfaces/share/kobuki_ros_interfaces/environment/library_path.sh
[1.710s] -- Up-to-date: /home/ri-one/ros2_ws/src/install/kobuki_ros_interfaces/share/kobuki_ros_interfaces/environment/library_path.dsv
[1.710s] -- Up-to-date: /home/ri-one/ros2_ws/src/install/kobuki_ros_interfaces/lib/libkobuki_ros_interfaces__rosidl_generator_c.so
[1.710s] -- Up-to-date: /home/ri-one/ros2_ws/src/install/kobuki_ros_interfaces/include/kobuki_ros_interfaces/kobuki_ros_interfaces
[1.712s] -- Up-to-date: /home/ri-one/ros2_ws/src/install/kobuki_ros_interfaces/include/kobuki_ros_interfaces/kobuki_ros_interfaces/msg
[1.712s] -- Up-to-date: /home/ri-one/ros2_ws/src/install/kobuki_ros_interfaces/include/kobuki_ros_interfaces/kobuki_ros_interfaces/msg/detail
[1.712s] -- Up-to-date: /home/ri-one/ros2_ws/src/install/kobuki_ros_interfaces/include/kobuki_ros_interfaces/kobuki_ros_interfaces/msg/detail/keyboard_input__rosidl_typesupport_fastrtps_c.h
[1.713s] -- Up-to-date: /home/ri-one/ros2_ws/src/install/kobuki_ros_interfaces/include/kobuki_ros_interfaces/kobuki_ros_interfaces/msg/detail/digital_output__rosidl_typesupport_fastrtps_c.h
[1.713s] -- Up-to-date: /home/ri-one/ros2_ws/src/install/kobuki_ros_interfaces/include/kobuki_ros_interfaces/kobuki_ros_interfaces/msg/detail/scan_angle__rosidl_typesupport_fastrtps_c.h
[1.713s] -- Up-to-date: /home/ri-one/ros2_ws/src/install/kobuki_ros_interfaces/include/kobuki_ros_interfaces/kobuki_ros_interfaces/msg/detail/controller_info__rosidl_typesupport_fastrtps_c.h
[1.713s] -- Up-to-date: /home/ri-one/ros2_ws/src/install/kobuki_ros_interfaces/include/kobuki_ros_interfaces/kobuki_ros_interfaces/msg/detail/version_info__rosidl_typesupport_fastrtps_c.h
[1.713s] -- Up-to-date: /home/ri-one/ros2_ws/src/install/kobuki_ros_interfaces/include/kobuki_ros_interfaces/kobuki_ros_interfaces/msg/detail/sound__rosidl_typesupport_fastrtps_c.h
[1.714s] -- Up-to-date: /home/ri-one/ros2_ws/src/install/kobuki_ros_interfaces/include/kobuki_ros_interfaces/kobuki_ros_interfaces/msg/detail/digital_input_event__rosidl_typesupport_fastrtps_c.h
[1.714s] -- Up-to-date: /home/ri-one/ros2_ws/src/install/kobuki_ros_interfaces/include/kobuki_ros_interfaces/kobuki_ros_interfaces/msg/detail/external_power__rosidl_typesupport_fastrtps_c.h
[1.714s] -- Up-to-date: /home/ri-one/ros2_ws/src/install/kobuki_ros_interfaces/include/kobuki_ros_interfaces/kobuki_ros_interfaces/msg/detail/power_system_event__rosidl_typesupport_fastrtps_c.h
[1.714s] -- Up-to-date: /home/ri-one/ros2_ws/src/install/kobuki_ros_interfaces/include/kobuki_ros_interfaces/kobuki_ros_interfaces/msg/detail/wheel_drop_event__rosidl_typesupport_fastrtps_c.h
[1.715s] -- Up-to-date: /home/ri-one/ros2_ws/src/install/kobuki_ros_interfaces/include/kobuki_ros_interfaces/kobuki_ros_interfaces/msg/detail/bumper_event__rosidl_typesupport_fastrtps_c.h
[1.715s] -- Up-to-date: /home/ri-one/ros2_ws/src/install/kobuki_ros_interfaces/include/kobuki_ros_interfaces/kobuki_ros_interfaces/msg/detail/cliff_event__rosidl_typesupport_fastrtps_c.h
[1.715s] -- Up-to-date: /home/ri-one/ros2_ws/src/install/kobuki_ros_interfaces/include/kobuki_ros_interfaces/kobuki_ros_interfaces/msg/detail/sensor_state__rosidl_typesupport_fastrtps_c.h
[1.716s] -- Up-to-date: /home/ri-one/ros2_ws/src/install/kobuki_ros_interfaces/include/kobuki_ros_interfaces/kobuki_ros_interfaces/msg/detail/robot_state_event__rosidl_typesupport_fastrtps_c.h
[1.716s] -- Up-to-date: /home/ri-one/ros2_ws/src/install/kobuki_ros_interfaces/include/kobuki_ros_interfaces/kobuki_ros_interfaces/msg/detail/dock_infra_red__rosidl_typesupport_fastrtps_c.h
[1.717s] -- Up-to-date: /home/ri-one/ros2_ws/src/install/kobuki_ros_interfaces/include/kobuki_ros_interfaces/kobuki_ros_interfaces/msg/detail/led__rosidl_typesupport_fastrtps_c.h
[1.718s] -- Up-to-date: /home/ri-one/ros2_ws/src/install/kobuki_ros_interfaces/include/kobuki_ros_interfaces/kobuki_ros_interfaces/msg/detail/motor_power__rosidl_typesupport_fastrtps_c.h
[1.718s] -- Up-to-date: /home/ri-one/ros2_ws/src/install/kobuki_ros_interfaces/include/kobuki_ros_interfaces/kobuki_ros_interfaces/msg/detail/button_event__rosidl_typesupport_fastrtps_c.h
[1.719s] -- Up-to-date: /home/ri-one/ros2_ws/src/install/kobuki_ros_interfaces/include/kobuki_ros_interfaces/kobuki_ros_interfaces/msg/rosidl_typesupport_fastrtps_c__visibility_control.h
[1.719s] -- Up-to-date: /home/ri-one/ros2_ws/src/install/kobuki_ros_interfaces/include/kobuki_ros_interfaces/kobuki_ros_interfaces/action
[1.719s] -- Up-to-date: /home/ri-one/ros2_ws/src/install/kobuki_ros_interfaces/include/kobuki_ros_interfaces/kobuki_ros_interfaces/action/detail
[1.719s] -- Up-to-date: /home/ri-one/ros2_ws/src/install/kobuki_ros_interfaces/include/kobuki_ros_interfaces/kobuki_ros_interfaces/action/detail/auto_docking__rosidl_typesupport_fastrtps_c.h
[1.719s] -- Up-to-date: /home/ri-one/ros2_ws/src/install/kobuki_ros_interfaces/lib/libkobuki_ros_interfaces__rosidl_typesupport_fastrtps_c.so
[1.719s] -- Up-to-date: /home/ri-one/ros2_ws/src/install/kobuki_ros_interfaces/include/kobuki_ros_interfaces/kobuki_ros_interfaces
[1.719s] -- Up-to-date: /home/ri-one/ros2_ws/src/install/kobuki_ros_interfaces/include/kobuki_ros_interfaces/kobuki_ros_interfaces/msg
[1.720s] -- Up-to-date: /home/ri-one/ros2_ws/src/install/kobuki_ros_interfaces/include/kobuki_ros_interfaces/kobuki_ros_interfaces/msg/digital_input_event.hpp
[1.720s] -- Up-to-date: /home/ri-one/ros2_ws/src/install/kobuki_ros_interfaces/include/kobuki_ros_interfaces/kobuki_ros_interfaces/msg/power_system_event.hpp
[1.720s] -- Up-to-date: /home/ri-one/ros2_ws/src/install/kobuki_ros_interfaces/include/kobuki_ros_interfaces/kobuki_ros_interfaces/msg/button_event.hpp
[1.720s] -- Up-to-date: /home/ri-one/ros2_ws/src/install/kobuki_ros_interfaces/include/kobuki_ros_interfaces/kobuki_ros_interfaces/msg/external_power.hpp
[1.720s] -- Up-to-date: /home/ri-one/ros2_ws/src/install/kobuki_ros_interfaces/include/kobuki_ros_interfaces/kobuki_ros_interfaces/msg/digital_output.hpp
[1.721s] -- Up-to-date: /home/ri-one/ros2_ws/src/install/kobuki_ros_interfaces/include/kobuki_ros_interfaces/kobuki_ros_interfaces/msg/bumper_event.hpp
[1.721s] -- Up-to-date: /home/ri-one/ros2_ws/src/install/kobuki_ros_interfaces/include/kobuki_ros_interfaces/kobuki_ros_interfaces/msg/led.hpp
[1.721s] -- Up-to-date: /home/ri-one/ros2_ws/src/install/kobuki_ros_interfaces/include/kobuki_ros_interfaces/kobuki_ros_interfaces/msg/detail
[1.721s] -- Up-to-date: /home/ri-one/ros2_ws/src/install/kobuki_ros_interfaces/include/kobuki_ros_interfaces/kobuki_ros_interfaces/msg/detail/dock_infra_red__builder.hpp
[1.722s] -- Up-to-date: /home/ri-one/ros2_ws/src/install/kobuki_ros_interfaces/include/kobuki_ros_interfaces/kobuki_ros_interfaces/msg/detail/sound__type_support.hpp
[1.722s] -- Up-to-date: /home/ri-one/ros2_ws/src/install/kobuki_ros_interfaces/include/kobuki_ros_interfaces/kobuki_ros_interfaces/msg/detail/external_power__struct.hpp
[1.722s] -- Up-to-date: /home/ri-one/ros2_ws/src/install/kobuki_ros_interfaces/include/kobuki_ros_interfaces/kobuki_ros_interfaces/msg/detail/keyboard_input__type_support.hpp
[1.722s] -- Up-to-date: /home/ri-one/ros2_ws/src/install/kobuki_ros_interfaces/include/kobuki_ros_interfaces/kobuki_ros_interfaces/msg/detail/wheel_drop_event__struct.hpp
[1.722s] -- Up-to-date: /home/ri-one/ros2_ws/src/install/kobuki_ros_interfaces/include/kobuki_ros_interfaces/kobuki_ros_interfaces/msg/detail/motor_power__struct.hpp
[1.723s] -- Up-to-date: /home/ri-one/ros2_ws/src/install/kobuki_ros_interfaces/include/kobuki_ros_interfaces/kobuki_ros_interfaces/msg/detail/digital_input_event__struct.hpp
[1.723s] -- Up-to-date: /home/ri-one/ros2_ws/src/install/kobuki_ros_interfaces/include/kobuki_ros_interfaces/kobuki_ros_interfaces/msg/detail/controller_info__builder.hpp
[1.726s] -- Up-to-date: /home/ri-one/ros2_ws/src/install/kobuki_ros_interfaces/include/kobuki_ros_interfaces/kobuki_ros_interfaces/msg/detail/version_info__struct.hpp
[1.726s] -- Up-to-date: /home/ri-one/ros2_ws/src/install/kobuki_ros_interfaces/include/kobuki_ros_interfaces/kobuki_ros_interfaces/msg/detail/scan_angle__struct.hpp
[1.726s] -- Up-to-date: /home/ri-one/ros2_ws/src/install/kobuki_ros_interfaces/include/kobuki_ros_interfaces/kobuki_ros_interfaces/msg/detail/robot_state_event__traits.hpp
[1.726s] -- Up-to-date: /home/ri-one/ros2_ws/src/install/kobuki_ros_interfaces/include/kobuki_ros_interfaces/kobuki_ros_interfaces/msg/detail/cliff_event__type_support.hpp
[1.727s] -- Up-to-date: /home/ri-one/ros2_ws/src/install/kobuki_ros_interfaces/include/kobuki_ros_interfaces/kobuki_ros_interfaces/msg/detail/external_power__traits.hpp
[1.727s] -- Up-to-date: /home/ri-one/ros2_ws/src/install/kobuki_ros_interfaces/include/kobuki_ros_interfaces/kobuki_ros_interfaces/msg/detail/scan_angle__type_support.hpp
[1.727s] -- Up-to-date: /home/ri-one/ros2_ws/src/install/kobuki_ros_interfaces/include/kobuki_ros_interfaces/kobuki_ros_interfaces/msg/detail/digital_input_event__type_support.hpp
[1.727s] -- Up-to-date: /home/ri-one/ros2_ws/src/install/kobuki_ros_interfaces/include/kobuki_ros_interfaces/kobuki_ros_interfaces/msg/detail/version_info__builder.hpp
[1.727s] -- Up-to-date: /home/ri-one/ros2_ws/src/install/kobuki_ros_interfaces/include/kobuki_ros_interfaces/kobuki_ros_interfaces/msg/detail/robot_state_event__builder.hpp
[1.728s] -- Up-to-date: /home/ri-one/ros2_ws/src/install/kobuki_ros_interfaces/include/kobuki_ros_interfaces/kobuki_ros_interfaces/msg/detail/bumper_event__type_support.hpp
[1.728s] -- Up-to-date: /home/ri-one/ros2_ws/src/install/kobuki_ros_interfaces/include/kobuki_ros_interfaces/kobuki_ros_interfaces/msg/detail/scan_angle__traits.hpp
[1.728s] -- Up-to-date: /home/ri-one/ros2_ws/src/install/kobuki_ros_interfaces/include/kobuki_ros_interfaces/kobuki_ros_interfaces/msg/detail/led__builder.hpp
[1.728s] -- Up-to-date: /home/ri-one/ros2_ws/src/install/kobuki_ros_interfaces/include/kobuki_ros_interfaces/kobuki_ros_interfaces/msg/detail/button_event__traits.hpp
[1.728s] -- Up-to-date: /home/ri-one/ros2_ws/src/install/kobuki_ros_interfaces/include/kobuki_ros_interfaces/kobuki_ros_interfaces/msg/detail/power_system_event__traits.hpp
[1.728s] -- Up-to-date: /home/ri-one/ros2_ws/src/install/kobuki_ros_interfaces/include/kobuki_ros_interfaces/kobuki_ros_interfaces/msg/detail/led__struct.hpp
[1.729s] -- Up-to-date: /home/ri-one/ros2_ws/src/install/kobuki_ros_interfaces/include/kobuki_ros_interfaces/kobuki_ros_interfaces/msg/detail/dock_infra_red__struct.hpp
[1.729s] -- Up-to-date: /home/ri-one/ros2_ws/src/install/kobuki_ros_interfaces/include/kobuki_ros_interfaces/kobuki_ros_interfaces/msg/detail/motor_power__builder.hpp
[1.731s] -- Up-to-date: /home/ri-one/ros2_ws/src/install/kobuki_ros_interfaces/include/kobuki_ros_interfaces/kobuki_ros_interfaces/msg/detail/sensor_state__type_support.hpp
[1.732s] -- Up-to-date: /home/ri-one/ros2_ws/src/install/kobuki_ros_interfaces/include/kobuki_ros_interfaces/kobuki_ros_interfaces/msg/detail/sensor_state__traits.hpp
[1.732s] -- Up-to-date: /home/ri-one/ros2_ws/src/install/kobuki_ros_interfaces/include/kobuki_ros_interfaces/kobuki_ros_interfaces/msg/detail/button_event__struct.hpp
[1.732s] -- Up-to-date: /home/ri-one/ros2_ws/src/install/kobuki_ros_interfaces/include/kobuki_ros_interfaces/kobuki_ros_interfaces/msg/detail/controller_info__struct.hpp
[1.732s] -- Up-to-date: /home/ri-one/ros2_ws/src/install/kobuki_ros_interfaces/include/kobuki_ros_interfaces/kobuki_ros_interfaces/msg/detail/digital_output__traits.hpp
[1.732s] -- Up-to-date: /home/ri-one/ros2_ws/src/install/kobuki_ros_interfaces/include/kobuki_ros_interfaces/kobuki_ros_interfaces/msg/detail/motor_power__traits.hpp
[1.733s] -- Up-to-date: /home/ri-one/ros2_ws/src/install/kobuki_ros_interfaces/include/kobuki_ros_interfaces/kobuki_ros_interfaces/msg/detail/button_event__builder.hpp
[1.733s] -- Up-to-date: /home/ri-one/ros2_ws/src/install/kobuki_ros_interfaces/include/kobuki_ros_interfaces/kobuki_ros_interfaces/msg/detail/digital_output__builder.hpp
[1.733s] -- Up-to-date: /home/ri-one/ros2_ws/src/install/kobuki_ros_interfaces/include/kobuki_ros_interfaces/kobuki_ros_interfaces/msg/detail/wheel_drop_event__builder.hpp
[1.733s] -- Up-to-date: /home/ri-one/ros2_ws/src/install/kobuki_ros_interfaces/include/kobuki_ros_interfaces/kobuki_ros_interfaces/msg/detail/robot_state_event__type_support.hpp
[1.733s] -- Up-to-date: /home/ri-one/ros2_ws/src/install/kobuki_ros_interfaces/include/kobuki_ros_interfaces/kobuki_ros_interfaces/msg/detail/keyboard_input__builder.hpp
[1.733s] -- Up-to-date: /home/ri-one/ros2_ws/src/install/kobuki_ros_interfaces/include/kobuki_ros_interfaces/kobuki_ros_interfaces/msg/detail/dock_infra_red__type_support.hpp
[1.734s] -- Up-to-date: /home/ri-one/ros2_ws/src/install/kobuki_ros_interfaces/include/kobuki_ros_interfaces/kobuki_ros_interfaces/msg/detail/motor_power__type_support.hpp
[1.734s] -- Up-to-date: /home/ri-one/ros2_ws/src/install/kobuki_ros_interfaces/include/kobuki_ros_interfaces/kobuki_ros_interfaces/msg/detail/sound__builder.hpp
[1.735s] -- Up-to-date: /home/ri-one/ros2_ws/src/install/kobuki_ros_interfaces/include/kobuki_ros_interfaces/kobuki_ros_interfaces/msg/detail/cliff_event__struct.hpp
[1.735s] -- Up-to-date: /home/ri-one/ros2_ws/src/install/kobuki_ros_interfaces/include/kobuki_ros_interfaces/kobuki_ros_interfaces/msg/detail/keyboard_input__traits.hpp
[1.735s] -- Up-to-date: /home/ri-one/ros2_ws/src/install/kobuki_ros_interfaces/include/kobuki_ros_interfaces/kobuki_ros_interfaces/msg/detail/keyboard_input__struct.hpp
[1.735s] -- Up-to-date: /home/ri-one/ros2_ws/src/install/kobuki_ros_interfaces/include/kobuki_ros_interfaces/kobuki_ros_interfaces/msg/detail/digital_input_event__builder.hpp
[1.736s] -- Up-to-date: /home/ri-one/ros2_ws/src/install/kobuki_ros_interfaces/include/kobuki_ros_interfaces/kobuki_ros_interfaces/msg/detail/led__type_support.hpp
[1.736s] -- Up-to-date: /home/ri-one/ros2_ws/src/install/kobuki_ros_interfaces/include/kobuki_ros_interfaces/kobuki_ros_interfaces/msg/detail/sound__traits.hpp
[1.736s] -- Up-to-date: /home/ri-one/ros2_ws/src/install/kobuki_ros_interfaces/include/kobuki_ros_interfaces/kobuki_ros_interfaces/msg/detail/power_system_event__struct.hpp
[1.737s] -- Up-to-date: /home/ri-one/ros2_ws/src/install/kobuki_ros_interfaces/include/kobuki_ros_interfaces/kobuki_ros_interfaces/msg/detail/external_power__type_support.hpp
[1.737s] -- Up-to-date: /home/ri-one/ros2_ws/src/install/kobuki_ros_interfaces/include/kobuki_ros_interfaces/kobuki_ros_interfaces/msg/detail/bumper_event__struct.hpp
[1.738s] -- Up-to-date: /home/ri-one/ros2_ws/src/install/kobuki_ros_interfaces/include/kobuki_ros_interfaces/kobuki_ros_interfaces/msg/detail/external_power__builder.hpp
[1.738s] -- Up-to-date: /home/ri-one/ros2_ws/src/install/kobuki_ros_interfaces/include/kobuki_ros_interfaces/kobuki_ros_interfaces/msg/detail/sensor_state__builder.hpp
[1.738s] -- Up-to-date: /home/ri-one/ros2_ws/src/install/kobuki_ros_interfaces/include/kobuki_ros_interfaces/kobuki_ros_interfaces/msg/detail/button_event__type_support.hpp
[1.738s] -- Up-to-date: /home/ri-one/ros2_ws/src/install/kobuki_ros_interfaces/include/kobuki_ros_interfaces/kobuki_ros_interfaces/msg/detail/controller_info__type_support.hpp
[1.739s] -- Up-to-date: /home/ri-one/ros2_ws/src/install/kobuki_ros_interfaces/include/kobuki_ros_interfaces/kobuki_ros_interfaces/msg/detail/version_info__traits.hpp
[1.739s] -- Up-to-date: /home/ri-one/ros2_ws/src/install/kobuki_ros_interfaces/include/kobuki_ros_interfaces/kobuki_ros_interfaces/msg/detail/bumper_event__traits.hpp
[1.739s] -- Up-to-date: /home/ri-one/ros2_ws/src/install/kobuki_ros_interfaces/include/kobuki_ros_interfaces/kobuki_ros_interfaces/msg/detail/wheel_drop_event__traits.hpp
[1.739s] -- Up-to-date: /home/ri-one/ros2_ws/src/install/kobuki_ros_interfaces/include/kobuki_ros_interfaces/kobuki_ros_interfaces/msg/detail/robot_state_event__struct.hpp
[1.739s] -- Up-to-date: /home/ri-one/ros2_ws/src/install/kobuki_ros_interfaces/include/kobuki_ros_interfaces/kobuki_ros_interfaces/msg/detail/power_system_event__type_support.hpp
[1.739s] -- Up-to-date: /home/ri-one/ros2_ws/src/install/kobuki_ros_interfaces/include/kobuki_ros_interfaces/kobuki_ros_interfaces/msg/detail/cliff_event__builder.hpp
[1.740s] -- Up-to-date: /home/ri-one/ros2_ws/src/install/kobuki_ros_interfaces/include/kobuki_ros_interfaces/kobuki_ros_interfaces/msg/detail/controller_info__traits.hpp
[1.740s] -- Up-to-date: /home/ri-one/ros2_ws/src/install/kobuki_ros_interfaces/include/kobuki_ros_interfaces/kobuki_ros_interfaces/msg/detail/sound__struct.hpp
[1.740s] -- Up-to-date: /home/ri-one/ros2_ws/src/install/kobuki_ros_interfaces/include/kobuki_ros_interfaces/kobuki_ros_interfaces/msg/detail/sensor_state__struct.hpp
[1.740s] -- Up-to-date: /home/ri-one/ros2_ws/src/install/kobuki_ros_interfaces/include/kobuki_ros_interfaces/kobuki_ros_interfaces/msg/detail/bumper_event__builder.hpp
[1.741s] -- Up-to-date: /home/ri-one/ros2_ws/src/install/kobuki_ros_interfaces/include/kobuki_ros_interfaces/kobuki_ros_interfaces/msg/detail/digital_input_event__traits.hpp
[1.741s] -- Up-to-date: /home/ri-one/ros2_ws/src/install/kobuki_ros_interfaces/include/kobuki_ros_interfaces/kobuki_ros_interfaces/msg/detail/wheel_drop_event__type_support.hpp
[1.742s] -- Up-to-date: /home/ri-one/ros2_ws/src/install/kobuki_ros_interfaces/include/kobuki_ros_interfaces/kobuki_ros_interfaces/msg/detail/version_info__type_support.hpp
[1.742s] -- Up-to-date: /home/ri-one/ros2_ws/src/install/kobuki_ros_interfaces/include/kobuki_ros_interfaces/kobuki_ros_interfaces/msg/detail/scan_angle__builder.hpp
[1.743s] -- Up-to-date: /home/ri-one/ros2_ws/src/install/kobuki_ros_interfaces/include/kobuki_ros_interfaces/kobuki_ros_interfaces/msg/detail/power_system_event__builder.hpp
[1.743s] -- Up-to-date: /home/ri-one/ros2_ws/src/install/kobuki_ros_interfaces/include/kobuki_ros_interfaces/kobuki_ros_interfaces/msg/detail/digital_output__type_support.hpp
[1.743s] -- Up-to-date: /home/ri-one/ros2_ws/src/install/kobuki_ros_interfaces/include/kobuki_ros_interfaces/kobuki_ros_interfaces/msg/detail/dock_infra_red__traits.hpp
[1.743s] -- Up-to-date: /home/ri-one/ros2_ws/src/install/kobuki_ros_interfaces/include/kobuki_ros_interfaces/kobuki_ros_interfaces/msg/detail/led__traits.hpp
[1.743s] -- Up-to-date: /home/ri-one/ros2_ws/src/install/kobuki_ros_interfaces/include/kobuki_ros_interfaces/kobuki_ros_interfaces/msg/detail/digital_output__struct.hpp
[1.744s] -- Up-to-date: /home/ri-one/ros2_ws/src/install/kobuki_ros_interfaces/include/kobuki_ros_interfaces/kobuki_ros_interfaces/msg/detail/cliff_event__traits.hpp
[1.744s] -- Up-to-date: /home/ri-one/ros2_ws/src/install/kobuki_ros_interfaces/include/kobuki_ros_interfaces/kobuki_ros_interfaces/msg/scan_angle.hpp
[1.744s] -- Up-to-date: /home/ri-one/ros2_ws/src/install/kobuki_ros_interfaces/include/kobuki_ros_interfaces/kobuki_ros_interfaces/msg/keyboard_input.hpp
[1.744s] -- Up-to-date: /home/ri-one/ros2_ws/src/install/kobuki_ros_interfaces/include/kobuki_ros_interfaces/kobuki_ros_interfaces/msg/sensor_state.hpp
[1.744s] -- Up-to-date: /home/ri-one/ros2_ws/src/install/kobuki_ros_interfaces/include/kobuki_ros_interfaces/kobuki_ros_interfaces/msg/sound.hpp
[1.744s] -- Up-to-date: /home/ri-one/ros2_ws/src/install/kobuki_ros_interfaces/include/kobuki_ros_interfaces/kobuki_ros_interfaces/msg/motor_power.hpp
[1.745s] -- Up-to-date: /home/ri-one/ros2_ws/src/install/kobuki_ros_interfaces/include/kobuki_ros_interfaces/kobuki_ros_interfaces/msg/controller_info.hpp
[1.745s] -- Up-to-date: /home/ri-one/ros2_ws/src/install/kobuki_ros_interfaces/include/kobuki_ros_interfaces/kobuki_ros_interfaces/msg/wheel_drop_event.hpp
[1.745s] -- Up-to-date: /home/ri-one/ros2_ws/src/install/kobuki_ros_interfaces/include/kobuki_ros_interfaces/kobuki_ros_interfaces/msg/rosidl_generator_cpp__visibility_control.hpp
[1.745s] -- Up-to-date: /home/ri-one/ros2_ws/src/install/kobuki_ros_interfaces/include/kobuki_ros_interfaces/kobuki_ros_interfaces/msg/robot_state_event.hpp
[1.745s] -- Up-to-date: /home/ri-one/ros2_ws/src/install/kobuki_ros_interfaces/include/kobuki_ros_interfaces/kobuki_ros_interfaces/msg/cliff_event.hpp
[1.746s] -- Up-to-date: /home/ri-one/ros2_ws/src/install/kobuki_ros_interfaces/include/kobuki_ros_interfaces/kobuki_ros_interfaces/msg/version_info.hpp
[1.746s] -- Up-to-date: /home/ri-one/ros2_ws/src/install/kobuki_ros_interfaces/include/kobuki_ros_interfaces/kobuki_ros_interfaces/msg/dock_infra_red.hpp
[1.747s] -- Up-to-date: /home/ri-one/ros2_ws/src/install/kobuki_ros_interfaces/include/kobuki_ros_interfaces/kobuki_ros_interfaces/action
[1.747s] -- Up-to-date: /home/ri-one/ros2_ws/src/install/kobuki_ros_interfaces/include/kobuki_ros_interfaces/kobuki_ros_interfaces/action/detail
[1.747s] -- Up-to-date: /home/ri-one/ros2_ws/src/install/kobuki_ros_interfaces/include/kobuki_ros_interfaces/kobuki_ros_interfaces/action/detail/auto_docking__builder.hpp
[1.747s] -- Up-to-date: /home/ri-one/ros2_ws/src/install/kobuki_ros_interfaces/include/kobuki_ros_interfaces/kobuki_ros_interfaces/action/detail/auto_docking__type_support.hpp
[1.748s] -- Up-to-date: /home/ri-one/ros2_ws/src/install/kobuki_ros_interfaces/include/kobuki_ros_interfaces/kobuki_ros_interfaces/action/detail/auto_docking__struct.hpp
[1.748s] -- Up-to-date: /home/ri-one/ros2_ws/src/install/kobuki_ros_interfaces/include/kobuki_ros_interfaces/kobuki_ros_interfaces/action/detail/auto_docking__traits.hpp
[1.748s] -- Up-to-date: /home/ri-one/ros2_ws/src/install/kobuki_ros_interfaces/include/kobuki_ros_interfaces/kobuki_ros_interfaces/action/auto_docking.hpp
[1.749s] -- Up-to-date: /home/ri-one/ros2_ws/src/install/kobuki_ros_interfaces/include/kobuki_ros_interfaces/kobuki_ros_interfaces
[1.749s] -- Up-to-date: /home/ri-one/ros2_ws/src/install/kobuki_ros_interfaces/include/kobuki_ros_interfaces/kobuki_ros_interfaces/msg
[1.749s] -- Up-to-date: /home/ri-one/ros2_ws/src/install/kobuki_ros_interfaces/include/kobuki_ros_interfaces/kobuki_ros_interfaces/msg/rosidl_typesupport_fastrtps_cpp__visibility_control.h
[1.749s] -- Up-to-date: /home/ri-one/ros2_ws/src/install/kobuki_ros_interfaces/include/kobuki_ros_interfaces/kobuki_ros_interfaces/msg/detail
[1.749s] -- Up-to-date: /home/ri-one/ros2_ws/src/install/kobuki_ros_interfaces/include/kobuki_ros_interfaces/kobuki_ros_interfaces/msg/detail/digital_output__rosidl_typesupport_fastrtps_cpp.hpp
[1.749s] -- Up-to-date: /home/ri-one/ros2_ws/src/install/kobuki_ros_interfaces/include/kobuki_ros_interfaces/kobuki_ros_interfaces/msg/detail/led__rosidl_typesupport_fastrtps_cpp.hpp
[1.750s] -- Up-to-date: /home/ri-one/ros2_ws/src/install/kobuki_ros_interfaces/include/kobuki_ros_interfaces/kobuki_ros_interfaces/msg/detail/version_info__rosidl_typesupport_fastrtps_cpp.hpp
[1.750s] -- Up-to-date: /home/ri-one/ros2_ws/src/install/kobuki_ros_interfaces/include/kobuki_ros_interfaces/kobuki_ros_interfaces/msg/detail/button_event__rosidl_typesupport_fastrtps_cpp.hpp
[1.750s] -- Up-to-date: /home/ri-one/ros2_ws/src/install/kobuki_ros_interfaces/include/kobuki_ros_interfaces/kobuki_ros_interfaces/msg/detail/dds_fastrtps
[1.750s] -- Up-to-date: /home/ri-one/ros2_ws/src/install/kobuki_ros_interfaces/include/kobuki_ros_interfaces/kobuki_ros_interfaces/msg/detail/sensor_state__rosidl_typesupport_fastrtps_cpp.hpp
[1.750s] -- Up-to-date: /home/ri-one/ros2_ws/src/install/kobuki_ros_interfaces/include/kobuki_ros_interfaces/kobuki_ros_interfaces/msg/detail/controller_info__rosidl_typesupport_fastrtps_cpp.hpp
[1.752s] -- Up-to-date: /home/ri-one/ros2_ws/src/install/kobuki_ros_interfaces/include/kobuki_ros_interfaces/kobuki_ros_interfaces/msg/detail/motor_power__rosidl_typesupport_fastrtps_cpp.hpp
[1.754s] -- Up-to-date: /home/ri-one/ros2_ws/src/install/kobuki_ros_interfaces/include/kobuki_ros_interfaces/kobuki_ros_interfaces/msg/detail/dock_infra_red__rosidl_typesupport_fastrtps_cpp.hpp
[1.754s] -- Up-to-date: /home/ri-one/ros2_ws/src/install/kobuki_ros_interfaces/include/kobuki_ros_interfaces/kobuki_ros_interfaces/msg/detail/external_power__rosidl_typesupport_fastrtps_cpp.hpp
[1.755s] -- Up-to-date: /home/ri-one/ros2_ws/src/install/kobuki_ros_interfaces/include/kobuki_ros_interfaces/kobuki_ros_interfaces/msg/detail/bumper_event__rosidl_typesupport_fastrtps_cpp.hpp
[1.755s] -- Up-to-date: /home/ri-one/ros2_ws/src/install/kobuki_ros_interfaces/include/kobuki_ros_interfaces/kobuki_ros_interfaces/msg/detail/sound__rosidl_typesupport_fastrtps_cpp.hpp
[1.756s] -- Up-to-date: /home/ri-one/ros2_ws/src/install/kobuki_ros_interfaces/include/kobuki_ros_interfaces/kobuki_ros_interfaces/msg/detail/robot_state_event__rosidl_typesupport_fastrtps_cpp.hpp
[1.756s] -- Up-to-date: /home/ri-one/ros2_ws/src/install/kobuki_ros_interfaces/include/kobuki_ros_interfaces/kobuki_ros_interfaces/msg/detail/wheel_drop_event__rosidl_typesupport_fastrtps_cpp.hpp
[1.756s] -- Up-to-date: /home/ri-one/ros2_ws/src/install/kobuki_ros_interfaces/include/kobuki_ros_interfaces/kobuki_ros_interfaces/msg/detail/scan_angle__rosidl_typesupport_fastrtps_cpp.hpp
[1.756s] -- Up-to-date: /home/ri-one/ros2_ws/src/install/kobuki_ros_interfaces/include/kobuki_ros_interfaces/kobuki_ros_interfaces/msg/detail/digital_input_event__rosidl_typesupport_fastrtps_cpp.hpp
[1.756s] -- Up-to-date: /home/ri-one/ros2_ws/src/install/kobuki_ros_interfaces/include/kobuki_ros_interfaces/kobuki_ros_interfaces/msg/detail/power_system_event__rosidl_typesupport_fastrtps_cpp.hpp
[1.756s] -- Up-to-date: /home/ri-one/ros2_ws/src/install/kobuki_ros_interfaces/include/kobuki_ros_interfaces/kobuki_ros_interfaces/msg/detail/cliff_event__rosidl_typesupport_fastrtps_cpp.hpp
[1.757s] -- Up-to-date: /home/ri-one/ros2_ws/src/install/kobuki_ros_interfaces/include/kobuki_ros_interfaces/kobuki_ros_interfaces/msg/detail/keyboard_input__rosidl_typesupport_fastrtps_cpp.hpp
[1.757s] -- Up-to-date: /home/ri-one/ros2_ws/src/install/kobuki_ros_interfaces/include/kobuki_ros_interfaces/kobuki_ros_interfaces/action
[1.757s] -- Up-to-date: /home/ri-one/ros2_ws/src/install/kobuki_ros_interfaces/include/kobuki_ros_interfaces/kobuki_ros_interfaces/action/detail
[1.758s] -- Up-to-date: /home/ri-one/ros2_ws/src/install/kobuki_ros_interfaces/include/kobuki_ros_interfaces/kobuki_ros_interfaces/action/detail/dds_fastrtps
[1.758s] -- Up-to-date: /home/ri-one/ros2_ws/src/install/kobuki_ros_interfaces/include/kobuki_ros_interfaces/kobuki_ros_interfaces/action/detail/auto_docking__rosidl_typesupport_fastrtps_cpp.hpp
[1.758s] -- Up-to-date: /home/ri-one/ros2_ws/src/install/kobuki_ros_interfaces/lib/libkobuki_ros_interfaces__rosidl_typesupport_fastrtps_cpp.so
[1.759s] -- Up-to-date: /home/ri-one/ros2_ws/src/install/kobuki_ros_interfaces/include/kobuki_ros_interfaces/kobuki_ros_interfaces
[1.759s] -- Up-to-date: /home/ri-one/ros2_ws/src/install/kobuki_ros_interfaces/include/kobuki_ros_interfaces/kobuki_ros_interfaces/msg
[1.760s] -- Up-to-date: /home/ri-one/ros2_ws/src/install/kobuki_ros_interfaces/include/kobuki_ros_interfaces/kobuki_ros_interfaces/msg/rosidl_typesupport_introspection_c__visibility_control.h
[1.760s] -- Up-to-date: /home/ri-one/ros2_ws/src/install/kobuki_ros_interfaces/include/kobuki_ros_interfaces/kobuki_ros_interfaces/msg/detail
[1.761s] -- Up-to-date: /home/ri-one/ros2_ws/src/install/kobuki_ros_interfaces/include/kobuki_ros_interfaces/kobuki_ros_interfaces/msg/detail/motor_power__rosidl_typesupport_introspection_c.h
[1.761s] -- Up-to-date: /home/ri-one/ros2_ws/src/install/kobuki_ros_interfaces/include/kobuki_ros_interfaces/kobuki_ros_interfaces/msg/detail/dock_infra_red__rosidl_typesupport_introspection_c.h
[1.761s] -- Up-to-date: /home/ri-one/ros2_ws/src/install/kobuki_ros_interfaces/include/kobuki_ros_interfaces/kobuki_ros_interfaces/msg/detail/wheel_drop_event__rosidl_typesupport_introspection_c.h
[1.762s] -- Up-to-date: /home/ri-one/ros2_ws/src/install/kobuki_ros_interfaces/include/kobuki_ros_interfaces/kobuki_ros_interfaces/msg/detail/sound__rosidl_typesupport_introspection_c.h
[1.762s] -- Up-to-date: /home/ri-one/ros2_ws/src/install/kobuki_ros_interfaces/include/kobuki_ros_interfaces/kobuki_ros_interfaces/msg/detail/controller_info__type_support.c
[1.762s] -- Up-to-date: /home/ri-one/ros2_ws/src/install/kobuki_ros_interfaces/include/kobuki_ros_interfaces/kobuki_ros_interfaces/msg/detail/scan_angle__type_support.c
[1.763s] -- Up-to-date: /home/ri-one/ros2_ws/src/install/kobuki_ros_interfaces/include/kobuki_ros_interfaces/kobuki_ros_interfaces/msg/detail/digital_input_event__type_support.c
[1.763s] -- Up-to-date: /home/ri-one/ros2_ws/src/install/kobuki_ros_interfaces/include/kobuki_ros_interfaces/kobuki_ros_interfaces/msg/detail/digital_input_event__rosidl_typesupport_introspection_c.h
[1.763s] -- Up-to-date: /home/ri-one/ros2_ws/src/install/kobuki_ros_interfaces/include/kobuki_ros_interfaces/kobuki_ros_interfaces/msg/detail/robot_state_event__type_support.c
[1.763s] -- Up-to-date: /home/ri-one/ros2_ws/src/install/kobuki_ros_interfaces/include/kobuki_ros_interfaces/kobuki_ros_interfaces/msg/detail/sensor_state__rosidl_typesupport_introspection_c.h
[1.763s] -- Up-to-date: /home/ri-one/ros2_ws/src/install/kobuki_ros_interfaces/include/kobuki_ros_interfaces/kobuki_ros_interfaces/msg/detail/cliff_event__rosidl_typesupport_introspection_c.h
[1.767s] -- Up-to-date: /home/ri-one/ros2_ws/src/install/kobuki_ros_interfaces/include/kobuki_ros_interfaces/kobuki_ros_interfaces/msg/detail/power_system_event__rosidl_typesupport_introspection_c.h
[1.768s] -- Up-to-date: /home/ri-one/ros2_ws/src/install/kobuki_ros_interfaces/include/kobuki_ros_interfaces/kobuki_ros_interfaces/msg/detail/digital_output__rosidl_typesupport_introspection_c.h
[1.768s] -- Up-to-date: /home/ri-one/ros2_ws/src/install/kobuki_ros_interfaces/include/kobuki_ros_interfaces/kobuki_ros_interfaces/msg/detail/version_info__rosidl_typesupport_introspection_c.h
[1.768s] -- Up-to-date: /home/ri-one/ros2_ws/src/install/kobuki_ros_interfaces/include/kobuki_ros_interfaces/kobuki_ros_interfaces/msg/detail/robot_state_event__rosidl_typesupport_introspection_c.h
[1.768s] -- Up-to-date: /home/ri-one/ros2_ws/src/install/kobuki_ros_interfaces/include/kobuki_ros_interfaces/kobuki_ros_interfaces/msg/detail/keyboard_input__type_support.c
[1.768s] -- Up-to-date: /home/ri-one/ros2_ws/src/install/kobuki_ros_interfaces/include/kobuki_ros_interfaces/kobuki_ros_interfaces/msg/detail/bumper_event__rosidl_typesupport_introspection_c.h
[1.768s] -- Up-to-date: /home/ri-one/ros2_ws/src/install/kobuki_ros_interfaces/include/kobuki_ros_interfaces/kobuki_ros_interfaces/msg/detail/version_info__type_support.c
[1.769s] -- Up-to-date: /home/ri-one/ros2_ws/src/install/kobuki_ros_interfaces/include/kobuki_ros_interfaces/kobuki_ros_interfaces/msg/detail/dock_infra_red__type_support.c
[1.769s] -- Up-to-date: /home/ri-one/ros2_ws/src/install/kobuki_ros_interfaces/include/kobuki_ros_interfaces/kobuki_ros_interfaces/msg/detail/scan_angle__rosidl_typesupport_introspection_c.h
[1.769s] -- Up-to-date: /home/ri-one/ros2_ws/src/install/kobuki_ros_interfaces/include/kobuki_ros_interfaces/kobuki_ros_interfaces/msg/detail/bumper_event__type_support.c
[1.769s] -- Up-to-date: /home/ri-one/ros2_ws/src/install/kobuki_ros_interfaces/include/kobuki_ros_interfaces/kobuki_ros_interfaces/msg/detail/button_event__rosidl_typesupport_introspection_c.h
[1.769s] -- Up-to-date: /home/ri-one/ros2_ws/src/install/kobuki_ros_interfaces/include/kobuki_ros_interfaces/kobuki_ros_interfaces/msg/detail/led__rosidl_typesupport_introspection_c.h
[1.770s] -- Up-to-date: /home/ri-one/ros2_ws/src/install/kobuki_ros_interfaces/include/kobuki_ros_interfaces/kobuki_ros_interfaces/msg/detail/motor_power__type_support.c
[1.770s] -- Up-to-date: /home/ri-one/ros2_ws/src/install/kobuki_ros_interfaces/include/kobuki_ros_interfaces/kobuki_ros_interfaces/msg/detail/sound__type_support.c
[1.770s] -- Up-to-date: /home/ri-one/ros2_ws/src/install/kobuki_ros_interfaces/include/kobuki_ros_interfaces/kobuki_ros_interfaces/msg/detail/external_power__type_support.c
[1.770s] -- Up-to-date: /home/ri-one/ros2_ws/src/install/kobuki_ros_interfaces/include/kobuki_ros_interfaces/kobuki_ros_interfaces/msg/detail/digital_output__type_support.c
[1.772s] -- Up-to-date: /home/ri-one/ros2_ws/src/install/kobuki_ros_interfaces/include/kobuki_ros_interfaces/kobuki_ros_interfaces/msg/detail/wheel_drop_event__type_support.c
[1.772s] -- Up-to-date: /home/ri-one/ros2_ws/src/install/kobuki_ros_interfaces/include/kobuki_ros_interfaces/kobuki_ros_interfaces/msg/detail/sensor_state__type_support.c
[1.773s] -- Up-to-date: /home/ri-one/ros2_ws/src/install/kobuki_ros_interfaces/include/kobuki_ros_interfaces/kobuki_ros_interfaces/msg/detail/power_system_event__type_support.c
[1.773s] -- Up-to-date: /home/ri-one/ros2_ws/src/install/kobuki_ros_interfaces/include/kobuki_ros_interfaces/kobuki_ros_interfaces/msg/detail/led__type_support.c
[1.773s] -- Up-to-date: /home/ri-one/ros2_ws/src/install/kobuki_ros_interfaces/include/kobuki_ros_interfaces/kobuki_ros_interfaces/msg/detail/keyboard_input__rosidl_typesupport_introspection_c.h
[1.773s] -- Up-to-date: /home/ri-one/ros2_ws/src/install/kobuki_ros_interfaces/include/kobuki_ros_interfaces/kobuki_ros_interfaces/msg/detail/external_power__rosidl_typesupport_introspection_c.h
[1.773s] -- Up-to-date: /home/ri-one/ros2_ws/src/install/kobuki_ros_interfaces/include/kobuki_ros_interfaces/kobuki_ros_interfaces/msg/detail/cliff_event__type_support.c
[1.773s] -- Up-to-date: /home/ri-one/ros2_ws/src/install/kobuki_ros_interfaces/include/kobuki_ros_interfaces/kobuki_ros_interfaces/msg/detail/button_event__type_support.c
[1.774s] -- Up-to-date: /home/ri-one/ros2_ws/src/install/kobuki_ros_interfaces/include/kobuki_ros_interfaces/kobuki_ros_interfaces/msg/detail/controller_info__rosidl_typesupport_introspection_c.h
[1.774s] -- Up-to-date: /home/ri-one/ros2_ws/src/install/kobuki_ros_interfaces/include/kobuki_ros_interfaces/kobuki_ros_interfaces/action
[1.776s] -- Up-to-date: /home/ri-one/ros2_ws/src/install/kobuki_ros_interfaces/include/kobuki_ros_interfaces/kobuki_ros_interfaces/action/detail
[1.777s] -- Up-to-date: /home/ri-one/ros2_ws/src/install/kobuki_ros_interfaces/include/kobuki_ros_interfaces/kobuki_ros_interfaces/action/detail/auto_docking__rosidl_typesupport_introspection_c.h
[1.777s] -- Up-to-date: /home/ri-one/ros2_ws/src/install/kobuki_ros_interfaces/include/kobuki_ros_interfaces/kobuki_ros_interfaces/action/detail/auto_docking__type_support.c
[1.777s] -- Up-to-date: /home/ri-one/ros2_ws/src/install/kobuki_ros_interfaces/lib/libkobuki_ros_interfaces__rosidl_typesupport_introspection_c.so
[1.777s] -- Up-to-date: /home/ri-one/ros2_ws/src/install/kobuki_ros_interfaces/lib/libkobuki_ros_interfaces__rosidl_typesupport_c.so
[1.777s] -- Up-to-date: /home/ri-one/ros2_ws/src/install/kobuki_ros_interfaces/include/kobuki_ros_interfaces/kobuki_ros_interfaces
[1.778s] -- Up-to-date: /home/ri-one/ros2_ws/src/install/kobuki_ros_interfaces/include/kobuki_ros_interfaces/kobuki_ros_interfaces/msg
[1.778s] -- Up-to-date: /home/ri-one/ros2_ws/src/install/kobuki_ros_interfaces/include/kobuki_ros_interfaces/kobuki_ros_interfaces/msg/detail
[1.779s] -- Up-to-date: /home/ri-one/ros2_ws/src/install/kobuki_ros_interfaces/include/kobuki_ros_interfaces/kobuki_ros_interfaces/msg/detail/motor_power__type_support.cpp
[1.779s] -- Up-to-date: /home/ri-one/ros2_ws/src/install/kobuki_ros_interfaces/include/kobuki_ros_interfaces/kobuki_ros_interfaces/msg/detail/keyboard_input__rosidl_typesupport_introspection_cpp.hpp
[1.779s] -- Up-to-date: /home/ri-one/ros2_ws/src/install/kobuki_ros_interfaces/include/kobuki_ros_interfaces/kobuki_ros_interfaces/msg/detail/cliff_event__type_support.cpp
[1.779s] -- Up-to-date: /home/ri-one/ros2_ws/src/install/kobuki_ros_interfaces/include/kobuki_ros_interfaces/kobuki_ros_interfaces/msg/detail/digital_output__type_support.cpp
[1.779s] -- Up-to-date: /home/ri-one/ros2_ws/src/install/kobuki_ros_interfaces/include/kobuki_ros_interfaces/kobuki_ros_interfaces/msg/detail/cliff_event__rosidl_typesupport_introspection_cpp.hpp
[1.780s] -- Up-to-date: /home/ri-one/ros2_ws/src/install/kobuki_ros_interfaces/include/kobuki_ros_interfaces/kobuki_ros_interfaces/msg/detail/keyboard_input__type_support.cpp
[1.780s] -- Up-to-date: /home/ri-one/ros2_ws/src/install/kobuki_ros_interfaces/include/kobuki_ros_interfaces/kobuki_ros_interfaces/msg/detail/sensor_state__rosidl_typesupport_introspection_cpp.hpp
[1.780s] -- Up-to-date: /home/ri-one/ros2_ws/src/install/kobuki_ros_interfaces/include/kobuki_ros_interfaces/kobuki_ros_interfaces/msg/detail/sound__rosidl_typesupport_introspection_cpp.hpp
[1.780s] -- Up-to-date: /home/ri-one/ros2_ws/src/install/kobuki_ros_interfaces/include/kobuki_ros_interfaces/kobuki_ros_interfaces/msg/detail/led__rosidl_typesupport_introspection_cpp.hpp
[1.780s] -- Up-to-date: /home/ri-one/ros2_ws/src/install/kobuki_ros_interfaces/include/kobuki_ros_interfaces/kobuki_ros_interfaces/msg/detail/motor_power__rosidl_typesupport_introspection_cpp.hpp
[1.780s] -- Up-to-date: /home/ri-one/ros2_ws/src/install/kobuki_ros_interfaces/include/kobuki_ros_interfaces/kobuki_ros_interfaces/msg/detail/power_system_event__type_support.cpp
[1.781s] -- Up-to-date: /home/ri-one/ros2_ws/src/install/kobuki_ros_interfaces/include/kobuki_ros_interfaces/kobuki_ros_interfaces/msg/detail/version_info__rosidl_typesupport_introspection_cpp.hpp
[1.781s] -- Up-to-date: /home/ri-one/ros2_ws/src/install/kobuki_ros_interfaces/include/kobuki_ros_interfaces/kobuki_ros_interfaces/msg/detail/robot_state_event__type_support.cpp
[1.781s] -- Up-to-date: /home/ri-one/ros2_ws/src/install/kobuki_ros_interfaces/include/kobuki_ros_interfaces/kobuki_ros_interfaces/msg/detail/sound__type_support.cpp
[1.781s] -- Up-to-date: /home/ri-one/ros2_ws/src/install/kobuki_ros_interfaces/include/kobuki_ros_interfaces/kobuki_ros_interfaces/msg/detail/sensor_state__type_support.cpp
[1.781s] -- Up-to-date: /home/ri-one/ros2_ws/src/install/kobuki_ros_interfaces/include/kobuki_ros_interfaces/kobuki_ros_interfaces/msg/detail/dock_infra_red__type_support.cpp
[1.781s] -- Up-to-date: /home/ri-one/ros2_ws/src/install/kobuki_ros_interfaces/include/kobuki_ros_interfaces/kobuki_ros_interfaces/msg/detail/external_power__rosidl_typesupport_introspection_cpp.hpp
[1.781s] -- Up-to-date: /home/ri-one/ros2_ws/src/install/kobuki_ros_interfaces/include/kobuki_ros_interfaces/kobuki_ros_interfaces/msg/detail/button_event__type_support.cpp
[1.782s] -- Up-to-date: /home/ri-one/ros2_ws/src/install/kobuki_ros_interfaces/include/kobuki_ros_interfaces/kobuki_ros_interfaces/msg/detail/controller_info__rosidl_typesupport_introspection_cpp.hpp
[1.782s] -- Up-to-date: /home/ri-one/ros2_ws/src/install/kobuki_ros_interfaces/include/kobuki_ros_interfaces/kobuki_ros_interfaces/msg/detail/scan_angle__rosidl_typesupport_introspection_cpp.hpp
[1.782s] -- Up-to-date: /home/ri-one/ros2_ws/src/install/kobuki_ros_interfaces/include/kobuki_ros_interfaces/kobuki_ros_interfaces/msg/detail/controller_info__type_support.cpp
[1.782s] -- Up-to-date: /home/ri-one/ros2_ws/src/install/kobuki_ros_interfaces/include/kobuki_ros_interfaces/kobuki_ros_interfaces/msg/detail/power_system_event__rosidl_typesupport_introspection_cpp.hpp
[1.782s] -- Up-to-date: /home/ri-one/ros2_ws/src/install/kobuki_ros_interfaces/include/kobuki_ros_interfaces/kobuki_ros_interfaces/msg/detail/version_info__type_support.cpp
[1.783s] -- Up-to-date: /home/ri-one/ros2_ws/src/install/kobuki_ros_interfaces/include/kobuki_ros_interfaces/kobuki_ros_interfaces/msg/detail/external_power__type_support.cpp
[1.783s] -- Up-to-date: /home/ri-one/ros2_ws/src/install/kobuki_ros_interfaces/include/kobuki_ros_interfaces/kobuki_ros_interfaces/msg/detail/digital_input_event__type_support.cpp
[1.783s] -- Up-to-date: /home/ri-one/ros2_ws/src/install/kobuki_ros_interfaces/include/kobuki_ros_interfaces/kobuki_ros_interfaces/msg/detail/dock_infra_red__rosidl_typesupport_introspection_cpp.hpp
[1.783s] -- Up-to-date: /home/ri-one/ros2_ws/src/install/kobuki_ros_interfaces/include/kobuki_ros_interfaces/kobuki_ros_interfaces/msg/detail/led__type_support.cpp
[1.783s] -- Up-to-date: /home/ri-one/ros2_ws/src/install/kobuki_ros_interfaces/include/kobuki_ros_interfaces/kobuki_ros_interfaces/msg/detail/digital_input_event__rosidl_typesupport_introspection_cpp.hpp
[1.783s] -- Up-to-date: /home/ri-one/ros2_ws/src/install/kobuki_ros_interfaces/include/kobuki_ros_interfaces/kobuki_ros_interfaces/msg/detail/bumper_event__type_support.cpp
[1.784s] -- Up-to-date: /home/ri-one/ros2_ws/src/install/kobuki_ros_interfaces/include/kobuki_ros_interfaces/kobuki_ros_interfaces/msg/detail/scan_angle__type_support.cpp
[1.784s] -- Up-to-date: /home/ri-one/ros2_ws/src/install/kobuki_ros_interfaces/include/kobuki_ros_interfaces/kobuki_ros_interfaces/msg/detail/bumper_event__rosidl_typesupport_introspection_cpp.hpp
[1.784s] -- Up-to-date: /home/ri-one/ros2_ws/src/install/kobuki_ros_interfaces/include/kobuki_ros_interfaces/kobuki_ros_interfaces/msg/detail/wheel_drop_event__rosidl_typesupport_introspection_cpp.hpp
[1.784s] -- Up-to-date: /home/ri-one/ros2_ws/src/install/kobuki_ros_interfaces/include/kobuki_ros_interfaces/kobuki_ros_interfaces/msg/detail/robot_state_event__rosidl_typesupport_introspection_cpp.hpp
[1.784s] -- Up-to-date: /home/ri-one/ros2_ws/src/install/kobuki_ros_interfaces/include/kobuki_ros_interfaces/kobuki_ros_interfaces/msg/detail/wheel_drop_event__type_support.cpp
[1.785s] -- Up-to-date: /home/ri-one/ros2_ws/src/install/kobuki_ros_interfaces/include/kobuki_ros_interfaces/kobuki_ros_interfaces/msg/detail/button_event__rosidl_typesupport_introspection_cpp.hpp
[1.785s] -- Up-to-date: /home/ri-one/ros2_ws/src/install/kobuki_ros_interfaces/include/kobuki_ros_interfaces/kobuki_ros_interfaces/msg/detail/digital_output__rosidl_typesupport_introspection_cpp.hpp
[1.786s] -- Up-to-date: /home/ri-one/ros2_ws/src/install/kobuki_ros_interfaces/include/kobuki_ros_interfaces/kobuki_ros_interfaces/action
[1.786s] -- Up-to-date: /home/ri-one/ros2_ws/src/install/kobuki_ros_interfaces/include/kobuki_ros_interfaces/kobuki_ros_interfaces/action/detail
[1.786s] -- Up-to-date: /home/ri-one/ros2_ws/src/install/kobuki_ros_interfaces/include/kobuki_ros_interfaces/kobuki_ros_interfaces/action/detail/auto_docking__type_support.cpp
[1.786s] -- Up-to-date: /home/ri-one/ros2_ws/src/install/kobuki_ros_interfaces/include/kobuki_ros_interfaces/kobuki_ros_interfaces/action/detail/auto_docking__rosidl_typesupport_introspection_cpp.hpp
[1.787s] -- Up-to-date: /home/ri-one/ros2_ws/src/install/kobuki_ros_interfaces/lib/libkobuki_ros_interfaces__rosidl_typesupport_introspection_cpp.so
[1.787s] -- Up-to-date: /home/ri-one/ros2_ws/src/install/kobuki_ros_interfaces/lib/libkobuki_ros_interfaces__rosidl_typesupport_cpp.so
[1.787s] -- Up-to-date: /home/ri-one/ros2_ws/src/install/kobuki_ros_interfaces/share/kobuki_ros_interfaces/environment/pythonpath.sh
[1.787s] -- Up-to-date: /home/ri-one/ros2_ws/src/install/kobuki_ros_interfaces/share/kobuki_ros_interfaces/environment/pythonpath.dsv
[1.787s] -- Up-to-date: /home/ri-one/ros2_ws/src/install/kobuki_ros_interfaces/local/lib/python3.10/dist-packages/kobuki_ros_interfaces-1.0.0-py3.10.egg-info
[1.788s] -- Installing: /home/ri-one/ros2_ws/src/install/kobuki_ros_interfaces/local/lib/python3.10/dist-packages/kobuki_ros_interfaces-1.0.0-py3.10.egg-info/PKG-INFO
[1.788s] -- Installing: /home/ri-one/ros2_ws/src/install/kobuki_ros_interfaces/local/lib/python3.10/dist-packages/kobuki_ros_interfaces-1.0.0-py3.10.egg-info/dependency_links.txt
[1.789s] -- Installing: /home/ri-one/ros2_ws/src/install/kobuki_ros_interfaces/local/lib/python3.10/dist-packages/kobuki_ros_interfaces-1.0.0-py3.10.egg-info/top_level.txt
[1.789s] -- Installing: /home/ri-one/ros2_ws/src/install/kobuki_ros_interfaces/local/lib/python3.10/dist-packages/kobuki_ros_interfaces-1.0.0-py3.10.egg-info/SOURCES.txt
[1.790s] -- Up-to-date: /home/ri-one/ros2_ws/src/install/kobuki_ros_interfaces/local/lib/python3.10/dist-packages/kobuki_ros_interfaces
[1.790s] -- Up-to-date: /home/ri-one/ros2_ws/src/install/kobuki_ros_interfaces/local/lib/python3.10/dist-packages/kobuki_ros_interfaces/msg
[1.790s] -- Up-to-date: /home/ri-one/ros2_ws/src/install/kobuki_ros_interfaces/local/lib/python3.10/dist-packages/kobuki_ros_interfaces/msg/_sensor_state_s.c
[1.790s] -- Up-to-date: /home/ri-one/ros2_ws/src/install/kobuki_ros_interfaces/local/lib/python3.10/dist-packages/kobuki_ros_interfaces/msg/_scan_angle.py
[1.790s] -- Up-to-date: /home/ri-one/ros2_ws/src/install/kobuki_ros_interfaces/local/lib/python3.10/dist-packages/kobuki_ros_interfaces/msg/_robot_state_event_s.c
[1.791s] -- Up-to-date: /home/ri-one/ros2_ws/src/install/kobuki_ros_interfaces/local/lib/python3.10/dist-packages/kobuki_ros_interfaces/msg/_power_system_event_s.c
[1.791s] -- Up-to-date: /home/ri-one/ros2_ws/src/install/kobuki_ros_interfaces/local/lib/python3.10/dist-packages/kobuki_ros_interfaces/msg/_power_system_event.py
[1.791s] -- Up-to-date: /home/ri-one/ros2_ws/src/install/kobuki_ros_interfaces/local/lib/python3.10/dist-packages/kobuki_ros_interfaces/msg/_dock_infra_red.py
[1.791s] -- Up-to-date: /home/ri-one/ros2_ws/src/install/kobuki_ros_interfaces/local/lib/python3.10/dist-packages/kobuki_ros_interfaces/msg/_dock_infra_red_s.c
[1.791s] -- Up-to-date: /home/ri-one/ros2_ws/src/install/kobuki_ros_interfaces/local/lib/python3.10/dist-packages/kobuki_ros_interfaces/msg/_wheel_drop_event.py
[1.791s] -- Up-to-date: /home/ri-one/ros2_ws/src/install/kobuki_ros_interfaces/local/lib/python3.10/dist-packages/kobuki_ros_interfaces/msg/_scan_angle_s.c
[1.792s] -- Up-to-date: /home/ri-one/ros2_ws/src/install/kobuki_ros_interfaces/local/lib/python3.10/dist-packages/kobuki_ros_interfaces/msg/_sensor_state.py
[1.792s] -- Up-to-date: /home/ri-one/ros2_ws/src/install/kobuki_ros_interfaces/local/lib/python3.10/dist-packages/kobuki_ros_interfaces/msg/__init__.py
[1.792s] -- Up-to-date: /home/ri-one/ros2_ws/src/install/kobuki_ros_interfaces/local/lib/python3.10/dist-packages/kobuki_ros_interfaces/msg/_cliff_event.py
[1.792s] -- Up-to-date: /home/ri-one/ros2_ws/src/install/kobuki_ros_interfaces/local/lib/python3.10/dist-packages/kobuki_ros_interfaces/msg/_bumper_event.py
[1.792s] -- Up-to-date: /home/ri-one/ros2_ws/src/install/kobuki_ros_interfaces/local/lib/python3.10/dist-packages/kobuki_ros_interfaces/msg/_motor_power_s.c
[1.793s] -- Up-to-date: /home/ri-one/ros2_ws/src/install/kobuki_ros_interfaces/local/lib/python3.10/dist-packages/kobuki_ros_interfaces/msg/_robot_state_event.py
[1.794s] -- Up-to-date: /home/ri-one/ros2_ws/src/install/kobuki_ros_interfaces/local/lib/python3.10/dist-packages/kobuki_ros_interfaces/msg/_version_info_s.c
[1.794s] -- Up-to-date: /home/ri-one/ros2_ws/src/install/kobuki_ros_interfaces/local/lib/python3.10/dist-packages/kobuki_ros_interfaces/msg/_keyboard_input_s.c
[1.794s] -- Up-to-date: /home/ri-one/ros2_ws/src/install/kobuki_ros_interfaces/local/lib/python3.10/dist-packages/kobuki_ros_interfaces/msg/_version_info.py
[1.795s] -- Up-to-date: /home/ri-one/ros2_ws/src/install/kobuki_ros_interfaces/local/lib/python3.10/dist-packages/kobuki_ros_interfaces/msg/_digital_output_s.c
[1.795s] -- Up-to-date: /home/ri-one/ros2_ws/src/install/kobuki_ros_interfaces/local/lib/python3.10/dist-packages/kobuki_ros_interfaces/msg/_keyboard_input.py
[1.795s] -- Up-to-date: /home/ri-one/ros2_ws/src/install/kobuki_ros_interfaces/local/lib/python3.10/dist-packages/kobuki_ros_interfaces/msg/_motor_power.py
[1.796s] -- Up-to-date: /home/ri-one/ros2_ws/src/install/kobuki_ros_interfaces/local/lib/python3.10/dist-packages/kobuki_ros_interfaces/msg/_cliff_event_s.c
[1.796s] -- Up-to-date: /home/ri-one/ros2_ws/src/install/kobuki_ros_interfaces/local/lib/python3.10/dist-packages/kobuki_ros_interfaces/msg/_digital_output.py
[1.796s] -- Up-to-date: /home/ri-one/ros2_ws/src/install/kobuki_ros_interfaces/local/lib/python3.10/dist-packages/kobuki_ros_interfaces/msg/_led.py
[1.796s] -- Up-to-date: /home/ri-one/ros2_ws/src/install/kobuki_ros_interfaces/local/lib/python3.10/dist-packages/kobuki_ros_interfaces/msg/_button_event.py
[1.796s] -- Up-to-date: /home/ri-one/ros2_ws/src/install/kobuki_ros_interfaces/local/lib/python3.10/dist-packages/kobuki_ros_interfaces/msg/_controller_info.py
[1.797s] -- Up-to-date: /home/ri-one/ros2_ws/src/install/kobuki_ros_interfaces/local/lib/python3.10/dist-packages/kobuki_ros_interfaces/msg/_led_s.c
[1.797s] -- Up-to-date: /home/ri-one/ros2_ws/src/install/kobuki_ros_interfaces/local/lib/python3.10/dist-packages/kobuki_ros_interfaces/msg/_button_event_s.c
[1.797s] -- Up-to-date: /home/ri-one/ros2_ws/src/install/kobuki_ros_interfaces/local/lib/python3.10/dist-packages/kobuki_ros_interfaces/msg/_sound_s.c
[1.797s] -- Up-to-date: /home/ri-one/ros2_ws/src/install/kobuki_ros_interfaces/local/lib/python3.10/dist-packages/kobuki_ros_interfaces/msg/_wheel_drop_event_s.c
[1.797s] -- Up-to-date: /home/ri-one/ros2_ws/src/install/kobuki_ros_interfaces/local/lib/python3.10/dist-packages/kobuki_ros_interfaces/msg/_digital_input_event_s.c
[1.797s] -- Up-to-date: /home/ri-one/ros2_ws/src/install/kobuki_ros_interfaces/local/lib/python3.10/dist-packages/kobuki_ros_interfaces/msg/_external_power_s.c
[1.797s] -- Up-to-date: /home/ri-one/ros2_ws/src/install/kobuki_ros_interfaces/local/lib/python3.10/dist-packages/kobuki_ros_interfaces/msg/_bumper_event_s.c
[1.798s] -- Up-to-date: /home/ri-one/ros2_ws/src/install/kobuki_ros_interfaces/local/lib/python3.10/dist-packages/kobuki_ros_interfaces/msg/_external_power.py
[1.798s] -- Up-to-date: /home/ri-one/ros2_ws/src/install/kobuki_ros_interfaces/local/lib/python3.10/dist-packages/kobuki_ros_interfaces/msg/_controller_info_s.c
[1.798s] -- Up-to-date: /home/ri-one/ros2_ws/src/install/kobuki_ros_interfaces/local/lib/python3.10/dist-packages/kobuki_ros_interfaces/msg/_digital_input_event.py
[1.798s] -- Up-to-date: /home/ri-one/ros2_ws/src/install/kobuki_ros_interfaces/local/lib/python3.10/dist-packages/kobuki_ros_interfaces/msg/_sound.py
[1.799s] -- Up-to-date: /home/ri-one/ros2_ws/src/install/kobuki_ros_interfaces/local/lib/python3.10/dist-packages/kobuki_ros_interfaces/kobuki_ros_interfaces_s__rosidl_typesupport_c.cpython-310-x86_64-linux-gnu.so
[1.799s] -- Up-to-date: /home/ri-one/ros2_ws/src/install/kobuki_ros_interfaces/local/lib/python3.10/dist-packages/kobuki_ros_interfaces/libkobuki_ros_interfaces__rosidl_generator_py.so
[1.799s] -- Up-to-date: /home/ri-one/ros2_ws/src/install/kobuki_ros_interfaces/local/lib/python3.10/dist-packages/kobuki_ros_interfaces/__init__.py
[1.799s] -- Up-to-date: /home/ri-one/ros2_ws/src/install/kobuki_ros_interfaces/local/lib/python3.10/dist-packages/kobuki_ros_interfaces/kobuki_ros_interfaces_s__rosidl_typesupport_introspection_c.cpython-310-x86_64-linux-gnu.so
[1.799s] -- Up-to-date: /home/ri-one/ros2_ws/src/install/kobuki_ros_interfaces/local/lib/python3.10/dist-packages/kobuki_ros_interfaces/action
[1.800s] -- Up-to-date: /home/ri-one/ros2_ws/src/install/kobuki_ros_interfaces/local/lib/python3.10/dist-packages/kobuki_ros_interfaces/action/__init__.py
[1.800s] -- Up-to-date: /home/ri-one/ros2_ws/src/install/kobuki_ros_interfaces/local/lib/python3.10/dist-packages/kobuki_ros_interfaces/action/_auto_docking_s.c
[1.800s] -- Up-to-date: /home/ri-one/ros2_ws/src/install/kobuki_ros_interfaces/local/lib/python3.10/dist-packages/kobuki_ros_interfaces/action/_auto_docking.py
[1.800s] -- Up-to-date: /home/ri-one/ros2_ws/src/install/kobuki_ros_interfaces/local/lib/python3.10/dist-packages/kobuki_ros_interfaces/_kobuki_ros_interfaces_s.ep.rosidl_typesupport_introspection_c.c
[1.800s] -- Up-to-date: /home/ri-one/ros2_ws/src/install/kobuki_ros_interfaces/local/lib/python3.10/dist-packages/kobuki_ros_interfaces/kobuki_ros_interfaces_s__rosidl_typesupport_fastrtps_c.cpython-310-x86_64-linux-gnu.so
[1.800s] -- Up-to-date: /home/ri-one/ros2_ws/src/install/kobuki_ros_interfaces/local/lib/python3.10/dist-packages/kobuki_ros_interfaces/_kobuki_ros_interfaces_s.ep.rosidl_typesupport_fastrtps_c.c
[1.800s] -- Up-to-date: /home/ri-one/ros2_ws/src/install/kobuki_ros_interfaces/local/lib/python3.10/dist-packages/kobuki_ros_interfaces/_kobuki_ros_interfaces_s.ep.rosidl_typesupport_c.c
[1.802s] Listing '/home/ri-one/ros2_ws/src/install/kobuki_ros_interfaces/local/lib/python3.10/dist-packages/kobuki_ros_interfaces'...
[1.802s] Listing '/home/ri-one/ros2_ws/src/install/kobuki_ros_interfaces/local/lib/python3.10/dist-packages/kobuki_ros_interfaces/action'...
[1.802s] Listing '/home/ri-one/ros2_ws/src/install/kobuki_ros_interfaces/local/lib/python3.10/dist-packages/kobuki_ros_interfaces/msg'...
[1.807s] -- Up-to-date: /home/ri-one/ros2_ws/src/install/kobuki_ros_interfaces/local/lib/python3.10/dist-packages/kobuki_ros_interfaces/kobuki_ros_interfaces_s__rosidl_typesupport_fastrtps_c.cpython-310-x86_64-linux-gnu.so
[1.807s] -- Up-to-date: /home/ri-one/ros2_ws/src/install/kobuki_ros_interfaces/local/lib/python3.10/dist-packages/kobuki_ros_interfaces/kobuki_ros_interfaces_s__rosidl_typesupport_introspection_c.cpython-310-x86_64-linux-gnu.so
[1.807s] -- Up-to-date: /home/ri-one/ros2_ws/src/install/kobuki_ros_interfaces/local/lib/python3.10/dist-packages/kobuki_ros_interfaces/kobuki_ros_interfaces_s__rosidl_typesupport_c.cpython-310-x86_64-linux-gnu.so
[1.808s] -- Up-to-date: /home/ri-one/ros2_ws/src/install/kobuki_ros_interfaces/lib/libkobuki_ros_interfaces__rosidl_generator_py.so
[1.811s] -- Up-to-date: /home/ri-one/ros2_ws/src/install/kobuki_ros_interfaces/share/kobuki_ros_interfaces/msg/BumperEvent.idl
[1.811s] -- Up-to-date: /home/ri-one/ros2_ws/src/install/kobuki_ros_interfaces/share/kobuki_ros_interfaces/msg/CliffEvent.idl
[1.812s] -- Up-to-date: /home/ri-one/ros2_ws/src/install/kobuki_ros_interfaces/share/kobuki_ros_interfaces/msg/DigitalOutput.idl
[1.813s] -- Up-to-date: /home/ri-one/ros2_ws/src/install/kobuki_ros_interfaces/share/kobuki_ros_interfaces/msg/ExternalPower.idl
[1.814s] -- Up-to-date: /home/ri-one/ros2_ws/src/install/kobuki_ros_interfaces/share/kobuki_ros_interfaces/msg/Led.idl
[1.815s] -- Up-to-date: /home/ri-one/ros2_ws/src/install/kobuki_ros_interfaces/share/kobuki_ros_interfaces/msg/PowerSystemEvent.idl
[1.816s] -- Up-to-date: /home/ri-one/ros2_ws/src/install/kobuki_ros_interfaces/share/kobuki_ros_interfaces/msg/SensorState.idl
[1.816s] -- Up-to-date: /home/ri-one/ros2_ws/src/install/kobuki_ros_interfaces/share/kobuki_ros_interfaces/msg/VersionInfo.idl
[1.817s] -- Up-to-date: /home/ri-one/ros2_ws/src/install/kobuki_ros_interfaces/share/kobuki_ros_interfaces/msg/ControllerInfo.idl
[1.817s] -- Up-to-date: /home/ri-one/ros2_ws/src/install/kobuki_ros_interfaces/share/kobuki_ros_interfaces/msg/ButtonEvent.idl
[1.817s] -- Up-to-date: /home/ri-one/ros2_ws/src/install/kobuki_ros_interfaces/share/kobuki_ros_interfaces/msg/DigitalInputEvent.idl
[1.818s] -- Up-to-date: /home/ri-one/ros2_ws/src/install/kobuki_ros_interfaces/share/kobuki_ros_interfaces/msg/DockInfraRed.idl
[1.818s] -- Up-to-date: /home/ri-one/ros2_ws/src/install/kobuki_ros_interfaces/share/kobuki_ros_interfaces/msg/KeyboardInput.idl
[1.819s] -- Up-to-date: /home/ri-one/ros2_ws/src/install/kobuki_ros_interfaces/share/kobuki_ros_interfaces/msg/MotorPower.idl
[1.819s] -- Up-to-date: /home/ri-one/ros2_ws/src/install/kobuki_ros_interfaces/share/kobuki_ros_interfaces/msg/RobotStateEvent.idl
[1.819s] -- Up-to-date: /home/ri-one/ros2_ws/src/install/kobuki_ros_interfaces/share/kobuki_ros_interfaces/msg/Sound.idl
[1.820s] -- Up-to-date: /home/ri-one/ros2_ws/src/install/kobuki_ros_interfaces/share/kobuki_ros_interfaces/msg/ScanAngle.idl
[1.820s] -- Up-to-date: /home/ri-one/ros2_ws/src/install/kobuki_ros_interfaces/share/kobuki_ros_interfaces/msg/WheelDropEvent.idl
[1.821s] -- Up-to-date: /home/ri-one/ros2_ws/src/install/kobuki_ros_interfaces/share/kobuki_ros_interfaces/action/AutoDocking.idl
[1.821s] -- Up-to-date: /home/ri-one/ros2_ws/src/install/kobuki_ros_interfaces/share/kobuki_ros_interfaces/msg/BumperEvent.msg
[1.822s] -- Up-to-date: /home/ri-one/ros2_ws/src/install/kobuki_ros_interfaces/share/kobuki_ros_interfaces/msg/CliffEvent.msg
[1.822s] -- Up-to-date: /home/ri-one/ros2_ws/src/install/kobuki_ros_interfaces/share/kobuki_ros_interfaces/msg/DigitalOutput.msg
[1.822s] -- Up-to-date: /home/ri-one/ros2_ws/src/install/kobuki_ros_interfaces/share/kobuki_ros_interfaces/msg/ExternalPower.msg
[1.822s] -- Up-to-date: /home/ri-one/ros2_ws/src/install/kobuki_ros_interfaces/share/kobuki_ros_interfaces/msg/Led.msg
[1.822s] -- Up-to-date: /home/ri-one/ros2_ws/src/install/kobuki_ros_interfaces/share/kobuki_ros_interfaces/msg/PowerSystemEvent.msg
[1.822s] -- Up-to-date: /home/ri-one/ros2_ws/src/install/kobuki_ros_interfaces/share/kobuki_ros_interfaces/msg/SensorState.msg
[1.822s] -- Up-to-date: /home/ri-one/ros2_ws/src/install/kobuki_ros_interfaces/share/kobuki_ros_interfaces/msg/VersionInfo.msg
[1.823s] -- Up-to-date: /home/ri-one/ros2_ws/src/install/kobuki_ros_interfaces/share/kobuki_ros_interfaces/msg/ControllerInfo.msg
[1.823s] -- Up-to-date: /home/ri-one/ros2_ws/src/install/kobuki_ros_interfaces/share/kobuki_ros_interfaces/msg/ButtonEvent.msg
[1.823s] -- Up-to-date: /home/ri-one/ros2_ws/src/install/kobuki_ros_interfaces/share/kobuki_ros_interfaces/msg/DigitalInputEvent.msg
[1.824s] -- Up-to-date: /home/ri-one/ros2_ws/src/install/kobuki_ros_interfaces/share/kobuki_ros_interfaces/msg/DockInfraRed.msg
[1.824s] -- Up-to-date: /home/ri-one/ros2_ws/src/install/kobuki_ros_interfaces/share/kobuki_ros_interfaces/msg/KeyboardInput.msg
[1.824s] -- Up-to-date: /home/ri-one/ros2_ws/src/install/kobuki_ros_interfaces/share/kobuki_ros_interfaces/msg/MotorPower.msg
[1.825s] -- Up-to-date: /home/ri-one/ros2_ws/src/install/kobuki_ros_interfaces/share/kobuki_ros_interfaces/msg/RobotStateEvent.msg
[1.825s] -- Up-to-date: /home/ri-one/ros2_ws/src/install/kobuki_ros_interfaces/share/kobuki_ros_interfaces/msg/Sound.msg
[1.825s] -- Up-to-date: /home/ri-one/ros2_ws/src/install/kobuki_ros_interfaces/share/kobuki_ros_interfaces/msg/ScanAngle.msg
[1.826s] -- Up-to-date: /home/ri-one/ros2_ws/src/install/kobuki_ros_interfaces/share/kobuki_ros_interfaces/msg/WheelDropEvent.msg
[1.826s] -- Up-to-date: /home/ri-one/ros2_ws/src/install/kobuki_ros_interfaces/share/kobuki_ros_interfaces/action/AutoDocking.action
[1.826s] -- Up-to-date: /home/ri-one/ros2_ws/src/install/kobuki_ros_interfaces/share/ament_index/resource_index/package_run_dependencies/kobuki_ros_interfaces
[1.826s] -- Up-to-date: /home/ri-one/ros2_ws/src/install/kobuki_ros_interfaces/share/ament_index/resource_index/parent_prefix_path/kobuki_ros_interfaces
[1.826s] -- Up-to-date: /home/ri-one/ros2_ws/src/install/kobuki_ros_interfaces/share/kobuki_ros_interfaces/environment/ament_prefix_path.sh
[1.826s] -- Up-to-date: /home/ri-one/ros2_ws/src/install/kobuki_ros_interfaces/share/kobuki_ros_interfaces/environment/ament_prefix_path.dsv
[1.827s] -- Up-to-date: /home/ri-one/ros2_ws/src/install/kobuki_ros_interfaces/share/kobuki_ros_interfaces/environment/path.sh
[1.827s] -- Up-to-date: /home/ri-one/ros2_ws/src/install/kobuki_ros_interfaces/share/kobuki_ros_interfaces/environment/path.dsv
[1.827s] -- Up-to-date: /home/ri-one/ros2_ws/src/install/kobuki_ros_interfaces/share/kobuki_ros_interfaces/local_setup.bash
[1.827s] -- Up-to-date: /home/ri-one/ros2_ws/src/install/kobuki_ros_interfaces/share/kobuki_ros_interfaces/local_setup.sh
[1.827s] -- Up-to-date: /home/ri-one/ros2_ws/src/install/kobuki_ros_interfaces/share/kobuki_ros_interfaces/local_setup.zsh
[1.827s] -- Up-to-date: /home/ri-one/ros2_ws/src/install/kobuki_ros_interfaces/share/kobuki_ros_interfaces/local_setup.dsv
[1.828s] -- Installing: /home/ri-one/ros2_ws/src/install/kobuki_ros_interfaces/share/kobuki_ros_interfaces/package.dsv
[1.828s] -- Up-to-date: /home/ri-one/ros2_ws/src/install/kobuki_ros_interfaces/share/ament_index/resource_index/packages/kobuki_ros_interfaces
[1.828s] -- Up-to-date: /home/ri-one/ros2_ws/src/install/kobuki_ros_interfaces/share/kobuki_ros_interfaces/cmake/export_kobuki_ros_interfaces__rosidl_generator_cExport.cmake
[1.828s] -- Up-to-date: /home/ri-one/ros2_ws/src/install/kobuki_ros_interfaces/share/kobuki_ros_interfaces/cmake/export_kobuki_ros_interfaces__rosidl_generator_cExport-noconfig.cmake
[1.828s] -- Up-to-date: /home/ri-one/ros2_ws/src/install/kobuki_ros_interfaces/share/kobuki_ros_interfaces/cmake/export_kobuki_ros_interfaces__rosidl_typesupport_fastrtps_cExport.cmake
[1.828s] -- Up-to-date: /home/ri-one/ros2_ws/src/install/kobuki_ros_interfaces/share/kobuki_ros_interfaces/cmake/export_kobuki_ros_interfaces__rosidl_typesupport_fastrtps_cExport-noconfig.cmake
[1.828s] -- Up-to-date: /home/ri-one/ros2_ws/src/install/kobuki_ros_interfaces/share/kobuki_ros_interfaces/cmake/export_kobuki_ros_interfaces__rosidl_generator_cppExport.cmake
[1.829s] -- Up-to-date: /home/ri-one/ros2_ws/src/install/kobuki_ros_interfaces/share/kobuki_ros_interfaces/cmake/export_kobuki_ros_interfaces__rosidl_typesupport_fastrtps_cppExport.cmake
[1.829s] -- Up-to-date: /home/ri-one/ros2_ws/src/install/kobuki_ros_interfaces/share/kobuki_ros_interfaces/cmake/export_kobuki_ros_interfaces__rosidl_typesupport_fastrtps_cppExport-noconfig.cmake
[1.829s] -- Up-to-date: /home/ri-one/ros2_ws/src/install/kobuki_ros_interfaces/share/kobuki_ros_interfaces/cmake/kobuki_ros_interfaces__rosidl_typesupport_introspection_cExport.cmake
[1.829s] -- Up-to-date: /home/ri-one/ros2_ws/src/install/kobuki_ros_interfaces/share/kobuki_ros_interfaces/cmake/kobuki_ros_interfaces__rosidl_typesupport_introspection_cExport-noconfig.cmake
[1.829s] -- Up-to-date: /home/ri-one/ros2_ws/src/install/kobuki_ros_interfaces/share/kobuki_ros_interfaces/cmake/kobuki_ros_interfaces__rosidl_typesupport_cExport.cmake
[1.829s] -- Up-to-date: /home/ri-one/ros2_ws/src/install/kobuki_ros_interfaces/share/kobuki_ros_interfaces/cmake/kobuki_ros_interfaces__rosidl_typesupport_cExport-noconfig.cmake
[1.829s] -- Up-to-date: /home/ri-one/ros2_ws/src/install/kobuki_ros_interfaces/share/kobuki_ros_interfaces/cmake/kobuki_ros_interfaces__rosidl_typesupport_introspection_cppExport.cmake
[1.830s] -- Up-to-date: /home/ri-one/ros2_ws/src/install/kobuki_ros_interfaces/share/kobuki_ros_interfaces/cmake/kobuki_ros_interfaces__rosidl_typesupport_introspection_cppExport-noconfig.cmake
[1.830s] -- Up-to-date: /home/ri-one/ros2_ws/src/install/kobuki_ros_interfaces/share/kobuki_ros_interfaces/cmake/kobuki_ros_interfaces__rosidl_typesupport_cppExport.cmake
[1.831s] -- Up-to-date: /home/ri-one/ros2_ws/src/install/kobuki_ros_interfaces/share/kobuki_ros_interfaces/cmake/kobuki_ros_interfaces__rosidl_typesupport_cppExport-noconfig.cmake
[1.832s] -- Up-to-date: /home/ri-one/ros2_ws/src/install/kobuki_ros_interfaces/share/kobuki_ros_interfaces/cmake/export_kobuki_ros_interfaces__rosidl_generator_pyExport.cmake
[1.833s] -- Up-to-date: /home/ri-one/ros2_ws/src/install/kobuki_ros_interfaces/share/kobuki_ros_interfaces/cmake/export_kobuki_ros_interfaces__rosidl_generator_pyExport-noconfig.cmake
[1.833s] -- Up-to-date: /home/ri-one/ros2_ws/src/install/kobuki_ros_interfaces/share/kobuki_ros_interfaces/cmake/rosidl_cmake-extras.cmake
[1.833s] -- Up-to-date: /home/ri-one/ros2_ws/src/install/kobuki_ros_interfaces/share/kobuki_ros_interfaces/cmake/ament_cmake_export_dependencies-extras.cmake
[1.833s] -- Up-to-date: /home/ri-one/ros2_ws/src/install/kobuki_ros_interfaces/share/kobuki_ros_interfaces/cmake/ament_cmake_export_include_directories-extras.cmake
[1.833s] -- Up-to-date: /home/ri-one/ros2_ws/src/install/kobuki_ros_interfaces/share/kobuki_ros_interfaces/cmake/ament_cmake_export_libraries-extras.cmake
[1.834s] -- Up-to-date: /home/ri-one/ros2_ws/src/install/kobuki_ros_interfaces/share/kobuki_ros_interfaces/cmake/ament_cmake_export_targets-extras.cmake
[1.834s] -- Up-to-date: /home/ri-one/ros2_ws/src/install/kobuki_ros_interfaces/share/kobuki_ros_interfaces/cmake/rosidl_cmake_export_typesupport_targets-extras.cmake
[1.834s] -- Up-to-date: /home/ri-one/ros2_ws/src/install/kobuki_ros_interfaces/share/kobuki_ros_interfaces/cmake/rosidl_cmake_export_typesupport_libraries-extras.cmake
[1.834s] -- Up-to-date: /home/ri-one/ros2_ws/src/install/kobuki_ros_interfaces/share/kobuki_ros_interfaces/cmake/kobuki_ros_interfacesConfig.cmake
[1.834s] -- Up-to-date: /home/ri-one/ros2_ws/src/install/kobuki_ros_interfaces/share/kobuki_ros_interfaces/cmake/kobuki_ros_interfacesConfig-version.cmake
[1.834s] -- Up-to-date: /home/ri-one/ros2_ws/src/install/kobuki_ros_interfaces/share/kobuki_ros_interfaces/package.xml
[1.856s] Invoked command in '/home/ri-one/ros2_ws/src/build/kobuki_ros_interfaces' returned '0': CMAKE_PREFIX_PATH=${CMAKE_PREFIX_PATH}:/opt/ros/humble /usr/bin/cmake --install /home/ri-one/ros2_ws/src/build/kobuki_ros_interfaces
