[0.026s] Invoking command in '/home/ri-one/ri_one_master_ws/build/ecl_console': AMENT_PREFIX_PATH=/home/ri-one/ri_one_master_ws/install/ecl_config:${AMENT_PREFIX_PATH} CMAKE_PREFIX_PATH=/home/ri-one/ri_one_master_ws/install/ecl_config:/opt/ros/humble PATH=/home/ri-one/ri_one_master_ws/install/ecl_config/bin:${PATH} /usr/bin/cmake /home/ri-one/ri_one_master_ws/src/turtlebot2_ros2/ecl_lite/ecl_console -DAMENT_CMAKE_SYMLINK_INSTALL=1 -DCMAKE_INSTALL_PREFIX=/home/ri-one/ri_one_master_ws/install/ecl_console
[0.162s] -- The C compiler identification is GNU 11.4.0
[0.294s] -- The CXX compiler identification is GNU 11.4.0
[0.317s] -- Detecting C compiler ABI info
[0.477s] -- Detecting C compiler ABI info - done
[0.502s] -- Check for working C compiler: /usr/bin/cc - skipped
[0.502s] -- Detecting C compile features
[0.502s] -- Detecting C compile features - done
[0.511s] -- Detecting CXX compiler ABI info
[0.702s] -- Detecting CXX compiler ABI info - done
[0.739s] -- Check for working CXX compiler: /usr/bin/c++ - skipped
[0.740s] -- Detecting CXX compile features
[0.745s] -- Detecting CXX compile features - done
[0.752s] -- Found ament_cmake_ros: 0.10.0 (/opt/ros/humble/share/ament_cmake_ros/cmake)
[1.185s] -- Found Python3: /usr/bin/python3 (found version "3.10.12") found components: Interpreter 
[1.344s] -- Override CMake install command with custom implementation using symlinks instead of copying resources
[1.429s] -- Found ecl_build: 1.0.3 (/opt/ros/humble/share/ecl_build/cmake)
[1.444s] -- Found ecl_config: 1.2.0 (/home/ri-one/ri_one_master_ws/install/ecl_config/share/ecl_config/cmake)
[1.623s] -- Configuring done
[1.635s] -- Generating done
[1.642s] -- Build files have been written to: /home/ri-one/ri_one_master_ws/build/ecl_console
[1.668s] Invoked command in '/home/ri-one/ri_one_master_ws/build/ecl_console' returned '0': AMENT_PREFIX_PATH=/home/ri-one/ri_one_master_ws/install/ecl_config:${AMENT_PREFIX_PATH} CMAKE_PREFIX_PATH=/home/ri-one/ri_one_master_ws/install/ecl_config:/opt/ros/humble PATH=/home/ri-one/ri_one_master_ws/install/ecl_config/bin:${PATH} /usr/bin/cmake /home/ri-one/ri_one_master_ws/src/turtlebot2_ros2/ecl_lite/ecl_console -DAMENT_CMAKE_SYMLINK_INSTALL=1 -DCMAKE_INSTALL_PREFIX=/home/ri-one/ri_one_master_ws/install/ecl_console
[1.669s] Invoking command in '/home/ri-one/ri_one_master_ws/build/ecl_console': AMENT_PREFIX_PATH=/home/ri-one/ri_one_master_ws/install/ecl_config:${AMENT_PREFIX_PATH} CMAKE_PREFIX_PATH=/home/ri-one/ri_one_master_ws/install/ecl_config:/opt/ros/humble PATH=/home/ri-one/ri_one_master_ws/install/ecl_config/bin:${PATH} /usr/bin/cmake --build /home/ri-one/ri_one_master_ws/build/ecl_console -- -j4 -l4
[1.748s] Invoked command in '/home/ri-one/ri_one_master_ws/build/ecl_console' returned '0': AMENT_PREFIX_PATH=/home/ri-one/ri_one_master_ws/install/ecl_config:${AMENT_PREFIX_PATH} CMAKE_PREFIX_PATH=/home/ri-one/ri_one_master_ws/install/ecl_config:/opt/ros/humble PATH=/home/ri-one/ri_one_master_ws/install/ecl_config/bin:${PATH} /usr/bin/cmake --build /home/ri-one/ri_one_master_ws/build/ecl_console -- -j4 -l4
[1.749s] Invoking command in '/home/ri-one/ri_one_master_ws/build/ecl_console': AMENT_PREFIX_PATH=/home/ri-one/ri_one_master_ws/install/ecl_config:${AMENT_PREFIX_PATH} CMAKE_PREFIX_PATH=/home/ri-one/ri_one_master_ws/install/ecl_config:/opt/ros/humble PATH=/home/ri-one/ri_one_master_ws/install/ecl_config/bin:${PATH} /usr/bin/cmake --install /home/ri-one/ri_one_master_ws/build/ecl_console
[1.768s] -- Install configuration: ""
[1.769s] -- Execute custom install script
[1.770s] -- Symlinking: /home/ri-one/ri_one_master_ws/install/ecl_console/share/ament_index/resource_index/package_run_dependencies/ecl_console
[1.787s] -- Symlinking: /home/ri-one/ri_one_master_ws/install/ecl_console/share/ament_index/resource_index/parent_prefix_path/ecl_console
[1.806s] -- Symlinking: /home/ri-one/ri_one_master_ws/install/ecl_console/share/ecl_console/environment/ament_prefix_path.sh
[1.825s] -- Symlinking: /home/ri-one/ri_one_master_ws/install/ecl_console/share/ecl_console/environment/ament_prefix_path.dsv
[1.843s] -- Symlinking: /home/ri-one/ri_one_master_ws/install/ecl_console/share/ecl_console/environment/path.sh
[1.862s] -- Symlinking: /home/ri-one/ri_one_master_ws/install/ecl_console/share/ecl_console/environment/path.dsv
[1.881s] -- Symlinking: /home/ri-one/ri_one_master_ws/install/ecl_console/share/ecl_console/local_setup.bash
[1.902s] -- Symlinking: /home/ri-one/ri_one_master_ws/install/ecl_console/share/ecl_console/local_setup.sh
[1.921s] -- Symlinking: /home/ri-one/ri_one_master_ws/install/ecl_console/share/ecl_console/local_setup.zsh
[1.941s] -- Symlinking: /home/ri-one/ri_one_master_ws/install/ecl_console/share/ecl_console/local_setup.dsv
[1.960s] -- Symlinking: /home/ri-one/ri_one_master_ws/install/ecl_console/share/ecl_console/package.dsv
[1.978s] -- Symlinking: /home/ri-one/ri_one_master_ws/install/ecl_console/share/ament_index/resource_index/packages/ecl_console
[1.998s] -- Symlinking: /home/ri-one/ri_one_master_ws/install/ecl_console/share/ecl_console/cmake/ament_cmake_export_targets-extras.cmake
[2.016s] -- Symlinking: /home/ri-one/ri_one_master_ws/install/ecl_console/share/ecl_console/cmake/ament_cmake_export_include_directories-extras.cmake
[2.034s] -- Symlinking: /home/ri-one/ri_one_master_ws/install/ecl_console/share/ecl_console/cmake/ament_cmake_export_dependencies-extras.cmake
[2.054s] -- Symlinking: /home/ri-one/ri_one_master_ws/install/ecl_console/share/ecl_console/cmake/ecl_consoleConfig.cmake
[2.073s] -- Symlinking: /home/ri-one/ri_one_master_ws/install/ecl_console/share/ecl_console/cmake/ecl_consoleConfig-version.cmake
[2.091s] -- Symlinking: /home/ri-one/ri_one_master_ws/install/ecl_console/share/ecl_console/package.xml
[2.110s] -- Installing: /home/ri-one/ri_one_master_ws/install/ecl_console/include/ecl
[2.113s] -- Installing: /home/ri-one/ri_one_master_ws/install/ecl_console/include/ecl/console.hpp
[2.114s] -- Installing: /home/ri-one/ri_one_master_ws/install/ecl_console/share/ecl_console/cmake/ecl_consoleExport.cmake
[2.120s] Invoked command in '/home/ri-one/ri_one_master_ws/build/ecl_console' returned '0': AMENT_PREFIX_PATH=/home/ri-one/ri_one_master_ws/install/ecl_config:${AMENT_PREFIX_PATH} CMAKE_PREFIX_PATH=/home/ri-one/ri_one_master_ws/install/ecl_config:/opt/ros/humble PATH=/home/ri-one/ri_one_master_ws/install/ecl_config/bin:${PATH} /usr/bin/cmake --install /home/ri-one/ri_one_master_ws/build/ecl_console
