[0.104s] Invoking command in '/home/ri-one/ros2_ws/src/build/ecl_time': AMENT_PREFIX_PATH=/home/ri-one/ros2_ws/src/install/ecl_time_lite:/home/ri-one/ros2_ws/src/install/ecl_exceptions:/home/ri-one/ros2_ws/src/install/ecl_errors:/home/ri-one/ros2_ws/src/install/ecl_config:${AMENT_PREFIX_PATH} CMAKE_PREFIX_PATH=/home/ri-one/ros2_ws/src/install/ecl_time_lite:/home/ri-one/ros2_ws/src/install/ecl_exceptions:/home/ri-one/ros2_ws/src/install/ecl_errors:/home/ri-one/ros2_ws/src/install/ecl_config:/home/ri-one/ros2_ws/install/kobuki_ros:/home/ri-one/ros2_ws/install/kobuki_safety_controller:/home/ri-one/ros2_ws/install/kobuki_random_walker:/home/ri-one/ros2_ws/install/kobuki_node:/home/ri-one/ros2_ws/install/kobuki_keyop:/home/ri-one/ros2_ws/install/kobuki_bumper2pc:/home/ri-one/ros2_ws/install/kobuki_auto_docking:/home/ri-one/ros2_ws/install/kobuki_ros_interfaces:/home/ri-one/ros2_ws/install/kobuki_description:/home/ri-one/ros2_ws/install/kobuki_core:/home/ri-one/ros2_ws/install/ecl_core:/home/ri-one/ros2_ws/install/ecl_core_apps:/home/ri-one/ros2_ws/install/ecl_streams:/home/ri-one/ros2_ws/install/ecl_sigslots:/home/ri-one/ros2_ws/install/ecl_ipc:/home/ri-one/ros2_ws/install/ecl_devices:/home/ri-one/ros2_ws/install/ecl_threads:/home/ri-one/ros2_ws/install/ecl_mobile_robot:/home/ri-one/ros2_ws/install/ecl_manipulators:/home/ri-one/ros2_ws/install/ecl_geometry:/home/ri-one/ros2_ws/install/ecl_containers:/home/ri-one/ros2_ws/install/ecl_utilities:/home/ri-one/ros2_ws/install/ecl_statistics:/home/ri-one/ros2_ws/install/ecl_linear_algebra:/home/ri-one/ros2_ws/install/ecl_math:/home/ri-one/ros2_ws/install/ecl_formatters:/home/ri-one/ros2_ws/install/ecl_converters:/home/ri-one/ros2_ws/install/ecl_concepts:/home/ri-one/ros2_ws/install/ecl_type_traits:/home/ri-one/ros2_ws/install/ecl_time:/home/ri-one/ros2_ws/install/ecl_lite:/home/ri-one/ros2_ws/install/ecl_time_lite:/home/ri-one/ros2_ws/install/ecl_sigslots_lite:/home/ri-one/ros2_ws/install/ecl_mpl:/home/ri-one/ros2_ws/install/ecl_io:/home/ri-one/ros2_ws/install/ecl_filesystem:/home/ri-one/ros2_ws/install/ecl_exceptions:/home/ri-one/ros2_ws/install/ecl_errors:/home/ri-one/ros2_ws/install/ecl_eigen:/home/ri-one/ros2_ws/install/ecl_converters_lite:/home/ri-one/ros2_ws/install/ecl_console:/home/ri-one/ros2_ws/install/ecl_config:/home/ri-one/ros2_ws/install/ecl_command_line:/home/ri-one/ros2_ws/install/cmd_vel_mux:/opt/ros/humble LD_LIBRARY_PATH=/home/ri-one/ros2_ws/src/install/ecl_time_lite/lib:/home/ri-one/ros2_ws/src/install/ecl_exceptions/lib:/home/ri-one/ros2_ws/src/install/ecl_errors/lib:${LD_LIBRARY_PATH} PATH=/home/ri-one/ros2_ws/src/install/ecl_config/bin:${PATH} /usr/bin/cmake --build /home/ri-one/ros2_ws/src/build/ecl_time -- -j4 -l4
[0.313s] [ 35%] Built target ecl_time
[0.313s] [ 41%] Built target gtest
[0.325s] [ 47%] Built target gtest_main
[0.417s] [ 52%] Built target ecl_time_example_sleep
[0.461s] [ 58%] Built target ecl_time_example_random_number_generator
[0.471s] [ 64%] Built target ecl_test_cpuwatch_rt
[0.543s] [ 70%] Built target ecl_test_frequency
[0.576s] [ 76%] Built target ecl_test_timestamp
[0.600s] [ 82%] Built target ecl_test_snooze
[0.619s] [ 88%] Built target ecl_test_sleep
[0.685s] [ 94%] Built target ecl_test_time_data
[0.704s] [100%] Built target ecl_test_stopwatch
[0.770s] Invoked command in '/home/ri-one/ros2_ws/src/build/ecl_time' returned '0': AMENT_PREFIX_PATH=/home/ri-one/ros2_ws/src/install/ecl_time_lite:/home/ri-one/ros2_ws/src/install/ecl_exceptions:/home/ri-one/ros2_ws/src/install/ecl_errors:/home/ri-one/ros2_ws/src/install/ecl_config:${AMENT_PREFIX_PATH} CMAKE_PREFIX_PATH=/home/ri-one/ros2_ws/src/install/ecl_time_lite:/home/ri-one/ros2_ws/src/install/ecl_exceptions:/home/ri-one/ros2_ws/src/install/ecl_errors:/home/ri-one/ros2_ws/src/install/ecl_config:/home/ri-one/ros2_ws/install/kobuki_ros:/home/ri-one/ros2_ws/install/kobuki_safety_controller:/home/ri-one/ros2_ws/install/kobuki_random_walker:/home/ri-one/ros2_ws/install/kobuki_node:/home/ri-one/ros2_ws/install/kobuki_keyop:/home/ri-one/ros2_ws/install/kobuki_bumper2pc:/home/ri-one/ros2_ws/install/kobuki_auto_docking:/home/ri-one/ros2_ws/install/kobuki_ros_interfaces:/home/ri-one/ros2_ws/install/kobuki_description:/home/ri-one/ros2_ws/install/kobuki_core:/home/ri-one/ros2_ws/install/ecl_core:/home/ri-one/ros2_ws/install/ecl_core_apps:/home/ri-one/ros2_ws/install/ecl_streams:/home/ri-one/ros2_ws/install/ecl_sigslots:/home/ri-one/ros2_ws/install/ecl_ipc:/home/ri-one/ros2_ws/install/ecl_devices:/home/ri-one/ros2_ws/install/ecl_threads:/home/ri-one/ros2_ws/install/ecl_mobile_robot:/home/ri-one/ros2_ws/install/ecl_manipulators:/home/ri-one/ros2_ws/install/ecl_geometry:/home/ri-one/ros2_ws/install/ecl_containers:/home/ri-one/ros2_ws/install/ecl_utilities:/home/ri-one/ros2_ws/install/ecl_statistics:/home/ri-one/ros2_ws/install/ecl_linear_algebra:/home/ri-one/ros2_ws/install/ecl_math:/home/ri-one/ros2_ws/install/ecl_formatters:/home/ri-one/ros2_ws/install/ecl_converters:/home/ri-one/ros2_ws/install/ecl_concepts:/home/ri-one/ros2_ws/install/ecl_type_traits:/home/ri-one/ros2_ws/install/ecl_time:/home/ri-one/ros2_ws/install/ecl_lite:/home/ri-one/ros2_ws/install/ecl_time_lite:/home/ri-one/ros2_ws/install/ecl_sigslots_lite:/home/ri-one/ros2_ws/install/ecl_mpl:/home/ri-one/ros2_ws/install/ecl_io:/home/ri-one/ros2_ws/install/ecl_filesystem:/home/ri-one/ros2_ws/install/ecl_exceptions:/home/ri-one/ros2_ws/install/ecl_errors:/home/ri-one/ros2_ws/install/ecl_eigen:/home/ri-one/ros2_ws/install/ecl_converters_lite:/home/ri-one/ros2_ws/install/ecl_console:/home/ri-one/ros2_ws/install/ecl_config:/home/ri-one/ros2_ws/install/ecl_command_line:/home/ri-one/ros2_ws/install/cmd_vel_mux:/opt/ros/humble LD_LIBRARY_PATH=/home/ri-one/ros2_ws/src/install/ecl_time_lite/lib:/home/ri-one/ros2_ws/src/install/ecl_exceptions/lib:/home/ri-one/ros2_ws/src/install/ecl_errors/lib:${LD_LIBRARY_PATH} PATH=/home/ri-one/ros2_ws/src/install/ecl_config/bin:${PATH} /usr/bin/cmake --build /home/ri-one/ros2_ws/src/build/ecl_time -- -j4 -l4
[0.771s] Invoking command in '/home/ri-one/ros2_ws/src/build/ecl_time': AMENT_PREFIX_PATH=/home/ri-one/ros2_ws/src/install/ecl_time_lite:/home/ri-one/ros2_ws/src/install/ecl_exceptions:/home/ri-one/ros2_ws/src/install/ecl_errors:/home/ri-one/ros2_ws/src/install/ecl_config:${AMENT_PREFIX_PATH} CMAKE_PREFIX_PATH=/home/ri-one/ros2_ws/src/install/ecl_time_lite:/home/ri-one/ros2_ws/src/install/ecl_exceptions:/home/ri-one/ros2_ws/src/install/ecl_errors:/home/ri-one/ros2_ws/src/install/ecl_config:/home/ri-one/ros2_ws/install/kobuki_ros:/home/ri-one/ros2_ws/install/kobuki_safety_controller:/home/ri-one/ros2_ws/install/kobuki_random_walker:/home/ri-one/ros2_ws/install/kobuki_node:/home/ri-one/ros2_ws/install/kobuki_keyop:/home/ri-one/ros2_ws/install/kobuki_bumper2pc:/home/ri-one/ros2_ws/install/kobuki_auto_docking:/home/ri-one/ros2_ws/install/kobuki_ros_interfaces:/home/ri-one/ros2_ws/install/kobuki_description:/home/ri-one/ros2_ws/install/kobuki_core:/home/ri-one/ros2_ws/install/ecl_core:/home/ri-one/ros2_ws/install/ecl_core_apps:/home/ri-one/ros2_ws/install/ecl_streams:/home/ri-one/ros2_ws/install/ecl_sigslots:/home/ri-one/ros2_ws/install/ecl_ipc:/home/ri-one/ros2_ws/install/ecl_devices:/home/ri-one/ros2_ws/install/ecl_threads:/home/ri-one/ros2_ws/install/ecl_mobile_robot:/home/ri-one/ros2_ws/install/ecl_manipulators:/home/ri-one/ros2_ws/install/ecl_geometry:/home/ri-one/ros2_ws/install/ecl_containers:/home/ri-one/ros2_ws/install/ecl_utilities:/home/ri-one/ros2_ws/install/ecl_statistics:/home/ri-one/ros2_ws/install/ecl_linear_algebra:/home/ri-one/ros2_ws/install/ecl_math:/home/ri-one/ros2_ws/install/ecl_formatters:/home/ri-one/ros2_ws/install/ecl_converters:/home/ri-one/ros2_ws/install/ecl_concepts:/home/ri-one/ros2_ws/install/ecl_type_traits:/home/ri-one/ros2_ws/install/ecl_time:/home/ri-one/ros2_ws/install/ecl_lite:/home/ri-one/ros2_ws/install/ecl_time_lite:/home/ri-one/ros2_ws/install/ecl_sigslots_lite:/home/ri-one/ros2_ws/install/ecl_mpl:/home/ri-one/ros2_ws/install/ecl_io:/home/ri-one/ros2_ws/install/ecl_filesystem:/home/ri-one/ros2_ws/install/ecl_exceptions:/home/ri-one/ros2_ws/install/ecl_errors:/home/ri-one/ros2_ws/install/ecl_eigen:/home/ri-one/ros2_ws/install/ecl_converters_lite:/home/ri-one/ros2_ws/install/ecl_console:/home/ri-one/ros2_ws/install/ecl_config:/home/ri-one/ros2_ws/install/ecl_command_line:/home/ri-one/ros2_ws/install/cmd_vel_mux:/opt/ros/humble LD_LIBRARY_PATH=/home/ri-one/ros2_ws/src/install/ecl_time_lite/lib:/home/ri-one/ros2_ws/src/install/ecl_exceptions/lib:/home/ri-one/ros2_ws/src/install/ecl_errors/lib:${LD_LIBRARY_PATH} PATH=/home/ri-one/ros2_ws/src/install/ecl_config/bin:${PATH} /usr/bin/cmake --install /home/ri-one/ros2_ws/src/build/ecl_time
[0.799s] -- Install configuration: ""
[0.804s] -- Up-to-date: /home/ri-one/ros2_ws/src/install/ecl_time/share/ecl_time/environment/library_path.sh
[0.804s] -- Up-to-date: /home/ri-one/ros2_ws/src/install/ecl_time/share/ecl_time/environment/library_path.dsv
[0.804s] -- Up-to-date: /home/ri-one/ros2_ws/src/install/ecl_time/share/ament_index/resource_index/package_run_dependencies/ecl_time
[0.804s] -- Up-to-date: /home/ri-one/ros2_ws/src/install/ecl_time/share/ament_index/resource_index/parent_prefix_path/ecl_time
[0.805s] -- Up-to-date: /home/ri-one/ros2_ws/src/install/ecl_time/share/ecl_time/environment/ament_prefix_path.sh
[0.805s] -- Up-to-date: /home/ri-one/ros2_ws/src/install/ecl_time/share/ecl_time/environment/ament_prefix_path.dsv
[0.805s] -- Up-to-date: /home/ri-one/ros2_ws/src/install/ecl_time/share/ecl_time/environment/path.sh
[0.805s] -- Up-to-date: /home/ri-one/ros2_ws/src/install/ecl_time/share/ecl_time/environment/path.dsv
[0.811s] -- Up-to-date: /home/ri-one/ros2_ws/src/install/ecl_time/share/ecl_time/local_setup.bash
[0.812s] -- Up-to-date: /home/ri-one/ros2_ws/src/install/ecl_time/share/ecl_time/local_setup.sh
[0.812s] -- Up-to-date: /home/ri-one/ros2_ws/src/install/ecl_time/share/ecl_time/local_setup.zsh
[0.812s] -- Up-to-date: /home/ri-one/ros2_ws/src/install/ecl_time/share/ecl_time/local_setup.dsv
[0.812s] -- Installing: /home/ri-one/ros2_ws/src/install/ecl_time/share/ecl_time/package.dsv
[0.812s] -- Up-to-date: /home/ri-one/ros2_ws/src/install/ecl_time/share/ament_index/resource_index/packages/ecl_time
[0.812s] -- Up-to-date: /home/ri-one/ros2_ws/src/install/ecl_time/share/ecl_time/cmake/ecl_timeExport.cmake
[0.812s] -- Up-to-date: /home/ri-one/ros2_ws/src/install/ecl_time/share/ecl_time/cmake/ecl_timeExport-noconfig.cmake
[0.812s] -- Up-to-date: /home/ri-one/ros2_ws/src/install/ecl_time/share/ecl_time/cmake/ament_cmake_export_targets-extras.cmake
[0.812s] -- Up-to-date: /home/ri-one/ros2_ws/src/install/ecl_time/share/ecl_time/cmake/ament_cmake_export_include_directories-extras.cmake
[0.813s] -- Up-to-date: /home/ri-one/ros2_ws/src/install/ecl_time/share/ecl_time/cmake/ament_cmake_export_libraries-extras.cmake
[0.813s] -- Up-to-date: /home/ri-one/ros2_ws/src/install/ecl_time/share/ecl_time/cmake/ament_cmake_export_dependencies-extras.cmake
[0.813s] -- Up-to-date: /home/ri-one/ros2_ws/src/install/ecl_time/share/ecl_time/cmake/ecl_timeConfig.cmake
[0.820s] -- Up-to-date: /home/ri-one/ros2_ws/src/install/ecl_time/share/ecl_time/cmake/ecl_timeConfig-version.cmake
[0.820s] -- Up-to-date: /home/ri-one/ros2_ws/src/install/ecl_time/share/ecl_time/package.xml
[0.820s] -- Up-to-date: /home/ri-one/ros2_ws/src/install/ecl_time/include/ecl/time.hpp
[0.820s] -- Up-to-date: /home/ri-one/ros2_ws/src/install/ecl_time/include/ecl/time/cpuwatch.hpp
[0.821s] -- Up-to-date: /home/ri-one/ros2_ws/src/install/ecl_time/include/ecl/time/cpuwatch_rt.hpp
[0.821s] -- Up-to-date: /home/ri-one/ros2_ws/src/install/ecl_time/include/ecl/time/duration.hpp
[0.821s] -- Up-to-date: /home/ri-one/ros2_ws/src/install/ecl_time/include/ecl/time/frequency.hpp
[0.821s] -- Up-to-date: /home/ri-one/ros2_ws/src/install/ecl_time/include/ecl/time/macros.hpp
[0.821s] -- Up-to-date: /home/ri-one/ros2_ws/src/install/ecl_time/include/ecl/time/random_number_generator.hpp
[0.821s] -- Up-to-date: /home/ri-one/ros2_ws/src/install/ecl_time/include/ecl/time/sleep.hpp
[0.821s] -- Up-to-date: /home/ri-one/ros2_ws/src/install/ecl_time/include/ecl/time/sleep_pos.hpp
[0.823s] -- Up-to-date: /home/ri-one/ros2_ws/src/install/ecl_time/include/ecl/time/sleep_win.hpp
[0.825s] -- Up-to-date: /home/ri-one/ros2_ws/src/install/ecl_time/include/ecl/time/snooze.hpp
[0.825s] -- Up-to-date: /home/ri-one/ros2_ws/src/install/ecl_time/include/ecl/time/snooze_pos.hpp
[0.825s] -- Up-to-date: /home/ri-one/ros2_ws/src/install/ecl_time/include/ecl/time/snooze_win.hpp
[0.825s] -- Up-to-date: /home/ri-one/ros2_ws/src/install/ecl_time/include/ecl/time/stopwatch.hpp
[0.825s] -- Up-to-date: /home/ri-one/ros2_ws/src/install/ecl_time/include/ecl/time/time_data.hpp
[0.826s] -- Up-to-date: /home/ri-one/ros2_ws/src/install/ecl_time/include/ecl/time/timestamp.hpp
[0.826s] -- Up-to-date: /home/ri-one/ros2_ws/src/install/ecl_time/include/ecl/time/timestamp_base.hpp
[0.826s] -- Up-to-date: /home/ri-one/ros2_ws/src/install/ecl_time/include/ecl/time/timestamp_pos.hpp
[0.826s] -- Up-to-date: /home/ri-one/ros2_ws/src/install/ecl_time/include/ecl/time/timestamp_win.hpp
[0.826s] -- Up-to-date: /home/ri-one/ros2_ws/src/install/ecl_time/lib/libecl_time.so.1.2.1
[0.826s] -- Up-to-date: /home/ri-one/ros2_ws/src/install/ecl_time/lib/libecl_time.so
[0.826s] -- Up-to-date: /home/ri-one/ros2_ws/src/install/ecl_time/lib/ecl_time/demo_random_number_generator
[0.827s] -- Up-to-date: /home/ri-one/ros2_ws/src/install/ecl_time/lib/ecl_time/demo_sleep
[0.861s] Invoked command in '/home/ri-one/ros2_ws/src/build/ecl_time' returned '0': AMENT_PREFIX_PATH=/home/ri-one/ros2_ws/src/install/ecl_time_lite:/home/ri-one/ros2_ws/src/install/ecl_exceptions:/home/ri-one/ros2_ws/src/install/ecl_errors:/home/ri-one/ros2_ws/src/install/ecl_config:${AMENT_PREFIX_PATH} CMAKE_PREFIX_PATH=/home/ri-one/ros2_ws/src/install/ecl_time_lite:/home/ri-one/ros2_ws/src/install/ecl_exceptions:/home/ri-one/ros2_ws/src/install/ecl_errors:/home/ri-one/ros2_ws/src/install/ecl_config:/home/ri-one/ros2_ws/install/kobuki_ros:/home/ri-one/ros2_ws/install/kobuki_safety_controller:/home/ri-one/ros2_ws/install/kobuki_random_walker:/home/ri-one/ros2_ws/install/kobuki_node:/home/ri-one/ros2_ws/install/kobuki_keyop:/home/ri-one/ros2_ws/install/kobuki_bumper2pc:/home/ri-one/ros2_ws/install/kobuki_auto_docking:/home/ri-one/ros2_ws/install/kobuki_ros_interfaces:/home/ri-one/ros2_ws/install/kobuki_description:/home/ri-one/ros2_ws/install/kobuki_core:/home/ri-one/ros2_ws/install/ecl_core:/home/ri-one/ros2_ws/install/ecl_core_apps:/home/ri-one/ros2_ws/install/ecl_streams:/home/ri-one/ros2_ws/install/ecl_sigslots:/home/ri-one/ros2_ws/install/ecl_ipc:/home/ri-one/ros2_ws/install/ecl_devices:/home/ri-one/ros2_ws/install/ecl_threads:/home/ri-one/ros2_ws/install/ecl_mobile_robot:/home/ri-one/ros2_ws/install/ecl_manipulators:/home/ri-one/ros2_ws/install/ecl_geometry:/home/ri-one/ros2_ws/install/ecl_containers:/home/ri-one/ros2_ws/install/ecl_utilities:/home/ri-one/ros2_ws/install/ecl_statistics:/home/ri-one/ros2_ws/install/ecl_linear_algebra:/home/ri-one/ros2_ws/install/ecl_math:/home/ri-one/ros2_ws/install/ecl_formatters:/home/ri-one/ros2_ws/install/ecl_converters:/home/ri-one/ros2_ws/install/ecl_concepts:/home/ri-one/ros2_ws/install/ecl_type_traits:/home/ri-one/ros2_ws/install/ecl_time:/home/ri-one/ros2_ws/install/ecl_lite:/home/ri-one/ros2_ws/install/ecl_time_lite:/home/ri-one/ros2_ws/install/ecl_sigslots_lite:/home/ri-one/ros2_ws/install/ecl_mpl:/home/ri-one/ros2_ws/install/ecl_io:/home/ri-one/ros2_ws/install/ecl_filesystem:/home/ri-one/ros2_ws/install/ecl_exceptions:/home/ri-one/ros2_ws/install/ecl_errors:/home/ri-one/ros2_ws/install/ecl_eigen:/home/ri-one/ros2_ws/install/ecl_converters_lite:/home/ri-one/ros2_ws/install/ecl_console:/home/ri-one/ros2_ws/install/ecl_config:/home/ri-one/ros2_ws/install/ecl_command_line:/home/ri-one/ros2_ws/install/cmd_vel_mux:/opt/ros/humble LD_LIBRARY_PATH=/home/ri-one/ros2_ws/src/install/ecl_time_lite/lib:/home/ri-one/ros2_ws/src/install/ecl_exceptions/lib:/home/ri-one/ros2_ws/src/install/ecl_errors/lib:${LD_LIBRARY_PATH} PATH=/home/ri-one/ros2_ws/src/install/ecl_config/bin:${PATH} /usr/bin/cmake --install /home/ri-one/ros2_ws/src/build/ecl_time
