[0.134s] Invoking command in '/home/ri-one/ri_one_master_ws/build/kinect2_registration': CMAKE_PREFIX_PATH=/opt/ros/humble /usr/bin/cmake --build /home/ri-one/ri_one_master_ws/build/kinect2_registration -- -j4 -l4
[0.467s] [100%] Built target kinect2_registration
[0.647s] Invoked command in '/home/ri-one/ri_one_master_ws/build/kinect2_registration' returned '0': CMAKE_PREFIX_PATH=/opt/ros/humble /usr/bin/cmake --build /home/ri-one/ri_one_master_ws/build/kinect2_registration -- -j4 -l4
[0.648s] Invoking command in '/home/ri-one/ri_one_master_ws/build/kinect2_registration': CMAKE_PREFIX_PATH=/opt/ros/humble /usr/bin/cmake --install /home/ri-one/ri_one_master_ws/build/kinect2_registration
[0.675s] -- Install configuration: ""
[0.684s] -- Execute custom install script
[0.684s] -- Up-to-date symlink: /home/ri-one/ri_one_master_ws/install/kinect2_registration/include/kinect2_registration/kinect2_console.h
[0.684s] -- Up-to-date symlink: /home/ri-one/ri_one_master_ws/install/kinect2_registration/include/kinect2_registration/kinect2_registration.h
[0.685s] -- Up-to-date symlink: /home/ri-one/ri_one_master_ws/install/kinect2_registration/share/kinect2_registration/environment/library_path.sh
[0.685s] -- Up-to-date symlink: /home/ri-one/ri_one_master_ws/install/kinect2_registration/share/kinect2_registration/environment/library_path.dsv
[0.685s] -- Up-to-date symlink: /home/ri-one/ri_one_master_ws/install/kinect2_registration/share/ament_index/resource_index/package_run_dependencies/kinect2_registration
[0.685s] -- Up-to-date symlink: /home/ri-one/ri_one_master_ws/install/kinect2_registration/share/ament_index/resource_index/parent_prefix_path/kinect2_registration
[0.685s] -- Up-to-date symlink: /home/ri-one/ri_one_master_ws/install/kinect2_registration/share/kinect2_registration/environment/ament_prefix_path.sh
[0.685s] -- Up-to-date symlink: /home/ri-one/ri_one_master_ws/install/kinect2_registration/share/kinect2_registration/environment/ament_prefix_path.dsv
[0.690s] -- Up-to-date symlink: /home/ri-one/ri_one_master_ws/install/kinect2_registration/share/kinect2_registration/environment/path.sh
[0.690s] -- Up-to-date symlink: /home/ri-one/ri_one_master_ws/install/kinect2_registration/share/kinect2_registration/environment/path.dsv
[0.690s] -- Up-to-date symlink: /home/ri-one/ri_one_master_ws/install/kinect2_registration/share/kinect2_registration/local_setup.bash
[0.694s] -- Up-to-date symlink: /home/ri-one/ri_one_master_ws/install/kinect2_registration/share/kinect2_registration/local_setup.sh
[0.694s] -- Up-to-date symlink: /home/ri-one/ri_one_master_ws/install/kinect2_registration/share/kinect2_registration/local_setup.zsh
[0.694s] -- Up-to-date symlink: /home/ri-one/ri_one_master_ws/install/kinect2_registration/share/kinect2_registration/local_setup.dsv
[0.695s] -- Symlinking: /home/ri-one/ri_one_master_ws/install/kinect2_registration/share/kinect2_registration/package.dsv
[0.724s] -- Up-to-date symlink: /home/ri-one/ri_one_master_ws/install/kinect2_registration/share/ament_index/resource_index/packages/kinect2_registration
[0.726s] -- Up-to-date symlink: /home/ri-one/ri_one_master_ws/install/kinect2_registration/share/kinect2_registration/cmake/ament_cmake_export_include_directories-extras.cmake
[0.727s] -- Up-to-date symlink: /home/ri-one/ri_one_master_ws/install/kinect2_registration/share/kinect2_registration/cmake/ament_cmake_export_libraries-extras.cmake
[0.730s] -- Up-to-date symlink: /home/ri-one/ri_one_master_ws/install/kinect2_registration/share/kinect2_registration/cmake/kinect2_registrationConfig.cmake
[0.731s] -- Up-to-date symlink: /home/ri-one/ri_one_master_ws/install/kinect2_registration/share/kinect2_registration/cmake/kinect2_registrationConfig-version.cmake
[0.732s] -- Up-to-date symlink: /home/ri-one/ri_one_master_ws/install/kinect2_registration/share/kinect2_registration/package.xml
[0.732s] -- Up-to-date: /home/ri-one/ri_one_master_ws/install/kinect2_registration/lib/libkinect2_registration.a
[0.761s] Invoked command in '/home/ri-one/ri_one_master_ws/build/kinect2_registration' returned '0': CMAKE_PREFIX_PATH=/opt/ros/humble /usr/bin/cmake --install /home/ri-one/ri_one_master_ws/build/kinect2_registration
