[0.044s] Invoking command in '/home/ri-one/ros2_ws/src/build/kobuki_ros_interfaces': CMAKE_PREFIX_PATH=${CMAKE_PREFIX_PATH}:/opt/ros/humble /usr/bin/cmake --build /home/ri-one/ros2_ws/src/build/kobuki_ros_interfaces -- -j4 -l4
[0.300s] [  0%] Built target kobuki_ros_interfaces__cpp
[0.368s] [ 12%] Built target kobuki_ros_interfaces__rosidl_generator_c
[0.461s] [ 12%] Built target ament_cmake_python_copy_kobuki_ros_interfaces
[0.481s] [ 24%] Built target kobuki_ros_interfaces__rosidl_typesupport_fastrtps_cpp
[0.525s] [ 36%] Built target kobuki_ros_interfaces__rosidl_typesupport_cpp
[0.552s] [ 48%] Built target kobuki_ros_interfaces__rosidl_typesupport_introspection_cpp
[0.600s] [ 60%] Built target kobuki_ros_interfaces__rosidl_typesupport_fastrtps_c
[0.612s] [ 72%] Built target kobuki_ros_interfaces__rosidl_typesupport_introspection_c
[0.639s] [ 84%] Built target kobuki_ros_interfaces__rosidl_typesupport_c
[0.703s] [ 84%] Built target kobuki_ros_interfaces
[0.786s] [ 85%] Built target kobuki_ros_interfaces__py
[0.910s] [ 96%] Built target kobuki_ros_interfaces__rosidl_generator_py
[1.039s] [ 97%] Built target kobuki_ros_interfaces__rosidl_typesupport_c__pyext
[1.048s] [ 98%] Built target kobuki_ros_interfaces__rosidl_typesupport_fastrtps_c__pyext
[1.067s] [100%] Built target kobuki_ros_interfaces__rosidl_typesupport_introspection_c__pyext
[1.366s] running egg_info
[1.366s] writing kobuki_ros_interfaces.egg-info/PKG-INFO
[1.366s] writing dependency_links to kobuki_ros_interfaces.egg-info/dependency_links.txt
[1.367s] writing top-level names to kobuki_ros_interfaces.egg-info/top_level.txt
[1.374s] reading manifest file 'kobuki_ros_interfaces.egg-info/SOURCES.txt'
[1.377s] writing manifest file 'kobuki_ros_interfaces.egg-info/SOURCES.txt'
[1.468s] [100%] Built target ament_cmake_python_build_kobuki_ros_interfaces_egg
[1.530s] Invoked command in '/home/ri-one/ros2_ws/src/build/kobuki_ros_interfaces' returned '0': CMAKE_PREFIX_PATH=${CMAKE_PREFIX_PATH}:/opt/ros/humble /usr/bin/cmake --build /home/ri-one/ros2_ws/src/build/kobuki_ros_interfaces -- -j4 -l4
[1.531s] Invoking command in '/home/ri-one/ros2_ws/src/build/kobuki_ros_interfaces': CMAKE_PREFIX_PATH=${CMAKE_PREFIX_PATH}:/opt/ros/humble /usr/bin/cmake --install /home/ri-one/ros2_ws/src/build/kobuki_ros_interfaces
[1.551s] -- Install configuration: ""
[1.551s] -- Up-to-date: /home/ri-one/ros2_ws/src/install/kobuki_ros_interfaces/share/ament_index/resource_index/rosidl_interfaces/kobuki_ros_interfaces
[1.553s] -- Up-to-date: /home/ri-one/ros2_ws/src/install/kobuki_ros_interfaces/include/kobuki_ros_interfaces/kobuki_ros_interfaces
[1.553s] -- Up-to-date: /home/ri-one/ros2_ws/src/install/kobuki_ros_interfaces/include/kobuki_ros_interfaces/kobuki_ros_interfaces/msg
[1.553s] -- Up-to-date: /home/ri-one/ros2_ws/src/install/kobuki_ros_interfaces/include/kobuki_ros_interfaces/kobuki_ros_interfaces/msg/motor_power.h
[1.553s] -- Up-to-date: /home/ri-one/ros2_ws/src/install/kobuki_ros_interfaces/include/kobuki_ros_interfaces/kobuki_ros_interfaces/msg/keyboard_input.h
[1.553s] -- Up-to-date: /home/ri-one/ros2_ws/src/install/kobuki_ros_interfaces/include/kobuki_ros_interfaces/kobuki_ros_interfaces/msg/dock_infra_red.h
[1.557s] -- Up-to-date: /home/ri-one/ros2_ws/src/install/kobuki_ros_interfaces/include/kobuki_ros_interfaces/kobuki_ros_interfaces/msg/robot_state_event.h
[1.557s] -- Up-to-date: /home/ri-one/ros2_ws/src/install/kobuki_ros_interfaces/include/kobuki_ros_interfaces/kobuki_ros_interfaces/msg/detail
[1.557s] -- Up-to-date: /home/ri-one/ros2_ws/src/install/kobuki_ros_interfaces/include/kobuki_ros_interfaces/kobuki_ros_interfaces/msg/detail/sensor_state__struct.h
[1.557s] -- Up-to-date: /home/ri-one/ros2_ws/src/install/kobuki_ros_interfaces/include/kobuki_ros_interfaces/kobuki_ros_interfaces/msg/detail/cliff_event__functions.c
[1.557s] -- Up-to-date: /home/ri-one/ros2_ws/src/install/kobuki_ros_interfaces/include/kobuki_ros_interfaces/kobuki_ros_interfaces/msg/detail/sound__type_support.h
[1.558s] -- Up-to-date: /home/ri-one/ros2_ws/src/install/kobuki_ros_interfaces/include/kobuki_ros_interfaces/kobuki_ros_interfaces/msg/detail/keyboard_input__functions.c
[1.558s] -- Up-to-date: /home/ri-one/ros2_ws/src/install/kobuki_ros_interfaces/include/kobuki_ros_interfaces/kobuki_ros_interfaces/msg/detail/version_info__functions.c
[1.558s] -- Up-to-date: /home/ri-one/ros2_ws/src/install/kobuki_ros_interfaces/include/kobuki_ros_interfaces/kobuki_ros_interfaces/msg/detail/external_power__type_support.h
[1.559s] -- Up-to-date: /home/ri-one/ros2_ws/src/install/kobuki_ros_interfaces/include/kobuki_ros_interfaces/kobuki_ros_interfaces/msg/detail/led__functions.h
[1.560s] -- Up-to-date: /home/ri-one/ros2_ws/src/install/kobuki_ros_interfaces/include/kobuki_ros_interfaces/kobuki_ros_interfaces/msg/detail/digital_output__functions.h
[1.560s] -- Up-to-date: /home/ri-one/ros2_ws/src/install/kobuki_ros_interfaces/include/kobuki_ros_interfaces/kobuki_ros_interfaces/msg/detail/dock_infra_red__functions.c
[1.560s] -- Up-to-date: /home/ri-one/ros2_ws/src/install/kobuki_ros_interfaces/include/kobuki_ros_interfaces/kobuki_ros_interfaces/msg/detail/sensor_state__functions.c
[1.560s] -- Up-to-date: /home/ri-one/ros2_ws/src/install/kobuki_ros_interfaces/include/kobuki_ros_interfaces/kobuki_ros_interfaces/msg/detail/version_info__struct.h
[1.561s] -- Up-to-date: /home/ri-one/ros2_ws/src/install/kobuki_ros_interfaces/include/kobuki_ros_interfaces/kobuki_ros_interfaces/msg/detail/digital_input_event__functions.c
[1.562s] -- Up-to-date: /home/ri-one/ros2_ws/src/install/kobuki_ros_interfaces/include/kobuki_ros_interfaces/kobuki_ros_interfaces/msg/detail/digital_input_event__type_support.h
[1.563s] -- Up-to-date: /home/ri-one/ros2_ws/src/install/kobuki_ros_interfaces/include/kobuki_ros_interfaces/kobuki_ros_interfaces/msg/detail/dock_infra_red__type_support.h
[1.564s] -- Up-to-date: /home/ri-one/ros2_ws/src/install/kobuki_ros_interfaces/include/kobuki_ros_interfaces/kobuki_ros_interfaces/msg/detail/wheel_drop_event__functions.c
[1.565s] -- Up-to-date: /home/ri-one/ros2_ws/src/install/kobuki_ros_interfaces/include/kobuki_ros_interfaces/kobuki_ros_interfaces/msg/detail/motor_power__type_support.h
[1.566s] -- Up-to-date: /home/ri-one/ros2_ws/src/install/kobuki_ros_interfaces/include/kobuki_ros_interfaces/kobuki_ros_interfaces/msg/detail/wheel_drop_event__type_support.h
[1.567s] -- Up-to-date: /home/ri-one/ros2_ws/src/install/kobuki_ros_interfaces/include/kobuki_ros_interfaces/kobuki_ros_interfaces/msg/detail/bumper_event__struct.h
[1.569s] -- Up-to-date: /home/ri-one/ros2_ws/src/install/kobuki_ros_interfaces/include/kobuki_ros_interfaces/kobuki_ros_interfaces/msg/detail/button_event__struct.h
[1.570s] -- Up-to-date: /home/ri-one/ros2_ws/src/install/kobuki_ros_interfaces/include/kobuki_ros_interfaces/kobuki_ros_interfaces/msg/detail/cliff_event__struct.h
[1.573s] -- Up-to-date: /home/ri-one/ros2_ws/src/install/kobuki_ros_interfaces/include/kobuki_ros_interfaces/kobuki_ros_interfaces/msg/detail/scan_angle__functions.c
[1.574s] -- Up-to-date: /home/ri-one/ros2_ws/src/install/kobuki_ros_interfaces/include/kobuki_ros_interfaces/kobuki_ros_interfaces/msg/detail/external_power__functions.c
[1.575s] -- Up-to-date: /home/ri-one/ros2_ws/src/install/kobuki_ros_interfaces/include/kobuki_ros_interfaces/kobuki_ros_interfaces/msg/detail/digital_input_event__struct.h
[1.575s] -- Up-to-date: /home/ri-one/ros2_ws/src/install/kobuki_ros_interfaces/include/kobuki_ros_interfaces/kobuki_ros_interfaces/msg/detail/sound__functions.c
[1.575s] -- Up-to-date: /home/ri-one/ros2_ws/src/install/kobuki_ros_interfaces/include/kobuki_ros_interfaces/kobuki_ros_interfaces/msg/detail/sensor_state__type_support.h
[1.575s] -- Up-to-date: /home/ri-one/ros2_ws/src/install/kobuki_ros_interfaces/include/kobuki_ros_interfaces/kobuki_ros_interfaces/msg/detail/power_system_event__struct.h
[1.575s] -- Up-to-date: /home/ri-one/ros2_ws/src/install/kobuki_ros_interfaces/include/kobuki_ros_interfaces/kobuki_ros_interfaces/msg/detail/motor_power__struct.h
[1.576s] -- Up-to-date: /home/ri-one/ros2_ws/src/install/kobuki_ros_interfaces/include/kobuki_ros_interfaces/kobuki_ros_interfaces/msg/detail/wheel_drop_event__functions.h
[1.576s] -- Up-to-date: /home/ri-one/ros2_ws/src/install/kobuki_ros_interfaces/include/kobuki_ros_interfaces/kobuki_ros_interfaces/msg/detail/digital_output__functions.c
[1.576s] -- Up-to-date: /home/ri-one/ros2_ws/src/install/kobuki_ros_interfaces/include/kobuki_ros_interfaces/kobuki_ros_interfaces/msg/detail/controller_info__functions.c
[1.576s] -- Up-to-date: /home/ri-one/ros2_ws/src/install/kobuki_ros_interfaces/include/kobuki_ros_interfaces/kobuki_ros_interfaces/msg/detail/keyboard_input__struct.h
[1.576s] -- Up-to-date: /home/ri-one/ros2_ws/src/install/kobuki_ros_interfaces/include/kobuki_ros_interfaces/kobuki_ros_interfaces/msg/detail/controller_info__functions.h
[1.576s] -- Up-to-date: /home/ri-one/ros2_ws/src/install/kobuki_ros_interfaces/include/kobuki_ros_interfaces/kobuki_ros_interfaces/msg/detail/sound__functions.h
[1.577s] -- Up-to-date: /home/ri-one/ros2_ws/src/install/kobuki_ros_interfaces/include/kobuki_ros_interfaces/kobuki_ros_interfaces/msg/detail/button_event__functions.h
[1.577s] -- Up-to-date: /home/ri-one/ros2_ws/src/install/kobuki_ros_interfaces/include/kobuki_ros_interfaces/kobuki_ros_interfaces/msg/detail/sound__struct.h
[1.577s] -- Up-to-date: /home/ri-one/ros2_ws/src/install/kobuki_ros_interfaces/include/kobuki_ros_interfaces/kobuki_ros_interfaces/msg/detail/button_event__type_support.h
[1.577s] -- Up-to-date: /home/ri-one/ros2_ws/src/install/kobuki_ros_interfaces/include/kobuki_ros_interfaces/kobuki_ros_interfaces/msg/detail/power_system_event__functions.c
[1.577s] -- Up-to-date: /home/ri-one/ros2_ws/src/install/kobuki_ros_interfaces/include/kobuki_ros_interfaces/kobuki_ros_interfaces/msg/detail/controller_info__type_support.h
[1.577s] -- Up-to-date: /home/ri-one/ros2_ws/src/install/kobuki_ros_interfaces/include/kobuki_ros_interfaces/kobuki_ros_interfaces/msg/detail/digital_output__struct.h
[1.577s] -- Up-to-date: /home/ri-one/ros2_ws/src/install/kobuki_ros_interfaces/include/kobuki_ros_interfaces/kobuki_ros_interfaces/msg/detail/power_system_event__functions.h
[1.580s] -- Up-to-date: /home/ri-one/ros2_ws/src/install/kobuki_ros_interfaces/include/kobuki_ros_interfaces/kobuki_ros_interfaces/msg/detail/button_event__functions.c
[1.580s] -- Up-to-date: /home/ri-one/ros2_ws/src/install/kobuki_ros_interfaces/include/kobuki_ros_interfaces/kobuki_ros_interfaces/msg/detail/external_power__functions.h
[1.580s] -- Up-to-date: /home/ri-one/ros2_ws/src/install/kobuki_ros_interfaces/include/kobuki_ros_interfaces/kobuki_ros_interfaces/msg/detail/led__type_support.h
[1.580s] -- Up-to-date: /home/ri-one/ros2_ws/src/install/kobuki_ros_interfaces/include/kobuki_ros_interfaces/kobuki_ros_interfaces/msg/detail/cliff_event__type_support.h
[1.581s] -- Up-to-date: /home/ri-one/ros2_ws/src/install/kobuki_ros_interfaces/include/kobuki_ros_interfaces/kobuki_ros_interfaces/msg/detail/controller_info__struct.h
[1.581s] -- Up-to-date: /home/ri-one/ros2_ws/src/install/kobuki_ros_interfaces/include/kobuki_ros_interfaces/kobuki_ros_interfaces/msg/detail/robot_state_event__functions.c
[1.581s] -- Up-to-date: /home/ri-one/ros2_ws/src/install/kobuki_ros_interfaces/include/kobuki_ros_interfaces/kobuki_ros_interfaces/msg/detail/robot_state_event__functions.h
[1.581s] -- Up-to-date: /home/ri-one/ros2_ws/src/install/kobuki_ros_interfaces/include/kobuki_ros_interfaces/kobuki_ros_interfaces/msg/detail/cliff_event__functions.h
[1.581s] -- Up-to-date: /home/ri-one/ros2_ws/src/install/kobuki_ros_interfaces/include/kobuki_ros_interfaces/kobuki_ros_interfaces/msg/detail/scan_angle__type_support.h
[1.581s] -- Up-to-date: /home/ri-one/ros2_ws/src/install/kobuki_ros_interfaces/include/kobuki_ros_interfaces/kobuki_ros_interfaces/msg/detail/motor_power__functions.h
[1.582s] -- Up-to-date: /home/ri-one/ros2_ws/src/install/kobuki_ros_interfaces/include/kobuki_ros_interfaces/kobuki_ros_interfaces/msg/detail/power_system_event__type_support.h
[1.582s] -- Up-to-date: /home/ri-one/ros2_ws/src/install/kobuki_ros_interfaces/include/kobuki_ros_interfaces/kobuki_ros_interfaces/msg/detail/dock_infra_red__struct.h
[1.582s] -- Up-to-date: /home/ri-one/ros2_ws/src/install/kobuki_ros_interfaces/include/kobuki_ros_interfaces/kobuki_ros_interfaces/msg/detail/scan_angle__struct.h
[1.582s] -- Up-to-date: /home/ri-one/ros2_ws/src/install/kobuki_ros_interfaces/include/kobuki_ros_interfaces/kobuki_ros_interfaces/msg/detail/motor_power__functions.c
[1.582s] -- Up-to-date: /home/ri-one/ros2_ws/src/install/kobuki_ros_interfaces/include/kobuki_ros_interfaces/kobuki_ros_interfaces/msg/detail/keyboard_input__functions.h
[1.583s] -- Up-to-date: /home/ri-one/ros2_ws/src/install/kobuki_ros_interfaces/include/kobuki_ros_interfaces/kobuki_ros_interfaces/msg/detail/bumper_event__functions.c
[1.583s] -- Up-to-date: /home/ri-one/ros2_ws/src/install/kobuki_ros_interfaces/include/kobuki_ros_interfaces/kobuki_ros_interfaces/msg/detail/sensor_state__functions.h
[1.584s] -- Up-to-date: /home/ri-one/ros2_ws/src/install/kobuki_ros_interfaces/include/kobuki_ros_interfaces/kobuki_ros_interfaces/msg/detail/keyboard_input__type_support.h
[1.584s] -- Up-to-date: /home/ri-one/ros2_ws/src/install/kobuki_ros_interfaces/include/kobuki_ros_interfaces/kobuki_ros_interfaces/msg/detail/version_info__type_support.h
[1.584s] -- Up-to-date: /home/ri-one/ros2_ws/src/install/kobuki_ros_interfaces/include/kobuki_ros_interfaces/kobuki_ros_interfaces/msg/detail/external_power__struct.h
[1.584s] -- Up-to-date: /home/ri-one/ros2_ws/src/install/kobuki_ros_interfaces/include/kobuki_ros_interfaces/kobuki_ros_interfaces/msg/detail/digital_input_event__functions.h
[1.584s] -- Up-to-date: /home/ri-one/ros2_ws/src/install/kobuki_ros_interfaces/include/kobuki_ros_interfaces/kobuki_ros_interfaces/msg/detail/digital_output__type_support.h
[1.585s] -- Up-to-date: /home/ri-one/ros2_ws/src/install/kobuki_ros_interfaces/include/kobuki_ros_interfaces/kobuki_ros_interfaces/msg/detail/bumper_event__functions.h
[1.585s] -- Up-to-date: /home/ri-one/ros2_ws/src/install/kobuki_ros_interfaces/include/kobuki_ros_interfaces/kobuki_ros_interfaces/msg/detail/dock_infra_red__functions.h
[1.585s] -- Up-to-date: /home/ri-one/ros2_ws/src/install/kobuki_ros_interfaces/include/kobuki_ros_interfaces/kobuki_ros_interfaces/msg/detail/led__functions.c
[1.585s] -- Up-to-date: /home/ri-one/ros2_ws/src/install/kobuki_ros_interfaces/include/kobuki_ros_interfaces/kobuki_ros_interfaces/msg/detail/robot_state_event__type_support.h
[1.585s] -- Up-to-date: /home/ri-one/ros2_ws/src/install/kobuki_ros_interfaces/include/kobuki_ros_interfaces/kobuki_ros_interfaces/msg/detail/bumper_event__type_support.h
[1.585s] -- Up-to-date: /home/ri-one/ros2_ws/src/install/kobuki_ros_interfaces/include/kobuki_ros_interfaces/kobuki_ros_interfaces/msg/detail/version_info__functions.h
[1.586s] -- Up-to-date: /home/ri-one/ros2_ws/src/install/kobuki_ros_interfaces/include/kobuki_ros_interfaces/kobuki_ros_interfaces/msg/detail/led__struct.h
[1.586s] -- Up-to-date: /home/ri-one/ros2_ws/src/install/kobuki_ros_interfaces/include/kobuki_ros_interfaces/kobuki_ros_interfaces/msg/detail/scan_angle__functions.h
[1.586s] -- Up-to-date: /home/ri-one/ros2_ws/src/install/kobuki_ros_interfaces/include/kobuki_ros_interfaces/kobuki_ros_interfaces/msg/detail/wheel_drop_event__struct.h
[1.586s] -- Up-to-date: /home/ri-one/ros2_ws/src/install/kobuki_ros_interfaces/include/kobuki_ros_interfaces/kobuki_ros_interfaces/msg/detail/robot_state_event__struct.h
[1.586s] -- Up-to-date: /home/ri-one/ros2_ws/src/install/kobuki_ros_interfaces/include/kobuki_ros_interfaces/kobuki_ros_interfaces/msg/led.h
[1.587s] -- Up-to-date: /home/ri-one/ros2_ws/src/install/kobuki_ros_interfaces/include/kobuki_ros_interfaces/kobuki_ros_interfaces/msg/bumper_event.h
[1.587s] -- Up-to-date: /home/ri-one/ros2_ws/src/install/kobuki_ros_interfaces/include/kobuki_ros_interfaces/kobuki_ros_interfaces/msg/scan_angle.h
[1.587s] -- Up-to-date: /home/ri-one/ros2_ws/src/install/kobuki_ros_interfaces/include/kobuki_ros_interfaces/kobuki_ros_interfaces/msg/controller_info.h
[1.587s] -- Up-to-date: /home/ri-one/ros2_ws/src/install/kobuki_ros_interfaces/include/kobuki_ros_interfaces/kobuki_ros_interfaces/msg/power_system_event.h
[1.587s] -- Up-to-date: /home/ri-one/ros2_ws/src/install/kobuki_ros_interfaces/include/kobuki_ros_interfaces/kobuki_ros_interfaces/msg/version_info.h
[1.587s] -- Up-to-date: /home/ri-one/ros2_ws/src/install/kobuki_ros_interfaces/include/kobuki_ros_interfaces/kobuki_ros_interfaces/msg/external_power.h
[1.588s] -- Up-to-date: /home/ri-one/ros2_ws/src/install/kobuki_ros_interfaces/include/kobuki_ros_interfaces/kobuki_ros_interfaces/msg/button_event.h
[1.588s] -- Up-to-date: /home/ri-one/ros2_ws/src/install/kobuki_ros_interfaces/include/kobuki_ros_interfaces/kobuki_ros_interfaces/msg/rosidl_generator_c__visibility_control.h
[1.588s] -- Up-to-date: /home/ri-one/ros2_ws/src/install/kobuki_ros_interfaces/include/kobuki_ros_interfaces/kobuki_ros_interfaces/msg/digital_output.h
[1.588s] -- Up-to-date: /home/ri-one/ros2_ws/src/install/kobuki_ros_interfaces/include/kobuki_ros_interfaces/kobuki_ros_interfaces/msg/digital_input_event.h
[1.588s] -- Up-to-date: /home/ri-one/ros2_ws/src/install/kobuki_ros_interfaces/include/kobuki_ros_interfaces/kobuki_ros_interfaces/msg/sensor_state.h
[1.588s] -- Up-to-date: /home/ri-one/ros2_ws/src/install/kobuki_ros_interfaces/include/kobuki_ros_interfaces/kobuki_ros_interfaces/msg/wheel_drop_event.h
[1.589s] -- Up-to-date: /home/ri-one/ros2_ws/src/install/kobuki_ros_interfaces/include/kobuki_ros_interfaces/kobuki_ros_interfaces/msg/sound.h
[1.589s] -- Up-to-date: /home/ri-one/ros2_ws/src/install/kobuki_ros_interfaces/include/kobuki_ros_interfaces/kobuki_ros_interfaces/msg/cliff_event.h
[1.589s] -- Up-to-date: /home/ri-one/ros2_ws/src/install/kobuki_ros_interfaces/include/kobuki_ros_interfaces/kobuki_ros_interfaces/action
[1.589s] -- Up-to-date: /home/ri-one/ros2_ws/src/install/kobuki_ros_interfaces/include/kobuki_ros_interfaces/kobuki_ros_interfaces/action/auto_docking.h
[1.589s] -- Up-to-date: /home/ri-one/ros2_ws/src/install/kobuki_ros_interfaces/include/kobuki_ros_interfaces/kobuki_ros_interfaces/action/detail
[1.589s] -- Up-to-date: /home/ri-one/ros2_ws/src/install/kobuki_ros_interfaces/include/kobuki_ros_interfaces/kobuki_ros_interfaces/action/detail/auto_docking__functions.c
[1.590s] -- Up-to-date: /home/ri-one/ros2_ws/src/install/kobuki_ros_interfaces/include/kobuki_ros_interfaces/kobuki_ros_interfaces/action/detail/auto_docking__functions.h
[1.590s] -- Up-to-date: /home/ri-one/ros2_ws/src/install/kobuki_ros_interfaces/include/kobuki_ros_interfaces/kobuki_ros_interfaces/action/detail/auto_docking__struct.h
[1.590s] -- Up-to-date: /home/ri-one/ros2_ws/src/install/kobuki_ros_interfaces/include/kobuki_ros_interfaces/kobuki_ros_interfaces/action/detail/auto_docking__type_support.h
[1.590s] -- Up-to-date: /home/ri-one/ros2_ws/src/install/kobuki_ros_interfaces/share/kobuki_ros_interfaces/environment/library_path.sh
[1.590s] -- Up-to-date: /home/ri-one/ros2_ws/src/install/kobuki_ros_interfaces/share/kobuki_ros_interfaces/environment/library_path.dsv
[1.590s] -- Up-to-date: /home/ri-one/ros2_ws/src/install/kobuki_ros_interfaces/lib/libkobuki_ros_interfaces__rosidl_generator_c.so
[1.591s] -- Up-to-date: /home/ri-one/ros2_ws/src/install/kobuki_ros_interfaces/include/kobuki_ros_interfaces/kobuki_ros_interfaces
[1.591s] -- Up-to-date: /home/ri-one/ros2_ws/src/install/kobuki_ros_interfaces/include/kobuki_ros_interfaces/kobuki_ros_interfaces/msg
[1.591s] -- Up-to-date: /home/ri-one/ros2_ws/src/install/kobuki_ros_interfaces/include/kobuki_ros_interfaces/kobuki_ros_interfaces/msg/detail
[1.591s] -- Up-to-date: /home/ri-one/ros2_ws/src/install/kobuki_ros_interfaces/include/kobuki_ros_interfaces/kobuki_ros_interfaces/msg/detail/keyboard_input__rosidl_typesupport_fastrtps_c.h
[1.591s] -- Up-to-date: /home/ri-one/ros2_ws/src/install/kobuki_ros_interfaces/include/kobuki_ros_interfaces/kobuki_ros_interfaces/msg/detail/digital_output__rosidl_typesupport_fastrtps_c.h
[1.591s] -- Up-to-date: /home/ri-one/ros2_ws/src/install/kobuki_ros_interfaces/include/kobuki_ros_interfaces/kobuki_ros_interfaces/msg/detail/scan_angle__rosidl_typesupport_fastrtps_c.h
[1.592s] -- Up-to-date: /home/ri-one/ros2_ws/src/install/kobuki_ros_interfaces/include/kobuki_ros_interfaces/kobuki_ros_interfaces/msg/detail/controller_info__rosidl_typesupport_fastrtps_c.h
[1.592s] -- Up-to-date: /home/ri-one/ros2_ws/src/install/kobuki_ros_interfaces/include/kobuki_ros_interfaces/kobuki_ros_interfaces/msg/detail/version_info__rosidl_typesupport_fastrtps_c.h
[1.592s] -- Up-to-date: /home/ri-one/ros2_ws/src/install/kobuki_ros_interfaces/include/kobuki_ros_interfaces/kobuki_ros_interfaces/msg/detail/sound__rosidl_typesupport_fastrtps_c.h
[1.592s] -- Up-to-date: /home/ri-one/ros2_ws/src/install/kobuki_ros_interfaces/include/kobuki_ros_interfaces/kobuki_ros_interfaces/msg/detail/digital_input_event__rosidl_typesupport_fastrtps_c.h
[1.592s] -- Up-to-date: /home/ri-one/ros2_ws/src/install/kobuki_ros_interfaces/include/kobuki_ros_interfaces/kobuki_ros_interfaces/msg/detail/external_power__rosidl_typesupport_fastrtps_c.h
[1.592s] -- Up-to-date: /home/ri-one/ros2_ws/src/install/kobuki_ros_interfaces/include/kobuki_ros_interfaces/kobuki_ros_interfaces/msg/detail/power_system_event__rosidl_typesupport_fastrtps_c.h
[1.592s] -- Up-to-date: /home/ri-one/ros2_ws/src/install/kobuki_ros_interfaces/include/kobuki_ros_interfaces/kobuki_ros_interfaces/msg/detail/wheel_drop_event__rosidl_typesupport_fastrtps_c.h
[1.593s] -- Up-to-date: /home/ri-one/ros2_ws/src/install/kobuki_ros_interfaces/include/kobuki_ros_interfaces/kobuki_ros_interfaces/msg/detail/bumper_event__rosidl_typesupport_fastrtps_c.h
[1.593s] -- Up-to-date: /home/ri-one/ros2_ws/src/install/kobuki_ros_interfaces/include/kobuki_ros_interfaces/kobuki_ros_interfaces/msg/detail/cliff_event__rosidl_typesupport_fastrtps_c.h
[1.593s] -- Up-to-date: /home/ri-one/ros2_ws/src/install/kobuki_ros_interfaces/include/kobuki_ros_interfaces/kobuki_ros_interfaces/msg/detail/sensor_state__rosidl_typesupport_fastrtps_c.h
[1.593s] -- Up-to-date: /home/ri-one/ros2_ws/src/install/kobuki_ros_interfaces/include/kobuki_ros_interfaces/kobuki_ros_interfaces/msg/detail/robot_state_event__rosidl_typesupport_fastrtps_c.h
[1.593s] -- Up-to-date: /home/ri-one/ros2_ws/src/install/kobuki_ros_interfaces/include/kobuki_ros_interfaces/kobuki_ros_interfaces/msg/detail/dock_infra_red__rosidl_typesupport_fastrtps_c.h
[1.593s] -- Up-to-date: /home/ri-one/ros2_ws/src/install/kobuki_ros_interfaces/include/kobuki_ros_interfaces/kobuki_ros_interfaces/msg/detail/led__rosidl_typesupport_fastrtps_c.h
[1.593s] -- Up-to-date: /home/ri-one/ros2_ws/src/install/kobuki_ros_interfaces/include/kobuki_ros_interfaces/kobuki_ros_interfaces/msg/detail/motor_power__rosidl_typesupport_fastrtps_c.h
[1.594s] -- Up-to-date: /home/ri-one/ros2_ws/src/install/kobuki_ros_interfaces/include/kobuki_ros_interfaces/kobuki_ros_interfaces/msg/detail/button_event__rosidl_typesupport_fastrtps_c.h
[1.594s] -- Up-to-date: /home/ri-one/ros2_ws/src/install/kobuki_ros_interfaces/include/kobuki_ros_interfaces/kobuki_ros_interfaces/msg/rosidl_typesupport_fastrtps_c__visibility_control.h
[1.594s] -- Up-to-date: /home/ri-one/ros2_ws/src/install/kobuki_ros_interfaces/include/kobuki_ros_interfaces/kobuki_ros_interfaces/action
[1.594s] -- Up-to-date: /home/ri-one/ros2_ws/src/install/kobuki_ros_interfaces/include/kobuki_ros_interfaces/kobuki_ros_interfaces/action/detail
[1.594s] -- Up-to-date: /home/ri-one/ros2_ws/src/install/kobuki_ros_interfaces/include/kobuki_ros_interfaces/kobuki_ros_interfaces/action/detail/auto_docking__rosidl_typesupport_fastrtps_c.h
[1.594s] -- Up-to-date: /home/ri-one/ros2_ws/src/install/kobuki_ros_interfaces/lib/libkobuki_ros_interfaces__rosidl_typesupport_fastrtps_c.so
[1.594s] -- Up-to-date: /home/ri-one/ros2_ws/src/install/kobuki_ros_interfaces/include/kobuki_ros_interfaces/kobuki_ros_interfaces
[1.595s] -- Up-to-date: /home/ri-one/ros2_ws/src/install/kobuki_ros_interfaces/include/kobuki_ros_interfaces/kobuki_ros_interfaces/msg
[1.595s] -- Up-to-date: /home/ri-one/ros2_ws/src/install/kobuki_ros_interfaces/include/kobuki_ros_interfaces/kobuki_ros_interfaces/msg/digital_input_event.hpp
[1.595s] -- Up-to-date: /home/ri-one/ros2_ws/src/install/kobuki_ros_interfaces/include/kobuki_ros_interfaces/kobuki_ros_interfaces/msg/power_system_event.hpp
[1.595s] -- Up-to-date: /home/ri-one/ros2_ws/src/install/kobuki_ros_interfaces/include/kobuki_ros_interfaces/kobuki_ros_interfaces/msg/button_event.hpp
[1.595s] -- Up-to-date: /home/ri-one/ros2_ws/src/install/kobuki_ros_interfaces/include/kobuki_ros_interfaces/kobuki_ros_interfaces/msg/external_power.hpp
[1.595s] -- Up-to-date: /home/ri-one/ros2_ws/src/install/kobuki_ros_interfaces/include/kobuki_ros_interfaces/kobuki_ros_interfaces/msg/digital_output.hpp
[1.595s] -- Up-to-date: /home/ri-one/ros2_ws/src/install/kobuki_ros_interfaces/include/kobuki_ros_interfaces/kobuki_ros_interfaces/msg/bumper_event.hpp
[1.596s] -- Up-to-date: /home/ri-one/ros2_ws/src/install/kobuki_ros_interfaces/include/kobuki_ros_interfaces/kobuki_ros_interfaces/msg/led.hpp
[1.596s] -- Up-to-date: /home/ri-one/ros2_ws/src/install/kobuki_ros_interfaces/include/kobuki_ros_interfaces/kobuki_ros_interfaces/msg/detail
[1.596s] -- Up-to-date: /home/ri-one/ros2_ws/src/install/kobuki_ros_interfaces/include/kobuki_ros_interfaces/kobuki_ros_interfaces/msg/detail/dock_infra_red__builder.hpp
[1.596s] -- Up-to-date: /home/ri-one/ros2_ws/src/install/kobuki_ros_interfaces/include/kobuki_ros_interfaces/kobuki_ros_interfaces/msg/detail/sound__type_support.hpp
[1.596s] -- Up-to-date: /home/ri-one/ros2_ws/src/install/kobuki_ros_interfaces/include/kobuki_ros_interfaces/kobuki_ros_interfaces/msg/detail/external_power__struct.hpp
[1.596s] -- Up-to-date: /home/ri-one/ros2_ws/src/install/kobuki_ros_interfaces/include/kobuki_ros_interfaces/kobuki_ros_interfaces/msg/detail/keyboard_input__type_support.hpp
[1.596s] -- Up-to-date: /home/ri-one/ros2_ws/src/install/kobuki_ros_interfaces/include/kobuki_ros_interfaces/kobuki_ros_interfaces/msg/detail/wheel_drop_event__struct.hpp
[1.596s] -- Up-to-date: /home/ri-one/ros2_ws/src/install/kobuki_ros_interfaces/include/kobuki_ros_interfaces/kobuki_ros_interfaces/msg/detail/motor_power__struct.hpp
[1.597s] -- Up-to-date: /home/ri-one/ros2_ws/src/install/kobuki_ros_interfaces/include/kobuki_ros_interfaces/kobuki_ros_interfaces/msg/detail/digital_input_event__struct.hpp
[1.597s] -- Up-to-date: /home/ri-one/ros2_ws/src/install/kobuki_ros_interfaces/include/kobuki_ros_interfaces/kobuki_ros_interfaces/msg/detail/controller_info__builder.hpp
[1.597s] -- Up-to-date: /home/ri-one/ros2_ws/src/install/kobuki_ros_interfaces/include/kobuki_ros_interfaces/kobuki_ros_interfaces/msg/detail/version_info__struct.hpp
[1.597s] -- Up-to-date: /home/ri-one/ros2_ws/src/install/kobuki_ros_interfaces/include/kobuki_ros_interfaces/kobuki_ros_interfaces/msg/detail/scan_angle__struct.hpp
[1.597s] -- Up-to-date: /home/ri-one/ros2_ws/src/install/kobuki_ros_interfaces/include/kobuki_ros_interfaces/kobuki_ros_interfaces/msg/detail/robot_state_event__traits.hpp
[1.597s] -- Up-to-date: /home/ri-one/ros2_ws/src/install/kobuki_ros_interfaces/include/kobuki_ros_interfaces/kobuki_ros_interfaces/msg/detail/cliff_event__type_support.hpp
[1.598s] -- Up-to-date: /home/ri-one/ros2_ws/src/install/kobuki_ros_interfaces/include/kobuki_ros_interfaces/kobuki_ros_interfaces/msg/detail/external_power__traits.hpp
[1.598s] -- Up-to-date: /home/ri-one/ros2_ws/src/install/kobuki_ros_interfaces/include/kobuki_ros_interfaces/kobuki_ros_interfaces/msg/detail/scan_angle__type_support.hpp
[1.598s] -- Up-to-date: /home/ri-one/ros2_ws/src/install/kobuki_ros_interfaces/include/kobuki_ros_interfaces/kobuki_ros_interfaces/msg/detail/digital_input_event__type_support.hpp
[1.598s] -- Up-to-date: /home/ri-one/ros2_ws/src/install/kobuki_ros_interfaces/include/kobuki_ros_interfaces/kobuki_ros_interfaces/msg/detail/version_info__builder.hpp
[1.598s] -- Up-to-date: /home/ri-one/ros2_ws/src/install/kobuki_ros_interfaces/include/kobuki_ros_interfaces/kobuki_ros_interfaces/msg/detail/robot_state_event__builder.hpp
[1.598s] -- Up-to-date: /home/ri-one/ros2_ws/src/install/kobuki_ros_interfaces/include/kobuki_ros_interfaces/kobuki_ros_interfaces/msg/detail/bumper_event__type_support.hpp
[1.598s] -- Up-to-date: /home/ri-one/ros2_ws/src/install/kobuki_ros_interfaces/include/kobuki_ros_interfaces/kobuki_ros_interfaces/msg/detail/scan_angle__traits.hpp
[1.598s] -- Up-to-date: /home/ri-one/ros2_ws/src/install/kobuki_ros_interfaces/include/kobuki_ros_interfaces/kobuki_ros_interfaces/msg/detail/led__builder.hpp
[1.599s] -- Up-to-date: /home/ri-one/ros2_ws/src/install/kobuki_ros_interfaces/include/kobuki_ros_interfaces/kobuki_ros_interfaces/msg/detail/button_event__traits.hpp
[1.599s] -- Up-to-date: /home/ri-one/ros2_ws/src/install/kobuki_ros_interfaces/include/kobuki_ros_interfaces/kobuki_ros_interfaces/msg/detail/power_system_event__traits.hpp
[1.599s] -- Up-to-date: /home/ri-one/ros2_ws/src/install/kobuki_ros_interfaces/include/kobuki_ros_interfaces/kobuki_ros_interfaces/msg/detail/led__struct.hpp
[1.599s] -- Up-to-date: /home/ri-one/ros2_ws/src/install/kobuki_ros_interfaces/include/kobuki_ros_interfaces/kobuki_ros_interfaces/msg/detail/dock_infra_red__struct.hpp
[1.599s] -- Up-to-date: /home/ri-one/ros2_ws/src/install/kobuki_ros_interfaces/include/kobuki_ros_interfaces/kobuki_ros_interfaces/msg/detail/motor_power__builder.hpp
[1.599s] -- Up-to-date: /home/ri-one/ros2_ws/src/install/kobuki_ros_interfaces/include/kobuki_ros_interfaces/kobuki_ros_interfaces/msg/detail/sensor_state__type_support.hpp
[1.599s] -- Up-to-date: /home/ri-one/ros2_ws/src/install/kobuki_ros_interfaces/include/kobuki_ros_interfaces/kobuki_ros_interfaces/msg/detail/sensor_state__traits.hpp
[1.600s] -- Up-to-date: /home/ri-one/ros2_ws/src/install/kobuki_ros_interfaces/include/kobuki_ros_interfaces/kobuki_ros_interfaces/msg/detail/button_event__struct.hpp
[1.600s] -- Up-to-date: /home/ri-one/ros2_ws/src/install/kobuki_ros_interfaces/include/kobuki_ros_interfaces/kobuki_ros_interfaces/msg/detail/controller_info__struct.hpp
[1.600s] -- Up-to-date: /home/ri-one/ros2_ws/src/install/kobuki_ros_interfaces/include/kobuki_ros_interfaces/kobuki_ros_interfaces/msg/detail/digital_output__traits.hpp
[1.600s] -- Up-to-date: /home/ri-one/ros2_ws/src/install/kobuki_ros_interfaces/include/kobuki_ros_interfaces/kobuki_ros_interfaces/msg/detail/motor_power__traits.hpp
[1.600s] -- Up-to-date: /home/ri-one/ros2_ws/src/install/kobuki_ros_interfaces/include/kobuki_ros_interfaces/kobuki_ros_interfaces/msg/detail/button_event__builder.hpp
[1.600s] -- Up-to-date: /home/ri-one/ros2_ws/src/install/kobuki_ros_interfaces/include/kobuki_ros_interfaces/kobuki_ros_interfaces/msg/detail/digital_output__builder.hpp
[1.600s] -- Up-to-date: /home/ri-one/ros2_ws/src/install/kobuki_ros_interfaces/include/kobuki_ros_interfaces/kobuki_ros_interfaces/msg/detail/wheel_drop_event__builder.hpp
[1.601s] -- Up-to-date: /home/ri-one/ros2_ws/src/install/kobuki_ros_interfaces/include/kobuki_ros_interfaces/kobuki_ros_interfaces/msg/detail/robot_state_event__type_support.hpp
[1.601s] -- Up-to-date: /home/ri-one/ros2_ws/src/install/kobuki_ros_interfaces/include/kobuki_ros_interfaces/kobuki_ros_interfaces/msg/detail/keyboard_input__builder.hpp
[1.601s] -- Up-to-date: /home/ri-one/ros2_ws/src/install/kobuki_ros_interfaces/include/kobuki_ros_interfaces/kobuki_ros_interfaces/msg/detail/dock_infra_red__type_support.hpp
[1.601s] -- Up-to-date: /home/ri-one/ros2_ws/src/install/kobuki_ros_interfaces/include/kobuki_ros_interfaces/kobuki_ros_interfaces/msg/detail/motor_power__type_support.hpp
[1.601s] -- Up-to-date: /home/ri-one/ros2_ws/src/install/kobuki_ros_interfaces/include/kobuki_ros_interfaces/kobuki_ros_interfaces/msg/detail/sound__builder.hpp
[1.601s] -- Up-to-date: /home/ri-one/ros2_ws/src/install/kobuki_ros_interfaces/include/kobuki_ros_interfaces/kobuki_ros_interfaces/msg/detail/cliff_event__struct.hpp
[1.601s] -- Up-to-date: /home/ri-one/ros2_ws/src/install/kobuki_ros_interfaces/include/kobuki_ros_interfaces/kobuki_ros_interfaces/msg/detail/keyboard_input__traits.hpp
[1.601s] -- Up-to-date: /home/ri-one/ros2_ws/src/install/kobuki_ros_interfaces/include/kobuki_ros_interfaces/kobuki_ros_interfaces/msg/detail/keyboard_input__struct.hpp
[1.602s] -- Up-to-date: /home/ri-one/ros2_ws/src/install/kobuki_ros_interfaces/include/kobuki_ros_interfaces/kobuki_ros_interfaces/msg/detail/digital_input_event__builder.hpp
[1.602s] -- Up-to-date: /home/ri-one/ros2_ws/src/install/kobuki_ros_interfaces/include/kobuki_ros_interfaces/kobuki_ros_interfaces/msg/detail/led__type_support.hpp
[1.602s] -- Up-to-date: /home/ri-one/ros2_ws/src/install/kobuki_ros_interfaces/include/kobuki_ros_interfaces/kobuki_ros_interfaces/msg/detail/sound__traits.hpp
[1.602s] -- Up-to-date: /home/ri-one/ros2_ws/src/install/kobuki_ros_interfaces/include/kobuki_ros_interfaces/kobuki_ros_interfaces/msg/detail/power_system_event__struct.hpp
[1.602s] -- Up-to-date: /home/ri-one/ros2_ws/src/install/kobuki_ros_interfaces/include/kobuki_ros_interfaces/kobuki_ros_interfaces/msg/detail/external_power__type_support.hpp
[1.602s] -- Up-to-date: /home/ri-one/ros2_ws/src/install/kobuki_ros_interfaces/include/kobuki_ros_interfaces/kobuki_ros_interfaces/msg/detail/bumper_event__struct.hpp
[1.602s] -- Up-to-date: /home/ri-one/ros2_ws/src/install/kobuki_ros_interfaces/include/kobuki_ros_interfaces/kobuki_ros_interfaces/msg/detail/external_power__builder.hpp
[1.603s] -- Up-to-date: /home/ri-one/ros2_ws/src/install/kobuki_ros_interfaces/include/kobuki_ros_interfaces/kobuki_ros_interfaces/msg/detail/sensor_state__builder.hpp
[1.603s] -- Up-to-date: /home/ri-one/ros2_ws/src/install/kobuki_ros_interfaces/include/kobuki_ros_interfaces/kobuki_ros_interfaces/msg/detail/button_event__type_support.hpp
[1.603s] -- Up-to-date: /home/ri-one/ros2_ws/src/install/kobuki_ros_interfaces/include/kobuki_ros_interfaces/kobuki_ros_interfaces/msg/detail/controller_info__type_support.hpp
[1.603s] -- Up-to-date: /home/ri-one/ros2_ws/src/install/kobuki_ros_interfaces/include/kobuki_ros_interfaces/kobuki_ros_interfaces/msg/detail/version_info__traits.hpp
[1.603s] -- Up-to-date: /home/ri-one/ros2_ws/src/install/kobuki_ros_interfaces/include/kobuki_ros_interfaces/kobuki_ros_interfaces/msg/detail/bumper_event__traits.hpp
[1.603s] -- Up-to-date: /home/ri-one/ros2_ws/src/install/kobuki_ros_interfaces/include/kobuki_ros_interfaces/kobuki_ros_interfaces/msg/detail/wheel_drop_event__traits.hpp
[1.603s] -- Up-to-date: /home/ri-one/ros2_ws/src/install/kobuki_ros_interfaces/include/kobuki_ros_interfaces/kobuki_ros_interfaces/msg/detail/robot_state_event__struct.hpp
[1.604s] -- Up-to-date: /home/ri-one/ros2_ws/src/install/kobuki_ros_interfaces/include/kobuki_ros_interfaces/kobuki_ros_interfaces/msg/detail/power_system_event__type_support.hpp
[1.604s] -- Up-to-date: /home/ri-one/ros2_ws/src/install/kobuki_ros_interfaces/include/kobuki_ros_interfaces/kobuki_ros_interfaces/msg/detail/cliff_event__builder.hpp
[1.604s] -- Up-to-date: /home/ri-one/ros2_ws/src/install/kobuki_ros_interfaces/include/kobuki_ros_interfaces/kobuki_ros_interfaces/msg/detail/controller_info__traits.hpp
[1.604s] -- Up-to-date: /home/ri-one/ros2_ws/src/install/kobuki_ros_interfaces/include/kobuki_ros_interfaces/kobuki_ros_interfaces/msg/detail/sound__struct.hpp
[1.604s] -- Up-to-date: /home/ri-one/ros2_ws/src/install/kobuki_ros_interfaces/include/kobuki_ros_interfaces/kobuki_ros_interfaces/msg/detail/sensor_state__struct.hpp
[1.604s] -- Up-to-date: /home/ri-one/ros2_ws/src/install/kobuki_ros_interfaces/include/kobuki_ros_interfaces/kobuki_ros_interfaces/msg/detail/bumper_event__builder.hpp
[1.604s] -- Up-to-date: /home/ri-one/ros2_ws/src/install/kobuki_ros_interfaces/include/kobuki_ros_interfaces/kobuki_ros_interfaces/msg/detail/digital_input_event__traits.hpp
[1.605s] -- Up-to-date: /home/ri-one/ros2_ws/src/install/kobuki_ros_interfaces/include/kobuki_ros_interfaces/kobuki_ros_interfaces/msg/detail/wheel_drop_event__type_support.hpp
[1.605s] -- Up-to-date: /home/ri-one/ros2_ws/src/install/kobuki_ros_interfaces/include/kobuki_ros_interfaces/kobuki_ros_interfaces/msg/detail/version_info__type_support.hpp
[1.605s] -- Up-to-date: /home/ri-one/ros2_ws/src/install/kobuki_ros_interfaces/include/kobuki_ros_interfaces/kobuki_ros_interfaces/msg/detail/scan_angle__builder.hpp
[1.605s] -- Up-to-date: /home/ri-one/ros2_ws/src/install/kobuki_ros_interfaces/include/kobuki_ros_interfaces/kobuki_ros_interfaces/msg/detail/power_system_event__builder.hpp
[1.605s] -- Up-to-date: /home/ri-one/ros2_ws/src/install/kobuki_ros_interfaces/include/kobuki_ros_interfaces/kobuki_ros_interfaces/msg/detail/digital_output__type_support.hpp
[1.605s] -- Up-to-date: /home/ri-one/ros2_ws/src/install/kobuki_ros_interfaces/include/kobuki_ros_interfaces/kobuki_ros_interfaces/msg/detail/dock_infra_red__traits.hpp
[1.605s] -- Up-to-date: /home/ri-one/ros2_ws/src/install/kobuki_ros_interfaces/include/kobuki_ros_interfaces/kobuki_ros_interfaces/msg/detail/led__traits.hpp
[1.606s] -- Up-to-date: /home/ri-one/ros2_ws/src/install/kobuki_ros_interfaces/include/kobuki_ros_interfaces/kobuki_ros_interfaces/msg/detail/digital_output__struct.hpp
[1.606s] -- Up-to-date: /home/ri-one/ros2_ws/src/install/kobuki_ros_interfaces/include/kobuki_ros_interfaces/kobuki_ros_interfaces/msg/detail/cliff_event__traits.hpp
[1.606s] -- Up-to-date: /home/ri-one/ros2_ws/src/install/kobuki_ros_interfaces/include/kobuki_ros_interfaces/kobuki_ros_interfaces/msg/scan_angle.hpp
[1.606s] -- Up-to-date: /home/ri-one/ros2_ws/src/install/kobuki_ros_interfaces/include/kobuki_ros_interfaces/kobuki_ros_interfaces/msg/keyboard_input.hpp
[1.606s] -- Up-to-date: /home/ri-one/ros2_ws/src/install/kobuki_ros_interfaces/include/kobuki_ros_interfaces/kobuki_ros_interfaces/msg/sensor_state.hpp
[1.606s] -- Up-to-date: /home/ri-one/ros2_ws/src/install/kobuki_ros_interfaces/include/kobuki_ros_interfaces/kobuki_ros_interfaces/msg/sound.hpp
[1.606s] -- Up-to-date: /home/ri-one/ros2_ws/src/install/kobuki_ros_interfaces/include/kobuki_ros_interfaces/kobuki_ros_interfaces/msg/motor_power.hpp
[1.606s] -- Up-to-date: /home/ri-one/ros2_ws/src/install/kobuki_ros_interfaces/include/kobuki_ros_interfaces/kobuki_ros_interfaces/msg/controller_info.hpp
[1.607s] -- Up-to-date: /home/ri-one/ros2_ws/src/install/kobuki_ros_interfaces/include/kobuki_ros_interfaces/kobuki_ros_interfaces/msg/wheel_drop_event.hpp
[1.607s] -- Up-to-date: /home/ri-one/ros2_ws/src/install/kobuki_ros_interfaces/include/kobuki_ros_interfaces/kobuki_ros_interfaces/msg/rosidl_generator_cpp__visibility_control.hpp
[1.607s] -- Up-to-date: /home/ri-one/ros2_ws/src/install/kobuki_ros_interfaces/include/kobuki_ros_interfaces/kobuki_ros_interfaces/msg/robot_state_event.hpp
[1.607s] -- Up-to-date: /home/ri-one/ros2_ws/src/install/kobuki_ros_interfaces/include/kobuki_ros_interfaces/kobuki_ros_interfaces/msg/cliff_event.hpp
[1.608s] -- Up-to-date: /home/ri-one/ros2_ws/src/install/kobuki_ros_interfaces/include/kobuki_ros_interfaces/kobuki_ros_interfaces/msg/version_info.hpp
[1.608s] -- Up-to-date: /home/ri-one/ros2_ws/src/install/kobuki_ros_interfaces/include/kobuki_ros_interfaces/kobuki_ros_interfaces/msg/dock_infra_red.hpp
[1.608s] -- Up-to-date: /home/ri-one/ros2_ws/src/install/kobuki_ros_interfaces/include/kobuki_ros_interfaces/kobuki_ros_interfaces/action
[1.608s] -- Up-to-date: /home/ri-one/ros2_ws/src/install/kobuki_ros_interfaces/include/kobuki_ros_interfaces/kobuki_ros_interfaces/action/detail
[1.608s] -- Up-to-date: /home/ri-one/ros2_ws/src/install/kobuki_ros_interfaces/include/kobuki_ros_interfaces/kobuki_ros_interfaces/action/detail/auto_docking__builder.hpp
[1.609s] -- Up-to-date: /home/ri-one/ros2_ws/src/install/kobuki_ros_interfaces/include/kobuki_ros_interfaces/kobuki_ros_interfaces/action/detail/auto_docking__type_support.hpp
[1.609s] -- Up-to-date: /home/ri-one/ros2_ws/src/install/kobuki_ros_interfaces/include/kobuki_ros_interfaces/kobuki_ros_interfaces/action/detail/auto_docking__struct.hpp
[1.609s] -- Up-to-date: /home/ri-one/ros2_ws/src/install/kobuki_ros_interfaces/include/kobuki_ros_interfaces/kobuki_ros_interfaces/action/detail/auto_docking__traits.hpp
[1.609s] -- Up-to-date: /home/ri-one/ros2_ws/src/install/kobuki_ros_interfaces/include/kobuki_ros_interfaces/kobuki_ros_interfaces/action/auto_docking.hpp
[1.609s] -- Up-to-date: /home/ri-one/ros2_ws/src/install/kobuki_ros_interfaces/include/kobuki_ros_interfaces/kobuki_ros_interfaces
[1.609s] -- Up-to-date: /home/ri-one/ros2_ws/src/install/kobuki_ros_interfaces/include/kobuki_ros_interfaces/kobuki_ros_interfaces/msg
[1.609s] -- Up-to-date: /home/ri-one/ros2_ws/src/install/kobuki_ros_interfaces/include/kobuki_ros_interfaces/kobuki_ros_interfaces/msg/rosidl_typesupport_fastrtps_cpp__visibility_control.h
[1.610s] -- Up-to-date: /home/ri-one/ros2_ws/src/install/kobuki_ros_interfaces/include/kobuki_ros_interfaces/kobuki_ros_interfaces/msg/detail
[1.610s] -- Up-to-date: /home/ri-one/ros2_ws/src/install/kobuki_ros_interfaces/include/kobuki_ros_interfaces/kobuki_ros_interfaces/msg/detail/digital_output__rosidl_typesupport_fastrtps_cpp.hpp
[1.610s] -- Up-to-date: /home/ri-one/ros2_ws/src/install/kobuki_ros_interfaces/include/kobuki_ros_interfaces/kobuki_ros_interfaces/msg/detail/led__rosidl_typesupport_fastrtps_cpp.hpp
[1.610s] -- Up-to-date: /home/ri-one/ros2_ws/src/install/kobuki_ros_interfaces/include/kobuki_ros_interfaces/kobuki_ros_interfaces/msg/detail/version_info__rosidl_typesupport_fastrtps_cpp.hpp
[1.610s] -- Up-to-date: /home/ri-one/ros2_ws/src/install/kobuki_ros_interfaces/include/kobuki_ros_interfaces/kobuki_ros_interfaces/msg/detail/button_event__rosidl_typesupport_fastrtps_cpp.hpp
[1.610s] -- Up-to-date: /home/ri-one/ros2_ws/src/install/kobuki_ros_interfaces/include/kobuki_ros_interfaces/kobuki_ros_interfaces/msg/detail/dds_fastrtps
[1.610s] -- Up-to-date: /home/ri-one/ros2_ws/src/install/kobuki_ros_interfaces/include/kobuki_ros_interfaces/kobuki_ros_interfaces/msg/detail/sensor_state__rosidl_typesupport_fastrtps_cpp.hpp
[1.611s] -- Up-to-date: /home/ri-one/ros2_ws/src/install/kobuki_ros_interfaces/include/kobuki_ros_interfaces/kobuki_ros_interfaces/msg/detail/controller_info__rosidl_typesupport_fastrtps_cpp.hpp
[1.611s] -- Up-to-date: /home/ri-one/ros2_ws/src/install/kobuki_ros_interfaces/include/kobuki_ros_interfaces/kobuki_ros_interfaces/msg/detail/motor_power__rosidl_typesupport_fastrtps_cpp.hpp
[1.611s] -- Up-to-date: /home/ri-one/ros2_ws/src/install/kobuki_ros_interfaces/include/kobuki_ros_interfaces/kobuki_ros_interfaces/msg/detail/dock_infra_red__rosidl_typesupport_fastrtps_cpp.hpp
[1.611s] -- Up-to-date: /home/ri-one/ros2_ws/src/install/kobuki_ros_interfaces/include/kobuki_ros_interfaces/kobuki_ros_interfaces/msg/detail/external_power__rosidl_typesupport_fastrtps_cpp.hpp
[1.611s] -- Up-to-date: /home/ri-one/ros2_ws/src/install/kobuki_ros_interfaces/include/kobuki_ros_interfaces/kobuki_ros_interfaces/msg/detail/bumper_event__rosidl_typesupport_fastrtps_cpp.hpp
[1.611s] -- Up-to-date: /home/ri-one/ros2_ws/src/install/kobuki_ros_interfaces/include/kobuki_ros_interfaces/kobuki_ros_interfaces/msg/detail/sound__rosidl_typesupport_fastrtps_cpp.hpp
[1.611s] -- Up-to-date: /home/ri-one/ros2_ws/src/install/kobuki_ros_interfaces/include/kobuki_ros_interfaces/kobuki_ros_interfaces/msg/detail/robot_state_event__rosidl_typesupport_fastrtps_cpp.hpp
[1.612s] -- Up-to-date: /home/ri-one/ros2_ws/src/install/kobuki_ros_interfaces/include/kobuki_ros_interfaces/kobuki_ros_interfaces/msg/detail/wheel_drop_event__rosidl_typesupport_fastrtps_cpp.hpp
[1.612s] -- Up-to-date: /home/ri-one/ros2_ws/src/install/kobuki_ros_interfaces/include/kobuki_ros_interfaces/kobuki_ros_interfaces/msg/detail/scan_angle__rosidl_typesupport_fastrtps_cpp.hpp
[1.612s] -- Up-to-date: /home/ri-one/ros2_ws/src/install/kobuki_ros_interfaces/include/kobuki_ros_interfaces/kobuki_ros_interfaces/msg/detail/digital_input_event__rosidl_typesupport_fastrtps_cpp.hpp
[1.612s] -- Up-to-date: /home/ri-one/ros2_ws/src/install/kobuki_ros_interfaces/include/kobuki_ros_interfaces/kobuki_ros_interfaces/msg/detail/power_system_event__rosidl_typesupport_fastrtps_cpp.hpp
[1.612s] -- Up-to-date: /home/ri-one/ros2_ws/src/install/kobuki_ros_interfaces/include/kobuki_ros_interfaces/kobuki_ros_interfaces/msg/detail/cliff_event__rosidl_typesupport_fastrtps_cpp.hpp
[1.612s] -- Up-to-date: /home/ri-one/ros2_ws/src/install/kobuki_ros_interfaces/include/kobuki_ros_interfaces/kobuki_ros_interfaces/msg/detail/keyboard_input__rosidl_typesupport_fastrtps_cpp.hpp
[1.612s] -- Up-to-date: /home/ri-one/ros2_ws/src/install/kobuki_ros_interfaces/include/kobuki_ros_interfaces/kobuki_ros_interfaces/action
[1.613s] -- Up-to-date: /home/ri-one/ros2_ws/src/install/kobuki_ros_interfaces/include/kobuki_ros_interfaces/kobuki_ros_interfaces/action/detail
[1.613s] -- Up-to-date: /home/ri-one/ros2_ws/src/install/kobuki_ros_interfaces/include/kobuki_ros_interfaces/kobuki_ros_interfaces/action/detail/dds_fastrtps
[1.613s] -- Up-to-date: /home/ri-one/ros2_ws/src/install/kobuki_ros_interfaces/include/kobuki_ros_interfaces/kobuki_ros_interfaces/action/detail/auto_docking__rosidl_typesupport_fastrtps_cpp.hpp
[1.613s] -- Up-to-date: /home/ri-one/ros2_ws/src/install/kobuki_ros_interfaces/lib/libkobuki_ros_interfaces__rosidl_typesupport_fastrtps_cpp.so
[1.613s] -- Up-to-date: /home/ri-one/ros2_ws/src/install/kobuki_ros_interfaces/include/kobuki_ros_interfaces/kobuki_ros_interfaces
[1.613s] -- Up-to-date: /home/ri-one/ros2_ws/src/install/kobuki_ros_interfaces/include/kobuki_ros_interfaces/kobuki_ros_interfaces/msg
[1.613s] -- Up-to-date: /home/ri-one/ros2_ws/src/install/kobuki_ros_interfaces/include/kobuki_ros_interfaces/kobuki_ros_interfaces/msg/rosidl_typesupport_introspection_c__visibility_control.h
[1.614s] -- Up-to-date: /home/ri-one/ros2_ws/src/install/kobuki_ros_interfaces/include/kobuki_ros_interfaces/kobuki_ros_interfaces/msg/detail
[1.614s] -- Up-to-date: /home/ri-one/ros2_ws/src/install/kobuki_ros_interfaces/include/kobuki_ros_interfaces/kobuki_ros_interfaces/msg/detail/motor_power__rosidl_typesupport_introspection_c.h
[1.614s] -- Up-to-date: /home/ri-one/ros2_ws/src/install/kobuki_ros_interfaces/include/kobuki_ros_interfaces/kobuki_ros_interfaces/msg/detail/dock_infra_red__rosidl_typesupport_introspection_c.h
[1.614s] -- Up-to-date: /home/ri-one/ros2_ws/src/install/kobuki_ros_interfaces/include/kobuki_ros_interfaces/kobuki_ros_interfaces/msg/detail/wheel_drop_event__rosidl_typesupport_introspection_c.h
[1.614s] -- Up-to-date: /home/ri-one/ros2_ws/src/install/kobuki_ros_interfaces/include/kobuki_ros_interfaces/kobuki_ros_interfaces/msg/detail/sound__rosidl_typesupport_introspection_c.h
[1.614s] -- Up-to-date: /home/ri-one/ros2_ws/src/install/kobuki_ros_interfaces/include/kobuki_ros_interfaces/kobuki_ros_interfaces/msg/detail/controller_info__type_support.c
[1.614s] -- Up-to-date: /home/ri-one/ros2_ws/src/install/kobuki_ros_interfaces/include/kobuki_ros_interfaces/kobuki_ros_interfaces/msg/detail/scan_angle__type_support.c
[1.614s] -- Up-to-date: /home/ri-one/ros2_ws/src/install/kobuki_ros_interfaces/include/kobuki_ros_interfaces/kobuki_ros_interfaces/msg/detail/digital_input_event__type_support.c
[1.615s] -- Up-to-date: /home/ri-one/ros2_ws/src/install/kobuki_ros_interfaces/include/kobuki_ros_interfaces/kobuki_ros_interfaces/msg/detail/digital_input_event__rosidl_typesupport_introspection_c.h
[1.615s] -- Up-to-date: /home/ri-one/ros2_ws/src/install/kobuki_ros_interfaces/include/kobuki_ros_interfaces/kobuki_ros_interfaces/msg/detail/robot_state_event__type_support.c
[1.615s] -- Up-to-date: /home/ri-one/ros2_ws/src/install/kobuki_ros_interfaces/include/kobuki_ros_interfaces/kobuki_ros_interfaces/msg/detail/sensor_state__rosidl_typesupport_introspection_c.h
[1.615s] -- Up-to-date: /home/ri-one/ros2_ws/src/install/kobuki_ros_interfaces/include/kobuki_ros_interfaces/kobuki_ros_interfaces/msg/detail/cliff_event__rosidl_typesupport_introspection_c.h
[1.615s] -- Up-to-date: /home/ri-one/ros2_ws/src/install/kobuki_ros_interfaces/include/kobuki_ros_interfaces/kobuki_ros_interfaces/msg/detail/power_system_event__rosidl_typesupport_introspection_c.h
[1.615s] -- Up-to-date: /home/ri-one/ros2_ws/src/install/kobuki_ros_interfaces/include/kobuki_ros_interfaces/kobuki_ros_interfaces/msg/detail/digital_output__rosidl_typesupport_introspection_c.h
[1.615s] -- Up-to-date: /home/ri-one/ros2_ws/src/install/kobuki_ros_interfaces/include/kobuki_ros_interfaces/kobuki_ros_interfaces/msg/detail/version_info__rosidl_typesupport_introspection_c.h
[1.616s] -- Up-to-date: /home/ri-one/ros2_ws/src/install/kobuki_ros_interfaces/include/kobuki_ros_interfaces/kobuki_ros_interfaces/msg/detail/robot_state_event__rosidl_typesupport_introspection_c.h
[1.616s] -- Up-to-date: /home/ri-one/ros2_ws/src/install/kobuki_ros_interfaces/include/kobuki_ros_interfaces/kobuki_ros_interfaces/msg/detail/keyboard_input__type_support.c
[1.616s] -- Up-to-date: /home/ri-one/ros2_ws/src/install/kobuki_ros_interfaces/include/kobuki_ros_interfaces/kobuki_ros_interfaces/msg/detail/bumper_event__rosidl_typesupport_introspection_c.h
[1.616s] -- Up-to-date: /home/ri-one/ros2_ws/src/install/kobuki_ros_interfaces/include/kobuki_ros_interfaces/kobuki_ros_interfaces/msg/detail/version_info__type_support.c
[1.616s] -- Up-to-date: /home/ri-one/ros2_ws/src/install/kobuki_ros_interfaces/include/kobuki_ros_interfaces/kobuki_ros_interfaces/msg/detail/dock_infra_red__type_support.c
[1.616s] -- Up-to-date: /home/ri-one/ros2_ws/src/install/kobuki_ros_interfaces/include/kobuki_ros_interfaces/kobuki_ros_interfaces/msg/detail/scan_angle__rosidl_typesupport_introspection_c.h
[1.616s] -- Up-to-date: /home/ri-one/ros2_ws/src/install/kobuki_ros_interfaces/include/kobuki_ros_interfaces/kobuki_ros_interfaces/msg/detail/bumper_event__type_support.c
[1.616s] -- Up-to-date: /home/ri-one/ros2_ws/src/install/kobuki_ros_interfaces/include/kobuki_ros_interfaces/kobuki_ros_interfaces/msg/detail/button_event__rosidl_typesupport_introspection_c.h
[1.617s] -- Up-to-date: /home/ri-one/ros2_ws/src/install/kobuki_ros_interfaces/include/kobuki_ros_interfaces/kobuki_ros_interfaces/msg/detail/led__rosidl_typesupport_introspection_c.h
[1.617s] -- Up-to-date: /home/ri-one/ros2_ws/src/install/kobuki_ros_interfaces/include/kobuki_ros_interfaces/kobuki_ros_interfaces/msg/detail/motor_power__type_support.c
[1.617s] -- Up-to-date: /home/ri-one/ros2_ws/src/install/kobuki_ros_interfaces/include/kobuki_ros_interfaces/kobuki_ros_interfaces/msg/detail/sound__type_support.c
[1.617s] -- Up-to-date: /home/ri-one/ros2_ws/src/install/kobuki_ros_interfaces/include/kobuki_ros_interfaces/kobuki_ros_interfaces/msg/detail/external_power__type_support.c
[1.617s] -- Up-to-date: /home/ri-one/ros2_ws/src/install/kobuki_ros_interfaces/include/kobuki_ros_interfaces/kobuki_ros_interfaces/msg/detail/digital_output__type_support.c
[1.617s] -- Up-to-date: /home/ri-one/ros2_ws/src/install/kobuki_ros_interfaces/include/kobuki_ros_interfaces/kobuki_ros_interfaces/msg/detail/wheel_drop_event__type_support.c
[1.617s] -- Up-to-date: /home/ri-one/ros2_ws/src/install/kobuki_ros_interfaces/include/kobuki_ros_interfaces/kobuki_ros_interfaces/msg/detail/sensor_state__type_support.c
[1.618s] -- Up-to-date: /home/ri-one/ros2_ws/src/install/kobuki_ros_interfaces/include/kobuki_ros_interfaces/kobuki_ros_interfaces/msg/detail/power_system_event__type_support.c
[1.618s] -- Up-to-date: /home/ri-one/ros2_ws/src/install/kobuki_ros_interfaces/include/kobuki_ros_interfaces/kobuki_ros_interfaces/msg/detail/led__type_support.c
[1.618s] -- Up-to-date: /home/ri-one/ros2_ws/src/install/kobuki_ros_interfaces/include/kobuki_ros_interfaces/kobuki_ros_interfaces/msg/detail/keyboard_input__rosidl_typesupport_introspection_c.h
[1.618s] -- Up-to-date: /home/ri-one/ros2_ws/src/install/kobuki_ros_interfaces/include/kobuki_ros_interfaces/kobuki_ros_interfaces/msg/detail/external_power__rosidl_typesupport_introspection_c.h
[1.619s] -- Up-to-date: /home/ri-one/ros2_ws/src/install/kobuki_ros_interfaces/include/kobuki_ros_interfaces/kobuki_ros_interfaces/msg/detail/cliff_event__type_support.c
[1.619s] -- Up-to-date: /home/ri-one/ros2_ws/src/install/kobuki_ros_interfaces/include/kobuki_ros_interfaces/kobuki_ros_interfaces/msg/detail/button_event__type_support.c
[1.619s] -- Up-to-date: /home/ri-one/ros2_ws/src/install/kobuki_ros_interfaces/include/kobuki_ros_interfaces/kobuki_ros_interfaces/msg/detail/controller_info__rosidl_typesupport_introspection_c.h
[1.619s] -- Up-to-date: /home/ri-one/ros2_ws/src/install/kobuki_ros_interfaces/include/kobuki_ros_interfaces/kobuki_ros_interfaces/action
[1.620s] -- Up-to-date: /home/ri-one/ros2_ws/src/install/kobuki_ros_interfaces/include/kobuki_ros_interfaces/kobuki_ros_interfaces/action/detail
[1.620s] -- Up-to-date: /home/ri-one/ros2_ws/src/install/kobuki_ros_interfaces/include/kobuki_ros_interfaces/kobuki_ros_interfaces/action/detail/auto_docking__rosidl_typesupport_introspection_c.h
[1.620s] -- Up-to-date: /home/ri-one/ros2_ws/src/install/kobuki_ros_interfaces/include/kobuki_ros_interfaces/kobuki_ros_interfaces/action/detail/auto_docking__type_support.c
[1.620s] -- Up-to-date: /home/ri-one/ros2_ws/src/install/kobuki_ros_interfaces/lib/libkobuki_ros_interfaces__rosidl_typesupport_introspection_c.so
[1.620s] -- Up-to-date: /home/ri-one/ros2_ws/src/install/kobuki_ros_interfaces/lib/libkobuki_ros_interfaces__rosidl_typesupport_c.so
[1.620s] -- Up-to-date: /home/ri-one/ros2_ws/src/install/kobuki_ros_interfaces/include/kobuki_ros_interfaces/kobuki_ros_interfaces
[1.620s] -- Up-to-date: /home/ri-one/ros2_ws/src/install/kobuki_ros_interfaces/include/kobuki_ros_interfaces/kobuki_ros_interfaces/msg
[1.621s] -- Up-to-date: /home/ri-one/ros2_ws/src/install/kobuki_ros_interfaces/include/kobuki_ros_interfaces/kobuki_ros_interfaces/msg/detail
[1.621s] -- Up-to-date: /home/ri-one/ros2_ws/src/install/kobuki_ros_interfaces/include/kobuki_ros_interfaces/kobuki_ros_interfaces/msg/detail/motor_power__type_support.cpp
[1.621s] -- Up-to-date: /home/ri-one/ros2_ws/src/install/kobuki_ros_interfaces/include/kobuki_ros_interfaces/kobuki_ros_interfaces/msg/detail/keyboard_input__rosidl_typesupport_introspection_cpp.hpp
[1.621s] -- Up-to-date: /home/ri-one/ros2_ws/src/install/kobuki_ros_interfaces/include/kobuki_ros_interfaces/kobuki_ros_interfaces/msg/detail/cliff_event__type_support.cpp
[1.621s] -- Up-to-date: /home/ri-one/ros2_ws/src/install/kobuki_ros_interfaces/include/kobuki_ros_interfaces/kobuki_ros_interfaces/msg/detail/digital_output__type_support.cpp
[1.621s] -- Up-to-date: /home/ri-one/ros2_ws/src/install/kobuki_ros_interfaces/include/kobuki_ros_interfaces/kobuki_ros_interfaces/msg/detail/cliff_event__rosidl_typesupport_introspection_cpp.hpp
[1.621s] -- Up-to-date: /home/ri-one/ros2_ws/src/install/kobuki_ros_interfaces/include/kobuki_ros_interfaces/kobuki_ros_interfaces/msg/detail/keyboard_input__type_support.cpp
[1.622s] -- Up-to-date: /home/ri-one/ros2_ws/src/install/kobuki_ros_interfaces/include/kobuki_ros_interfaces/kobuki_ros_interfaces/msg/detail/sensor_state__rosidl_typesupport_introspection_cpp.hpp
[1.622s] -- Up-to-date: /home/ri-one/ros2_ws/src/install/kobuki_ros_interfaces/include/kobuki_ros_interfaces/kobuki_ros_interfaces/msg/detail/sound__rosidl_typesupport_introspection_cpp.hpp
[1.622s] -- Up-to-date: /home/ri-one/ros2_ws/src/install/kobuki_ros_interfaces/include/kobuki_ros_interfaces/kobuki_ros_interfaces/msg/detail/led__rosidl_typesupport_introspection_cpp.hpp
[1.622s] -- Up-to-date: /home/ri-one/ros2_ws/src/install/kobuki_ros_interfaces/include/kobuki_ros_interfaces/kobuki_ros_interfaces/msg/detail/motor_power__rosidl_typesupport_introspection_cpp.hpp
[1.622s] -- Up-to-date: /home/ri-one/ros2_ws/src/install/kobuki_ros_interfaces/include/kobuki_ros_interfaces/kobuki_ros_interfaces/msg/detail/power_system_event__type_support.cpp
[1.622s] -- Up-to-date: /home/ri-one/ros2_ws/src/install/kobuki_ros_interfaces/include/kobuki_ros_interfaces/kobuki_ros_interfaces/msg/detail/version_info__rosidl_typesupport_introspection_cpp.hpp
[1.622s] -- Up-to-date: /home/ri-one/ros2_ws/src/install/kobuki_ros_interfaces/include/kobuki_ros_interfaces/kobuki_ros_interfaces/msg/detail/robot_state_event__type_support.cpp
[1.623s] -- Up-to-date: /home/ri-one/ros2_ws/src/install/kobuki_ros_interfaces/include/kobuki_ros_interfaces/kobuki_ros_interfaces/msg/detail/sound__type_support.cpp
[1.623s] -- Up-to-date: /home/ri-one/ros2_ws/src/install/kobuki_ros_interfaces/include/kobuki_ros_interfaces/kobuki_ros_interfaces/msg/detail/sensor_state__type_support.cpp
[1.623s] -- Up-to-date: /home/ri-one/ros2_ws/src/install/kobuki_ros_interfaces/include/kobuki_ros_interfaces/kobuki_ros_interfaces/msg/detail/dock_infra_red__type_support.cpp
[1.623s] -- Up-to-date: /home/ri-one/ros2_ws/src/install/kobuki_ros_interfaces/include/kobuki_ros_interfaces/kobuki_ros_interfaces/msg/detail/external_power__rosidl_typesupport_introspection_cpp.hpp
[1.623s] -- Up-to-date: /home/ri-one/ros2_ws/src/install/kobuki_ros_interfaces/include/kobuki_ros_interfaces/kobuki_ros_interfaces/msg/detail/button_event__type_support.cpp
[1.623s] -- Up-to-date: /home/ri-one/ros2_ws/src/install/kobuki_ros_interfaces/include/kobuki_ros_interfaces/kobuki_ros_interfaces/msg/detail/controller_info__rosidl_typesupport_introspection_cpp.hpp
[1.624s] -- Up-to-date: /home/ri-one/ros2_ws/src/install/kobuki_ros_interfaces/include/kobuki_ros_interfaces/kobuki_ros_interfaces/msg/detail/scan_angle__rosidl_typesupport_introspection_cpp.hpp
[1.624s] -- Up-to-date: /home/ri-one/ros2_ws/src/install/kobuki_ros_interfaces/include/kobuki_ros_interfaces/kobuki_ros_interfaces/msg/detail/controller_info__type_support.cpp
[1.624s] -- Up-to-date: /home/ri-one/ros2_ws/src/install/kobuki_ros_interfaces/include/kobuki_ros_interfaces/kobuki_ros_interfaces/msg/detail/power_system_event__rosidl_typesupport_introspection_cpp.hpp
[1.624s] -- Up-to-date: /home/ri-one/ros2_ws/src/install/kobuki_ros_interfaces/include/kobuki_ros_interfaces/kobuki_ros_interfaces/msg/detail/version_info__type_support.cpp
[1.624s] -- Up-to-date: /home/ri-one/ros2_ws/src/install/kobuki_ros_interfaces/include/kobuki_ros_interfaces/kobuki_ros_interfaces/msg/detail/external_power__type_support.cpp
[1.624s] -- Up-to-date: /home/ri-one/ros2_ws/src/install/kobuki_ros_interfaces/include/kobuki_ros_interfaces/kobuki_ros_interfaces/msg/detail/digital_input_event__type_support.cpp
[1.624s] -- Up-to-date: /home/ri-one/ros2_ws/src/install/kobuki_ros_interfaces/include/kobuki_ros_interfaces/kobuki_ros_interfaces/msg/detail/dock_infra_red__rosidl_typesupport_introspection_cpp.hpp
[1.625s] -- Up-to-date: /home/ri-one/ros2_ws/src/install/kobuki_ros_interfaces/include/kobuki_ros_interfaces/kobuki_ros_interfaces/msg/detail/led__type_support.cpp
[1.625s] -- Up-to-date: /home/ri-one/ros2_ws/src/install/kobuki_ros_interfaces/include/kobuki_ros_interfaces/kobuki_ros_interfaces/msg/detail/digital_input_event__rosidl_typesupport_introspection_cpp.hpp
[1.625s] -- Up-to-date: /home/ri-one/ros2_ws/src/install/kobuki_ros_interfaces/include/kobuki_ros_interfaces/kobuki_ros_interfaces/msg/detail/bumper_event__type_support.cpp
[1.625s] -- Up-to-date: /home/ri-one/ros2_ws/src/install/kobuki_ros_interfaces/include/kobuki_ros_interfaces/kobuki_ros_interfaces/msg/detail/scan_angle__type_support.cpp
[1.626s] -- Up-to-date: /home/ri-one/ros2_ws/src/install/kobuki_ros_interfaces/include/kobuki_ros_interfaces/kobuki_ros_interfaces/msg/detail/bumper_event__rosidl_typesupport_introspection_cpp.hpp
[1.626s] -- Up-to-date: /home/ri-one/ros2_ws/src/install/kobuki_ros_interfaces/include/kobuki_ros_interfaces/kobuki_ros_interfaces/msg/detail/wheel_drop_event__rosidl_typesupport_introspection_cpp.hpp
[1.626s] -- Up-to-date: /home/ri-one/ros2_ws/src/install/kobuki_ros_interfaces/include/kobuki_ros_interfaces/kobuki_ros_interfaces/msg/detail/robot_state_event__rosidl_typesupport_introspection_cpp.hpp
[1.626s] -- Up-to-date: /home/ri-one/ros2_ws/src/install/kobuki_ros_interfaces/include/kobuki_ros_interfaces/kobuki_ros_interfaces/msg/detail/wheel_drop_event__type_support.cpp
[1.626s] -- Up-to-date: /home/ri-one/ros2_ws/src/install/kobuki_ros_interfaces/include/kobuki_ros_interfaces/kobuki_ros_interfaces/msg/detail/button_event__rosidl_typesupport_introspection_cpp.hpp
[1.626s] -- Up-to-date: /home/ri-one/ros2_ws/src/install/kobuki_ros_interfaces/include/kobuki_ros_interfaces/kobuki_ros_interfaces/msg/detail/digital_output__rosidl_typesupport_introspection_cpp.hpp
[1.626s] -- Up-to-date: /home/ri-one/ros2_ws/src/install/kobuki_ros_interfaces/include/kobuki_ros_interfaces/kobuki_ros_interfaces/action
[1.627s] -- Up-to-date: /home/ri-one/ros2_ws/src/install/kobuki_ros_interfaces/include/kobuki_ros_interfaces/kobuki_ros_interfaces/action/detail
[1.627s] -- Up-to-date: /home/ri-one/ros2_ws/src/install/kobuki_ros_interfaces/include/kobuki_ros_interfaces/kobuki_ros_interfaces/action/detail/auto_docking__type_support.cpp
[1.627s] -- Up-to-date: /home/ri-one/ros2_ws/src/install/kobuki_ros_interfaces/include/kobuki_ros_interfaces/kobuki_ros_interfaces/action/detail/auto_docking__rosidl_typesupport_introspection_cpp.hpp
[1.627s] -- Up-to-date: /home/ri-one/ros2_ws/src/install/kobuki_ros_interfaces/lib/libkobuki_ros_interfaces__rosidl_typesupport_introspection_cpp.so
[1.627s] -- Up-to-date: /home/ri-one/ros2_ws/src/install/kobuki_ros_interfaces/lib/libkobuki_ros_interfaces__rosidl_typesupport_cpp.so
[1.627s] -- Up-to-date: /home/ri-one/ros2_ws/src/install/kobuki_ros_interfaces/share/kobuki_ros_interfaces/environment/pythonpath.sh
[1.627s] -- Up-to-date: /home/ri-one/ros2_ws/src/install/kobuki_ros_interfaces/share/kobuki_ros_interfaces/environment/pythonpath.dsv
[1.628s] -- Up-to-date: /home/ri-one/ros2_ws/src/install/kobuki_ros_interfaces/local/lib/python3.10/dist-packages/kobuki_ros_interfaces-1.0.0-py3.10.egg-info
[1.628s] -- Installing: /home/ri-one/ros2_ws/src/install/kobuki_ros_interfaces/local/lib/python3.10/dist-packages/kobuki_ros_interfaces-1.0.0-py3.10.egg-info/PKG-INFO
[1.628s] -- Installing: /home/ri-one/ros2_ws/src/install/kobuki_ros_interfaces/local/lib/python3.10/dist-packages/kobuki_ros_interfaces-1.0.0-py3.10.egg-info/dependency_links.txt
[1.628s] -- Installing: /home/ri-one/ros2_ws/src/install/kobuki_ros_interfaces/local/lib/python3.10/dist-packages/kobuki_ros_interfaces-1.0.0-py3.10.egg-info/top_level.txt
[1.628s] -- Installing: /home/ri-one/ros2_ws/src/install/kobuki_ros_interfaces/local/lib/python3.10/dist-packages/kobuki_ros_interfaces-1.0.0-py3.10.egg-info/SOURCES.txt
[1.628s] -- Up-to-date: /home/ri-one/ros2_ws/src/install/kobuki_ros_interfaces/local/lib/python3.10/dist-packages/kobuki_ros_interfaces
[1.628s] -- Up-to-date: /home/ri-one/ros2_ws/src/install/kobuki_ros_interfaces/local/lib/python3.10/dist-packages/kobuki_ros_interfaces/msg
[1.628s] -- Up-to-date: /home/ri-one/ros2_ws/src/install/kobuki_ros_interfaces/local/lib/python3.10/dist-packages/kobuki_ros_interfaces/msg/_sensor_state_s.c
[1.629s] -- Up-to-date: /home/ri-one/ros2_ws/src/install/kobuki_ros_interfaces/local/lib/python3.10/dist-packages/kobuki_ros_interfaces/msg/_scan_angle.py
[1.629s] -- Up-to-date: /home/ri-one/ros2_ws/src/install/kobuki_ros_interfaces/local/lib/python3.10/dist-packages/kobuki_ros_interfaces/msg/_robot_state_event_s.c
[1.629s] -- Up-to-date: /home/ri-one/ros2_ws/src/install/kobuki_ros_interfaces/local/lib/python3.10/dist-packages/kobuki_ros_interfaces/msg/_power_system_event_s.c
[1.629s] -- Up-to-date: /home/ri-one/ros2_ws/src/install/kobuki_ros_interfaces/local/lib/python3.10/dist-packages/kobuki_ros_interfaces/msg/_power_system_event.py
[1.629s] -- Up-to-date: /home/ri-one/ros2_ws/src/install/kobuki_ros_interfaces/local/lib/python3.10/dist-packages/kobuki_ros_interfaces/msg/_dock_infra_red.py
[1.629s] -- Up-to-date: /home/ri-one/ros2_ws/src/install/kobuki_ros_interfaces/local/lib/python3.10/dist-packages/kobuki_ros_interfaces/msg/_dock_infra_red_s.c
[1.629s] -- Up-to-date: /home/ri-one/ros2_ws/src/install/kobuki_ros_interfaces/local/lib/python3.10/dist-packages/kobuki_ros_interfaces/msg/_wheel_drop_event.py
[1.630s] -- Up-to-date: /home/ri-one/ros2_ws/src/install/kobuki_ros_interfaces/local/lib/python3.10/dist-packages/kobuki_ros_interfaces/msg/_scan_angle_s.c
[1.630s] -- Up-to-date: /home/ri-one/ros2_ws/src/install/kobuki_ros_interfaces/local/lib/python3.10/dist-packages/kobuki_ros_interfaces/msg/_sensor_state.py
[1.630s] -- Up-to-date: /home/ri-one/ros2_ws/src/install/kobuki_ros_interfaces/local/lib/python3.10/dist-packages/kobuki_ros_interfaces/msg/__init__.py
[1.630s] -- Up-to-date: /home/ri-one/ros2_ws/src/install/kobuki_ros_interfaces/local/lib/python3.10/dist-packages/kobuki_ros_interfaces/msg/_cliff_event.py
[1.630s] -- Up-to-date: /home/ri-one/ros2_ws/src/install/kobuki_ros_interfaces/local/lib/python3.10/dist-packages/kobuki_ros_interfaces/msg/_bumper_event.py
[1.630s] -- Up-to-date: /home/ri-one/ros2_ws/src/install/kobuki_ros_interfaces/local/lib/python3.10/dist-packages/kobuki_ros_interfaces/msg/_motor_power_s.c
[1.630s] -- Up-to-date: /home/ri-one/ros2_ws/src/install/kobuki_ros_interfaces/local/lib/python3.10/dist-packages/kobuki_ros_interfaces/msg/_robot_state_event.py
[1.631s] -- Up-to-date: /home/ri-one/ros2_ws/src/install/kobuki_ros_interfaces/local/lib/python3.10/dist-packages/kobuki_ros_interfaces/msg/_version_info_s.c
[1.631s] -- Up-to-date: /home/ri-one/ros2_ws/src/install/kobuki_ros_interfaces/local/lib/python3.10/dist-packages/kobuki_ros_interfaces/msg/_keyboard_input_s.c
[1.631s] -- Up-to-date: /home/ri-one/ros2_ws/src/install/kobuki_ros_interfaces/local/lib/python3.10/dist-packages/kobuki_ros_interfaces/msg/_version_info.py
[1.631s] -- Up-to-date: /home/ri-one/ros2_ws/src/install/kobuki_ros_interfaces/local/lib/python3.10/dist-packages/kobuki_ros_interfaces/msg/_digital_output_s.c
[1.631s] -- Up-to-date: /home/ri-one/ros2_ws/src/install/kobuki_ros_interfaces/local/lib/python3.10/dist-packages/kobuki_ros_interfaces/msg/_keyboard_input.py
[1.631s] -- Up-to-date: /home/ri-one/ros2_ws/src/install/kobuki_ros_interfaces/local/lib/python3.10/dist-packages/kobuki_ros_interfaces/msg/_motor_power.py
[1.631s] -- Up-to-date: /home/ri-one/ros2_ws/src/install/kobuki_ros_interfaces/local/lib/python3.10/dist-packages/kobuki_ros_interfaces/msg/_cliff_event_s.c
[1.631s] -- Up-to-date: /home/ri-one/ros2_ws/src/install/kobuki_ros_interfaces/local/lib/python3.10/dist-packages/kobuki_ros_interfaces/msg/_digital_output.py
[1.632s] -- Up-to-date: /home/ri-one/ros2_ws/src/install/kobuki_ros_interfaces/local/lib/python3.10/dist-packages/kobuki_ros_interfaces/msg/_led.py
[1.632s] -- Up-to-date: /home/ri-one/ros2_ws/src/install/kobuki_ros_interfaces/local/lib/python3.10/dist-packages/kobuki_ros_interfaces/msg/_button_event.py
[1.632s] -- Up-to-date: /home/ri-one/ros2_ws/src/install/kobuki_ros_interfaces/local/lib/python3.10/dist-packages/kobuki_ros_interfaces/msg/_controller_info.py
[1.632s] -- Up-to-date: /home/ri-one/ros2_ws/src/install/kobuki_ros_interfaces/local/lib/python3.10/dist-packages/kobuki_ros_interfaces/msg/_led_s.c
[1.632s] -- Up-to-date: /home/ri-one/ros2_ws/src/install/kobuki_ros_interfaces/local/lib/python3.10/dist-packages/kobuki_ros_interfaces/msg/_button_event_s.c
[1.632s] -- Up-to-date: /home/ri-one/ros2_ws/src/install/kobuki_ros_interfaces/local/lib/python3.10/dist-packages/kobuki_ros_interfaces/msg/_sound_s.c
[1.632s] -- Up-to-date: /home/ri-one/ros2_ws/src/install/kobuki_ros_interfaces/local/lib/python3.10/dist-packages/kobuki_ros_interfaces/msg/_wheel_drop_event_s.c
[1.633s] -- Up-to-date: /home/ri-one/ros2_ws/src/install/kobuki_ros_interfaces/local/lib/python3.10/dist-packages/kobuki_ros_interfaces/msg/_digital_input_event_s.c
[1.633s] -- Up-to-date: /home/ri-one/ros2_ws/src/install/kobuki_ros_interfaces/local/lib/python3.10/dist-packages/kobuki_ros_interfaces/msg/_external_power_s.c
[1.633s] -- Up-to-date: /home/ri-one/ros2_ws/src/install/kobuki_ros_interfaces/local/lib/python3.10/dist-packages/kobuki_ros_interfaces/msg/_bumper_event_s.c
[1.633s] -- Up-to-date: /home/ri-one/ros2_ws/src/install/kobuki_ros_interfaces/local/lib/python3.10/dist-packages/kobuki_ros_interfaces/msg/_external_power.py
[1.633s] -- Up-to-date: /home/ri-one/ros2_ws/src/install/kobuki_ros_interfaces/local/lib/python3.10/dist-packages/kobuki_ros_interfaces/msg/_controller_info_s.c
[1.633s] -- Up-to-date: /home/ri-one/ros2_ws/src/install/kobuki_ros_interfaces/local/lib/python3.10/dist-packages/kobuki_ros_interfaces/msg/_digital_input_event.py
[1.633s] -- Up-to-date: /home/ri-one/ros2_ws/src/install/kobuki_ros_interfaces/local/lib/python3.10/dist-packages/kobuki_ros_interfaces/msg/_sound.py
[1.634s] -- Up-to-date: /home/ri-one/ros2_ws/src/install/kobuki_ros_interfaces/local/lib/python3.10/dist-packages/kobuki_ros_interfaces/kobuki_ros_interfaces_s__rosidl_typesupport_c.cpython-310-x86_64-linux-gnu.so
[1.634s] -- Up-to-date: /home/ri-one/ros2_ws/src/install/kobuki_ros_interfaces/local/lib/python3.10/dist-packages/kobuki_ros_interfaces/libkobuki_ros_interfaces__rosidl_generator_py.so
[1.635s] -- Up-to-date: /home/ri-one/ros2_ws/src/install/kobuki_ros_interfaces/local/lib/python3.10/dist-packages/kobuki_ros_interfaces/__init__.py
[1.635s] -- Up-to-date: /home/ri-one/ros2_ws/src/install/kobuki_ros_interfaces/local/lib/python3.10/dist-packages/kobuki_ros_interfaces/kobuki_ros_interfaces_s__rosidl_typesupport_introspection_c.cpython-310-x86_64-linux-gnu.so
[1.635s] -- Up-to-date: /home/ri-one/ros2_ws/src/install/kobuki_ros_interfaces/local/lib/python3.10/dist-packages/kobuki_ros_interfaces/action
[1.635s] -- Up-to-date: /home/ri-one/ros2_ws/src/install/kobuki_ros_interfaces/local/lib/python3.10/dist-packages/kobuki_ros_interfaces/action/__init__.py
[1.635s] -- Up-to-date: /home/ri-one/ros2_ws/src/install/kobuki_ros_interfaces/local/lib/python3.10/dist-packages/kobuki_ros_interfaces/action/_auto_docking_s.c
[1.636s] -- Up-to-date: /home/ri-one/ros2_ws/src/install/kobuki_ros_interfaces/local/lib/python3.10/dist-packages/kobuki_ros_interfaces/action/_auto_docking.py
[1.636s] -- Up-to-date: /home/ri-one/ros2_ws/src/install/kobuki_ros_interfaces/local/lib/python3.10/dist-packages/kobuki_ros_interfaces/_kobuki_ros_interfaces_s.ep.rosidl_typesupport_introspection_c.c
[1.636s] -- Up-to-date: /home/ri-one/ros2_ws/src/install/kobuki_ros_interfaces/local/lib/python3.10/dist-packages/kobuki_ros_interfaces/kobuki_ros_interfaces_s__rosidl_typesupport_fastrtps_c.cpython-310-x86_64-linux-gnu.so
[1.636s] -- Up-to-date: /home/ri-one/ros2_ws/src/install/kobuki_ros_interfaces/local/lib/python3.10/dist-packages/kobuki_ros_interfaces/_kobuki_ros_interfaces_s.ep.rosidl_typesupport_fastrtps_c.c
[1.636s] -- Up-to-date: /home/ri-one/ros2_ws/src/install/kobuki_ros_interfaces/local/lib/python3.10/dist-packages/kobuki_ros_interfaces/_kobuki_ros_interfaces_s.ep.rosidl_typesupport_c.c
[1.670s] Listing '/home/ri-one/ros2_ws/src/install/kobuki_ros_interfaces/local/lib/python3.10/dist-packages/kobuki_ros_interfaces'...
[1.670s] Listing '/home/ri-one/ros2_ws/src/install/kobuki_ros_interfaces/local/lib/python3.10/dist-packages/kobuki_ros_interfaces/action'...
[1.670s] Listing '/home/ri-one/ros2_ws/src/install/kobuki_ros_interfaces/local/lib/python3.10/dist-packages/kobuki_ros_interfaces/msg'...
[1.681s] -- Up-to-date: /home/ri-one/ros2_ws/src/install/kobuki_ros_interfaces/local/lib/python3.10/dist-packages/kobuki_ros_interfaces/kobuki_ros_interfaces_s__rosidl_typesupport_fastrtps_c.cpython-310-x86_64-linux-gnu.so
[1.682s] -- Up-to-date: /home/ri-one/ros2_ws/src/install/kobuki_ros_interfaces/local/lib/python3.10/dist-packages/kobuki_ros_interfaces/kobuki_ros_interfaces_s__rosidl_typesupport_introspection_c.cpython-310-x86_64-linux-gnu.so
[1.686s] -- Up-to-date: /home/ri-one/ros2_ws/src/install/kobuki_ros_interfaces/local/lib/python3.10/dist-packages/kobuki_ros_interfaces/kobuki_ros_interfaces_s__rosidl_typesupport_c.cpython-310-x86_64-linux-gnu.so
[1.687s] -- Up-to-date: /home/ri-one/ros2_ws/src/install/kobuki_ros_interfaces/lib/libkobuki_ros_interfaces__rosidl_generator_py.so
[1.688s] -- Up-to-date: /home/ri-one/ros2_ws/src/install/kobuki_ros_interfaces/share/kobuki_ros_interfaces/msg/BumperEvent.idl
[1.689s] -- Up-to-date: /home/ri-one/ros2_ws/src/install/kobuki_ros_interfaces/share/kobuki_ros_interfaces/msg/CliffEvent.idl
[1.690s] -- Up-to-date: /home/ri-one/ros2_ws/src/install/kobuki_ros_interfaces/share/kobuki_ros_interfaces/msg/DigitalOutput.idl
[1.690s] -- Up-to-date: /home/ri-one/ros2_ws/src/install/kobuki_ros_interfaces/share/kobuki_ros_interfaces/msg/ExternalPower.idl
[1.691s] -- Up-to-date: /home/ri-one/ros2_ws/src/install/kobuki_ros_interfaces/share/kobuki_ros_interfaces/msg/Led.idl
[1.697s] -- Up-to-date: /home/ri-one/ros2_ws/src/install/kobuki_ros_interfaces/share/kobuki_ros_interfaces/msg/PowerSystemEvent.idl
[1.697s] -- Up-to-date: /home/ri-one/ros2_ws/src/install/kobuki_ros_interfaces/share/kobuki_ros_interfaces/msg/SensorState.idl
[1.697s] -- Up-to-date: /home/ri-one/ros2_ws/src/install/kobuki_ros_interfaces/share/kobuki_ros_interfaces/msg/VersionInfo.idl
[1.697s] -- Up-to-date: /home/ri-one/ros2_ws/src/install/kobuki_ros_interfaces/share/kobuki_ros_interfaces/msg/ControllerInfo.idl
[1.698s] -- Up-to-date: /home/ri-one/ros2_ws/src/install/kobuki_ros_interfaces/share/kobuki_ros_interfaces/msg/ButtonEvent.idl
[1.698s] -- Up-to-date: /home/ri-one/ros2_ws/src/install/kobuki_ros_interfaces/share/kobuki_ros_interfaces/msg/DigitalInputEvent.idl
[1.698s] -- Up-to-date: /home/ri-one/ros2_ws/src/install/kobuki_ros_interfaces/share/kobuki_ros_interfaces/msg/DockInfraRed.idl
[1.698s] -- Up-to-date: /home/ri-one/ros2_ws/src/install/kobuki_ros_interfaces/share/kobuki_ros_interfaces/msg/KeyboardInput.idl
[1.698s] -- Up-to-date: /home/ri-one/ros2_ws/src/install/kobuki_ros_interfaces/share/kobuki_ros_interfaces/msg/MotorPower.idl
[1.698s] -- Up-to-date: /home/ri-one/ros2_ws/src/install/kobuki_ros_interfaces/share/kobuki_ros_interfaces/msg/RobotStateEvent.idl
[1.698s] -- Up-to-date: /home/ri-one/ros2_ws/src/install/kobuki_ros_interfaces/share/kobuki_ros_interfaces/msg/Sound.idl
[1.699s] -- Up-to-date: /home/ri-one/ros2_ws/src/install/kobuki_ros_interfaces/share/kobuki_ros_interfaces/msg/ScanAngle.idl
[1.699s] -- Up-to-date: /home/ri-one/ros2_ws/src/install/kobuki_ros_interfaces/share/kobuki_ros_interfaces/msg/WheelDropEvent.idl
[1.699s] -- Up-to-date: /home/ri-one/ros2_ws/src/install/kobuki_ros_interfaces/share/kobuki_ros_interfaces/action/AutoDocking.idl
[1.699s] -- Up-to-date: /home/ri-one/ros2_ws/src/install/kobuki_ros_interfaces/share/kobuki_ros_interfaces/msg/BumperEvent.msg
[1.699s] -- Up-to-date: /home/ri-one/ros2_ws/src/install/kobuki_ros_interfaces/share/kobuki_ros_interfaces/msg/CliffEvent.msg
[1.699s] -- Up-to-date: /home/ri-one/ros2_ws/src/install/kobuki_ros_interfaces/share/kobuki_ros_interfaces/msg/DigitalOutput.msg
[1.701s] -- Up-to-date: /home/ri-one/ros2_ws/src/install/kobuki_ros_interfaces/share/kobuki_ros_interfaces/msg/ExternalPower.msg
[1.701s] -- Up-to-date: /home/ri-one/ros2_ws/src/install/kobuki_ros_interfaces/share/kobuki_ros_interfaces/msg/Led.msg
[1.703s] -- Up-to-date: /home/ri-one/ros2_ws/src/install/kobuki_ros_interfaces/share/kobuki_ros_interfaces/msg/PowerSystemEvent.msg
[1.703s] -- Up-to-date: /home/ri-one/ros2_ws/src/install/kobuki_ros_interfaces/share/kobuki_ros_interfaces/msg/SensorState.msg
[1.703s] -- Up-to-date: /home/ri-one/ros2_ws/src/install/kobuki_ros_interfaces/share/kobuki_ros_interfaces/msg/VersionInfo.msg
[1.703s] -- Up-to-date: /home/ri-one/ros2_ws/src/install/kobuki_ros_interfaces/share/kobuki_ros_interfaces/msg/ControllerInfo.msg
[1.703s] -- Up-to-date: /home/ri-one/ros2_ws/src/install/kobuki_ros_interfaces/share/kobuki_ros_interfaces/msg/ButtonEvent.msg
[1.703s] -- Up-to-date: /home/ri-one/ros2_ws/src/install/kobuki_ros_interfaces/share/kobuki_ros_interfaces/msg/DigitalInputEvent.msg
[1.704s] -- Up-to-date: /home/ri-one/ros2_ws/src/install/kobuki_ros_interfaces/share/kobuki_ros_interfaces/msg/DockInfraRed.msg
[1.704s] -- Up-to-date: /home/ri-one/ros2_ws/src/install/kobuki_ros_interfaces/share/kobuki_ros_interfaces/msg/KeyboardInput.msg
[1.704s] -- Up-to-date: /home/ri-one/ros2_ws/src/install/kobuki_ros_interfaces/share/kobuki_ros_interfaces/msg/MotorPower.msg
[1.704s] -- Up-to-date: /home/ri-one/ros2_ws/src/install/kobuki_ros_interfaces/share/kobuki_ros_interfaces/msg/RobotStateEvent.msg
[1.704s] -- Up-to-date: /home/ri-one/ros2_ws/src/install/kobuki_ros_interfaces/share/kobuki_ros_interfaces/msg/Sound.msg
[1.704s] -- Up-to-date: /home/ri-one/ros2_ws/src/install/kobuki_ros_interfaces/share/kobuki_ros_interfaces/msg/ScanAngle.msg
[1.705s] -- Up-to-date: /home/ri-one/ros2_ws/src/install/kobuki_ros_interfaces/share/kobuki_ros_interfaces/msg/WheelDropEvent.msg
[1.705s] -- Up-to-date: /home/ri-one/ros2_ws/src/install/kobuki_ros_interfaces/share/kobuki_ros_interfaces/action/AutoDocking.action
[1.705s] -- Up-to-date: /home/ri-one/ros2_ws/src/install/kobuki_ros_interfaces/share/ament_index/resource_index/package_run_dependencies/kobuki_ros_interfaces
[1.705s] -- Up-to-date: /home/ri-one/ros2_ws/src/install/kobuki_ros_interfaces/share/ament_index/resource_index/parent_prefix_path/kobuki_ros_interfaces
[1.705s] -- Up-to-date: /home/ri-one/ros2_ws/src/install/kobuki_ros_interfaces/share/kobuki_ros_interfaces/environment/ament_prefix_path.sh
[1.705s] -- Up-to-date: /home/ri-one/ros2_ws/src/install/kobuki_ros_interfaces/share/kobuki_ros_interfaces/environment/ament_prefix_path.dsv
[1.705s] -- Up-to-date: /home/ri-one/ros2_ws/src/install/kobuki_ros_interfaces/share/kobuki_ros_interfaces/environment/path.sh
[1.705s] -- Up-to-date: /home/ri-one/ros2_ws/src/install/kobuki_ros_interfaces/share/kobuki_ros_interfaces/environment/path.dsv
[1.707s] -- Up-to-date: /home/ri-one/ros2_ws/src/install/kobuki_ros_interfaces/share/kobuki_ros_interfaces/local_setup.bash
[1.709s] -- Up-to-date: /home/ri-one/ros2_ws/src/install/kobuki_ros_interfaces/share/kobuki_ros_interfaces/local_setup.sh
[1.709s] -- Up-to-date: /home/ri-one/ros2_ws/src/install/kobuki_ros_interfaces/share/kobuki_ros_interfaces/local_setup.zsh
[1.709s] -- Up-to-date: /home/ri-one/ros2_ws/src/install/kobuki_ros_interfaces/share/kobuki_ros_interfaces/local_setup.dsv
[1.710s] -- Installing: /home/ri-one/ros2_ws/src/install/kobuki_ros_interfaces/share/kobuki_ros_interfaces/package.dsv
[1.710s] -- Up-to-date: /home/ri-one/ros2_ws/src/install/kobuki_ros_interfaces/share/ament_index/resource_index/packages/kobuki_ros_interfaces
[1.710s] -- Up-to-date: /home/ri-one/ros2_ws/src/install/kobuki_ros_interfaces/share/kobuki_ros_interfaces/cmake/export_kobuki_ros_interfaces__rosidl_generator_cExport.cmake
[1.710s] -- Up-to-date: /home/ri-one/ros2_ws/src/install/kobuki_ros_interfaces/share/kobuki_ros_interfaces/cmake/export_kobuki_ros_interfaces__rosidl_generator_cExport-noconfig.cmake
[1.710s] -- Up-to-date: /home/ri-one/ros2_ws/src/install/kobuki_ros_interfaces/share/kobuki_ros_interfaces/cmake/export_kobuki_ros_interfaces__rosidl_typesupport_fastrtps_cExport.cmake
[1.714s] -- Up-to-date: /home/ri-one/ros2_ws/src/install/kobuki_ros_interfaces/share/kobuki_ros_interfaces/cmake/export_kobuki_ros_interfaces__rosidl_typesupport_fastrtps_cExport-noconfig.cmake
[1.715s] -- Up-to-date: /home/ri-one/ros2_ws/src/install/kobuki_ros_interfaces/share/kobuki_ros_interfaces/cmake/export_kobuki_ros_interfaces__rosidl_generator_cppExport.cmake
[1.715s] -- Up-to-date: /home/ri-one/ros2_ws/src/install/kobuki_ros_interfaces/share/kobuki_ros_interfaces/cmake/export_kobuki_ros_interfaces__rosidl_typesupport_fastrtps_cppExport.cmake
[1.715s] -- Up-to-date: /home/ri-one/ros2_ws/src/install/kobuki_ros_interfaces/share/kobuki_ros_interfaces/cmake/export_kobuki_ros_interfaces__rosidl_typesupport_fastrtps_cppExport-noconfig.cmake
[1.715s] -- Up-to-date: /home/ri-one/ros2_ws/src/install/kobuki_ros_interfaces/share/kobuki_ros_interfaces/cmake/kobuki_ros_interfaces__rosidl_typesupport_introspection_cExport.cmake
[1.715s] -- Up-to-date: /home/ri-one/ros2_ws/src/install/kobuki_ros_interfaces/share/kobuki_ros_interfaces/cmake/kobuki_ros_interfaces__rosidl_typesupport_introspection_cExport-noconfig.cmake
[1.716s] -- Up-to-date: /home/ri-one/ros2_ws/src/install/kobuki_ros_interfaces/share/kobuki_ros_interfaces/cmake/kobuki_ros_interfaces__rosidl_typesupport_cExport.cmake
[1.716s] -- Up-to-date: /home/ri-one/ros2_ws/src/install/kobuki_ros_interfaces/share/kobuki_ros_interfaces/cmake/kobuki_ros_interfaces__rosidl_typesupport_cExport-noconfig.cmake
[1.716s] -- Up-to-date: /home/ri-one/ros2_ws/src/install/kobuki_ros_interfaces/share/kobuki_ros_interfaces/cmake/kobuki_ros_interfaces__rosidl_typesupport_introspection_cppExport.cmake
[1.716s] -- Up-to-date: /home/ri-one/ros2_ws/src/install/kobuki_ros_interfaces/share/kobuki_ros_interfaces/cmake/kobuki_ros_interfaces__rosidl_typesupport_introspection_cppExport-noconfig.cmake
[1.716s] -- Up-to-date: /home/ri-one/ros2_ws/src/install/kobuki_ros_interfaces/share/kobuki_ros_interfaces/cmake/kobuki_ros_interfaces__rosidl_typesupport_cppExport.cmake
[1.716s] -- Up-to-date: /home/ri-one/ros2_ws/src/install/kobuki_ros_interfaces/share/kobuki_ros_interfaces/cmake/kobuki_ros_interfaces__rosidl_typesupport_cppExport-noconfig.cmake
[1.717s] -- Up-to-date: /home/ri-one/ros2_ws/src/install/kobuki_ros_interfaces/share/kobuki_ros_interfaces/cmake/export_kobuki_ros_interfaces__rosidl_generator_pyExport.cmake
[1.717s] -- Up-to-date: /home/ri-one/ros2_ws/src/install/kobuki_ros_interfaces/share/kobuki_ros_interfaces/cmake/export_kobuki_ros_interfaces__rosidl_generator_pyExport-noconfig.cmake
[1.717s] -- Up-to-date: /home/ri-one/ros2_ws/src/install/kobuki_ros_interfaces/share/kobuki_ros_interfaces/cmake/rosidl_cmake-extras.cmake
[1.717s] -- Up-to-date: /home/ri-one/ros2_ws/src/install/kobuki_ros_interfaces/share/kobuki_ros_interfaces/cmake/ament_cmake_export_dependencies-extras.cmake
[1.717s] -- Up-to-date: /home/ri-one/ros2_ws/src/install/kobuki_ros_interfaces/share/kobuki_ros_interfaces/cmake/ament_cmake_export_include_directories-extras.cmake
[1.720s] -- Up-to-date: /home/ri-one/ros2_ws/src/install/kobuki_ros_interfaces/share/kobuki_ros_interfaces/cmake/ament_cmake_export_libraries-extras.cmake
[1.721s] -- Up-to-date: /home/ri-one/ros2_ws/src/install/kobuki_ros_interfaces/share/kobuki_ros_interfaces/cmake/ament_cmake_export_targets-extras.cmake
[1.721s] -- Up-to-date: /home/ri-one/ros2_ws/src/install/kobuki_ros_interfaces/share/kobuki_ros_interfaces/cmake/rosidl_cmake_export_typesupport_targets-extras.cmake
[1.721s] -- Up-to-date: /home/ri-one/ros2_ws/src/install/kobuki_ros_interfaces/share/kobuki_ros_interfaces/cmake/rosidl_cmake_export_typesupport_libraries-extras.cmake
[1.721s] -- Up-to-date: /home/ri-one/ros2_ws/src/install/kobuki_ros_interfaces/share/kobuki_ros_interfaces/cmake/kobuki_ros_interfacesConfig.cmake
[1.721s] -- Up-to-date: /home/ri-one/ros2_ws/src/install/kobuki_ros_interfaces/share/kobuki_ros_interfaces/cmake/kobuki_ros_interfacesConfig-version.cmake
[1.721s] -- Up-to-date: /home/ri-one/ros2_ws/src/install/kobuki_ros_interfaces/share/kobuki_ros_interfaces/package.xml
[1.765s] Invoked command in '/home/ri-one/ros2_ws/src/build/kobuki_ros_interfaces' returned '0': CMAKE_PREFIX_PATH=${CMAKE_PREFIX_PATH}:/opt/ros/humble /usr/bin/cmake --install /home/ri-one/ros2_ws/src/build/kobuki_ros_interfaces
