[0.062s] Invoking command in '/home/ri-one/ri_one_master_ws/build/ecl_sigslots_lite': AMENT_PREFIX_PATH=/home/ri-one/ri_one_master_ws/install/ecl_errors:/home/ri-one/ri_one_master_ws/install/ecl_config:${AMENT_PREFIX_PATH} CMAKE_PREFIX_PATH=/home/ri-one/ri_one_master_ws/install/ecl_errors:/home/ri-one/ri_one_master_ws/install/ecl_config:/opt/ros/humble LD_LIBRARY_PATH=/home/ri-one/ri_one_master_ws/install/ecl_errors/lib:${LD_LIBRARY_PATH} PATH=/home/ri-one/ri_one_master_ws/install/ecl_config/bin:${PATH} /usr/bin/cmake --build /home/ri-one/ri_one_master_ws/build/ecl_sigslots_lite -- -j4 -l4
[0.232s] [100%] Built target demo_sigslots_lite
[0.320s] Invoked command in '/home/ri-one/ri_one_master_ws/build/ecl_sigslots_lite' returned '0': AMENT_PREFIX_PATH=/home/ri-one/ri_one_master_ws/install/ecl_errors:/home/ri-one/ri_one_master_ws/install/ecl_config:${AMENT_PREFIX_PATH} CMAKE_PREFIX_PATH=/home/ri-one/ri_one_master_ws/install/ecl_errors:/home/ri-one/ri_one_master_ws/install/ecl_config:/opt/ros/humble LD_LIBRARY_PATH=/home/ri-one/ri_one_master_ws/install/ecl_errors/lib:${LD_LIBRARY_PATH} PATH=/home/ri-one/ri_one_master_ws/install/ecl_config/bin:${PATH} /usr/bin/cmake --build /home/ri-one/ri_one_master_ws/build/ecl_sigslots_lite -- -j4 -l4
[0.323s] Invoking command in '/home/ri-one/ri_one_master_ws/build/ecl_sigslots_lite': AMENT_PREFIX_PATH=/home/ri-one/ri_one_master_ws/install/ecl_errors:/home/ri-one/ri_one_master_ws/install/ecl_config:${AMENT_PREFIX_PATH} CMAKE_PREFIX_PATH=/home/ri-one/ri_one_master_ws/install/ecl_errors:/home/ri-one/ri_one_master_ws/install/ecl_config:/opt/ros/humble LD_LIBRARY_PATH=/home/ri-one/ri_one_master_ws/install/ecl_errors/lib:${LD_LIBRARY_PATH} PATH=/home/ri-one/ri_one_master_ws/install/ecl_config/bin:${PATH} /usr/bin/cmake --install /home/ri-one/ri_one_master_ws/build/ecl_sigslots_lite
[0.343s] -- Install configuration: ""
[0.343s] -- Execute custom install script
[0.345s] -- Up-to-date symlink: /home/ri-one/ri_one_master_ws/install/ecl_sigslots_lite/include/ecl/sigslots_lite/connect.hpp
[0.347s] -- Up-to-date symlink: /home/ri-one/ri_one_master_ws/install/ecl_sigslots_lite/include/ecl/sigslots_lite/errors.hpp
[0.347s] -- Up-to-date symlink: /home/ri-one/ri_one_master_ws/install/ecl_sigslots_lite/include/ecl/sigslots_lite/managers.hpp
[0.347s] -- Up-to-date symlink: /home/ri-one/ri_one_master_ws/install/ecl_sigslots_lite/include/ecl/sigslots_lite/signal.hpp
[0.347s] -- Up-to-date symlink: /home/ri-one/ri_one_master_ws/install/ecl_sigslots_lite/include/ecl/sigslots_lite/slot.hpp
[0.348s] -- Up-to-date symlink: /home/ri-one/ri_one_master_ws/install/ecl_sigslots_lite/include/ecl/sigslots_lite/utilities.hpp
[0.356s] -- Up-to-date symlink: /home/ri-one/ri_one_master_ws/install/ecl_sigslots_lite/include/ecl/sigslots_lite.hpp
[0.356s] -- Up-to-date symlink: /home/ri-one/ri_one_master_ws/install/ecl_sigslots_lite/lib/ecl_sigslots_lite/demo_sigslots_lite
[0.356s] -- Up-to-date symlink: /home/ri-one/ri_one_master_ws/install/ecl_sigslots_lite/share/ament_index/resource_index/package_run_dependencies/ecl_sigslots_lite
[0.357s] -- Up-to-date symlink: /home/ri-one/ri_one_master_ws/install/ecl_sigslots_lite/share/ament_index/resource_index/parent_prefix_path/ecl_sigslots_lite
[0.357s] -- Up-to-date symlink: /home/ri-one/ri_one_master_ws/install/ecl_sigslots_lite/share/ecl_sigslots_lite/environment/ament_prefix_path.sh
[0.357s] -- Up-to-date symlink: /home/ri-one/ri_one_master_ws/install/ecl_sigslots_lite/share/ecl_sigslots_lite/environment/ament_prefix_path.dsv
[0.357s] -- Up-to-date symlink: /home/ri-one/ri_one_master_ws/install/ecl_sigslots_lite/share/ecl_sigslots_lite/environment/path.sh
[0.357s] -- Up-to-date symlink: /home/ri-one/ri_one_master_ws/install/ecl_sigslots_lite/share/ecl_sigslots_lite/environment/path.dsv
[0.362s] -- Up-to-date symlink: /home/ri-one/ri_one_master_ws/install/ecl_sigslots_lite/share/ecl_sigslots_lite/local_setup.bash
[0.362s] -- Up-to-date symlink: /home/ri-one/ri_one_master_ws/install/ecl_sigslots_lite/share/ecl_sigslots_lite/local_setup.sh
[0.363s] -- Up-to-date symlink: /home/ri-one/ri_one_master_ws/install/ecl_sigslots_lite/share/ecl_sigslots_lite/local_setup.zsh
[0.363s] -- Up-to-date symlink: /home/ri-one/ri_one_master_ws/install/ecl_sigslots_lite/share/ecl_sigslots_lite/local_setup.dsv
[0.363s] -- Symlinking: /home/ri-one/ri_one_master_ws/install/ecl_sigslots_lite/share/ecl_sigslots_lite/package.dsv
[0.385s] -- Up-to-date symlink: /home/ri-one/ri_one_master_ws/install/ecl_sigslots_lite/share/ament_index/resource_index/packages/ecl_sigslots_lite
[0.386s] -- Up-to-date symlink: /home/ri-one/ri_one_master_ws/install/ecl_sigslots_lite/share/ecl_sigslots_lite/cmake/ament_cmake_export_targets-extras.cmake
[0.386s] -- Up-to-date symlink: /home/ri-one/ri_one_master_ws/install/ecl_sigslots_lite/share/ecl_sigslots_lite/cmake/ament_cmake_export_include_directories-extras.cmake
[0.389s] -- Up-to-date symlink: /home/ri-one/ri_one_master_ws/install/ecl_sigslots_lite/share/ecl_sigslots_lite/cmake/ament_cmake_export_dependencies-extras.cmake
[0.390s] -- Up-to-date symlink: /home/ri-one/ri_one_master_ws/install/ecl_sigslots_lite/share/ecl_sigslots_lite/cmake/ecl_sigslots_liteConfig.cmake
[0.390s] -- Up-to-date symlink: /home/ri-one/ri_one_master_ws/install/ecl_sigslots_lite/share/ecl_sigslots_lite/cmake/ecl_sigslots_liteConfig-version.cmake
[0.390s] -- Up-to-date symlink: /home/ri-one/ri_one_master_ws/install/ecl_sigslots_lite/share/ecl_sigslots_lite/package.xml
[0.391s] -- Up-to-date: /home/ri-one/ri_one_master_ws/install/ecl_sigslots_lite/share/ecl_sigslots_lite/cmake/ecl_sigslots_liteExport.cmake
[0.410s] Invoked command in '/home/ri-one/ri_one_master_ws/build/ecl_sigslots_lite' returned '0': AMENT_PREFIX_PATH=/home/ri-one/ri_one_master_ws/install/ecl_errors:/home/ri-one/ri_one_master_ws/install/ecl_config:${AMENT_PREFIX_PATH} CMAKE_PREFIX_PATH=/home/ri-one/ri_one_master_ws/install/ecl_errors:/home/ri-one/ri_one_master_ws/install/ecl_config:/opt/ros/humble LD_LIBRARY_PATH=/home/ri-one/ri_one_master_ws/install/ecl_errors/lib:${LD_LIBRARY_PATH} PATH=/home/ri-one/ri_one_master_ws/install/ecl_config/bin:${PATH} /usr/bin/cmake --install /home/ri-one/ri_one_master_ws/build/ecl_sigslots_lite
