[0.089s] Invoking command in '/home/ri-one/ri_one_master_ws/build/ros2_kinect_tilt': CMAKE_PREFIX_PATH=${CMAKE_PREFIX_PATH}:/home/ri-one/ri_one_master_ws/install/ros2_tests:/home/ri-one/ri_one_master_ws/install/realsense_vision:/home/ri-one/ri_one_master_ws/install/realsense2_ros_mqtt_bridge:/home/ri-one/ri_one_master_ws/install/gesture_to_motion:/home/ri-one/ri_one_master_ws/install/gesture_detection:/opt/ros/humble /usr/bin/cmake --build /home/ri-one/ri_one_master_ws/build/ros2_kinect_tilt -- -j4 -l4
[0.466s] [100%] Built target ros2_kinect_tilt_node
[0.517s] Invoked command in '/home/ri-one/ri_one_master_ws/build/ros2_kinect_tilt' returned '0': CMAKE_PREFIX_PATH=${CMAKE_PREFIX_PATH}:/home/ri-one/ri_one_master_ws/install/ros2_tests:/home/ri-one/ri_one_master_ws/install/realsense_vision:/home/ri-one/ri_one_master_ws/install/realsense2_ros_mqtt_bridge:/home/ri-one/ri_one_master_ws/install/gesture_to_motion:/home/ri-one/ri_one_master_ws/install/gesture_detection:/opt/ros/humble /usr/bin/cmake --build /home/ri-one/ri_one_master_ws/build/ros2_kinect_tilt -- -j4 -l4
[0.523s] Invoking command in '/home/ri-one/ri_one_master_ws/build/ros2_kinect_tilt': CMAKE_PREFIX_PATH=${CMAKE_PREFIX_PATH}:/home/ri-one/ri_one_master_ws/install/ros2_tests:/home/ri-one/ri_one_master_ws/install/realsense_vision:/home/ri-one/ri_one_master_ws/install/realsense2_ros_mqtt_bridge:/home/ri-one/ri_one_master_ws/install/gesture_to_motion:/home/ri-one/ri_one_master_ws/install/gesture_detection:/opt/ros/humble /usr/bin/cmake --install /home/ri-one/ri_one_master_ws/build/ros2_kinect_tilt
[0.570s] -- Install configuration: ""
[0.573s] -- Execute custom install script
[0.578s] -- Up-to-date symlink: /home/ri-one/ri_one_master_ws/install/ros2_kinect_tilt/lib/ros2_kinect_tilt/ros2_kinect_tilt_node
[0.578s] -- Up-to-date symlink: /home/ri-one/ri_one_master_ws/install/ros2_kinect_tilt/share/ament_index/resource_index/package_run_dependencies/ros2_kinect_tilt
[0.578s] -- Up-to-date symlink: /home/ri-one/ri_one_master_ws/install/ros2_kinect_tilt/share/ament_index/resource_index/parent_prefix_path/ros2_kinect_tilt
[0.581s] -- Up-to-date symlink: /home/ri-one/ri_one_master_ws/install/ros2_kinect_tilt/share/ros2_kinect_tilt/environment/ament_prefix_path.sh
[0.582s] -- Up-to-date symlink: /home/ri-one/ri_one_master_ws/install/ros2_kinect_tilt/share/ros2_kinect_tilt/environment/ament_prefix_path.dsv
[0.582s] -- Up-to-date symlink: /home/ri-one/ri_one_master_ws/install/ros2_kinect_tilt/share/ros2_kinect_tilt/environment/path.sh
[0.585s] -- Up-to-date symlink: /home/ri-one/ri_one_master_ws/install/ros2_kinect_tilt/share/ros2_kinect_tilt/environment/path.dsv
[0.585s] -- Up-to-date symlink: /home/ri-one/ri_one_master_ws/install/ros2_kinect_tilt/share/ros2_kinect_tilt/local_setup.bash
[0.585s] -- Up-to-date symlink: /home/ri-one/ri_one_master_ws/install/ros2_kinect_tilt/share/ros2_kinect_tilt/local_setup.sh
[0.586s] -- Up-to-date symlink: /home/ri-one/ri_one_master_ws/install/ros2_kinect_tilt/share/ros2_kinect_tilt/local_setup.zsh
[0.588s] -- Up-to-date symlink: /home/ri-one/ri_one_master_ws/install/ros2_kinect_tilt/share/ros2_kinect_tilt/local_setup.dsv
[0.590s] -- Symlinking: /home/ri-one/ri_one_master_ws/install/ros2_kinect_tilt/share/ros2_kinect_tilt/package.dsv
[0.645s] -- Up-to-date symlink: /home/ri-one/ri_one_master_ws/install/ros2_kinect_tilt/share/ament_index/resource_index/packages/ros2_kinect_tilt
[0.645s] -- Up-to-date symlink: /home/ri-one/ri_one_master_ws/install/ros2_kinect_tilt/share/ros2_kinect_tilt/cmake/ros2_kinect_tiltConfig.cmake
[0.645s] -- Up-to-date symlink: /home/ri-one/ri_one_master_ws/install/ros2_kinect_tilt/share/ros2_kinect_tilt/cmake/ros2_kinect_tiltConfig-version.cmake
[0.662s] -- Up-to-date symlink: /home/ri-one/ri_one_master_ws/install/ros2_kinect_tilt/share/ros2_kinect_tilt/package.xml
[0.737s] Invoked command in '/home/ri-one/ri_one_master_ws/build/ros2_kinect_tilt' returned '0': CMAKE_PREFIX_PATH=${CMAKE_PREFIX_PATH}:/home/ri-one/ri_one_master_ws/install/ros2_tests:/home/ri-one/ri_one_master_ws/install/realsense_vision:/home/ri-one/ri_one_master_ws/install/realsense2_ros_mqtt_bridge:/home/ri-one/ri_one_master_ws/install/gesture_to_motion:/home/ri-one/ri_one_master_ws/install/gesture_detection:/opt/ros/humble /usr/bin/cmake --install /home/ri-one/ri_one_master_ws/build/ros2_kinect_tilt
