[0.136s] Invoking command in '/home/ri-one/ri_one_master_ws/build/audio_common_msgs': CMAKE_PREFIX_PATH=${CMAKE_PREFIX_PATH}:/home/ri-one/ri_one_master_ws/install/realsense_vision:/home/ri-one/ri_one_master_ws/install/realsense2_ros_mqtt_bridge:/home/ri-one/ri_one_master_ws/install/gesture_to_motion:/home/ri-one/ri_one_master_ws/install/ros2_tests:/home/ri-one/ri_one_master_ws/install/gesture_detection:/opt/ros/humble /usr/bin/cmake --build /home/ri-one/ri_one_master_ws/build/audio_common_msgs -- -j4 -l4
[0.460s] [ 10%] Built target audio_common_msgs__rosidl_generator_c
[0.514s] [ 12%] Built target audio_common_msgs__cpp
[0.546s] [ 12%] Built target ament_cmake_python_symlink_audio_common_msgs
[0.693s] [ 23%] Built target audio_common_msgs__rosidl_typesupport_introspection_c
[0.694s] [ 34%] Built target audio_common_msgs__rosidl_typesupport_c
[0.694s] [ 44%] Built target audio_common_msgs__rosidl_typesupport_fastrtps_c
[0.742s] [ 55%] Built target audio_common_msgs__rosidl_typesupport_fastrtps_cpp
[0.865s] [ 65%] Built target audio_common_msgs__rosidl_typesupport_cpp
[0.905s] [ 76%] Built target audio_common_msgs__rosidl_typesupport_introspection_cpp
[1.207s] [ 76%] Built target audio_common_msgs
[1.481s] [ 78%] Built target audio_common_msgs__py
[1.640s] [ 87%] Built target audio_common_msgs__rosidl_generator_py
[1.783s] running egg_info
[1.784s] writing audio_common_msgs.egg-info/PKG-INFO
[1.789s] writing dependency_links to audio_common_msgs.egg-info/dependency_links.txt
[1.790s] writing top-level names to audio_common_msgs.egg-info/top_level.txt
[1.790s] [ 91%] Built target audio_common_msgs__rosidl_typesupport_c__pyext
[1.793s] reading manifest file 'audio_common_msgs.egg-info/SOURCES.txt'
[1.794s] writing manifest file 'audio_common_msgs.egg-info/SOURCES.txt'
[1.830s] [ 95%] Built target audio_common_msgs__rosidl_typesupport_introspection_c__pyext
[1.849s] [100%] Built target audio_common_msgs__rosidl_typesupport_fastrtps_c__pyext
[1.895s] [100%] Built target ament_cmake_python_build_audio_common_msgs_egg
[1.994s] Invoked command in '/home/ri-one/ri_one_master_ws/build/audio_common_msgs' returned '0': CMAKE_PREFIX_PATH=${CMAKE_PREFIX_PATH}:/home/ri-one/ri_one_master_ws/install/realsense_vision:/home/ri-one/ri_one_master_ws/install/realsense2_ros_mqtt_bridge:/home/ri-one/ri_one_master_ws/install/gesture_to_motion:/home/ri-one/ri_one_master_ws/install/ros2_tests:/home/ri-one/ri_one_master_ws/install/gesture_detection:/opt/ros/humble /usr/bin/cmake --build /home/ri-one/ri_one_master_ws/build/audio_common_msgs -- -j4 -l4
[1.998s] Invoking command in '/home/ri-one/ri_one_master_ws/build/audio_common_msgs': CMAKE_PREFIX_PATH=${CMAKE_PREFIX_PATH}:/home/ri-one/ri_one_master_ws/install/realsense_vision:/home/ri-one/ri_one_master_ws/install/realsense2_ros_mqtt_bridge:/home/ri-one/ri_one_master_ws/install/gesture_to_motion:/home/ri-one/ri_one_master_ws/install/ros2_tests:/home/ri-one/ri_one_master_ws/install/gesture_detection:/opt/ros/humble /usr/bin/cmake --install /home/ri-one/ri_one_master_ws/build/audio_common_msgs
[2.067s] -- Install configuration: ""
[2.069s] -- Execute custom install script
[2.070s] -- Up-to-date symlink: /home/ri-one/ri_one_master_ws/install/audio_common_msgs/share/ament_index/resource_index/rosidl_interfaces/audio_common_msgs
[2.071s] -- Up-to-date symlink: /home/ri-one/ri_one_master_ws/install/audio_common_msgs/include/audio_common_msgs/audio_common_msgs/msg/audio_data.h
[2.071s] -- Up-to-date symlink: /home/ri-one/ri_one_master_ws/install/audio_common_msgs/include/audio_common_msgs/audio_common_msgs/msg/audio_data_stamped.h
[2.071s] -- Up-to-date symlink: /home/ri-one/ri_one_master_ws/install/audio_common_msgs/include/audio_common_msgs/audio_common_msgs/msg/audio_info.h
[2.071s] -- Up-to-date symlink: /home/ri-one/ri_one_master_ws/install/audio_common_msgs/include/audio_common_msgs/audio_common_msgs/msg/detail/audio_data__functions.h
[2.071s] -- Up-to-date symlink: /home/ri-one/ri_one_master_ws/install/audio_common_msgs/include/audio_common_msgs/audio_common_msgs/msg/detail/audio_data__struct.h
[2.072s] -- Up-to-date symlink: /home/ri-one/ri_one_master_ws/install/audio_common_msgs/include/audio_common_msgs/audio_common_msgs/msg/detail/audio_data__type_support.h
[2.072s] -- Up-to-date symlink: /home/ri-one/ri_one_master_ws/install/audio_common_msgs/include/audio_common_msgs/audio_common_msgs/msg/detail/audio_data_stamped__functions.h
[2.072s] -- Up-to-date symlink: /home/ri-one/ri_one_master_ws/install/audio_common_msgs/include/audio_common_msgs/audio_common_msgs/msg/detail/audio_data_stamped__struct.h
[2.072s] -- Up-to-date symlink: /home/ri-one/ri_one_master_ws/install/audio_common_msgs/include/audio_common_msgs/audio_common_msgs/msg/detail/audio_data_stamped__type_support.h
[2.081s] -- Up-to-date symlink: /home/ri-one/ri_one_master_ws/install/audio_common_msgs/include/audio_common_msgs/audio_common_msgs/msg/detail/audio_info__functions.h
[2.082s] -- Up-to-date symlink: /home/ri-one/ri_one_master_ws/install/audio_common_msgs/include/audio_common_msgs/audio_common_msgs/msg/detail/audio_info__struct.h
[2.082s] -- Up-to-date symlink: /home/ri-one/ri_one_master_ws/install/audio_common_msgs/include/audio_common_msgs/audio_common_msgs/msg/detail/audio_info__type_support.h
[2.082s] -- Up-to-date symlink: /home/ri-one/ri_one_master_ws/install/audio_common_msgs/include/audio_common_msgs/audio_common_msgs/msg/rosidl_generator_c__visibility_control.h
[2.082s] -- Up-to-date symlink: /home/ri-one/ri_one_master_ws/install/audio_common_msgs/share/audio_common_msgs/environment/library_path.sh
[2.082s] -- Up-to-date symlink: /home/ri-one/ri_one_master_ws/install/audio_common_msgs/share/audio_common_msgs/environment/library_path.dsv
[2.084s] -- Up-to-date symlink: /home/ri-one/ri_one_master_ws/install/audio_common_msgs/include/audio_common_msgs/audio_common_msgs/msg/detail/audio_data__rosidl_typesupport_fastrtps_c.h
[2.090s] -- Up-to-date symlink: /home/ri-one/ri_one_master_ws/install/audio_common_msgs/include/audio_common_msgs/audio_common_msgs/msg/detail/audio_data_stamped__rosidl_typesupport_fastrtps_c.h
[2.091s] -- Up-to-date symlink: /home/ri-one/ri_one_master_ws/install/audio_common_msgs/include/audio_common_msgs/audio_common_msgs/msg/detail/audio_info__rosidl_typesupport_fastrtps_c.h
[2.091s] -- Up-to-date symlink: /home/ri-one/ri_one_master_ws/install/audio_common_msgs/include/audio_common_msgs/audio_common_msgs/msg/rosidl_typesupport_fastrtps_c__visibility_control.h
[2.091s] -- Up-to-date symlink: /home/ri-one/ri_one_master_ws/install/audio_common_msgs/include/audio_common_msgs/audio_common_msgs/msg/detail/audio_data__rosidl_typesupport_introspection_c.h
[2.091s] -- Up-to-date symlink: /home/ri-one/ri_one_master_ws/install/audio_common_msgs/include/audio_common_msgs/audio_common_msgs/msg/detail/audio_data_stamped__rosidl_typesupport_introspection_c.h
[2.091s] -- Up-to-date symlink: /home/ri-one/ri_one_master_ws/install/audio_common_msgs/include/audio_common_msgs/audio_common_msgs/msg/detail/audio_info__rosidl_typesupport_introspection_c.h
[2.092s] -- Up-to-date symlink: /home/ri-one/ri_one_master_ws/install/audio_common_msgs/include/audio_common_msgs/audio_common_msgs/msg/rosidl_typesupport_introspection_c__visibility_control.h
[2.093s] -- Up-to-date symlink: /home/ri-one/ri_one_master_ws/install/audio_common_msgs/include/audio_common_msgs/audio_common_msgs/msg/audio_data.hpp
[2.093s] -- Up-to-date symlink: /home/ri-one/ri_one_master_ws/install/audio_common_msgs/include/audio_common_msgs/audio_common_msgs/msg/audio_data_stamped.hpp
[2.093s] -- Up-to-date symlink: /home/ri-one/ri_one_master_ws/install/audio_common_msgs/include/audio_common_msgs/audio_common_msgs/msg/audio_info.hpp
[2.093s] -- Up-to-date symlink: /home/ri-one/ri_one_master_ws/install/audio_common_msgs/include/audio_common_msgs/audio_common_msgs/msg/detail/audio_data__builder.hpp
[2.093s] -- Up-to-date symlink: /home/ri-one/ri_one_master_ws/install/audio_common_msgs/include/audio_common_msgs/audio_common_msgs/msg/detail/audio_data__struct.hpp
[2.098s] -- Up-to-date symlink: /home/ri-one/ri_one_master_ws/install/audio_common_msgs/include/audio_common_msgs/audio_common_msgs/msg/detail/audio_data__traits.hpp
[2.099s] -- Up-to-date symlink: /home/ri-one/ri_one_master_ws/install/audio_common_msgs/include/audio_common_msgs/audio_common_msgs/msg/detail/audio_data__type_support.hpp
[2.099s] -- Up-to-date symlink: /home/ri-one/ri_one_master_ws/install/audio_common_msgs/include/audio_common_msgs/audio_common_msgs/msg/detail/audio_data_stamped__builder.hpp
[2.099s] -- Up-to-date symlink: /home/ri-one/ri_one_master_ws/install/audio_common_msgs/include/audio_common_msgs/audio_common_msgs/msg/detail/audio_data_stamped__struct.hpp
[2.099s] -- Up-to-date symlink: /home/ri-one/ri_one_master_ws/install/audio_common_msgs/include/audio_common_msgs/audio_common_msgs/msg/detail/audio_data_stamped__traits.hpp
[2.099s] -- Up-to-date symlink: /home/ri-one/ri_one_master_ws/install/audio_common_msgs/include/audio_common_msgs/audio_common_msgs/msg/detail/audio_data_stamped__type_support.hpp
[2.099s] -- Up-to-date symlink: /home/ri-one/ri_one_master_ws/install/audio_common_msgs/include/audio_common_msgs/audio_common_msgs/msg/detail/audio_info__builder.hpp
[2.100s] -- Up-to-date symlink: /home/ri-one/ri_one_master_ws/install/audio_common_msgs/include/audio_common_msgs/audio_common_msgs/msg/detail/audio_info__struct.hpp
[2.102s] -- Up-to-date symlink: /home/ri-one/ri_one_master_ws/install/audio_common_msgs/include/audio_common_msgs/audio_common_msgs/msg/detail/audio_info__traits.hpp
[2.103s] -- Up-to-date symlink: /home/ri-one/ri_one_master_ws/install/audio_common_msgs/include/audio_common_msgs/audio_common_msgs/msg/detail/audio_info__type_support.hpp
[2.103s] -- Up-to-date symlink: /home/ri-one/ri_one_master_ws/install/audio_common_msgs/include/audio_common_msgs/audio_common_msgs/msg/rosidl_generator_cpp__visibility_control.hpp
[2.109s] -- Up-to-date symlink: /home/ri-one/ri_one_master_ws/install/audio_common_msgs/include/audio_common_msgs/audio_common_msgs/msg/detail/audio_data__rosidl_typesupport_fastrtps_cpp.hpp
[2.111s] -- Up-to-date symlink: /home/ri-one/ri_one_master_ws/install/audio_common_msgs/include/audio_common_msgs/audio_common_msgs/msg/detail/audio_data_stamped__rosidl_typesupport_fastrtps_cpp.hpp
[2.111s] -- Up-to-date symlink: /home/ri-one/ri_one_master_ws/install/audio_common_msgs/include/audio_common_msgs/audio_common_msgs/msg/detail/audio_info__rosidl_typesupport_fastrtps_cpp.hpp
[2.112s] -- Up-to-date symlink: /home/ri-one/ri_one_master_ws/install/audio_common_msgs/include/audio_common_msgs/audio_common_msgs/msg/rosidl_typesupport_fastrtps_cpp__visibility_control.h
[2.112s] -- Up-to-date symlink: /home/ri-one/ri_one_master_ws/install/audio_common_msgs/include/audio_common_msgs/audio_common_msgs/msg/detail/audio_data__rosidl_typesupport_introspection_cpp.hpp
[2.115s] -- Up-to-date symlink: /home/ri-one/ri_one_master_ws/install/audio_common_msgs/include/audio_common_msgs/audio_common_msgs/msg/detail/audio_data_stamped__rosidl_typesupport_introspection_cpp.hpp
[2.115s] -- Up-to-date symlink: /home/ri-one/ri_one_master_ws/install/audio_common_msgs/include/audio_common_msgs/audio_common_msgs/msg/detail/audio_info__rosidl_typesupport_introspection_cpp.hpp
[2.116s] -- Up-to-date symlink: /home/ri-one/ri_one_master_ws/install/audio_common_msgs/share/audio_common_msgs/environment/pythonpath.sh
[2.116s] -- Up-to-date symlink: /home/ri-one/ri_one_master_ws/install/audio_common_msgs/share/audio_common_msgs/environment/pythonpath.dsv
[2.117s] -- Up-to-date symlink: /home/ri-one/ri_one_master_ws/install/audio_common_msgs/local/lib/python3.10/dist-packages/audio_common_msgs-0.3.12-py3.10.egg-info/PKG-INFO
[2.117s] -- Up-to-date symlink: /home/ri-one/ri_one_master_ws/install/audio_common_msgs/local/lib/python3.10/dist-packages/audio_common_msgs-0.3.12-py3.10.egg-info/SOURCES.txt
[2.117s] -- Up-to-date symlink: /home/ri-one/ri_one_master_ws/install/audio_common_msgs/local/lib/python3.10/dist-packages/audio_common_msgs-0.3.12-py3.10.egg-info/dependency_links.txt
[2.119s] -- Up-to-date symlink: /home/ri-one/ri_one_master_ws/install/audio_common_msgs/local/lib/python3.10/dist-packages/audio_common_msgs-0.3.12-py3.10.egg-info/top_level.txt
[2.121s] -- Up-to-date symlink: /home/ri-one/ri_one_master_ws/install/audio_common_msgs/local/lib/python3.10/dist-packages/audio_common_msgs/__init__.py
[2.121s] -- Up-to-date symlink: /home/ri-one/ri_one_master_ws/install/audio_common_msgs/local/lib/python3.10/dist-packages/audio_common_msgs/_audio_common_msgs_s.ep.rosidl_typesupport_c.c
[2.121s] -- Up-to-date symlink: /home/ri-one/ri_one_master_ws/install/audio_common_msgs/local/lib/python3.10/dist-packages/audio_common_msgs/_audio_common_msgs_s.ep.rosidl_typesupport_fastrtps_c.c
[2.123s] -- Up-to-date symlink: /home/ri-one/ri_one_master_ws/install/audio_common_msgs/local/lib/python3.10/dist-packages/audio_common_msgs/_audio_common_msgs_s.ep.rosidl_typesupport_introspection_c.c
[2.124s] -- Up-to-date symlink: /home/ri-one/ri_one_master_ws/install/audio_common_msgs/local/lib/python3.10/dist-packages/audio_common_msgs/audio_common_msgs_s__rosidl_typesupport_c.cpython-310-x86_64-linux-gnu.so
[2.124s] -- Up-to-date symlink: /home/ri-one/ri_one_master_ws/install/audio_common_msgs/local/lib/python3.10/dist-packages/audio_common_msgs/audio_common_msgs_s__rosidl_typesupport_fastrtps_c.cpython-310-x86_64-linux-gnu.so
[2.125s] -- Up-to-date symlink: /home/ri-one/ri_one_master_ws/install/audio_common_msgs/local/lib/python3.10/dist-packages/audio_common_msgs/audio_common_msgs_s__rosidl_typesupport_introspection_c.cpython-310-x86_64-linux-gnu.so
[2.126s] -- Up-to-date symlink: /home/ri-one/ri_one_master_ws/install/audio_common_msgs/local/lib/python3.10/dist-packages/audio_common_msgs/libaudio_common_msgs__rosidl_generator_py.so
[2.126s] -- Up-to-date symlink: /home/ri-one/ri_one_master_ws/install/audio_common_msgs/local/lib/python3.10/dist-packages/audio_common_msgs/msg/__init__.py
[2.126s] -- Up-to-date symlink: /home/ri-one/ri_one_master_ws/install/audio_common_msgs/local/lib/python3.10/dist-packages/audio_common_msgs/msg/_audio_data.py
[2.127s] -- Up-to-date symlink: /home/ri-one/ri_one_master_ws/install/audio_common_msgs/local/lib/python3.10/dist-packages/audio_common_msgs/msg/_audio_data_s.c
[2.127s] -- Up-to-date symlink: /home/ri-one/ri_one_master_ws/install/audio_common_msgs/local/lib/python3.10/dist-packages/audio_common_msgs/msg/_audio_data_stamped.py
[2.127s] -- Up-to-date symlink: /home/ri-one/ri_one_master_ws/install/audio_common_msgs/local/lib/python3.10/dist-packages/audio_common_msgs/msg/_audio_data_stamped_s.c
[2.127s] -- Up-to-date symlink: /home/ri-one/ri_one_master_ws/install/audio_common_msgs/local/lib/python3.10/dist-packages/audio_common_msgs/msg/_audio_info.py
[2.130s] -- Up-to-date symlink: /home/ri-one/ri_one_master_ws/install/audio_common_msgs/local/lib/python3.10/dist-packages/audio_common_msgs/msg/_audio_info_s.c
[2.130s] -- Up-to-date symlink: /home/ri-one/ri_one_master_ws/install/audio_common_msgs/local/lib/python3.10/dist-packages/audio_common_msgs/audio_common_msgs_s__rosidl_typesupport_fastrtps_c.cpython-310-x86_64-linux-gnu.so
[2.131s] -- Up-to-date symlink: /home/ri-one/ri_one_master_ws/install/audio_common_msgs/local/lib/python3.10/dist-packages/audio_common_msgs/audio_common_msgs_s__rosidl_typesupport_introspection_c.cpython-310-x86_64-linux-gnu.so
[2.131s] -- Up-to-date symlink: /home/ri-one/ri_one_master_ws/install/audio_common_msgs/local/lib/python3.10/dist-packages/audio_common_msgs/audio_common_msgs_s__rosidl_typesupport_c.cpython-310-x86_64-linux-gnu.so
[2.132s] -- Up-to-date symlink: /home/ri-one/ri_one_master_ws/install/audio_common_msgs/share/audio_common_msgs/msg/AudioData.idl
[2.132s] -- Up-to-date symlink: /home/ri-one/ri_one_master_ws/install/audio_common_msgs/share/audio_common_msgs/msg/AudioDataStamped.idl
[2.139s] -- Up-to-date symlink: /home/ri-one/ri_one_master_ws/install/audio_common_msgs/share/audio_common_msgs/msg/AudioInfo.idl
[2.140s] -- Up-to-date symlink: /home/ri-one/ri_one_master_ws/install/audio_common_msgs/share/audio_common_msgs/msg/AudioData.msg
[2.140s] -- Up-to-date symlink: /home/ri-one/ri_one_master_ws/install/audio_common_msgs/share/audio_common_msgs/msg/AudioDataStamped.msg
[2.141s] -- Up-to-date symlink: /home/ri-one/ri_one_master_ws/install/audio_common_msgs/share/audio_common_msgs/msg/AudioInfo.msg
[2.144s] -- Up-to-date symlink: /home/ri-one/ri_one_master_ws/install/audio_common_msgs/share/ament_index/resource_index/package_run_dependencies/audio_common_msgs
[2.144s] -- Up-to-date symlink: /home/ri-one/ri_one_master_ws/install/audio_common_msgs/share/ament_index/resource_index/parent_prefix_path/audio_common_msgs
[2.145s] -- Up-to-date symlink: /home/ri-one/ri_one_master_ws/install/audio_common_msgs/share/audio_common_msgs/environment/ament_prefix_path.sh
[2.152s] -- Up-to-date symlink: /home/ri-one/ri_one_master_ws/install/audio_common_msgs/share/audio_common_msgs/environment/ament_prefix_path.dsv
[2.152s] -- Up-to-date symlink: /home/ri-one/ri_one_master_ws/install/audio_common_msgs/share/audio_common_msgs/environment/path.sh
[2.152s] -- Up-to-date symlink: /home/ri-one/ri_one_master_ws/install/audio_common_msgs/share/audio_common_msgs/environment/path.dsv
[2.152s] -- Up-to-date symlink: /home/ri-one/ri_one_master_ws/install/audio_common_msgs/share/audio_common_msgs/local_setup.bash
[2.152s] -- Up-to-date symlink: /home/ri-one/ri_one_master_ws/install/audio_common_msgs/share/audio_common_msgs/local_setup.sh
[2.153s] -- Up-to-date symlink: /home/ri-one/ri_one_master_ws/install/audio_common_msgs/share/audio_common_msgs/local_setup.zsh
[2.153s] -- Up-to-date symlink: /home/ri-one/ri_one_master_ws/install/audio_common_msgs/share/audio_common_msgs/local_setup.dsv
[2.165s] -- Symlinking: /home/ri-one/ri_one_master_ws/install/audio_common_msgs/share/audio_common_msgs/package.dsv
[2.244s] -- Up-to-date symlink: /home/ri-one/ri_one_master_ws/install/audio_common_msgs/share/ament_index/resource_index/packages/audio_common_msgs
[2.245s] -- Up-to-date symlink: /home/ri-one/ri_one_master_ws/install/audio_common_msgs/share/audio_common_msgs/cmake/rosidl_cmake-extras.cmake
[2.248s] -- Up-to-date symlink: /home/ri-one/ri_one_master_ws/install/audio_common_msgs/share/audio_common_msgs/cmake/ament_cmake_export_dependencies-extras.cmake
[2.248s] -- Up-to-date symlink: /home/ri-one/ri_one_master_ws/install/audio_common_msgs/share/audio_common_msgs/cmake/ament_cmake_export_include_directories-extras.cmake
[2.252s] -- Up-to-date symlink: /home/ri-one/ri_one_master_ws/install/audio_common_msgs/share/audio_common_msgs/cmake/ament_cmake_export_libraries-extras.cmake
[2.253s] -- Up-to-date symlink: /home/ri-one/ri_one_master_ws/install/audio_common_msgs/share/audio_common_msgs/cmake/ament_cmake_export_targets-extras.cmake
[2.254s] -- Up-to-date symlink: /home/ri-one/ri_one_master_ws/install/audio_common_msgs/share/audio_common_msgs/cmake/rosidl_cmake_export_typesupport_targets-extras.cmake
[2.254s] -- Up-to-date symlink: /home/ri-one/ri_one_master_ws/install/audio_common_msgs/share/audio_common_msgs/cmake/rosidl_cmake_export_typesupport_libraries-extras.cmake
[2.255s] -- Up-to-date symlink: /home/ri-one/ri_one_master_ws/install/audio_common_msgs/share/audio_common_msgs/cmake/audio_common_msgsConfig.cmake
[2.255s] -- Up-to-date symlink: /home/ri-one/ri_one_master_ws/install/audio_common_msgs/share/audio_common_msgs/cmake/audio_common_msgsConfig-version.cmake
[2.261s] -- Up-to-date symlink: /home/ri-one/ri_one_master_ws/install/audio_common_msgs/share/audio_common_msgs/package.xml
[2.262s] -- Up-to-date: /home/ri-one/ri_one_master_ws/install/audio_common_msgs/lib/libaudio_common_msgs__rosidl_generator_c.so
[2.263s] -- Up-to-date: /home/ri-one/ri_one_master_ws/install/audio_common_msgs/lib/libaudio_common_msgs__rosidl_typesupport_fastrtps_c.so
[2.270s] -- Up-to-date: /home/ri-one/ri_one_master_ws/install/audio_common_msgs/lib/libaudio_common_msgs__rosidl_typesupport_introspection_c.so
[2.270s] -- Up-to-date: /home/ri-one/ri_one_master_ws/install/audio_common_msgs/lib/libaudio_common_msgs__rosidl_typesupport_c.so
[2.271s] -- Up-to-date: /home/ri-one/ri_one_master_ws/install/audio_common_msgs/lib/libaudio_common_msgs__rosidl_typesupport_fastrtps_cpp.so
[2.272s] -- Up-to-date: /home/ri-one/ri_one_master_ws/install/audio_common_msgs/lib/libaudio_common_msgs__rosidl_typesupport_introspection_cpp.so
[2.283s] -- Up-to-date: /home/ri-one/ri_one_master_ws/install/audio_common_msgs/lib/libaudio_common_msgs__rosidl_typesupport_cpp.so
[2.486s] Listing '/home/ri-one/ri_one_master_ws/install/audio_common_msgs/local/lib/python3.10/dist-packages/audio_common_msgs'...
[2.486s] Listing '/home/ri-one/ri_one_master_ws/install/audio_common_msgs/local/lib/python3.10/dist-packages/audio_common_msgs/msg'...
[2.499s] -- Up-to-date: /home/ri-one/ri_one_master_ws/install/audio_common_msgs/lib/libaudio_common_msgs__rosidl_generator_py.so
[2.505s] -- Up-to-date: /home/ri-one/ri_one_master_ws/install/audio_common_msgs/share/audio_common_msgs/cmake/export_audio_common_msgs__rosidl_generator_cExport.cmake
[2.506s] -- Up-to-date: /home/ri-one/ri_one_master_ws/install/audio_common_msgs/share/audio_common_msgs/cmake/export_audio_common_msgs__rosidl_generator_cExport-noconfig.cmake
[2.506s] -- Up-to-date: /home/ri-one/ri_one_master_ws/install/audio_common_msgs/share/audio_common_msgs/cmake/export_audio_common_msgs__rosidl_typesupport_fastrtps_cExport.cmake
[2.506s] -- Up-to-date: /home/ri-one/ri_one_master_ws/install/audio_common_msgs/share/audio_common_msgs/cmake/export_audio_common_msgs__rosidl_typesupport_fastrtps_cExport-noconfig.cmake
[2.507s] -- Up-to-date: /home/ri-one/ri_one_master_ws/install/audio_common_msgs/share/audio_common_msgs/cmake/audio_common_msgs__rosidl_typesupport_introspection_cExport.cmake
[2.507s] -- Up-to-date: /home/ri-one/ri_one_master_ws/install/audio_common_msgs/share/audio_common_msgs/cmake/audio_common_msgs__rosidl_typesupport_introspection_cExport-noconfig.cmake
[2.507s] -- Up-to-date: /home/ri-one/ri_one_master_ws/install/audio_common_msgs/share/audio_common_msgs/cmake/audio_common_msgs__rosidl_typesupport_cExport.cmake
[2.508s] -- Up-to-date: /home/ri-one/ri_one_master_ws/install/audio_common_msgs/share/audio_common_msgs/cmake/audio_common_msgs__rosidl_typesupport_cExport-noconfig.cmake
[2.508s] -- Up-to-date: /home/ri-one/ri_one_master_ws/install/audio_common_msgs/share/audio_common_msgs/cmake/export_audio_common_msgs__rosidl_generator_cppExport.cmake
[2.515s] -- Up-to-date: /home/ri-one/ri_one_master_ws/install/audio_common_msgs/share/audio_common_msgs/cmake/export_audio_common_msgs__rosidl_typesupport_fastrtps_cppExport.cmake
[2.516s] -- Up-to-date: /home/ri-one/ri_one_master_ws/install/audio_common_msgs/share/audio_common_msgs/cmake/export_audio_common_msgs__rosidl_typesupport_fastrtps_cppExport-noconfig.cmake
[2.516s] -- Up-to-date: /home/ri-one/ri_one_master_ws/install/audio_common_msgs/share/audio_common_msgs/cmake/audio_common_msgs__rosidl_typesupport_introspection_cppExport.cmake
[2.516s] -- Up-to-date: /home/ri-one/ri_one_master_ws/install/audio_common_msgs/share/audio_common_msgs/cmake/audio_common_msgs__rosidl_typesupport_introspection_cppExport-noconfig.cmake
[2.516s] -- Up-to-date: /home/ri-one/ri_one_master_ws/install/audio_common_msgs/share/audio_common_msgs/cmake/audio_common_msgs__rosidl_typesupport_cppExport.cmake
[2.517s] -- Up-to-date: /home/ri-one/ri_one_master_ws/install/audio_common_msgs/share/audio_common_msgs/cmake/audio_common_msgs__rosidl_typesupport_cppExport-noconfig.cmake
[2.517s] -- Up-to-date: /home/ri-one/ri_one_master_ws/install/audio_common_msgs/share/audio_common_msgs/cmake/export_audio_common_msgs__rosidl_generator_pyExport.cmake
[2.517s] -- Up-to-date: /home/ri-one/ri_one_master_ws/install/audio_common_msgs/share/audio_common_msgs/cmake/export_audio_common_msgs__rosidl_generator_pyExport-noconfig.cmake
[2.530s] Invoked command in '/home/ri-one/ri_one_master_ws/build/audio_common_msgs' returned '0': CMAKE_PREFIX_PATH=${CMAKE_PREFIX_PATH}:/home/ri-one/ri_one_master_ws/install/realsense_vision:/home/ri-one/ri_one_master_ws/install/realsense2_ros_mqtt_bridge:/home/ri-one/ri_one_master_ws/install/gesture_to_motion:/home/ri-one/ri_one_master_ws/install/ros2_tests:/home/ri-one/ri_one_master_ws/install/gesture_detection:/opt/ros/humble /usr/bin/cmake --install /home/ri-one/ri_one_master_ws/build/audio_common_msgs
