[0.057s] Invoking command in '/home/ri-one/ri_one_master_ws/build/kinect2_calibration': AMENT_PREFIX_PATH=/home/ri-one/ri_one_master_ws/install/kinect2_bridge:/home/ri-one/ri_one_master_ws/install/kinect2_registration:${AMENT_PREFIX_PATH} CMAKE_PREFIX_PATH=/home/ri-one/ri_one_master_ws/install/kinect2_bridge:/home/ri-one/ri_one_master_ws/install/kinect2_registration:/opt/ros/humble LD_LIBRARY_PATH=/home/ri-one/ri_one_master_ws/install/kinect2_registration/lib:${LD_LIBRARY_PATH} /usr/bin/cmake --build /home/ri-one/ri_one_master_ws/build/kinect2_calibration -- -j4 -l4
[0.192s] [100%] Built target kinect2_calibration_node
[0.236s] Invoked command in '/home/ri-one/ri_one_master_ws/build/kinect2_calibration' returned '0': AMENT_PREFIX_PATH=/home/ri-one/ri_one_master_ws/install/kinect2_bridge:/home/ri-one/ri_one_master_ws/install/kinect2_registration:${AMENT_PREFIX_PATH} CMAKE_PREFIX_PATH=/home/ri-one/ri_one_master_ws/install/kinect2_bridge:/home/ri-one/ri_one_master_ws/install/kinect2_registration:/opt/ros/humble LD_LIBRARY_PATH=/home/ri-one/ri_one_master_ws/install/kinect2_registration/lib:${LD_LIBRARY_PATH} /usr/bin/cmake --build /home/ri-one/ri_one_master_ws/build/kinect2_calibration -- -j4 -l4
[0.242s] Invoking command in '/home/ri-one/ri_one_master_ws/build/kinect2_calibration': AMENT_PREFIX_PATH=/home/ri-one/ri_one_master_ws/install/kinect2_bridge:/home/ri-one/ri_one_master_ws/install/kinect2_registration:${AMENT_PREFIX_PATH} CMAKE_PREFIX_PATH=/home/ri-one/ri_one_master_ws/install/kinect2_bridge:/home/ri-one/ri_one_master_ws/install/kinect2_registration:/opt/ros/humble LD_LIBRARY_PATH=/home/ri-one/ri_one_master_ws/install/kinect2_registration/lib:${LD_LIBRARY_PATH} /usr/bin/cmake --install /home/ri-one/ri_one_master_ws/build/kinect2_calibration
[0.277s] -- Install configuration: ""
[0.277s] -- Execute custom install script
[0.277s] -- Up-to-date symlink: /home/ri-one/ri_one_master_ws/install/kinect2_calibration/lib/kinect2_calibration/kinect2_calibration_node
[0.278s] -- Up-to-date symlink: /home/ri-one/ri_one_master_ws/install/kinect2_calibration/share/ament_index/resource_index/package_run_dependencies/kinect2_calibration
[0.278s] -- Up-to-date symlink: /home/ri-one/ri_one_master_ws/install/kinect2_calibration/share/ament_index/resource_index/parent_prefix_path/kinect2_calibration
[0.278s] -- Up-to-date symlink: /home/ri-one/ri_one_master_ws/install/kinect2_calibration/share/kinect2_calibration/environment/ament_prefix_path.sh
[0.279s] -- Up-to-date symlink: /home/ri-one/ri_one_master_ws/install/kinect2_calibration/share/kinect2_calibration/environment/ament_prefix_path.dsv
[0.279s] -- Up-to-date symlink: /home/ri-one/ri_one_master_ws/install/kinect2_calibration/share/kinect2_calibration/environment/path.sh
[0.280s] -- Up-to-date symlink: /home/ri-one/ri_one_master_ws/install/kinect2_calibration/share/kinect2_calibration/environment/path.dsv
[0.282s] -- Up-to-date symlink: /home/ri-one/ri_one_master_ws/install/kinect2_calibration/share/kinect2_calibration/local_setup.bash
[0.283s] -- Up-to-date symlink: /home/ri-one/ri_one_master_ws/install/kinect2_calibration/share/kinect2_calibration/local_setup.sh
[0.284s] -- Up-to-date symlink: /home/ri-one/ri_one_master_ws/install/kinect2_calibration/share/kinect2_calibration/local_setup.zsh
[0.284s] -- Up-to-date symlink: /home/ri-one/ri_one_master_ws/install/kinect2_calibration/share/kinect2_calibration/local_setup.dsv
[0.284s] -- Symlinking: /home/ri-one/ri_one_master_ws/install/kinect2_calibration/share/kinect2_calibration/package.dsv
[0.284s] -- Up-to-date symlink: /home/ri-one/ri_one_master_ws/install/kinect2_calibration/share/ament_index/resource_index/packages/kinect2_calibration
[0.285s] -- Up-to-date symlink: /home/ri-one/ri_one_master_ws/install/kinect2_calibration/share/kinect2_calibration/cmake/kinect2_calibrationConfig.cmake
[0.285s] -- Up-to-date symlink: /home/ri-one/ri_one_master_ws/install/kinect2_calibration/share/kinect2_calibration/cmake/kinect2_calibrationConfig-version.cmake
[0.285s] -- Up-to-date symlink: /home/ri-one/ri_one_master_ws/install/kinect2_calibration/share/kinect2_calibration/package.xml
[0.294s] Invoked command in '/home/ri-one/ri_one_master_ws/build/kinect2_calibration' returned '0': AMENT_PREFIX_PATH=/home/ri-one/ri_one_master_ws/install/kinect2_bridge:/home/ri-one/ri_one_master_ws/install/kinect2_registration:${AMENT_PREFIX_PATH} CMAKE_PREFIX_PATH=/home/ri-one/ri_one_master_ws/install/kinect2_bridge:/home/ri-one/ri_one_master_ws/install/kinect2_registration:/opt/ros/humble LD_LIBRARY_PATH=/home/ri-one/ri_one_master_ws/install/kinect2_registration/lib:${LD_LIBRARY_PATH} /usr/bin/cmake --install /home/ri-one/ri_one_master_ws/build/kinect2_calibration
