[0.052s] Invoking command in '/home/ri-one/ri_one_master_ws/build/ecl_converters_lite': AMENT_PREFIX_PATH=/home/ri-one/ri_one_master_ws/install/ecl_config:${AMENT_PREFIX_PATH} CMAKE_PREFIX_PATH=/home/ri-one/ri_one_master_ws/install/ecl_config:/opt/ros/humble PATH=/home/ri-one/ri_one_master_ws/install/ecl_config/bin:${PATH} /usr/bin/cmake --build /home/ri-one/ri_one_master_ws/build/ecl_converters_lite -- -j4 -l4
[0.278s] [ 33%] Built target gtest
[0.303s] [ 66%] Built target gtest_main
[0.372s] [100%] Built target test_byte_array
[0.395s] Invoked command in '/home/ri-one/ri_one_master_ws/build/ecl_converters_lite' returned '0': AMENT_PREFIX_PATH=/home/ri-one/ri_one_master_ws/install/ecl_config:${AMENT_PREFIX_PATH} CMAKE_PREFIX_PATH=/home/ri-one/ri_one_master_ws/install/ecl_config:/opt/ros/humble PATH=/home/ri-one/ri_one_master_ws/install/ecl_config/bin:${PATH} /usr/bin/cmake --build /home/ri-one/ri_one_master_ws/build/ecl_converters_lite -- -j4 -l4
[0.398s] Invoking command in '/home/ri-one/ri_one_master_ws/build/ecl_converters_lite': AMENT_PREFIX_PATH=/home/ri-one/ri_one_master_ws/install/ecl_config:${AMENT_PREFIX_PATH} CMAKE_PREFIX_PATH=/home/ri-one/ri_one_master_ws/install/ecl_config:/opt/ros/humble PATH=/home/ri-one/ri_one_master_ws/install/ecl_config/bin:${PATH} /usr/bin/cmake --install /home/ri-one/ri_one_master_ws/build/ecl_converters_lite
[0.412s] -- Install configuration: ""
[0.412s] -- Execute custom install script
[0.413s] -- Up-to-date symlink: /home/ri-one/ri_one_master_ws/install/ecl_converters_lite/include/ecl/converters_lite/byte_array.hpp
[0.413s] -- Up-to-date symlink: /home/ri-one/ri_one_master_ws/install/ecl_converters_lite/include/ecl/converters_lite.hpp
[0.413s] -- Up-to-date symlink: /home/ri-one/ri_one_master_ws/install/ecl_converters_lite/share/ament_index/resource_index/package_run_dependencies/ecl_converters_lite
[0.413s] -- Up-to-date symlink: /home/ri-one/ri_one_master_ws/install/ecl_converters_lite/share/ament_index/resource_index/parent_prefix_path/ecl_converters_lite
[0.413s] -- Up-to-date symlink: /home/ri-one/ri_one_master_ws/install/ecl_converters_lite/share/ecl_converters_lite/environment/ament_prefix_path.sh
[0.414s] -- Up-to-date symlink: /home/ri-one/ri_one_master_ws/install/ecl_converters_lite/share/ecl_converters_lite/environment/ament_prefix_path.dsv
[0.414s] -- Up-to-date symlink: /home/ri-one/ri_one_master_ws/install/ecl_converters_lite/share/ecl_converters_lite/environment/path.sh
[0.416s] -- Up-to-date symlink: /home/ri-one/ri_one_master_ws/install/ecl_converters_lite/share/ecl_converters_lite/environment/path.dsv
[0.416s] -- Up-to-date symlink: /home/ri-one/ri_one_master_ws/install/ecl_converters_lite/share/ecl_converters_lite/local_setup.bash
[0.416s] -- Up-to-date symlink: /home/ri-one/ri_one_master_ws/install/ecl_converters_lite/share/ecl_converters_lite/local_setup.sh
[0.416s] -- Up-to-date symlink: /home/ri-one/ri_one_master_ws/install/ecl_converters_lite/share/ecl_converters_lite/local_setup.zsh
[0.416s] -- Up-to-date symlink: /home/ri-one/ri_one_master_ws/install/ecl_converters_lite/share/ecl_converters_lite/local_setup.dsv
[0.421s] -- Symlinking: /home/ri-one/ri_one_master_ws/install/ecl_converters_lite/share/ecl_converters_lite/package.dsv
[0.447s] -- Up-to-date symlink: /home/ri-one/ri_one_master_ws/install/ecl_converters_lite/share/ament_index/resource_index/packages/ecl_converters_lite
[0.449s] -- Up-to-date symlink: /home/ri-one/ri_one_master_ws/install/ecl_converters_lite/share/ecl_converters_lite/cmake/ament_cmake_export_targets-extras.cmake
[0.449s] -- Up-to-date symlink: /home/ri-one/ri_one_master_ws/install/ecl_converters_lite/share/ecl_converters_lite/cmake/ament_cmake_export_include_directories-extras.cmake
[0.450s] -- Up-to-date symlink: /home/ri-one/ri_one_master_ws/install/ecl_converters_lite/share/ecl_converters_lite/cmake/ament_cmake_export_dependencies-extras.cmake
[0.450s] -- Up-to-date symlink: /home/ri-one/ri_one_master_ws/install/ecl_converters_lite/share/ecl_converters_lite/cmake/ecl_converters_liteConfig.cmake
[0.450s] -- Up-to-date symlink: /home/ri-one/ri_one_master_ws/install/ecl_converters_lite/share/ecl_converters_lite/cmake/ecl_converters_liteConfig-version.cmake
[0.452s] -- Up-to-date symlink: /home/ri-one/ri_one_master_ws/install/ecl_converters_lite/share/ecl_converters_lite/package.xml
[0.452s] -- Up-to-date: /home/ri-one/ri_one_master_ws/install/ecl_converters_lite/share/ecl_converters_lite/cmake/ecl_converters_liteExport.cmake
[0.547s] Invoked command in '/home/ri-one/ri_one_master_ws/build/ecl_converters_lite' returned '0': AMENT_PREFIX_PATH=/home/ri-one/ri_one_master_ws/install/ecl_config:${AMENT_PREFIX_PATH} CMAKE_PREFIX_PATH=/home/ri-one/ri_one_master_ws/install/ecl_config:/opt/ros/humble PATH=/home/ri-one/ri_one_master_ws/install/ecl_config/bin:${PATH} /usr/bin/cmake --install /home/ri-one/ri_one_master_ws/build/ecl_converters_lite
