[2.662s] Invoking command in '/home/ri-one/ri_one_master_ws/build/gesture_detection': PYTHONPATH=/home/ri-one/ri_one_master_ws/build/gesture_detection/prefix_override:/usr/lib/python3/dist-packages/colcon_core/task/python/colcon_distutils_commands:/home/ri-one/ri_one_master_ws/install/gesture_detection/lib/python3.10/site-packages:${PYTHONPATH} /usr/bin/python3 -W ignore:setup.py install is deprecated -W ignore:easy_install command is deprecated setup.py develop --editable --build-directory /home/ri-one/ri_one_master_ws/build/gesture_detection/build --no-deps symlink_data
[3.973s] running develop
[5.050s] running egg_info
[5.050s] creating gesture_detection.egg-info
[5.055s] writing gesture_detection.egg-info/PKG-INFO
[5.064s] writing dependency_links to gesture_detection.egg-info/dependency_links.txt
[5.064s] writing entry points to gesture_detection.egg-info/entry_points.txt
[5.064s] writing requirements to gesture_detection.egg-info/requires.txt
[5.065s] writing top-level names to gesture_detection.egg-info/top_level.txt
[5.071s] writing manifest file 'gesture_detection.egg-info/SOURCES.txt'
[5.077s] reading manifest file 'gesture_detection.egg-info/SOURCES.txt'
[5.083s] writing manifest file 'gesture_detection.egg-info/SOURCES.txt'
[5.093s] running build_ext
[5.093s] Creating /home/ri-one/ri_one_master_ws/install/gesture_detection/lib/python3.10/site-packages/gesture-detection.egg-link (link to .)
[5.097s] Installing open_palm_detector script to /home/ri-one/ri_one_master_ws/install/gesture_detection/lib/gesture_detection
[5.101s] 
[5.101s] Installed /home/ri-one/ri_one_master_ws/build/gesture_detection
[5.101s] running symlink_data
[5.101s] creating /home/ri-one/ri_one_master_ws/install/gesture_detection/share/ament_index
[5.102s] creating /home/ri-one/ri_one_master_ws/install/gesture_detection/share/ament_index/resource_index
[5.102s] creating /home/ri-one/ri_one_master_ws/install/gesture_detection/share/ament_index/resource_index/packages
[5.102s] symbolically linking /home/ri-one/ri_one_master_ws/build/gesture_detection/resource/gesture_detection -> /home/ri-one/ri_one_master_ws/install/gesture_detection/share/ament_index/resource_index/packages
[5.102s] symbolically linking /home/ri-one/ri_one_master_ws/build/gesture_detection/package.xml -> /home/ri-one/ri_one_master_ws/install/gesture_detection/share/gesture_detection
[5.246s] Invoked command in '/home/ri-one/ri_one_master_ws/build/gesture_detection' returned '0': PYTHONPATH=/home/ri-one/ri_one_master_ws/build/gesture_detection/prefix_override:/usr/lib/python3/dist-packages/colcon_core/task/python/colcon_distutils_commands:/home/ri-one/ri_one_master_ws/install/gesture_detection/lib/python3.10/site-packages:${PYTHONPATH} /usr/bin/python3 -W ignore:setup.py install is deprecated -W ignore:easy_install command is deprecated setup.py develop --editable --build-directory /home/ri-one/ri_one_master_ws/build/gesture_detection/build --no-deps symlink_data
