[0.154s] Invoking command in '/home/ri-one/ri_one_master_ws/build/ecl_statistics': AMENT_PREFIX_PATH=/home/ri-one/ri_one_master_ws/install/ecl_linear_algebra:/home/ri-one/ri_one_master_ws/install/ecl_formatters:/home/ri-one/ri_one_master_ws/install/ecl_converters:/home/ri-one/ri_one_master_ws/install/ecl_math:/home/ri-one/ri_one_master_ws/install/ecl_exceptions:/home/ri-one/ri_one_master_ws/install/ecl_concepts:/home/ri-one/ri_one_master_ws/install/ecl_type_traits:/home/ri-one/ri_one_master_ws/install/ecl_errors:/home/ri-one/ri_one_master_ws/install/ecl_mpl:/home/ri-one/ri_one_master_ws/install/ecl_eigen:/home/ri-one/ri_one_master_ws/install/ecl_config:${AMENT_PREFIX_PATH} CMAKE_PREFIX_PATH=/home/ri-one/ri_one_master_ws/install/ecl_linear_algebra:/home/ri-one/ri_one_master_ws/install/ecl_formatters:/home/ri-one/ri_one_master_ws/install/ecl_converters:/home/ri-one/ri_one_master_ws/install/ecl_math:/home/ri-one/ri_one_master_ws/install/ecl_exceptions:/home/ri-one/ri_one_master_ws/install/ecl_concepts:/home/ri-one/ri_one_master_ws/install/ecl_type_traits:/home/ri-one/ri_one_master_ws/install/ecl_errors:/home/ri-one/ri_one_master_ws/install/ecl_mpl:/home/ri-one/ri_one_master_ws/install/ecl_eigen:/home/ri-one/ri_one_master_ws/install/ecl_config:/opt/ros/humble LD_LIBRARY_PATH=/home/ri-one/ri_one_master_ws/install/ecl_linear_algebra/lib:/home/ri-one/ri_one_master_ws/install/ecl_formatters/lib:/home/ri-one/ri_one_master_ws/install/ecl_exceptions/lib:/home/ri-one/ri_one_master_ws/install/ecl_type_traits/lib:/home/ri-one/ri_one_master_ws/install/ecl_errors/lib:${LD_LIBRARY_PATH} PATH=/home/ri-one/ri_one_master_ws/install/ecl_type_traits/bin:/home/ri-one/ri_one_master_ws/install/ecl_config/bin:${PATH} /usr/bin/cmake --build /home/ri-one/ri_one_master_ws/build/ecl_statistics -- -j4 -l4
[0.329s] [ 20%] Built target gtest
[0.339s] [ 40%] Built target ecl_statistics
[0.363s] [ 60%] Built target gtest_main
[0.531s] [ 80%] Built target ecl_test_cumulative_statistics
[0.538s] [100%] Built target ecl_test_covariance_ellipsoids
[0.971s] Invoked command in '/home/ri-one/ri_one_master_ws/build/ecl_statistics' returned '0': AMENT_PREFIX_PATH=/home/ri-one/ri_one_master_ws/install/ecl_linear_algebra:/home/ri-one/ri_one_master_ws/install/ecl_formatters:/home/ri-one/ri_one_master_ws/install/ecl_converters:/home/ri-one/ri_one_master_ws/install/ecl_math:/home/ri-one/ri_one_master_ws/install/ecl_exceptions:/home/ri-one/ri_one_master_ws/install/ecl_concepts:/home/ri-one/ri_one_master_ws/install/ecl_type_traits:/home/ri-one/ri_one_master_ws/install/ecl_errors:/home/ri-one/ri_one_master_ws/install/ecl_mpl:/home/ri-one/ri_one_master_ws/install/ecl_eigen:/home/ri-one/ri_one_master_ws/install/ecl_config:${AMENT_PREFIX_PATH} CMAKE_PREFIX_PATH=/home/ri-one/ri_one_master_ws/install/ecl_linear_algebra:/home/ri-one/ri_one_master_ws/install/ecl_formatters:/home/ri-one/ri_one_master_ws/install/ecl_converters:/home/ri-one/ri_one_master_ws/install/ecl_math:/home/ri-one/ri_one_master_ws/install/ecl_exceptions:/home/ri-one/ri_one_master_ws/install/ecl_concepts:/home/ri-one/ri_one_master_ws/install/ecl_type_traits:/home/ri-one/ri_one_master_ws/install/ecl_errors:/home/ri-one/ri_one_master_ws/install/ecl_mpl:/home/ri-one/ri_one_master_ws/install/ecl_eigen:/home/ri-one/ri_one_master_ws/install/ecl_config:/opt/ros/humble LD_LIBRARY_PATH=/home/ri-one/ri_one_master_ws/install/ecl_linear_algebra/lib:/home/ri-one/ri_one_master_ws/install/ecl_formatters/lib:/home/ri-one/ri_one_master_ws/install/ecl_exceptions/lib:/home/ri-one/ri_one_master_ws/install/ecl_type_traits/lib:/home/ri-one/ri_one_master_ws/install/ecl_errors/lib:${LD_LIBRARY_PATH} PATH=/home/ri-one/ri_one_master_ws/install/ecl_type_traits/bin:/home/ri-one/ri_one_master_ws/install/ecl_config/bin:${PATH} /usr/bin/cmake --build /home/ri-one/ri_one_master_ws/build/ecl_statistics -- -j4 -l4
[0.976s] Invoking command in '/home/ri-one/ri_one_master_ws/build/ecl_statistics': AMENT_PREFIX_PATH=/home/ri-one/ri_one_master_ws/install/ecl_linear_algebra:/home/ri-one/ri_one_master_ws/install/ecl_formatters:/home/ri-one/ri_one_master_ws/install/ecl_converters:/home/ri-one/ri_one_master_ws/install/ecl_math:/home/ri-one/ri_one_master_ws/install/ecl_exceptions:/home/ri-one/ri_one_master_ws/install/ecl_concepts:/home/ri-one/ri_one_master_ws/install/ecl_type_traits:/home/ri-one/ri_one_master_ws/install/ecl_errors:/home/ri-one/ri_one_master_ws/install/ecl_mpl:/home/ri-one/ri_one_master_ws/install/ecl_eigen:/home/ri-one/ri_one_master_ws/install/ecl_config:${AMENT_PREFIX_PATH} CMAKE_PREFIX_PATH=/home/ri-one/ri_one_master_ws/install/ecl_linear_algebra:/home/ri-one/ri_one_master_ws/install/ecl_formatters:/home/ri-one/ri_one_master_ws/install/ecl_converters:/home/ri-one/ri_one_master_ws/install/ecl_math:/home/ri-one/ri_one_master_ws/install/ecl_exceptions:/home/ri-one/ri_one_master_ws/install/ecl_concepts:/home/ri-one/ri_one_master_ws/install/ecl_type_traits:/home/ri-one/ri_one_master_ws/install/ecl_errors:/home/ri-one/ri_one_master_ws/install/ecl_mpl:/home/ri-one/ri_one_master_ws/install/ecl_eigen:/home/ri-one/ri_one_master_ws/install/ecl_config:/opt/ros/humble LD_LIBRARY_PATH=/home/ri-one/ri_one_master_ws/install/ecl_linear_algebra/lib:/home/ri-one/ri_one_master_ws/install/ecl_formatters/lib:/home/ri-one/ri_one_master_ws/install/ecl_exceptions/lib:/home/ri-one/ri_one_master_ws/install/ecl_type_traits/lib:/home/ri-one/ri_one_master_ws/install/ecl_errors/lib:${LD_LIBRARY_PATH} PATH=/home/ri-one/ri_one_master_ws/install/ecl_type_traits/bin:/home/ri-one/ri_one_master_ws/install/ecl_config/bin:${PATH} /usr/bin/cmake --install /home/ri-one/ri_one_master_ws/build/ecl_statistics
[0.990s] -- Install configuration: ""
[0.992s] -- Execute custom install script
[0.993s] -- Up-to-date symlink: /home/ri-one/ri_one_master_ws/install/ecl_statistics/include/ecl/statistics/covariance_ellipsoid.hpp
[0.995s] -- Up-to-date symlink: /home/ri-one/ri_one_master_ws/install/ecl_statistics/include/ecl/statistics/cumulative_statistics.hpp
[0.995s] -- Up-to-date symlink: /home/ri-one/ri_one_master_ws/install/ecl_statistics/include/ecl/statistics.hpp
[0.997s] -- Up-to-date symlink: /home/ri-one/ri_one_master_ws/install/ecl_statistics/share/ecl_statistics/environment/library_path.sh
[1.002s] -- Up-to-date symlink: /home/ri-one/ri_one_master_ws/install/ecl_statistics/share/ecl_statistics/environment/library_path.dsv
[1.003s] -- Up-to-date symlink: /home/ri-one/ri_one_master_ws/install/ecl_statistics/share/ament_index/resource_index/package_run_dependencies/ecl_statistics
[1.003s] -- Up-to-date symlink: /home/ri-one/ri_one_master_ws/install/ecl_statistics/share/ament_index/resource_index/parent_prefix_path/ecl_statistics
[1.003s] -- Up-to-date symlink: /home/ri-one/ri_one_master_ws/install/ecl_statistics/share/ecl_statistics/environment/ament_prefix_path.sh
[1.003s] -- Up-to-date symlink: /home/ri-one/ri_one_master_ws/install/ecl_statistics/share/ecl_statistics/environment/ament_prefix_path.dsv
[1.003s] -- Up-to-date symlink: /home/ri-one/ri_one_master_ws/install/ecl_statistics/share/ecl_statistics/environment/path.sh
[1.006s] -- Up-to-date symlink: /home/ri-one/ri_one_master_ws/install/ecl_statistics/share/ecl_statistics/environment/path.dsv
[1.007s] -- Up-to-date symlink: /home/ri-one/ri_one_master_ws/install/ecl_statistics/share/ecl_statistics/local_setup.bash
[1.007s] -- Up-to-date symlink: /home/ri-one/ri_one_master_ws/install/ecl_statistics/share/ecl_statistics/local_setup.sh
[1.007s] -- Up-to-date symlink: /home/ri-one/ri_one_master_ws/install/ecl_statistics/share/ecl_statistics/local_setup.zsh
[1.007s] -- Up-to-date symlink: /home/ri-one/ri_one_master_ws/install/ecl_statistics/share/ecl_statistics/local_setup.dsv
[1.007s] -- Symlinking: /home/ri-one/ri_one_master_ws/install/ecl_statistics/share/ecl_statistics/package.dsv
[1.025s] -- Up-to-date symlink: /home/ri-one/ri_one_master_ws/install/ecl_statistics/share/ament_index/resource_index/packages/ecl_statistics
[1.027s] -- Up-to-date symlink: /home/ri-one/ri_one_master_ws/install/ecl_statistics/share/ecl_statistics/cmake/ament_cmake_export_targets-extras.cmake
[1.028s] -- Up-to-date symlink: /home/ri-one/ri_one_master_ws/install/ecl_statistics/share/ecl_statistics/cmake/ament_cmake_export_include_directories-extras.cmake
[1.028s] -- Up-to-date symlink: /home/ri-one/ri_one_master_ws/install/ecl_statistics/share/ecl_statistics/cmake/ament_cmake_export_libraries-extras.cmake
[1.028s] -- Up-to-date symlink: /home/ri-one/ri_one_master_ws/install/ecl_statistics/share/ecl_statistics/cmake/ament_cmake_export_dependencies-extras.cmake
[1.028s] -- Up-to-date symlink: /home/ri-one/ri_one_master_ws/install/ecl_statistics/share/ecl_statistics/cmake/ecl_statisticsConfig.cmake
[1.030s] -- Up-to-date symlink: /home/ri-one/ri_one_master_ws/install/ecl_statistics/share/ecl_statistics/cmake/ecl_statisticsConfig-version.cmake
[1.031s] -- Up-to-date symlink: /home/ri-one/ri_one_master_ws/install/ecl_statistics/share/ecl_statistics/package.xml
[1.031s] -- Up-to-date: /home/ri-one/ri_one_master_ws/install/ecl_statistics/share/ecl_statistics/cmake/ecl_statisticsExport.cmake
[1.031s] -- Up-to-date: /home/ri-one/ri_one_master_ws/install/ecl_statistics/share/ecl_statistics/cmake/ecl_statisticsExport-noconfig.cmake
[1.032s] -- Up-to-date: /home/ri-one/ri_one_master_ws/install/ecl_statistics/lib/libecl_statistics.so.1.2.1
[1.033s] -- Up-to-date: /home/ri-one/ri_one_master_ws/install/ecl_statistics/lib/libecl_statistics.so
[1.039s] Invoked command in '/home/ri-one/ri_one_master_ws/build/ecl_statistics' returned '0': AMENT_PREFIX_PATH=/home/ri-one/ri_one_master_ws/install/ecl_linear_algebra:/home/ri-one/ri_one_master_ws/install/ecl_formatters:/home/ri-one/ri_one_master_ws/install/ecl_converters:/home/ri-one/ri_one_master_ws/install/ecl_math:/home/ri-one/ri_one_master_ws/install/ecl_exceptions:/home/ri-one/ri_one_master_ws/install/ecl_concepts:/home/ri-one/ri_one_master_ws/install/ecl_type_traits:/home/ri-one/ri_one_master_ws/install/ecl_errors:/home/ri-one/ri_one_master_ws/install/ecl_mpl:/home/ri-one/ri_one_master_ws/install/ecl_eigen:/home/ri-one/ri_one_master_ws/install/ecl_config:${AMENT_PREFIX_PATH} CMAKE_PREFIX_PATH=/home/ri-one/ri_one_master_ws/install/ecl_linear_algebra:/home/ri-one/ri_one_master_ws/install/ecl_formatters:/home/ri-one/ri_one_master_ws/install/ecl_converters:/home/ri-one/ri_one_master_ws/install/ecl_math:/home/ri-one/ri_one_master_ws/install/ecl_exceptions:/home/ri-one/ri_one_master_ws/install/ecl_concepts:/home/ri-one/ri_one_master_ws/install/ecl_type_traits:/home/ri-one/ri_one_master_ws/install/ecl_errors:/home/ri-one/ri_one_master_ws/install/ecl_mpl:/home/ri-one/ri_one_master_ws/install/ecl_eigen:/home/ri-one/ri_one_master_ws/install/ecl_config:/opt/ros/humble LD_LIBRARY_PATH=/home/ri-one/ri_one_master_ws/install/ecl_linear_algebra/lib:/home/ri-one/ri_one_master_ws/install/ecl_formatters/lib:/home/ri-one/ri_one_master_ws/install/ecl_exceptions/lib:/home/ri-one/ri_one_master_ws/install/ecl_type_traits/lib:/home/ri-one/ri_one_master_ws/install/ecl_errors/lib:${LD_LIBRARY_PATH} PATH=/home/ri-one/ri_one_master_ws/install/ecl_type_traits/bin:/home/ri-one/ri_one_master_ws/install/ecl_config/bin:${PATH} /usr/bin/cmake --install /home/ri-one/ri_one_master_ws/build/ecl_statistics
