[0.029s] Invoking command in '/home/ri-one/ri_one_master_ws/build/ecl_utilities': AMENT_PREFIX_PATH=/home/ri-one/ri_one_master_ws/install/ecl_concepts:/home/ri-one/ri_one_master_ws/install/ecl_type_traits:/home/ri-one/ri_one_master_ws/install/ecl_mpl:/home/ri-one/ri_one_master_ws/install/ecl_config:${AMENT_PREFIX_PATH} CMAKE_PREFIX_PATH=/home/ri-one/ri_one_master_ws/install/ecl_concepts:/home/ri-one/ri_one_master_ws/install/ecl_type_traits:/home/ri-one/ri_one_master_ws/install/ecl_mpl:/home/ri-one/ri_one_master_ws/install/ecl_config:/opt/ros/humble LD_LIBRARY_PATH=/home/ri-one/ri_one_master_ws/install/ecl_type_traits/lib:${LD_LIBRARY_PATH} PATH=/home/ri-one/ri_one_master_ws/install/ecl_type_traits/bin:/home/ri-one/ri_one_master_ws/install/ecl_config/bin:${PATH} /usr/bin/cmake --build /home/ri-one/ri_one_master_ws/build/ecl_utilities -- -j4 -l4
[0.180s] [ 12%] Built target gtest
[0.200s] [ 25%] Built target ecl_demo_constructors
[0.207s] [ 37%] Built target gtest_main
[0.298s] [ 50%] Built target ecl_test_references
[0.314s] [ 62%] Built target ecl_test_parameters
[0.323s] [ 75%] Built target ecl_test_function_objects
[0.323s] [ 87%] Built target ecl_test_singleton
[0.357s] [100%] Built target ecl_test_flags
[0.391s] Invoked command in '/home/ri-one/ri_one_master_ws/build/ecl_utilities' returned '0': AMENT_PREFIX_PATH=/home/ri-one/ri_one_master_ws/install/ecl_concepts:/home/ri-one/ri_one_master_ws/install/ecl_type_traits:/home/ri-one/ri_one_master_ws/install/ecl_mpl:/home/ri-one/ri_one_master_ws/install/ecl_config:${AMENT_PREFIX_PATH} CMAKE_PREFIX_PATH=/home/ri-one/ri_one_master_ws/install/ecl_concepts:/home/ri-one/ri_one_master_ws/install/ecl_type_traits:/home/ri-one/ri_one_master_ws/install/ecl_mpl:/home/ri-one/ri_one_master_ws/install/ecl_config:/opt/ros/humble LD_LIBRARY_PATH=/home/ri-one/ri_one_master_ws/install/ecl_type_traits/lib:${LD_LIBRARY_PATH} PATH=/home/ri-one/ri_one_master_ws/install/ecl_type_traits/bin:/home/ri-one/ri_one_master_ws/install/ecl_config/bin:${PATH} /usr/bin/cmake --build /home/ri-one/ri_one_master_ws/build/ecl_utilities -- -j4 -l4
[0.392s] Invoking command in '/home/ri-one/ri_one_master_ws/build/ecl_utilities': AMENT_PREFIX_PATH=/home/ri-one/ri_one_master_ws/install/ecl_concepts:/home/ri-one/ri_one_master_ws/install/ecl_type_traits:/home/ri-one/ri_one_master_ws/install/ecl_mpl:/home/ri-one/ri_one_master_ws/install/ecl_config:${AMENT_PREFIX_PATH} CMAKE_PREFIX_PATH=/home/ri-one/ri_one_master_ws/install/ecl_concepts:/home/ri-one/ri_one_master_ws/install/ecl_type_traits:/home/ri-one/ri_one_master_ws/install/ecl_mpl:/home/ri-one/ri_one_master_ws/install/ecl_config:/opt/ros/humble LD_LIBRARY_PATH=/home/ri-one/ri_one_master_ws/install/ecl_type_traits/lib:${LD_LIBRARY_PATH} PATH=/home/ri-one/ri_one_master_ws/install/ecl_type_traits/bin:/home/ri-one/ri_one_master_ws/install/ecl_config/bin:${PATH} /usr/bin/cmake --install /home/ri-one/ri_one_master_ws/build/ecl_utilities
[0.427s] -- Install configuration: ""
[0.431s] -- Execute custom install script
[0.431s] -- Up-to-date symlink: /home/ri-one/ri_one_master_ws/install/ecl_utilities/include/ecl/utilities/blueprints.hpp
[0.432s] -- Up-to-date symlink: /home/ri-one/ri_one_master_ws/install/ecl_utilities/include/ecl/utilities/flags.hpp
[0.432s] -- Up-to-date symlink: /home/ri-one/ri_one_master_ws/install/ecl_utilities/include/ecl/utilities/function_objects.hpp
[0.432s] -- Up-to-date symlink: /home/ri-one/ri_one_master_ws/install/ecl_utilities/include/ecl/utilities/parameter.hpp
[0.433s] -- Up-to-date symlink: /home/ri-one/ri_one_master_ws/install/ecl_utilities/include/ecl/utilities/references.hpp
[0.433s] -- Up-to-date symlink: /home/ri-one/ri_one_master_ws/install/ecl_utilities/include/ecl/utilities/singleton.hpp
[0.434s] -- Up-to-date symlink: /home/ri-one/ri_one_master_ws/install/ecl_utilities/include/ecl/utilities/void.hpp
[0.439s] -- Up-to-date symlink: /home/ri-one/ri_one_master_ws/install/ecl_utilities/include/ecl/utilities.hpp
[0.439s] -- Up-to-date symlink: /home/ri-one/ri_one_master_ws/install/ecl_utilities/lib/ecl_utilities/demo_constructors
[0.439s] -- Up-to-date symlink: /home/ri-one/ri_one_master_ws/install/ecl_utilities/share/ament_index/resource_index/package_run_dependencies/ecl_utilities
[0.443s] -- Up-to-date symlink: /home/ri-one/ri_one_master_ws/install/ecl_utilities/share/ament_index/resource_index/parent_prefix_path/ecl_utilities
[0.443s] -- Up-to-date symlink: /home/ri-one/ri_one_master_ws/install/ecl_utilities/share/ecl_utilities/environment/ament_prefix_path.sh
[0.443s] -- Up-to-date symlink: /home/ri-one/ri_one_master_ws/install/ecl_utilities/share/ecl_utilities/environment/ament_prefix_path.dsv
[0.448s] -- Up-to-date symlink: /home/ri-one/ri_one_master_ws/install/ecl_utilities/share/ecl_utilities/environment/path.sh
[0.448s] -- Up-to-date symlink: /home/ri-one/ri_one_master_ws/install/ecl_utilities/share/ecl_utilities/environment/path.dsv
[0.449s] -- Up-to-date symlink: /home/ri-one/ri_one_master_ws/install/ecl_utilities/share/ecl_utilities/local_setup.bash
[0.449s] -- Up-to-date symlink: /home/ri-one/ri_one_master_ws/install/ecl_utilities/share/ecl_utilities/local_setup.sh
[0.449s] -- Up-to-date symlink: /home/ri-one/ri_one_master_ws/install/ecl_utilities/share/ecl_utilities/local_setup.zsh
[0.449s] -- Up-to-date symlink: /home/ri-one/ri_one_master_ws/install/ecl_utilities/share/ecl_utilities/local_setup.dsv
[0.449s] -- Symlinking: /home/ri-one/ri_one_master_ws/install/ecl_utilities/share/ecl_utilities/package.dsv
[0.481s] -- Up-to-date symlink: /home/ri-one/ri_one_master_ws/install/ecl_utilities/share/ament_index/resource_index/packages/ecl_utilities
[0.481s] -- Up-to-date symlink: /home/ri-one/ri_one_master_ws/install/ecl_utilities/share/ecl_utilities/cmake/ament_cmake_export_targets-extras.cmake
[0.488s] -- Up-to-date symlink: /home/ri-one/ri_one_master_ws/install/ecl_utilities/share/ecl_utilities/cmake/ament_cmake_export_include_directories-extras.cmake
[0.489s] -- Up-to-date symlink: /home/ri-one/ri_one_master_ws/install/ecl_utilities/share/ecl_utilities/cmake/ament_cmake_export_dependencies-extras.cmake
[0.489s] -- Up-to-date symlink: /home/ri-one/ri_one_master_ws/install/ecl_utilities/share/ecl_utilities/cmake/ecl_utilitiesConfig.cmake
[0.489s] -- Up-to-date symlink: /home/ri-one/ri_one_master_ws/install/ecl_utilities/share/ecl_utilities/cmake/ecl_utilitiesConfig-version.cmake
[0.489s] -- Up-to-date symlink: /home/ri-one/ri_one_master_ws/install/ecl_utilities/share/ecl_utilities/package.xml
[0.489s] -- Up-to-date: /home/ri-one/ri_one_master_ws/install/ecl_utilities/share/ecl_utilities/cmake/ecl_utilitiesExport.cmake
[0.525s] Invoked command in '/home/ri-one/ri_one_master_ws/build/ecl_utilities' returned '0': AMENT_PREFIX_PATH=/home/ri-one/ri_one_master_ws/install/ecl_concepts:/home/ri-one/ri_one_master_ws/install/ecl_type_traits:/home/ri-one/ri_one_master_ws/install/ecl_mpl:/home/ri-one/ri_one_master_ws/install/ecl_config:${AMENT_PREFIX_PATH} CMAKE_PREFIX_PATH=/home/ri-one/ri_one_master_ws/install/ecl_concepts:/home/ri-one/ri_one_master_ws/install/ecl_type_traits:/home/ri-one/ri_one_master_ws/install/ecl_mpl:/home/ri-one/ri_one_master_ws/install/ecl_config:/opt/ros/humble LD_LIBRARY_PATH=/home/ri-one/ri_one_master_ws/install/ecl_type_traits/lib:${LD_LIBRARY_PATH} PATH=/home/ri-one/ri_one_master_ws/install/ecl_type_traits/bin:/home/ri-one/ri_one_master_ws/install/ecl_config/bin:${PATH} /usr/bin/cmake --install /home/ri-one/ri_one_master_ws/build/ecl_utilities
