[0.060s] Invoking command in '/home/ri-one/ri_one_master_ws/build/realsense2_camera_msgs': CMAKE_PREFIX_PATH=${CMAKE_PREFIX_PATH}:/home/ri-one/ri_one_master_ws/install/realsense_vision:/home/ri-one/ri_one_master_ws/install/ros2_tests:/home/ri-one/ri_one_master_ws/install/realsense2_ros_mqtt_bridge:/home/ri-one/ri_one_master_ws/install/gesture_to_motion:/home/ri-one/ri_one_master_ws/install/gesture_detection:/opt/ros/humble /usr/bin/cmake --build /home/ri-one/ri_one_master_ws/build/realsense2_camera_msgs -- -j4 -l4
[0.446s] [  0%] Built target realsense2_camera_msgs__cpp
[0.480s] [ 12%] Built target realsense2_camera_msgs__rosidl_generator_c
[0.505s] [ 12%] Built target ament_cmake_python_symlink_realsense2_camera_msgs
[0.611s] [ 24%] Built target realsense2_camera_msgs__rosidl_typesupport_cpp
[0.666s] [ 40%] Built target realsense2_camera_msgs__rosidl_typesupport_fastrtps_c
[0.668s] [ 48%] Built target realsense2_camera_msgs__rosidl_typesupport_introspection_cpp
[0.680s] [ 60%] Built target realsense2_camera_msgs__rosidl_typesupport_fastrtps_cpp
[0.787s] [ 72%] Built target realsense2_camera_msgs__rosidl_typesupport_introspection_c
[0.861s] [ 84%] Built target realsense2_camera_msgs__rosidl_typesupport_c
[1.058s] [ 84%] Built target realsense2_camera_msgs
[1.137s] [ 85%] Built target realsense2_camera_msgs__py
[1.303s] [ 96%] Built target realsense2_camera_msgs__rosidl_generator_py
[1.495s] [ 97%] Built target realsense2_camera_msgs__rosidl_typesupport_c__pyext
[1.545s] [ 98%] Built target realsense2_camera_msgs__rosidl_typesupport_fastrtps_c__pyext
[1.545s] [100%] Built target realsense2_camera_msgs__rosidl_typesupport_introspection_c__pyext
[2.143s] running egg_info
[2.146s] writing realsense2_camera_msgs.egg-info/PKG-INFO
[2.147s] writing dependency_links to realsense2_camera_msgs.egg-info/dependency_links.txt
[2.147s] writing top-level names to realsense2_camera_msgs.egg-info/top_level.txt
[2.162s] reading manifest file 'realsense2_camera_msgs.egg-info/SOURCES.txt'
[2.168s] writing manifest file 'realsense2_camera_msgs.egg-info/SOURCES.txt'
[2.299s] [100%] Built target ament_cmake_python_build_realsense2_camera_msgs_egg
[2.400s] Invoked command in '/home/ri-one/ri_one_master_ws/build/realsense2_camera_msgs' returned '0': CMAKE_PREFIX_PATH=${CMAKE_PREFIX_PATH}:/home/ri-one/ri_one_master_ws/install/realsense_vision:/home/ri-one/ri_one_master_ws/install/ros2_tests:/home/ri-one/ri_one_master_ws/install/realsense2_ros_mqtt_bridge:/home/ri-one/ri_one_master_ws/install/gesture_to_motion:/home/ri-one/ri_one_master_ws/install/gesture_detection:/opt/ros/humble /usr/bin/cmake --build /home/ri-one/ri_one_master_ws/build/realsense2_camera_msgs -- -j4 -l4
[2.402s] Invoking command in '/home/ri-one/ri_one_master_ws/build/realsense2_camera_msgs': CMAKE_PREFIX_PATH=${CMAKE_PREFIX_PATH}:/home/ri-one/ri_one_master_ws/install/realsense_vision:/home/ri-one/ri_one_master_ws/install/ros2_tests:/home/ri-one/ri_one_master_ws/install/realsense2_ros_mqtt_bridge:/home/ri-one/ri_one_master_ws/install/gesture_to_motion:/home/ri-one/ri_one_master_ws/install/gesture_detection:/opt/ros/humble /usr/bin/cmake --install /home/ri-one/ri_one_master_ws/build/realsense2_camera_msgs
[2.449s] -- Install configuration: ""
[2.453s] -- Execute custom install script
[2.453s] -- Up-to-date symlink: /home/ri-one/ri_one_master_ws/install/realsense2_camera_msgs/share/ament_index/resource_index/rosidl_interfaces/realsense2_camera_msgs
[2.456s] -- Up-to-date symlink: /home/ri-one/ri_one_master_ws/install/realsense2_camera_msgs/include/realsense2_camera_msgs/realsense2_camera_msgs/action/detail/triggered_calibration__functions.h
[2.458s] -- Up-to-date symlink: /home/ri-one/ri_one_master_ws/install/realsense2_camera_msgs/include/realsense2_camera_msgs/realsense2_camera_msgs/action/detail/triggered_calibration__struct.h
[2.458s] -- Up-to-date symlink: /home/ri-one/ri_one_master_ws/install/realsense2_camera_msgs/include/realsense2_camera_msgs/realsense2_camera_msgs/action/detail/triggered_calibration__type_support.h
[2.460s] -- Up-to-date symlink: /home/ri-one/ri_one_master_ws/install/realsense2_camera_msgs/include/realsense2_camera_msgs/realsense2_camera_msgs/action/triggered_calibration.h
[2.462s] -- Up-to-date symlink: /home/ri-one/ri_one_master_ws/install/realsense2_camera_msgs/include/realsense2_camera_msgs/realsense2_camera_msgs/msg/detail/extrinsics__functions.h
[2.468s] -- Up-to-date symlink: /home/ri-one/ri_one_master_ws/install/realsense2_camera_msgs/include/realsense2_camera_msgs/realsense2_camera_msgs/msg/detail/extrinsics__struct.h
[2.469s] -- Up-to-date symlink: /home/ri-one/ri_one_master_ws/install/realsense2_camera_msgs/include/realsense2_camera_msgs/realsense2_camera_msgs/msg/detail/extrinsics__type_support.h
[2.469s] -- Up-to-date symlink: /home/ri-one/ri_one_master_ws/install/realsense2_camera_msgs/include/realsense2_camera_msgs/realsense2_camera_msgs/msg/detail/imu_info__functions.h
[2.469s] -- Up-to-date symlink: /home/ri-one/ri_one_master_ws/install/realsense2_camera_msgs/include/realsense2_camera_msgs/realsense2_camera_msgs/msg/detail/imu_info__struct.h
[2.472s] -- Up-to-date symlink: /home/ri-one/ri_one_master_ws/install/realsense2_camera_msgs/include/realsense2_camera_msgs/realsense2_camera_msgs/msg/detail/imu_info__type_support.h
[2.472s] -- Up-to-date symlink: /home/ri-one/ri_one_master_ws/install/realsense2_camera_msgs/include/realsense2_camera_msgs/realsense2_camera_msgs/msg/detail/metadata__functions.h
[2.472s] -- Up-to-date symlink: /home/ri-one/ri_one_master_ws/install/realsense2_camera_msgs/include/realsense2_camera_msgs/realsense2_camera_msgs/msg/detail/metadata__struct.h
[2.473s] -- Up-to-date symlink: /home/ri-one/ri_one_master_ws/install/realsense2_camera_msgs/include/realsense2_camera_msgs/realsense2_camera_msgs/msg/detail/metadata__type_support.h
[2.473s] -- Up-to-date symlink: /home/ri-one/ri_one_master_ws/install/realsense2_camera_msgs/include/realsense2_camera_msgs/realsense2_camera_msgs/msg/detail/rgbd__functions.h
[2.477s] -- Up-to-date symlink: /home/ri-one/ri_one_master_ws/install/realsense2_camera_msgs/include/realsense2_camera_msgs/realsense2_camera_msgs/msg/detail/rgbd__struct.h
[2.477s] -- Up-to-date symlink: /home/ri-one/ri_one_master_ws/install/realsense2_camera_msgs/include/realsense2_camera_msgs/realsense2_camera_msgs/msg/detail/rgbd__type_support.h
[2.478s] -- Up-to-date symlink: /home/ri-one/ri_one_master_ws/install/realsense2_camera_msgs/include/realsense2_camera_msgs/realsense2_camera_msgs/msg/extrinsics.h
[2.478s] -- Up-to-date symlink: /home/ri-one/ri_one_master_ws/install/realsense2_camera_msgs/include/realsense2_camera_msgs/realsense2_camera_msgs/msg/imu_info.h
[2.478s] -- Up-to-date symlink: /home/ri-one/ri_one_master_ws/install/realsense2_camera_msgs/include/realsense2_camera_msgs/realsense2_camera_msgs/msg/metadata.h
[2.478s] -- Up-to-date symlink: /home/ri-one/ri_one_master_ws/install/realsense2_camera_msgs/include/realsense2_camera_msgs/realsense2_camera_msgs/msg/rgbd.h
[2.481s] -- Up-to-date symlink: /home/ri-one/ri_one_master_ws/install/realsense2_camera_msgs/include/realsense2_camera_msgs/realsense2_camera_msgs/msg/rosidl_generator_c__visibility_control.h
[2.482s] -- Up-to-date symlink: /home/ri-one/ri_one_master_ws/install/realsense2_camera_msgs/include/realsense2_camera_msgs/realsense2_camera_msgs/srv/application_config_read.h
[2.482s] -- Up-to-date symlink: /home/ri-one/ri_one_master_ws/install/realsense2_camera_msgs/include/realsense2_camera_msgs/realsense2_camera_msgs/srv/application_config_write.h
[2.482s] -- Up-to-date symlink: /home/ri-one/ri_one_master_ws/install/realsense2_camera_msgs/include/realsense2_camera_msgs/realsense2_camera_msgs/srv/calib_config_read.h
[2.482s] -- Up-to-date symlink: /home/ri-one/ri_one_master_ws/install/realsense2_camera_msgs/include/realsense2_camera_msgs/realsense2_camera_msgs/srv/calib_config_write.h
[2.483s] -- Up-to-date symlink: /home/ri-one/ri_one_master_ws/install/realsense2_camera_msgs/include/realsense2_camera_msgs/realsense2_camera_msgs/srv/detail/application_config_read__functions.h
[2.483s] -- Up-to-date symlink: /home/ri-one/ri_one_master_ws/install/realsense2_camera_msgs/include/realsense2_camera_msgs/realsense2_camera_msgs/srv/detail/application_config_read__struct.h
[2.483s] -- Up-to-date symlink: /home/ri-one/ri_one_master_ws/install/realsense2_camera_msgs/include/realsense2_camera_msgs/realsense2_camera_msgs/srv/detail/application_config_read__type_support.h
[2.483s] -- Up-to-date symlink: /home/ri-one/ri_one_master_ws/install/realsense2_camera_msgs/include/realsense2_camera_msgs/realsense2_camera_msgs/srv/detail/application_config_write__functions.h
[2.483s] -- Up-to-date symlink: /home/ri-one/ri_one_master_ws/install/realsense2_camera_msgs/include/realsense2_camera_msgs/realsense2_camera_msgs/srv/detail/application_config_write__struct.h
[2.483s] -- Up-to-date symlink: /home/ri-one/ri_one_master_ws/install/realsense2_camera_msgs/include/realsense2_camera_msgs/realsense2_camera_msgs/srv/detail/application_config_write__type_support.h
[2.483s] -- Up-to-date symlink: /home/ri-one/ri_one_master_ws/install/realsense2_camera_msgs/include/realsense2_camera_msgs/realsense2_camera_msgs/srv/detail/calib_config_read__functions.h
[2.483s] -- Up-to-date symlink: /home/ri-one/ri_one_master_ws/install/realsense2_camera_msgs/include/realsense2_camera_msgs/realsense2_camera_msgs/srv/detail/calib_config_read__struct.h
[2.484s] -- Up-to-date symlink: /home/ri-one/ri_one_master_ws/install/realsense2_camera_msgs/include/realsense2_camera_msgs/realsense2_camera_msgs/srv/detail/calib_config_read__type_support.h
[2.484s] -- Up-to-date symlink: /home/ri-one/ri_one_master_ws/install/realsense2_camera_msgs/include/realsense2_camera_msgs/realsense2_camera_msgs/srv/detail/calib_config_write__functions.h
[2.484s] -- Up-to-date symlink: /home/ri-one/ri_one_master_ws/install/realsense2_camera_msgs/include/realsense2_camera_msgs/realsense2_camera_msgs/srv/detail/calib_config_write__struct.h
[2.496s] -- Up-to-date symlink: /home/ri-one/ri_one_master_ws/install/realsense2_camera_msgs/include/realsense2_camera_msgs/realsense2_camera_msgs/srv/detail/calib_config_write__type_support.h
[2.496s] -- Up-to-date symlink: /home/ri-one/ri_one_master_ws/install/realsense2_camera_msgs/include/realsense2_camera_msgs/realsense2_camera_msgs/srv/detail/device_info__functions.h
[2.496s] -- Up-to-date symlink: /home/ri-one/ri_one_master_ws/install/realsense2_camera_msgs/include/realsense2_camera_msgs/realsense2_camera_msgs/srv/detail/device_info__struct.h
[2.496s] -- Up-to-date symlink: /home/ri-one/ri_one_master_ws/install/realsense2_camera_msgs/include/realsense2_camera_msgs/realsense2_camera_msgs/srv/detail/device_info__type_support.h
[2.496s] -- Up-to-date symlink: /home/ri-one/ri_one_master_ws/install/realsense2_camera_msgs/include/realsense2_camera_msgs/realsense2_camera_msgs/srv/detail/hardware_monitor_command_send__functions.h
[2.497s] -- Up-to-date symlink: /home/ri-one/ri_one_master_ws/install/realsense2_camera_msgs/include/realsense2_camera_msgs/realsense2_camera_msgs/srv/detail/hardware_monitor_command_send__struct.h
[2.497s] -- Up-to-date symlink: /home/ri-one/ri_one_master_ws/install/realsense2_camera_msgs/include/realsense2_camera_msgs/realsense2_camera_msgs/srv/detail/hardware_monitor_command_send__type_support.h
[2.497s] -- Up-to-date symlink: /home/ri-one/ri_one_master_ws/install/realsense2_camera_msgs/include/realsense2_camera_msgs/realsense2_camera_msgs/srv/detail/safety_interface_config_read__functions.h
[2.497s] -- Up-to-date symlink: /home/ri-one/ri_one_master_ws/install/realsense2_camera_msgs/include/realsense2_camera_msgs/realsense2_camera_msgs/srv/detail/safety_interface_config_read__struct.h
[2.497s] -- Up-to-date symlink: /home/ri-one/ri_one_master_ws/install/realsense2_camera_msgs/include/realsense2_camera_msgs/realsense2_camera_msgs/srv/detail/safety_interface_config_read__type_support.h
[2.497s] -- Up-to-date symlink: /home/ri-one/ri_one_master_ws/install/realsense2_camera_msgs/include/realsense2_camera_msgs/realsense2_camera_msgs/srv/detail/safety_interface_config_write__functions.h
[2.498s] -- Up-to-date symlink: /home/ri-one/ri_one_master_ws/install/realsense2_camera_msgs/include/realsense2_camera_msgs/realsense2_camera_msgs/srv/detail/safety_interface_config_write__struct.h
[2.498s] -- Up-to-date symlink: /home/ri-one/ri_one_master_ws/install/realsense2_camera_msgs/include/realsense2_camera_msgs/realsense2_camera_msgs/srv/detail/safety_interface_config_write__type_support.h
[2.509s] -- Up-to-date symlink: /home/ri-one/ri_one_master_ws/install/realsense2_camera_msgs/include/realsense2_camera_msgs/realsense2_camera_msgs/srv/detail/safety_preset_read__functions.h
[2.509s] -- Up-to-date symlink: /home/ri-one/ri_one_master_ws/install/realsense2_camera_msgs/include/realsense2_camera_msgs/realsense2_camera_msgs/srv/detail/safety_preset_read__struct.h
[2.510s] -- Up-to-date symlink: /home/ri-one/ri_one_master_ws/install/realsense2_camera_msgs/include/realsense2_camera_msgs/realsense2_camera_msgs/srv/detail/safety_preset_read__type_support.h
[2.510s] -- Up-to-date symlink: /home/ri-one/ri_one_master_ws/install/realsense2_camera_msgs/include/realsense2_camera_msgs/realsense2_camera_msgs/srv/detail/safety_preset_write__functions.h
[2.510s] -- Up-to-date symlink: /home/ri-one/ri_one_master_ws/install/realsense2_camera_msgs/include/realsense2_camera_msgs/realsense2_camera_msgs/srv/detail/safety_preset_write__struct.h
[2.510s] -- Up-to-date symlink: /home/ri-one/ri_one_master_ws/install/realsense2_camera_msgs/include/realsense2_camera_msgs/realsense2_camera_msgs/srv/detail/safety_preset_write__type_support.h
[2.510s] -- Up-to-date symlink: /home/ri-one/ri_one_master_ws/install/realsense2_camera_msgs/include/realsense2_camera_msgs/realsense2_camera_msgs/srv/device_info.h
[2.510s] -- Up-to-date symlink: /home/ri-one/ri_one_master_ws/install/realsense2_camera_msgs/include/realsense2_camera_msgs/realsense2_camera_msgs/srv/hardware_monitor_command_send.h
[2.511s] -- Up-to-date symlink: /home/ri-one/ri_one_master_ws/install/realsense2_camera_msgs/include/realsense2_camera_msgs/realsense2_camera_msgs/srv/safety_interface_config_read.h
[2.511s] -- Up-to-date symlink: /home/ri-one/ri_one_master_ws/install/realsense2_camera_msgs/include/realsense2_camera_msgs/realsense2_camera_msgs/srv/safety_interface_config_write.h
[2.511s] -- Up-to-date symlink: /home/ri-one/ri_one_master_ws/install/realsense2_camera_msgs/include/realsense2_camera_msgs/realsense2_camera_msgs/srv/safety_preset_read.h
[2.511s] -- Up-to-date symlink: /home/ri-one/ri_one_master_ws/install/realsense2_camera_msgs/include/realsense2_camera_msgs/realsense2_camera_msgs/srv/safety_preset_write.h
[2.511s] -- Up-to-date symlink: /home/ri-one/ri_one_master_ws/install/realsense2_camera_msgs/share/realsense2_camera_msgs/environment/library_path.sh
[2.511s] -- Up-to-date symlink: /home/ri-one/ri_one_master_ws/install/realsense2_camera_msgs/share/realsense2_camera_msgs/environment/library_path.dsv
[2.511s] -- Up-to-date symlink: /home/ri-one/ri_one_master_ws/install/realsense2_camera_msgs/include/realsense2_camera_msgs/realsense2_camera_msgs/action/detail/triggered_calibration__rosidl_typesupport_fastrtps_c.h
[2.512s] -- Up-to-date symlink: /home/ri-one/ri_one_master_ws/install/realsense2_camera_msgs/include/realsense2_camera_msgs/realsense2_camera_msgs/msg/detail/extrinsics__rosidl_typesupport_fastrtps_c.h
[2.512s] -- Up-to-date symlink: /home/ri-one/ri_one_master_ws/install/realsense2_camera_msgs/include/realsense2_camera_msgs/realsense2_camera_msgs/msg/detail/imu_info__rosidl_typesupport_fastrtps_c.h
[2.522s] -- Up-to-date symlink: /home/ri-one/ri_one_master_ws/install/realsense2_camera_msgs/include/realsense2_camera_msgs/realsense2_camera_msgs/msg/detail/metadata__rosidl_typesupport_fastrtps_c.h
[2.523s] -- Up-to-date symlink: /home/ri-one/ri_one_master_ws/install/realsense2_camera_msgs/include/realsense2_camera_msgs/realsense2_camera_msgs/msg/detail/rgbd__rosidl_typesupport_fastrtps_c.h
[2.523s] -- Up-to-date symlink: /home/ri-one/ri_one_master_ws/install/realsense2_camera_msgs/include/realsense2_camera_msgs/realsense2_camera_msgs/msg/rosidl_typesupport_fastrtps_c__visibility_control.h
[2.524s] -- Up-to-date symlink: /home/ri-one/ri_one_master_ws/install/realsense2_camera_msgs/include/realsense2_camera_msgs/realsense2_camera_msgs/srv/detail/application_config_read__rosidl_typesupport_fastrtps_c.h
[2.524s] -- Up-to-date symlink: /home/ri-one/ri_one_master_ws/install/realsense2_camera_msgs/include/realsense2_camera_msgs/realsense2_camera_msgs/srv/detail/application_config_write__rosidl_typesupport_fastrtps_c.h
[2.524s] -- Up-to-date symlink: /home/ri-one/ri_one_master_ws/install/realsense2_camera_msgs/include/realsense2_camera_msgs/realsense2_camera_msgs/srv/detail/calib_config_read__rosidl_typesupport_fastrtps_c.h
[2.524s] -- Up-to-date symlink: /home/ri-one/ri_one_master_ws/install/realsense2_camera_msgs/include/realsense2_camera_msgs/realsense2_camera_msgs/srv/detail/calib_config_write__rosidl_typesupport_fastrtps_c.h
[2.524s] -- Up-to-date symlink: /home/ri-one/ri_one_master_ws/install/realsense2_camera_msgs/include/realsense2_camera_msgs/realsense2_camera_msgs/srv/detail/device_info__rosidl_typesupport_fastrtps_c.h
[2.524s] -- Up-to-date symlink: /home/ri-one/ri_one_master_ws/install/realsense2_camera_msgs/include/realsense2_camera_msgs/realsense2_camera_msgs/srv/detail/hardware_monitor_command_send__rosidl_typesupport_fastrtps_c.h
[2.525s] -- Up-to-date symlink: /home/ri-one/ri_one_master_ws/install/realsense2_camera_msgs/include/realsense2_camera_msgs/realsense2_camera_msgs/srv/detail/safety_interface_config_read__rosidl_typesupport_fastrtps_c.h
[2.525s] -- Up-to-date symlink: /home/ri-one/ri_one_master_ws/install/realsense2_camera_msgs/include/realsense2_camera_msgs/realsense2_camera_msgs/srv/detail/safety_interface_config_write__rosidl_typesupport_fastrtps_c.h
[2.533s] -- Up-to-date symlink: /home/ri-one/ri_one_master_ws/install/realsense2_camera_msgs/include/realsense2_camera_msgs/realsense2_camera_msgs/srv/detail/safety_preset_read__rosidl_typesupport_fastrtps_c.h
[2.533s] -- Up-to-date symlink: /home/ri-one/ri_one_master_ws/install/realsense2_camera_msgs/include/realsense2_camera_msgs/realsense2_camera_msgs/srv/detail/safety_preset_write__rosidl_typesupport_fastrtps_c.h
[2.533s] -- Up-to-date symlink: /home/ri-one/ri_one_master_ws/install/realsense2_camera_msgs/include/realsense2_camera_msgs/realsense2_camera_msgs/action/detail/triggered_calibration__rosidl_typesupport_introspection_c.h
[2.533s] -- Up-to-date symlink: /home/ri-one/ri_one_master_ws/install/realsense2_camera_msgs/include/realsense2_camera_msgs/realsense2_camera_msgs/msg/detail/extrinsics__rosidl_typesupport_introspection_c.h
[2.533s] -- Up-to-date symlink: /home/ri-one/ri_one_master_ws/install/realsense2_camera_msgs/include/realsense2_camera_msgs/realsense2_camera_msgs/msg/detail/imu_info__rosidl_typesupport_introspection_c.h
[2.534s] -- Up-to-date symlink: /home/ri-one/ri_one_master_ws/install/realsense2_camera_msgs/include/realsense2_camera_msgs/realsense2_camera_msgs/msg/detail/metadata__rosidl_typesupport_introspection_c.h
[2.534s] -- Up-to-date symlink: /home/ri-one/ri_one_master_ws/install/realsense2_camera_msgs/include/realsense2_camera_msgs/realsense2_camera_msgs/msg/detail/rgbd__rosidl_typesupport_introspection_c.h
[2.534s] -- Up-to-date symlink: /home/ri-one/ri_one_master_ws/install/realsense2_camera_msgs/include/realsense2_camera_msgs/realsense2_camera_msgs/msg/rosidl_typesupport_introspection_c__visibility_control.h
[2.534s] -- Up-to-date symlink: /home/ri-one/ri_one_master_ws/install/realsense2_camera_msgs/include/realsense2_camera_msgs/realsense2_camera_msgs/srv/detail/application_config_read__rosidl_typesupport_introspection_c.h
[2.534s] -- Up-to-date symlink: /home/ri-one/ri_one_master_ws/install/realsense2_camera_msgs/include/realsense2_camera_msgs/realsense2_camera_msgs/srv/detail/application_config_write__rosidl_typesupport_introspection_c.h
[2.534s] -- Up-to-date symlink: /home/ri-one/ri_one_master_ws/install/realsense2_camera_msgs/include/realsense2_camera_msgs/realsense2_camera_msgs/srv/detail/calib_config_read__rosidl_typesupport_introspection_c.h
[2.535s] -- Up-to-date symlink: /home/ri-one/ri_one_master_ws/install/realsense2_camera_msgs/include/realsense2_camera_msgs/realsense2_camera_msgs/srv/detail/calib_config_write__rosidl_typesupport_introspection_c.h
[2.535s] -- Up-to-date symlink: /home/ri-one/ri_one_master_ws/install/realsense2_camera_msgs/include/realsense2_camera_msgs/realsense2_camera_msgs/srv/detail/device_info__rosidl_typesupport_introspection_c.h
[2.540s] -- Up-to-date symlink: /home/ri-one/ri_one_master_ws/install/realsense2_camera_msgs/include/realsense2_camera_msgs/realsense2_camera_msgs/srv/detail/hardware_monitor_command_send__rosidl_typesupport_introspection_c.h
[2.541s] -- Up-to-date symlink: /home/ri-one/ri_one_master_ws/install/realsense2_camera_msgs/include/realsense2_camera_msgs/realsense2_camera_msgs/srv/detail/safety_interface_config_read__rosidl_typesupport_introspection_c.h
[2.542s] -- Up-to-date symlink: /home/ri-one/ri_one_master_ws/install/realsense2_camera_msgs/include/realsense2_camera_msgs/realsense2_camera_msgs/srv/detail/safety_interface_config_write__rosidl_typesupport_introspection_c.h
[2.543s] -- Up-to-date symlink: /home/ri-one/ri_one_master_ws/install/realsense2_camera_msgs/include/realsense2_camera_msgs/realsense2_camera_msgs/srv/detail/safety_preset_read__rosidl_typesupport_introspection_c.h
[2.543s] -- Up-to-date symlink: /home/ri-one/ri_one_master_ws/install/realsense2_camera_msgs/include/realsense2_camera_msgs/realsense2_camera_msgs/srv/detail/safety_preset_write__rosidl_typesupport_introspection_c.h
[2.544s] -- Up-to-date symlink: /home/ri-one/ri_one_master_ws/install/realsense2_camera_msgs/include/realsense2_camera_msgs/realsense2_camera_msgs/action/detail/triggered_calibration__builder.hpp
[2.544s] -- Up-to-date symlink: /home/ri-one/ri_one_master_ws/install/realsense2_camera_msgs/include/realsense2_camera_msgs/realsense2_camera_msgs/action/detail/triggered_calibration__struct.hpp
[2.544s] -- Up-to-date symlink: /home/ri-one/ri_one_master_ws/install/realsense2_camera_msgs/include/realsense2_camera_msgs/realsense2_camera_msgs/action/detail/triggered_calibration__traits.hpp
[2.546s] -- Up-to-date symlink: /home/ri-one/ri_one_master_ws/install/realsense2_camera_msgs/include/realsense2_camera_msgs/realsense2_camera_msgs/action/detail/triggered_calibration__type_support.hpp
[2.547s] -- Up-to-date symlink: /home/ri-one/ri_one_master_ws/install/realsense2_camera_msgs/include/realsense2_camera_msgs/realsense2_camera_msgs/action/triggered_calibration.hpp
[2.550s] -- Up-to-date symlink: /home/ri-one/ri_one_master_ws/install/realsense2_camera_msgs/include/realsense2_camera_msgs/realsense2_camera_msgs/msg/detail/extrinsics__builder.hpp
[2.552s] -- Up-to-date symlink: /home/ri-one/ri_one_master_ws/install/realsense2_camera_msgs/include/realsense2_camera_msgs/realsense2_camera_msgs/msg/detail/extrinsics__struct.hpp
[2.555s] -- Up-to-date symlink: /home/ri-one/ri_one_master_ws/install/realsense2_camera_msgs/include/realsense2_camera_msgs/realsense2_camera_msgs/msg/detail/extrinsics__traits.hpp
[2.555s] -- Up-to-date symlink: /home/ri-one/ri_one_master_ws/install/realsense2_camera_msgs/include/realsense2_camera_msgs/realsense2_camera_msgs/msg/detail/extrinsics__type_support.hpp
[2.556s] -- Up-to-date symlink: /home/ri-one/ri_one_master_ws/install/realsense2_camera_msgs/include/realsense2_camera_msgs/realsense2_camera_msgs/msg/detail/imu_info__builder.hpp
[2.556s] -- Up-to-date symlink: /home/ri-one/ri_one_master_ws/install/realsense2_camera_msgs/include/realsense2_camera_msgs/realsense2_camera_msgs/msg/detail/imu_info__struct.hpp
[2.556s] -- Up-to-date symlink: /home/ri-one/ri_one_master_ws/install/realsense2_camera_msgs/include/realsense2_camera_msgs/realsense2_camera_msgs/msg/detail/imu_info__traits.hpp
[2.556s] -- Up-to-date symlink: /home/ri-one/ri_one_master_ws/install/realsense2_camera_msgs/include/realsense2_camera_msgs/realsense2_camera_msgs/msg/detail/imu_info__type_support.hpp
[2.556s] -- Up-to-date symlink: /home/ri-one/ri_one_master_ws/install/realsense2_camera_msgs/include/realsense2_camera_msgs/realsense2_camera_msgs/msg/detail/metadata__builder.hpp
[2.557s] -- Up-to-date symlink: /home/ri-one/ri_one_master_ws/install/realsense2_camera_msgs/include/realsense2_camera_msgs/realsense2_camera_msgs/msg/detail/metadata__struct.hpp
[2.557s] -- Up-to-date symlink: /home/ri-one/ri_one_master_ws/install/realsense2_camera_msgs/include/realsense2_camera_msgs/realsense2_camera_msgs/msg/detail/metadata__traits.hpp
[2.557s] -- Up-to-date symlink: /home/ri-one/ri_one_master_ws/install/realsense2_camera_msgs/include/realsense2_camera_msgs/realsense2_camera_msgs/msg/detail/metadata__type_support.hpp
[2.558s] -- Up-to-date symlink: /home/ri-one/ri_one_master_ws/install/realsense2_camera_msgs/include/realsense2_camera_msgs/realsense2_camera_msgs/msg/detail/rgbd__builder.hpp
[2.559s] -- Up-to-date symlink: /home/ri-one/ri_one_master_ws/install/realsense2_camera_msgs/include/realsense2_camera_msgs/realsense2_camera_msgs/msg/detail/rgbd__struct.hpp
[2.559s] -- Up-to-date symlink: /home/ri-one/ri_one_master_ws/install/realsense2_camera_msgs/include/realsense2_camera_msgs/realsense2_camera_msgs/msg/detail/rgbd__traits.hpp
[2.559s] -- Up-to-date symlink: /home/ri-one/ri_one_master_ws/install/realsense2_camera_msgs/include/realsense2_camera_msgs/realsense2_camera_msgs/msg/detail/rgbd__type_support.hpp
[2.560s] -- Up-to-date symlink: /home/ri-one/ri_one_master_ws/install/realsense2_camera_msgs/include/realsense2_camera_msgs/realsense2_camera_msgs/msg/extrinsics.hpp
[2.562s] -- Up-to-date symlink: /home/ri-one/ri_one_master_ws/install/realsense2_camera_msgs/include/realsense2_camera_msgs/realsense2_camera_msgs/msg/imu_info.hpp
[2.562s] -- Up-to-date symlink: /home/ri-one/ri_one_master_ws/install/realsense2_camera_msgs/include/realsense2_camera_msgs/realsense2_camera_msgs/msg/metadata.hpp
[2.563s] -- Up-to-date symlink: /home/ri-one/ri_one_master_ws/install/realsense2_camera_msgs/include/realsense2_camera_msgs/realsense2_camera_msgs/msg/rgbd.hpp
[2.563s] -- Up-to-date symlink: /home/ri-one/ri_one_master_ws/install/realsense2_camera_msgs/include/realsense2_camera_msgs/realsense2_camera_msgs/msg/rosidl_generator_cpp__visibility_control.hpp
[2.563s] -- Up-to-date symlink: /home/ri-one/ri_one_master_ws/install/realsense2_camera_msgs/include/realsense2_camera_msgs/realsense2_camera_msgs/srv/application_config_read.hpp
[2.563s] -- Up-to-date symlink: /home/ri-one/ri_one_master_ws/install/realsense2_camera_msgs/include/realsense2_camera_msgs/realsense2_camera_msgs/srv/application_config_write.hpp
[2.563s] -- Up-to-date symlink: /home/ri-one/ri_one_master_ws/install/realsense2_camera_msgs/include/realsense2_camera_msgs/realsense2_camera_msgs/srv/calib_config_read.hpp
[2.564s] -- Up-to-date symlink: /home/ri-one/ri_one_master_ws/install/realsense2_camera_msgs/include/realsense2_camera_msgs/realsense2_camera_msgs/srv/calib_config_write.hpp
[2.564s] -- Up-to-date symlink: /home/ri-one/ri_one_master_ws/install/realsense2_camera_msgs/include/realsense2_camera_msgs/realsense2_camera_msgs/srv/detail/application_config_read__builder.hpp
[2.567s] -- Up-to-date symlink: /home/ri-one/ri_one_master_ws/install/realsense2_camera_msgs/include/realsense2_camera_msgs/realsense2_camera_msgs/srv/detail/application_config_read__struct.hpp
[2.567s] -- Up-to-date symlink: /home/ri-one/ri_one_master_ws/install/realsense2_camera_msgs/include/realsense2_camera_msgs/realsense2_camera_msgs/srv/detail/application_config_read__traits.hpp
[2.568s] -- Up-to-date symlink: /home/ri-one/ri_one_master_ws/install/realsense2_camera_msgs/include/realsense2_camera_msgs/realsense2_camera_msgs/srv/detail/application_config_read__type_support.hpp
[2.568s] -- Up-to-date symlink: /home/ri-one/ri_one_master_ws/install/realsense2_camera_msgs/include/realsense2_camera_msgs/realsense2_camera_msgs/srv/detail/application_config_write__builder.hpp
[2.568s] -- Up-to-date symlink: /home/ri-one/ri_one_master_ws/install/realsense2_camera_msgs/include/realsense2_camera_msgs/realsense2_camera_msgs/srv/detail/application_config_write__struct.hpp
[2.568s] -- Up-to-date symlink: /home/ri-one/ri_one_master_ws/install/realsense2_camera_msgs/include/realsense2_camera_msgs/realsense2_camera_msgs/srv/detail/application_config_write__traits.hpp
[2.568s] -- Up-to-date symlink: /home/ri-one/ri_one_master_ws/install/realsense2_camera_msgs/include/realsense2_camera_msgs/realsense2_camera_msgs/srv/detail/application_config_write__type_support.hpp
[2.568s] -- Up-to-date symlink: /home/ri-one/ri_one_master_ws/install/realsense2_camera_msgs/include/realsense2_camera_msgs/realsense2_camera_msgs/srv/detail/calib_config_read__builder.hpp
[2.569s] -- Up-to-date symlink: /home/ri-one/ri_one_master_ws/install/realsense2_camera_msgs/include/realsense2_camera_msgs/realsense2_camera_msgs/srv/detail/calib_config_read__struct.hpp
[2.569s] -- Up-to-date symlink: /home/ri-one/ri_one_master_ws/install/realsense2_camera_msgs/include/realsense2_camera_msgs/realsense2_camera_msgs/srv/detail/calib_config_read__traits.hpp
[2.569s] -- Up-to-date symlink: /home/ri-one/ri_one_master_ws/install/realsense2_camera_msgs/include/realsense2_camera_msgs/realsense2_camera_msgs/srv/detail/calib_config_read__type_support.hpp
[2.570s] -- Up-to-date symlink: /home/ri-one/ri_one_master_ws/install/realsense2_camera_msgs/include/realsense2_camera_msgs/realsense2_camera_msgs/srv/detail/calib_config_write__builder.hpp
[2.570s] -- Up-to-date symlink: /home/ri-one/ri_one_master_ws/install/realsense2_camera_msgs/include/realsense2_camera_msgs/realsense2_camera_msgs/srv/detail/calib_config_write__struct.hpp
[2.570s] -- Up-to-date symlink: /home/ri-one/ri_one_master_ws/install/realsense2_camera_msgs/include/realsense2_camera_msgs/realsense2_camera_msgs/srv/detail/calib_config_write__traits.hpp
[2.573s] -- Up-to-date symlink: /home/ri-one/ri_one_master_ws/install/realsense2_camera_msgs/include/realsense2_camera_msgs/realsense2_camera_msgs/srv/detail/calib_config_write__type_support.hpp
[2.573s] -- Up-to-date symlink: /home/ri-one/ri_one_master_ws/install/realsense2_camera_msgs/include/realsense2_camera_msgs/realsense2_camera_msgs/srv/detail/device_info__builder.hpp
[2.573s] -- Up-to-date symlink: /home/ri-one/ri_one_master_ws/install/realsense2_camera_msgs/include/realsense2_camera_msgs/realsense2_camera_msgs/srv/detail/device_info__struct.hpp
[2.574s] -- Up-to-date symlink: /home/ri-one/ri_one_master_ws/install/realsense2_camera_msgs/include/realsense2_camera_msgs/realsense2_camera_msgs/srv/detail/device_info__traits.hpp
[2.574s] -- Up-to-date symlink: /home/ri-one/ri_one_master_ws/install/realsense2_camera_msgs/include/realsense2_camera_msgs/realsense2_camera_msgs/srv/detail/device_info__type_support.hpp
[2.574s] -- Up-to-date symlink: /home/ri-one/ri_one_master_ws/install/realsense2_camera_msgs/include/realsense2_camera_msgs/realsense2_camera_msgs/srv/detail/hardware_monitor_command_send__builder.hpp
[2.574s] -- Up-to-date symlink: /home/ri-one/ri_one_master_ws/install/realsense2_camera_msgs/include/realsense2_camera_msgs/realsense2_camera_msgs/srv/detail/hardware_monitor_command_send__struct.hpp
[2.574s] -- Up-to-date symlink: /home/ri-one/ri_one_master_ws/install/realsense2_camera_msgs/include/realsense2_camera_msgs/realsense2_camera_msgs/srv/detail/hardware_monitor_command_send__traits.hpp
[2.574s] -- Up-to-date symlink: /home/ri-one/ri_one_master_ws/install/realsense2_camera_msgs/include/realsense2_camera_msgs/realsense2_camera_msgs/srv/detail/hardware_monitor_command_send__type_support.hpp
[2.575s] -- Up-to-date symlink: /home/ri-one/ri_one_master_ws/install/realsense2_camera_msgs/include/realsense2_camera_msgs/realsense2_camera_msgs/srv/detail/safety_interface_config_read__builder.hpp
[2.575s] -- Up-to-date symlink: /home/ri-one/ri_one_master_ws/install/realsense2_camera_msgs/include/realsense2_camera_msgs/realsense2_camera_msgs/srv/detail/safety_interface_config_read__struct.hpp
[2.576s] -- Up-to-date symlink: /home/ri-one/ri_one_master_ws/install/realsense2_camera_msgs/include/realsense2_camera_msgs/realsense2_camera_msgs/srv/detail/safety_interface_config_read__traits.hpp
[2.577s] -- Up-to-date symlink: /home/ri-one/ri_one_master_ws/install/realsense2_camera_msgs/include/realsense2_camera_msgs/realsense2_camera_msgs/srv/detail/safety_interface_config_read__type_support.hpp
[2.577s] -- Up-to-date symlink: /home/ri-one/ri_one_master_ws/install/realsense2_camera_msgs/include/realsense2_camera_msgs/realsense2_camera_msgs/srv/detail/safety_interface_config_write__builder.hpp
[2.577s] -- Up-to-date symlink: /home/ri-one/ri_one_master_ws/install/realsense2_camera_msgs/include/realsense2_camera_msgs/realsense2_camera_msgs/srv/detail/safety_interface_config_write__struct.hpp
[2.579s] -- Up-to-date symlink: /home/ri-one/ri_one_master_ws/install/realsense2_camera_msgs/include/realsense2_camera_msgs/realsense2_camera_msgs/srv/detail/safety_interface_config_write__traits.hpp
[2.579s] -- Up-to-date symlink: /home/ri-one/ri_one_master_ws/install/realsense2_camera_msgs/include/realsense2_camera_msgs/realsense2_camera_msgs/srv/detail/safety_interface_config_write__type_support.hpp
[2.579s] -- Up-to-date symlink: /home/ri-one/ri_one_master_ws/install/realsense2_camera_msgs/include/realsense2_camera_msgs/realsense2_camera_msgs/srv/detail/safety_preset_read__builder.hpp
[2.580s] -- Up-to-date symlink: /home/ri-one/ri_one_master_ws/install/realsense2_camera_msgs/include/realsense2_camera_msgs/realsense2_camera_msgs/srv/detail/safety_preset_read__struct.hpp
[2.580s] -- Up-to-date symlink: /home/ri-one/ri_one_master_ws/install/realsense2_camera_msgs/include/realsense2_camera_msgs/realsense2_camera_msgs/srv/detail/safety_preset_read__traits.hpp
[2.580s] -- Up-to-date symlink: /home/ri-one/ri_one_master_ws/install/realsense2_camera_msgs/include/realsense2_camera_msgs/realsense2_camera_msgs/srv/detail/safety_preset_read__type_support.hpp
[2.580s] -- Up-to-date symlink: /home/ri-one/ri_one_master_ws/install/realsense2_camera_msgs/include/realsense2_camera_msgs/realsense2_camera_msgs/srv/detail/safety_preset_write__builder.hpp
[2.580s] -- Up-to-date symlink: /home/ri-one/ri_one_master_ws/install/realsense2_camera_msgs/include/realsense2_camera_msgs/realsense2_camera_msgs/srv/detail/safety_preset_write__struct.hpp
[2.580s] -- Up-to-date symlink: /home/ri-one/ri_one_master_ws/install/realsense2_camera_msgs/include/realsense2_camera_msgs/realsense2_camera_msgs/srv/detail/safety_preset_write__traits.hpp
[2.581s] -- Up-to-date symlink: /home/ri-one/ri_one_master_ws/install/realsense2_camera_msgs/include/realsense2_camera_msgs/realsense2_camera_msgs/srv/detail/safety_preset_write__type_support.hpp
[2.581s] -- Up-to-date symlink: /home/ri-one/ri_one_master_ws/install/realsense2_camera_msgs/include/realsense2_camera_msgs/realsense2_camera_msgs/srv/device_info.hpp
[2.582s] -- Up-to-date symlink: /home/ri-one/ri_one_master_ws/install/realsense2_camera_msgs/include/realsense2_camera_msgs/realsense2_camera_msgs/srv/hardware_monitor_command_send.hpp
[2.582s] -- Up-to-date symlink: /home/ri-one/ri_one_master_ws/install/realsense2_camera_msgs/include/realsense2_camera_msgs/realsense2_camera_msgs/srv/safety_interface_config_read.hpp
[2.583s] -- Up-to-date symlink: /home/ri-one/ri_one_master_ws/install/realsense2_camera_msgs/include/realsense2_camera_msgs/realsense2_camera_msgs/srv/safety_interface_config_write.hpp
[2.583s] -- Up-to-date symlink: /home/ri-one/ri_one_master_ws/install/realsense2_camera_msgs/include/realsense2_camera_msgs/realsense2_camera_msgs/srv/safety_preset_read.hpp
[2.586s] -- Up-to-date symlink: /home/ri-one/ri_one_master_ws/install/realsense2_camera_msgs/include/realsense2_camera_msgs/realsense2_camera_msgs/srv/safety_preset_write.hpp
[2.586s] -- Up-to-date symlink: /home/ri-one/ri_one_master_ws/install/realsense2_camera_msgs/include/realsense2_camera_msgs/realsense2_camera_msgs/action/detail/triggered_calibration__rosidl_typesupport_fastrtps_cpp.hpp
[2.586s] -- Up-to-date symlink: /home/ri-one/ri_one_master_ws/install/realsense2_camera_msgs/include/realsense2_camera_msgs/realsense2_camera_msgs/msg/detail/extrinsics__rosidl_typesupport_fastrtps_cpp.hpp
[2.586s] -- Up-to-date symlink: /home/ri-one/ri_one_master_ws/install/realsense2_camera_msgs/include/realsense2_camera_msgs/realsense2_camera_msgs/msg/detail/imu_info__rosidl_typesupport_fastrtps_cpp.hpp
[2.586s] -- Up-to-date symlink: /home/ri-one/ri_one_master_ws/install/realsense2_camera_msgs/include/realsense2_camera_msgs/realsense2_camera_msgs/msg/detail/metadata__rosidl_typesupport_fastrtps_cpp.hpp
[2.587s] -- Up-to-date symlink: /home/ri-one/ri_one_master_ws/install/realsense2_camera_msgs/include/realsense2_camera_msgs/realsense2_camera_msgs/msg/detail/rgbd__rosidl_typesupport_fastrtps_cpp.hpp
[2.587s] -- Up-to-date symlink: /home/ri-one/ri_one_master_ws/install/realsense2_camera_msgs/include/realsense2_camera_msgs/realsense2_camera_msgs/msg/rosidl_typesupport_fastrtps_cpp__visibility_control.h
[2.587s] -- Up-to-date symlink: /home/ri-one/ri_one_master_ws/install/realsense2_camera_msgs/include/realsense2_camera_msgs/realsense2_camera_msgs/srv/detail/application_config_read__rosidl_typesupport_fastrtps_cpp.hpp
[2.588s] -- Up-to-date symlink: /home/ri-one/ri_one_master_ws/install/realsense2_camera_msgs/include/realsense2_camera_msgs/realsense2_camera_msgs/srv/detail/application_config_write__rosidl_typesupport_fastrtps_cpp.hpp
[2.588s] -- Up-to-date symlink: /home/ri-one/ri_one_master_ws/install/realsense2_camera_msgs/include/realsense2_camera_msgs/realsense2_camera_msgs/srv/detail/calib_config_read__rosidl_typesupport_fastrtps_cpp.hpp
[2.588s] -- Up-to-date symlink: /home/ri-one/ri_one_master_ws/install/realsense2_camera_msgs/include/realsense2_camera_msgs/realsense2_camera_msgs/srv/detail/calib_config_write__rosidl_typesupport_fastrtps_cpp.hpp
[2.588s] -- Up-to-date symlink: /home/ri-one/ri_one_master_ws/install/realsense2_camera_msgs/include/realsense2_camera_msgs/realsense2_camera_msgs/srv/detail/device_info__rosidl_typesupport_fastrtps_cpp.hpp
[2.588s] -- Up-to-date symlink: /home/ri-one/ri_one_master_ws/install/realsense2_camera_msgs/include/realsense2_camera_msgs/realsense2_camera_msgs/srv/detail/hardware_monitor_command_send__rosidl_typesupport_fastrtps_cpp.hpp
[2.589s] -- Up-to-date symlink: /home/ri-one/ri_one_master_ws/install/realsense2_camera_msgs/include/realsense2_camera_msgs/realsense2_camera_msgs/srv/detail/safety_interface_config_read__rosidl_typesupport_fastrtps_cpp.hpp
[2.589s] -- Up-to-date symlink: /home/ri-one/ri_one_master_ws/install/realsense2_camera_msgs/include/realsense2_camera_msgs/realsense2_camera_msgs/srv/detail/safety_interface_config_write__rosidl_typesupport_fastrtps_cpp.hpp
[2.589s] -- Up-to-date symlink: /home/ri-one/ri_one_master_ws/install/realsense2_camera_msgs/include/realsense2_camera_msgs/realsense2_camera_msgs/srv/detail/safety_preset_read__rosidl_typesupport_fastrtps_cpp.hpp
[2.592s] -- Up-to-date symlink: /home/ri-one/ri_one_master_ws/install/realsense2_camera_msgs/include/realsense2_camera_msgs/realsense2_camera_msgs/srv/detail/safety_preset_write__rosidl_typesupport_fastrtps_cpp.hpp
[2.593s] -- Up-to-date symlink: /home/ri-one/ri_one_master_ws/install/realsense2_camera_msgs/include/realsense2_camera_msgs/realsense2_camera_msgs/action/detail/triggered_calibration__rosidl_typesupport_introspection_cpp.hpp
[2.593s] -- Up-to-date symlink: /home/ri-one/ri_one_master_ws/install/realsense2_camera_msgs/include/realsense2_camera_msgs/realsense2_camera_msgs/msg/detail/extrinsics__rosidl_typesupport_introspection_cpp.hpp
[2.593s] -- Up-to-date symlink: /home/ri-one/ri_one_master_ws/install/realsense2_camera_msgs/include/realsense2_camera_msgs/realsense2_camera_msgs/msg/detail/imu_info__rosidl_typesupport_introspection_cpp.hpp
[2.593s] -- Up-to-date symlink: /home/ri-one/ri_one_master_ws/install/realsense2_camera_msgs/include/realsense2_camera_msgs/realsense2_camera_msgs/msg/detail/metadata__rosidl_typesupport_introspection_cpp.hpp
[2.593s] -- Up-to-date symlink: /home/ri-one/ri_one_master_ws/install/realsense2_camera_msgs/include/realsense2_camera_msgs/realsense2_camera_msgs/msg/detail/rgbd__rosidl_typesupport_introspection_cpp.hpp
[2.593s] -- Up-to-date symlink: /home/ri-one/ri_one_master_ws/install/realsense2_camera_msgs/include/realsense2_camera_msgs/realsense2_camera_msgs/srv/detail/application_config_read__rosidl_typesupport_introspection_cpp.hpp
[2.594s] -- Up-to-date symlink: /home/ri-one/ri_one_master_ws/install/realsense2_camera_msgs/include/realsense2_camera_msgs/realsense2_camera_msgs/srv/detail/application_config_write__rosidl_typesupport_introspection_cpp.hpp
[2.594s] -- Up-to-date symlink: /home/ri-one/ri_one_master_ws/install/realsense2_camera_msgs/include/realsense2_camera_msgs/realsense2_camera_msgs/srv/detail/calib_config_read__rosidl_typesupport_introspection_cpp.hpp
[2.594s] -- Up-to-date symlink: /home/ri-one/ri_one_master_ws/install/realsense2_camera_msgs/include/realsense2_camera_msgs/realsense2_camera_msgs/srv/detail/calib_config_write__rosidl_typesupport_introspection_cpp.hpp
[2.594s] -- Up-to-date symlink: /home/ri-one/ri_one_master_ws/install/realsense2_camera_msgs/include/realsense2_camera_msgs/realsense2_camera_msgs/srv/detail/device_info__rosidl_typesupport_introspection_cpp.hpp
[2.594s] -- Up-to-date symlink: /home/ri-one/ri_one_master_ws/install/realsense2_camera_msgs/include/realsense2_camera_msgs/realsense2_camera_msgs/srv/detail/hardware_monitor_command_send__rosidl_typesupport_introspection_cpp.hpp
[2.595s] -- Up-to-date symlink: /home/ri-one/ri_one_master_ws/install/realsense2_camera_msgs/include/realsense2_camera_msgs/realsense2_camera_msgs/srv/detail/safety_interface_config_read__rosidl_typesupport_introspection_cpp.hpp
[2.595s] -- Up-to-date symlink: /home/ri-one/ri_one_master_ws/install/realsense2_camera_msgs/include/realsense2_camera_msgs/realsense2_camera_msgs/srv/detail/safety_interface_config_write__rosidl_typesupport_introspection_cpp.hpp
[2.598s] -- Up-to-date symlink: /home/ri-one/ri_one_master_ws/install/realsense2_camera_msgs/include/realsense2_camera_msgs/realsense2_camera_msgs/srv/detail/safety_preset_read__rosidl_typesupport_introspection_cpp.hpp
[2.598s] -- Up-to-date symlink: /home/ri-one/ri_one_master_ws/install/realsense2_camera_msgs/include/realsense2_camera_msgs/realsense2_camera_msgs/srv/detail/safety_preset_write__rosidl_typesupport_introspection_cpp.hpp
[2.598s] -- Up-to-date symlink: /home/ri-one/ri_one_master_ws/install/realsense2_camera_msgs/share/realsense2_camera_msgs/environment/pythonpath.sh
[2.599s] -- Up-to-date symlink: /home/ri-one/ri_one_master_ws/install/realsense2_camera_msgs/share/realsense2_camera_msgs/environment/pythonpath.dsv
[2.599s] -- Up-to-date symlink: /home/ri-one/ri_one_master_ws/install/realsense2_camera_msgs/local/lib/python3.10/dist-packages/realsense2_camera_msgs-4.57.6-py3.10.egg-info/PKG-INFO
[2.599s] -- Up-to-date symlink: /home/ri-one/ri_one_master_ws/install/realsense2_camera_msgs/local/lib/python3.10/dist-packages/realsense2_camera_msgs-4.57.6-py3.10.egg-info/SOURCES.txt
[2.599s] -- Up-to-date symlink: /home/ri-one/ri_one_master_ws/install/realsense2_camera_msgs/local/lib/python3.10/dist-packages/realsense2_camera_msgs-4.57.6-py3.10.egg-info/dependency_links.txt
[2.599s] -- Up-to-date symlink: /home/ri-one/ri_one_master_ws/install/realsense2_camera_msgs/local/lib/python3.10/dist-packages/realsense2_camera_msgs-4.57.6-py3.10.egg-info/top_level.txt
[2.600s] -- Up-to-date symlink: /home/ri-one/ri_one_master_ws/install/realsense2_camera_msgs/local/lib/python3.10/dist-packages/realsense2_camera_msgs/__init__.py
[2.600s] -- Up-to-date symlink: /home/ri-one/ri_one_master_ws/install/realsense2_camera_msgs/local/lib/python3.10/dist-packages/realsense2_camera_msgs/_realsense2_camera_msgs_s.ep.rosidl_typesupport_c.c
[2.601s] -- Up-to-date symlink: /home/ri-one/ri_one_master_ws/install/realsense2_camera_msgs/local/lib/python3.10/dist-packages/realsense2_camera_msgs/_realsense2_camera_msgs_s.ep.rosidl_typesupport_fastrtps_c.c
[2.601s] -- Up-to-date symlink: /home/ri-one/ri_one_master_ws/install/realsense2_camera_msgs/local/lib/python3.10/dist-packages/realsense2_camera_msgs/_realsense2_camera_msgs_s.ep.rosidl_typesupport_introspection_c.c
[2.601s] -- Up-to-date symlink: /home/ri-one/ri_one_master_ws/install/realsense2_camera_msgs/local/lib/python3.10/dist-packages/realsense2_camera_msgs/action/__init__.py
[2.601s] -- Up-to-date symlink: /home/ri-one/ri_one_master_ws/install/realsense2_camera_msgs/local/lib/python3.10/dist-packages/realsense2_camera_msgs/action/_triggered_calibration.py
[2.601s] -- Up-to-date symlink: /home/ri-one/ri_one_master_ws/install/realsense2_camera_msgs/local/lib/python3.10/dist-packages/realsense2_camera_msgs/action/_triggered_calibration_s.c
[2.603s] -- Up-to-date symlink: /home/ri-one/ri_one_master_ws/install/realsense2_camera_msgs/local/lib/python3.10/dist-packages/realsense2_camera_msgs/librealsense2_camera_msgs__rosidl_generator_py.so
[2.603s] -- Up-to-date symlink: /home/ri-one/ri_one_master_ws/install/realsense2_camera_msgs/local/lib/python3.10/dist-packages/realsense2_camera_msgs/msg/__init__.py
[2.603s] -- Up-to-date symlink: /home/ri-one/ri_one_master_ws/install/realsense2_camera_msgs/local/lib/python3.10/dist-packages/realsense2_camera_msgs/msg/_extrinsics.py
[2.603s] -- Up-to-date symlink: /home/ri-one/ri_one_master_ws/install/realsense2_camera_msgs/local/lib/python3.10/dist-packages/realsense2_camera_msgs/msg/_extrinsics_s.c
[2.604s] -- Up-to-date symlink: /home/ri-one/ri_one_master_ws/install/realsense2_camera_msgs/local/lib/python3.10/dist-packages/realsense2_camera_msgs/msg/_imu_info.py
[2.604s] -- Up-to-date symlink: /home/ri-one/ri_one_master_ws/install/realsense2_camera_msgs/local/lib/python3.10/dist-packages/realsense2_camera_msgs/msg/_imu_info_s.c
[2.605s] -- Up-to-date symlink: /home/ri-one/ri_one_master_ws/install/realsense2_camera_msgs/local/lib/python3.10/dist-packages/realsense2_camera_msgs/msg/_metadata.py
[2.605s] -- Up-to-date symlink: /home/ri-one/ri_one_master_ws/install/realsense2_camera_msgs/local/lib/python3.10/dist-packages/realsense2_camera_msgs/msg/_metadata_s.c
[2.605s] -- Up-to-date symlink: /home/ri-one/ri_one_master_ws/install/realsense2_camera_msgs/local/lib/python3.10/dist-packages/realsense2_camera_msgs/msg/_rgbd.py
[2.605s] -- Up-to-date symlink: /home/ri-one/ri_one_master_ws/install/realsense2_camera_msgs/local/lib/python3.10/dist-packages/realsense2_camera_msgs/msg/_rgbd_s.c
[2.606s] -- Up-to-date symlink: /home/ri-one/ri_one_master_ws/install/realsense2_camera_msgs/local/lib/python3.10/dist-packages/realsense2_camera_msgs/realsense2_camera_msgs_s__rosidl_typesupport_c.cpython-310-x86_64-linux-gnu.so
[2.606s] -- Up-to-date symlink: /home/ri-one/ri_one_master_ws/install/realsense2_camera_msgs/local/lib/python3.10/dist-packages/realsense2_camera_msgs/realsense2_camera_msgs_s__rosidl_typesupport_fastrtps_c.cpython-310-x86_64-linux-gnu.so
[2.608s] -- Up-to-date symlink: /home/ri-one/ri_one_master_ws/install/realsense2_camera_msgs/local/lib/python3.10/dist-packages/realsense2_camera_msgs/realsense2_camera_msgs_s__rosidl_typesupport_introspection_c.cpython-310-x86_64-linux-gnu.so
[2.608s] -- Up-to-date symlink: /home/ri-one/ri_one_master_ws/install/realsense2_camera_msgs/local/lib/python3.10/dist-packages/realsense2_camera_msgs/srv/__init__.py
[2.608s] -- Up-to-date symlink: /home/ri-one/ri_one_master_ws/install/realsense2_camera_msgs/local/lib/python3.10/dist-packages/realsense2_camera_msgs/srv/_application_config_read.py
[2.609s] -- Up-to-date symlink: /home/ri-one/ri_one_master_ws/install/realsense2_camera_msgs/local/lib/python3.10/dist-packages/realsense2_camera_msgs/srv/_application_config_read_s.c
[2.609s] -- Up-to-date symlink: /home/ri-one/ri_one_master_ws/install/realsense2_camera_msgs/local/lib/python3.10/dist-packages/realsense2_camera_msgs/srv/_application_config_write.py
[2.609s] -- Up-to-date symlink: /home/ri-one/ri_one_master_ws/install/realsense2_camera_msgs/local/lib/python3.10/dist-packages/realsense2_camera_msgs/srv/_application_config_write_s.c
[2.609s] -- Up-to-date symlink: /home/ri-one/ri_one_master_ws/install/realsense2_camera_msgs/local/lib/python3.10/dist-packages/realsense2_camera_msgs/srv/_calib_config_read.py
[2.609s] -- Up-to-date symlink: /home/ri-one/ri_one_master_ws/install/realsense2_camera_msgs/local/lib/python3.10/dist-packages/realsense2_camera_msgs/srv/_calib_config_read_s.c
[2.610s] -- Up-to-date symlink: /home/ri-one/ri_one_master_ws/install/realsense2_camera_msgs/local/lib/python3.10/dist-packages/realsense2_camera_msgs/srv/_calib_config_write.py
[2.610s] -- Up-to-date symlink: /home/ri-one/ri_one_master_ws/install/realsense2_camera_msgs/local/lib/python3.10/dist-packages/realsense2_camera_msgs/srv/_calib_config_write_s.c
[2.614s] -- Up-to-date symlink: /home/ri-one/ri_one_master_ws/install/realsense2_camera_msgs/local/lib/python3.10/dist-packages/realsense2_camera_msgs/srv/_device_info.py
[2.614s] -- Up-to-date symlink: /home/ri-one/ri_one_master_ws/install/realsense2_camera_msgs/local/lib/python3.10/dist-packages/realsense2_camera_msgs/srv/_device_info_s.c
[2.614s] -- Up-to-date symlink: /home/ri-one/ri_one_master_ws/install/realsense2_camera_msgs/local/lib/python3.10/dist-packages/realsense2_camera_msgs/srv/_hardware_monitor_command_send.py
[2.614s] -- Up-to-date symlink: /home/ri-one/ri_one_master_ws/install/realsense2_camera_msgs/local/lib/python3.10/dist-packages/realsense2_camera_msgs/srv/_hardware_monitor_command_send_s.c
[2.614s] -- Up-to-date symlink: /home/ri-one/ri_one_master_ws/install/realsense2_camera_msgs/local/lib/python3.10/dist-packages/realsense2_camera_msgs/srv/_safety_interface_config_read.py
[2.615s] -- Up-to-date symlink: /home/ri-one/ri_one_master_ws/install/realsense2_camera_msgs/local/lib/python3.10/dist-packages/realsense2_camera_msgs/srv/_safety_interface_config_read_s.c
[2.615s] -- Up-to-date symlink: /home/ri-one/ri_one_master_ws/install/realsense2_camera_msgs/local/lib/python3.10/dist-packages/realsense2_camera_msgs/srv/_safety_interface_config_write.py
[2.615s] -- Up-to-date symlink: /home/ri-one/ri_one_master_ws/install/realsense2_camera_msgs/local/lib/python3.10/dist-packages/realsense2_camera_msgs/srv/_safety_interface_config_write_s.c
[2.615s] -- Up-to-date symlink: /home/ri-one/ri_one_master_ws/install/realsense2_camera_msgs/local/lib/python3.10/dist-packages/realsense2_camera_msgs/srv/_safety_preset_read.py
[2.616s] -- Up-to-date symlink: /home/ri-one/ri_one_master_ws/install/realsense2_camera_msgs/local/lib/python3.10/dist-packages/realsense2_camera_msgs/srv/_safety_preset_read_s.c
[2.616s] -- Up-to-date symlink: /home/ri-one/ri_one_master_ws/install/realsense2_camera_msgs/local/lib/python3.10/dist-packages/realsense2_camera_msgs/srv/_safety_preset_write.py
[2.616s] -- Up-to-date symlink: /home/ri-one/ri_one_master_ws/install/realsense2_camera_msgs/local/lib/python3.10/dist-packages/realsense2_camera_msgs/srv/_safety_preset_write_s.c
[2.616s] -- Up-to-date symlink: /home/ri-one/ri_one_master_ws/install/realsense2_camera_msgs/local/lib/python3.10/dist-packages/realsense2_camera_msgs/realsense2_camera_msgs_s__rosidl_typesupport_fastrtps_c.cpython-310-x86_64-linux-gnu.so
[2.616s] -- Up-to-date symlink: /home/ri-one/ri_one_master_ws/install/realsense2_camera_msgs/local/lib/python3.10/dist-packages/realsense2_camera_msgs/realsense2_camera_msgs_s__rosidl_typesupport_introspection_c.cpython-310-x86_64-linux-gnu.so
[2.617s] -- Up-to-date symlink: /home/ri-one/ri_one_master_ws/install/realsense2_camera_msgs/local/lib/python3.10/dist-packages/realsense2_camera_msgs/realsense2_camera_msgs_s__rosidl_typesupport_c.cpython-310-x86_64-linux-gnu.so
[2.617s] -- Up-to-date symlink: /home/ri-one/ri_one_master_ws/install/realsense2_camera_msgs/share/realsense2_camera_msgs/msg/IMUInfo.idl
[2.617s] -- Up-to-date symlink: /home/ri-one/ri_one_master_ws/install/realsense2_camera_msgs/share/realsense2_camera_msgs/msg/Extrinsics.idl
[2.617s] -- Up-to-date symlink: /home/ri-one/ri_one_master_ws/install/realsense2_camera_msgs/share/realsense2_camera_msgs/msg/Metadata.idl
[2.617s] -- Up-to-date symlink: /home/ri-one/ri_one_master_ws/install/realsense2_camera_msgs/share/realsense2_camera_msgs/msg/RGBD.idl
[2.618s] -- Up-to-date symlink: /home/ri-one/ri_one_master_ws/install/realsense2_camera_msgs/share/realsense2_camera_msgs/srv/DeviceInfo.idl
[2.618s] -- Up-to-date symlink: /home/ri-one/ri_one_master_ws/install/realsense2_camera_msgs/share/realsense2_camera_msgs/srv/SafetyPresetRead.idl
[2.618s] -- Up-to-date symlink: /home/ri-one/ri_one_master_ws/install/realsense2_camera_msgs/share/realsense2_camera_msgs/srv/SafetyPresetWrite.idl
[2.618s] -- Up-to-date symlink: /home/ri-one/ri_one_master_ws/install/realsense2_camera_msgs/share/realsense2_camera_msgs/srv/SafetyInterfaceConfigRead.idl
[2.618s] -- Up-to-date symlink: /home/ri-one/ri_one_master_ws/install/realsense2_camera_msgs/share/realsense2_camera_msgs/srv/SafetyInterfaceConfigWrite.idl
[2.619s] -- Up-to-date symlink: /home/ri-one/ri_one_master_ws/install/realsense2_camera_msgs/share/realsense2_camera_msgs/srv/CalibConfigRead.idl
[2.619s] -- Up-to-date symlink: /home/ri-one/ri_one_master_ws/install/realsense2_camera_msgs/share/realsense2_camera_msgs/srv/CalibConfigWrite.idl
[2.620s] -- Up-to-date symlink: /home/ri-one/ri_one_master_ws/install/realsense2_camera_msgs/share/realsense2_camera_msgs/srv/ApplicationConfigRead.idl
[2.620s] -- Up-to-date symlink: /home/ri-one/ri_one_master_ws/install/realsense2_camera_msgs/share/realsense2_camera_msgs/srv/ApplicationConfigWrite.idl
[2.621s] -- Up-to-date symlink: /home/ri-one/ri_one_master_ws/install/realsense2_camera_msgs/share/realsense2_camera_msgs/srv/HardwareMonitorCommandSend.idl
[2.622s] -- Up-to-date symlink: /home/ri-one/ri_one_master_ws/install/realsense2_camera_msgs/share/realsense2_camera_msgs/action/TriggeredCalibration.idl
[2.624s] -- Up-to-date symlink: /home/ri-one/ri_one_master_ws/install/realsense2_camera_msgs/share/realsense2_camera_msgs/msg/IMUInfo.msg
[2.624s] -- Up-to-date symlink: /home/ri-one/ri_one_master_ws/install/realsense2_camera_msgs/share/realsense2_camera_msgs/msg/Extrinsics.msg
[2.624s] -- Up-to-date symlink: /home/ri-one/ri_one_master_ws/install/realsense2_camera_msgs/share/realsense2_camera_msgs/msg/Metadata.msg
[2.625s] -- Up-to-date symlink: /home/ri-one/ri_one_master_ws/install/realsense2_camera_msgs/share/realsense2_camera_msgs/msg/RGBD.msg
[2.625s] -- Up-to-date symlink: /home/ri-one/ri_one_master_ws/install/realsense2_camera_msgs/share/realsense2_camera_msgs/srv/DeviceInfo.srv
[2.627s] -- Up-to-date symlink: /home/ri-one/ri_one_master_ws/install/realsense2_camera_msgs/share/realsense2_camera_msgs/srv/DeviceInfo_Request.msg
[2.628s] -- Up-to-date symlink: /home/ri-one/ri_one_master_ws/install/realsense2_camera_msgs/share/realsense2_camera_msgs/srv/DeviceInfo_Response.msg
[2.628s] -- Up-to-date symlink: /home/ri-one/ri_one_master_ws/install/realsense2_camera_msgs/share/realsense2_camera_msgs/srv/SafetyPresetRead.srv
[2.628s] -- Up-to-date symlink: /home/ri-one/ri_one_master_ws/install/realsense2_camera_msgs/share/realsense2_camera_msgs/srv/SafetyPresetRead_Request.msg
[2.629s] -- Up-to-date symlink: /home/ri-one/ri_one_master_ws/install/realsense2_camera_msgs/share/realsense2_camera_msgs/srv/SafetyPresetRead_Response.msg
[2.630s] -- Up-to-date symlink: /home/ri-one/ri_one_master_ws/install/realsense2_camera_msgs/share/realsense2_camera_msgs/srv/SafetyPresetWrite.srv
[2.630s] -- Up-to-date symlink: /home/ri-one/ri_one_master_ws/install/realsense2_camera_msgs/share/realsense2_camera_msgs/srv/SafetyPresetWrite_Request.msg
[2.630s] -- Up-to-date symlink: /home/ri-one/ri_one_master_ws/install/realsense2_camera_msgs/share/realsense2_camera_msgs/srv/SafetyPresetWrite_Response.msg
[2.630s] -- Up-to-date symlink: /home/ri-one/ri_one_master_ws/install/realsense2_camera_msgs/share/realsense2_camera_msgs/srv/SafetyInterfaceConfigRead.srv
[2.634s] -- Up-to-date symlink: /home/ri-one/ri_one_master_ws/install/realsense2_camera_msgs/share/realsense2_camera_msgs/srv/SafetyInterfaceConfigRead_Request.msg
[2.635s] -- Up-to-date symlink: /home/ri-one/ri_one_master_ws/install/realsense2_camera_msgs/share/realsense2_camera_msgs/srv/SafetyInterfaceConfigRead_Response.msg
[2.635s] -- Up-to-date symlink: /home/ri-one/ri_one_master_ws/install/realsense2_camera_msgs/share/realsense2_camera_msgs/srv/SafetyInterfaceConfigWrite.srv
[2.635s] -- Up-to-date symlink: /home/ri-one/ri_one_master_ws/install/realsense2_camera_msgs/share/realsense2_camera_msgs/srv/SafetyInterfaceConfigWrite_Request.msg
[2.636s] -- Up-to-date symlink: /home/ri-one/ri_one_master_ws/install/realsense2_camera_msgs/share/realsense2_camera_msgs/srv/SafetyInterfaceConfigWrite_Response.msg
[2.637s] -- Up-to-date symlink: /home/ri-one/ri_one_master_ws/install/realsense2_camera_msgs/share/realsense2_camera_msgs/srv/CalibConfigRead.srv
[2.637s] -- Up-to-date symlink: /home/ri-one/ri_one_master_ws/install/realsense2_camera_msgs/share/realsense2_camera_msgs/srv/CalibConfigRead_Request.msg
[2.640s] -- Up-to-date symlink: /home/ri-one/ri_one_master_ws/install/realsense2_camera_msgs/share/realsense2_camera_msgs/srv/CalibConfigRead_Response.msg
[2.640s] -- Up-to-date symlink: /home/ri-one/ri_one_master_ws/install/realsense2_camera_msgs/share/realsense2_camera_msgs/srv/CalibConfigWrite.srv
[2.640s] -- Up-to-date symlink: /home/ri-one/ri_one_master_ws/install/realsense2_camera_msgs/share/realsense2_camera_msgs/srv/CalibConfigWrite_Request.msg
[2.640s] -- Up-to-date symlink: /home/ri-one/ri_one_master_ws/install/realsense2_camera_msgs/share/realsense2_camera_msgs/srv/CalibConfigWrite_Response.msg
[2.641s] -- Up-to-date symlink: /home/ri-one/ri_one_master_ws/install/realsense2_camera_msgs/share/realsense2_camera_msgs/srv/ApplicationConfigRead.srv
[2.641s] -- Up-to-date symlink: /home/ri-one/ri_one_master_ws/install/realsense2_camera_msgs/share/realsense2_camera_msgs/srv/ApplicationConfigRead_Request.msg
[2.641s] -- Up-to-date symlink: /home/ri-one/ri_one_master_ws/install/realsense2_camera_msgs/share/realsense2_camera_msgs/srv/ApplicationConfigRead_Response.msg
[2.641s] -- Up-to-date symlink: /home/ri-one/ri_one_master_ws/install/realsense2_camera_msgs/share/realsense2_camera_msgs/srv/ApplicationConfigWrite.srv
[2.641s] -- Up-to-date symlink: /home/ri-one/ri_one_master_ws/install/realsense2_camera_msgs/share/realsense2_camera_msgs/srv/ApplicationConfigWrite_Request.msg
[2.641s] -- Up-to-date symlink: /home/ri-one/ri_one_master_ws/install/realsense2_camera_msgs/share/realsense2_camera_msgs/srv/ApplicationConfigWrite_Response.msg
[2.642s] -- Up-to-date symlink: /home/ri-one/ri_one_master_ws/install/realsense2_camera_msgs/share/realsense2_camera_msgs/srv/HardwareMonitorCommandSend.srv
[2.642s] -- Up-to-date symlink: /home/ri-one/ri_one_master_ws/install/realsense2_camera_msgs/share/realsense2_camera_msgs/srv/HardwareMonitorCommandSend_Request.msg
[2.642s] -- Up-to-date symlink: /home/ri-one/ri_one_master_ws/install/realsense2_camera_msgs/share/realsense2_camera_msgs/srv/HardwareMonitorCommandSend_Response.msg
[2.642s] -- Up-to-date symlink: /home/ri-one/ri_one_master_ws/install/realsense2_camera_msgs/share/realsense2_camera_msgs/action/TriggeredCalibration.action
[2.642s] -- Up-to-date symlink: /home/ri-one/ri_one_master_ws/install/realsense2_camera_msgs/share/ament_index/resource_index/package_run_dependencies/realsense2_camera_msgs
[2.642s] -- Up-to-date symlink: /home/ri-one/ri_one_master_ws/install/realsense2_camera_msgs/share/ament_index/resource_index/parent_prefix_path/realsense2_camera_msgs
[2.643s] -- Up-to-date symlink: /home/ri-one/ri_one_master_ws/install/realsense2_camera_msgs/share/realsense2_camera_msgs/environment/ament_prefix_path.sh
[2.643s] -- Up-to-date symlink: /home/ri-one/ri_one_master_ws/install/realsense2_camera_msgs/share/realsense2_camera_msgs/environment/ament_prefix_path.dsv
[2.646s] -- Up-to-date symlink: /home/ri-one/ri_one_master_ws/install/realsense2_camera_msgs/share/realsense2_camera_msgs/environment/path.sh
[2.646s] -- Up-to-date symlink: /home/ri-one/ri_one_master_ws/install/realsense2_camera_msgs/share/realsense2_camera_msgs/environment/path.dsv
[2.646s] -- Up-to-date symlink: /home/ri-one/ri_one_master_ws/install/realsense2_camera_msgs/share/realsense2_camera_msgs/local_setup.bash
[2.647s] -- Up-to-date symlink: /home/ri-one/ri_one_master_ws/install/realsense2_camera_msgs/share/realsense2_camera_msgs/local_setup.sh
[2.647s] -- Up-to-date symlink: /home/ri-one/ri_one_master_ws/install/realsense2_camera_msgs/share/realsense2_camera_msgs/local_setup.zsh
[2.647s] -- Up-to-date symlink: /home/ri-one/ri_one_master_ws/install/realsense2_camera_msgs/share/realsense2_camera_msgs/local_setup.dsv
[2.647s] -- Symlinking: /home/ri-one/ri_one_master_ws/install/realsense2_camera_msgs/share/realsense2_camera_msgs/package.dsv
[2.648s] -- Up-to-date symlink: /home/ri-one/ri_one_master_ws/install/realsense2_camera_msgs/share/ament_index/resource_index/packages/realsense2_camera_msgs
[2.648s] -- Up-to-date symlink: /home/ri-one/ri_one_master_ws/install/realsense2_camera_msgs/share/realsense2_camera_msgs/cmake/rosidl_cmake-extras.cmake
[2.648s] -- Up-to-date symlink: /home/ri-one/ri_one_master_ws/install/realsense2_camera_msgs/share/realsense2_camera_msgs/cmake/ament_cmake_export_dependencies-extras.cmake
[2.649s] -- Up-to-date symlink: /home/ri-one/ri_one_master_ws/install/realsense2_camera_msgs/share/realsense2_camera_msgs/cmake/ament_cmake_export_include_directories-extras.cmake
[2.649s] -- Up-to-date symlink: /home/ri-one/ri_one_master_ws/install/realsense2_camera_msgs/share/realsense2_camera_msgs/cmake/ament_cmake_export_libraries-extras.cmake
[2.655s] -- Up-to-date symlink: /home/ri-one/ri_one_master_ws/install/realsense2_camera_msgs/share/realsense2_camera_msgs/cmake/ament_cmake_export_targets-extras.cmake
[2.655s] -- Up-to-date symlink: /home/ri-one/ri_one_master_ws/install/realsense2_camera_msgs/share/realsense2_camera_msgs/cmake/rosidl_cmake_export_typesupport_targets-extras.cmake
[2.656s] -- Up-to-date symlink: /home/ri-one/ri_one_master_ws/install/realsense2_camera_msgs/share/realsense2_camera_msgs/cmake/rosidl_cmake_export_typesupport_libraries-extras.cmake
[2.656s] -- Up-to-date symlink: /home/ri-one/ri_one_master_ws/install/realsense2_camera_msgs/share/realsense2_camera_msgs/cmake/realsense2_camera_msgsConfig.cmake
[2.656s] -- Up-to-date symlink: /home/ri-one/ri_one_master_ws/install/realsense2_camera_msgs/share/realsense2_camera_msgs/cmake/realsense2_camera_msgsConfig-version.cmake
[2.656s] -- Up-to-date symlink: /home/ri-one/ri_one_master_ws/install/realsense2_camera_msgs/share/realsense2_camera_msgs/package.xml
[2.658s] -- Up-to-date: /home/ri-one/ri_one_master_ws/install/realsense2_camera_msgs/lib/librealsense2_camera_msgs__rosidl_generator_c.so
[2.659s] -- Up-to-date: /home/ri-one/ri_one_master_ws/install/realsense2_camera_msgs/lib/librealsense2_camera_msgs__rosidl_typesupport_fastrtps_c.so
[2.659s] -- Up-to-date: /home/ri-one/ri_one_master_ws/install/realsense2_camera_msgs/lib/librealsense2_camera_msgs__rosidl_typesupport_introspection_c.so
[2.659s] -- Up-to-date: /home/ri-one/ri_one_master_ws/install/realsense2_camera_msgs/lib/librealsense2_camera_msgs__rosidl_typesupport_c.so
[2.659s] -- Up-to-date: /home/ri-one/ri_one_master_ws/install/realsense2_camera_msgs/lib/librealsense2_camera_msgs__rosidl_typesupport_fastrtps_cpp.so
[2.659s] -- Up-to-date: /home/ri-one/ri_one_master_ws/install/realsense2_camera_msgs/lib/librealsense2_camera_msgs__rosidl_typesupport_introspection_cpp.so
[2.659s] -- Up-to-date: /home/ri-one/ri_one_master_ws/install/realsense2_camera_msgs/lib/librealsense2_camera_msgs__rosidl_typesupport_cpp.so
[2.843s] Listing '/home/ri-one/ri_one_master_ws/install/realsense2_camera_msgs/local/lib/python3.10/dist-packages/realsense2_camera_msgs'...
[2.844s] Listing '/home/ri-one/ri_one_master_ws/install/realsense2_camera_msgs/local/lib/python3.10/dist-packages/realsense2_camera_msgs/action'...
[2.844s] Listing '/home/ri-one/ri_one_master_ws/install/realsense2_camera_msgs/local/lib/python3.10/dist-packages/realsense2_camera_msgs/msg'...
[2.844s] Listing '/home/ri-one/ri_one_master_ws/install/realsense2_camera_msgs/local/lib/python3.10/dist-packages/realsense2_camera_msgs/srv'...
[2.893s] -- Up-to-date: /home/ri-one/ri_one_master_ws/install/realsense2_camera_msgs/lib/librealsense2_camera_msgs__rosidl_generator_py.so
[2.898s] -- Up-to-date: /home/ri-one/ri_one_master_ws/install/realsense2_camera_msgs/share/realsense2_camera_msgs/cmake/export_realsense2_camera_msgs__rosidl_generator_cExport.cmake
[2.898s] -- Up-to-date: /home/ri-one/ri_one_master_ws/install/realsense2_camera_msgs/share/realsense2_camera_msgs/cmake/export_realsense2_camera_msgs__rosidl_generator_cExport-noconfig.cmake
[2.898s] -- Up-to-date: /home/ri-one/ri_one_master_ws/install/realsense2_camera_msgs/share/realsense2_camera_msgs/cmake/export_realsense2_camera_msgs__rosidl_typesupport_fastrtps_cExport.cmake
[2.904s] -- Up-to-date: /home/ri-one/ri_one_master_ws/install/realsense2_camera_msgs/share/realsense2_camera_msgs/cmake/export_realsense2_camera_msgs__rosidl_typesupport_fastrtps_cExport-noconfig.cmake
[2.905s] -- Up-to-date: /home/ri-one/ri_one_master_ws/install/realsense2_camera_msgs/share/realsense2_camera_msgs/cmake/realsense2_camera_msgs__rosidl_typesupport_introspection_cExport.cmake
[2.905s] -- Up-to-date: /home/ri-one/ri_one_master_ws/install/realsense2_camera_msgs/share/realsense2_camera_msgs/cmake/realsense2_camera_msgs__rosidl_typesupport_introspection_cExport-noconfig.cmake
[2.905s] -- Up-to-date: /home/ri-one/ri_one_master_ws/install/realsense2_camera_msgs/share/realsense2_camera_msgs/cmake/realsense2_camera_msgs__rosidl_typesupport_cExport.cmake
[2.905s] -- Up-to-date: /home/ri-one/ri_one_master_ws/install/realsense2_camera_msgs/share/realsense2_camera_msgs/cmake/realsense2_camera_msgs__rosidl_typesupport_cExport-noconfig.cmake
[2.906s] -- Up-to-date: /home/ri-one/ri_one_master_ws/install/realsense2_camera_msgs/share/realsense2_camera_msgs/cmake/export_realsense2_camera_msgs__rosidl_generator_cppExport.cmake
[2.906s] -- Up-to-date: /home/ri-one/ri_one_master_ws/install/realsense2_camera_msgs/share/realsense2_camera_msgs/cmake/export_realsense2_camera_msgs__rosidl_typesupport_fastrtps_cppExport.cmake
[2.906s] -- Up-to-date: /home/ri-one/ri_one_master_ws/install/realsense2_camera_msgs/share/realsense2_camera_msgs/cmake/export_realsense2_camera_msgs__rosidl_typesupport_fastrtps_cppExport-noconfig.cmake
[2.912s] -- Up-to-date: /home/ri-one/ri_one_master_ws/install/realsense2_camera_msgs/share/realsense2_camera_msgs/cmake/realsense2_camera_msgs__rosidl_typesupport_introspection_cppExport.cmake
[2.912s] -- Up-to-date: /home/ri-one/ri_one_master_ws/install/realsense2_camera_msgs/share/realsense2_camera_msgs/cmake/realsense2_camera_msgs__rosidl_typesupport_introspection_cppExport-noconfig.cmake
[2.913s] -- Up-to-date: /home/ri-one/ri_one_master_ws/install/realsense2_camera_msgs/share/realsense2_camera_msgs/cmake/realsense2_camera_msgs__rosidl_typesupport_cppExport.cmake
[2.913s] -- Up-to-date: /home/ri-one/ri_one_master_ws/install/realsense2_camera_msgs/share/realsense2_camera_msgs/cmake/realsense2_camera_msgs__rosidl_typesupport_cppExport-noconfig.cmake
[2.913s] -- Up-to-date: /home/ri-one/ri_one_master_ws/install/realsense2_camera_msgs/share/realsense2_camera_msgs/cmake/export_realsense2_camera_msgs__rosidl_generator_pyExport.cmake
[2.913s] -- Up-to-date: /home/ri-one/ri_one_master_ws/install/realsense2_camera_msgs/share/realsense2_camera_msgs/cmake/export_realsense2_camera_msgs__rosidl_generator_pyExport-noconfig.cmake
[2.938s] Invoked command in '/home/ri-one/ri_one_master_ws/build/realsense2_camera_msgs' returned '0': CMAKE_PREFIX_PATH=${CMAKE_PREFIX_PATH}:/home/ri-one/ri_one_master_ws/install/realsense_vision:/home/ri-one/ri_one_master_ws/install/ros2_tests:/home/ri-one/ri_one_master_ws/install/realsense2_ros_mqtt_bridge:/home/ri-one/ri_one_master_ws/install/gesture_to_motion:/home/ri-one/ri_one_master_ws/install/gesture_detection:/opt/ros/humble /usr/bin/cmake --install /home/ri-one/ri_one_master_ws/build/realsense2_camera_msgs
