[0.052s] Invoking command in '/home/ri-one/ri_one_master_ws/build/ecl_eigen': CMAKE_PREFIX_PATH=${CMAKE_PREFIX_PATH}:/home/ri-one/ri_one_master_ws/install/ros2_tests:/home/ri-one/ri_one_master_ws/install/gesture_to_motion:/home/ri-one/ri_one_master_ws/install/gesture_detection:/opt/ros/humble /usr/bin/cmake --build /home/ri-one/ri_one_master_ws/build/ecl_eigen -- -j4 -l4
[0.206s] Invoked command in '/home/ri-one/ri_one_master_ws/build/ecl_eigen' returned '0': CMAKE_PREFIX_PATH=${CMAKE_PREFIX_PATH}:/home/ri-one/ri_one_master_ws/install/ros2_tests:/home/ri-one/ri_one_master_ws/install/gesture_to_motion:/home/ri-one/ri_one_master_ws/install/gesture_detection:/opt/ros/humble /usr/bin/cmake --build /home/ri-one/ri_one_master_ws/build/ecl_eigen -- -j4 -l4
[0.237s] Invoking command in '/home/ri-one/ri_one_master_ws/build/ecl_eigen': CMAKE_PREFIX_PATH=${CMAKE_PREFIX_PATH}:/home/ri-one/ri_one_master_ws/install/ros2_tests:/home/ri-one/ri_one_master_ws/install/gesture_to_motion:/home/ri-one/ri_one_master_ws/install/gesture_detection:/opt/ros/humble /usr/bin/cmake --install /home/ri-one/ri_one_master_ws/build/ecl_eigen
[0.267s] -- Install configuration: ""
[0.269s] -- Execute custom install script
[0.269s] -- Up-to-date symlink: /home/ri-one/ri_one_master_ws/install/ecl_eigen/include/ecl/eigen.hpp
[0.270s] -- Up-to-date symlink: /home/ri-one/ri_one_master_ws/install/ecl_eigen/share/licenses/eigen/COPYING.LESSER
[0.270s] -- Up-to-date symlink: /home/ri-one/ri_one_master_ws/install/ecl_eigen/share/ament_index/resource_index/package_run_dependencies/ecl_eigen
[0.277s] -- Up-to-date symlink: /home/ri-one/ri_one_master_ws/install/ecl_eigen/share/ament_index/resource_index/parent_prefix_path/ecl_eigen
[0.278s] -- Up-to-date symlink: /home/ri-one/ri_one_master_ws/install/ecl_eigen/share/ecl_eigen/environment/ament_prefix_path.sh
[0.278s] -- Up-to-date symlink: /home/ri-one/ri_one_master_ws/install/ecl_eigen/share/ecl_eigen/environment/ament_prefix_path.dsv
[0.278s] -- Up-to-date symlink: /home/ri-one/ri_one_master_ws/install/ecl_eigen/share/ecl_eigen/environment/path.sh
[0.278s] -- Up-to-date symlink: /home/ri-one/ri_one_master_ws/install/ecl_eigen/share/ecl_eigen/environment/path.dsv
[0.279s] -- Up-to-date symlink: /home/ri-one/ri_one_master_ws/install/ecl_eigen/share/ecl_eigen/local_setup.bash
[0.279s] -- Up-to-date symlink: /home/ri-one/ri_one_master_ws/install/ecl_eigen/share/ecl_eigen/local_setup.sh
[0.279s] -- Up-to-date symlink: /home/ri-one/ri_one_master_ws/install/ecl_eigen/share/ecl_eigen/local_setup.zsh
[0.279s] -- Up-to-date symlink: /home/ri-one/ri_one_master_ws/install/ecl_eigen/share/ecl_eigen/local_setup.dsv
[0.279s] -- Symlinking: /home/ri-one/ri_one_master_ws/install/ecl_eigen/share/ecl_eigen/package.dsv
[0.309s] -- Up-to-date symlink: /home/ri-one/ri_one_master_ws/install/ecl_eigen/share/ament_index/resource_index/packages/ecl_eigen
[0.310s] -- Up-to-date symlink: /home/ri-one/ri_one_master_ws/install/ecl_eigen/share/ecl_eigen/cmake/ament_cmake_export_targets-extras.cmake
[0.310s] -- Up-to-date symlink: /home/ri-one/ri_one_master_ws/install/ecl_eigen/share/ecl_eigen/cmake/ament_cmake_export_include_directories-extras.cmake
[0.311s] -- Up-to-date symlink: /home/ri-one/ri_one_master_ws/install/ecl_eigen/share/ecl_eigen/cmake/ament_cmake_export_dependencies-extras.cmake
[0.311s] -- Up-to-date symlink: /home/ri-one/ri_one_master_ws/install/ecl_eigen/share/ecl_eigen/cmake/ecl_eigenConfig.cmake
[0.315s] -- Up-to-date symlink: /home/ri-one/ri_one_master_ws/install/ecl_eigen/share/ecl_eigen/cmake/ecl_eigenConfig-version.cmake
[0.316s] -- Up-to-date symlink: /home/ri-one/ri_one_master_ws/install/ecl_eigen/share/ecl_eigen/package.xml
[0.317s] -- Up-to-date: /home/ri-one/ri_one_master_ws/install/ecl_eigen/share/ecl_eigen/cmake/ecl_eigenExport.cmake
[0.329s] Invoked command in '/home/ri-one/ri_one_master_ws/build/ecl_eigen' returned '0': CMAKE_PREFIX_PATH=${CMAKE_PREFIX_PATH}:/home/ri-one/ri_one_master_ws/install/ros2_tests:/home/ri-one/ri_one_master_ws/install/gesture_to_motion:/home/ri-one/ri_one_master_ws/install/gesture_detection:/opt/ros/humble /usr/bin/cmake --install /home/ri-one/ri_one_master_ws/build/ecl_eigen
