[0.084s] Invoking command in '/home/ri-one/ri_one_master_ws/build/audio_common_msgs': CMAKE_PREFIX_PATH=${CMAKE_PREFIX_PATH}:/opt/ros/humble /usr/bin/cmake --build /home/ri-one/ri_one_master_ws/build/audio_common_msgs -- -j4 -l4
[0.235s] [35m[1mConsolidate compiler generated dependencies of target audio_common_msgs__rosidl_generator_c[0m
[0.291s] [ 10%] Built target audio_common_msgs__rosidl_generator_c
[0.311s] [ 12%] Built target audio_common_msgs__cpp
[0.328s] [ 12%] Built target ament_cmake_python_symlink_audio_common_msgs
[0.352s] [35m[1mConsolidate compiler generated dependencies of target audio_common_msgs__rosidl_typesupport_introspection_c[0m
[0.354s] [35m[1mConsolidate compiler generated dependencies of target audio_common_msgs__rosidl_typesupport_c[0m
[0.357s] [35m[1mConsolidate compiler generated dependencies of target audio_common_msgs__rosidl_typesupport_fastrtps_c[0m
[0.404s] [35m[1mConsolidate compiler generated dependencies of target audio_common_msgs__rosidl_typesupport_fastrtps_cpp[0m
[0.463s] [ 23%] Built target audio_common_msgs__rosidl_typesupport_c
[0.523s] [ 34%] Built target audio_common_msgs__rosidl_typesupport_fastrtps_cpp
[0.523s] [ 44%] Built target audio_common_msgs__rosidl_typesupport_introspection_c
[0.534s] [ 55%] Built target audio_common_msgs__rosidl_typesupport_fastrtps_c
[0.534s] [35m[1mConsolidate compiler generated dependencies of target audio_common_msgs__rosidl_typesupport_introspection_cpp[0m
[0.554s] [ 65%] Built target audio_common_msgs__rosidl_typesupport_introspection_cpp
[0.554s] [35m[1mConsolidate compiler generated dependencies of target audio_common_msgs__rosidl_typesupport_cpp[0m
[0.596s] [ 76%] Built target audio_common_msgs__rosidl_typesupport_cpp
[0.687s] [ 76%] Built target audio_common_msgs
[0.766s] [ 78%] Built target audio_common_msgs__py
[0.798s] [35m[1mConsolidate compiler generated dependencies of target audio_common_msgs__rosidl_generator_py[0m
[0.843s] [ 87%] Built target audio_common_msgs__rosidl_generator_py
[0.884s] [35m[1mConsolidate compiler generated dependencies of target audio_common_msgs__rosidl_typesupport_fastrtps_c__pyext[0m
[0.887s] [35m[1mConsolidate compiler generated dependencies of target audio_common_msgs__rosidl_typesupport_introspection_c__pyext[0m
[0.909s] [35m[1mConsolidate compiler generated dependencies of target audio_common_msgs__rosidl_typesupport_c__pyext[0m
[0.968s] [ 91%] Built target audio_common_msgs__rosidl_typesupport_fastrtps_c__pyext
[0.982s] [ 95%] Built target audio_common_msgs__rosidl_typesupport_c__pyext
[0.990s] [100%] Built target audio_common_msgs__rosidl_typesupport_introspection_c__pyext
[1.199s] running egg_info
[1.201s] writing audio_common_msgs.egg-info/PKG-INFO
[1.201s] writing dependency_links to audio_common_msgs.egg-info/dependency_links.txt
[1.201s] writing top-level names to audio_common_msgs.egg-info/top_level.txt
[1.208s] reading manifest file 'audio_common_msgs.egg-info/SOURCES.txt'
[1.209s] writing manifest file 'audio_common_msgs.egg-info/SOURCES.txt'
[1.300s] [100%] Built target ament_cmake_python_build_audio_common_msgs_egg
[1.346s] Invoked command in '/home/ri-one/ri_one_master_ws/build/audio_common_msgs' returned '0': CMAKE_PREFIX_PATH=${CMAKE_PREFIX_PATH}:/opt/ros/humble /usr/bin/cmake --build /home/ri-one/ri_one_master_ws/build/audio_common_msgs -- -j4 -l4
[1.347s] Invoking command in '/home/ri-one/ri_one_master_ws/build/audio_common_msgs': CMAKE_PREFIX_PATH=${CMAKE_PREFIX_PATH}:/opt/ros/humble /usr/bin/cmake --install /home/ri-one/ri_one_master_ws/build/audio_common_msgs
[1.390s] -- Install configuration: ""
[1.392s] -- Execute custom install script
[1.398s] -- Up-to-date symlink: /home/ri-one/ri_one_master_ws/install/audio_common_msgs/share/ament_index/resource_index/rosidl_interfaces/audio_common_msgs
[1.398s] -- Up-to-date symlink: /home/ri-one/ri_one_master_ws/install/audio_common_msgs/include/audio_common_msgs/audio_common_msgs/msg/audio_data.h
[1.399s] -- Up-to-date symlink: /home/ri-one/ri_one_master_ws/install/audio_common_msgs/include/audio_common_msgs/audio_common_msgs/msg/audio_data_stamped.h
[1.401s] -- Up-to-date symlink: /home/ri-one/ri_one_master_ws/install/audio_common_msgs/include/audio_common_msgs/audio_common_msgs/msg/audio_info.h
[1.401s] -- Up-to-date symlink: /home/ri-one/ri_one_master_ws/install/audio_common_msgs/include/audio_common_msgs/audio_common_msgs/msg/detail/audio_data__functions.h
[1.401s] -- Up-to-date symlink: /home/ri-one/ri_one_master_ws/install/audio_common_msgs/include/audio_common_msgs/audio_common_msgs/msg/detail/audio_data__struct.h
[1.401s] -- Up-to-date symlink: /home/ri-one/ri_one_master_ws/install/audio_common_msgs/include/audio_common_msgs/audio_common_msgs/msg/detail/audio_data__type_support.h
[1.402s] -- Up-to-date symlink: /home/ri-one/ri_one_master_ws/install/audio_common_msgs/include/audio_common_msgs/audio_common_msgs/msg/detail/audio_data_stamped__functions.h
[1.402s] -- Up-to-date symlink: /home/ri-one/ri_one_master_ws/install/audio_common_msgs/include/audio_common_msgs/audio_common_msgs/msg/detail/audio_data_stamped__struct.h
[1.402s] -- Up-to-date symlink: /home/ri-one/ri_one_master_ws/install/audio_common_msgs/include/audio_common_msgs/audio_common_msgs/msg/detail/audio_data_stamped__type_support.h
[1.403s] -- Up-to-date symlink: /home/ri-one/ri_one_master_ws/install/audio_common_msgs/include/audio_common_msgs/audio_common_msgs/msg/detail/audio_info__functions.h
[1.403s] -- Up-to-date symlink: /home/ri-one/ri_one_master_ws/install/audio_common_msgs/include/audio_common_msgs/audio_common_msgs/msg/detail/audio_info__struct.h
[1.404s] -- Up-to-date symlink: /home/ri-one/ri_one_master_ws/install/audio_common_msgs/include/audio_common_msgs/audio_common_msgs/msg/detail/audio_info__type_support.h
[1.408s] -- Up-to-date symlink: /home/ri-one/ri_one_master_ws/install/audio_common_msgs/include/audio_common_msgs/audio_common_msgs/msg/rosidl_generator_c__visibility_control.h
[1.408s] -- Up-to-date symlink: /home/ri-one/ri_one_master_ws/install/audio_common_msgs/share/audio_common_msgs/environment/library_path.sh
[1.408s] -- Up-to-date symlink: /home/ri-one/ri_one_master_ws/install/audio_common_msgs/share/audio_common_msgs/environment/library_path.dsv
[1.411s] -- Up-to-date symlink: /home/ri-one/ri_one_master_ws/install/audio_common_msgs/include/audio_common_msgs/audio_common_msgs/msg/detail/audio_data__rosidl_typesupport_fastrtps_c.h
[1.414s] -- Up-to-date symlink: /home/ri-one/ri_one_master_ws/install/audio_common_msgs/include/audio_common_msgs/audio_common_msgs/msg/detail/audio_data_stamped__rosidl_typesupport_fastrtps_c.h
[1.414s] -- Up-to-date symlink: /home/ri-one/ri_one_master_ws/install/audio_common_msgs/include/audio_common_msgs/audio_common_msgs/msg/detail/audio_info__rosidl_typesupport_fastrtps_c.h
[1.415s] -- Up-to-date symlink: /home/ri-one/ri_one_master_ws/install/audio_common_msgs/include/audio_common_msgs/audio_common_msgs/msg/rosidl_typesupport_fastrtps_c__visibility_control.h
[1.416s] -- Up-to-date symlink: /home/ri-one/ri_one_master_ws/install/audio_common_msgs/include/audio_common_msgs/audio_common_msgs/msg/detail/audio_data__rosidl_typesupport_introspection_c.h
[1.417s] -- Up-to-date symlink: /home/ri-one/ri_one_master_ws/install/audio_common_msgs/include/audio_common_msgs/audio_common_msgs/msg/detail/audio_data_stamped__rosidl_typesupport_introspection_c.h
[1.417s] -- Up-to-date symlink: /home/ri-one/ri_one_master_ws/install/audio_common_msgs/include/audio_common_msgs/audio_common_msgs/msg/detail/audio_info__rosidl_typesupport_introspection_c.h
[1.417s] -- Up-to-date symlink: /home/ri-one/ri_one_master_ws/install/audio_common_msgs/include/audio_common_msgs/audio_common_msgs/msg/rosidl_typesupport_introspection_c__visibility_control.h
[1.417s] -- Up-to-date symlink: /home/ri-one/ri_one_master_ws/install/audio_common_msgs/include/audio_common_msgs/audio_common_msgs/msg/audio_data.hpp
[1.417s] -- Up-to-date symlink: /home/ri-one/ri_one_master_ws/install/audio_common_msgs/include/audio_common_msgs/audio_common_msgs/msg/audio_data_stamped.hpp
[1.418s] -- Up-to-date symlink: /home/ri-one/ri_one_master_ws/install/audio_common_msgs/include/audio_common_msgs/audio_common_msgs/msg/audio_info.hpp
[1.418s] -- Up-to-date symlink: /home/ri-one/ri_one_master_ws/install/audio_common_msgs/include/audio_common_msgs/audio_common_msgs/msg/detail/audio_data__builder.hpp
[1.419s] -- Up-to-date symlink: /home/ri-one/ri_one_master_ws/install/audio_common_msgs/include/audio_common_msgs/audio_common_msgs/msg/detail/audio_data__struct.hpp
[1.420s] -- Up-to-date symlink: /home/ri-one/ri_one_master_ws/install/audio_common_msgs/include/audio_common_msgs/audio_common_msgs/msg/detail/audio_data__traits.hpp
[1.420s] -- Up-to-date symlink: /home/ri-one/ri_one_master_ws/install/audio_common_msgs/include/audio_common_msgs/audio_common_msgs/msg/detail/audio_data__type_support.hpp
[1.420s] -- Up-to-date symlink: /home/ri-one/ri_one_master_ws/install/audio_common_msgs/include/audio_common_msgs/audio_common_msgs/msg/detail/audio_data_stamped__builder.hpp
[1.420s] -- Up-to-date symlink: /home/ri-one/ri_one_master_ws/install/audio_common_msgs/include/audio_common_msgs/audio_common_msgs/msg/detail/audio_data_stamped__struct.hpp
[1.421s] -- Up-to-date symlink: /home/ri-one/ri_one_master_ws/install/audio_common_msgs/include/audio_common_msgs/audio_common_msgs/msg/detail/audio_data_stamped__traits.hpp
[1.421s] -- Up-to-date symlink: /home/ri-one/ri_one_master_ws/install/audio_common_msgs/include/audio_common_msgs/audio_common_msgs/msg/detail/audio_data_stamped__type_support.hpp
[1.421s] -- Up-to-date symlink: /home/ri-one/ri_one_master_ws/install/audio_common_msgs/include/audio_common_msgs/audio_common_msgs/msg/detail/audio_info__builder.hpp
[1.422s] -- Up-to-date symlink: /home/ri-one/ri_one_master_ws/install/audio_common_msgs/include/audio_common_msgs/audio_common_msgs/msg/detail/audio_info__struct.hpp
[1.422s] -- Up-to-date symlink: /home/ri-one/ri_one_master_ws/install/audio_common_msgs/include/audio_common_msgs/audio_common_msgs/msg/detail/audio_info__traits.hpp
[1.423s] -- Up-to-date symlink: /home/ri-one/ri_one_master_ws/install/audio_common_msgs/include/audio_common_msgs/audio_common_msgs/msg/detail/audio_info__type_support.hpp
[1.423s] -- Up-to-date symlink: /home/ri-one/ri_one_master_ws/install/audio_common_msgs/include/audio_common_msgs/audio_common_msgs/msg/rosidl_generator_cpp__visibility_control.hpp
[1.423s] -- Up-to-date symlink: /home/ri-one/ri_one_master_ws/install/audio_common_msgs/include/audio_common_msgs/audio_common_msgs/msg/detail/audio_data__rosidl_typesupport_fastrtps_cpp.hpp
[1.424s] -- Up-to-date symlink: /home/ri-one/ri_one_master_ws/install/audio_common_msgs/include/audio_common_msgs/audio_common_msgs/msg/detail/audio_data_stamped__rosidl_typesupport_fastrtps_cpp.hpp
[1.424s] -- Up-to-date symlink: /home/ri-one/ri_one_master_ws/install/audio_common_msgs/include/audio_common_msgs/audio_common_msgs/msg/detail/audio_info__rosidl_typesupport_fastrtps_cpp.hpp
[1.424s] -- Up-to-date symlink: /home/ri-one/ri_one_master_ws/install/audio_common_msgs/include/audio_common_msgs/audio_common_msgs/msg/rosidl_typesupport_fastrtps_cpp__visibility_control.h
[1.426s] -- Up-to-date symlink: /home/ri-one/ri_one_master_ws/install/audio_common_msgs/include/audio_common_msgs/audio_common_msgs/msg/detail/audio_data__rosidl_typesupport_introspection_cpp.hpp
[1.426s] -- Up-to-date symlink: /home/ri-one/ri_one_master_ws/install/audio_common_msgs/include/audio_common_msgs/audio_common_msgs/msg/detail/audio_data_stamped__rosidl_typesupport_introspection_cpp.hpp
[1.426s] -- Up-to-date symlink: /home/ri-one/ri_one_master_ws/install/audio_common_msgs/include/audio_common_msgs/audio_common_msgs/msg/detail/audio_info__rosidl_typesupport_introspection_cpp.hpp
[1.426s] -- Up-to-date symlink: /home/ri-one/ri_one_master_ws/install/audio_common_msgs/share/audio_common_msgs/environment/pythonpath.sh
[1.426s] -- Up-to-date symlink: /home/ri-one/ri_one_master_ws/install/audio_common_msgs/share/audio_common_msgs/environment/pythonpath.dsv
[1.427s] -- Up-to-date symlink: /home/ri-one/ri_one_master_ws/install/audio_common_msgs/local/lib/python3.10/dist-packages/audio_common_msgs-0.3.12-py3.10.egg-info/PKG-INFO
[1.427s] -- Up-to-date symlink: /home/ri-one/ri_one_master_ws/install/audio_common_msgs/local/lib/python3.10/dist-packages/audio_common_msgs-0.3.12-py3.10.egg-info/SOURCES.txt
[1.427s] -- Up-to-date symlink: /home/ri-one/ri_one_master_ws/install/audio_common_msgs/local/lib/python3.10/dist-packages/audio_common_msgs-0.3.12-py3.10.egg-info/dependency_links.txt
[1.427s] -- Up-to-date symlink: /home/ri-one/ri_one_master_ws/install/audio_common_msgs/local/lib/python3.10/dist-packages/audio_common_msgs-0.3.12-py3.10.egg-info/top_level.txt
[1.427s] -- Up-to-date symlink: /home/ri-one/ri_one_master_ws/install/audio_common_msgs/local/lib/python3.10/dist-packages/audio_common_msgs/__init__.py
[1.428s] -- Up-to-date symlink: /home/ri-one/ri_one_master_ws/install/audio_common_msgs/local/lib/python3.10/dist-packages/audio_common_msgs/_audio_common_msgs_s.ep.rosidl_typesupport_c.c
[1.428s] -- Up-to-date symlink: /home/ri-one/ri_one_master_ws/install/audio_common_msgs/local/lib/python3.10/dist-packages/audio_common_msgs/_audio_common_msgs_s.ep.rosidl_typesupport_fastrtps_c.c
[1.428s] -- Up-to-date symlink: /home/ri-one/ri_one_master_ws/install/audio_common_msgs/local/lib/python3.10/dist-packages/audio_common_msgs/_audio_common_msgs_s.ep.rosidl_typesupport_introspection_c.c
[1.428s] -- Up-to-date symlink: /home/ri-one/ri_one_master_ws/install/audio_common_msgs/local/lib/python3.10/dist-packages/audio_common_msgs/audio_common_msgs_s__rosidl_typesupport_c.cpython-310-x86_64-linux-gnu.so
[1.428s] -- Up-to-date symlink: /home/ri-one/ri_one_master_ws/install/audio_common_msgs/local/lib/python3.10/dist-packages/audio_common_msgs/audio_common_msgs_s__rosidl_typesupport_fastrtps_c.cpython-310-x86_64-linux-gnu.so
[1.428s] -- Up-to-date symlink: /home/ri-one/ri_one_master_ws/install/audio_common_msgs/local/lib/python3.10/dist-packages/audio_common_msgs/audio_common_msgs_s__rosidl_typesupport_introspection_c.cpython-310-x86_64-linux-gnu.so
[1.428s] -- Up-to-date symlink: /home/ri-one/ri_one_master_ws/install/audio_common_msgs/local/lib/python3.10/dist-packages/audio_common_msgs/libaudio_common_msgs__rosidl_generator_py.so
[1.428s] -- Up-to-date symlink: /home/ri-one/ri_one_master_ws/install/audio_common_msgs/local/lib/python3.10/dist-packages/audio_common_msgs/msg/__init__.py
[1.429s] -- Up-to-date symlink: /home/ri-one/ri_one_master_ws/install/audio_common_msgs/local/lib/python3.10/dist-packages/audio_common_msgs/msg/_audio_data.py
[1.429s] -- Up-to-date symlink: /home/ri-one/ri_one_master_ws/install/audio_common_msgs/local/lib/python3.10/dist-packages/audio_common_msgs/msg/_audio_data_s.c
[1.429s] -- Up-to-date symlink: /home/ri-one/ri_one_master_ws/install/audio_common_msgs/local/lib/python3.10/dist-packages/audio_common_msgs/msg/_audio_data_stamped.py
[1.429s] -- Up-to-date symlink: /home/ri-one/ri_one_master_ws/install/audio_common_msgs/local/lib/python3.10/dist-packages/audio_common_msgs/msg/_audio_data_stamped_s.c
[1.429s] -- Up-to-date symlink: /home/ri-one/ri_one_master_ws/install/audio_common_msgs/local/lib/python3.10/dist-packages/audio_common_msgs/msg/_audio_info.py
[1.429s] -- Up-to-date symlink: /home/ri-one/ri_one_master_ws/install/audio_common_msgs/local/lib/python3.10/dist-packages/audio_common_msgs/msg/_audio_info_s.c
[1.430s] -- Up-to-date symlink: /home/ri-one/ri_one_master_ws/install/audio_common_msgs/local/lib/python3.10/dist-packages/audio_common_msgs/audio_common_msgs_s__rosidl_typesupport_fastrtps_c.cpython-310-x86_64-linux-gnu.so
[1.430s] -- Up-to-date symlink: /home/ri-one/ri_one_master_ws/install/audio_common_msgs/local/lib/python3.10/dist-packages/audio_common_msgs/audio_common_msgs_s__rosidl_typesupport_introspection_c.cpython-310-x86_64-linux-gnu.so
[1.430s] -- Up-to-date symlink: /home/ri-one/ri_one_master_ws/install/audio_common_msgs/local/lib/python3.10/dist-packages/audio_common_msgs/audio_common_msgs_s__rosidl_typesupport_c.cpython-310-x86_64-linux-gnu.so
[1.431s] -- Up-to-date symlink: /home/ri-one/ri_one_master_ws/install/audio_common_msgs/share/audio_common_msgs/msg/AudioData.idl
[1.431s] -- Up-to-date symlink: /home/ri-one/ri_one_master_ws/install/audio_common_msgs/share/audio_common_msgs/msg/AudioDataStamped.idl
[1.431s] -- Up-to-date symlink: /home/ri-one/ri_one_master_ws/install/audio_common_msgs/share/audio_common_msgs/msg/AudioInfo.idl
[1.432s] -- Up-to-date symlink: /home/ri-one/ri_one_master_ws/install/audio_common_msgs/share/audio_common_msgs/msg/AudioData.msg
[1.433s] -- Up-to-date symlink: /home/ri-one/ri_one_master_ws/install/audio_common_msgs/share/audio_common_msgs/msg/AudioDataStamped.msg
[1.436s] -- Up-to-date symlink: /home/ri-one/ri_one_master_ws/install/audio_common_msgs/share/audio_common_msgs/msg/AudioInfo.msg
[1.436s] -- Up-to-date symlink: /home/ri-one/ri_one_master_ws/install/audio_common_msgs/share/ament_index/resource_index/package_run_dependencies/audio_common_msgs
[1.436s] -- Up-to-date symlink: /home/ri-one/ri_one_master_ws/install/audio_common_msgs/share/ament_index/resource_index/parent_prefix_path/audio_common_msgs
[1.436s] -- Up-to-date symlink: /home/ri-one/ri_one_master_ws/install/audio_common_msgs/share/audio_common_msgs/environment/ament_prefix_path.sh
[1.437s] -- Up-to-date symlink: /home/ri-one/ri_one_master_ws/install/audio_common_msgs/share/audio_common_msgs/environment/ament_prefix_path.dsv
[1.437s] -- Up-to-date symlink: /home/ri-one/ri_one_master_ws/install/audio_common_msgs/share/audio_common_msgs/environment/path.sh
[1.437s] -- Up-to-date symlink: /home/ri-one/ri_one_master_ws/install/audio_common_msgs/share/audio_common_msgs/environment/path.dsv
[1.437s] -- Up-to-date symlink: /home/ri-one/ri_one_master_ws/install/audio_common_msgs/share/audio_common_msgs/local_setup.bash
[1.437s] -- Up-to-date symlink: /home/ri-one/ri_one_master_ws/install/audio_common_msgs/share/audio_common_msgs/local_setup.sh
[1.437s] -- Up-to-date symlink: /home/ri-one/ri_one_master_ws/install/audio_common_msgs/share/audio_common_msgs/local_setup.zsh
[1.438s] -- Up-to-date symlink: /home/ri-one/ri_one_master_ws/install/audio_common_msgs/share/audio_common_msgs/local_setup.dsv
[1.438s] -- Symlinking: /home/ri-one/ri_one_master_ws/install/audio_common_msgs/share/audio_common_msgs/package.dsv
[1.457s] -- Up-to-date symlink: /home/ri-one/ri_one_master_ws/install/audio_common_msgs/share/ament_index/resource_index/packages/audio_common_msgs
[1.458s] -- Up-to-date symlink: /home/ri-one/ri_one_master_ws/install/audio_common_msgs/share/audio_common_msgs/cmake/rosidl_cmake-extras.cmake
[1.460s] -- Up-to-date symlink: /home/ri-one/ri_one_master_ws/install/audio_common_msgs/share/audio_common_msgs/cmake/ament_cmake_export_dependencies-extras.cmake
[1.460s] -- Up-to-date symlink: /home/ri-one/ri_one_master_ws/install/audio_common_msgs/share/audio_common_msgs/cmake/ament_cmake_export_include_directories-extras.cmake
[1.460s] -- Up-to-date symlink: /home/ri-one/ri_one_master_ws/install/audio_common_msgs/share/audio_common_msgs/cmake/ament_cmake_export_libraries-extras.cmake
[1.461s] -- Up-to-date symlink: /home/ri-one/ri_one_master_ws/install/audio_common_msgs/share/audio_common_msgs/cmake/ament_cmake_export_targets-extras.cmake
[1.461s] -- Up-to-date symlink: /home/ri-one/ri_one_master_ws/install/audio_common_msgs/share/audio_common_msgs/cmake/rosidl_cmake_export_typesupport_targets-extras.cmake
[1.466s] -- Up-to-date symlink: /home/ri-one/ri_one_master_ws/install/audio_common_msgs/share/audio_common_msgs/cmake/rosidl_cmake_export_typesupport_libraries-extras.cmake
[1.467s] -- Up-to-date symlink: /home/ri-one/ri_one_master_ws/install/audio_common_msgs/share/audio_common_msgs/cmake/audio_common_msgsConfig.cmake
[1.467s] -- Up-to-date symlink: /home/ri-one/ri_one_master_ws/install/audio_common_msgs/share/audio_common_msgs/cmake/audio_common_msgsConfig-version.cmake
[1.467s] -- Up-to-date symlink: /home/ri-one/ri_one_master_ws/install/audio_common_msgs/share/audio_common_msgs/package.xml
[1.467s] -- Up-to-date: /home/ri-one/ri_one_master_ws/install/audio_common_msgs/lib/libaudio_common_msgs__rosidl_generator_c.so
[1.467s] -- Up-to-date: /home/ri-one/ri_one_master_ws/install/audio_common_msgs/lib/libaudio_common_msgs__rosidl_typesupport_fastrtps_c.so
[1.469s] -- Up-to-date: /home/ri-one/ri_one_master_ws/install/audio_common_msgs/lib/libaudio_common_msgs__rosidl_typesupport_introspection_c.so
[1.469s] -- Up-to-date: /home/ri-one/ri_one_master_ws/install/audio_common_msgs/lib/libaudio_common_msgs__rosidl_typesupport_c.so
[1.470s] -- Up-to-date: /home/ri-one/ri_one_master_ws/install/audio_common_msgs/lib/libaudio_common_msgs__rosidl_typesupport_fastrtps_cpp.so
[1.470s] -- Up-to-date: /home/ri-one/ri_one_master_ws/install/audio_common_msgs/lib/libaudio_common_msgs__rosidl_typesupport_introspection_cpp.so
[1.470s] -- Up-to-date: /home/ri-one/ri_one_master_ws/install/audio_common_msgs/lib/libaudio_common_msgs__rosidl_typesupport_cpp.so
[1.540s] Listing '/home/ri-one/ri_one_master_ws/install/audio_common_msgs/local/lib/python3.10/dist-packages/audio_common_msgs'...
[1.541s] Listing '/home/ri-one/ri_one_master_ws/install/audio_common_msgs/local/lib/python3.10/dist-packages/audio_common_msgs/msg'...
[1.550s] -- Up-to-date: /home/ri-one/ri_one_master_ws/install/audio_common_msgs/lib/libaudio_common_msgs__rosidl_generator_py.so
[1.551s] -- Up-to-date: /home/ri-one/ri_one_master_ws/install/audio_common_msgs/share/audio_common_msgs/cmake/export_audio_common_msgs__rosidl_generator_cExport.cmake
[1.551s] -- Up-to-date: /home/ri-one/ri_one_master_ws/install/audio_common_msgs/share/audio_common_msgs/cmake/export_audio_common_msgs__rosidl_generator_cExport-noconfig.cmake
[1.552s] -- Up-to-date: /home/ri-one/ri_one_master_ws/install/audio_common_msgs/share/audio_common_msgs/cmake/export_audio_common_msgs__rosidl_typesupport_fastrtps_cExport.cmake
[1.552s] -- Up-to-date: /home/ri-one/ri_one_master_ws/install/audio_common_msgs/share/audio_common_msgs/cmake/export_audio_common_msgs__rosidl_typesupport_fastrtps_cExport-noconfig.cmake
[1.552s] -- Up-to-date: /home/ri-one/ri_one_master_ws/install/audio_common_msgs/share/audio_common_msgs/cmake/audio_common_msgs__rosidl_typesupport_introspection_cExport.cmake
[1.552s] -- Up-to-date: /home/ri-one/ri_one_master_ws/install/audio_common_msgs/share/audio_common_msgs/cmake/audio_common_msgs__rosidl_typesupport_introspection_cExport-noconfig.cmake
[1.552s] -- Up-to-date: /home/ri-one/ri_one_master_ws/install/audio_common_msgs/share/audio_common_msgs/cmake/audio_common_msgs__rosidl_typesupport_cExport.cmake
[1.553s] -- Up-to-date: /home/ri-one/ri_one_master_ws/install/audio_common_msgs/share/audio_common_msgs/cmake/audio_common_msgs__rosidl_typesupport_cExport-noconfig.cmake
[1.553s] -- Up-to-date: /home/ri-one/ri_one_master_ws/install/audio_common_msgs/share/audio_common_msgs/cmake/export_audio_common_msgs__rosidl_generator_cppExport.cmake
[1.553s] -- Up-to-date: /home/ri-one/ri_one_master_ws/install/audio_common_msgs/share/audio_common_msgs/cmake/export_audio_common_msgs__rosidl_typesupport_fastrtps_cppExport.cmake
[1.553s] -- Up-to-date: /home/ri-one/ri_one_master_ws/install/audio_common_msgs/share/audio_common_msgs/cmake/export_audio_common_msgs__rosidl_typesupport_fastrtps_cppExport-noconfig.cmake
[1.553s] -- Up-to-date: /home/ri-one/ri_one_master_ws/install/audio_common_msgs/share/audio_common_msgs/cmake/audio_common_msgs__rosidl_typesupport_introspection_cppExport.cmake
[1.553s] -- Up-to-date: /home/ri-one/ri_one_master_ws/install/audio_common_msgs/share/audio_common_msgs/cmake/audio_common_msgs__rosidl_typesupport_introspection_cppExport-noconfig.cmake
[1.553s] -- Up-to-date: /home/ri-one/ri_one_master_ws/install/audio_common_msgs/share/audio_common_msgs/cmake/audio_common_msgs__rosidl_typesupport_cppExport.cmake
[1.554s] -- Up-to-date: /home/ri-one/ri_one_master_ws/install/audio_common_msgs/share/audio_common_msgs/cmake/audio_common_msgs__rosidl_typesupport_cppExport-noconfig.cmake
[1.554s] -- Up-to-date: /home/ri-one/ri_one_master_ws/install/audio_common_msgs/share/audio_common_msgs/cmake/export_audio_common_msgs__rosidl_generator_pyExport.cmake
[1.554s] -- Up-to-date: /home/ri-one/ri_one_master_ws/install/audio_common_msgs/share/audio_common_msgs/cmake/export_audio_common_msgs__rosidl_generator_pyExport-noconfig.cmake
[1.570s] Invoked command in '/home/ri-one/ri_one_master_ws/build/audio_common_msgs' returned '0': CMAKE_PREFIX_PATH=${CMAKE_PREFIX_PATH}:/opt/ros/humble /usr/bin/cmake --install /home/ri-one/ri_one_master_ws/build/audio_common_msgs
