[0.041s] Invoking command in '/home/ri-one/ri_one_master_ws/build/ecl_concepts': AMENT_PREFIX_PATH=/home/ri-one/ri_one_master_ws/install/ecl_type_traits:/home/ri-one/ri_one_master_ws/install/ecl_mpl:/home/ri-one/ri_one_master_ws/install/ecl_config:${AMENT_PREFIX_PATH} CMAKE_PREFIX_PATH=/home/ri-one/ri_one_master_ws/install/ecl_type_traits:/home/ri-one/ri_one_master_ws/install/ecl_mpl:/home/ri-one/ri_one_master_ws/install/ecl_config:/opt/ros/humble LD_LIBRARY_PATH=/home/ri-one/ri_one_master_ws/install/ecl_type_traits/lib:${LD_LIBRARY_PATH} PATH=/home/ri-one/ri_one_master_ws/install/ecl_type_traits/bin:/home/ri-one/ri_one_master_ws/install/ecl_config/bin:${PATH} /usr/bin/cmake --build /home/ri-one/ri_one_master_ws/build/ecl_concepts -- -j4 -l4
[0.226s] [ 33%] Built target gtest
[0.233s] [ 66%] Built target gtest_main
[0.313s] [100%] Built target ecl_test_concepts
[0.368s] Invoked command in '/home/ri-one/ri_one_master_ws/build/ecl_concepts' returned '0': AMENT_PREFIX_PATH=/home/ri-one/ri_one_master_ws/install/ecl_type_traits:/home/ri-one/ri_one_master_ws/install/ecl_mpl:/home/ri-one/ri_one_master_ws/install/ecl_config:${AMENT_PREFIX_PATH} CMAKE_PREFIX_PATH=/home/ri-one/ri_one_master_ws/install/ecl_type_traits:/home/ri-one/ri_one_master_ws/install/ecl_mpl:/home/ri-one/ri_one_master_ws/install/ecl_config:/opt/ros/humble LD_LIBRARY_PATH=/home/ri-one/ri_one_master_ws/install/ecl_type_traits/lib:${LD_LIBRARY_PATH} PATH=/home/ri-one/ri_one_master_ws/install/ecl_type_traits/bin:/home/ri-one/ri_one_master_ws/install/ecl_config/bin:${PATH} /usr/bin/cmake --build /home/ri-one/ri_one_master_ws/build/ecl_concepts -- -j4 -l4
[0.373s] Invoking command in '/home/ri-one/ri_one_master_ws/build/ecl_concepts': AMENT_PREFIX_PATH=/home/ri-one/ri_one_master_ws/install/ecl_type_traits:/home/ri-one/ri_one_master_ws/install/ecl_mpl:/home/ri-one/ri_one_master_ws/install/ecl_config:${AMENT_PREFIX_PATH} CMAKE_PREFIX_PATH=/home/ri-one/ri_one_master_ws/install/ecl_type_traits:/home/ri-one/ri_one_master_ws/install/ecl_mpl:/home/ri-one/ri_one_master_ws/install/ecl_config:/opt/ros/humble LD_LIBRARY_PATH=/home/ri-one/ri_one_master_ws/install/ecl_type_traits/lib:${LD_LIBRARY_PATH} PATH=/home/ri-one/ri_one_master_ws/install/ecl_type_traits/bin:/home/ri-one/ri_one_master_ws/install/ecl_config/bin:${PATH} /usr/bin/cmake --install /home/ri-one/ri_one_master_ws/build/ecl_concepts
[0.478s] -- Install configuration: ""
[0.478s] -- Execute custom install script
[0.486s] -- Up-to-date symlink: /home/ri-one/ri_one_master_ws/install/ecl_concepts/include/ecl/concepts/blueprints.hpp
[0.492s] -- Up-to-date symlink: /home/ri-one/ri_one_master_ws/install/ecl_concepts/include/ecl/concepts/containers.hpp
[0.498s] -- Up-to-date symlink: /home/ri-one/ri_one_master_ws/install/ecl_concepts/include/ecl/concepts/devices.hpp
[0.502s] -- Up-to-date symlink: /home/ri-one/ri_one_master_ws/install/ecl_concepts/include/ecl/concepts/macros.hpp
[0.504s] -- Up-to-date symlink: /home/ri-one/ri_one_master_ws/install/ecl_concepts/include/ecl/concepts/nullary_function.hpp
[0.504s] -- Up-to-date symlink: /home/ri-one/ri_one_master_ws/install/ecl_concepts/include/ecl/concepts/streams.hpp
[0.509s] -- Up-to-date symlink: /home/ri-one/ri_one_master_ws/install/ecl_concepts/include/ecl/concepts.hpp
[0.513s] -- Up-to-date symlink: /home/ri-one/ri_one_master_ws/install/ecl_concepts/share/ament_index/resource_index/package_run_dependencies/ecl_concepts
[0.516s] -- Up-to-date symlink: /home/ri-one/ri_one_master_ws/install/ecl_concepts/share/ament_index/resource_index/parent_prefix_path/ecl_concepts
[0.518s] -- Up-to-date symlink: /home/ri-one/ri_one_master_ws/install/ecl_concepts/share/ecl_concepts/environment/ament_prefix_path.sh
[0.526s] -- Up-to-date symlink: /home/ri-one/ri_one_master_ws/install/ecl_concepts/share/ecl_concepts/environment/ament_prefix_path.dsv
[0.528s] -- Up-to-date symlink: /home/ri-one/ri_one_master_ws/install/ecl_concepts/share/ecl_concepts/environment/path.sh
[0.528s] -- Up-to-date symlink: /home/ri-one/ri_one_master_ws/install/ecl_concepts/share/ecl_concepts/environment/path.dsv
[0.529s] -- Up-to-date symlink: /home/ri-one/ri_one_master_ws/install/ecl_concepts/share/ecl_concepts/local_setup.bash
[0.530s] -- Up-to-date symlink: /home/ri-one/ri_one_master_ws/install/ecl_concepts/share/ecl_concepts/local_setup.sh
[0.534s] -- Up-to-date symlink: /home/ri-one/ri_one_master_ws/install/ecl_concepts/share/ecl_concepts/local_setup.zsh
[0.534s] -- Up-to-date symlink: /home/ri-one/ri_one_master_ws/install/ecl_concepts/share/ecl_concepts/local_setup.dsv
[0.537s] -- Symlinking: /home/ri-one/ri_one_master_ws/install/ecl_concepts/share/ecl_concepts/package.dsv
[0.574s] -- Up-to-date symlink: /home/ri-one/ri_one_master_ws/install/ecl_concepts/share/ament_index/resource_index/packages/ecl_concepts
[0.575s] -- Up-to-date symlink: /home/ri-one/ri_one_master_ws/install/ecl_concepts/share/ecl_concepts/cmake/ament_cmake_export_targets-extras.cmake
[0.576s] -- Up-to-date symlink: /home/ri-one/ri_one_master_ws/install/ecl_concepts/share/ecl_concepts/cmake/ament_cmake_export_include_directories-extras.cmake
[0.576s] -- Up-to-date symlink: /home/ri-one/ri_one_master_ws/install/ecl_concepts/share/ecl_concepts/cmake/ament_cmake_export_dependencies-extras.cmake
[0.576s] -- Up-to-date symlink: /home/ri-one/ri_one_master_ws/install/ecl_concepts/share/ecl_concepts/cmake/ecl_conceptsConfig.cmake
[0.576s] -- Up-to-date symlink: /home/ri-one/ri_one_master_ws/install/ecl_concepts/share/ecl_concepts/cmake/ecl_conceptsConfig-version.cmake
[0.576s] -- Up-to-date symlink: /home/ri-one/ri_one_master_ws/install/ecl_concepts/share/ecl_concepts/package.xml
[0.579s] -- Up-to-date: /home/ri-one/ri_one_master_ws/install/ecl_concepts/share/ecl_concepts/cmake/ecl_conceptsExport.cmake
[0.618s] Invoked command in '/home/ri-one/ri_one_master_ws/build/ecl_concepts' returned '0': AMENT_PREFIX_PATH=/home/ri-one/ri_one_master_ws/install/ecl_type_traits:/home/ri-one/ri_one_master_ws/install/ecl_mpl:/home/ri-one/ri_one_master_ws/install/ecl_config:${AMENT_PREFIX_PATH} CMAKE_PREFIX_PATH=/home/ri-one/ri_one_master_ws/install/ecl_type_traits:/home/ri-one/ri_one_master_ws/install/ecl_mpl:/home/ri-one/ri_one_master_ws/install/ecl_config:/opt/ros/humble LD_LIBRARY_PATH=/home/ri-one/ri_one_master_ws/install/ecl_type_traits/lib:${LD_LIBRARY_PATH} PATH=/home/ri-one/ri_one_master_ws/install/ecl_type_traits/bin:/home/ri-one/ri_one_master_ws/install/ecl_config/bin:${PATH} /usr/bin/cmake --install /home/ri-one/ri_one_master_ws/build/ecl_concepts
