-- The C compiler identification is GNU 11.4.0
-- The CXX compiler identification is GNU 11.4.0
-- Detecting C compiler ABI info
-- Detecting C compiler ABI info - done
-- Check for working C compiler: /usr/bin/cc - skipped
-- Detecting C compile features
-- Detecting C compile features - done
-- Detecting CXX compiler ABI info
-- Detecting CXX compiler ABI info - done
-- Check for working CXX compiler: /usr/bin/c++ - skipped
-- Detecting CXX compile features
-- Detecting CXX compile features - done
-- Found camera_info_manager: 3.1.12 (/opt/ros/humble/share/camera_info_manager/cmake)
-- Found Python3: /usr/bin/python3 (found version "3.10.12") found components: Interpreter 
-- Override CMake install command with custom implementation using symlinks instead of copying resources
-- Found rosidl_generator_c: 3.1.7 (/opt/ros/humble/share/rosidl_generator_c/cmake)
-- Found rosidl_adapter: 3.1.7 (/opt/ros/humble/share/rosidl_adapter/cmake)
-- Found rosidl_generator_cpp: 3.1.7 (/opt/ros/humble/share/rosidl_generator_cpp/cmake)
-- Using all available rosidl_typesupport_c: rosidl_typesupport_fastrtps_c;rosidl_typesupport_introspection_c
-- Using all available rosidl_typesupport_cpp: rosidl_typesupport_fastrtps_cpp;rosidl_typesupport_introspection_cpp
-- Found rmw_implementation_cmake: 6.1.2 (/opt/ros/humble/share/rmw_implementation_cmake/cmake)
-- Found rmw_fastrtps_cpp: 6.2.9 (/opt/ros/humble/share/rmw_fastrtps_cpp/cmake)
-- Found OpenSSL: /usr/lib/x86_64-linux-gnu/libcrypto.so (found version "3.0.2")  
-- Found FastRTPS: /opt/ros/humble/include  
-- Using RMW implementation 'rmw_fastrtps_cpp' as default
-- Looking for pthread.h
-- Looking for pthread.h - found
-- Performing Test CMAKE_HAVE_LIBC_PTHREAD
-- Performing Test CMAKE_HAVE_LIBC_PTHREAD - Success
-- Found Threads: TRUE  
-- Found rclcpp_components: 16.0.15 (/opt/ros/humble/share/rclcpp_components/cmake)
-- Found image_transport: 3.1.12 (/opt/ros/humble/share/image_transport/cmake)
-- Found cv_bridge: 3.2.1 (/opt/ros/humble/share/cv_bridge/cmake)
-- Found tf2_ros: 0.25.16 (/opt/ros/humble/share/tf2_ros/cmake)
-- Configuring done
-- Generating done
-- Build files have been written to: /home/ri-one/ri_one_master_ws/build/kinect_ros2
[ 25%] [32mBuilding CXX object CMakeFiles/kinect_ros2_node.dir/src/kinect_ros2_node.cpp.o[0m
[ 50%] [32mBuilding CXX object CMakeFiles/kinect_ros2_node.dir/src/ofxKinectExtras.cpp.o[0m
[ 75%] [32mBuilding CXX object CMakeFiles/kinect_ros2_node.dir/src/kinect_ros2_component.cpp.o[0m
[100%] [32m[1mLinking CXX executable kinect_ros2_node[0m
[100%] Built target kinect_ros2_node
-- Install configuration: ""
-- Execute custom install script
-- Symlinking: /home/ri-one/ri_one_master_ws/install/kinect_ros2/lib/kinect_ros2/kinect_ros2_node
-- Symlinking: /home/ri-one/ri_one_master_ws/install/kinect_ros2/share/kinect_ros2/cfg/calibration_depth.yaml
-- Symlinking: /home/ri-one/ri_one_master_ws/install/kinect_ros2/share/kinect_ros2/cfg/calibration_rgb.yaml
-- Symlinking: /home/ri-one/ri_one_master_ws/install/kinect_ros2/share/ament_index/resource_index/package_run_dependencies/kinect_ros2
-- Symlinking: /home/ri-one/ri_one_master_ws/install/kinect_ros2/share/ament_index/resource_index/parent_prefix_path/kinect_ros2
-- Symlinking: /home/ri-one/ri_one_master_ws/install/kinect_ros2/share/kinect_ros2/environment/ament_prefix_path.sh
-- Symlinking: /home/ri-one/ri_one_master_ws/install/kinect_ros2/share/kinect_ros2/environment/ament_prefix_path.dsv
-- Symlinking: /home/ri-one/ri_one_master_ws/install/kinect_ros2/share/kinect_ros2/environment/path.sh
-- Symlinking: /home/ri-one/ri_one_master_ws/install/kinect_ros2/share/kinect_ros2/environment/path.dsv
-- Symlinking: /home/ri-one/ri_one_master_ws/install/kinect_ros2/share/kinect_ros2/local_setup.bash
-- Symlinking: /home/ri-one/ri_one_master_ws/install/kinect_ros2/share/kinect_ros2/local_setup.sh
-- Symlinking: /home/ri-one/ri_one_master_ws/install/kinect_ros2/share/kinect_ros2/local_setup.zsh
-- Symlinking: /home/ri-one/ri_one_master_ws/install/kinect_ros2/share/kinect_ros2/local_setup.dsv
-- Symlinking: /home/ri-one/ri_one_master_ws/install/kinect_ros2/share/kinect_ros2/package.dsv
-- Symlinking: /home/ri-one/ri_one_master_ws/install/kinect_ros2/share/ament_index/resource_index/packages/kinect_ros2
-- Symlinking: /home/ri-one/ri_one_master_ws/install/kinect_ros2/share/kinect_ros2/cmake/kinect_ros2Config.cmake
-- Symlinking: /home/ri-one/ri_one_master_ws/install/kinect_ros2/share/kinect_ros2/cmake/kinect_ros2Config-version.cmake
-- Symlinking: /home/ri-one/ri_one_master_ws/install/kinect_ros2/share/kinect_ros2/package.xml
