[0.059s] Invoking command in '/home/ri-one/ri_one_master_ws/build/cmd_vel_mux': CMAKE_PREFIX_PATH=${CMAKE_PREFIX_PATH}:/home/ri-one/ri_one_master_ws/install/ros2_tests:/home/ri-one/ri_one_master_ws/install/gesture_to_motion:/home/ri-one/ri_one_master_ws/install/gesture_detection:/opt/ros/humble /usr/bin/cmake --build /home/ri-one/ri_one_master_ws/build/cmd_vel_mux -- -j4 -l4
[0.371s] [ 50%] Built target cmd_vel_mux
[0.553s] [100%] Built target cmd_vel_mux_node
[0.596s] Invoked command in '/home/ri-one/ri_one_master_ws/build/cmd_vel_mux' returned '0': CMAKE_PREFIX_PATH=${CMAKE_PREFIX_PATH}:/home/ri-one/ri_one_master_ws/install/ros2_tests:/home/ri-one/ri_one_master_ws/install/gesture_to_motion:/home/ri-one/ri_one_master_ws/install/gesture_detection:/opt/ros/humble /usr/bin/cmake --build /home/ri-one/ri_one_master_ws/build/cmd_vel_mux -- -j4 -l4
[0.597s] Invoking command in '/home/ri-one/ri_one_master_ws/build/cmd_vel_mux': CMAKE_PREFIX_PATH=${CMAKE_PREFIX_PATH}:/home/ri-one/ri_one_master_ws/install/ros2_tests:/home/ri-one/ri_one_master_ws/install/gesture_to_motion:/home/ri-one/ri_one_master_ws/install/gesture_detection:/opt/ros/humble /usr/bin/cmake --install /home/ri-one/ri_one_master_ws/build/cmd_vel_mux
[0.643s] -- Install configuration: ""
[0.643s] -- Execute custom install script
[0.643s] -- Up-to-date symlink: /home/ri-one/ri_one_master_ws/install/cmd_vel_mux/lib/cmd_vel_mux/cmd_vel_mux_node
[0.648s] -- Up-to-date symlink: /home/ri-one/ri_one_master_ws/install/cmd_vel_mux/lib/libcmd_vel_mux.so
[0.648s] -- Up-to-date symlink: /home/ri-one/ri_one_master_ws/install/cmd_vel_mux/include/cmd_vel_mux/cmd_vel_mux.hpp
[0.649s] -- Up-to-date symlink: /home/ri-one/ri_one_master_ws/install/cmd_vel_mux/share/cmd_vel_mux/config/cmd_vel_mux_params.yaml
[0.654s] -- Up-to-date symlink: /home/ri-one/ri_one_master_ws/install/cmd_vel_mux/share/cmd_vel_mux/launch/cmd_vel_mux-composed-launch.py
[0.655s] -- Up-to-date symlink: /home/ri-one/ri_one_master_ws/install/cmd_vel_mux/share/cmd_vel_mux/launch/cmd_vel_mux-launch.py
[0.655s] -- Up-to-date symlink: /home/ri-one/ri_one_master_ws/install/cmd_vel_mux/share/ament_index/resource_index/package_run_dependencies/cmd_vel_mux
[0.658s] -- Up-to-date symlink: /home/ri-one/ri_one_master_ws/install/cmd_vel_mux/share/ament_index/resource_index/parent_prefix_path/cmd_vel_mux
[0.658s] -- Up-to-date symlink: /home/ri-one/ri_one_master_ws/install/cmd_vel_mux/share/cmd_vel_mux/environment/ament_prefix_path.sh
[0.659s] -- Up-to-date symlink: /home/ri-one/ri_one_master_ws/install/cmd_vel_mux/share/cmd_vel_mux/environment/ament_prefix_path.dsv
[0.659s] -- Up-to-date symlink: /home/ri-one/ri_one_master_ws/install/cmd_vel_mux/share/cmd_vel_mux/environment/path.sh
[0.660s] -- Up-to-date symlink: /home/ri-one/ri_one_master_ws/install/cmd_vel_mux/share/cmd_vel_mux/environment/path.dsv
[0.664s] -- Up-to-date symlink: /home/ri-one/ri_one_master_ws/install/cmd_vel_mux/share/cmd_vel_mux/local_setup.bash
[0.666s] -- Up-to-date symlink: /home/ri-one/ri_one_master_ws/install/cmd_vel_mux/share/cmd_vel_mux/local_setup.sh
[0.670s] -- Up-to-date symlink: /home/ri-one/ri_one_master_ws/install/cmd_vel_mux/share/cmd_vel_mux/local_setup.zsh
[0.671s] -- Up-to-date symlink: /home/ri-one/ri_one_master_ws/install/cmd_vel_mux/share/cmd_vel_mux/local_setup.dsv
[0.673s] -- Symlinking: /home/ri-one/ri_one_master_ws/install/cmd_vel_mux/share/cmd_vel_mux/package.dsv
[0.729s] -- Up-to-date symlink: /home/ri-one/ri_one_master_ws/install/cmd_vel_mux/share/ament_index/resource_index/packages/cmd_vel_mux
[0.730s] -- Up-to-date symlink: /home/ri-one/ri_one_master_ws/install/cmd_vel_mux/share/ament_index/resource_index/rclcpp_components/cmd_vel_mux
[0.730s] -- Up-to-date symlink: /home/ri-one/ri_one_master_ws/install/cmd_vel_mux/share/cmd_vel_mux/cmake/cmd_vel_muxConfig.cmake
[0.731s] -- Up-to-date symlink: /home/ri-one/ri_one_master_ws/install/cmd_vel_mux/share/cmd_vel_mux/cmake/cmd_vel_muxConfig-version.cmake
[0.734s] -- Up-to-date symlink: /home/ri-one/ri_one_master_ws/install/cmd_vel_mux/share/cmd_vel_mux/package.xml
[0.748s] Invoked command in '/home/ri-one/ri_one_master_ws/build/cmd_vel_mux' returned '0': CMAKE_PREFIX_PATH=${CMAKE_PREFIX_PATH}:/home/ri-one/ri_one_master_ws/install/ros2_tests:/home/ri-one/ri_one_master_ws/install/gesture_to_motion:/home/ri-one/ri_one_master_ws/install/gesture_detection:/opt/ros/humble /usr/bin/cmake --install /home/ri-one/ri_one_master_ws/build/cmd_vel_mux
