[0.058s] Invoking command in '/home/ri-one/ri_one_master_ws/build/ecl_command_line': CMAKE_PREFIX_PATH=/opt/ros/humble /usr/bin/cmake --build /home/ri-one/ri_one_master_ws/build/ecl_command_line -- -j4 -l4
[0.183s] [100%] Built target ecl_demo_command_line
[0.258s] Invoked command in '/home/ri-one/ri_one_master_ws/build/ecl_command_line' returned '0': CMAKE_PREFIX_PATH=/opt/ros/humble /usr/bin/cmake --build /home/ri-one/ri_one_master_ws/build/ecl_command_line -- -j4 -l4
[0.270s] Invoking command in '/home/ri-one/ri_one_master_ws/build/ecl_command_line': CMAKE_PREFIX_PATH=/opt/ros/humble /usr/bin/cmake --install /home/ri-one/ri_one_master_ws/build/ecl_command_line
[0.291s] -- Install configuration: ""
[0.291s] -- Execute custom install script
[0.291s] -- Up-to-date symlink: /home/ri-one/ri_one_master_ws/install/ecl_command_line/include/ecl/command_line/arg.hpp
[0.292s] -- Up-to-date symlink: /home/ri-one/ri_one_master_ws/install/ecl_command_line/include/ecl/command_line/arg_exception.hpp
[0.295s] -- Up-to-date symlink: /home/ri-one/ri_one_master_ws/install/ecl_command_line/include/ecl/command_line/cmd_line.hpp
[0.295s] -- Up-to-date symlink: /home/ri-one/ri_one_master_ws/install/ecl_command_line/include/ecl/command_line/cmd_line_interface.hpp
[0.296s] -- Up-to-date symlink: /home/ri-one/ri_one_master_ws/install/ecl_command_line/include/ecl/command_line/cmd_line_output.hpp
[0.296s] -- Up-to-date symlink: /home/ri-one/ri_one_master_ws/install/ecl_command_line/include/ecl/command_line/constraint.hpp
[0.296s] -- Up-to-date symlink: /home/ri-one/ri_one_master_ws/install/ecl_command_line/include/ecl/command_line/docbook_output.hpp
[0.297s] -- Up-to-date symlink: /home/ri-one/ri_one_master_ws/install/ecl_command_line/include/ecl/command_line/help_visitor.hpp
[0.298s] -- Up-to-date symlink: /home/ri-one/ri_one_master_ws/install/ecl_command_line/include/ecl/command_line/ignore_rest_visitor.hpp
[0.298s] -- Up-to-date symlink: /home/ri-one/ri_one_master_ws/install/ecl_command_line/include/ecl/command_line/multi_arg.hpp
[0.300s] -- Up-to-date symlink: /home/ri-one/ri_one_master_ws/install/ecl_command_line/include/ecl/command_line/multi_switch_arg.hpp
[0.303s] -- Up-to-date symlink: /home/ri-one/ri_one_master_ws/install/ecl_command_line/include/ecl/command_line/optional_unlabeled_tracker.hpp
[0.305s] -- Up-to-date symlink: /home/ri-one/ri_one_master_ws/install/ecl_command_line/include/ecl/command_line/std_output.hpp
[0.305s] -- Up-to-date symlink: /home/ri-one/ri_one_master_ws/install/ecl_command_line/include/ecl/command_line/switch_arg.hpp
[0.308s] -- Up-to-date symlink: /home/ri-one/ri_one_master_ws/install/ecl_command_line/include/ecl/command_line/unlabeled_multi_arg.hpp
[0.310s] -- Up-to-date symlink: /home/ri-one/ri_one_master_ws/install/ecl_command_line/include/ecl/command_line/unlabeled_value_arg.hpp
[0.310s] -- Up-to-date symlink: /home/ri-one/ri_one_master_ws/install/ecl_command_line/include/ecl/command_line/value_arg.hpp
[0.311s] -- Up-to-date symlink: /home/ri-one/ri_one_master_ws/install/ecl_command_line/include/ecl/command_line/values_constraint.hpp
[0.312s] -- Up-to-date symlink: /home/ri-one/ri_one_master_ws/install/ecl_command_line/include/ecl/command_line/version_visitor.hpp
[0.313s] -- Up-to-date symlink: /home/ri-one/ri_one_master_ws/install/ecl_command_line/include/ecl/command_line/visitor.hpp
[0.314s] -- Up-to-date symlink: /home/ri-one/ri_one_master_ws/install/ecl_command_line/include/ecl/command_line/xor_handler.hpp
[0.316s] -- Up-to-date symlink: /home/ri-one/ri_one_master_ws/install/ecl_command_line/include/ecl/command_line.hpp
[0.317s] -- Up-to-date symlink: /home/ri-one/ri_one_master_ws/install/ecl_command_line/lib/ecl_command_line/demo_command_line
[0.318s] -- Up-to-date symlink: /home/ri-one/ri_one_master_ws/install/ecl_command_line/share/ament_index/resource_index/package_run_dependencies/ecl_command_line
[0.319s] -- Up-to-date symlink: /home/ri-one/ri_one_master_ws/install/ecl_command_line/share/ament_index/resource_index/parent_prefix_path/ecl_command_line
[0.320s] -- Up-to-date symlink: /home/ri-one/ri_one_master_ws/install/ecl_command_line/share/ecl_command_line/environment/ament_prefix_path.sh
[0.321s] -- Up-to-date symlink: /home/ri-one/ri_one_master_ws/install/ecl_command_line/share/ecl_command_line/environment/ament_prefix_path.dsv
[0.321s] -- Up-to-date symlink: /home/ri-one/ri_one_master_ws/install/ecl_command_line/share/ecl_command_line/environment/path.sh
[0.322s] -- Up-to-date symlink: /home/ri-one/ri_one_master_ws/install/ecl_command_line/share/ecl_command_line/environment/path.dsv
[0.323s] -- Up-to-date symlink: /home/ri-one/ri_one_master_ws/install/ecl_command_line/share/ecl_command_line/local_setup.bash
[0.323s] -- Up-to-date symlink: /home/ri-one/ri_one_master_ws/install/ecl_command_line/share/ecl_command_line/local_setup.sh
[0.325s] -- Up-to-date symlink: /home/ri-one/ri_one_master_ws/install/ecl_command_line/share/ecl_command_line/local_setup.zsh
[0.325s] -- Up-to-date symlink: /home/ri-one/ri_one_master_ws/install/ecl_command_line/share/ecl_command_line/local_setup.dsv
[0.325s] -- Symlinking: /home/ri-one/ri_one_master_ws/install/ecl_command_line/share/ecl_command_line/package.dsv
[0.357s] -- Up-to-date symlink: /home/ri-one/ri_one_master_ws/install/ecl_command_line/share/ament_index/resource_index/packages/ecl_command_line
[0.357s] -- Up-to-date symlink: /home/ri-one/ri_one_master_ws/install/ecl_command_line/share/ecl_command_line/cmake/ament_cmake_export_targets-extras.cmake
[0.357s] -- Up-to-date symlink: /home/ri-one/ri_one_master_ws/install/ecl_command_line/share/ecl_command_line/cmake/ament_cmake_export_include_directories-extras.cmake
[0.358s] -- Up-to-date symlink: /home/ri-one/ri_one_master_ws/install/ecl_command_line/share/ecl_command_line/cmake/ecl_command_lineConfig.cmake
[0.358s] -- Up-to-date symlink: /home/ri-one/ri_one_master_ws/install/ecl_command_line/share/ecl_command_line/cmake/ecl_command_lineConfig-version.cmake
[0.359s] -- Up-to-date symlink: /home/ri-one/ri_one_master_ws/install/ecl_command_line/share/ecl_command_line/package.xml
[0.360s] -- Up-to-date: /home/ri-one/ri_one_master_ws/install/ecl_command_line/share/ecl_command_line/cmake/ecl_command_lineExport.cmake
[0.368s] Invoked command in '/home/ri-one/ri_one_master_ws/build/ecl_command_line' returned '0': CMAKE_PREFIX_PATH=/opt/ros/humble /usr/bin/cmake --install /home/ri-one/ri_one_master_ws/build/ecl_command_line
