[0.137s] Invoking command in '/home/ri-one/ri_one_master_ws/build/kinect2_registration': CMAKE_PREFIX_PATH=${CMAKE_PREFIX_PATH}:/home/ri-one/ri_one_master_ws/install/realsense2_ros_mqtt_bridge:/home/ri-one/ri_one_master_ws/install/gesture_to_motion:/home/ri-one/ri_one_master_ws/install/gesture_detection:/opt/ros/humble /usr/bin/cmake --build /home/ri-one/ri_one_master_ws/build/kinect2_registration -- -j4 -l4
[0.465s] [100%] Built target kinect2_registration
[0.679s] Invoked command in '/home/ri-one/ri_one_master_ws/build/kinect2_registration' returned '0': CMAKE_PREFIX_PATH=${CMAKE_PREFIX_PATH}:/home/ri-one/ri_one_master_ws/install/realsense2_ros_mqtt_bridge:/home/ri-one/ri_one_master_ws/install/gesture_to_motion:/home/ri-one/ri_one_master_ws/install/gesture_detection:/opt/ros/humble /usr/bin/cmake --build /home/ri-one/ri_one_master_ws/build/kinect2_registration -- -j4 -l4
[0.680s] Invoking command in '/home/ri-one/ri_one_master_ws/build/kinect2_registration': CMAKE_PREFIX_PATH=${CMAKE_PREFIX_PATH}:/home/ri-one/ri_one_master_ws/install/realsense2_ros_mqtt_bridge:/home/ri-one/ri_one_master_ws/install/gesture_to_motion:/home/ri-one/ri_one_master_ws/install/gesture_detection:/opt/ros/humble /usr/bin/cmake --install /home/ri-one/ri_one_master_ws/build/kinect2_registration
[0.701s] -- Install configuration: ""
[0.702s] -- Execute custom install script
[0.702s] -- Up-to-date symlink: /home/ri-one/ri_one_master_ws/install/kinect2_registration/include/kinect2_registration/kinect2_console.h
[0.703s] -- Up-to-date symlink: /home/ri-one/ri_one_master_ws/install/kinect2_registration/include/kinect2_registration/kinect2_registration.h
[0.711s] -- Up-to-date symlink: /home/ri-one/ri_one_master_ws/install/kinect2_registration/share/kinect2_registration/environment/library_path.sh
[0.711s] -- Up-to-date symlink: /home/ri-one/ri_one_master_ws/install/kinect2_registration/share/kinect2_registration/environment/library_path.dsv
[0.711s] -- Up-to-date symlink: /home/ri-one/ri_one_master_ws/install/kinect2_registration/share/ament_index/resource_index/package_run_dependencies/kinect2_registration
[0.719s] -- Up-to-date symlink: /home/ri-one/ri_one_master_ws/install/kinect2_registration/share/ament_index/resource_index/parent_prefix_path/kinect2_registration
[0.720s] -- Up-to-date symlink: /home/ri-one/ri_one_master_ws/install/kinect2_registration/share/kinect2_registration/environment/ament_prefix_path.sh
[0.720s] -- Up-to-date symlink: /home/ri-one/ri_one_master_ws/install/kinect2_registration/share/kinect2_registration/environment/ament_prefix_path.dsv
[0.720s] -- Up-to-date symlink: /home/ri-one/ri_one_master_ws/install/kinect2_registration/share/kinect2_registration/environment/path.sh
[0.720s] -- Up-to-date symlink: /home/ri-one/ri_one_master_ws/install/kinect2_registration/share/kinect2_registration/environment/path.dsv
[0.720s] -- Up-to-date symlink: /home/ri-one/ri_one_master_ws/install/kinect2_registration/share/kinect2_registration/local_setup.bash
[0.721s] -- Up-to-date symlink: /home/ri-one/ri_one_master_ws/install/kinect2_registration/share/kinect2_registration/local_setup.sh
[0.721s] -- Up-to-date symlink: /home/ri-one/ri_one_master_ws/install/kinect2_registration/share/kinect2_registration/local_setup.zsh
[0.721s] -- Up-to-date symlink: /home/ri-one/ri_one_master_ws/install/kinect2_registration/share/kinect2_registration/local_setup.dsv
[0.721s] -- Symlinking: /home/ri-one/ri_one_master_ws/install/kinect2_registration/share/kinect2_registration/package.dsv
[0.747s] -- Up-to-date symlink: /home/ri-one/ri_one_master_ws/install/kinect2_registration/share/ament_index/resource_index/packages/kinect2_registration
[0.747s] -- Up-to-date symlink: /home/ri-one/ri_one_master_ws/install/kinect2_registration/share/kinect2_registration/cmake/ament_cmake_export_include_directories-extras.cmake
[0.747s] -- Up-to-date symlink: /home/ri-one/ri_one_master_ws/install/kinect2_registration/share/kinect2_registration/cmake/ament_cmake_export_libraries-extras.cmake
[0.752s] -- Up-to-date symlink: /home/ri-one/ri_one_master_ws/install/kinect2_registration/share/kinect2_registration/cmake/kinect2_registrationConfig.cmake
[0.754s] -- Up-to-date symlink: /home/ri-one/ri_one_master_ws/install/kinect2_registration/share/kinect2_registration/cmake/kinect2_registrationConfig-version.cmake
[0.755s] -- Up-to-date symlink: /home/ri-one/ri_one_master_ws/install/kinect2_registration/share/kinect2_registration/package.xml
[0.757s] -- Up-to-date: /home/ri-one/ri_one_master_ws/install/kinect2_registration/lib/libkinect2_registration.a
[0.768s] Invoked command in '/home/ri-one/ri_one_master_ws/build/kinect2_registration' returned '0': CMAKE_PREFIX_PATH=${CMAKE_PREFIX_PATH}:/home/ri-one/ri_one_master_ws/install/realsense2_ros_mqtt_bridge:/home/ri-one/ri_one_master_ws/install/gesture_to_motion:/home/ri-one/ri_one_master_ws/install/gesture_detection:/opt/ros/humble /usr/bin/cmake --install /home/ri-one/ri_one_master_ws/build/kinect2_registration
