[0.061s] Invoking command in '/home/ri-one/ri_one_master_ws/build/ros2_kinect_depth': CMAKE_PREFIX_PATH=${CMAKE_PREFIX_PATH}:/opt/ros/humble /usr/bin/cmake /home/ri-one/ri_one_master_ws/src/ros2_kinect_depth -DAMENT_CMAKE_SYMLINK_INSTALL=1 -DCMAKE_INSTALL_PREFIX=/home/ri-one/ri_one_master_ws/install/ros2_kinect_depth
[0.301s] -- The C compiler identification is GNU 11.4.0
[0.469s] -- The CXX compiler identification is GNU 11.4.0
[0.502s] -- Detecting C compiler ABI info
[0.812s] -- Detecting C compiler ABI info - done
[0.869s] -- Check for working C compiler: /usr/bin/cc - skipped
[0.870s] -- Detecting C compile features
[0.870s] -- Detecting C compile features - done
[0.882s] -- Detecting CXX compiler ABI info
[1.362s] -- Detecting CXX compiler ABI info - done
[1.433s] -- Check for working CXX compiler: /usr/bin/c++ - skipped
[1.434s] -- Detecting CXX compile features
[1.439s] -- Detecting CXX compile features - done
[1.481s] -- Found ament_cmake: 1.3.12 (/opt/ros/humble/share/ament_cmake/cmake)
[2.360s] -- Found Python3: /usr/bin/python3 (found version "3.10.12") found components: Interpreter 
[2.560s] -- Override CMake install command with custom implementation using symlinks instead of copying resources
[3.132s] -- Found rclcpp: 16.0.15 (/opt/ros/humble/share/rclcpp/cmake)
[3.618s] -- Found rosidl_generator_c: 3.1.7 (/opt/ros/humble/share/rosidl_generator_c/cmake)
[3.713s] -- Found rosidl_adapter: 3.1.7 (/opt/ros/humble/share/rosidl_adapter/cmake)
[3.804s] -- Found rosidl_generator_cpp: 3.1.7 (/opt/ros/humble/share/rosidl_generator_cpp/cmake)
[3.938s] -- Using all available rosidl_typesupport_c: rosidl_typesupport_fastrtps_c;rosidl_typesupport_introspection_c
[4.163s] -- Using all available rosidl_typesupport_cpp: rosidl_typesupport_fastrtps_cpp;rosidl_typesupport_introspection_cpp
[4.764s] -- Found rmw_implementation_cmake: 6.1.2 (/opt/ros/humble/share/rmw_implementation_cmake/cmake)
[4.816s] -- Found rmw_fastrtps_cpp: 6.2.9 (/opt/ros/humble/share/rmw_fastrtps_cpp/cmake)
[5.180s] -- Found OpenSSL: /usr/lib/x86_64-linux-gnu/libcrypto.so (found version "3.0.2")  
[5.261s] -- Found FastRTPS: /opt/ros/humble/include  
[5.392s] -- Using RMW implementation 'rmw_fastrtps_cpp' as default
[5.466s] -- Looking for pthread.h
[5.677s] -- Looking for pthread.h - found
[5.679s] -- Performing Test CMAKE_HAVE_LIBC_PTHREAD
[5.897s] -- Performing Test CMAKE_HAVE_LIBC_PTHREAD - Success
[5.902s] -- Found Threads: TRUE  
[6.098s] -- Found sensor_msgs: 4.9.0 (/opt/ros/humble/share/sensor_msgs/cmake)
[6.200s] -- Found image_transport: 3.1.12 (/opt/ros/humble/share/image_transport/cmake)
[6.353s] -- Found camera_info_manager: 3.1.12 (/opt/ros/humble/share/camera_info_manager/cmake)
[6.415s] -- Checking for module 'libfreenect'
[6.462s] --   Found libfreenect, version 0
[6.599s] -- Found ament_lint_auto: 0.12.14 (/opt/ros/humble/share/ament_lint_auto/cmake)
[6.896s] -- Added test 'cppcheck' to perform static code analysis on C / C++ code
[6.896s] -- Configured cppcheck include dirs: /home/ri-one/ri_one_master_ws/src/ros2_kinect_depth/include
[6.897s] -- Configured cppcheck exclude dirs and/or files: 
[6.904s] -- Added test 'lint_cmake' to check CMake code style
[6.910s] -- Added test 'uncrustify' to check C / C++ code style
[6.910s] -- Configured uncrustify additional arguments: 
[6.917s] -- Added test 'xmllint' to check XML markup files
[6.928s] -- Configuring done
[6.977s] -- Generating done
[6.999s] -- Build files have been written to: /home/ri-one/ri_one_master_ws/build/ros2_kinect_depth
[7.041s] Invoked command in '/home/ri-one/ri_one_master_ws/build/ros2_kinect_depth' returned '0': CMAKE_PREFIX_PATH=${CMAKE_PREFIX_PATH}:/opt/ros/humble /usr/bin/cmake /home/ri-one/ri_one_master_ws/src/ros2_kinect_depth -DAMENT_CMAKE_SYMLINK_INSTALL=1 -DCMAKE_INSTALL_PREFIX=/home/ri-one/ri_one_master_ws/install/ros2_kinect_depth
[7.048s] Invoking command in '/home/ri-one/ri_one_master_ws/build/ros2_kinect_depth': CMAKE_PREFIX_PATH=${CMAKE_PREFIX_PATH}:/opt/ros/humble /usr/bin/cmake --build /home/ri-one/ri_one_master_ws/build/ros2_kinect_depth -- -j4 -l4
[7.232s] [ 50%] [32mBuilding CXX object CMakeFiles/depth_node.dir/src/depth_node.cpp.o[0m
[19.850s] [100%] [32m[1mLinking CXX executable depth_node[0m
[20.597s] [100%] Built target depth_node
[20.659s] Invoked command in '/home/ri-one/ri_one_master_ws/build/ros2_kinect_depth' returned '0': CMAKE_PREFIX_PATH=${CMAKE_PREFIX_PATH}:/opt/ros/humble /usr/bin/cmake --build /home/ri-one/ri_one_master_ws/build/ros2_kinect_depth -- -j4 -l4
[20.661s] Invoking command in '/home/ri-one/ri_one_master_ws/build/ros2_kinect_depth': CMAKE_PREFIX_PATH=${CMAKE_PREFIX_PATH}:/opt/ros/humble /usr/bin/cmake --install /home/ri-one/ri_one_master_ws/build/ros2_kinect_depth
[20.717s] -- Install configuration: ""
[20.717s] -- Execute custom install script
[20.722s] -- Symlinking: /home/ri-one/ri_one_master_ws/install/ros2_kinect_depth/lib/ros2_kinect_depth/depth_node
[20.772s] -- Symlinking: /home/ri-one/ri_one_master_ws/install/ros2_kinect_depth/share/ament_index/resource_index/package_run_dependencies/ros2_kinect_depth
[20.831s] -- Symlinking: /home/ri-one/ri_one_master_ws/install/ros2_kinect_depth/share/ament_index/resource_index/parent_prefix_path/ros2_kinect_depth
[20.884s] -- Symlinking: /home/ri-one/ri_one_master_ws/install/ros2_kinect_depth/share/ros2_kinect_depth/environment/ament_prefix_path.sh
[20.936s] -- Symlinking: /home/ri-one/ri_one_master_ws/install/ros2_kinect_depth/share/ros2_kinect_depth/environment/ament_prefix_path.dsv
[20.987s] -- Symlinking: /home/ri-one/ri_one_master_ws/install/ros2_kinect_depth/share/ros2_kinect_depth/environment/path.sh
[21.046s] -- Symlinking: /home/ri-one/ri_one_master_ws/install/ros2_kinect_depth/share/ros2_kinect_depth/environment/path.dsv
[21.113s] -- Symlinking: /home/ri-one/ri_one_master_ws/install/ros2_kinect_depth/share/ros2_kinect_depth/local_setup.bash
[21.170s] -- Symlinking: /home/ri-one/ri_one_master_ws/install/ros2_kinect_depth/share/ros2_kinect_depth/local_setup.sh
[21.224s] -- Symlinking: /home/ri-one/ri_one_master_ws/install/ros2_kinect_depth/share/ros2_kinect_depth/local_setup.zsh
[21.267s] -- Symlinking: /home/ri-one/ri_one_master_ws/install/ros2_kinect_depth/share/ros2_kinect_depth/local_setup.dsv
[21.291s] -- Symlinking: /home/ri-one/ri_one_master_ws/install/ros2_kinect_depth/share/ros2_kinect_depth/package.dsv
[21.318s] -- Symlinking: /home/ri-one/ri_one_master_ws/install/ros2_kinect_depth/share/ament_index/resource_index/packages/ros2_kinect_depth
[21.346s] -- Symlinking: /home/ri-one/ri_one_master_ws/install/ros2_kinect_depth/share/ros2_kinect_depth/cmake/ros2_kinect_depthConfig.cmake
[21.370s] -- Symlinking: /home/ri-one/ri_one_master_ws/install/ros2_kinect_depth/share/ros2_kinect_depth/cmake/ros2_kinect_depthConfig-version.cmake
[21.395s] -- Symlinking: /home/ri-one/ri_one_master_ws/install/ros2_kinect_depth/share/ros2_kinect_depth/package.xml
[21.424s] Invoked command in '/home/ri-one/ri_one_master_ws/build/ros2_kinect_depth' returned '0': CMAKE_PREFIX_PATH=${CMAKE_PREFIX_PATH}:/opt/ros/humble /usr/bin/cmake --install /home/ri-one/ri_one_master_ws/build/ros2_kinect_depth
