[0.032s] Invoking command in '/home/ri-one/ri_one_master_ws/build/ecl_time_lite': AMENT_PREFIX_PATH=/home/ri-one/ri_one_master_ws/install/ecl_errors:/home/ri-one/ri_one_master_ws/install/ecl_config:${AMENT_PREFIX_PATH} CMAKE_PREFIX_PATH=/home/ri-one/ri_one_master_ws/install/ecl_errors:/home/ri-one/ri_one_master_ws/install/ecl_config:/opt/ros/humble LD_LIBRARY_PATH=/home/ri-one/ri_one_master_ws/install/ecl_errors/lib:${LD_LIBRARY_PATH} PATH=/home/ri-one/ri_one_master_ws/install/ecl_config/bin:${PATH} /usr/bin/cmake --build /home/ri-one/ri_one_master_ws/build/ecl_time_lite -- -j4 -l4
[0.262s] [ 77%] Built target ecl_time_lite
[0.267s] [100%] Built target demo_time_functions
[0.312s] Invoked command in '/home/ri-one/ri_one_master_ws/build/ecl_time_lite' returned '0': AMENT_PREFIX_PATH=/home/ri-one/ri_one_master_ws/install/ecl_errors:/home/ri-one/ri_one_master_ws/install/ecl_config:${AMENT_PREFIX_PATH} CMAKE_PREFIX_PATH=/home/ri-one/ri_one_master_ws/install/ecl_errors:/home/ri-one/ri_one_master_ws/install/ecl_config:/opt/ros/humble LD_LIBRARY_PATH=/home/ri-one/ri_one_master_ws/install/ecl_errors/lib:${LD_LIBRARY_PATH} PATH=/home/ri-one/ri_one_master_ws/install/ecl_config/bin:${PATH} /usr/bin/cmake --build /home/ri-one/ri_one_master_ws/build/ecl_time_lite -- -j4 -l4
[0.314s] Invoking command in '/home/ri-one/ri_one_master_ws/build/ecl_time_lite': AMENT_PREFIX_PATH=/home/ri-one/ri_one_master_ws/install/ecl_errors:/home/ri-one/ri_one_master_ws/install/ecl_config:${AMENT_PREFIX_PATH} CMAKE_PREFIX_PATH=/home/ri-one/ri_one_master_ws/install/ecl_errors:/home/ri-one/ri_one_master_ws/install/ecl_config:/opt/ros/humble LD_LIBRARY_PATH=/home/ri-one/ri_one_master_ws/install/ecl_errors/lib:${LD_LIBRARY_PATH} PATH=/home/ri-one/ri_one_master_ws/install/ecl_config/bin:${PATH} /usr/bin/cmake --install /home/ri-one/ri_one_master_ws/build/ecl_time_lite
[0.336s] -- Install configuration: ""
[0.336s] -- Execute custom install script
[0.336s] -- Up-to-date symlink: /home/ri-one/ri_one_master_ws/install/ecl_time_lite/include/ecl/time_lite/cpu_time.hpp
[0.337s] -- Up-to-date symlink: /home/ri-one/ri_one_master_ws/install/ecl_time_lite/include/ecl/time_lite/date.hpp
[0.338s] -- Up-to-date symlink: /home/ri-one/ri_one_master_ws/install/ecl_time_lite/include/ecl/time_lite/errors.hpp
[0.339s] -- Up-to-date symlink: /home/ri-one/ri_one_master_ws/install/ecl_time_lite/include/ecl/time_lite/functions.hpp
[0.339s] -- Up-to-date symlink: /home/ri-one/ri_one_master_ws/install/ecl_time_lite/include/ecl/time_lite/functions_mac.hpp
[0.340s] -- Up-to-date symlink: /home/ri-one/ri_one_master_ws/install/ecl_time_lite/include/ecl/time_lite/functions_pos.hpp
[0.340s] -- Up-to-date symlink: /home/ri-one/ri_one_master_ws/install/ecl_time_lite/include/ecl/time_lite/functions_rt.hpp
[0.343s] -- Up-to-date symlink: /home/ri-one/ri_one_master_ws/install/ecl_time_lite/include/ecl/time_lite/functions_win.hpp
[0.343s] -- Up-to-date symlink: /home/ri-one/ri_one_master_ws/install/ecl_time_lite/include/ecl/time_lite/macros.hpp
[0.343s] -- Up-to-date symlink: /home/ri-one/ri_one_master_ws/install/ecl_time_lite/include/ecl/time_lite/types.hpp
[0.343s] -- Up-to-date symlink: /home/ri-one/ri_one_master_ws/install/ecl_time_lite/include/ecl/time_lite/types_pos.hpp
[0.344s] -- Up-to-date symlink: /home/ri-one/ri_one_master_ws/install/ecl_time_lite/include/ecl/time_lite/types_win.hpp
[0.345s] -- Up-to-date symlink: /home/ri-one/ri_one_master_ws/install/ecl_time_lite/include/ecl/time_lite/config.hpp
[0.345s] -- Up-to-date symlink: /home/ri-one/ri_one_master_ws/install/ecl_time_lite/include/ecl/time_lite.hpp
[0.345s] -- Up-to-date symlink: /home/ri-one/ri_one_master_ws/install/ecl_time_lite/lib/ecl_time_lite/demo_time_functions
[0.346s] -- Up-to-date symlink: /home/ri-one/ri_one_master_ws/install/ecl_time_lite/share/ecl_time_lite/environment/library_path.sh
[0.346s] -- Up-to-date symlink: /home/ri-one/ri_one_master_ws/install/ecl_time_lite/share/ecl_time_lite/environment/library_path.dsv
[0.346s] -- Up-to-date symlink: /home/ri-one/ri_one_master_ws/install/ecl_time_lite/share/ament_index/resource_index/package_run_dependencies/ecl_time_lite
[0.346s] -- Up-to-date symlink: /home/ri-one/ri_one_master_ws/install/ecl_time_lite/share/ament_index/resource_index/parent_prefix_path/ecl_time_lite
[0.348s] -- Up-to-date symlink: /home/ri-one/ri_one_master_ws/install/ecl_time_lite/share/ecl_time_lite/environment/ament_prefix_path.sh
[0.348s] -- Up-to-date symlink: /home/ri-one/ri_one_master_ws/install/ecl_time_lite/share/ecl_time_lite/environment/ament_prefix_path.dsv
[0.348s] -- Up-to-date symlink: /home/ri-one/ri_one_master_ws/install/ecl_time_lite/share/ecl_time_lite/environment/path.sh
[0.348s] -- Up-to-date symlink: /home/ri-one/ri_one_master_ws/install/ecl_time_lite/share/ecl_time_lite/environment/path.dsv
[0.350s] -- Up-to-date symlink: /home/ri-one/ri_one_master_ws/install/ecl_time_lite/share/ecl_time_lite/local_setup.bash
[0.350s] -- Up-to-date symlink: /home/ri-one/ri_one_master_ws/install/ecl_time_lite/share/ecl_time_lite/local_setup.sh
[0.350s] -- Up-to-date symlink: /home/ri-one/ri_one_master_ws/install/ecl_time_lite/share/ecl_time_lite/local_setup.zsh
[0.350s] -- Up-to-date symlink: /home/ri-one/ri_one_master_ws/install/ecl_time_lite/share/ecl_time_lite/local_setup.dsv
[0.351s] -- Symlinking: /home/ri-one/ri_one_master_ws/install/ecl_time_lite/share/ecl_time_lite/package.dsv
[0.363s] -- Up-to-date symlink: /home/ri-one/ri_one_master_ws/install/ecl_time_lite/share/ament_index/resource_index/packages/ecl_time_lite
[0.363s] -- Up-to-date symlink: /home/ri-one/ri_one_master_ws/install/ecl_time_lite/share/ecl_time_lite/cmake/ament_cmake_export_targets-extras.cmake
[0.363s] -- Up-to-date symlink: /home/ri-one/ri_one_master_ws/install/ecl_time_lite/share/ecl_time_lite/cmake/ament_cmake_export_include_directories-extras.cmake
[0.364s] -- Up-to-date symlink: /home/ri-one/ri_one_master_ws/install/ecl_time_lite/share/ecl_time_lite/cmake/ament_cmake_export_libraries-extras.cmake
[0.364s] -- Up-to-date symlink: /home/ri-one/ri_one_master_ws/install/ecl_time_lite/share/ecl_time_lite/cmake/ament_cmake_export_dependencies-extras.cmake
[0.364s] -- Up-to-date symlink: /home/ri-one/ri_one_master_ws/install/ecl_time_lite/share/ecl_time_lite/cmake/ecl_time_liteConfig.cmake
[0.365s] -- Up-to-date symlink: /home/ri-one/ri_one_master_ws/install/ecl_time_lite/share/ecl_time_lite/cmake/ecl_time_liteConfig-version.cmake
[0.366s] -- Up-to-date symlink: /home/ri-one/ri_one_master_ws/install/ecl_time_lite/share/ecl_time_lite/package.xml
[0.366s] -- Up-to-date: /home/ri-one/ri_one_master_ws/install/ecl_time_lite/share/ecl_time_lite/cmake/ecl_time_liteExport.cmake
[0.366s] -- Up-to-date: /home/ri-one/ri_one_master_ws/install/ecl_time_lite/share/ecl_time_lite/cmake/ecl_time_liteExport-noconfig.cmake
[0.367s] -- Up-to-date: /home/ri-one/ri_one_master_ws/install/ecl_time_lite/lib/libecl_time_lite.so.1.2.0
[0.368s] -- Up-to-date: /home/ri-one/ri_one_master_ws/install/ecl_time_lite/lib/libecl_time_lite.so
[0.409s] Invoked command in '/home/ri-one/ri_one_master_ws/build/ecl_time_lite' returned '0': AMENT_PREFIX_PATH=/home/ri-one/ri_one_master_ws/install/ecl_errors:/home/ri-one/ri_one_master_ws/install/ecl_config:${AMENT_PREFIX_PATH} CMAKE_PREFIX_PATH=/home/ri-one/ri_one_master_ws/install/ecl_errors:/home/ri-one/ri_one_master_ws/install/ecl_config:/opt/ros/humble LD_LIBRARY_PATH=/home/ri-one/ri_one_master_ws/install/ecl_errors/lib:${LD_LIBRARY_PATH} PATH=/home/ri-one/ri_one_master_ws/install/ecl_config/bin:${PATH} /usr/bin/cmake --install /home/ri-one/ri_one_master_ws/build/ecl_time_lite
