[0.039s] Invoking command in '/home/ri-one/ri_one_master_ws/build/kobuki_ros_interfaces': CMAKE_PREFIX_PATH=${CMAKE_PREFIX_PATH}:/opt/ros/humble /usr/bin/cmake --build /home/ri-one/ri_one_master_ws/build/kobuki_ros_interfaces -- -j4 -l4
[0.322s] [  0%] Built target kobuki_ros_interfaces__cpp
[0.357s] [ 12%] Built target kobuki_ros_interfaces__rosidl_generator_c
[0.471s] [ 12%] Built target ament_cmake_python_symlink_kobuki_ros_interfaces
[0.478s] [ 24%] Built target kobuki_ros_interfaces__rosidl_typesupport_cpp
[0.521s] [ 36%] Built target kobuki_ros_interfaces__rosidl_typesupport_fastrtps_cpp
[0.578s] [ 48%] Built target kobuki_ros_interfaces__rosidl_typesupport_introspection_cpp
[0.632s] [ 60%] Built target kobuki_ros_interfaces__rosidl_typesupport_introspection_c
[0.664s] [ 72%] Built target kobuki_ros_interfaces__rosidl_typesupport_c
[0.666s] [ 84%] Built target kobuki_ros_interfaces__rosidl_typesupport_fastrtps_c
[0.737s] [ 84%] Built target kobuki_ros_interfaces
[0.833s] [ 85%] Built target kobuki_ros_interfaces__py
[0.996s] [ 96%] Built target kobuki_ros_interfaces__rosidl_generator_py
[1.177s] [ 97%] Built target kobuki_ros_interfaces__rosidl_typesupport_c__pyext
[1.189s] [ 98%] Built target kobuki_ros_interfaces__rosidl_typesupport_fastrtps_c__pyext
[1.205s] [100%] Built target kobuki_ros_interfaces__rosidl_typesupport_introspection_c__pyext
[1.282s] Traceback (most recent call last):
[1.283s]   File "/home/ri-one/ri_one_master_ws/build/kobuki_ros_interfaces/ament_cmake_python/kobuki_ros_interfaces/setup.py", line 1, in <module>
[1.284s]     from setuptools import find_packages
[1.284s]   File "/usr/lib/python3/dist-packages/setuptools/__init__.py", line 18, in <module>
[1.285s]     from setuptools.dist import Distribution
[1.285s]   File "/usr/lib/python3/dist-packages/setuptools/dist.py", line 31, in <module>
[1.287s]     from setuptools.extern.more_itertools import unique_everseen
[1.287s]   File "<frozen importlib._bootstrap>", line 1027, in _find_and_load
[1.287s]   File "<frozen importlib._bootstrap>", line 1006, in _find_and_load_unlocked
[1.288s]   File "<frozen importlib._bootstrap>", line 674, in _load_unlocked
[1.288s]   File "<frozen importlib._bootstrap>", line 571, in module_from_spec
[1.288s]   File "/usr/lib/python3/dist-packages/setuptools/extern/__init__.py", line 52, in create_module
[1.291s]     return self.load_module(spec.name)
[1.292s]   File "/usr/lib/python3/dist-packages/setuptools/extern/__init__.py", line 37, in load_module
[1.292s]     __import__(extant)
[1.292s]   File "/usr/lib/python3/dist-packages/setuptools/_vendor/more_itertools/__init__.py", line 1, in <module>
[1.292s]     from .more import *  # noqa
[1.292s]   File "/usr/lib/python3/dist-packages/setuptools/_vendor/more_itertools/more.py", line 5, in <module>
[1.293s]     from concurrent.futures import ThreadPoolExecutor
[1.293s]   File "<frozen importlib._bootstrap>", line 1075, in _handle_fromlist
[1.293s]   File "/usr/lib/python3.10/concurrent/futures/__init__.py", line 49, in __getattr__
[1.293s]     from .thread import ThreadPoolExecutor as te
[1.293s]   File "/usr/lib/python3.10/concurrent/futures/thread.py", line 10, in <module>
[1.293s]     import queue
[1.293s]   File "/usr/lib/python3.10/queue.py", line 9, in <module>
[1.294s]     from _queue import SimpleQueue
[1.294s] KeyboardInterrupt
[1.325s] gmake[2]: *** [CMakeFiles/ament_cmake_python_build_kobuki_ros_interfaces_egg.dir/build.make:70: CMakeFiles/ament_cmake_python_build_kobuki_ros_interfaces_egg] Interrupt
[1.325s] gmake[1]: *** [CMakeFiles/Makefile2:447: CMakeFiles/ament_cmake_python_build_kobuki_ros_interfaces_egg.dir/all] Interrupt
[1.325s] gmake: *** [Makefile:146: all] Interrupt
