[0.041s] Invoking command in '/home/ri-one/ri_one_master_ws/build/ecl_io': AMENT_PREFIX_PATH=/home/ri-one/ri_one_master_ws/install/ecl_errors:/home/ri-one/ri_one_master_ws/install/ecl_config:${AMENT_PREFIX_PATH} CMAKE_PREFIX_PATH=/home/ri-one/ri_one_master_ws/install/ecl_errors:/home/ri-one/ri_one_master_ws/install/ecl_config:/home/ri-one/ros2_ws/install/libfreenect2:/home/ri-one/ros2_ws/install/kinect_ros2:/home/ri-one/ros2_ws/install/libfreenect:/home/ri-one/ros2_ws/install/kobuki_ros:/home/ri-one/ros2_ws/install/kobuki_safety_controller:/home/ri-one/ros2_ws/install/kobuki_random_walker:/home/ri-one/ros2_ws/install/kobuki_node:/home/ri-one/ros2_ws/install/kobuki_keyop:/home/ri-one/ros2_ws/install/kobuki_bumper2pc:/home/ri-one/ros2_ws/install/kobuki_auto_docking:/home/ri-one/ros2_ws/install/kobuki_ros_interfaces:/home/ri-one/ros2_ws/install/kobuki_description:/home/ri-one/ros2_ws/install/kobuki_core:/home/ri-one/ros2_ws/install/kinect2_calibration:/home/ri-one/ros2_ws/install/kinect2_bridge:/home/ri-one/ros2_ws/install/kinect2_registration:/home/ri-one/ros2_ws/install/ecl_core:/home/ri-one/ros2_ws/install/ecl_core_apps:/home/ri-one/ros2_ws/install/ecl_streams:/home/ri-one/ros2_ws/install/ecl_sigslots:/home/ri-one/ros2_ws/install/ecl_ipc:/home/ri-one/ros2_ws/install/ecl_devices:/home/ri-one/ros2_ws/install/ecl_threads:/home/ri-one/ros2_ws/install/ecl_mobile_robot:/home/ri-one/ros2_ws/install/ecl_manipulators:/home/ri-one/ros2_ws/install/ecl_geometry:/home/ri-one/ros2_ws/install/ecl_containers:/home/ri-one/ros2_ws/install/ecl_utilities:/home/ri-one/ros2_ws/install/ecl_statistics:/home/ri-one/ros2_ws/install/ecl_linear_algebra:/home/ri-one/ros2_ws/install/ecl_math:/home/ri-one/ros2_ws/install/ecl_formatters:/home/ri-one/ros2_ws/install/ecl_converters:/home/ri-one/ros2_ws/install/ecl_concepts:/home/ri-one/ros2_ws/install/ecl_type_traits:/home/ri-one/ros2_ws/install/ecl_time:/home/ri-one/ros2_ws/install/ecl_lite:/home/ri-one/ros2_ws/install/ecl_time_lite:/home/ri-one/ros2_ws/install/ecl_sigslots_lite:/home/ri-one/ros2_ws/install/ecl_mpl:/home/ri-one/ros2_ws/install/ecl_io:/home/ri-one/ros2_ws/install/ecl_filesystem:/home/ri-one/ros2_ws/install/ecl_exceptions:/home/ri-one/ros2_ws/install/ecl_errors:/home/ri-one/ros2_ws/install/ecl_eigen:/home/ri-one/ros2_ws/install/ecl_converters_lite:/home/ri-one/ros2_ws/install/ecl_console:/home/ri-one/ros2_ws/install/ecl_config:/home/ri-one/ros2_ws/install/ecl_command_line:/home/ri-one/ros2_ws/install/cmd_vel_mux:/opt/ros/humble LD_LIBRARY_PATH=/home/ri-one/ri_one_master_ws/install/ecl_errors/lib:${LD_LIBRARY_PATH} PATH=/home/ri-one/ri_one_master_ws/install/ecl_config/bin:${PATH} /usr/bin/cmake /home/ri-one/ri_one_master_ws/src/turtlebot2_ros2/ecl_lite/ecl_io -DAMENT_CMAKE_SYMLINK_INSTALL=1 -DCMAKE_INSTALL_PREFIX=/home/ri-one/ri_one_master_ws/install/ecl_io
[0.205s] -- The C compiler identification is GNU 11.4.0
[0.352s] -- The CXX compiler identification is GNU 11.4.0
[0.381s] -- Detecting C compiler ABI info
[0.619s] -- Detecting C compiler ABI info - done
[0.663s] -- Check for working C compiler: /usr/bin/cc - skipped
[0.664s] -- Detecting C compile features
[0.665s] -- Detecting C compile features - done
[0.682s] -- Detecting CXX compiler ABI info
[0.953s] -- Detecting CXX compiler ABI info - done
[0.980s] -- Check for working CXX compiler: /usr/bin/c++ - skipped
[0.981s] -- Detecting CXX compile features
[0.983s] -- Detecting CXX compile features - done
[1.006s] -- Found ament_cmake_ros: 0.10.0 (/opt/ros/humble/share/ament_cmake_ros/cmake)
[1.532s] -- Found Python3: /usr/bin/python3 (found version "3.10.12") found components: Interpreter 
[1.677s] -- Override CMake install command with custom implementation using symlinks instead of copying resources
[1.910s] -- Found ecl_build: 1.0.3 (/opt/ros/humble/share/ecl_build/cmake)
[1.921s] -- Found ecl_config: 1.2.0 (/home/ri-one/ri_one_master_ws/install/ecl_config/share/ecl_config/cmake)
[1.927s] -- Found ecl_errors: 1.2.0 (/home/ri-one/ri_one_master_ws/install/ecl_errors/share/ecl_errors/cmake)
[2.114s] -- Configuring done
[2.141s] -- Generating done
[2.151s] -- Build files have been written to: /home/ri-one/ri_one_master_ws/build/ecl_io
[2.170s] Invoked command in '/home/ri-one/ri_one_master_ws/build/ecl_io' returned '0': AMENT_PREFIX_PATH=/home/ri-one/ri_one_master_ws/install/ecl_errors:/home/ri-one/ri_one_master_ws/install/ecl_config:${AMENT_PREFIX_PATH} CMAKE_PREFIX_PATH=/home/ri-one/ri_one_master_ws/install/ecl_errors:/home/ri-one/ri_one_master_ws/install/ecl_config:/home/ri-one/ros2_ws/install/libfreenect2:/home/ri-one/ros2_ws/install/kinect_ros2:/home/ri-one/ros2_ws/install/libfreenect:/home/ri-one/ros2_ws/install/kobuki_ros:/home/ri-one/ros2_ws/install/kobuki_safety_controller:/home/ri-one/ros2_ws/install/kobuki_random_walker:/home/ri-one/ros2_ws/install/kobuki_node:/home/ri-one/ros2_ws/install/kobuki_keyop:/home/ri-one/ros2_ws/install/kobuki_bumper2pc:/home/ri-one/ros2_ws/install/kobuki_auto_docking:/home/ri-one/ros2_ws/install/kobuki_ros_interfaces:/home/ri-one/ros2_ws/install/kobuki_description:/home/ri-one/ros2_ws/install/kobuki_core:/home/ri-one/ros2_ws/install/kinect2_calibration:/home/ri-one/ros2_ws/install/kinect2_bridge:/home/ri-one/ros2_ws/install/kinect2_registration:/home/ri-one/ros2_ws/install/ecl_core:/home/ri-one/ros2_ws/install/ecl_core_apps:/home/ri-one/ros2_ws/install/ecl_streams:/home/ri-one/ros2_ws/install/ecl_sigslots:/home/ri-one/ros2_ws/install/ecl_ipc:/home/ri-one/ros2_ws/install/ecl_devices:/home/ri-one/ros2_ws/install/ecl_threads:/home/ri-one/ros2_ws/install/ecl_mobile_robot:/home/ri-one/ros2_ws/install/ecl_manipulators:/home/ri-one/ros2_ws/install/ecl_geometry:/home/ri-one/ros2_ws/install/ecl_containers:/home/ri-one/ros2_ws/install/ecl_utilities:/home/ri-one/ros2_ws/install/ecl_statistics:/home/ri-one/ros2_ws/install/ecl_linear_algebra:/home/ri-one/ros2_ws/install/ecl_math:/home/ri-one/ros2_ws/install/ecl_formatters:/home/ri-one/ros2_ws/install/ecl_converters:/home/ri-one/ros2_ws/install/ecl_concepts:/home/ri-one/ros2_ws/install/ecl_type_traits:/home/ri-one/ros2_ws/install/ecl_time:/home/ri-one/ros2_ws/install/ecl_lite:/home/ri-one/ros2_ws/install/ecl_time_lite:/home/ri-one/ros2_ws/install/ecl_sigslots_lite:/home/ri-one/ros2_ws/install/ecl_mpl:/home/ri-one/ros2_ws/install/ecl_io:/home/ri-one/ros2_ws/install/ecl_filesystem:/home/ri-one/ros2_ws/install/ecl_exceptions:/home/ri-one/ros2_ws/install/ecl_errors:/home/ri-one/ros2_ws/install/ecl_eigen:/home/ri-one/ros2_ws/install/ecl_converters_lite:/home/ri-one/ros2_ws/install/ecl_console:/home/ri-one/ros2_ws/install/ecl_config:/home/ri-one/ros2_ws/install/ecl_command_line:/home/ri-one/ros2_ws/install/cmd_vel_mux:/opt/ros/humble LD_LIBRARY_PATH=/home/ri-one/ri_one_master_ws/install/ecl_errors/lib:${LD_LIBRARY_PATH} PATH=/home/ri-one/ri_one_master_ws/install/ecl_config/bin:${PATH} /usr/bin/cmake /home/ri-one/ri_one_master_ws/src/turtlebot2_ros2/ecl_lite/ecl_io -DAMENT_CMAKE_SYMLINK_INSTALL=1 -DCMAKE_INSTALL_PREFIX=/home/ri-one/ri_one_master_ws/install/ecl_io
[2.171s] Invoking command in '/home/ri-one/ri_one_master_ws/build/ecl_io': AMENT_PREFIX_PATH=/home/ri-one/ri_one_master_ws/install/ecl_errors:/home/ri-one/ri_one_master_ws/install/ecl_config:${AMENT_PREFIX_PATH} CMAKE_PREFIX_PATH=/home/ri-one/ri_one_master_ws/install/ecl_errors:/home/ri-one/ri_one_master_ws/install/ecl_config:/home/ri-one/ros2_ws/install/libfreenect2:/home/ri-one/ros2_ws/install/kinect_ros2:/home/ri-one/ros2_ws/install/libfreenect:/home/ri-one/ros2_ws/install/kobuki_ros:/home/ri-one/ros2_ws/install/kobuki_safety_controller:/home/ri-one/ros2_ws/install/kobuki_random_walker:/home/ri-one/ros2_ws/install/kobuki_node:/home/ri-one/ros2_ws/install/kobuki_keyop:/home/ri-one/ros2_ws/install/kobuki_bumper2pc:/home/ri-one/ros2_ws/install/kobuki_auto_docking:/home/ri-one/ros2_ws/install/kobuki_ros_interfaces:/home/ri-one/ros2_ws/install/kobuki_description:/home/ri-one/ros2_ws/install/kobuki_core:/home/ri-one/ros2_ws/install/kinect2_calibration:/home/ri-one/ros2_ws/install/kinect2_bridge:/home/ri-one/ros2_ws/install/kinect2_registration:/home/ri-one/ros2_ws/install/ecl_core:/home/ri-one/ros2_ws/install/ecl_core_apps:/home/ri-one/ros2_ws/install/ecl_streams:/home/ri-one/ros2_ws/install/ecl_sigslots:/home/ri-one/ros2_ws/install/ecl_ipc:/home/ri-one/ros2_ws/install/ecl_devices:/home/ri-one/ros2_ws/install/ecl_threads:/home/ri-one/ros2_ws/install/ecl_mobile_robot:/home/ri-one/ros2_ws/install/ecl_manipulators:/home/ri-one/ros2_ws/install/ecl_geometry:/home/ri-one/ros2_ws/install/ecl_containers:/home/ri-one/ros2_ws/install/ecl_utilities:/home/ri-one/ros2_ws/install/ecl_statistics:/home/ri-one/ros2_ws/install/ecl_linear_algebra:/home/ri-one/ros2_ws/install/ecl_math:/home/ri-one/ros2_ws/install/ecl_formatters:/home/ri-one/ros2_ws/install/ecl_converters:/home/ri-one/ros2_ws/install/ecl_concepts:/home/ri-one/ros2_ws/install/ecl_type_traits:/home/ri-one/ros2_ws/install/ecl_time:/home/ri-one/ros2_ws/install/ecl_lite:/home/ri-one/ros2_ws/install/ecl_time_lite:/home/ri-one/ros2_ws/install/ecl_sigslots_lite:/home/ri-one/ros2_ws/install/ecl_mpl:/home/ri-one/ros2_ws/install/ecl_io:/home/ri-one/ros2_ws/install/ecl_filesystem:/home/ri-one/ros2_ws/install/ecl_exceptions:/home/ri-one/ros2_ws/install/ecl_errors:/home/ri-one/ros2_ws/install/ecl_eigen:/home/ri-one/ros2_ws/install/ecl_converters_lite:/home/ri-one/ros2_ws/install/ecl_console:/home/ri-one/ros2_ws/install/ecl_config:/home/ri-one/ros2_ws/install/ecl_command_line:/home/ri-one/ros2_ws/install/cmd_vel_mux:/opt/ros/humble LD_LIBRARY_PATH=/home/ri-one/ri_one_master_ws/install/ecl_errors/lib:${LD_LIBRARY_PATH} PATH=/home/ri-one/ri_one_master_ws/install/ecl_config/bin:${PATH} /usr/bin/cmake --build /home/ri-one/ri_one_master_ws/build/ecl_io -- -j4 -l4
[2.339s] [ 10%] [32mBuilding CXX object src/lib/CMakeFiles/ecl_io.dir/poll.cpp.o[0m
[2.817s] [ 20%] [32mBuilding CXX object src/lib/CMakeFiles/ecl_io.dir/sockets.cpp.o[0m
[3.271s] [ 30%] [32mBuilding CXX object src/lib/CMakeFiles/ecl_io.dir/socketpair.cpp.o[0m
[3.703s] [ 40%] [32m[1mLinking CXX shared library libecl_io.so[0m
[3.969s] [ 40%] Built target ecl_io
[4.036s] [ 50%] [32mBuilding CXX object src/examples/CMakeFiles/ecl_io_example_sockets.dir/sockets.cpp.o[0m
[4.611s] [ 60%] [32m[1mLinking CXX executable demo_sockets[0m
[4.822s] [ 60%] Built target ecl_io_example_sockets
[4.892s] [ 70%] [32mBuilding CXX object src/examples/CMakeFiles/ecl_io_example_poll.dir/poll.cpp.o[0m
[5.518s] [ 80%] [32m[1mLinking CXX executable demo_poll[0m
[5.734s] [ 80%] Built target ecl_io_example_poll
[5.803s] [ 90%] [32mBuilding CXX object src/examples/CMakeFiles/ecl_io_example_socketpair.dir/socketpair.cpp.o[0m
[6.402s] [100%] [32m[1mLinking CXX executable demo_socketpair[0m
[6.646s] [100%] Built target ecl_io_example_socketpair
[6.684s] Invoked command in '/home/ri-one/ri_one_master_ws/build/ecl_io' returned '0': AMENT_PREFIX_PATH=/home/ri-one/ri_one_master_ws/install/ecl_errors:/home/ri-one/ri_one_master_ws/install/ecl_config:${AMENT_PREFIX_PATH} CMAKE_PREFIX_PATH=/home/ri-one/ri_one_master_ws/install/ecl_errors:/home/ri-one/ri_one_master_ws/install/ecl_config:/home/ri-one/ros2_ws/install/libfreenect2:/home/ri-one/ros2_ws/install/kinect_ros2:/home/ri-one/ros2_ws/install/libfreenect:/home/ri-one/ros2_ws/install/kobuki_ros:/home/ri-one/ros2_ws/install/kobuki_safety_controller:/home/ri-one/ros2_ws/install/kobuki_random_walker:/home/ri-one/ros2_ws/install/kobuki_node:/home/ri-one/ros2_ws/install/kobuki_keyop:/home/ri-one/ros2_ws/install/kobuki_bumper2pc:/home/ri-one/ros2_ws/install/kobuki_auto_docking:/home/ri-one/ros2_ws/install/kobuki_ros_interfaces:/home/ri-one/ros2_ws/install/kobuki_description:/home/ri-one/ros2_ws/install/kobuki_core:/home/ri-one/ros2_ws/install/kinect2_calibration:/home/ri-one/ros2_ws/install/kinect2_bridge:/home/ri-one/ros2_ws/install/kinect2_registration:/home/ri-one/ros2_ws/install/ecl_core:/home/ri-one/ros2_ws/install/ecl_core_apps:/home/ri-one/ros2_ws/install/ecl_streams:/home/ri-one/ros2_ws/install/ecl_sigslots:/home/ri-one/ros2_ws/install/ecl_ipc:/home/ri-one/ros2_ws/install/ecl_devices:/home/ri-one/ros2_ws/install/ecl_threads:/home/ri-one/ros2_ws/install/ecl_mobile_robot:/home/ri-one/ros2_ws/install/ecl_manipulators:/home/ri-one/ros2_ws/install/ecl_geometry:/home/ri-one/ros2_ws/install/ecl_containers:/home/ri-one/ros2_ws/install/ecl_utilities:/home/ri-one/ros2_ws/install/ecl_statistics:/home/ri-one/ros2_ws/install/ecl_linear_algebra:/home/ri-one/ros2_ws/install/ecl_math:/home/ri-one/ros2_ws/install/ecl_formatters:/home/ri-one/ros2_ws/install/ecl_converters:/home/ri-one/ros2_ws/install/ecl_concepts:/home/ri-one/ros2_ws/install/ecl_type_traits:/home/ri-one/ros2_ws/install/ecl_time:/home/ri-one/ros2_ws/install/ecl_lite:/home/ri-one/ros2_ws/install/ecl_time_lite:/home/ri-one/ros2_ws/install/ecl_sigslots_lite:/home/ri-one/ros2_ws/install/ecl_mpl:/home/ri-one/ros2_ws/install/ecl_io:/home/ri-one/ros2_ws/install/ecl_filesystem:/home/ri-one/ros2_ws/install/ecl_exceptions:/home/ri-one/ros2_ws/install/ecl_errors:/home/ri-one/ros2_ws/install/ecl_eigen:/home/ri-one/ros2_ws/install/ecl_converters_lite:/home/ri-one/ros2_ws/install/ecl_console:/home/ri-one/ros2_ws/install/ecl_config:/home/ri-one/ros2_ws/install/ecl_command_line:/home/ri-one/ros2_ws/install/cmd_vel_mux:/opt/ros/humble LD_LIBRARY_PATH=/home/ri-one/ri_one_master_ws/install/ecl_errors/lib:${LD_LIBRARY_PATH} PATH=/home/ri-one/ri_one_master_ws/install/ecl_config/bin:${PATH} /usr/bin/cmake --build /home/ri-one/ri_one_master_ws/build/ecl_io -- -j4 -l4
[6.685s] Invoking command in '/home/ri-one/ri_one_master_ws/build/ecl_io': AMENT_PREFIX_PATH=/home/ri-one/ri_one_master_ws/install/ecl_errors:/home/ri-one/ri_one_master_ws/install/ecl_config:${AMENT_PREFIX_PATH} CMAKE_PREFIX_PATH=/home/ri-one/ri_one_master_ws/install/ecl_errors:/home/ri-one/ri_one_master_ws/install/ecl_config:/home/ri-one/ros2_ws/install/libfreenect2:/home/ri-one/ros2_ws/install/kinect_ros2:/home/ri-one/ros2_ws/install/libfreenect:/home/ri-one/ros2_ws/install/kobuki_ros:/home/ri-one/ros2_ws/install/kobuki_safety_controller:/home/ri-one/ros2_ws/install/kobuki_random_walker:/home/ri-one/ros2_ws/install/kobuki_node:/home/ri-one/ros2_ws/install/kobuki_keyop:/home/ri-one/ros2_ws/install/kobuki_bumper2pc:/home/ri-one/ros2_ws/install/kobuki_auto_docking:/home/ri-one/ros2_ws/install/kobuki_ros_interfaces:/home/ri-one/ros2_ws/install/kobuki_description:/home/ri-one/ros2_ws/install/kobuki_core:/home/ri-one/ros2_ws/install/kinect2_calibration:/home/ri-one/ros2_ws/install/kinect2_bridge:/home/ri-one/ros2_ws/install/kinect2_registration:/home/ri-one/ros2_ws/install/ecl_core:/home/ri-one/ros2_ws/install/ecl_core_apps:/home/ri-one/ros2_ws/install/ecl_streams:/home/ri-one/ros2_ws/install/ecl_sigslots:/home/ri-one/ros2_ws/install/ecl_ipc:/home/ri-one/ros2_ws/install/ecl_devices:/home/ri-one/ros2_ws/install/ecl_threads:/home/ri-one/ros2_ws/install/ecl_mobile_robot:/home/ri-one/ros2_ws/install/ecl_manipulators:/home/ri-one/ros2_ws/install/ecl_geometry:/home/ri-one/ros2_ws/install/ecl_containers:/home/ri-one/ros2_ws/install/ecl_utilities:/home/ri-one/ros2_ws/install/ecl_statistics:/home/ri-one/ros2_ws/install/ecl_linear_algebra:/home/ri-one/ros2_ws/install/ecl_math:/home/ri-one/ros2_ws/install/ecl_formatters:/home/ri-one/ros2_ws/install/ecl_converters:/home/ri-one/ros2_ws/install/ecl_concepts:/home/ri-one/ros2_ws/install/ecl_type_traits:/home/ri-one/ros2_ws/install/ecl_time:/home/ri-one/ros2_ws/install/ecl_lite:/home/ri-one/ros2_ws/install/ecl_time_lite:/home/ri-one/ros2_ws/install/ecl_sigslots_lite:/home/ri-one/ros2_ws/install/ecl_mpl:/home/ri-one/ros2_ws/install/ecl_io:/home/ri-one/ros2_ws/install/ecl_filesystem:/home/ri-one/ros2_ws/install/ecl_exceptions:/home/ri-one/ros2_ws/install/ecl_errors:/home/ri-one/ros2_ws/install/ecl_eigen:/home/ri-one/ros2_ws/install/ecl_converters_lite:/home/ri-one/ros2_ws/install/ecl_console:/home/ri-one/ros2_ws/install/ecl_config:/home/ri-one/ros2_ws/install/ecl_command_line:/home/ri-one/ros2_ws/install/cmd_vel_mux:/opt/ros/humble LD_LIBRARY_PATH=/home/ri-one/ri_one_master_ws/install/ecl_errors/lib:${LD_LIBRARY_PATH} PATH=/home/ri-one/ri_one_master_ws/install/ecl_config/bin:${PATH} /usr/bin/cmake --install /home/ri-one/ri_one_master_ws/build/ecl_io
[6.707s] -- Install configuration: ""
[6.708s] -- Execute custom install script
[6.710s] -- Symlinking: /home/ri-one/ri_one_master_ws/install/ecl_io/include/ecl/sockets/macros.hpp
[6.738s] -- Symlinking: /home/ri-one/ri_one_master_ws/install/ecl_io/include/ecl/sockets/poll.hpp
[6.766s] -- Symlinking: /home/ri-one/ri_one_master_ws/install/ecl_io/include/ecl/sockets/socketpair.hpp
[6.795s] -- Symlinking: /home/ri-one/ri_one_master_ws/install/ecl_io/include/ecl/sockets/sockets.hpp
[6.821s] -- Symlinking: /home/ri-one/ri_one_master_ws/install/ecl_io/include/ecl/io.hpp
[6.850s] -- Symlinking: /home/ri-one/ri_one_master_ws/install/ecl_io/lib/ecl_io/demo_sockets
[6.878s] -- Symlinking: /home/ri-one/ri_one_master_ws/install/ecl_io/lib/ecl_io/demo_socketpair
[6.907s] -- Symlinking: /home/ri-one/ri_one_master_ws/install/ecl_io/lib/ecl_io/demo_poll
[6.934s] -- Symlinking: /home/ri-one/ri_one_master_ws/install/ecl_io/share/ecl_io/environment/library_path.sh
[6.961s] -- Symlinking: /home/ri-one/ri_one_master_ws/install/ecl_io/share/ecl_io/environment/library_path.dsv
[6.988s] -- Symlinking: /home/ri-one/ri_one_master_ws/install/ecl_io/share/ament_index/resource_index/package_run_dependencies/ecl_io
[7.016s] -- Symlinking: /home/ri-one/ri_one_master_ws/install/ecl_io/share/ament_index/resource_index/parent_prefix_path/ecl_io
[7.042s] -- Symlinking: /home/ri-one/ri_one_master_ws/install/ecl_io/share/ecl_io/environment/ament_prefix_path.sh
[7.070s] -- Symlinking: /home/ri-one/ri_one_master_ws/install/ecl_io/share/ecl_io/environment/ament_prefix_path.dsv
[7.100s] -- Symlinking: /home/ri-one/ri_one_master_ws/install/ecl_io/share/ecl_io/environment/path.sh
[7.129s] -- Symlinking: /home/ri-one/ri_one_master_ws/install/ecl_io/share/ecl_io/environment/path.dsv
[7.152s] -- Symlinking: /home/ri-one/ri_one_master_ws/install/ecl_io/share/ecl_io/local_setup.bash
[7.178s] -- Symlinking: /home/ri-one/ri_one_master_ws/install/ecl_io/share/ecl_io/local_setup.sh
[7.205s] -- Symlinking: /home/ri-one/ri_one_master_ws/install/ecl_io/share/ecl_io/local_setup.zsh
[7.233s] -- Symlinking: /home/ri-one/ri_one_master_ws/install/ecl_io/share/ecl_io/local_setup.dsv
[7.258s] -- Symlinking: /home/ri-one/ri_one_master_ws/install/ecl_io/share/ecl_io/package.dsv
[7.283s] -- Symlinking: /home/ri-one/ri_one_master_ws/install/ecl_io/share/ament_index/resource_index/packages/ecl_io
[7.309s] -- Symlinking: /home/ri-one/ri_one_master_ws/install/ecl_io/share/ecl_io/cmake/ament_cmake_export_targets-extras.cmake
[7.334s] -- Symlinking: /home/ri-one/ri_one_master_ws/install/ecl_io/share/ecl_io/cmake/ament_cmake_export_include_directories-extras.cmake
[7.362s] -- Symlinking: /home/ri-one/ri_one_master_ws/install/ecl_io/share/ecl_io/cmake/ament_cmake_export_libraries-extras.cmake
[7.383s] -- Symlinking: /home/ri-one/ri_one_master_ws/install/ecl_io/share/ecl_io/cmake/ament_cmake_export_dependencies-extras.cmake
[7.409s] -- Symlinking: /home/ri-one/ri_one_master_ws/install/ecl_io/share/ecl_io/cmake/ecl_ioConfig.cmake
[7.434s] -- Symlinking: /home/ri-one/ri_one_master_ws/install/ecl_io/share/ecl_io/cmake/ecl_ioConfig-version.cmake
[7.460s] -- Symlinking: /home/ri-one/ri_one_master_ws/install/ecl_io/share/ecl_io/package.xml
[7.484s] -- Installing: /home/ri-one/ri_one_master_ws/install/ecl_io/share/ecl_io/cmake/ecl_ioExport.cmake
[7.484s] -- Installing: /home/ri-one/ri_one_master_ws/install/ecl_io/share/ecl_io/cmake/ecl_ioExport-noconfig.cmake
[7.486s] -- Installing: /home/ri-one/ri_one_master_ws/install/ecl_io/lib/libecl_io.so.1.2.0
[7.488s] -- Set runtime path of "/home/ri-one/ri_one_master_ws/install/ecl_io/lib/libecl_io.so.1.2.0" to ""
[7.489s] -- Installing: /home/ri-one/ri_one_master_ws/install/ecl_io/lib/libecl_io.so
[7.492s] Invoked command in '/home/ri-one/ri_one_master_ws/build/ecl_io' returned '0': AMENT_PREFIX_PATH=/home/ri-one/ri_one_master_ws/install/ecl_errors:/home/ri-one/ri_one_master_ws/install/ecl_config:${AMENT_PREFIX_PATH} CMAKE_PREFIX_PATH=/home/ri-one/ri_one_master_ws/install/ecl_errors:/home/ri-one/ri_one_master_ws/install/ecl_config:/home/ri-one/ros2_ws/install/libfreenect2:/home/ri-one/ros2_ws/install/kinect_ros2:/home/ri-one/ros2_ws/install/libfreenect:/home/ri-one/ros2_ws/install/kobuki_ros:/home/ri-one/ros2_ws/install/kobuki_safety_controller:/home/ri-one/ros2_ws/install/kobuki_random_walker:/home/ri-one/ros2_ws/install/kobuki_node:/home/ri-one/ros2_ws/install/kobuki_keyop:/home/ri-one/ros2_ws/install/kobuki_bumper2pc:/home/ri-one/ros2_ws/install/kobuki_auto_docking:/home/ri-one/ros2_ws/install/kobuki_ros_interfaces:/home/ri-one/ros2_ws/install/kobuki_description:/home/ri-one/ros2_ws/install/kobuki_core:/home/ri-one/ros2_ws/install/kinect2_calibration:/home/ri-one/ros2_ws/install/kinect2_bridge:/home/ri-one/ros2_ws/install/kinect2_registration:/home/ri-one/ros2_ws/install/ecl_core:/home/ri-one/ros2_ws/install/ecl_core_apps:/home/ri-one/ros2_ws/install/ecl_streams:/home/ri-one/ros2_ws/install/ecl_sigslots:/home/ri-one/ros2_ws/install/ecl_ipc:/home/ri-one/ros2_ws/install/ecl_devices:/home/ri-one/ros2_ws/install/ecl_threads:/home/ri-one/ros2_ws/install/ecl_mobile_robot:/home/ri-one/ros2_ws/install/ecl_manipulators:/home/ri-one/ros2_ws/install/ecl_geometry:/home/ri-one/ros2_ws/install/ecl_containers:/home/ri-one/ros2_ws/install/ecl_utilities:/home/ri-one/ros2_ws/install/ecl_statistics:/home/ri-one/ros2_ws/install/ecl_linear_algebra:/home/ri-one/ros2_ws/install/ecl_math:/home/ri-one/ros2_ws/install/ecl_formatters:/home/ri-one/ros2_ws/install/ecl_converters:/home/ri-one/ros2_ws/install/ecl_concepts:/home/ri-one/ros2_ws/install/ecl_type_traits:/home/ri-one/ros2_ws/install/ecl_time:/home/ri-one/ros2_ws/install/ecl_lite:/home/ri-one/ros2_ws/install/ecl_time_lite:/home/ri-one/ros2_ws/install/ecl_sigslots_lite:/home/ri-one/ros2_ws/install/ecl_mpl:/home/ri-one/ros2_ws/install/ecl_io:/home/ri-one/ros2_ws/install/ecl_filesystem:/home/ri-one/ros2_ws/install/ecl_exceptions:/home/ri-one/ros2_ws/install/ecl_errors:/home/ri-one/ros2_ws/install/ecl_eigen:/home/ri-one/ros2_ws/install/ecl_converters_lite:/home/ri-one/ros2_ws/install/ecl_console:/home/ri-one/ros2_ws/install/ecl_config:/home/ri-one/ros2_ws/install/ecl_command_line:/home/ri-one/ros2_ws/install/cmd_vel_mux:/opt/ros/humble LD_LIBRARY_PATH=/home/ri-one/ri_one_master_ws/install/ecl_errors/lib:${LD_LIBRARY_PATH} PATH=/home/ri-one/ri_one_master_ws/install/ecl_config/bin:${PATH} /usr/bin/cmake --install /home/ri-one/ri_one_master_ws/build/ecl_io
