[0.097s] Invoking command in '/home/ri-one/ros2_ws/src/build/kobuki_core': AMENT_PREFIX_PATH=/home/ri-one/ros2_ws/src/install/ecl_mobile_robot:/home/ri-one/ros2_ws/src/install/ecl_geometry:/home/ri-one/ros2_ws/src/install/ecl_devices:/home/ri-one/ros2_ws/src/install/ecl_sigslots:/home/ri-one/ros2_ws/src/install/ecl_linear_algebra:/home/ri-one/ros2_ws/src/install/ecl_containers:/home/ri-one/ros2_ws/src/install/ecl_threads:/home/ri-one/ros2_ws/src/install/ecl_formatters:/home/ri-one/ros2_ws/src/install/ecl_utilities:/home/ri-one/ros2_ws/src/install/ecl_time:/home/ri-one/ros2_ws/src/install/ecl_converters:/home/ri-one/ros2_ws/src/install/ecl_time_lite:/home/ri-one/ros2_ws/src/install/ecl_math:/home/ri-one/ros2_ws/src/install/ecl_exceptions:/home/ri-one/ros2_ws/src/install/ecl_concepts:/home/ri-one/ros2_ws/src/install/ecl_type_traits:/home/ri-one/ros2_ws/src/install/ecl_errors:/home/ri-one/ros2_ws/src/install/ecl_console:/home/ri-one/ros2_ws/src/install/ecl_mpl:/home/ri-one/ros2_ws/src/install/ecl_eigen:/home/ri-one/ros2_ws/src/install/ecl_config:/home/ri-one/ros2_ws/src/install/ecl_command_line:${AMENT_PREFIX_PATH} CMAKE_PREFIX_PATH=/home/ri-one/ros2_ws/src/install/ecl_mobile_robot:/home/ri-one/ros2_ws/src/install/ecl_geometry:/home/ri-one/ros2_ws/src/install/ecl_devices:/home/ri-one/ros2_ws/src/install/ecl_sigslots:/home/ri-one/ros2_ws/src/install/ecl_linear_algebra:/home/ri-one/ros2_ws/src/install/ecl_containers:/home/ri-one/ros2_ws/src/install/ecl_threads:/home/ri-one/ros2_ws/src/install/ecl_formatters:/home/ri-one/ros2_ws/src/install/ecl_utilities:/home/ri-one/ros2_ws/src/install/ecl_time:/home/ri-one/ros2_ws/src/install/ecl_converters:/home/ri-one/ros2_ws/src/install/ecl_time_lite:/home/ri-one/ros2_ws/src/install/ecl_math:/home/ri-one/ros2_ws/src/install/ecl_exceptions:/home/ri-one/ros2_ws/src/install/ecl_concepts:/home/ri-one/ros2_ws/src/install/ecl_type_traits:/home/ri-one/ros2_ws/src/install/ecl_errors:/home/ri-one/ros2_ws/src/install/ecl_console:/home/ri-one/ros2_ws/src/install/ecl_mpl:/home/ri-one/ros2_ws/src/install/ecl_eigen:/home/ri-one/ros2_ws/src/install/ecl_config:/home/ri-one/ros2_ws/src/install/ecl_command_line:/opt/ros/humble LD_LIBRARY_PATH=/home/ri-one/ros2_ws/src/install/ecl_mobile_robot/lib:/home/ri-one/ros2_ws/src/install/ecl_geometry/lib:/home/ri-one/ros2_ws/src/install/ecl_devices/lib:/home/ri-one/ros2_ws/src/install/ecl_linear_algebra/lib:/home/ri-one/ros2_ws/src/install/ecl_threads/lib:/home/ri-one/ros2_ws/src/install/ecl_formatters/lib:/home/ri-one/ros2_ws/src/install/ecl_time/lib:/home/ri-one/ros2_ws/src/install/ecl_time_lite/lib:/home/ri-one/ros2_ws/src/install/ecl_exceptions/lib:/home/ri-one/ros2_ws/src/install/ecl_type_traits/lib:/home/ri-one/ros2_ws/src/install/ecl_errors/lib:${LD_LIBRARY_PATH} PATH=/home/ri-one/ros2_ws/src/install/ecl_type_traits/bin:/home/ri-one/ros2_ws/src/install/ecl_config/bin:${PATH} /usr/bin/cmake /home/ri-one/ros2_ws/src/turtlebot2_ros2/kobuki_core -DCMAKE_INSTALL_PREFIX=/home/ri-one/ros2_ws/src/install/kobuki_core
[0.235s] -- The C compiler identification is GNU 11.4.0
[0.368s] -- The CXX compiler identification is GNU 11.4.0
[0.392s] -- Detecting C compiler ABI info
[0.565s] -- Detecting C compiler ABI info - done
[0.585s] -- Check for working C compiler: /usr/bin/cc - skipped
[0.586s] -- Detecting C compile features
[0.587s] -- Detecting C compile features - done
[0.595s] -- Detecting CXX compiler ABI info
[0.792s] -- Detecting CXX compiler ABI info - done
[0.812s] -- Check for working CXX compiler: /usr/bin/c++ - skipped
[0.813s] -- Detecting CXX compile features
[0.815s] -- Detecting CXX compile features - done
[0.828s] -- Found ament_cmake_ros: 0.10.0 (/opt/ros/humble/share/ament_cmake_ros/cmake)
[1.227s] -- Found Python3: /usr/bin/python3 (found version "3.10.12") found components: Interpreter 
[1.504s] -- Found ecl_build: 1.0.3 (/opt/ros/humble/share/ecl_build/cmake)
[1.522s] -- Found ecl_command_line: 1.2.1 (/home/ri-one/ros2_ws/src/install/ecl_command_line/share/ecl_command_line/cmake)
[1.530s] -- Found ecl_config: 1.2.0 (/home/ri-one/ros2_ws/src/install/ecl_config/share/ecl_config/cmake)
[1.540s] -- Found ecl_console: 1.2.0 (/home/ri-one/ros2_ws/src/install/ecl_console/share/ecl_console/cmake)
[1.548s] -- Found ecl_converters: 1.2.1 (/home/ri-one/ros2_ws/src/install/ecl_converters/share/ecl_converters/cmake)
[1.601s] -- Found ecl_devices: 1.2.1 (/home/ri-one/ros2_ws/src/install/ecl_devices/share/ecl_devices/cmake)
[1.636s] -- Looking for pthread.h
[1.802s] -- Looking for pthread.h - found
[1.802s] -- Performing Test CMAKE_HAVE_LIBC_PTHREAD
[1.973s] -- Performing Test CMAKE_HAVE_LIBC_PTHREAD - Success
[1.975s] [33mCMake Warning (dev) at /usr/share/cmake-3.22/Modules/FindPackageHandleStandardArgs.cmake:438 (message):
[1.976s]   The package name passed to `find_package_handle_standard_args` (Threads)
[1.976s]   does not match the name of the calling package (ecl_threads).  This can
[1.976s]   lead to problems in calling code that expects `find_package` result
[1.976s]   variables (e.g., `_FOUND`) to follow a certain pattern.
[1.976s] Call Stack (most recent call first):
[1.976s]   /usr/share/cmake-3.22/Modules/FindThreads.cmake:238 (FIND_PACKAGE_HANDLE_STANDARD_ARGS)
[1.977s]   /opt/ros/humble/share/ecl_build/cmake/ecl_platform_detection.cmake:225 (include)
[1.977s]   /home/ri-one/ros2_ws/src/install/ecl_threads/share/ecl_threads/cmake/ecl_threads-extras.cmake:4 (ecl_detect_threads)
[1.977s]   /home/ri-one/ros2_ws/src/install/ecl_threads/share/ecl_threads/cmake/ecl_threadsConfig.cmake:41 (include)
[1.977s]   /home/ri-one/ros2_ws/src/install/ecl_devices/share/ecl_devices/cmake/ament_cmake_export_dependencies-extras.cmake:21 (find_package)
[1.977s]   /home/ri-one/ros2_ws/src/install/ecl_devices/share/ecl_devices/cmake/ecl_devicesConfig.cmake:41 (include)
[1.977s]   CMakeLists.txt:23 (find_package)
[1.977s] This warning is for project developers.  Use -Wno-dev to suppress it.
[1.978s] [0m
[1.978s] -- Found Threads: TRUE  
[2.006s] -- Found ecl_geometry: 1.2.1 (/home/ri-one/ros2_ws/src/install/ecl_geometry/share/ecl_geometry/cmake)
[2.114s] -- Found ecl_mobile_robot: 1.2.1 (/home/ri-one/ros2_ws/src/install/ecl_mobile_robot/share/ecl_mobile_robot/cmake)
[2.121s] -- Found ecl_sigslots: 1.2.1 (/home/ri-one/ros2_ws/src/install/ecl_sigslots/share/ecl_sigslots/cmake)
[2.294s] -- Configuring done
[2.401s] -- Generating done
[2.421s] -- Build files have been written to: /home/ri-one/ros2_ws/src/build/kobuki_core
[2.437s] Invoked command in '/home/ri-one/ros2_ws/src/build/kobuki_core' returned '0': AMENT_PREFIX_PATH=/home/ri-one/ros2_ws/src/install/ecl_mobile_robot:/home/ri-one/ros2_ws/src/install/ecl_geometry:/home/ri-one/ros2_ws/src/install/ecl_devices:/home/ri-one/ros2_ws/src/install/ecl_sigslots:/home/ri-one/ros2_ws/src/install/ecl_linear_algebra:/home/ri-one/ros2_ws/src/install/ecl_containers:/home/ri-one/ros2_ws/src/install/ecl_threads:/home/ri-one/ros2_ws/src/install/ecl_formatters:/home/ri-one/ros2_ws/src/install/ecl_utilities:/home/ri-one/ros2_ws/src/install/ecl_time:/home/ri-one/ros2_ws/src/install/ecl_converters:/home/ri-one/ros2_ws/src/install/ecl_time_lite:/home/ri-one/ros2_ws/src/install/ecl_math:/home/ri-one/ros2_ws/src/install/ecl_exceptions:/home/ri-one/ros2_ws/src/install/ecl_concepts:/home/ri-one/ros2_ws/src/install/ecl_type_traits:/home/ri-one/ros2_ws/src/install/ecl_errors:/home/ri-one/ros2_ws/src/install/ecl_console:/home/ri-one/ros2_ws/src/install/ecl_mpl:/home/ri-one/ros2_ws/src/install/ecl_eigen:/home/ri-one/ros2_ws/src/install/ecl_config:/home/ri-one/ros2_ws/src/install/ecl_command_line:${AMENT_PREFIX_PATH} CMAKE_PREFIX_PATH=/home/ri-one/ros2_ws/src/install/ecl_mobile_robot:/home/ri-one/ros2_ws/src/install/ecl_geometry:/home/ri-one/ros2_ws/src/install/ecl_devices:/home/ri-one/ros2_ws/src/install/ecl_sigslots:/home/ri-one/ros2_ws/src/install/ecl_linear_algebra:/home/ri-one/ros2_ws/src/install/ecl_containers:/home/ri-one/ros2_ws/src/install/ecl_threads:/home/ri-one/ros2_ws/src/install/ecl_formatters:/home/ri-one/ros2_ws/src/install/ecl_utilities:/home/ri-one/ros2_ws/src/install/ecl_time:/home/ri-one/ros2_ws/src/install/ecl_converters:/home/ri-one/ros2_ws/src/install/ecl_time_lite:/home/ri-one/ros2_ws/src/install/ecl_math:/home/ri-one/ros2_ws/src/install/ecl_exceptions:/home/ri-one/ros2_ws/src/install/ecl_concepts:/home/ri-one/ros2_ws/src/install/ecl_type_traits:/home/ri-one/ros2_ws/src/install/ecl_errors:/home/ri-one/ros2_ws/src/install/ecl_console:/home/ri-one/ros2_ws/src/install/ecl_mpl:/home/ri-one/ros2_ws/src/install/ecl_eigen:/home/ri-one/ros2_ws/src/install/ecl_config:/home/ri-one/ros2_ws/src/install/ecl_command_line:/opt/ros/humble LD_LIBRARY_PATH=/home/ri-one/ros2_ws/src/install/ecl_mobile_robot/lib:/home/ri-one/ros2_ws/src/install/ecl_geometry/lib:/home/ri-one/ros2_ws/src/install/ecl_devices/lib:/home/ri-one/ros2_ws/src/install/ecl_linear_algebra/lib:/home/ri-one/ros2_ws/src/install/ecl_threads/lib:/home/ri-one/ros2_ws/src/install/ecl_formatters/lib:/home/ri-one/ros2_ws/src/install/ecl_time/lib:/home/ri-one/ros2_ws/src/install/ecl_time_lite/lib:/home/ri-one/ros2_ws/src/install/ecl_exceptions/lib:/home/ri-one/ros2_ws/src/install/ecl_type_traits/lib:/home/ri-one/ros2_ws/src/install/ecl_errors/lib:${LD_LIBRARY_PATH} PATH=/home/ri-one/ros2_ws/src/install/ecl_type_traits/bin:/home/ri-one/ros2_ws/src/install/ecl_config/bin:${PATH} /usr/bin/cmake /home/ri-one/ros2_ws/src/turtlebot2_ros2/kobuki_core -DCMAKE_INSTALL_PREFIX=/home/ri-one/ros2_ws/src/install/kobuki_core
[2.439s] Invoking command in '/home/ri-one/ros2_ws/src/build/kobuki_core': AMENT_PREFIX_PATH=/home/ri-one/ros2_ws/src/install/ecl_mobile_robot:/home/ri-one/ros2_ws/src/install/ecl_geometry:/home/ri-one/ros2_ws/src/install/ecl_devices:/home/ri-one/ros2_ws/src/install/ecl_sigslots:/home/ri-one/ros2_ws/src/install/ecl_linear_algebra:/home/ri-one/ros2_ws/src/install/ecl_containers:/home/ri-one/ros2_ws/src/install/ecl_threads:/home/ri-one/ros2_ws/src/install/ecl_formatters:/home/ri-one/ros2_ws/src/install/ecl_utilities:/home/ri-one/ros2_ws/src/install/ecl_time:/home/ri-one/ros2_ws/src/install/ecl_converters:/home/ri-one/ros2_ws/src/install/ecl_time_lite:/home/ri-one/ros2_ws/src/install/ecl_math:/home/ri-one/ros2_ws/src/install/ecl_exceptions:/home/ri-one/ros2_ws/src/install/ecl_concepts:/home/ri-one/ros2_ws/src/install/ecl_type_traits:/home/ri-one/ros2_ws/src/install/ecl_errors:/home/ri-one/ros2_ws/src/install/ecl_console:/home/ri-one/ros2_ws/src/install/ecl_mpl:/home/ri-one/ros2_ws/src/install/ecl_eigen:/home/ri-one/ros2_ws/src/install/ecl_config:/home/ri-one/ros2_ws/src/install/ecl_command_line:${AMENT_PREFIX_PATH} CMAKE_PREFIX_PATH=/home/ri-one/ros2_ws/src/install/ecl_mobile_robot:/home/ri-one/ros2_ws/src/install/ecl_geometry:/home/ri-one/ros2_ws/src/install/ecl_devices:/home/ri-one/ros2_ws/src/install/ecl_sigslots:/home/ri-one/ros2_ws/src/install/ecl_linear_algebra:/home/ri-one/ros2_ws/src/install/ecl_containers:/home/ri-one/ros2_ws/src/install/ecl_threads:/home/ri-one/ros2_ws/src/install/ecl_formatters:/home/ri-one/ros2_ws/src/install/ecl_utilities:/home/ri-one/ros2_ws/src/install/ecl_time:/home/ri-one/ros2_ws/src/install/ecl_converters:/home/ri-one/ros2_ws/src/install/ecl_time_lite:/home/ri-one/ros2_ws/src/install/ecl_math:/home/ri-one/ros2_ws/src/install/ecl_exceptions:/home/ri-one/ros2_ws/src/install/ecl_concepts:/home/ri-one/ros2_ws/src/install/ecl_type_traits:/home/ri-one/ros2_ws/src/install/ecl_errors:/home/ri-one/ros2_ws/src/install/ecl_console:/home/ri-one/ros2_ws/src/install/ecl_mpl:/home/ri-one/ros2_ws/src/install/ecl_eigen:/home/ri-one/ros2_ws/src/install/ecl_config:/home/ri-one/ros2_ws/src/install/ecl_command_line:/opt/ros/humble LD_LIBRARY_PATH=/home/ri-one/ros2_ws/src/install/ecl_mobile_robot/lib:/home/ri-one/ros2_ws/src/install/ecl_geometry/lib:/home/ri-one/ros2_ws/src/install/ecl_devices/lib:/home/ri-one/ros2_ws/src/install/ecl_linear_algebra/lib:/home/ri-one/ros2_ws/src/install/ecl_threads/lib:/home/ri-one/ros2_ws/src/install/ecl_formatters/lib:/home/ri-one/ros2_ws/src/install/ecl_time/lib:/home/ri-one/ros2_ws/src/install/ecl_time_lite/lib:/home/ri-one/ros2_ws/src/install/ecl_exceptions/lib:/home/ri-one/ros2_ws/src/install/ecl_type_traits/lib:/home/ri-one/ros2_ws/src/install/ecl_errors/lib:${LD_LIBRARY_PATH} PATH=/home/ri-one/ros2_ws/src/install/ecl_type_traits/bin:/home/ri-one/ros2_ws/src/install/ecl_config/bin:${PATH} /usr/bin/cmake --build /home/ri-one/ros2_ws/src/build/kobuki_core -- -j4 -l4
[2.556s] [  2%] [32mBuilding CXX object src/driver/CMakeFiles/kobuki_core.dir/battery.cpp.o[0m
[3.368s] [  5%] [32mBuilding CXX object src/driver/CMakeFiles/kobuki_core.dir/diff_drive.cpp.o[0m
[7.355s] [  8%] [32mBuilding CXX object src/driver/CMakeFiles/kobuki_core.dir/dock_drive.cpp.o[0m
[11.008s] [ 11%] [32mBuilding CXX object src/driver/CMakeFiles/kobuki_core.dir/dock_drive_debug.cpp.o[0m
[13.488s] [ 14%] [32mBuilding CXX object src/driver/CMakeFiles/kobuki_core.dir/dock_drive_states.cpp.o[0m
[15.522s] [ 17%] [32mBuilding CXX object src/driver/CMakeFiles/kobuki_core.dir/event_manager.cpp.o[0m
[18.203s] [ 20%] [32mBuilding CXX object src/driver/CMakeFiles/kobuki_core.dir/firmware.cpp.o[0m
[19.412s] [ 23%] [32mBuilding CXX object src/driver/CMakeFiles/kobuki_core.dir/kobuki.cpp.o[0m
[21.434s] [ 26%] [32mBuilding CXX object src/driver/CMakeFiles/kobuki_core.dir/logging.cpp.o[0m
[21.935s] [ 29%] [32mBuilding CXX object src/driver/CMakeFiles/kobuki_core.dir/core_sensors.cpp.o[0m
[22.801s] [ 32%] [32mBuilding CXX object src/driver/CMakeFiles/kobuki_core.dir/packet_finder.cpp.o[0m
[24.553s] [ 35%] [32mBuilding CXX object src/driver/CMakeFiles/kobuki_core.dir/__/__/version_info.cpp.o[0m
[25.145s] [ 38%] [32mBuilding CXX object src/driver/CMakeFiles/kobuki_core.dir/command.cpp.o[0m
[28.286s] [ 41%] [32m[1mLinking CXX shared library libkobuki_core.so[0m
[28.732s] [ 41%] Built target kobuki_core
[28.772s] [ 44%] [32mBuilding CXX object src/demos/CMakeFiles/kobuki_core_demo_chirp.dir/chirp.cpp.o[0m
[28.772s] [ 47%] [32mBuilding CXX object src/demos/CMakeFiles/kobuki_core_demo_buttons.dir/buttons.cpp.o[0m
[29.811s] [ 50%] [32mBuilding CXX object src/demos/CMakeFiles/kobuki_core_demo_data_stream.dir/data_stream.cpp.o[0m
[30.883s] [ 52%] [32mBuilding CXX object src/demos/CMakeFiles/kobuki_core_demo_custom_logging.dir/custom_logging.cpp.o[0m
[34.853s] [ 55%] [32m[1mLinking CXX executable demo_chirp[0m
[35.002s] [ 58%] [32m[1mLinking CXX executable demo_buttons[0m
[35.173s] [ 58%] Built target kobuki_core_demo_chirp
[35.229s] [ 61%] [32mBuilding CXX object src/demos/CMakeFiles/kobuki_core_demo_log_levels.dir/log_levels.cpp.o[0m
[35.331s] [ 61%] Built target kobuki_core_demo_buttons
[35.381s] [ 64%] [32mBuilding CXX object src/demos/CMakeFiles/kobuki_core_demo_raw_data_stream.dir/raw_data_stream.cpp.o[0m
[36.530s] [ 67%] [32m[1mLinking CXX executable demo_data_stream[0m
[36.867s] [ 67%] Built target kobuki_core_demo_data_stream
[36.919s] [ 70%] [32mBuilding CXX object src/demos/CMakeFiles/kobuki_core_demo_simple_loop.dir/simple_loop.cpp.o[0m
[37.776s] [ 73%] [32m[1mLinking CXX executable demo_custom_logging[0m
[38.096s] [ 73%] Built target kobuki_core_demo_custom_logging
[38.146s] [ 76%] [32mBuilding CXX object src/demos/CMakeFiles/kobuki_core_demo_velocity_commands.dir/velocity_commands.cpp.o[0m
[38.751s] [ 79%] [32m[1mLinking CXX executable demo_velocity_commands[0m
[38.968s] [ 79%] Built target kobuki_core_demo_velocity_commands
[39.017s] [ 82%] [32mBuilding CXX object src/tools/CMakeFiles/kobuki_core_tool_version_info.dir/version_info.cpp.o[0m
[41.532s] [ 85%] [32m[1mLinking CXX executable demo_log_levels[0m
[41.874s] [ 85%] Built target kobuki_core_demo_log_levels
[41.927s] [ 88%] [32mBuilding CXX object src/tools/CMakeFiles/kobuki_core_tool_simple_keyop.dir/simple_keyop.cpp.o[0m
[42.027s] [ 91%] [32m[1mLinking CXX executable demo_raw_data_stream[0m
[42.339s] [ 91%] Built target kobuki_core_demo_raw_data_stream
[43.402s] [ 94%] [32m[1mLinking CXX executable demo_simple_loop[0m
[43.735s] [ 94%] Built target kobuki_core_demo_simple_loop
[44.889s] [ 97%] [32m[1mLinking CXX executable kobuki-version-info[0m
[45.110s] [ 97%] Built target kobuki_core_tool_version_info
[46.354s] [100%] [32m[1mLinking CXX executable kobuki-simple-keyop[0m
[46.580s] [100%] Built target kobuki_core_tool_simple_keyop
[46.598s] Invoked command in '/home/ri-one/ros2_ws/src/build/kobuki_core' returned '0': AMENT_PREFIX_PATH=/home/ri-one/ros2_ws/src/install/ecl_mobile_robot:/home/ri-one/ros2_ws/src/install/ecl_geometry:/home/ri-one/ros2_ws/src/install/ecl_devices:/home/ri-one/ros2_ws/src/install/ecl_sigslots:/home/ri-one/ros2_ws/src/install/ecl_linear_algebra:/home/ri-one/ros2_ws/src/install/ecl_containers:/home/ri-one/ros2_ws/src/install/ecl_threads:/home/ri-one/ros2_ws/src/install/ecl_formatters:/home/ri-one/ros2_ws/src/install/ecl_utilities:/home/ri-one/ros2_ws/src/install/ecl_time:/home/ri-one/ros2_ws/src/install/ecl_converters:/home/ri-one/ros2_ws/src/install/ecl_time_lite:/home/ri-one/ros2_ws/src/install/ecl_math:/home/ri-one/ros2_ws/src/install/ecl_exceptions:/home/ri-one/ros2_ws/src/install/ecl_concepts:/home/ri-one/ros2_ws/src/install/ecl_type_traits:/home/ri-one/ros2_ws/src/install/ecl_errors:/home/ri-one/ros2_ws/src/install/ecl_console:/home/ri-one/ros2_ws/src/install/ecl_mpl:/home/ri-one/ros2_ws/src/install/ecl_eigen:/home/ri-one/ros2_ws/src/install/ecl_config:/home/ri-one/ros2_ws/src/install/ecl_command_line:${AMENT_PREFIX_PATH} CMAKE_PREFIX_PATH=/home/ri-one/ros2_ws/src/install/ecl_mobile_robot:/home/ri-one/ros2_ws/src/install/ecl_geometry:/home/ri-one/ros2_ws/src/install/ecl_devices:/home/ri-one/ros2_ws/src/install/ecl_sigslots:/home/ri-one/ros2_ws/src/install/ecl_linear_algebra:/home/ri-one/ros2_ws/src/install/ecl_containers:/home/ri-one/ros2_ws/src/install/ecl_threads:/home/ri-one/ros2_ws/src/install/ecl_formatters:/home/ri-one/ros2_ws/src/install/ecl_utilities:/home/ri-one/ros2_ws/src/install/ecl_time:/home/ri-one/ros2_ws/src/install/ecl_converters:/home/ri-one/ros2_ws/src/install/ecl_time_lite:/home/ri-one/ros2_ws/src/install/ecl_math:/home/ri-one/ros2_ws/src/install/ecl_exceptions:/home/ri-one/ros2_ws/src/install/ecl_concepts:/home/ri-one/ros2_ws/src/install/ecl_type_traits:/home/ri-one/ros2_ws/src/install/ecl_errors:/home/ri-one/ros2_ws/src/install/ecl_console:/home/ri-one/ros2_ws/src/install/ecl_mpl:/home/ri-one/ros2_ws/src/install/ecl_eigen:/home/ri-one/ros2_ws/src/install/ecl_config:/home/ri-one/ros2_ws/src/install/ecl_command_line:/opt/ros/humble LD_LIBRARY_PATH=/home/ri-one/ros2_ws/src/install/ecl_mobile_robot/lib:/home/ri-one/ros2_ws/src/install/ecl_geometry/lib:/home/ri-one/ros2_ws/src/install/ecl_devices/lib:/home/ri-one/ros2_ws/src/install/ecl_linear_algebra/lib:/home/ri-one/ros2_ws/src/install/ecl_threads/lib:/home/ri-one/ros2_ws/src/install/ecl_formatters/lib:/home/ri-one/ros2_ws/src/install/ecl_time/lib:/home/ri-one/ros2_ws/src/install/ecl_time_lite/lib:/home/ri-one/ros2_ws/src/install/ecl_exceptions/lib:/home/ri-one/ros2_ws/src/install/ecl_type_traits/lib:/home/ri-one/ros2_ws/src/install/ecl_errors/lib:${LD_LIBRARY_PATH} PATH=/home/ri-one/ros2_ws/src/install/ecl_type_traits/bin:/home/ri-one/ros2_ws/src/install/ecl_config/bin:${PATH} /usr/bin/cmake --build /home/ri-one/ros2_ws/src/build/kobuki_core -- -j4 -l4
[46.600s] Invoking command in '/home/ri-one/ros2_ws/src/build/kobuki_core': AMENT_PREFIX_PATH=/home/ri-one/ros2_ws/src/install/ecl_mobile_robot:/home/ri-one/ros2_ws/src/install/ecl_geometry:/home/ri-one/ros2_ws/src/install/ecl_devices:/home/ri-one/ros2_ws/src/install/ecl_sigslots:/home/ri-one/ros2_ws/src/install/ecl_linear_algebra:/home/ri-one/ros2_ws/src/install/ecl_containers:/home/ri-one/ros2_ws/src/install/ecl_threads:/home/ri-one/ros2_ws/src/install/ecl_formatters:/home/ri-one/ros2_ws/src/install/ecl_utilities:/home/ri-one/ros2_ws/src/install/ecl_time:/home/ri-one/ros2_ws/src/install/ecl_converters:/home/ri-one/ros2_ws/src/install/ecl_time_lite:/home/ri-one/ros2_ws/src/install/ecl_math:/home/ri-one/ros2_ws/src/install/ecl_exceptions:/home/ri-one/ros2_ws/src/install/ecl_concepts:/home/ri-one/ros2_ws/src/install/ecl_type_traits:/home/ri-one/ros2_ws/src/install/ecl_errors:/home/ri-one/ros2_ws/src/install/ecl_console:/home/ri-one/ros2_ws/src/install/ecl_mpl:/home/ri-one/ros2_ws/src/install/ecl_eigen:/home/ri-one/ros2_ws/src/install/ecl_config:/home/ri-one/ros2_ws/src/install/ecl_command_line:${AMENT_PREFIX_PATH} CMAKE_PREFIX_PATH=/home/ri-one/ros2_ws/src/install/ecl_mobile_robot:/home/ri-one/ros2_ws/src/install/ecl_geometry:/home/ri-one/ros2_ws/src/install/ecl_devices:/home/ri-one/ros2_ws/src/install/ecl_sigslots:/home/ri-one/ros2_ws/src/install/ecl_linear_algebra:/home/ri-one/ros2_ws/src/install/ecl_containers:/home/ri-one/ros2_ws/src/install/ecl_threads:/home/ri-one/ros2_ws/src/install/ecl_formatters:/home/ri-one/ros2_ws/src/install/ecl_utilities:/home/ri-one/ros2_ws/src/install/ecl_time:/home/ri-one/ros2_ws/src/install/ecl_converters:/home/ri-one/ros2_ws/src/install/ecl_time_lite:/home/ri-one/ros2_ws/src/install/ecl_math:/home/ri-one/ros2_ws/src/install/ecl_exceptions:/home/ri-one/ros2_ws/src/install/ecl_concepts:/home/ri-one/ros2_ws/src/install/ecl_type_traits:/home/ri-one/ros2_ws/src/install/ecl_errors:/home/ri-one/ros2_ws/src/install/ecl_console:/home/ri-one/ros2_ws/src/install/ecl_mpl:/home/ri-one/ros2_ws/src/install/ecl_eigen:/home/ri-one/ros2_ws/src/install/ecl_config:/home/ri-one/ros2_ws/src/install/ecl_command_line:/opt/ros/humble LD_LIBRARY_PATH=/home/ri-one/ros2_ws/src/install/ecl_mobile_robot/lib:/home/ri-one/ros2_ws/src/install/ecl_geometry/lib:/home/ri-one/ros2_ws/src/install/ecl_devices/lib:/home/ri-one/ros2_ws/src/install/ecl_linear_algebra/lib:/home/ri-one/ros2_ws/src/install/ecl_threads/lib:/home/ri-one/ros2_ws/src/install/ecl_formatters/lib:/home/ri-one/ros2_ws/src/install/ecl_time/lib:/home/ri-one/ros2_ws/src/install/ecl_time_lite/lib:/home/ri-one/ros2_ws/src/install/ecl_exceptions/lib:/home/ri-one/ros2_ws/src/install/ecl_type_traits/lib:/home/ri-one/ros2_ws/src/install/ecl_errors/lib:${LD_LIBRARY_PATH} PATH=/home/ri-one/ros2_ws/src/install/ecl_type_traits/bin:/home/ri-one/ros2_ws/src/install/ecl_config/bin:${PATH} /usr/bin/cmake --install /home/ri-one/ros2_ws/src/build/kobuki_core
[46.613s] -- Install configuration: ""
[46.613s] -- Installing: /home/ri-one/ros2_ws/src/install/kobuki_core/include
[46.613s] -- Installing: /home/ri-one/ros2_ws/src/install/kobuki_core/include/CMakeLists.txt
[46.614s] -- Installing: /home/ri-one/ros2_ws/src/install/kobuki_core/include/kobuki_core
[46.614s] -- Installing: /home/ri-one/ros2_ws/src/install/kobuki_core/include/kobuki_core/dock_drive.hpp
[46.614s] -- Installing: /home/ri-one/ros2_ws/src/install/kobuki_core/include/kobuki_core/packets
[46.614s] -- Installing: /home/ri-one/ros2_ws/src/install/kobuki_core/include/kobuki_core/packets/hardware.hpp
[46.614s] -- Installing: /home/ri-one/ros2_ws/src/install/kobuki_core/include/kobuki_core/packets/unique_device_id.hpp
[46.614s] -- Installing: /home/ri-one/ros2_ws/src/install/kobuki_core/include/kobuki_core/packets/core_sensors.hpp
[46.615s] -- Installing: /home/ri-one/ros2_ws/src/install/kobuki_core/include/kobuki_core/packets/gp_input.hpp
[46.615s] -- Installing: /home/ri-one/ros2_ws/src/install/kobuki_core/include/kobuki_core/packets/eeprom.hpp
[46.615s] -- Installing: /home/ri-one/ros2_ws/src/install/kobuki_core/include/kobuki_core/packets/dock_ir.hpp
[46.615s] -- Installing: /home/ri-one/ros2_ws/src/install/kobuki_core/include/kobuki_core/packets/controller_info.hpp
[46.615s] -- Installing: /home/ri-one/ros2_ws/src/install/kobuki_core/include/kobuki_core/packets/firmware.hpp
[46.615s] -- Installing: /home/ri-one/ros2_ws/src/install/kobuki_core/include/kobuki_core/packets/cliff.hpp
[46.616s] -- Installing: /home/ri-one/ros2_ws/src/install/kobuki_core/include/kobuki_core/packets/three_axis_gyro.hpp
[46.616s] -- Installing: /home/ri-one/ros2_ws/src/install/kobuki_core/include/kobuki_core/packets/current.hpp
[46.616s] -- Installing: /home/ri-one/ros2_ws/src/install/kobuki_core/include/kobuki_core/packets/inertia.hpp
[46.616s] -- Installing: /home/ri-one/ros2_ws/src/install/kobuki_core/include/kobuki_core/logging.hpp
[46.616s] -- Installing: /home/ri-one/ros2_ws/src/install/kobuki_core/include/kobuki_core/modules
[46.616s] -- Installing: /home/ri-one/ros2_ws/src/install/kobuki_core/include/kobuki_core/modules/battery.hpp
[46.616s] -- Installing: /home/ri-one/ros2_ws/src/install/kobuki_core/include/kobuki_core/modules/digital_output.hpp
[46.617s] -- Installing: /home/ri-one/ros2_ws/src/install/kobuki_core/include/kobuki_core/modules/led_array.hpp
[46.617s] -- Installing: /home/ri-one/ros2_ws/src/install/kobuki_core/include/kobuki_core/modules/diff_drive.hpp
[46.617s] -- Installing: /home/ri-one/ros2_ws/src/install/kobuki_core/include/kobuki_core/modules/sound.hpp
[46.617s] -- Installing: /home/ri-one/ros2_ws/src/install/kobuki_core/include/kobuki_core/modules/acceleration_limiter.hpp
[46.617s] -- Installing: /home/ri-one/ros2_ws/src/install/kobuki_core/include/kobuki_core/macros.hpp
[46.617s] -- Installing: /home/ri-one/ros2_ws/src/install/kobuki_core/include/kobuki_core/packet_handler
[46.617s] -- Installing: /home/ri-one/ros2_ws/src/install/kobuki_core/include/kobuki_core/packet_handler/payload_headers.hpp
[46.618s] -- Installing: /home/ri-one/ros2_ws/src/install/kobuki_core/include/kobuki_core/packet_handler/payload_base.hpp
[46.618s] -- Installing: /home/ri-one/ros2_ws/src/install/kobuki_core/include/kobuki_core/packet_handler/packet_finder.hpp
[46.618s] -- Installing: /home/ri-one/ros2_ws/src/install/kobuki_core/include/kobuki_core/packets.hpp
[46.618s] -- Installing: /home/ri-one/ros2_ws/src/install/kobuki_core/include/kobuki_core/kobuki.hpp
[46.618s] -- Installing: /home/ri-one/ros2_ws/src/install/kobuki_core/include/kobuki_core/command.hpp
[46.618s] -- Installing: /home/ri-one/ros2_ws/src/install/kobuki_core/include/kobuki_core/event_manager.hpp
[46.619s] -- Installing: /home/ri-one/ros2_ws/src/install/kobuki_core/include/kobuki_core/parameters.hpp
[46.619s] -- Installing: /home/ri-one/ros2_ws/src/install/kobuki_core/include/kobuki_core/modules.hpp
[46.619s] -- Installing: /home/ri-one/ros2_ws/src/install/kobuki_core/include/kobuki_core/version_info.hpp
[46.619s] -- Installing: /home/ri-one/ros2_ws/src/install/kobuki_core/share/kobuki_core/environment/library_path.sh
[46.620s] -- Installing: /home/ri-one/ros2_ws/src/install/kobuki_core/share/kobuki_core/environment/library_path.dsv
[46.620s] -- Installing: /home/ri-one/ros2_ws/src/install/kobuki_core/share/ament_index/resource_index/package_run_dependencies/kobuki_core
[46.621s] -- Installing: /home/ri-one/ros2_ws/src/install/kobuki_core/share/ament_index/resource_index/parent_prefix_path/kobuki_core
[46.621s] -- Installing: /home/ri-one/ros2_ws/src/install/kobuki_core/share/kobuki_core/environment/ament_prefix_path.sh
[46.621s] -- Installing: /home/ri-one/ros2_ws/src/install/kobuki_core/share/kobuki_core/environment/ament_prefix_path.dsv
[46.621s] -- Installing: /home/ri-one/ros2_ws/src/install/kobuki_core/share/kobuki_core/environment/path.sh
[46.622s] -- Installing: /home/ri-one/ros2_ws/src/install/kobuki_core/share/kobuki_core/environment/path.dsv
[46.622s] -- Installing: /home/ri-one/ros2_ws/src/install/kobuki_core/share/kobuki_core/local_setup.bash
[46.622s] -- Installing: /home/ri-one/ros2_ws/src/install/kobuki_core/share/kobuki_core/local_setup.sh
[46.623s] -- Installing: /home/ri-one/ros2_ws/src/install/kobuki_core/share/kobuki_core/local_setup.zsh
[46.623s] -- Installing: /home/ri-one/ros2_ws/src/install/kobuki_core/share/kobuki_core/local_setup.dsv
[46.623s] -- Installing: /home/ri-one/ros2_ws/src/install/kobuki_core/share/kobuki_core/package.dsv
[46.623s] -- Installing: /home/ri-one/ros2_ws/src/install/kobuki_core/share/ament_index/resource_index/packages/kobuki_core
[46.624s] -- Installing: /home/ri-one/ros2_ws/src/install/kobuki_core/share/kobuki_core/cmake/kobuki_coreExport.cmake
[46.624s] -- Installing: /home/ri-one/ros2_ws/src/install/kobuki_core/share/kobuki_core/cmake/kobuki_coreExport-noconfig.cmake
[46.624s] -- Installing: /home/ri-one/ros2_ws/src/install/kobuki_core/share/kobuki_core/cmake/ament_cmake_export_targets-extras.cmake
[46.624s] -- Installing: /home/ri-one/ros2_ws/src/install/kobuki_core/share/kobuki_core/cmake/ament_cmake_export_dependencies-extras.cmake
[46.625s] -- Installing: /home/ri-one/ros2_ws/src/install/kobuki_core/share/kobuki_core/cmake/ament_cmake_export_include_directories-extras.cmake
[46.625s] -- Installing: /home/ri-one/ros2_ws/src/install/kobuki_core/share/kobuki_core/cmake/ament_cmake_export_libraries-extras.cmake
[46.625s] -- Installing: /home/ri-one/ros2_ws/src/install/kobuki_core/share/kobuki_core/cmake/kobuki_coreConfig.cmake
[46.625s] -- Installing: /home/ri-one/ros2_ws/src/install/kobuki_core/share/kobuki_core/cmake/kobuki_coreConfig-version.cmake
[46.626s] -- Installing: /home/ri-one/ros2_ws/src/install/kobuki_core/share/kobuki_core/package.xml
[46.626s] -- Up-to-date: /home/ri-one/ros2_ws/src/install/kobuki_core/include/kobuki_core
[46.626s] -- Up-to-date: /home/ri-one/ros2_ws/src/install/kobuki_core/include/kobuki_core/dock_drive.hpp
[46.627s] -- Up-to-date: /home/ri-one/ros2_ws/src/install/kobuki_core/include/kobuki_core/packets
[46.627s] -- Up-to-date: /home/ri-one/ros2_ws/src/install/kobuki_core/include/kobuki_core/packets/hardware.hpp
[46.627s] -- Up-to-date: /home/ri-one/ros2_ws/src/install/kobuki_core/include/kobuki_core/packets/unique_device_id.hpp
[46.628s] -- Up-to-date: /home/ri-one/ros2_ws/src/install/kobuki_core/include/kobuki_core/packets/core_sensors.hpp
[46.628s] -- Up-to-date: /home/ri-one/ros2_ws/src/install/kobuki_core/include/kobuki_core/packets/gp_input.hpp
[46.628s] -- Up-to-date: /home/ri-one/ros2_ws/src/install/kobuki_core/include/kobuki_core/packets/eeprom.hpp
[46.628s] -- Up-to-date: /home/ri-one/ros2_ws/src/install/kobuki_core/include/kobuki_core/packets/dock_ir.hpp
[46.628s] -- Up-to-date: /home/ri-one/ros2_ws/src/install/kobuki_core/include/kobuki_core/packets/controller_info.hpp
[46.628s] -- Up-to-date: /home/ri-one/ros2_ws/src/install/kobuki_core/include/kobuki_core/packets/firmware.hpp
[46.628s] -- Up-to-date: /home/ri-one/ros2_ws/src/install/kobuki_core/include/kobuki_core/packets/cliff.hpp
[46.629s] -- Up-to-date: /home/ri-one/ros2_ws/src/install/kobuki_core/include/kobuki_core/packets/three_axis_gyro.hpp
[46.629s] -- Up-to-date: /home/ri-one/ros2_ws/src/install/kobuki_core/include/kobuki_core/packets/current.hpp
[46.629s] -- Up-to-date: /home/ri-one/ros2_ws/src/install/kobuki_core/include/kobuki_core/packets/inertia.hpp
[46.629s] -- Up-to-date: /home/ri-one/ros2_ws/src/install/kobuki_core/include/kobuki_core/logging.hpp
[46.629s] -- Up-to-date: /home/ri-one/ros2_ws/src/install/kobuki_core/include/kobuki_core/modules
[46.629s] -- Up-to-date: /home/ri-one/ros2_ws/src/install/kobuki_core/include/kobuki_core/modules/battery.hpp
[46.630s] -- Up-to-date: /home/ri-one/ros2_ws/src/install/kobuki_core/include/kobuki_core/modules/digital_output.hpp
[46.630s] -- Up-to-date: /home/ri-one/ros2_ws/src/install/kobuki_core/include/kobuki_core/modules/led_array.hpp
[46.630s] -- Up-to-date: /home/ri-one/ros2_ws/src/install/kobuki_core/include/kobuki_core/modules/diff_drive.hpp
[46.630s] -- Up-to-date: /home/ri-one/ros2_ws/src/install/kobuki_core/include/kobuki_core/modules/sound.hpp
[46.630s] -- Up-to-date: /home/ri-one/ros2_ws/src/install/kobuki_core/include/kobuki_core/modules/acceleration_limiter.hpp
[46.630s] -- Up-to-date: /home/ri-one/ros2_ws/src/install/kobuki_core/include/kobuki_core/macros.hpp
[46.631s] -- Up-to-date: /home/ri-one/ros2_ws/src/install/kobuki_core/include/kobuki_core/packet_handler
[46.631s] -- Up-to-date: /home/ri-one/ros2_ws/src/install/kobuki_core/include/kobuki_core/packet_handler/payload_headers.hpp
[46.631s] -- Up-to-date: /home/ri-one/ros2_ws/src/install/kobuki_core/include/kobuki_core/packet_handler/payload_base.hpp
[46.631s] -- Up-to-date: /home/ri-one/ros2_ws/src/install/kobuki_core/include/kobuki_core/packet_handler/packet_finder.hpp
[46.631s] -- Up-to-date: /home/ri-one/ros2_ws/src/install/kobuki_core/include/kobuki_core/packets.hpp
[46.631s] -- Up-to-date: /home/ri-one/ros2_ws/src/install/kobuki_core/include/kobuki_core/kobuki.hpp
[46.632s] -- Up-to-date: /home/ri-one/ros2_ws/src/install/kobuki_core/include/kobuki_core/command.hpp
[46.632s] -- Up-to-date: /home/ri-one/ros2_ws/src/install/kobuki_core/include/kobuki_core/event_manager.hpp
[46.632s] -- Up-to-date: /home/ri-one/ros2_ws/src/install/kobuki_core/include/kobuki_core/parameters.hpp
[46.632s] -- Up-to-date: /home/ri-one/ros2_ws/src/install/kobuki_core/include/kobuki_core/modules.hpp
[46.632s] -- Up-to-date: /home/ri-one/ros2_ws/src/install/kobuki_core/include/kobuki_core/version_info.hpp
[46.632s] -- Installing: /home/ri-one/ros2_ws/src/install/kobuki_core/lib/libkobuki_core.so.1.4.0
[46.633s] -- Set runtime path of "/home/ri-one/ros2_ws/src/install/kobuki_core/lib/libkobuki_core.so.1.4.0" to ""
[46.634s] -- Installing: /home/ri-one/ros2_ws/src/install/kobuki_core/lib/libkobuki_core.so
[46.634s] -- Installing: /home/ri-one/ros2_ws/src/install/kobuki_core/lib/kobuki_core/demo_buttons
[46.636s] -- Set runtime path of "/home/ri-one/ros2_ws/src/install/kobuki_core/lib/kobuki_core/demo_buttons" to ""
[46.636s] -- Installing: /home/ri-one/ros2_ws/src/install/kobuki_core/lib/kobuki_core/demo_chirp
[46.637s] -- Set runtime path of "/home/ri-one/ros2_ws/src/install/kobuki_core/lib/kobuki_core/demo_chirp" to ""
[46.637s] -- Installing: /home/ri-one/ros2_ws/src/install/kobuki_core/lib/kobuki_core/demo_custom_logging
[46.638s] -- Set runtime path of "/home/ri-one/ros2_ws/src/install/kobuki_core/lib/kobuki_core/demo_custom_logging" to ""
[46.638s] -- Installing: /home/ri-one/ros2_ws/src/install/kobuki_core/lib/kobuki_core/demo_data_stream
[46.639s] -- Set runtime path of "/home/ri-one/ros2_ws/src/install/kobuki_core/lib/kobuki_core/demo_data_stream" to ""
[46.640s] -- Installing: /home/ri-one/ros2_ws/src/install/kobuki_core/lib/kobuki_core/demo_log_levels
[46.641s] -- Set runtime path of "/home/ri-one/ros2_ws/src/install/kobuki_core/lib/kobuki_core/demo_log_levels" to ""
[46.641s] -- Installing: /home/ri-one/ros2_ws/src/install/kobuki_core/lib/kobuki_core/demo_raw_data_stream
[46.642s] -- Set runtime path of "/home/ri-one/ros2_ws/src/install/kobuki_core/lib/kobuki_core/demo_raw_data_stream" to ""
[46.642s] -- Installing: /home/ri-one/ros2_ws/src/install/kobuki_core/lib/kobuki_core/demo_simple_loop
[46.643s] -- Set runtime path of "/home/ri-one/ros2_ws/src/install/kobuki_core/lib/kobuki_core/demo_simple_loop" to ""
[46.644s] -- Installing: /home/ri-one/ros2_ws/src/install/kobuki_core/lib/kobuki_core/demo_velocity_commands
[46.644s] -- Set runtime path of "/home/ri-one/ros2_ws/src/install/kobuki_core/lib/kobuki_core/demo_velocity_commands" to ""
[46.645s] -- Installing: /home/ri-one/ros2_ws/src/install/kobuki_core/bin/kobuki-version-info
[46.646s] -- Set runtime path of "/home/ri-one/ros2_ws/src/install/kobuki_core/bin/kobuki-version-info" to ""
[46.646s] -- Installing: /home/ri-one/ros2_ws/src/install/kobuki_core/bin/kobuki-simple-keyop
[46.647s] -- Set runtime path of "/home/ri-one/ros2_ws/src/install/kobuki_core/bin/kobuki-simple-keyop" to ""
[46.651s] Invoked command in '/home/ri-one/ros2_ws/src/build/kobuki_core' returned '0': AMENT_PREFIX_PATH=/home/ri-one/ros2_ws/src/install/ecl_mobile_robot:/home/ri-one/ros2_ws/src/install/ecl_geometry:/home/ri-one/ros2_ws/src/install/ecl_devices:/home/ri-one/ros2_ws/src/install/ecl_sigslots:/home/ri-one/ros2_ws/src/install/ecl_linear_algebra:/home/ri-one/ros2_ws/src/install/ecl_containers:/home/ri-one/ros2_ws/src/install/ecl_threads:/home/ri-one/ros2_ws/src/install/ecl_formatters:/home/ri-one/ros2_ws/src/install/ecl_utilities:/home/ri-one/ros2_ws/src/install/ecl_time:/home/ri-one/ros2_ws/src/install/ecl_converters:/home/ri-one/ros2_ws/src/install/ecl_time_lite:/home/ri-one/ros2_ws/src/install/ecl_math:/home/ri-one/ros2_ws/src/install/ecl_exceptions:/home/ri-one/ros2_ws/src/install/ecl_concepts:/home/ri-one/ros2_ws/src/install/ecl_type_traits:/home/ri-one/ros2_ws/src/install/ecl_errors:/home/ri-one/ros2_ws/src/install/ecl_console:/home/ri-one/ros2_ws/src/install/ecl_mpl:/home/ri-one/ros2_ws/src/install/ecl_eigen:/home/ri-one/ros2_ws/src/install/ecl_config:/home/ri-one/ros2_ws/src/install/ecl_command_line:${AMENT_PREFIX_PATH} CMAKE_PREFIX_PATH=/home/ri-one/ros2_ws/src/install/ecl_mobile_robot:/home/ri-one/ros2_ws/src/install/ecl_geometry:/home/ri-one/ros2_ws/src/install/ecl_devices:/home/ri-one/ros2_ws/src/install/ecl_sigslots:/home/ri-one/ros2_ws/src/install/ecl_linear_algebra:/home/ri-one/ros2_ws/src/install/ecl_containers:/home/ri-one/ros2_ws/src/install/ecl_threads:/home/ri-one/ros2_ws/src/install/ecl_formatters:/home/ri-one/ros2_ws/src/install/ecl_utilities:/home/ri-one/ros2_ws/src/install/ecl_time:/home/ri-one/ros2_ws/src/install/ecl_converters:/home/ri-one/ros2_ws/src/install/ecl_time_lite:/home/ri-one/ros2_ws/src/install/ecl_math:/home/ri-one/ros2_ws/src/install/ecl_exceptions:/home/ri-one/ros2_ws/src/install/ecl_concepts:/home/ri-one/ros2_ws/src/install/ecl_type_traits:/home/ri-one/ros2_ws/src/install/ecl_errors:/home/ri-one/ros2_ws/src/install/ecl_console:/home/ri-one/ros2_ws/src/install/ecl_mpl:/home/ri-one/ros2_ws/src/install/ecl_eigen:/home/ri-one/ros2_ws/src/install/ecl_config:/home/ri-one/ros2_ws/src/install/ecl_command_line:/opt/ros/humble LD_LIBRARY_PATH=/home/ri-one/ros2_ws/src/install/ecl_mobile_robot/lib:/home/ri-one/ros2_ws/src/install/ecl_geometry/lib:/home/ri-one/ros2_ws/src/install/ecl_devices/lib:/home/ri-one/ros2_ws/src/install/ecl_linear_algebra/lib:/home/ri-one/ros2_ws/src/install/ecl_threads/lib:/home/ri-one/ros2_ws/src/install/ecl_formatters/lib:/home/ri-one/ros2_ws/src/install/ecl_time/lib:/home/ri-one/ros2_ws/src/install/ecl_time_lite/lib:/home/ri-one/ros2_ws/src/install/ecl_exceptions/lib:/home/ri-one/ros2_ws/src/install/ecl_type_traits/lib:/home/ri-one/ros2_ws/src/install/ecl_errors/lib:${LD_LIBRARY_PATH} PATH=/home/ri-one/ros2_ws/src/install/ecl_type_traits/bin:/home/ri-one/ros2_ws/src/install/ecl_config/bin:${PATH} /usr/bin/cmake --install /home/ri-one/ros2_ws/src/build/kobuki_core
