-- The C compiler identification is GNU 11.4.0
-- The CXX compiler identification is GNU 11.4.0
-- Detecting C compiler ABI info
-- Detecting C compiler ABI info - done
-- Check for working C compiler: /usr/bin/cc - skipped
-- Detecting C compile features
-- Detecting C compile features - done
-- Detecting CXX compiler ABI info
-- Detecting CXX compiler ABI info - done
-- Check for working CXX compiler: /usr/bin/c++ - skipped
-- Detecting CXX compile features
-- Detecting CXX compile features - done
-- Found ament_cmake_ros: 0.10.0 (/opt/ros/humble/share/ament_cmake_ros/cmake)
-- Found Python3: /usr/bin/python3 (found version "3.10.12") found components: Interpreter 
-- Override CMake install command with custom implementation using symlinks instead of copying resources
-- Found ecl_build: 1.0.3 (/opt/ros/humble/share/ecl_build/cmake)
-- Found ecl_command_line: 1.2.1 (/home/ri-one/ri_one_master_ws/install/ecl_command_line/share/ecl_command_line/cmake)
-- Found ecl_config: 1.2.0 (/home/ri-one/ri_one_master_ws/install/ecl_config/share/ecl_config/cmake)
-- Found ecl_console: 1.2.0 (/home/ri-one/ri_one_master_ws/install/ecl_console/share/ecl_console/cmake)
-- Found ecl_converters: 1.2.1 (/home/ri-one/ri_one_master_ws/install/ecl_converters/share/ecl_converters/cmake)
-- Found ecl_devices: 1.2.1 (/home/ri-one/ri_one_master_ws/install/ecl_devices/share/ecl_devices/cmake)
-- Looking for pthread.h
-- Looking for pthread.h - found
-- Performing Test CMAKE_HAVE_LIBC_PTHREAD
-- Performing Test CMAKE_HAVE_LIBC_PTHREAD - Success
-- Found Threads: TRUE  
-- Found ecl_geometry: 1.2.1 (/home/ri-one/ri_one_master_ws/install/ecl_geometry/share/ecl_geometry/cmake)
-- Found ecl_mobile_robot: 1.2.1 (/home/ri-one/ri_one_master_ws/install/ecl_mobile_robot/share/ecl_mobile_robot/cmake)
-- Found ecl_sigslots: 1.2.1 (/home/ri-one/ri_one_master_ws/install/ecl_sigslots/share/ecl_sigslots/cmake)
-- Configuring done
-- Generating done
-- Build files have been written to: /home/ri-one/ri_one_master_ws/build/kobuki_core
[  2%] [32mBuilding CXX object src/driver/CMakeFiles/kobuki_core.dir/battery.cpp.o[0m
[  5%] [32mBuilding CXX object src/driver/CMakeFiles/kobuki_core.dir/command.cpp.o[0m
[  8%] [32mBuilding CXX object src/driver/CMakeFiles/kobuki_core.dir/diff_drive.cpp.o[0m
[ 11%] [32mBuilding CXX object src/driver/CMakeFiles/kobuki_core.dir/core_sensors.cpp.o[0m
[ 14%] [32mBuilding CXX object src/driver/CMakeFiles/kobuki_core.dir/dock_drive.cpp.o[0m
[ 17%] [32mBuilding CXX object src/driver/CMakeFiles/kobuki_core.dir/dock_drive_debug.cpp.o[0m
[ 20%] [32mBuilding CXX object src/driver/CMakeFiles/kobuki_core.dir/dock_drive_states.cpp.o[0m
[ 23%] [32mBuilding CXX object src/driver/CMakeFiles/kobuki_core.dir/event_manager.cpp.o[0m
[ 26%] [32mBuilding CXX object src/driver/CMakeFiles/kobuki_core.dir/firmware.cpp.o[0m
[ 29%] [32mBuilding CXX object src/driver/CMakeFiles/kobuki_core.dir/kobuki.cpp.o[0m
[ 32%] [32mBuilding CXX object src/driver/CMakeFiles/kobuki_core.dir/logging.cpp.o[0m
[ 35%] [32mBuilding CXX object src/driver/CMakeFiles/kobuki_core.dir/packet_finder.cpp.o[0m
[ 38%] [32mBuilding CXX object src/driver/CMakeFiles/kobuki_core.dir/__/__/version_info.cpp.o[0m
[ 41%] [32m[1mLinking CXX shared library libkobuki_core.so[0m
[ 41%] Built target kobuki_core
[ 47%] [32mBuilding CXX object src/demos/CMakeFiles/kobuki_core_demo_chirp.dir/chirp.cpp.o[0m
[ 47%] [32mBuilding CXX object src/demos/CMakeFiles/kobuki_core_demo_buttons.dir/buttons.cpp.o[0m
[ 50%] [32mBuilding CXX object src/demos/CMakeFiles/kobuki_core_demo_custom_logging.dir/custom_logging.cpp.o[0m
[ 52%] [32mBuilding CXX object src/demos/CMakeFiles/kobuki_core_demo_data_stream.dir/data_stream.cpp.o[0m
[ 55%] [32m[1mLinking CXX executable demo_chirp[0m
[ 55%] Built target kobuki_core_demo_chirp
[ 58%] [32m[1mLinking CXX executable demo_data_stream[0m
[ 61%] [32m[1mLinking CXX executable demo_custom_logging[0m
[ 64%] [32mBuilding CXX object src/demos/CMakeFiles/kobuki_core_demo_log_levels.dir/log_levels.cpp.o[0m
[ 67%] [32m[1mLinking CXX executable demo_buttons[0m
[ 67%] Built target kobuki_core_demo_data_stream
[ 67%] Built target kobuki_core_demo_custom_logging
[ 70%] [32mBuilding CXX object src/demos/CMakeFiles/kobuki_core_demo_raw_data_stream.dir/raw_data_stream.cpp.o[0m
[ 73%] [32mBuilding CXX object src/demos/CMakeFiles/kobuki_core_demo_simple_loop.dir/simple_loop.cpp.o[0m
[ 73%] Built target kobuki_core_demo_buttons
[ 76%] [32mBuilding CXX object src/demos/CMakeFiles/kobuki_core_demo_velocity_commands.dir/velocity_commands.cpp.o[0m
[ 79%] [32m[1mLinking CXX executable demo_velocity_commands[0m
[ 79%] Built target kobuki_core_demo_velocity_commands
[ 82%] [32mBuilding CXX object src/tools/CMakeFiles/kobuki_core_tool_version_info.dir/version_info.cpp.o[0m
[ 85%] [32m[1mLinking CXX executable demo_log_levels[0m
[ 85%] Built target kobuki_core_demo_log_levels
[ 88%] [32mBuilding CXX object src/tools/CMakeFiles/kobuki_core_tool_simple_keyop.dir/simple_keyop.cpp.o[0m
[ 91%] [32m[1mLinking CXX executable demo_simple_loop[0m
[ 94%] [32m[1mLinking CXX executable demo_raw_data_stream[0m
[ 94%] Built target kobuki_core_demo_simple_loop
[ 94%] Built target kobuki_core_demo_raw_data_stream
[ 97%] [32m[1mLinking CXX executable kobuki-version-info[0m
[ 97%] Built target kobuki_core_tool_version_info
[100%] [32m[1mLinking CXX executable kobuki-simple-keyop[0m
[100%] Built target kobuki_core_tool_simple_keyop
